running: {'--uuid': '05ebb9431c21567cb9aa403f53331aef', '-db-root': '/home/ryedida/bbo_challenge_starter_kit/output', '--opt-root': '/home/ryedida/bbo_challenge_starter_kit/example_submissions', '--data-root': None, '--db': 'run_20231013_221308', '--opt': 'strongcvx', '--data': 'digits', '--classifier': 'MLP-adam', '--metric': 'nll', '--calls': 45, '--suggestions': 1, '--jobs-file': None, '--verbose': False, 'dry_run': False, 'rev': 'a376313', 'opt_rev': 'x.x.x'}
cmd: python strongcvx/optimizer.py -c MLP-adam -d digits -o strongcvx -u 05ebb9431c21567cb9aa403f53331aef -m nll -n 45 -p 1 -dir /home/ryedida/bbo_challenge_starter_kit/output -b run_20231013_221308
/home/ryedida/.local/lib/python3.8/site-packages/sklearn/neural_network/_multilayer_perceptron.py:621: UserWarning: Got `batch_size` less than 1 or larger than sample size. It is going to be clipped
  warnings.warn(

/home/ryedida/.local/lib/python3.8/site-packages/sklearn/neural_network/_multilayer_perceptron.py:702: ConvergenceWarning: Stochastic Optimizer: Maximum iterations (200) reached and the optimization hasn't converged yet.
  warnings.warn(

computed signature: ([{'alpha': 0.019628224813442792, 'batch_size': 182, 'beta_1': 0.9410202200271762, 'beta_2': 0.9998021557676793, 'epsilon': 1.8662266976518e-08, 'hidden_layer_sizes': 147, 'learning_rate_init': 0.0005627932047415167, 'tol': 0.03690557729213761, 'validation_fraction': 0.8846827852548593}, {'alpha': 0.001998246739232944, 'batch_size': 200, 'beta_1': 0.919111482530466, 'beta_2': 0.9998488260436156, 'epsilon': 5.981221901152555e-07, 'hidden_layer_sizes': 61, 'learning_rate_init': 2.2310905607443014e-05, 'tol': 1.2046852412030316e-05, 'validation_fraction': 0.8117896445826539}, {'alpha': 0.46659545670218433, 'batch_size': 219, 'beta_1': 0.9889789783750891, 'beta_2': 0.9999896868093284, 'epsilon': 2.4234724484675948e-08, 'hidden_layer_sizes': 167, 'learning_rate_init': 2.972334644335654e-05, 'tol': 0.0036281404040243792, 'validation_fraction': 0.17260651658522078}, {'alpha': 4.656005689076002, 'batch_size': 135, 'beta_1': 0.870503881627747, 'beta_2': 0.9948873266941017, 'epsilon': 2.1023308743480125e-07, 'hidden_layer_sizes': 118, 'learning_rate_init': 0.001878173875716191, 'tol': 1.1889379831773006e-05, 'validation_fraction': 0.6264327093752792}, {'alpha': 0.04705159350400542, 'batch_size': 158, 'beta_1': 0.9870884262730957, 'beta_2': 0.9999596874382349, 'epsilon': 1.1981845126013875e-08, 'hidden_layer_sizes': 116, 'learning_rate_init': 0.006173405204074311, 'tol': 1.7414134181586194e-05, 'validation_fraction': 0.6754299026638921}], [4.8709522768835765, 9.710667750887517, 5.950791832993735, 0.19438427080405424, 0.25190216699945633])
/home/ryedida/.local/lib/python3.8/site-packages/bayesmark/experiment.py:470: UserWarning: Baselines not found. Will not log intermediate scores.
  warnings.warn("Baselines not found. Will not log intermediate scores.")

starting sklearn study strongcvx MLP-adam digits nll 45 1
with data root: None
suggestion time taken 19.407445 iter 0 next_points [{'alpha': 1.5955896064528208, 'batch_size': 65, 'beta_1': 0.9107432093788196, 'beta_2': 0.9975289098924077, 'epsilon': 3.548760597401373e-08, 'hidden_layer_sizes': 152, 'learning_rate_init': 0.0036362886237527483, 'tol': 7.632263227786049e-05, 'validation_fraction': 0.6961643135005801}]
function_evaluation time 4.190906 value 0.178720 suggestion {'alpha': 1.5955896064528208, 'batch_size': 65, 'beta_1': 0.9107432093788196, 'beta_2': 0.9975289098924077, 'epsilon': 3.548760597401373e-08, 'hidden_layer_sizes': 152, 'learning_rate_init': 0.0036362886237527483, 'tol': 7.632263227786049e-05, 'validation_fraction': 0.6961643135005801}
observation time 0.000007, current best 0.178720 at iter 0
suggestion time taken 21.809952 iter 1 next_points [{'alpha': 0.13915803283057213, 'batch_size': 26, 'beta_1': 0.811457164101556, 'beta_2': 0.9843989610831089, 'epsilon': 1.2716324058937549e-07, 'hidden_layer_sizes': 117, 'learning_rate_init': 0.007942828397399631, 'tol': 0.023384904772397536, 'validation_fraction': 0.7579697870520403}]
function_evaluation time 1.821109 value 0.215427 suggestion {'alpha': 0.13915803283057213, 'batch_size': 26, 'beta_1': 0.811457164101556, 'beta_2': 0.9843989610831089, 'epsilon': 1.2716324058937549e-07, 'hidden_layer_sizes': 117, 'learning_rate_init': 0.007942828397399631, 'tol': 0.023384904772397536, 'validation_fraction': 0.7579697870520403}
observation time 0.000007, current best 0.178720 at iter 1
suggestion time taken 20.249808 iter 2 next_points [{'alpha': 0.005757421346927804, 'batch_size': 205, 'beta_1': 0.6568097504837338, 'beta_2': 0.963082871892924, 'epsilon': 3.917032514173024e-09, 'hidden_layer_sizes': 148, 'learning_rate_init': 0.00038211644992383934, 'tol': 1.2284114805425459e-05, 'validation_fraction': 0.5382947159752143}]
function_evaluation time 10.012189 value 0.128259 suggestion {'alpha': 0.005757421346927804, 'batch_size': 205, 'beta_1': 0.6568097504837338, 'beta_2': 0.963082871892924, 'epsilon': 3.917032514173024e-09, 'hidden_layer_sizes': 148, 'learning_rate_init': 0.00038211644992383934, 'tol': 1.2284114805425459e-05, 'validation_fraction': 0.5382947159752143}
observation time 0.000007, current best 0.128259 at iter 2
suggestion time taken 20.268529 iter 3 next_points [{'alpha': 0.012016182999994662, 'batch_size': 65, 'beta_1': 0.9711519790327726, 'beta_2': 0.999900001640988, 'epsilon': 8.582601353476229e-09, 'hidden_layer_sizes': 53, 'learning_rate_init': 0.024015727103051047, 'tol': 0.00026927252911364036, 'validation_fraction': 0.8929793739603533}]
function_evaluation time 1.945794 value 1.122657 suggestion {'alpha': 0.012016182999994662, 'batch_size': 65, 'beta_1': 0.9711519790327726, 'beta_2': 0.999900001640988, 'epsilon': 8.582601353476229e-09, 'hidden_layer_sizes': 53, 'learning_rate_init': 0.024015727103051047, 'tol': 0.00026927252911364036, 'validation_fraction': 0.8929793739603533}
observation time 0.000007, current best 0.128259 at iter 3
suggestion time taken 21.550676 iter 4 next_points [{'alpha': 0.27567237158826163, 'batch_size': 28, 'beta_1': 0.9108450310207725, 'beta_2': 0.9976876704491692, 'epsilon': 1.8045066654356724e-09, 'hidden_layer_sizes': 64, 'learning_rate_init': 0.005315646125314309, 'tol': 0.0017708715517690198, 'validation_fraction': 0.10998817603475886}]
function_evaluation time 5.328303 value 0.135708 suggestion {'alpha': 0.27567237158826163, 'batch_size': 28, 'beta_1': 0.9108450310207725, 'beta_2': 0.9976876704491692, 'epsilon': 1.8045066654356724e-09, 'hidden_layer_sizes': 64, 'learning_rate_init': 0.005315646125314309, 'tol': 0.0017708715517690198, 'validation_fraction': 0.10998817603475886}
observation time 0.000010, current best 0.128259 at iter 4
suggestion time taken 19.641423 iter 5 next_points [{'alpha': 2.7748376686368352e-05, 'batch_size': 179, 'beta_1': 0.9510526829892192, 'beta_2': 0.9363780182331506, 'epsilon': 8.609968293483157e-08, 'hidden_layer_sizes': 94, 'learning_rate_init': 2.3880215614650227e-05, 'tol': 0.01572141176933897, 'validation_fraction': 0.7798435463792119}]
function_evaluation time 0.542186 value 9.589487 suggestion {'alpha': 2.7748376686368352e-05, 'batch_size': 179, 'beta_1': 0.9510526829892192, 'beta_2': 0.9363780182331506, 'epsilon': 8.609968293483157e-08, 'hidden_layer_sizes': 94, 'learning_rate_init': 2.3880215614650227e-05, 'tol': 0.01572141176933897, 'validation_fraction': 0.7798435463792119}
observation time 0.000006, current best 0.128259 at iter 5
suggestion time taken 18.115946 iter 6 next_points [{'alpha': 2.283661163999526, 'batch_size': 238, 'beta_1': 0.780616589172142, 'beta_2': 0.9099466950951647, 'epsilon': 4.599535608404024e-08, 'hidden_layer_sizes': 53, 'learning_rate_init': 0.04345356618335668, 'tol': 0.08424989804090947, 'validation_fraction': 0.8915530707495379}]
/home/ryedida/.local/lib/python3.8/site-packages/sklearn/neural_network/_multilayer_perceptron.py:621: UserWarning: Got `batch_size` less than 1 or larger than sample size. It is going to be clipped
  warnings.warn(

function_evaluation time 0.500467 value 0.866223 suggestion {'alpha': 2.283661163999526, 'batch_size': 238, 'beta_1': 0.780616589172142, 'beta_2': 0.9099466950951647, 'epsilon': 4.599535608404024e-08, 'hidden_layer_sizes': 53, 'learning_rate_init': 0.04345356618335668, 'tol': 0.08424989804090947, 'validation_fraction': 0.8915530707495379}
observation time 0.000006, current best 0.128259 at iter 6
suggestion time taken 18.328056 iter 7 next_points [{'alpha': 0.0002660897112408153, 'batch_size': 17, 'beta_1': 0.9354876087928398, 'beta_2': 0.9986771671952808, 'epsilon': 4.246044532937206e-07, 'hidden_layer_sizes': 52, 'learning_rate_init': 2.796871266514356e-05, 'tol': 3.4150649693602475e-05, 'validation_fraction': 0.893288065523112}]
/home/ryedida/.local/lib/python3.8/site-packages/sklearn/neural_network/_multilayer_perceptron.py:702: ConvergenceWarning: Stochastic Optimizer: Maximum iterations (200) reached and the optimization hasn't converged yet.
  warnings.warn(

function_evaluation time 4.774381 value 9.034291 suggestion {'alpha': 0.0002660897112408153, 'batch_size': 17, 'beta_1': 0.9354876087928398, 'beta_2': 0.9986771671952808, 'epsilon': 4.246044532937206e-07, 'hidden_layer_sizes': 52, 'learning_rate_init': 2.796871266514356e-05, 'tol': 3.4150649693602475e-05, 'validation_fraction': 0.893288065523112}
observation time 0.000006, current best 0.128259 at iter 7
suggestion time taken 17.577282 iter 8 next_points [{'alpha': 0.00897766329136837, 'batch_size': 205, 'beta_1': 0.9783648875915639, 'beta_2': 0.9999869213866149, 'epsilon': 6.4118725587504985e-09, 'hidden_layer_sizes': 76, 'learning_rate_init': 0.0012812682321054652, 'tol': 0.017467943078372725, 'validation_fraction': 0.3778657169348653}]
function_evaluation time 1.798523 value 0.301490 suggestion {'alpha': 0.00897766329136837, 'batch_size': 205, 'beta_1': 0.9783648875915639, 'beta_2': 0.9999869213866149, 'epsilon': 6.4118725587504985e-09, 'hidden_layer_sizes': 76, 'learning_rate_init': 0.0012812682321054652, 'tol': 0.017467943078372725, 'validation_fraction': 0.3778657169348653}
observation time 0.000007, current best 0.128259 at iter 8
suggestion time taken 18.193312 iter 9 next_points [{'alpha': 0.029364246856083256, 'batch_size': 41, 'beta_1': 0.5198595809106391, 'beta_2': 0.9999803331509698, 'epsilon': 2.228041298471932e-08, 'hidden_layer_sizes': 77, 'learning_rate_init': 0.005017470522297849, 'tol': 1.0687958121811832e-05, 'validation_fraction': 0.46591198615038515}]
function_evaluation time 5.478937 value 0.154126 suggestion {'alpha': 0.029364246856083256, 'batch_size': 41, 'beta_1': 0.5198595809106391, 'beta_2': 0.9999803331509698, 'epsilon': 2.228041298471932e-08, 'hidden_layer_sizes': 77, 'learning_rate_init': 0.005017470522297849, 'tol': 1.0687958121811832e-05, 'validation_fraction': 0.46591198615038515}
observation time 0.000005, current best 0.128259 at iter 9
suggestion time taken 17.154357 iter 10 next_points [{'alpha': 0.09611045098693356, 'batch_size': 35, 'beta_1': 0.6687618230857945, 'beta_2': 0.9563933770632125, 'epsilon': 3.0528682427673704e-08, 'hidden_layer_sizes': 86, 'learning_rate_init': 0.009469887623408632, 'tol': 0.009212019874522954, 'validation_fraction': 0.8258720214703495}]
function_evaluation time 1.293525 value 0.316876 suggestion {'alpha': 0.09611045098693356, 'batch_size': 35, 'beta_1': 0.6687618230857945, 'beta_2': 0.9563933770632125, 'epsilon': 3.0528682427673704e-08, 'hidden_layer_sizes': 86, 'learning_rate_init': 0.009469887623408632, 'tol': 0.009212019874522954, 'validation_fraction': 0.8258720214703495}
observation time 0.000006, current best 0.128259 at iter 10
suggestion time taken 19.224558 iter 11 next_points [{'alpha': 0.05348802797360485, 'batch_size': 27, 'beta_1': 0.676428876856806, 'beta_2': 0.9992544516056043, 'epsilon': 2.9384176439942303e-09, 'hidden_layer_sizes': 56, 'learning_rate_init': 0.006158294543665475, 'tol': 1.0964005412234948e-05, 'validation_fraction': 0.6692231621625987}]
function_evaluation time 4.160640 value 0.218532 suggestion {'alpha': 0.05348802797360485, 'batch_size': 27, 'beta_1': 0.676428876856806, 'beta_2': 0.9992544516056043, 'epsilon': 2.9384176439942303e-09, 'hidden_layer_sizes': 56, 'learning_rate_init': 0.006158294543665475, 'tol': 1.0964005412234948e-05, 'validation_fraction': 0.6692231621625987}
observation time 0.000006, current best 0.128259 at iter 11
suggestion time taken 17.987989 iter 12 next_points [{'alpha': 0.01083390798765286, 'batch_size': 35, 'beta_1': 0.9322856140877529, 'beta_2': 0.99945801647424, 'epsilon': 1.2992246918779647e-09, 'hidden_layer_sizes': 104, 'learning_rate_init': 1.8724905684290526e-05, 'tol': 0.0018308611821686365, 'validation_fraction': 0.5529119796801771}]
function_evaluation time 11.979628 value 4.288925 suggestion {'alpha': 0.01083390798765286, 'batch_size': 35, 'beta_1': 0.9322856140877529, 'beta_2': 0.99945801647424, 'epsilon': 1.2992246918779647e-09, 'hidden_layer_sizes': 104, 'learning_rate_init': 1.8724905684290526e-05, 'tol': 0.0018308611821686365, 'validation_fraction': 0.5529119796801771}
observation time 0.000006, current best 0.128259 at iter 12
suggestion time taken 21.319645 iter 13 next_points [{'alpha': 9.797486917554673, 'batch_size': 14, 'beta_1': 0.8612960521697876, 'beta_2': 0.9602502676207249, 'epsilon': 6.645058186410218e-08, 'hidden_layer_sizes': 72, 'learning_rate_init': 0.0004970405030572222, 'tol': 2.3152741198862687e-05, 'validation_fraction': 0.4682330698723081}]
function_evaluation time 7.734748 value 0.573882 suggestion {'alpha': 9.797486917554673, 'batch_size': 14, 'beta_1': 0.8612960521697876, 'beta_2': 0.9602502676207249, 'epsilon': 6.645058186410218e-08, 'hidden_layer_sizes': 72, 'learning_rate_init': 0.0004970405030572222, 'tol': 2.3152741198862687e-05, 'validation_fraction': 0.4682330698723081}
observation time 0.000007, current best 0.128259 at iter 13
suggestion time taken 20.095107 iter 14 next_points [{'alpha': 0.003459300233746593, 'batch_size': 41, 'beta_1': 0.9895809987744317, 'beta_2': 0.9605141166539961, 'epsilon': 1.6336482929020548e-08, 'hidden_layer_sizes': 84, 'learning_rate_init': 0.0011273324470518738, 'tol': 0.007855003008203605, 'validation_fraction': 0.14328374618639833}]
function_evaluation time 5.430054 value 0.175727 suggestion {'alpha': 0.003459300233746593, 'batch_size': 41, 'beta_1': 0.9895809987744317, 'beta_2': 0.9605141166539961, 'epsilon': 1.6336482929020548e-08, 'hidden_layer_sizes': 84, 'learning_rate_init': 0.0011273324470518738, 'tol': 0.007855003008203605, 'validation_fraction': 0.14328374618639833}
observation time 0.000006, current best 0.128259 at iter 14
suggestion time taken 21.105858 iter 15 next_points [{'alpha': 0.00048408566279424926, 'batch_size': 205, 'beta_1': 0.5323256168150144, 'beta_2': 0.9999791310671555, 'epsilon': 4.852894056822228e-07, 'hidden_layer_sizes': 175, 'learning_rate_init': 1.0721632598844987e-05, 'tol': 0.0002256884197925501, 'validation_fraction': 0.6243755996398906}]
function_evaluation time 6.214278 value 6.507894 suggestion {'alpha': 0.00048408566279424926, 'batch_size': 205, 'beta_1': 0.5323256168150144, 'beta_2': 0.9999791310671555, 'epsilon': 4.852894056822228e-07, 'hidden_layer_sizes': 175, 'learning_rate_init': 1.0721632598844987e-05, 'tol': 0.0002256884197925501, 'validation_fraction': 0.6243755996398906}
observation time 0.000009, current best 0.128259 at iter 15
suggestion time taken 21.999428 iter 16 next_points [{'alpha': 0.00012326763572217757, 'batch_size': 13, 'beta_1': 0.5675896393786939, 'beta_2': 0.9997793945364596, 'epsilon': 1.04708237989659e-08, 'hidden_layer_sizes': 167, 'learning_rate_init': 0.00010221365915577025, 'tol': 0.0005054296543125757, 'validation_fraction': 0.2664177967171648}]
function_evaluation time 39.957748 value 0.136444 suggestion {'alpha': 0.00012326763572217757, 'batch_size': 13, 'beta_1': 0.5675896393786939, 'beta_2': 0.9997793945364596, 'epsilon': 1.04708237989659e-08, 'hidden_layer_sizes': 167, 'learning_rate_init': 0.00010221365915577025, 'tol': 0.0005054296543125757, 'validation_fraction': 0.2664177967171648}
observation time 0.000006, current best 0.128259 at iter 16
suggestion time taken 20.270530 iter 17 next_points [{'alpha': 0.014662118065638914, 'batch_size': 53, 'beta_1': 0.9162715301672547, 'beta_2': 0.9903674426773087, 'epsilon': 6.368733720924498e-08, 'hidden_layer_sizes': 65, 'learning_rate_init': 0.06507855254080368, 'tol': 0.008837695132996346, 'validation_fraction': 0.10769985153023806}]
function_evaluation time 4.367768 value 1.193534 suggestion {'alpha': 0.014662118065638914, 'batch_size': 53, 'beta_1': 0.9162715301672547, 'beta_2': 0.9903674426773087, 'epsilon': 6.368733720924498e-08, 'hidden_layer_sizes': 65, 'learning_rate_init': 0.06507855254080368, 'tol': 0.008837695132996346, 'validation_fraction': 0.10769985153023806}
observation time 0.000005, current best 0.128259 at iter 17
suggestion time taken 19.781083 iter 18 next_points [{'alpha': 4.9136349201681506e-05, 'batch_size': 62, 'beta_1': 0.9640859299984332, 'beta_2': 0.9954300864530549, 'epsilon': 8.657662494045102e-07, 'hidden_layer_sizes': 61, 'learning_rate_init': 5.196220221636771e-05, 'tol': 3.989811397495038e-05, 'validation_fraction': 0.7118928678108942}]
/home/ryedida/.local/lib/python3.8/site-packages/sklearn/neural_network/_multilayer_perceptron.py:702: ConvergenceWarning: Stochastic Optimizer: Maximum iterations (200) reached and the optimization hasn't converged yet.
  warnings.warn(

function_evaluation time 9.069315 value 4.964822 suggestion {'alpha': 4.9136349201681506e-05, 'batch_size': 62, 'beta_1': 0.9640859299984332, 'beta_2': 0.9954300864530549, 'epsilon': 8.657662494045102e-07, 'hidden_layer_sizes': 61, 'learning_rate_init': 5.196220221636771e-05, 'tol': 3.989811397495038e-05, 'validation_fraction': 0.7118928678108942}
observation time 0.000007, current best 0.128259 at iter 18
suggestion time taken 18.896704 iter 19 next_points [{'alpha': 1.094676876854852, 'batch_size': 239, 'beta_1': 0.8240832722963615, 'beta_2': 0.999976727481616, 'epsilon': 9.164175843910866e-08, 'hidden_layer_sizes': 179, 'learning_rate_init': 0.015648427642230747, 'tol': 0.0019103533788185222, 'validation_fraction': 0.4119730013638552}]
function_evaluation time 3.676985 value 0.114414 suggestion {'alpha': 1.094676876854852, 'batch_size': 239, 'beta_1': 0.8240832722963615, 'beta_2': 0.999976727481616, 'epsilon': 9.164175843910866e-08, 'hidden_layer_sizes': 179, 'learning_rate_init': 0.015648427642230747, 'tol': 0.0019103533788185222, 'validation_fraction': 0.4119730013638552}
observation time 0.000007, current best 0.114414 at iter 19
suggestion time taken 20.958767 iter 20 next_points [{'alpha': 0.00016285308069816025, 'batch_size': 35, 'beta_1': 0.6387000622953545, 'beta_2': 0.999899401459689, 'epsilon': 1.262038368378756e-09, 'hidden_layer_sizes': 70, 'learning_rate_init': 0.0010216801911909947, 'tol': 2.3735690004090247e-05, 'validation_fraction': 0.15238841759337704}]
function_evaluation time 6.329722 value 0.162015 suggestion {'alpha': 0.00016285308069816025, 'batch_size': 35, 'beta_1': 0.6387000622953545, 'beta_2': 0.999899401459689, 'epsilon': 1.262038368378756e-09, 'hidden_layer_sizes': 70, 'learning_rate_init': 0.0010216801911909947, 'tol': 2.3735690004090247e-05, 'validation_fraction': 0.15238841759337704}
observation time 0.000006, current best 0.114414 at iter 20
suggestion time taken 20.412383 iter 21 next_points [{'alpha': 1.2153938445209433, 'batch_size': 205, 'beta_1': 0.6862553902638967, 'beta_2': 0.9624341382663555, 'epsilon': 1.1587976119467816e-09, 'hidden_layer_sizes': 147, 'learning_rate_init': 0.00024384642033640995, 'tol': 0.0014707792657592997, 'validation_fraction': 0.545550629676902}]
function_evaluation time 9.044740 value 0.175355 suggestion {'alpha': 1.2153938445209433, 'batch_size': 205, 'beta_1': 0.6862553902638967, 'beta_2': 0.9624341382663555, 'epsilon': 1.1587976119467816e-09, 'hidden_layer_sizes': 147, 'learning_rate_init': 0.00024384642033640995, 'tol': 0.0014707792657592997, 'validation_fraction': 0.545550629676902}
observation time 0.000005, current best 0.114414 at iter 21
suggestion time taken 20.909849 iter 22 next_points [{'alpha': 0.016039171725589118, 'batch_size': 10, 'beta_1': 0.5482279400666545, 'beta_2': 0.9959737054172565, 'epsilon': 1.112223473748815e-08, 'hidden_layer_sizes': 111, 'learning_rate_init': 1.536874369009501e-05, 'tol': 0.000839460364421901, 'validation_fraction': 0.3181572043505905}]
function_evaluation time 94.337259 value 0.200697 suggestion {'alpha': 0.016039171725589118, 'batch_size': 10, 'beta_1': 0.5482279400666545, 'beta_2': 0.9959737054172565, 'epsilon': 1.112223473748815e-08, 'hidden_layer_sizes': 111, 'learning_rate_init': 1.536874369009501e-05, 'tol': 0.000839460364421901, 'validation_fraction': 0.3181572043505905}
observation time 0.000010, current best 0.114414 at iter 22
suggestion time taken 24.245204 iter 23 next_points [{'alpha': 0.7912011483019843, 'batch_size': 65, 'beta_1': 0.8539925564095143, 'beta_2': 0.9999836913395359, 'epsilon': 1.5238817706562717e-08, 'hidden_layer_sizes': 82, 'learning_rate_init': 0.028020896685507293, 'tol': 0.010231379027095646, 'validation_fraction': 0.5397860492280696}]
function_evaluation time 2.009477 value 0.178967 suggestion {'alpha': 0.7912011483019843, 'batch_size': 65, 'beta_1': 0.8539925564095143, 'beta_2': 0.9999836913395359, 'epsilon': 1.5238817706562717e-08, 'hidden_layer_sizes': 82, 'learning_rate_init': 0.028020896685507293, 'tol': 0.010231379027095646, 'validation_fraction': 0.5397860492280696}
observation time 0.000007, current best 0.114414 at iter 23
suggestion time taken 25.947428 iter 24 next_points [{'alpha': 0.00034772949132132376, 'batch_size': 17, 'beta_1': 0.680475015626613, 'beta_2': 0.9987015459046095, 'epsilon': 1.7428821443457053e-07, 'hidden_layer_sizes': 89, 'learning_rate_init': 0.004898990294074379, 'tol': 0.064399987566692, 'validation_fraction': 0.8523673419653286}]
function_evaluation time 1.616365 value 0.390018 suggestion {'alpha': 0.00034772949132132376, 'batch_size': 17, 'beta_1': 0.680475015626613, 'beta_2': 0.9987015459046095, 'epsilon': 1.7428821443457053e-07, 'hidden_layer_sizes': 89, 'learning_rate_init': 0.004898990294074379, 'tol': 0.064399987566692, 'validation_fraction': 0.8523673419653286}
observation time 0.000008, current best 0.114414 at iter 24
suggestion time taken 24.617447 iter 25 next_points [{'alpha': 0.05711818137012625, 'batch_size': 53, 'beta_1': 0.837793552180669, 'beta_2': 0.9985382677974329, 'epsilon': 1.5508534418693408e-07, 'hidden_layer_sizes': 161, 'learning_rate_init': 0.0005615877273193635, 'tol': 0.0001373098415401061, 'validation_fraction': 0.7586239345880313}]
function_evaluation time 7.041440 value 0.251429 suggestion {'alpha': 0.05711818137012625, 'batch_size': 53, 'beta_1': 0.837793552180669, 'beta_2': 0.9985382677974329, 'epsilon': 1.5508534418693408e-07, 'hidden_layer_sizes': 161, 'learning_rate_init': 0.0005615877273193635, 'tol': 0.0001373098415401061, 'validation_fraction': 0.7586239345880313}
observation time 0.000007, current best 0.114414 at iter 25
suggestion time taken 19.830002 iter 26 next_points [{'alpha': 0.0019082678475974616, 'batch_size': 110, 'beta_1': 0.6339272481693585, 'beta_2': 0.9954992000068482, 'epsilon': 9.640578684967446e-09, 'hidden_layer_sizes': 177, 'learning_rate_init': 0.02347038907121407, 'tol': 0.02256533131110489, 'validation_fraction': 0.18200257321660654}]
function_evaluation time 2.212369 value 0.099505 suggestion {'alpha': 0.0019082678475974616, 'batch_size': 110, 'beta_1': 0.6339272481693585, 'beta_2': 0.9954992000068482, 'epsilon': 9.640578684967446e-09, 'hidden_layer_sizes': 177, 'learning_rate_init': 0.02347038907121407, 'tol': 0.02256533131110489, 'validation_fraction': 0.18200257321660654}
observation time 0.000005, current best 0.099505 at iter 26
suggestion time taken 19.031415 iter 27 next_points [{'alpha': 0.04057717086852138, 'batch_size': 35, 'beta_1': 0.7879738550224221, 'beta_2': 0.9724656081679381, 'epsilon': 5.169951415706239e-07, 'hidden_layer_sizes': 63, 'learning_rate_init': 0.00017840874613203107, 'tol': 0.01704544681267066, 'validation_fraction': 0.36278043423844003}]
function_evaluation time 5.067541 value 0.376809 suggestion {'alpha': 0.04057717086852138, 'batch_size': 35, 'beta_1': 0.7879738550224221, 'beta_2': 0.9724656081679381, 'epsilon': 5.169951415706239e-07, 'hidden_layer_sizes': 63, 'learning_rate_init': 0.00017840874613203107, 'tol': 0.01704544681267066, 'validation_fraction': 0.36278043423844003}
observation time 0.000007, current best 0.099505 at iter 27
suggestion time taken 20.652015 iter 28 next_points [{'alpha': 3.4568117559835674, 'batch_size': 35, 'beta_1': 0.9311051875009434, 'beta_2': 0.9899086793613132, 'epsilon': 1.0632740427641261e-08, 'hidden_layer_sizes': 194, 'learning_rate_init': 0.05214885270266439, 'tol': 0.041999545790188574, 'validation_fraction': 0.6157829422717925}]
function_evaluation time 2.768317 value 0.243731 suggestion {'alpha': 3.4568117559835674, 'batch_size': 35, 'beta_1': 0.9311051875009434, 'beta_2': 0.9899086793613132, 'epsilon': 1.0632740427641261e-08, 'hidden_layer_sizes': 194, 'learning_rate_init': 0.05214885270266439, 'tol': 0.041999545790188574, 'validation_fraction': 0.6157829422717925}
observation time 0.000005, current best 0.099505 at iter 28
suggestion time taken 19.642659 iter 29 next_points [{'alpha': 6.797922317543559e-05, 'batch_size': 179, 'beta_1': 0.9880860760633227, 'beta_2': 0.9999644327611751, 'epsilon': 7.948536024864108e-09, 'hidden_layer_sizes': 172, 'learning_rate_init': 0.0006691672631122473, 'tol': 0.0026250732082021434, 'validation_fraction': 0.34454533593882813}]
function_evaluation time 4.612559 value 0.216128 suggestion {'alpha': 6.797922317543559e-05, 'batch_size': 179, 'beta_1': 0.9880860760633227, 'beta_2': 0.9999644327611751, 'epsilon': 7.948536024864108e-09, 'hidden_layer_sizes': 172, 'learning_rate_init': 0.0006691672631122473, 'tol': 0.0026250732082021434, 'validation_fraction': 0.34454533593882813}
observation time 0.000007, current best 0.099505 at iter 29
suggestion time taken 19.976613 iter 30 next_points [{'alpha': 0.00016886894246146252, 'batch_size': 22, 'beta_1': 0.557989899063665, 'beta_2': 0.9971078191570643, 'epsilon': 1.1343158193584327e-07, 'hidden_layer_sizes': 54, 'learning_rate_init': 0.011476752576103366, 'tol': 8.407140979302836e-05, 'validation_fraction': 0.7107605248104938}]
function_evaluation time 3.058481 value 0.210867 suggestion {'alpha': 0.00016886894246146252, 'batch_size': 22, 'beta_1': 0.557989899063665, 'beta_2': 0.9971078191570643, 'epsilon': 1.1343158193584327e-07, 'hidden_layer_sizes': 54, 'learning_rate_init': 0.011476752576103366, 'tol': 8.407140979302836e-05, 'validation_fraction': 0.7107605248104938}
observation time 0.000005, current best 0.099505 at iter 30
suggestion time taken 21.890513 iter 31 next_points [{'alpha': 0.04363061613047756, 'batch_size': 41, 'beta_1': 0.9804454781137466, 'beta_2': 0.9999492392716998, 'epsilon': 4.008110516153983e-07, 'hidden_layer_sizes': 104, 'learning_rate_init': 0.0001668111901019016, 'tol': 0.00026450111255365714, 'validation_fraction': 0.2327393589183238}]
function_evaluation time 16.098920 value 0.208091 suggestion {'alpha': 0.04363061613047756, 'batch_size': 41, 'beta_1': 0.9804454781137466, 'beta_2': 0.9999492392716998, 'epsilon': 4.008110516153983e-07, 'hidden_layer_sizes': 104, 'learning_rate_init': 0.0001668111901019016, 'tol': 0.00026450111255365714, 'validation_fraction': 0.2327393589183238}
observation time 0.000006, current best 0.099505 at iter 31
suggestion time taken 25.773422 iter 32 next_points [{'alpha': 2.7091993981557956e-05, 'batch_size': 26, 'beta_1': 0.794638302628698, 'beta_2': 0.994554287917257, 'epsilon': 1.1100372026444609e-07, 'hidden_layer_sizes': 62, 'learning_rate_init': 0.0014797236741638953, 'tol': 0.0004698129602427725, 'validation_fraction': 0.5452778524245825}]
function_evaluation time 11.899891 value 0.200513 suggestion {'alpha': 2.7091993981557956e-05, 'batch_size': 26, 'beta_1': 0.794638302628698, 'beta_2': 0.994554287917257, 'epsilon': 1.1100372026444609e-07, 'hidden_layer_sizes': 62, 'learning_rate_init': 0.0014797236741638953, 'tol': 0.0004698129602427725, 'validation_fraction': 0.5452778524245825}
observation time 0.000010, current best 0.099505 at iter 32
suggestion time taken 27.139614 iter 33 next_points [{'alpha': 0.008219425609043735, 'batch_size': 65, 'beta_1': 0.5053811556083891, 'beta_2': 0.9999277804284888, 'epsilon': 7.397615744660789e-08, 'hidden_layer_sizes': 69, 'learning_rate_init': 0.019515843410940103, 'tol': 3.7282697274476954e-05, 'validation_fraction': 0.2518195998470587}]
function_evaluation time 3.934909 value 0.119678 suggestion {'alpha': 0.008219425609043735, 'batch_size': 65, 'beta_1': 0.5053811556083891, 'beta_2': 0.9999277804284888, 'epsilon': 7.397615744660789e-08, 'hidden_layer_sizes': 69, 'learning_rate_init': 0.019515843410940103, 'tol': 3.7282697274476954e-05, 'validation_fraction': 0.2518195998470587}
observation time 0.000007, current best 0.099505 at iter 33
suggestion time taken 26.791496 iter 34 next_points [{'alpha': 0.027561392311709832, 'batch_size': 35, 'beta_1': 0.6498227630272643, 'beta_2': 0.9999674632586226, 'epsilon': 5.466765391212407e-08, 'hidden_layer_sizes': 149, 'learning_rate_init': 0.00278351319393286, 'tol': 0.00011915292564551731, 'validation_fraction': 0.6267091600969852}]
function_evaluation time 7.051943 value 0.171306 suggestion {'alpha': 0.027561392311709832, 'batch_size': 35, 'beta_1': 0.6498227630272643, 'beta_2': 0.9999674632586226, 'epsilon': 5.466765391212407e-08, 'hidden_layer_sizes': 149, 'learning_rate_init': 0.00278351319393286, 'tol': 0.00011915292564551731, 'validation_fraction': 0.6267091600969852}
observation time 0.000012, current best 0.099505 at iter 34
suggestion time taken 27.388028 iter 35 next_points [{'alpha': 0.00012535303536456493, 'batch_size': 102, 'beta_1': 0.9840381979485565, 'beta_2': 0.9999955459689259, 'epsilon': 8.483745222812129e-07, 'hidden_layer_sizes': 199, 'learning_rate_init': 5.001291938392564e-05, 'tol': 1.5549438075601652e-05, 'validation_fraction': 0.7049805011938161}]
/home/ryedida/.local/lib/python3.8/site-packages/sklearn/neural_network/_multilayer_perceptron.py:702: ConvergenceWarning: Stochastic Optimizer: Maximum iterations (200) reached and the optimization hasn't converged yet.
  warnings.warn(

function_evaluation time 15.662395 value 3.177344 suggestion {'alpha': 0.00012535303536456493, 'batch_size': 102, 'beta_1': 0.9840381979485565, 'beta_2': 0.9999955459689259, 'epsilon': 8.483745222812129e-07, 'hidden_layer_sizes': 199, 'learning_rate_init': 5.001291938392564e-05, 'tol': 1.5549438075601652e-05, 'validation_fraction': 0.7049805011938161}
observation time 0.000007, current best 0.099505 at iter 35
suggestion time taken 19.602052 iter 36 next_points [{'alpha': 0.0006301439072399906, 'batch_size': 25, 'beta_1': 0.9888663013989741, 'beta_2': 0.9999400746769229, 'epsilon': 3.9439507663734474e-08, 'hidden_layer_sizes': 56, 'learning_rate_init': 0.016504287755355024, 'tol': 0.001660327821448875, 'validation_fraction': 0.8880532912641811}]
function_evaluation time 1.724717 value 1.122481 suggestion {'alpha': 0.0006301439072399906, 'batch_size': 25, 'beta_1': 0.9888663013989741, 'beta_2': 0.9999400746769229, 'epsilon': 3.9439507663734474e-08, 'hidden_layer_sizes': 56, 'learning_rate_init': 0.016504287755355024, 'tol': 0.001660327821448875, 'validation_fraction': 0.8880532912641811}
observation time 0.000007, current best 0.099505 at iter 36
suggestion time taken 21.504165 iter 37 next_points [{'alpha': 0.6005760519530491, 'batch_size': 11, 'beta_1': 0.8405233281424461, 'beta_2': 0.9999694988810097, 'epsilon': 1.2733585555911144e-07, 'hidden_layer_sizes': 66, 'learning_rate_init': 0.0009998477153042274, 'tol': 0.00035719138457668, 'validation_fraction': 0.10434481528178129}]
function_evaluation time 15.395294 value 0.147681 suggestion {'alpha': 0.6005760519530491, 'batch_size': 11, 'beta_1': 0.8405233281424461, 'beta_2': 0.9999694988810097, 'epsilon': 1.2733585555911144e-07, 'hidden_layer_sizes': 66, 'learning_rate_init': 0.0009998477153042274, 'tol': 0.00035719138457668, 'validation_fraction': 0.10434481528178129}
observation time 0.000008, current best 0.099505 at iter 37
suggestion time taken 19.762780 iter 38 next_points [{'alpha': 2.3300759450650923, 'batch_size': 205, 'beta_1': 0.9762130930879016, 'beta_2': 0.9999988061189184, 'epsilon': 6.289331115737296e-08, 'hidden_layer_sizes': 78, 'learning_rate_init': 0.00013299378741768767, 'tol': 0.08714186298372911, 'validation_fraction': 0.10273650589869594}]
function_evaluation time 1.075630 value 7.921892 suggestion {'alpha': 2.3300759450650923, 'batch_size': 205, 'beta_1': 0.9762130930879016, 'beta_2': 0.9999988061189184, 'epsilon': 6.289331115737296e-08, 'hidden_layer_sizes': 78, 'learning_rate_init': 0.00013299378741768767, 'tol': 0.08714186298372911, 'validation_fraction': 0.10273650589869594}
observation time 0.000006, current best 0.099505 at iter 38
suggestion time taken 20.384427 iter 39 next_points [{'alpha': 0.013858952401347878, 'batch_size': 41, 'beta_1': 0.9865270863533365, 'beta_2': 0.996579630207903, 'epsilon': 3.029236089249704e-08, 'hidden_layer_sizes': 131, 'learning_rate_init': 0.001151807237317651, 'tol': 0.0014863579163844258, 'validation_fraction': 0.2566727533415417}]
function_evaluation time 5.599589 value 0.163260 suggestion {'alpha': 0.013858952401347878, 'batch_size': 41, 'beta_1': 0.9865270863533365, 'beta_2': 0.996579630207903, 'epsilon': 3.029236089249704e-08, 'hidden_layer_sizes': 131, 'learning_rate_init': 0.001151807237317651, 'tol': 0.0014863579163844258, 'validation_fraction': 0.2566727533415417}
observation time 0.000006, current best 0.099505 at iter 39
suggestion time taken 19.444737 iter 40 next_points [{'alpha': 0.0011288280357948661, 'batch_size': 239, 'beta_1': 0.9827286664178394, 'beta_2': 0.9947503627768417, 'epsilon': 3.007770918840351e-09, 'hidden_layer_sizes': 183, 'learning_rate_init': 0.004772594923208916, 'tol': 3.608772425293268e-05, 'validation_fraction': 0.25915048339787866}]
function_evaluation time 3.910595 value 0.185828 suggestion {'alpha': 0.0011288280357948661, 'batch_size': 239, 'beta_1': 0.9827286664178394, 'beta_2': 0.9947503627768417, 'epsilon': 3.007770918840351e-09, 'hidden_layer_sizes': 183, 'learning_rate_init': 0.004772594923208916, 'tol': 3.608772425293268e-05, 'validation_fraction': 0.25915048339787866}
observation time 0.000005, current best 0.099505 at iter 40
suggestion time taken 20.720560 iter 41 next_points [{'alpha': 0.1347521775886416, 'batch_size': 205, 'beta_1': 0.7145768609318519, 'beta_2': 0.9999152305140087, 'epsilon': 5.314369544508834e-07, 'hidden_layer_sizes': 126, 'learning_rate_init': 8.898860018612093e-05, 'tol': 0.0033700046062607692, 'validation_fraction': 0.1833607208864448}]
function_evaluation time 12.505561 value 0.336430 suggestion {'alpha': 0.1347521775886416, 'batch_size': 205, 'beta_1': 0.7145768609318519, 'beta_2': 0.9999152305140087, 'epsilon': 5.314369544508834e-07, 'hidden_layer_sizes': 126, 'learning_rate_init': 8.898860018612093e-05, 'tol': 0.0033700046062607692, 'validation_fraction': 0.1833607208864448}
observation time 0.000007, current best 0.099505 at iter 41
suggestion time taken 24.198188 iter 42 next_points [{'alpha': 0.004134971217462985, 'batch_size': 159, 'beta_1': 0.9815548016591337, 'beta_2': 0.9373702070448039, 'epsilon': 3.669965465758296e-09, 'hidden_layer_sizes': 81, 'learning_rate_init': 0.0007918339913829631, 'tol': 0.0067075706650444045, 'validation_fraction': 0.17351739858055124}]
function_evaluation time 4.426312 value 0.195072 suggestion {'alpha': 0.004134971217462985, 'batch_size': 159, 'beta_1': 0.9815548016591337, 'beta_2': 0.9373702070448039, 'epsilon': 3.669965465758296e-09, 'hidden_layer_sizes': 81, 'learning_rate_init': 0.0007918339913829631, 'tol': 0.0067075706650444045, 'validation_fraction': 0.17351739858055124}
observation time 0.000007, current best 0.099505 at iter 42
suggestion time taken 26.367931 iter 43 next_points [{'alpha': 0.0003226933793816888, 'batch_size': 65, 'beta_1': 0.9492049271694074, 'beta_2': 0.9999988728850279, 'epsilon': 3.3163768825701306e-08, 'hidden_layer_sizes': 199, 'learning_rate_init': 0.06882676400209807, 'tol': 0.015214900113541256, 'validation_fraction': 0.5718643090480978}]
function_evaluation time 5.305151 value 0.669192 suggestion {'alpha': 0.0003226933793816888, 'batch_size': 65, 'beta_1': 0.9492049271694074, 'beta_2': 0.9999988728850279, 'epsilon': 3.3163768825701306e-08, 'hidden_layer_sizes': 199, 'learning_rate_init': 0.06882676400209807, 'tol': 0.015214900113541256, 'validation_fraction': 0.5718643090480978}
observation time 0.000009, current best 0.099505 at iter 43
suggestion time taken 27.459659 iter 44 next_points [{'alpha': 2.8147471356736684, 'batch_size': 11, 'beta_1': 0.7853720882005761, 'beta_2': 0.9799328534159882, 'epsilon': 5.560025693183967e-08, 'hidden_layer_sizes': 134, 'learning_rate_init': 0.00754817667492208, 'tol': 0.000266444080147086, 'validation_fraction': 0.7518929982334333}]
function_evaluation time 7.854327 value 0.368153 suggestion {'alpha': 2.8147471356736684, 'batch_size': 11, 'beta_1': 0.7853720882005761, 'beta_2': 0.9799328534159882, 'epsilon': 5.560025693183967e-08, 'hidden_layer_sizes': 134, 'learning_rate_init': 0.00754817667492208, 'tol': 0.000266444080147086, 'validation_fraction': 0.7518929982334333}
observation time 0.000007, current best 0.099505 at iter 44
saving meta data: {'args': {'--uuid': '05ebb9431c21567cb9aa403f53331aef', '-db-root': '/home/ryedida/bbo_challenge_starter_kit/output', '--opt-root': '/home/ryedida/bbo_challenge_starter_kit/example_submissions', '--data-root': None, '--db': 'run_20231013_221308', '--opt': 'strongcvx', '--data': 'digits', '--classifier': 'MLP-adam', '--metric': 'nll', '--calls': 45, '--suggestions': 1, '--jobs-file': None, '--verbose': False, 'dry_run': False, 'rev': 'a376313', 'opt_rev': 'x.x.x'}, 'signature': ([{'alpha': 0.019628224813442792, 'batch_size': 182, 'beta_1': 0.9410202200271762, 'beta_2': 0.9998021557676793, 'epsilon': 1.8662266976518e-08, 'hidden_layer_sizes': 147, 'learning_rate_init': 0.0005627932047415167, 'tol': 0.03690557729213761, 'validation_fraction': 0.8846827852548593}, {'alpha': 0.001998246739232944, 'batch_size': 200, 'beta_1': 0.919111482530466, 'beta_2': 0.9998488260436156, 'epsilon': 5.981221901152555e-07, 'hidden_layer_sizes': 61, 'learning_rate_init': 2.2310905607443014e-05, 'tol': 1.2046852412030316e-05, 'validation_fraction': 0.8117896445826539}, {'alpha': 0.46659545670218433, 'batch_size': 219, 'beta_1': 0.9889789783750891, 'beta_2': 0.9999896868093284, 'epsilon': 2.4234724484675948e-08, 'hidden_layer_sizes': 167, 'learning_rate_init': 2.972334644335654e-05, 'tol': 0.0036281404040243792, 'validation_fraction': 0.17260651658522078}, {'alpha': 4.656005689076002, 'batch_size': 135, 'beta_1': 0.870503881627747, 'beta_2': 0.9948873266941017, 'epsilon': 2.1023308743480125e-07, 'hidden_layer_sizes': 118, 'learning_rate_init': 0.001878173875716191, 'tol': 1.1889379831773006e-05, 'validation_fraction': 0.6264327093752792}, {'alpha': 0.04705159350400542, 'batch_size': 158, 'beta_1': 0.9870884262730957, 'beta_2': 0.9999596874382349, 'epsilon': 1.1981845126013875e-08, 'hidden_layer_sizes': 116, 'learning_rate_init': 0.006173405204074311, 'tol': 1.7414134181586194e-05, 'validation_fraction': 0.6754299026638921}], [4.8709522768835765, 9.710667750887517, 5.950791832993735, 0.19438427080405424, 0.25190216699945633])}
saving results
saving timing
saving suggest log
done
