running: {'--uuid': '1878a6c6ca6a55b09195b0a2206a25a7', '-db-root': '/home/ryedida/bbo_challenge_starter_kit/output', '--opt-root': '/home/ryedida/bbo_challenge_starter_kit/example_submissions', '--data-root': None, '--db': 'run_20231013_221308', '--opt': 'random', '--data': 'digits', '--classifier': 'MLP-adam', '--metric': 'acc', '--calls': 45, '--suggestions': 1, '--jobs-file': None, '--verbose': False, 'dry_run': False, 'rev': 'a376313', 'opt_rev': '0.0.8'}
cmd: python /home/ryedida/.local/bin/bayesmark-exp -c MLP-adam -d digits -o random -u 1878a6c6ca6a55b09195b0a2206a25a7 -m acc -n 45 -p 1 -dir /home/ryedida/bbo_challenge_starter_kit/output -b run_20231013_221308
/home/ryedida/.local/lib/python3.8/site-packages/sklearn/neural_network/_multilayer_perceptron.py:621: UserWarning: Got `batch_size` less than 1 or larger than sample size. It is going to be clipped
  warnings.warn(

/home/ryedida/.local/lib/python3.8/site-packages/sklearn/neural_network/_multilayer_perceptron.py:702: ConvergenceWarning: Stochastic Optimizer: Maximum iterations (200) reached and the optimization hasn't converged yet.
  warnings.warn(

computed signature: ([{'alpha': 0.019628224813442792, 'batch_size': 182, 'beta_1': 0.9410202200271762, 'beta_2': 0.9998021557676793, 'epsilon': 1.8662266976518e-08, 'hidden_layer_sizes': 147, 'learning_rate_init': 0.0005627932047415167, 'tol': 0.03690557729213761, 'validation_fraction': 0.8846827852548593}, {'alpha': 0.001998246739232944, 'batch_size': 200, 'beta_1': 0.919111482530466, 'beta_2': 0.9998488260436156, 'epsilon': 5.981221901152555e-07, 'hidden_layer_sizes': 61, 'learning_rate_init': 2.2310905607443014e-05, 'tol': 1.2046852412030316e-05, 'validation_fraction': 0.8117896445826539}, {'alpha': 0.46659545670218433, 'batch_size': 219, 'beta_1': 0.9889789783750891, 'beta_2': 0.9999896868093284, 'epsilon': 2.4234724484675948e-08, 'hidden_layer_sizes': 167, 'learning_rate_init': 2.972334644335654e-05, 'tol': 0.0036281404040243792, 'validation_fraction': 0.17260651658522078}, {'alpha': 4.656005689076002, 'batch_size': 135, 'beta_1': 0.870503881627747, 'beta_2': 0.9948873266941017, 'epsilon': 2.1023308743480125e-07, 'hidden_layer_sizes': 118, 'learning_rate_init': 0.001878173875716191, 'tol': 1.1889379831773006e-05, 'validation_fraction': 0.6264327093752792}, {'alpha': 0.04705159350400542, 'batch_size': 158, 'beta_1': 0.9870884262730957, 'beta_2': 0.9999596874382349, 'epsilon': 1.1981845126013875e-08, 'hidden_layer_sizes': 116, 'learning_rate_init': 0.006173405204074311, 'tol': 1.7414134181586194e-05, 'validation_fraction': 0.6754299026638921}], [-0.21081107239643826, -0.1295489740611692, -0.27999177313201706, -0.9422522260936896, -0.9332050909794812])
/home/ryedida/.local/lib/python3.8/site-packages/bayesmark/experiment.py:470: UserWarning: Baselines not found. Will not log intermediate scores.
  warnings.warn("Baselines not found. Will not log intermediate scores.")

starting sklearn study random MLP-adam digits acc 45 1
with data root: None
suggestion time taken 0.010709 iter 0 next_points [{'alpha': 0.005941328026459018, 'batch_size': 233, 'beta_1': 0.9585638992611454, 'beta_2': 0.9999989909184932, 'epsilon': 5.0381202340114645e-09, 'hidden_layer_sizes': 119, 'learning_rate_init': 2.357443375341121e-05, 'tol': 0.024248963801067985, 'validation_fraction': 0.15799327778410602}]
function_evaluation time 1.196496 value -0.116197 suggestion {'alpha': 0.005941328026459018, 'batch_size': 233, 'beta_1': 0.9585638992611454, 'beta_2': 0.9999989909184932, 'epsilon': 5.0381202340114645e-09, 'hidden_layer_sizes': 119, 'learning_rate_init': 2.357443375341121e-05, 'tol': 0.024248963801067985, 'validation_fraction': 0.15799327778410602}
observation time 0.000005, current best -0.116197 at iter 0
suggestion time taken 0.011060 iter 1 next_points [{'alpha': 0.025409037961573455, 'batch_size': 221, 'beta_1': 0.853206660411628, 'beta_2': 0.9999566319198496, 'epsilon': 2.0413694494322887e-07, 'hidden_layer_sizes': 117, 'learning_rate_init': 0.00012532960365793, 'tol': 0.007216942336329855, 'validation_fraction': 0.22114392526004142}]
function_evaluation time 8.137178 value -0.852454 suggestion {'alpha': 0.025409037961573455, 'batch_size': 221, 'beta_1': 0.853206660411628, 'beta_2': 0.9999566319198496, 'epsilon': 2.0413694494322887e-07, 'hidden_layer_sizes': 117, 'learning_rate_init': 0.00012532960365793, 'tol': 0.007216942336329855, 'validation_fraction': 0.22114392526004142}
observation time 0.000004, current best -0.852454 at iter 1
suggestion time taken 0.011061 iter 2 next_points [{'alpha': 0.08529773008496726, 'batch_size': 66, 'beta_1': 0.9174314019039176, 'beta_2': 0.9999979169333801, 'epsilon': 3.765454716576743e-09, 'hidden_layer_sizes': 191, 'learning_rate_init': 0.014461205827883792, 'tol': 0.004500395557938507, 'validation_fraction': 0.23199227522484858}]
function_evaluation time 3.907090 value -0.970076 suggestion {'alpha': 0.08529773008496726, 'batch_size': 66, 'beta_1': 0.9174314019039176, 'beta_2': 0.9999979169333801, 'epsilon': 3.765454716576743e-09, 'hidden_layer_sizes': 191, 'learning_rate_init': 0.014461205827883792, 'tol': 0.004500395557938507, 'validation_fraction': 0.23199227522484858}
observation time 0.000003, current best -0.970076 at iter 2
suggestion time taken 0.010868 iter 3 next_points [{'alpha': 0.0005051616263944069, 'batch_size': 219, 'beta_1': 0.9687545817408018, 'beta_2': 0.999996264127911, 'epsilon': 9.355301829504235e-07, 'hidden_layer_sizes': 195, 'learning_rate_init': 0.0003195927016871389, 'tol': 5.163478029395943e-05, 'validation_fraction': 0.5643260068080798}]
function_evaluation time 7.728194 value -0.926943 suggestion {'alpha': 0.0005051616263944069, 'batch_size': 219, 'beta_1': 0.9687545817408018, 'beta_2': 0.999996264127911, 'epsilon': 9.355301829504235e-07, 'hidden_layer_sizes': 195, 'learning_rate_init': 0.0003195927016871389, 'tol': 5.163478029395943e-05, 'validation_fraction': 0.5643260068080798}
observation time 0.000005, current best -0.970076 at iter 3
suggestion time taken 0.011765 iter 4 next_points [{'alpha': 0.1209836343773638, 'batch_size': 175, 'beta_1': 0.8376080328404546, 'beta_2': 0.9979189306512972, 'epsilon': 3.155029715807411e-09, 'hidden_layer_sizes': 56, 'learning_rate_init': 0.0010735860724811952, 'tol': 0.0001565146133701606, 'validation_fraction': 0.353897327128142}]
function_evaluation time 4.839850 value -0.942233 suggestion {'alpha': 0.1209836343773638, 'batch_size': 175, 'beta_1': 0.8376080328404546, 'beta_2': 0.9979189306512972, 'epsilon': 3.155029715807411e-09, 'hidden_layer_sizes': 56, 'learning_rate_init': 0.0010735860724811952, 'tol': 0.0001565146133701606, 'validation_fraction': 0.353897327128142}
observation time 0.000004, current best -0.970076 at iter 4
suggestion time taken 0.010869 iter 5 next_points [{'alpha': 0.015078415253878054, 'batch_size': 27, 'beta_1': 0.8665630060268642, 'beta_2': 0.9972596852304749, 'epsilon': 8.319917469651488e-07, 'hidden_layer_sizes': 170, 'learning_rate_init': 0.03059578046484489, 'tol': 0.009187388025163442, 'validation_fraction': 0.8927327658838028}]
function_evaluation time 1.456897 value -0.875438 suggestion {'alpha': 0.015078415253878054, 'batch_size': 27, 'beta_1': 0.8665630060268642, 'beta_2': 0.9972596852304749, 'epsilon': 8.319917469651488e-07, 'hidden_layer_sizes': 170, 'learning_rate_init': 0.03059578046484489, 'tol': 0.009187388025163442, 'validation_fraction': 0.8927327658838028}
observation time 0.000005, current best -0.970076 at iter 5
suggestion time taken 0.011110 iter 6 next_points [{'alpha': 2.0431560634861582e-05, 'batch_size': 58, 'beta_1': 0.5898367101360783, 'beta_2': 0.9999968213145102, 'epsilon': 1.2030452878775116e-08, 'hidden_layer_sizes': 176, 'learning_rate_init': 0.00365481265178811, 'tol': 1.9010324146174426e-05, 'validation_fraction': 0.44714274737928167}]
function_evaluation time 4.022684 value -0.955476 suggestion {'alpha': 2.0431560634861582e-05, 'batch_size': 58, 'beta_1': 0.5898367101360783, 'beta_2': 0.9999968213145102, 'epsilon': 1.2030452878775116e-08, 'hidden_layer_sizes': 176, 'learning_rate_init': 0.00365481265178811, 'tol': 1.9010324146174426e-05, 'validation_fraction': 0.44714274737928167}
observation time 0.000004, current best -0.970076 at iter 6
suggestion time taken 0.011219 iter 7 next_points [{'alpha': 8.663312712791602e-05, 'batch_size': 18, 'beta_1': 0.988302048202386, 'beta_2': 0.9999980408224379, 'epsilon': 8.7067797927821e-09, 'hidden_layer_sizes': 54, 'learning_rate_init': 0.0005270241826043559, 'tol': 0.00037123790379072944, 'validation_fraction': 0.1571671149730305}]
function_evaluation time 13.095355 value -0.951292 suggestion {'alpha': 8.663312712791602e-05, 'batch_size': 18, 'beta_1': 0.988302048202386, 'beta_2': 0.9999980408224379, 'epsilon': 8.7067797927821e-09, 'hidden_layer_sizes': 54, 'learning_rate_init': 0.0005270241826043559, 'tol': 0.00037123790379072944, 'validation_fraction': 0.1571671149730305}
observation time 0.000004, current best -0.970076 at iter 7
suggestion time taken 0.010636 iter 8 next_points [{'alpha': 0.00022557538122507887, 'batch_size': 46, 'beta_1': 0.7715648405446326, 'beta_2': 0.9981467959779444, 'epsilon': 8.048167250161019e-09, 'hidden_layer_sizes': 198, 'learning_rate_init': 0.03419533538272397, 'tol': 0.0001679998640178145, 'validation_fraction': 0.8711159363769796}]
function_evaluation time 2.428968 value -0.901878 suggestion {'alpha': 0.00022557538122507887, 'batch_size': 46, 'beta_1': 0.7715648405446326, 'beta_2': 0.9981467959779444, 'epsilon': 8.048167250161019e-09, 'hidden_layer_sizes': 198, 'learning_rate_init': 0.03419533538272397, 'tol': 0.0001679998640178145, 'validation_fraction': 0.8711159363769796}
observation time 0.000004, current best -0.970076 at iter 8
suggestion time taken 0.011375 iter 9 next_points [{'alpha': 0.00023310832213280884, 'batch_size': 90, 'beta_1': 0.9703020752582192, 'beta_2': 0.9999888012114867, 'epsilon': 1.038422102888117e-09, 'hidden_layer_sizes': 81, 'learning_rate_init': 0.00022741913119250773, 'tol': 1.460102392095398e-05, 'validation_fraction': 0.8259852577216897}]
/home/ryedida/.local/lib/python3.8/site-packages/sklearn/neural_network/_multilayer_perceptron.py:702: ConvergenceWarning: Stochastic Optimizer: Maximum iterations (200) reached and the optimization hasn't converged yet.
  warnings.warn(

function_evaluation time 6.323776 value -0.715912 suggestion {'alpha': 0.00023310832213280884, 'batch_size': 90, 'beta_1': 0.9703020752582192, 'beta_2': 0.9999888012114867, 'epsilon': 1.038422102888117e-09, 'hidden_layer_sizes': 81, 'learning_rate_init': 0.00022741913119250773, 'tol': 1.460102392095398e-05, 'validation_fraction': 0.8259852577216897}
observation time 0.000005, current best -0.970076 at iter 9
suggestion time taken 0.010612 iter 10 next_points [{'alpha': 3.1164622188771314, 'batch_size': 222, 'beta_1': 0.785201806680232, 'beta_2': 0.9999969245214199, 'epsilon': 1.75836524226416e-09, 'hidden_layer_sizes': 80, 'learning_rate_init': 0.002394847067902193, 'tol': 0.0006966870338158738, 'validation_fraction': 0.6037458458958376}]
function_evaluation time 3.575224 value -0.933198 suggestion {'alpha': 3.1164622188771314, 'batch_size': 222, 'beta_1': 0.785201806680232, 'beta_2': 0.9999969245214199, 'epsilon': 1.75836524226416e-09, 'hidden_layer_sizes': 80, 'learning_rate_init': 0.002394847067902193, 'tol': 0.0006966870338158738, 'validation_fraction': 0.6037458458958376}
observation time 0.000003, current best -0.970076 at iter 10
suggestion time taken 0.010991 iter 11 next_points [{'alpha': 0.07522336302273516, 'batch_size': 231, 'beta_1': 0.7669076518583062, 'beta_2': 0.9998529928020272, 'epsilon': 3.839478110404008e-09, 'hidden_layer_sizes': 129, 'learning_rate_init': 6.541348655109532e-05, 'tol': 0.005693120116313248, 'validation_fraction': 0.8408275200933072}]
/home/ryedida/.local/lib/python3.8/site-packages/sklearn/neural_network/_multilayer_perceptron.py:621: UserWarning: Got `batch_size` less than 1 or larger than sample size. It is going to be clipped
  warnings.warn(

function_evaluation time 0.506446 value -0.116955 suggestion {'alpha': 0.07522336302273516, 'batch_size': 231, 'beta_1': 0.7669076518583062, 'beta_2': 0.9998529928020272, 'epsilon': 3.839478110404008e-09, 'hidden_layer_sizes': 129, 'learning_rate_init': 6.541348655109532e-05, 'tol': 0.005693120116313248, 'validation_fraction': 0.8408275200933072}
observation time 0.000003, current best -0.970076 at iter 11
suggestion time taken 0.010439 iter 12 next_points [{'alpha': 7.50948966227825e-05, 'batch_size': 222, 'beta_1': 0.8875725358493445, 'beta_2': 0.9970749435338545, 'epsilon': 1.013123211162964e-09, 'hidden_layer_sizes': 178, 'learning_rate_init': 0.009211307386369993, 'tol': 0.06695927826262889, 'validation_fraction': 0.8412814820922276}]
function_evaluation time 0.933404 value -0.872687 suggestion {'alpha': 7.50948966227825e-05, 'batch_size': 222, 'beta_1': 0.8875725358493445, 'beta_2': 0.9970749435338545, 'epsilon': 1.013123211162964e-09, 'hidden_layer_sizes': 178, 'learning_rate_init': 0.009211307386369993, 'tol': 0.06695927826262889, 'validation_fraction': 0.8412814820922276}
observation time 0.000004, current best -0.970076 at iter 12
suggestion time taken 0.011463 iter 13 next_points [{'alpha': 0.08636487897800431, 'batch_size': 37, 'beta_1': 0.9883849246335383, 'beta_2': 0.9797750115841701, 'epsilon': 2.8800944312921978e-09, 'hidden_layer_sizes': 73, 'learning_rate_init': 0.09556700323515127, 'tol': 0.0005153653782921289, 'validation_fraction': 0.8168422051322789}]
function_evaluation time 3.208778 value -0.756296 suggestion {'alpha': 0.08636487897800431, 'batch_size': 37, 'beta_1': 0.9883849246335383, 'beta_2': 0.9797750115841701, 'epsilon': 2.8800944312921978e-09, 'hidden_layer_sizes': 73, 'learning_rate_init': 0.09556700323515127, 'tol': 0.0005153653782921289, 'validation_fraction': 0.8168422051322789}
observation time 0.000003, current best -0.970076 at iter 13
suggestion time taken 0.010543 iter 14 next_points [{'alpha': 1.6676936463712505e-05, 'batch_size': 170, 'beta_1': 0.5513981770303076, 'beta_2': 0.9993250265067423, 'epsilon': 5.72646390429644e-09, 'hidden_layer_sizes': 100, 'learning_rate_init': 0.0003100223654117099, 'tol': 0.00014144912538607536, 'validation_fraction': 0.8767323269511902}]
function_evaluation time 3.526925 value -0.408856 suggestion {'alpha': 1.6676936463712505e-05, 'batch_size': 170, 'beta_1': 0.5513981770303076, 'beta_2': 0.9993250265067423, 'epsilon': 5.72646390429644e-09, 'hidden_layer_sizes': 100, 'learning_rate_init': 0.0003100223654117099, 'tol': 0.00014144912538607536, 'validation_fraction': 0.8767323269511902}
observation time 0.000004, current best -0.970076 at iter 14
suggestion time taken 0.010488 iter 15 next_points [{'alpha': 0.0028083423312092676, 'batch_size': 123, 'beta_1': 0.9887400451214434, 'beta_2': 0.9999513286735043, 'epsilon': 3.2218260326029165e-07, 'hidden_layer_sizes': 97, 'learning_rate_init': 0.016087774484060343, 'tol': 8.523219853867115e-05, 'validation_fraction': 0.8091748357909029}]
function_evaluation time 1.729733 value -0.876841 suggestion {'alpha': 0.0028083423312092676, 'batch_size': 123, 'beta_1': 0.9887400451214434, 'beta_2': 0.9999513286735043, 'epsilon': 3.2218260326029165e-07, 'hidden_layer_sizes': 97, 'learning_rate_init': 0.016087774484060343, 'tol': 8.523219853867115e-05, 'validation_fraction': 0.8091748357909029}
observation time 0.000004, current best -0.970076 at iter 15
suggestion time taken 0.010791 iter 16 next_points [{'alpha': 0.004393865571310734, 'batch_size': 104, 'beta_1': 0.5654238441119178, 'beta_2': 0.999900456379236, 'epsilon': 1.0767871636264093e-07, 'hidden_layer_sizes': 55, 'learning_rate_init': 0.03721559132559354, 'tol': 1.9115560966253578e-05, 'validation_fraction': 0.8669582718911268}]
function_evaluation time 1.800198 value -0.858055 suggestion {'alpha': 0.004393865571310734, 'batch_size': 104, 'beta_1': 0.5654238441119178, 'beta_2': 0.999900456379236, 'epsilon': 1.0767871636264093e-07, 'hidden_layer_sizes': 55, 'learning_rate_init': 0.03721559132559354, 'tol': 1.9115560966253578e-05, 'validation_fraction': 0.8669582718911268}
observation time 0.000004, current best -0.970076 at iter 16
suggestion time taken 0.010697 iter 17 next_points [{'alpha': 0.0020374105426105653, 'batch_size': 106, 'beta_1': 0.6655271194263712, 'beta_2': 0.9906294609892731, 'epsilon': 4.880266861483485e-09, 'hidden_layer_sizes': 136, 'learning_rate_init': 0.03286891986919494, 'tol': 0.00021213996746062387, 'validation_fraction': 0.5566776784089736}]
function_evaluation time 2.995819 value -0.950598 suggestion {'alpha': 0.0020374105426105653, 'batch_size': 106, 'beta_1': 0.6655271194263712, 'beta_2': 0.9906294609892731, 'epsilon': 4.880266861483485e-09, 'hidden_layer_sizes': 136, 'learning_rate_init': 0.03286891986919494, 'tol': 0.00021213996746062387, 'validation_fraction': 0.5566776784089736}
observation time 0.000005, current best -0.970076 at iter 17
suggestion time taken 0.010813 iter 18 next_points [{'alpha': 0.0011448179771588417, 'batch_size': 125, 'beta_1': 0.9000164576315423, 'beta_2': 0.9129050709145423, 'epsilon': 4.268319735442135e-08, 'hidden_layer_sizes': 158, 'learning_rate_init': 6.591935290083468e-05, 'tol': 0.0002044970969474509, 'validation_fraction': 0.8841617120192317}]
function_evaluation time 7.101749 value -0.567412 suggestion {'alpha': 0.0011448179771588417, 'batch_size': 125, 'beta_1': 0.9000164576315423, 'beta_2': 0.9129050709145423, 'epsilon': 4.268319735442135e-08, 'hidden_layer_sizes': 158, 'learning_rate_init': 6.591935290083468e-05, 'tol': 0.0002044970969474509, 'validation_fraction': 0.8841617120192317}
observation time 0.000005, current best -0.970076 at iter 18
suggestion time taken 0.011508 iter 19 next_points [{'alpha': 0.001704753310577549, 'batch_size': 153, 'beta_1': 0.9529508073932351, 'beta_2': 0.9997768824271014, 'epsilon': 2.019847889105862e-07, 'hidden_layer_sizes': 198, 'learning_rate_init': 0.027164408154646102, 'tol': 0.0006259105038674838, 'validation_fraction': 0.8515007057855998}]
function_evaluation time 2.924322 value -0.889351 suggestion {'alpha': 0.001704753310577549, 'batch_size': 153, 'beta_1': 0.9529508073932351, 'beta_2': 0.9997768824271014, 'epsilon': 2.019847889105862e-07, 'hidden_layer_sizes': 198, 'learning_rate_init': 0.027164408154646102, 'tol': 0.0006259105038674838, 'validation_fraction': 0.8515007057855998}
observation time 0.000012, current best -0.970076 at iter 19
suggestion time taken 0.014965 iter 20 next_points [{'alpha': 0.0009156745437753373, 'batch_size': 22, 'beta_1': 0.6645842902030265, 'beta_2': 0.9999987178161873, 'epsilon': 2.839610010340158e-07, 'hidden_layer_sizes': 62, 'learning_rate_init': 0.0010486476752082758, 'tol': 4.182312596589201e-05, 'validation_fraction': 0.28975152500047147}]
function_evaluation time 13.227757 value -0.958953 suggestion {'alpha': 0.0009156745437753373, 'batch_size': 22, 'beta_1': 0.6645842902030265, 'beta_2': 0.9999987178161873, 'epsilon': 2.839610010340158e-07, 'hidden_layer_sizes': 62, 'learning_rate_init': 0.0010486476752082758, 'tol': 4.182312596589201e-05, 'validation_fraction': 0.28975152500047147}
observation time 0.000004, current best -0.970076 at iter 20
suggestion time taken 0.011500 iter 21 next_points [{'alpha': 0.020860583652371836, 'batch_size': 134, 'beta_1': 0.5436248993899253, 'beta_2': 0.9998668109558423, 'epsilon': 1.901781583577475e-09, 'hidden_layer_sizes': 52, 'learning_rate_init': 0.00013302561918227416, 'tol': 0.0002828315934931619, 'validation_fraction': 0.6368668799619583}]
/home/ryedida/.local/lib/python3.8/site-packages/sklearn/neural_network/_multilayer_perceptron.py:702: ConvergenceWarning: Stochastic Optimizer: Maximum iterations (200) reached and the optimization hasn't converged yet.
  warnings.warn(

function_evaluation time 10.653323 value -0.691289 suggestion {'alpha': 0.020860583652371836, 'batch_size': 134, 'beta_1': 0.5436248993899253, 'beta_2': 0.9998668109558423, 'epsilon': 1.901781583577475e-09, 'hidden_layer_sizes': 52, 'learning_rate_init': 0.00013302561918227416, 'tol': 0.0002828315934931619, 'validation_fraction': 0.6368668799619583}
observation time 0.000006, current best -0.970076 at iter 21
suggestion time taken 0.011634 iter 22 next_points [{'alpha': 0.0561213040131124, 'batch_size': 26, 'beta_1': 0.5634490085760326, 'beta_2': 0.9998957229902875, 'epsilon': 1.0647076364279287e-07, 'hidden_layer_sizes': 76, 'learning_rate_init': 3.634944900589916e-05, 'tol': 0.00644268981888436, 'validation_fraction': 0.14013883299931612}]
function_evaluation time 17.933619 value -0.695693 suggestion {'alpha': 0.0561213040131124, 'batch_size': 26, 'beta_1': 0.5634490085760326, 'beta_2': 0.9998957229902875, 'epsilon': 1.0647076364279287e-07, 'hidden_layer_sizes': 76, 'learning_rate_init': 3.634944900589916e-05, 'tol': 0.00644268981888436, 'validation_fraction': 0.14013883299931612}
observation time 0.000010, current best -0.970076 at iter 22
suggestion time taken 0.021173 iter 23 next_points [{'alpha': 2.8343841399826624, 'batch_size': 111, 'beta_1': 0.5477999649944145, 'beta_2': 0.9287397960490755, 'epsilon': 3.8464582141777956e-08, 'hidden_layer_sizes': 181, 'learning_rate_init': 0.00040078205537775764, 'tol': 8.390055518376306e-05, 'validation_fraction': 0.8308989149739628}]
function_evaluation time 9.164325 value -0.930415 suggestion {'alpha': 2.8343841399826624, 'batch_size': 111, 'beta_1': 0.5477999649944145, 'beta_2': 0.9287397960490755, 'epsilon': 3.8464582141777956e-08, 'hidden_layer_sizes': 181, 'learning_rate_init': 0.00040078205537775764, 'tol': 8.390055518376306e-05, 'validation_fraction': 0.8308989149739628}
observation time 0.000007, current best -0.970076 at iter 23
suggestion time taken 0.014830 iter 24 next_points [{'alpha': 0.19637413953601476, 'batch_size': 73, 'beta_1': 0.9460106341925739, 'beta_2': 0.9998726098021516, 'epsilon': 5.552313564102694e-09, 'hidden_layer_sizes': 187, 'learning_rate_init': 0.002426279088219717, 'tol': 8.809181372035798e-05, 'validation_fraction': 0.6780124888667955}]
function_evaluation time 4.619523 value -0.947118 suggestion {'alpha': 0.19637413953601476, 'batch_size': 73, 'beta_1': 0.9460106341925739, 'beta_2': 0.9998726098021516, 'epsilon': 5.552313564102694e-09, 'hidden_layer_sizes': 187, 'learning_rate_init': 0.002426279088219717, 'tol': 8.809181372035798e-05, 'validation_fraction': 0.6780124888667955}
observation time 0.000006, current best -0.970076 at iter 24
suggestion time taken 0.011969 iter 25 next_points [{'alpha': 0.003908148420505167, 'batch_size': 14, 'beta_1': 0.5125614255055648, 'beta_2': 0.9895480394909406, 'epsilon': 1.9129351179207086e-09, 'hidden_layer_sizes': 169, 'learning_rate_init': 0.00858720389556518, 'tol': 0.07977212591163636, 'validation_fraction': 0.6147256225791895}]
function_evaluation time 4.165964 value -0.945011 suggestion {'alpha': 0.003908148420505167, 'batch_size': 14, 'beta_1': 0.5125614255055648, 'beta_2': 0.9895480394909406, 'epsilon': 1.9129351179207086e-09, 'hidden_layer_sizes': 169, 'learning_rate_init': 0.00858720389556518, 'tol': 0.07977212591163636, 'validation_fraction': 0.6147256225791895}
observation time 0.000005, current best -0.970076 at iter 25
suggestion time taken 0.010896 iter 26 next_points [{'alpha': 3.7848936649838515e-05, 'batch_size': 117, 'beta_1': 0.9314738464617226, 'beta_2': 0.9997825541498416, 'epsilon': 2.4942906458062385e-07, 'hidden_layer_sizes': 96, 'learning_rate_init': 0.049839004519840864, 'tol': 0.04125693520129565, 'validation_fraction': 0.5711060568624653}]
function_evaluation time 1.808436 value -0.679227 suggestion {'alpha': 3.7848936649838515e-05, 'batch_size': 117, 'beta_1': 0.9314738464617226, 'beta_2': 0.9997825541498416, 'epsilon': 2.4942906458062385e-07, 'hidden_layer_sizes': 96, 'learning_rate_init': 0.049839004519840864, 'tol': 0.04125693520129565, 'validation_fraction': 0.5711060568624653}
observation time 0.000005, current best -0.970076 at iter 26
suggestion time taken 0.013351 iter 27 next_points [{'alpha': 0.0032182036339437905, 'batch_size': 50, 'beta_1': 0.5459282696731701, 'beta_2': 0.9999935310359668, 'epsilon': 6.697740368448388e-09, 'hidden_layer_sizes': 96, 'learning_rate_init': 0.007792123023620495, 'tol': 0.006026808207342177, 'validation_fraction': 0.5348171878196695}]
function_evaluation time 2.629298 value -0.951999 suggestion {'alpha': 0.0032182036339437905, 'batch_size': 50, 'beta_1': 0.5459282696731701, 'beta_2': 0.9999935310359668, 'epsilon': 6.697740368448388e-09, 'hidden_layer_sizes': 96, 'learning_rate_init': 0.007792123023620495, 'tol': 0.006026808207342177, 'validation_fraction': 0.5348171878196695}
observation time 0.000005, current best -0.970076 at iter 27
suggestion time taken 0.011616 iter 28 next_points [{'alpha': 1.7311826336319043e-05, 'batch_size': 94, 'beta_1': 0.9405123059627906, 'beta_2': 0.9989700549809564, 'epsilon': 8.527840357899536e-08, 'hidden_layer_sizes': 134, 'learning_rate_init': 0.0367412459110805, 'tol': 0.0868105808454218, 'validation_fraction': 0.8853544447472651}]
function_evaluation time 0.893946 value -0.743975 suggestion {'alpha': 1.7311826336319043e-05, 'batch_size': 94, 'beta_1': 0.9405123059627906, 'beta_2': 0.9989700549809564, 'epsilon': 8.527840357899536e-08, 'hidden_layer_sizes': 134, 'learning_rate_init': 0.0367412459110805, 'tol': 0.0868105808454218, 'validation_fraction': 0.8853544447472651}
observation time 0.000006, current best -0.970076 at iter 28
suggestion time taken 0.014901 iter 29 next_points [{'alpha': 0.16389815826117546, 'batch_size': 173, 'beta_1': 0.9553945653936474, 'beta_2': 0.9999989149736488, 'epsilon': 1.350903790282474e-09, 'hidden_layer_sizes': 197, 'learning_rate_init': 0.0018861788103746414, 'tol': 0.0002503017318843498, 'validation_fraction': 0.12827510695553643}]
function_evaluation time 4.640378 value -0.959645 suggestion {'alpha': 0.16389815826117546, 'batch_size': 173, 'beta_1': 0.9553945653936474, 'beta_2': 0.9999989149736488, 'epsilon': 1.350903790282474e-09, 'hidden_layer_sizes': 197, 'learning_rate_init': 0.0018861788103746414, 'tol': 0.0002503017318843498, 'validation_fraction': 0.12827510695553643}
observation time 0.000006, current best -0.970076 at iter 29
suggestion time taken 0.011523 iter 30 next_points [{'alpha': 9.602375927578287, 'batch_size': 131, 'beta_1': 0.5215268493702232, 'beta_2': 0.9999988088093258, 'epsilon': 2.1520842012614045e-09, 'hidden_layer_sizes': 117, 'learning_rate_init': 0.0003158159577657592, 'tol': 0.05000737850603631, 'validation_fraction': 0.7909592187891481}]
function_evaluation time 0.746263 value -0.199794 suggestion {'alpha': 9.602375927578287, 'batch_size': 131, 'beta_1': 0.5215268493702232, 'beta_2': 0.9999988088093258, 'epsilon': 2.1520842012614045e-09, 'hidden_layer_sizes': 117, 'learning_rate_init': 0.0003158159577657592, 'tol': 0.05000737850603631, 'validation_fraction': 0.7909592187891481}
observation time 0.000005, current best -0.970076 at iter 30
suggestion time taken 0.011376 iter 31 next_points [{'alpha': 0.3461867999929366, 'batch_size': 125, 'beta_1': 0.6161352826823377, 'beta_2': 0.9843958436961718, 'epsilon': 5.2039670145202863e-08, 'hidden_layer_sizes': 161, 'learning_rate_init': 0.04172974044487499, 'tol': 0.08918887422934763, 'validation_fraction': 0.8545880029721956}]
function_evaluation time 1.070804 value -0.872694 suggestion {'alpha': 0.3461867999929366, 'batch_size': 125, 'beta_1': 0.6161352826823377, 'beta_2': 0.9843958436961718, 'epsilon': 5.2039670145202863e-08, 'hidden_layer_sizes': 161, 'learning_rate_init': 0.04172974044487499, 'tol': 0.08918887422934763, 'validation_fraction': 0.8545880029721956}
observation time 0.000004, current best -0.970076 at iter 31
suggestion time taken 0.011145 iter 32 next_points [{'alpha': 0.5477084440316118, 'batch_size': 29, 'beta_1': 0.8410626689699015, 'beta_2': 0.9999968633474938, 'epsilon': 7.013447428753867e-07, 'hidden_layer_sizes': 162, 'learning_rate_init': 2.669925634776818e-05, 'tol': 0.007404327358795114, 'validation_fraction': 0.6265292996189954}]
function_evaluation time 12.688101 value -0.625423 suggestion {'alpha': 0.5477084440316118, 'batch_size': 29, 'beta_1': 0.8410626689699015, 'beta_2': 0.9999968633474938, 'epsilon': 7.013447428753867e-07, 'hidden_layer_sizes': 162, 'learning_rate_init': 2.669925634776818e-05, 'tol': 0.007404327358795114, 'validation_fraction': 0.6265292996189954}
observation time 0.000006, current best -0.970076 at iter 32
suggestion time taken 0.012543 iter 33 next_points [{'alpha': 0.1445601063843765, 'batch_size': 124, 'beta_1': 0.9873584200853766, 'beta_2': 0.9998182616090538, 'epsilon': 4.086766902327643e-09, 'hidden_layer_sizes': 184, 'learning_rate_init': 0.0006547548909342527, 'tol': 0.0007232802259317742, 'validation_fraction': 0.2786116138489711}]
function_evaluation time 6.302863 value -0.944365 suggestion {'alpha': 0.1445601063843765, 'batch_size': 124, 'beta_1': 0.9873584200853766, 'beta_2': 0.9998182616090538, 'epsilon': 4.086766902327643e-09, 'hidden_layer_sizes': 184, 'learning_rate_init': 0.0006547548909342527, 'tol': 0.0007232802259317742, 'validation_fraction': 0.2786116138489711}
observation time 0.000008, current best -0.970076 at iter 33
suggestion time taken 0.012318 iter 34 next_points [{'alpha': 1.7775255661382064e-05, 'batch_size': 223, 'beta_1': 0.9245699820610697, 'beta_2': 0.9999954603833026, 'epsilon': 2.0926782196256127e-08, 'hidden_layer_sizes': 151, 'learning_rate_init': 0.0010385047564225223, 'tol': 2.577132049652416e-05, 'validation_fraction': 0.175598141915719}]
function_evaluation time 5.402115 value -0.954755 suggestion {'alpha': 1.7775255661382064e-05, 'batch_size': 223, 'beta_1': 0.9245699820610697, 'beta_2': 0.9999954603833026, 'epsilon': 2.0926782196256127e-08, 'hidden_layer_sizes': 151, 'learning_rate_init': 0.0010385047564225223, 'tol': 2.577132049652416e-05, 'validation_fraction': 0.175598141915719}
observation time 0.000005, current best -0.970076 at iter 34
suggestion time taken 0.012783 iter 35 next_points [{'alpha': 0.9407717879843353, 'batch_size': 182, 'beta_1': 0.9707040614182364, 'beta_2': 0.9989514214045851, 'epsilon': 5.70341108503384e-09, 'hidden_layer_sizes': 169, 'learning_rate_init': 0.074393666800602, 'tol': 0.00015249166279966448, 'validation_fraction': 0.3933296628064656}]
function_evaluation time 4.348919 value -0.923449 suggestion {'alpha': 0.9407717879843353, 'batch_size': 182, 'beta_1': 0.9707040614182364, 'beta_2': 0.9989514214045851, 'epsilon': 5.70341108503384e-09, 'hidden_layer_sizes': 169, 'learning_rate_init': 0.074393666800602, 'tol': 0.00015249166279966448, 'validation_fraction': 0.3933296628064656}
observation time 0.000005, current best -0.970076 at iter 35
suggestion time taken 0.011366 iter 36 next_points [{'alpha': 0.00610913957837824, 'batch_size': 171, 'beta_1': 0.6264191908940362, 'beta_2': 0.999903140667644, 'epsilon': 2.8059007031668666e-07, 'hidden_layer_sizes': 98, 'learning_rate_init': 0.00023674028356575252, 'tol': 2.262504112381408e-05, 'validation_fraction': 0.20084287943770665}]
function_evaluation time 10.337593 value -0.924139 suggestion {'alpha': 0.00610913957837824, 'batch_size': 171, 'beta_1': 0.6264191908940362, 'beta_2': 0.999903140667644, 'epsilon': 2.8059007031668666e-07, 'hidden_layer_sizes': 98, 'learning_rate_init': 0.00023674028356575252, 'tol': 2.262504112381408e-05, 'validation_fraction': 0.20084287943770665}
observation time 0.000005, current best -0.970076 at iter 36
suggestion time taken 0.011019 iter 37 next_points [{'alpha': 0.008534783859925128, 'batch_size': 69, 'beta_1': 0.5464678961215222, 'beta_2': 0.9993874232765881, 'epsilon': 8.256599910233621e-08, 'hidden_layer_sizes': 104, 'learning_rate_init': 0.0018560273663937006, 'tol': 2.3487648976150147e-05, 'validation_fraction': 0.37606917354315245}]
function_evaluation time 6.700480 value -0.958239 suggestion {'alpha': 0.008534783859925128, 'batch_size': 69, 'beta_1': 0.5464678961215222, 'beta_2': 0.9993874232765881, 'epsilon': 8.256599910233621e-08, 'hidden_layer_sizes': 104, 'learning_rate_init': 0.0018560273663937006, 'tol': 2.3487648976150147e-05, 'validation_fraction': 0.37606917354315245}
observation time 0.000005, current best -0.970076 at iter 37
suggestion time taken 0.010835 iter 38 next_points [{'alpha': 0.2509487694504318, 'batch_size': 165, 'beta_1': 0.8169544833193437, 'beta_2': 0.9999896304335915, 'epsilon': 1.6406015748813488e-08, 'hidden_layer_sizes': 158, 'learning_rate_init': 0.012698366607595933, 'tol': 0.009509992936476853, 'validation_fraction': 0.12632816347213033}]
function_evaluation time 2.790113 value -0.960334 suggestion {'alpha': 0.2509487694504318, 'batch_size': 165, 'beta_1': 0.8169544833193437, 'beta_2': 0.9999896304335915, 'epsilon': 1.6406015748813488e-08, 'hidden_layer_sizes': 158, 'learning_rate_init': 0.012698366607595933, 'tol': 0.009509992936476853, 'validation_fraction': 0.12632816347213033}
observation time 0.000005, current best -0.970076 at iter 38
suggestion time taken 0.010886 iter 39 next_points [{'alpha': 0.10118545171371482, 'batch_size': 241, 'beta_1': 0.9258224809750389, 'beta_2': 0.9984336099158174, 'epsilon': 1.6263114947750574e-09, 'hidden_layer_sizes': 179, 'learning_rate_init': 0.002380364535272911, 'tol': 0.0015981621762915165, 'validation_fraction': 0.6379852681250198}]
function_evaluation time 3.385978 value -0.939462 suggestion {'alpha': 0.10118545171371482, 'batch_size': 241, 'beta_1': 0.9258224809750389, 'beta_2': 0.9984336099158174, 'epsilon': 1.6263114947750574e-09, 'hidden_layer_sizes': 179, 'learning_rate_init': 0.002380364535272911, 'tol': 0.0015981621762915165, 'validation_fraction': 0.6379852681250198}
observation time 0.000004, current best -0.970076 at iter 39
suggestion time taken 0.010612 iter 40 next_points [{'alpha': 2.7399650583638726, 'batch_size': 223, 'beta_1': 0.9065509615058316, 'beta_2': 0.9866529767496626, 'epsilon': 1.1325815260318517e-09, 'hidden_layer_sizes': 150, 'learning_rate_init': 0.0023043727515382295, 'tol': 1.7833335063740774e-05, 'validation_fraction': 0.2227845230181507}]
function_evaluation time 4.832124 value -0.932532 suggestion {'alpha': 2.7399650583638726, 'batch_size': 223, 'beta_1': 0.9065509615058316, 'beta_2': 0.9866529767496626, 'epsilon': 1.1325815260318517e-09, 'hidden_layer_sizes': 150, 'learning_rate_init': 0.0023043727515382295, 'tol': 1.7833335063740774e-05, 'validation_fraction': 0.2227845230181507}
observation time 0.000005, current best -0.970076 at iter 40
suggestion time taken 0.010931 iter 41 next_points [{'alpha': 1.5633452146003182, 'batch_size': 70, 'beta_1': 0.6277840195596315, 'beta_2': 0.9999089444150252, 'epsilon': 1.6194191085168318e-07, 'hidden_layer_sizes': 54, 'learning_rate_init': 0.0003360974175807056, 'tol': 4.8516396591551396e-05, 'validation_fraction': 0.3710089541384702}]
function_evaluation time 10.160303 value -0.931102 suggestion {'alpha': 1.5633452146003182, 'batch_size': 70, 'beta_1': 0.6277840195596315, 'beta_2': 0.9999089444150252, 'epsilon': 1.6194191085168318e-07, 'hidden_layer_sizes': 54, 'learning_rate_init': 0.0003360974175807056, 'tol': 4.8516396591551396e-05, 'validation_fraction': 0.3710089541384702}
observation time 0.000005, current best -0.970076 at iter 41
suggestion time taken 0.012373 iter 42 next_points [{'alpha': 0.0018327156347378829, 'batch_size': 234, 'beta_1': 0.9773751610788799, 'beta_2': 0.9998918392136456, 'epsilon': 6.924331418028751e-07, 'hidden_layer_sizes': 126, 'learning_rate_init': 0.002165473952726071, 'tol': 4.0735929150955e-05, 'validation_fraction': 0.2685559556099846}]
function_evaluation time 4.130565 value -0.947108 suggestion {'alpha': 0.0018327156347378829, 'batch_size': 234, 'beta_1': 0.9773751610788799, 'beta_2': 0.9998918392136456, 'epsilon': 6.924331418028751e-07, 'hidden_layer_sizes': 126, 'learning_rate_init': 0.002165473952726071, 'tol': 4.0735929150955e-05, 'validation_fraction': 0.2685559556099846}
observation time 0.000005, current best -0.970076 at iter 42
suggestion time taken 0.011306 iter 43 next_points [{'alpha': 0.09441610010095446, 'batch_size': 207, 'beta_1': 0.986322004778087, 'beta_2': 0.9955451180014463, 'epsilon': 1.4601448530601927e-08, 'hidden_layer_sizes': 110, 'learning_rate_init': 0.02265658523669909, 'tol': 1.2485284993282508e-05, 'validation_fraction': 0.6240921221130836}]
function_evaluation time 3.096578 value -0.905367 suggestion {'alpha': 0.09441610010095446, 'batch_size': 207, 'beta_1': 0.986322004778087, 'beta_2': 0.9955451180014463, 'epsilon': 1.4601448530601927e-08, 'hidden_layer_sizes': 110, 'learning_rate_init': 0.02265658523669909, 'tol': 1.2485284993282508e-05, 'validation_fraction': 0.6240921221130836}
observation time 0.000005, current best -0.970076 at iter 43
suggestion time taken 0.013568 iter 44 next_points [{'alpha': 2.3522390738227834, 'batch_size': 119, 'beta_1': 0.989426301038179, 'beta_2': 0.9308933771569264, 'epsilon': 2.5363734249769584e-07, 'hidden_layer_sizes': 120, 'learning_rate_init': 0.0002491715785900399, 'tol': 6.889143621542954e-05, 'validation_fraction': 0.8919707577565649}]
function_evaluation time 5.661774 value -0.591100 suggestion {'alpha': 2.3522390738227834, 'batch_size': 119, 'beta_1': 0.989426301038179, 'beta_2': 0.9308933771569264, 'epsilon': 2.5363734249769584e-07, 'hidden_layer_sizes': 120, 'learning_rate_init': 0.0002491715785900399, 'tol': 6.889143621542954e-05, 'validation_fraction': 0.8919707577565649}
observation time 0.000005, current best -0.970076 at iter 44
saving meta data: {'args': {'--uuid': '1878a6c6ca6a55b09195b0a2206a25a7', '-db-root': '/home/ryedida/bbo_challenge_starter_kit/output', '--opt-root': '/home/ryedida/bbo_challenge_starter_kit/example_submissions', '--data-root': None, '--db': 'run_20231013_221308', '--opt': 'random', '--data': 'digits', '--classifier': 'MLP-adam', '--metric': 'acc', '--calls': 45, '--suggestions': 1, '--jobs-file': None, '--verbose': False, 'dry_run': False, 'rev': 'a376313', 'opt_rev': '0.0.8'}, 'signature': ([{'alpha': 0.019628224813442792, 'batch_size': 182, 'beta_1': 0.9410202200271762, 'beta_2': 0.9998021557676793, 'epsilon': 1.8662266976518e-08, 'hidden_layer_sizes': 147, 'learning_rate_init': 0.0005627932047415167, 'tol': 0.03690557729213761, 'validation_fraction': 0.8846827852548593}, {'alpha': 0.001998246739232944, 'batch_size': 200, 'beta_1': 0.919111482530466, 'beta_2': 0.9998488260436156, 'epsilon': 5.981221901152555e-07, 'hidden_layer_sizes': 61, 'learning_rate_init': 2.2310905607443014e-05, 'tol': 1.2046852412030316e-05, 'validation_fraction': 0.8117896445826539}, {'alpha': 0.46659545670218433, 'batch_size': 219, 'beta_1': 0.9889789783750891, 'beta_2': 0.9999896868093284, 'epsilon': 2.4234724484675948e-08, 'hidden_layer_sizes': 167, 'learning_rate_init': 2.972334644335654e-05, 'tol': 0.0036281404040243792, 'validation_fraction': 0.17260651658522078}, {'alpha': 4.656005689076002, 'batch_size': 135, 'beta_1': 0.870503881627747, 'beta_2': 0.9948873266941017, 'epsilon': 2.1023308743480125e-07, 'hidden_layer_sizes': 118, 'learning_rate_init': 0.001878173875716191, 'tol': 1.1889379831773006e-05, 'validation_fraction': 0.6264327093752792}, {'alpha': 0.04705159350400542, 'batch_size': 158, 'beta_1': 0.9870884262730957, 'beta_2': 0.9999596874382349, 'epsilon': 1.1981845126013875e-08, 'hidden_layer_sizes': 116, 'learning_rate_init': 0.006173405204074311, 'tol': 1.7414134181586194e-05, 'validation_fraction': 0.6754299026638921}], [-0.21081107239643826, -0.1295489740611692, -0.27999177313201706, -0.9422522260936896, -0.9332050909794812])}
saving results
saving timing
saving suggest log
done
