running: {'--uuid': '33c1777287e159f4878b11268d268e25', '-db-root': '/home/ryedida/bbo_challenge_starter_kit/output', '--opt-root': '/home/ryedida/bbo_challenge_starter_kit/example_submissions', '--data-root': None, '--db': 'run_20231013_221308', '--opt': 'random', '--data': 'digits', '--classifier': 'MLP-adam', '--metric': 'nll', '--calls': 45, '--suggestions': 1, '--jobs-file': None, '--verbose': False, 'dry_run': False, 'rev': 'a376313', 'opt_rev': '0.0.8'}
cmd: python /home/ryedida/.local/bin/bayesmark-exp -c MLP-adam -d digits -o random -u 33c1777287e159f4878b11268d268e25 -m nll -n 45 -p 1 -dir /home/ryedida/bbo_challenge_starter_kit/output -b run_20231013_221308
/home/ryedida/.local/lib/python3.8/site-packages/sklearn/neural_network/_multilayer_perceptron.py:621: UserWarning: Got `batch_size` less than 1 or larger than sample size. It is going to be clipped
  warnings.warn(

/home/ryedida/.local/lib/python3.8/site-packages/sklearn/neural_network/_multilayer_perceptron.py:702: ConvergenceWarning: Stochastic Optimizer: Maximum iterations (200) reached and the optimization hasn't converged yet.
  warnings.warn(

computed signature: ([{'alpha': 0.019628224813442792, 'batch_size': 182, 'beta_1': 0.9410202200271762, 'beta_2': 0.9998021557676793, 'epsilon': 1.8662266976518e-08, 'hidden_layer_sizes': 147, 'learning_rate_init': 0.0005627932047415167, 'tol': 0.03690557729213761, 'validation_fraction': 0.8846827852548593}, {'alpha': 0.001998246739232944, 'batch_size': 200, 'beta_1': 0.919111482530466, 'beta_2': 0.9998488260436156, 'epsilon': 5.981221901152555e-07, 'hidden_layer_sizes': 61, 'learning_rate_init': 2.2310905607443014e-05, 'tol': 1.2046852412030316e-05, 'validation_fraction': 0.8117896445826539}, {'alpha': 0.46659545670218433, 'batch_size': 219, 'beta_1': 0.9889789783750891, 'beta_2': 0.9999896868093284, 'epsilon': 2.4234724484675948e-08, 'hidden_layer_sizes': 167, 'learning_rate_init': 2.972334644335654e-05, 'tol': 0.0036281404040243792, 'validation_fraction': 0.17260651658522078}, {'alpha': 4.656005689076002, 'batch_size': 135, 'beta_1': 0.870503881627747, 'beta_2': 0.9948873266941017, 'epsilon': 2.1023308743480125e-07, 'hidden_layer_sizes': 118, 'learning_rate_init': 0.001878173875716191, 'tol': 1.1889379831773006e-05, 'validation_fraction': 0.6264327093752792}, {'alpha': 0.04705159350400542, 'batch_size': 158, 'beta_1': 0.9870884262730957, 'beta_2': 0.9999596874382349, 'epsilon': 1.1981845126013875e-08, 'hidden_layer_sizes': 116, 'learning_rate_init': 0.006173405204074311, 'tol': 1.7414134181586194e-05, 'validation_fraction': 0.6754299026638921}], [4.8709522768835765, 9.710667750887517, 5.950791832993735, 0.19438427080405424, 0.25190216699945633])
/home/ryedida/.local/lib/python3.8/site-packages/bayesmark/experiment.py:470: UserWarning: Baselines not found. Will not log intermediate scores.
  warnings.warn("Baselines not found. Will not log intermediate scores.")

starting sklearn study random MLP-adam digits nll 45 1
with data root: None
suggestion time taken 0.011551 iter 0 next_points [{'alpha': 5.046953006609646e-05, 'batch_size': 214, 'beta_1': 0.9606722472741736, 'beta_2': 0.9994228495049473, 'epsilon': 3.4007262172913125e-09, 'hidden_layer_sizes': 168, 'learning_rate_init': 0.0001559053788611748, 'tol': 0.00866412401799746, 'validation_fraction': 0.13798941000663775}]
function_evaluation time 5.385301 value 0.378504 suggestion {'alpha': 5.046953006609646e-05, 'batch_size': 214, 'beta_1': 0.9606722472741736, 'beta_2': 0.9994228495049473, 'epsilon': 3.4007262172913125e-09, 'hidden_layer_sizes': 168, 'learning_rate_init': 0.0001559053788611748, 'tol': 0.00866412401799746, 'validation_fraction': 0.13798941000663775}
observation time 0.000003, current best 0.378504 at iter 0
suggestion time taken 0.010716 iter 1 next_points [{'alpha': 5.8233910171428, 'batch_size': 211, 'beta_1': 0.9875979644596516, 'beta_2': 0.999737570577476, 'epsilon': 6.36356934918011e-08, 'hidden_layer_sizes': 61, 'learning_rate_init': 0.050315406775351464, 'tol': 1.518199283711296e-05, 'validation_fraction': 0.1089296033646028}]
function_evaluation time 2.459234 value 0.252990 suggestion {'alpha': 5.8233910171428, 'batch_size': 211, 'beta_1': 0.9875979644596516, 'beta_2': 0.999737570577476, 'epsilon': 6.36356934918011e-08, 'hidden_layer_sizes': 61, 'learning_rate_init': 0.050315406775351464, 'tol': 1.518199283711296e-05, 'validation_fraction': 0.1089296033646028}
observation time 0.000003, current best 0.252990 at iter 1
suggestion time taken 0.010393 iter 2 next_points [{'alpha': 1.6721692056427329, 'batch_size': 184, 'beta_1': 0.7960426275205938, 'beta_2': 0.9998931976116514, 'epsilon': 6.588882576767818e-09, 'hidden_layer_sizes': 73, 'learning_rate_init': 0.0031077850874057815, 'tol': 5.03795663899073e-05, 'validation_fraction': 0.7140969707596341}]
function_evaluation time 3.415238 value 0.239037 suggestion {'alpha': 1.6721692056427329, 'batch_size': 184, 'beta_1': 0.7960426275205938, 'beta_2': 0.9998931976116514, 'epsilon': 6.588882576767818e-09, 'hidden_layer_sizes': 73, 'learning_rate_init': 0.0031077850874057815, 'tol': 5.03795663899073e-05, 'validation_fraction': 0.7140969707596341}
observation time 0.000004, current best 0.239037 at iter 2
suggestion time taken 0.010774 iter 3 next_points [{'alpha': 0.6640736789372709, 'batch_size': 179, 'beta_1': 0.9711418632277697, 'beta_2': 0.9977064006923588, 'epsilon': 5.234109083181121e-08, 'hidden_layer_sizes': 172, 'learning_rate_init': 0.002677444461366928, 'tol': 5.311492501017426e-05, 'validation_fraction': 0.10814141324995798}]
function_evaluation time 3.007648 value 0.154932 suggestion {'alpha': 0.6640736789372709, 'batch_size': 179, 'beta_1': 0.9711418632277697, 'beta_2': 0.9977064006923588, 'epsilon': 5.234109083181121e-08, 'hidden_layer_sizes': 172, 'learning_rate_init': 0.002677444461366928, 'tol': 5.311492501017426e-05, 'validation_fraction': 0.10814141324995798}
observation time 0.000004, current best 0.154932 at iter 3
suggestion time taken 0.011726 iter 4 next_points [{'alpha': 0.0002798317601919993, 'batch_size': 70, 'beta_1': 0.9875381431704744, 'beta_2': 0.9999625387220107, 'epsilon': 2.0732456798277498e-07, 'hidden_layer_sizes': 95, 'learning_rate_init': 0.027752972850323104, 'tol': 3.282289101565912e-05, 'validation_fraction': 0.6158264849133626}]
function_evaluation time 3.080487 value 0.684047 suggestion {'alpha': 0.0002798317601919993, 'batch_size': 70, 'beta_1': 0.9875381431704744, 'beta_2': 0.9999625387220107, 'epsilon': 2.0732456798277498e-07, 'hidden_layer_sizes': 95, 'learning_rate_init': 0.027752972850323104, 'tol': 3.282289101565912e-05, 'validation_fraction': 0.6158264849133626}
observation time 0.000004, current best 0.154932 at iter 4
suggestion time taken 0.010476 iter 5 next_points [{'alpha': 1.7937024620599485e-05, 'batch_size': 224, 'beta_1': 0.9665591501588477, 'beta_2': 0.9608825541272666, 'epsilon': 1.1169544365567984e-08, 'hidden_layer_sizes': 174, 'learning_rate_init': 0.0025434530052804065, 'tol': 0.027436740329310347, 'validation_fraction': 0.8903628641641257}]
/home/ryedida/.local/lib/python3.8/site-packages/sklearn/neural_network/_multilayer_perceptron.py:621: UserWarning: Got `batch_size` less than 1 or larger than sample size. It is going to be clipped
  warnings.warn(

function_evaluation time 0.985839 value 0.548251 suggestion {'alpha': 1.7937024620599485e-05, 'batch_size': 224, 'beta_1': 0.9665591501588477, 'beta_2': 0.9608825541272666, 'epsilon': 1.1169544365567984e-08, 'hidden_layer_sizes': 174, 'learning_rate_init': 0.0025434530052804065, 'tol': 0.027436740329310347, 'validation_fraction': 0.8903628641641257}
observation time 0.000003, current best 0.154932 at iter 5
suggestion time taken 0.011494 iter 6 next_points [{'alpha': 2.063959147949675e-05, 'batch_size': 238, 'beta_1': 0.9636336212148325, 'beta_2': 0.9068925832207512, 'epsilon': 1.4243227407672056e-09, 'hidden_layer_sizes': 198, 'learning_rate_init': 0.00014770678588268355, 'tol': 0.001134207375574958, 'validation_fraction': 0.102612959845632}]
function_evaluation time 6.404413 value 0.171794 suggestion {'alpha': 2.063959147949675e-05, 'batch_size': 238, 'beta_1': 0.9636336212148325, 'beta_2': 0.9068925832207512, 'epsilon': 1.4243227407672056e-09, 'hidden_layer_sizes': 198, 'learning_rate_init': 0.00014770678588268355, 'tol': 0.001134207375574958, 'validation_fraction': 0.102612959845632}
observation time 0.000003, current best 0.154932 at iter 6
suggestion time taken 0.011366 iter 7 next_points [{'alpha': 0.03817987248034141, 'batch_size': 147, 'beta_1': 0.9587167045759075, 'beta_2': 0.9976123120209219, 'epsilon': 3.2332132517066895e-09, 'hidden_layer_sizes': 187, 'learning_rate_init': 0.009918782337459367, 'tol': 1.772389522781889e-05, 'validation_fraction': 0.8112995538347749}]
function_evaluation time 2.098933 value 0.300780 suggestion {'alpha': 0.03817987248034141, 'batch_size': 147, 'beta_1': 0.9587167045759075, 'beta_2': 0.9976123120209219, 'epsilon': 3.2332132517066895e-09, 'hidden_layer_sizes': 187, 'learning_rate_init': 0.009918782337459367, 'tol': 1.772389522781889e-05, 'validation_fraction': 0.8112995538347749}
observation time 0.000003, current best 0.154932 at iter 7
suggestion time taken 0.010708 iter 8 next_points [{'alpha': 0.12897617745602863, 'batch_size': 40, 'beta_1': 0.9083657827783335, 'beta_2': 0.9878369870287013, 'epsilon': 2.5537896571628046e-08, 'hidden_layer_sizes': 56, 'learning_rate_init': 0.015661480533237994, 'tol': 4.622519676838133e-05, 'validation_fraction': 0.10450563423842575}]
function_evaluation time 4.000103 value 0.202731 suggestion {'alpha': 0.12897617745602863, 'batch_size': 40, 'beta_1': 0.9083657827783335, 'beta_2': 0.9878369870287013, 'epsilon': 2.5537896571628046e-08, 'hidden_layer_sizes': 56, 'learning_rate_init': 0.015661480533237994, 'tol': 4.622519676838133e-05, 'validation_fraction': 0.10450563423842575}
observation time 0.000003, current best 0.154932 at iter 8
suggestion time taken 0.010690 iter 9 next_points [{'alpha': 0.00800250428334814, 'batch_size': 120, 'beta_1': 0.9434586752666406, 'beta_2': 0.9999044931949044, 'epsilon': 4.734298035487559e-08, 'hidden_layer_sizes': 111, 'learning_rate_init': 0.0001209819965244836, 'tol': 0.0037288500746012012, 'validation_fraction': 0.7836664946717139}]
function_evaluation time 2.360499 value 7.110715 suggestion {'alpha': 0.00800250428334814, 'batch_size': 120, 'beta_1': 0.9434586752666406, 'beta_2': 0.9999044931949044, 'epsilon': 4.734298035487559e-08, 'hidden_layer_sizes': 111, 'learning_rate_init': 0.0001209819965244836, 'tol': 0.0037288500746012012, 'validation_fraction': 0.7836664946717139}
observation time 0.000003, current best 0.154932 at iter 9
suggestion time taken 0.010839 iter 10 next_points [{'alpha': 1.7335393081904462, 'batch_size': 125, 'beta_1': 0.5170671328387425, 'beta_2': 0.9983843214690784, 'epsilon': 1.6504138510976247e-09, 'hidden_layer_sizes': 110, 'learning_rate_init': 7.423085257616712e-05, 'tol': 0.0014686968756631672, 'validation_fraction': 0.8356294336290374}]
function_evaluation time 4.275511 value 3.839087 suggestion {'alpha': 1.7335393081904462, 'batch_size': 125, 'beta_1': 0.5170671328387425, 'beta_2': 0.9983843214690784, 'epsilon': 1.6504138510976247e-09, 'hidden_layer_sizes': 110, 'learning_rate_init': 7.423085257616712e-05, 'tol': 0.0014686968756631672, 'validation_fraction': 0.8356294336290374}
observation time 0.000003, current best 0.154932 at iter 10
suggestion time taken 0.010535 iter 11 next_points [{'alpha': 0.005388378038155927, 'batch_size': 71, 'beta_1': 0.9554872285063837, 'beta_2': 0.9366322190901677, 'epsilon': 1.9485481885206695e-07, 'hidden_layer_sizes': 195, 'learning_rate_init': 0.000203496330412025, 'tol': 0.00017290396245833075, 'validation_fraction': 0.4674016134010809}]
function_evaluation time 7.212767 value 0.130386 suggestion {'alpha': 0.005388378038155927, 'batch_size': 71, 'beta_1': 0.9554872285063837, 'beta_2': 0.9366322190901677, 'epsilon': 1.9485481885206695e-07, 'hidden_layer_sizes': 195, 'learning_rate_init': 0.000203496330412025, 'tol': 0.00017290396245833075, 'validation_fraction': 0.4674016134010809}
observation time 0.000003, current best 0.130386 at iter 11
suggestion time taken 0.010867 iter 12 next_points [{'alpha': 2.514229297440817, 'batch_size': 130, 'beta_1': 0.82950278542991, 'beta_2': 0.9964797925040157, 'epsilon': 5.74204975105167e-07, 'hidden_layer_sizes': 112, 'learning_rate_init': 0.0025081847902371657, 'tol': 0.00018777729346649663, 'validation_fraction': 0.6317350800225572}]
function_evaluation time 2.879596 value 0.224387 suggestion {'alpha': 2.514229297440817, 'batch_size': 130, 'beta_1': 0.82950278542991, 'beta_2': 0.9964797925040157, 'epsilon': 5.74204975105167e-07, 'hidden_layer_sizes': 112, 'learning_rate_init': 0.0025081847902371657, 'tol': 0.00018777729346649663, 'validation_fraction': 0.6317350800225572}
observation time 0.000003, current best 0.130386 at iter 12
suggestion time taken 0.010613 iter 13 next_points [{'alpha': 0.030317715128754336, 'batch_size': 108, 'beta_1': 0.8745366394836506, 'beta_2': 0.9999773375282907, 'epsilon': 4.937406533299441e-09, 'hidden_layer_sizes': 168, 'learning_rate_init': 0.0007953303123881153, 'tol': 4.352942292705354e-05, 'validation_fraction': 0.11873342382179021}]
function_evaluation time 4.557289 value 0.139811 suggestion {'alpha': 0.030317715128754336, 'batch_size': 108, 'beta_1': 0.8745366394836506, 'beta_2': 0.9999773375282907, 'epsilon': 4.937406533299441e-09, 'hidden_layer_sizes': 168, 'learning_rate_init': 0.0007953303123881153, 'tol': 4.352942292705354e-05, 'validation_fraction': 0.11873342382179021}
observation time 0.000003, current best 0.130386 at iter 13
suggestion time taken 0.010475 iter 14 next_points [{'alpha': 1.027139038345541, 'batch_size': 58, 'beta_1': 0.7555858227921314, 'beta_2': 0.999988604863904, 'epsilon': 9.594479864522396e-09, 'hidden_layer_sizes': 172, 'learning_rate_init': 5.535239696770891e-05, 'tol': 1.6858869152076083e-05, 'validation_fraction': 0.591933515411952}]
function_evaluation time 17.761974 value 0.314386 suggestion {'alpha': 1.027139038345541, 'batch_size': 58, 'beta_1': 0.7555858227921314, 'beta_2': 0.999988604863904, 'epsilon': 9.594479864522396e-09, 'hidden_layer_sizes': 172, 'learning_rate_init': 5.535239696770891e-05, 'tol': 1.6858869152076083e-05, 'validation_fraction': 0.591933515411952}
observation time 0.000003, current best 0.130386 at iter 14
suggestion time taken 0.011998 iter 15 next_points [{'alpha': 2.936940997456811, 'batch_size': 70, 'beta_1': 0.9167757538800404, 'beta_2': 0.9957075623018085, 'epsilon': 3.163286678238797e-09, 'hidden_layer_sizes': 132, 'learning_rate_init': 0.06828031099229546, 'tol': 0.00017977304622508505, 'validation_fraction': 0.48890888896609114}]
function_evaluation time 2.653182 value 0.216198 suggestion {'alpha': 2.936940997456811, 'batch_size': 70, 'beta_1': 0.9167757538800404, 'beta_2': 0.9957075623018085, 'epsilon': 3.163286678238797e-09, 'hidden_layer_sizes': 132, 'learning_rate_init': 0.06828031099229546, 'tol': 0.00017977304622508505, 'validation_fraction': 0.48890888896609114}
observation time 0.000015, current best 0.130386 at iter 15
suggestion time taken 0.010319 iter 16 next_points [{'alpha': 0.022269737152816705, 'batch_size': 239, 'beta_1': 0.8317458221398559, 'beta_2': 0.9999899152622184, 'epsilon': 2.6527007498747897e-08, 'hidden_layer_sizes': 79, 'learning_rate_init': 0.03979666297025376, 'tol': 0.012558404314968801, 'validation_fraction': 0.8159404993036194}]
function_evaluation time 1.080798 value 0.427022 suggestion {'alpha': 0.022269737152816705, 'batch_size': 239, 'beta_1': 0.8317458221398559, 'beta_2': 0.9999899152622184, 'epsilon': 2.6527007498747897e-08, 'hidden_layer_sizes': 79, 'learning_rate_init': 0.03979666297025376, 'tol': 0.012558404314968801, 'validation_fraction': 0.8159404993036194}
observation time 0.000003, current best 0.130386 at iter 16
suggestion time taken 0.010591 iter 17 next_points [{'alpha': 0.0015064189315597367, 'batch_size': 80, 'beta_1': 0.783413118480749, 'beta_2': 0.9999120581173194, 'epsilon': 5.471573093498267e-07, 'hidden_layer_sizes': 85, 'learning_rate_init': 0.004067316643513435, 'tol': 0.0031481342686953805, 'validation_fraction': 0.22047905704287174}]
function_evaluation time 3.620767 value 0.127502 suggestion {'alpha': 0.0015064189315597367, 'batch_size': 80, 'beta_1': 0.783413118480749, 'beta_2': 0.9999120581173194, 'epsilon': 5.471573093498267e-07, 'hidden_layer_sizes': 85, 'learning_rate_init': 0.004067316643513435, 'tol': 0.0031481342686953805, 'validation_fraction': 0.22047905704287174}
observation time 0.000003, current best 0.127502 at iter 17
suggestion time taken 0.010559 iter 18 next_points [{'alpha': 0.0050196815965665035, 'batch_size': 163, 'beta_1': 0.8130801661331767, 'beta_2': 0.999876678493932, 'epsilon': 5.632449328047998e-07, 'hidden_layer_sizes': 116, 'learning_rate_init': 0.003781644392928013, 'tol': 0.028865506227735163, 'validation_fraction': 0.8406008406694149}]
function_evaluation time 0.831349 value 0.429590 suggestion {'alpha': 0.0050196815965665035, 'batch_size': 163, 'beta_1': 0.8130801661331767, 'beta_2': 0.999876678493932, 'epsilon': 5.632449328047998e-07, 'hidden_layer_sizes': 116, 'learning_rate_init': 0.003781644392928013, 'tol': 0.028865506227735163, 'validation_fraction': 0.8406008406694149}
observation time 0.000003, current best 0.127502 at iter 18
suggestion time taken 0.010613 iter 19 next_points [{'alpha': 0.0007368662246000588, 'batch_size': 136, 'beta_1': 0.7798826536808415, 'beta_2': 0.9900374013014888, 'epsilon': 3.6644383204089234e-08, 'hidden_layer_sizes': 112, 'learning_rate_init': 0.0019490463009857043, 'tol': 0.0821168627950285, 'validation_fraction': 0.7677227869827266}]
function_evaluation time 0.736366 value 0.415823 suggestion {'alpha': 0.0007368662246000588, 'batch_size': 136, 'beta_1': 0.7798826536808415, 'beta_2': 0.9900374013014888, 'epsilon': 3.6644383204089234e-08, 'hidden_layer_sizes': 112, 'learning_rate_init': 0.0019490463009857043, 'tol': 0.0821168627950285, 'validation_fraction': 0.7677227869827266}
observation time 0.000004, current best 0.127502 at iter 19
suggestion time taken 0.010385 iter 20 next_points [{'alpha': 0.002097501238843902, 'batch_size': 221, 'beta_1': 0.7715231396754926, 'beta_2': 0.962389070018399, 'epsilon': 1.8668533035625183e-09, 'hidden_layer_sizes': 75, 'learning_rate_init': 0.0001559609310205561, 'tol': 0.0006005026544848462, 'validation_fraction': 0.5486389834454}]
function_evaluation time 9.252544 value 0.227600 suggestion {'alpha': 0.002097501238843902, 'batch_size': 221, 'beta_1': 0.7715231396754926, 'beta_2': 0.962389070018399, 'epsilon': 1.8668533035625183e-09, 'hidden_layer_sizes': 75, 'learning_rate_init': 0.0001559609310205561, 'tol': 0.0006005026544848462, 'validation_fraction': 0.5486389834454}
observation time 0.000003, current best 0.127502 at iter 20
suggestion time taken 0.011219 iter 21 next_points [{'alpha': 1.1672707537586985e-05, 'batch_size': 246, 'beta_1': 0.8086175761718121, 'beta_2': 0.9999956102586403, 'epsilon': 4.727775259973303e-08, 'hidden_layer_sizes': 130, 'learning_rate_init': 1.0767256088524571e-05, 'tol': 2.1313301046688664e-05, 'validation_fraction': 0.43180039708491935}]
function_evaluation time 1.880098 value 8.247882 suggestion {'alpha': 1.1672707537586985e-05, 'batch_size': 246, 'beta_1': 0.8086175761718121, 'beta_2': 0.9999956102586403, 'epsilon': 4.727775259973303e-08, 'hidden_layer_sizes': 130, 'learning_rate_init': 1.0767256088524571e-05, 'tol': 2.1313301046688664e-05, 'validation_fraction': 0.43180039708491935}
observation time 0.000003, current best 0.127502 at iter 21
suggestion time taken 0.010410 iter 22 next_points [{'alpha': 2.2460489488712877e-05, 'batch_size': 90, 'beta_1': 0.8363215381648123, 'beta_2': 0.9996212256162885, 'epsilon': 3.181300988965591e-07, 'hidden_layer_sizes': 97, 'learning_rate_init': 0.0003147320922809469, 'tol': 0.00013237149692958702, 'validation_fraction': 0.47282217809390165}]
function_evaluation time 7.195832 value 0.251753 suggestion {'alpha': 2.2460489488712877e-05, 'batch_size': 90, 'beta_1': 0.8363215381648123, 'beta_2': 0.9996212256162885, 'epsilon': 3.181300988965591e-07, 'hidden_layer_sizes': 97, 'learning_rate_init': 0.0003147320922809469, 'tol': 0.00013237149692958702, 'validation_fraction': 0.47282217809390165}
observation time 0.000003, current best 0.127502 at iter 22
suggestion time taken 0.010399 iter 23 next_points [{'alpha': 0.019274679221296456, 'batch_size': 23, 'beta_1': 0.9688288193833523, 'beta_2': 0.9999974079031281, 'epsilon': 1.7712764529824744e-09, 'hidden_layer_sizes': 179, 'learning_rate_init': 0.016385193256793856, 'tol': 0.03941179283384586, 'validation_fraction': 0.5536081316859883}]
function_evaluation time 2.925312 value 0.209412 suggestion {'alpha': 0.019274679221296456, 'batch_size': 23, 'beta_1': 0.9688288193833523, 'beta_2': 0.9999974079031281, 'epsilon': 1.7712764529824744e-09, 'hidden_layer_sizes': 179, 'learning_rate_init': 0.016385193256793856, 'tol': 0.03941179283384586, 'validation_fraction': 0.5536081316859883}
observation time 0.000004, current best 0.127502 at iter 23
suggestion time taken 0.012536 iter 24 next_points [{'alpha': 0.006726176429688552, 'batch_size': 121, 'beta_1': 0.878155691636771, 'beta_2': 0.999849560767947, 'epsilon': 4.409619386423403e-07, 'hidden_layer_sizes': 110, 'learning_rate_init': 0.0034583026253304353, 'tol': 0.02567069598109492, 'validation_fraction': 0.24340891295261294}]
function_evaluation time 1.615478 value 0.142016 suggestion {'alpha': 0.006726176429688552, 'batch_size': 121, 'beta_1': 0.878155691636771, 'beta_2': 0.999849560767947, 'epsilon': 4.409619386423403e-07, 'hidden_layer_sizes': 110, 'learning_rate_init': 0.0034583026253304353, 'tol': 0.02567069598109492, 'validation_fraction': 0.24340891295261294}
observation time 0.000003, current best 0.127502 at iter 24
suggestion time taken 0.012070 iter 25 next_points [{'alpha': 0.12695229003338368, 'batch_size': 171, 'beta_1': 0.8883902156315595, 'beta_2': 0.9992398081596727, 'epsilon': 2.4096781130269466e-08, 'hidden_layer_sizes': 165, 'learning_rate_init': 0.0003473984493911017, 'tol': 0.07356002249416868, 'validation_fraction': 0.414815152071822}]
function_evaluation time 1.556931 value 0.629364 suggestion {'alpha': 0.12695229003338368, 'batch_size': 171, 'beta_1': 0.8883902156315595, 'beta_2': 0.9992398081596727, 'epsilon': 2.4096781130269466e-08, 'hidden_layer_sizes': 165, 'learning_rate_init': 0.0003473984493911017, 'tol': 0.07356002249416868, 'validation_fraction': 0.414815152071822}
observation time 0.000003, current best 0.127502 at iter 25
suggestion time taken 0.012153 iter 26 next_points [{'alpha': 7.672732353588726, 'batch_size': 182, 'beta_1': 0.8798417963828242, 'beta_2': 0.9998741013471065, 'epsilon': 1.374576199845e-08, 'hidden_layer_sizes': 175, 'learning_rate_init': 6.119770150390152e-05, 'tol': 0.004345821498418409, 'validation_fraction': 0.19444728869429237}]
function_evaluation time 11.880617 value 0.444398 suggestion {'alpha': 7.672732353588726, 'batch_size': 182, 'beta_1': 0.8798417963828242, 'beta_2': 0.9998741013471065, 'epsilon': 1.374576199845e-08, 'hidden_layer_sizes': 175, 'learning_rate_init': 6.119770150390152e-05, 'tol': 0.004345821498418409, 'validation_fraction': 0.19444728869429237}
observation time 0.000003, current best 0.127502 at iter 26
suggestion time taken 0.010813 iter 27 next_points [{'alpha': 0.00045859883555269415, 'batch_size': 145, 'beta_1': 0.8624724566235527, 'beta_2': 0.9999611505185191, 'epsilon': 2.5382947582504054e-08, 'hidden_layer_sizes': 84, 'learning_rate_init': 1.9944862182819606e-05, 'tol': 0.003144506189525522, 'validation_fraction': 0.22038271460969408}]
function_evaluation time 4.097900 value 8.251720 suggestion {'alpha': 0.00045859883555269415, 'batch_size': 145, 'beta_1': 0.8624724566235527, 'beta_2': 0.9999611505185191, 'epsilon': 2.5382947582504054e-08, 'hidden_layer_sizes': 84, 'learning_rate_init': 1.9944862182819606e-05, 'tol': 0.003144506189525522, 'validation_fraction': 0.22038271460969408}
observation time 0.000003, current best 0.127502 at iter 27
suggestion time taken 0.011821 iter 28 next_points [{'alpha': 3.035630549758934, 'batch_size': 47, 'beta_1': 0.952945189750251, 'beta_2': 0.9998892632531908, 'epsilon': 2.214901132983627e-08, 'hidden_layer_sizes': 187, 'learning_rate_init': 0.0002927049541807772, 'tol': 1.955072547793621e-05, 'validation_fraction': 0.3742377836808772}]
function_evaluation time 10.568119 value 0.164806 suggestion {'alpha': 3.035630549758934, 'batch_size': 47, 'beta_1': 0.952945189750251, 'beta_2': 0.9998892632531908, 'epsilon': 2.214901132983627e-08, 'hidden_layer_sizes': 187, 'learning_rate_init': 0.0002927049541807772, 'tol': 1.955072547793621e-05, 'validation_fraction': 0.3742377836808772}
observation time 0.000004, current best 0.127502 at iter 28
suggestion time taken 0.010432 iter 29 next_points [{'alpha': 0.016103196806930637, 'batch_size': 58, 'beta_1': 0.9497469826840784, 'beta_2': 0.9999948758531063, 'epsilon': 3.573728777863547e-09, 'hidden_layer_sizes': 77, 'learning_rate_init': 0.0004564834279096496, 'tol': 0.00033850201522122865, 'validation_fraction': 0.6658415166141598}]
function_evaluation time 7.970366 value 0.232105 suggestion {'alpha': 0.016103196806930637, 'batch_size': 58, 'beta_1': 0.9497469826840784, 'beta_2': 0.9999948758531063, 'epsilon': 3.573728777863547e-09, 'hidden_layer_sizes': 77, 'learning_rate_init': 0.0004564834279096496, 'tol': 0.00033850201522122865, 'validation_fraction': 0.6658415166141598}
observation time 0.000005, current best 0.127502 at iter 29
suggestion time taken 0.010725 iter 30 next_points [{'alpha': 1.1508570099965471e-05, 'batch_size': 243, 'beta_1': 0.9655547255104763, 'beta_2': 0.9709487905444588, 'epsilon': 7.592914910890597e-09, 'hidden_layer_sizes': 148, 'learning_rate_init': 0.0655363957354357, 'tol': 0.001280732471741103, 'validation_fraction': 0.4745567219118322}]
function_evaluation time 2.795886 value 2.902766 suggestion {'alpha': 1.1508570099965471e-05, 'batch_size': 243, 'beta_1': 0.9655547255104763, 'beta_2': 0.9709487905444588, 'epsilon': 7.592914910890597e-09, 'hidden_layer_sizes': 148, 'learning_rate_init': 0.0655363957354357, 'tol': 0.001280732471741103, 'validation_fraction': 0.4745567219118322}
observation time 0.000003, current best 0.127502 at iter 30
suggestion time taken 0.011400 iter 31 next_points [{'alpha': 0.0002615540948262694, 'batch_size': 41, 'beta_1': 0.9511210372541914, 'beta_2': 0.9799205487623057, 'epsilon': 2.60043117937021e-08, 'hidden_layer_sizes': 136, 'learning_rate_init': 0.01617489473268801, 'tol': 0.015617994682582494, 'validation_fraction': 0.8514782385820276}]
function_evaluation time 1.272415 value 0.469051 suggestion {'alpha': 0.0002615540948262694, 'batch_size': 41, 'beta_1': 0.9511210372541914, 'beta_2': 0.9799205487623057, 'epsilon': 2.60043117937021e-08, 'hidden_layer_sizes': 136, 'learning_rate_init': 0.01617489473268801, 'tol': 0.015617994682582494, 'validation_fraction': 0.8514782385820276}
observation time 0.000003, current best 0.127502 at iter 31
suggestion time taken 0.011826 iter 32 next_points [{'alpha': 4.408735045193626e-05, 'batch_size': 112, 'beta_1': 0.8696609575614161, 'beta_2': 0.9999962220931358, 'epsilon': 2.8366299458953957e-08, 'hidden_layer_sizes': 184, 'learning_rate_init': 0.000560439463118923, 'tol': 0.00011543485836595071, 'validation_fraction': 0.25418027182856073}]
function_evaluation time 6.205836 value 0.117072 suggestion {'alpha': 4.408735045193626e-05, 'batch_size': 112, 'beta_1': 0.8696609575614161, 'beta_2': 0.9999962220931358, 'epsilon': 2.8366299458953957e-08, 'hidden_layer_sizes': 184, 'learning_rate_init': 0.000560439463118923, 'tol': 0.00011543485836595071, 'validation_fraction': 0.25418027182856073}
observation time 0.000003, current best 0.117072 at iter 32
suggestion time taken 0.010422 iter 33 next_points [{'alpha': 0.005427604256419288, 'batch_size': 33, 'beta_1': 0.5836697337081976, 'beta_2': 0.996737334304013, 'epsilon': 5.875038484491271e-09, 'hidden_layer_sizes': 126, 'learning_rate_init': 1.1839218070824273e-05, 'tol': 0.0007247656673507535, 'validation_fraction': 0.31812638994805154}]
/home/ryedida/.local/lib/python3.8/site-packages/sklearn/neural_network/_multilayer_perceptron.py:702: ConvergenceWarning: Stochastic Optimizer: Maximum iterations (200) reached and the optimization hasn't converged yet.
  warnings.warn(

function_evaluation time 27.141802 value 4.001590 suggestion {'alpha': 0.005427604256419288, 'batch_size': 33, 'beta_1': 0.5836697337081976, 'beta_2': 0.996737334304013, 'epsilon': 5.875038484491271e-09, 'hidden_layer_sizes': 126, 'learning_rate_init': 1.1839218070824273e-05, 'tol': 0.0007247656673507535, 'validation_fraction': 0.31812638994805154}
observation time 0.000003, current best 0.117072 at iter 33
suggestion time taken 0.010427 iter 34 next_points [{'alpha': 0.006857583913547121, 'batch_size': 165, 'beta_1': 0.9864327951793654, 'beta_2': 0.9999911424158658, 'epsilon': 3.4743984587890255e-09, 'hidden_layer_sizes': 173, 'learning_rate_init': 0.05939228612305981, 'tol': 2.149609163262655e-05, 'validation_fraction': 0.3158274904398089}]
function_evaluation time 3.484581 value 1.529550 suggestion {'alpha': 0.006857583913547121, 'batch_size': 165, 'beta_1': 0.9864327951793654, 'beta_2': 0.9999911424158658, 'epsilon': 3.4743984587890255e-09, 'hidden_layer_sizes': 173, 'learning_rate_init': 0.05939228612305981, 'tol': 2.149609163262655e-05, 'validation_fraction': 0.3158274904398089}
observation time 0.000003, current best 0.117072 at iter 34
suggestion time taken 0.010291 iter 35 next_points [{'alpha': 0.00016678374062741857, 'batch_size': 111, 'beta_1': 0.7979467083210092, 'beta_2': 0.9999902008015378, 'epsilon': 1.247177612502516e-09, 'hidden_layer_sizes': 82, 'learning_rate_init': 0.00010535078066001231, 'tol': 1.2933573805984186e-05, 'validation_fraction': 0.42445144725562317}]
function_evaluation time 12.871351 value 0.296581 suggestion {'alpha': 0.00016678374062741857, 'batch_size': 111, 'beta_1': 0.7979467083210092, 'beta_2': 0.9999902008015378, 'epsilon': 1.247177612502516e-09, 'hidden_layer_sizes': 82, 'learning_rate_init': 0.00010535078066001231, 'tol': 1.2933573805984186e-05, 'validation_fraction': 0.42445144725562317}
observation time 0.000003, current best 0.117072 at iter 35
suggestion time taken 0.011479 iter 36 next_points [{'alpha': 5.086257625181661e-05, 'batch_size': 189, 'beta_1': 0.8476497689088085, 'beta_2': 0.9927618938380821, 'epsilon': 7.739120975531022e-07, 'hidden_layer_sizes': 162, 'learning_rate_init': 6.812087744528649e-05, 'tol': 2.2503219967711927e-05, 'validation_fraction': 0.10797937662156047}]
function_evaluation time 12.064548 value 0.278657 suggestion {'alpha': 5.086257625181661e-05, 'batch_size': 189, 'beta_1': 0.8476497689088085, 'beta_2': 0.9927618938380821, 'epsilon': 7.739120975531022e-07, 'hidden_layer_sizes': 162, 'learning_rate_init': 6.812087744528649e-05, 'tol': 2.2503219967711927e-05, 'validation_fraction': 0.10797937662156047}
observation time 0.000003, current best 0.117072 at iter 36
suggestion time taken 0.010570 iter 37 next_points [{'alpha': 2.2763522259799194, 'batch_size': 92, 'beta_1': 0.6497442736741066, 'beta_2': 0.9999966659866736, 'epsilon': 4.1056561528676194e-08, 'hidden_layer_sizes': 107, 'learning_rate_init': 0.0017762525887493412, 'tol': 0.00035126148665717193, 'validation_fraction': 0.32620151191577684}]
function_evaluation time 4.496346 value 0.134667 suggestion {'alpha': 2.2763522259799194, 'batch_size': 92, 'beta_1': 0.6497442736741066, 'beta_2': 0.9999966659866736, 'epsilon': 4.1056561528676194e-08, 'hidden_layer_sizes': 107, 'learning_rate_init': 0.0017762525887493412, 'tol': 0.00035126148665717193, 'validation_fraction': 0.32620151191577684}
observation time 0.000003, current best 0.117072 at iter 37
suggestion time taken 0.010479 iter 38 next_points [{'alpha': 0.0026509981282499865, 'batch_size': 244, 'beta_1': 0.7066876574831118, 'beta_2': 0.9505255229957615, 'epsilon': 9.106569042996741e-07, 'hidden_layer_sizes': 178, 'learning_rate_init': 3.039535444609105e-05, 'tol': 0.004797448575355598, 'validation_fraction': 0.7242538649213275}]
function_evaluation time 0.666564 value 7.511685 suggestion {'alpha': 0.0026509981282499865, 'batch_size': 244, 'beta_1': 0.7066876574831118, 'beta_2': 0.9505255229957615, 'epsilon': 9.106569042996741e-07, 'hidden_layer_sizes': 178, 'learning_rate_init': 3.039535444609105e-05, 'tol': 0.004797448575355598, 'validation_fraction': 0.7242538649213275}
observation time 0.000003, current best 0.117072 at iter 38
suggestion time taken 0.010768 iter 39 next_points [{'alpha': 0.19743456021751432, 'batch_size': 147, 'beta_1': 0.9853636133229826, 'beta_2': 0.9997321178432337, 'epsilon': 3.166892855543541e-08, 'hidden_layer_sizes': 72, 'learning_rate_init': 2.2241666555227442e-05, 'tol': 0.0014676842981537729, 'validation_fraction': 0.5510602066925101}]
function_evaluation time 2.480239 value 10.244917 suggestion {'alpha': 0.19743456021751432, 'batch_size': 147, 'beta_1': 0.9853636133229826, 'beta_2': 0.9997321178432337, 'epsilon': 3.166892855543541e-08, 'hidden_layer_sizes': 72, 'learning_rate_init': 2.2241666555227442e-05, 'tol': 0.0014676842981537729, 'validation_fraction': 0.5510602066925101}
observation time 0.000003, current best 0.117072 at iter 39
suggestion time taken 0.010358 iter 40 next_points [{'alpha': 5.2647051287594186e-05, 'batch_size': 246, 'beta_1': 0.5418387682982944, 'beta_2': 0.9790798068807802, 'epsilon': 5.928927792138481e-07, 'hidden_layer_sizes': 150, 'learning_rate_init': 0.006819052068528133, 'tol': 0.0371552358822714, 'validation_fraction': 0.17343906344663712}]
function_evaluation time 1.213849 value 0.148147 suggestion {'alpha': 5.2647051287594186e-05, 'batch_size': 246, 'beta_1': 0.5418387682982944, 'beta_2': 0.9790798068807802, 'epsilon': 5.928927792138481e-07, 'hidden_layer_sizes': 150, 'learning_rate_init': 0.006819052068528133, 'tol': 0.0371552358822714, 'validation_fraction': 0.17343906344663712}
observation time 0.000003, current best 0.117072 at iter 40
suggestion time taken 0.010376 iter 41 next_points [{'alpha': 2.7996541609992516, 'batch_size': 13, 'beta_1': 0.9857628286013771, 'beta_2': 0.9736849725064978, 'epsilon': 4.189550291300567e-08, 'hidden_layer_sizes': 155, 'learning_rate_init': 0.00959956488323453, 'tol': 0.0002900210854419547, 'validation_fraction': 0.6936176971254036}]
function_evaluation time 6.481606 value 0.356380 suggestion {'alpha': 2.7996541609992516, 'batch_size': 13, 'beta_1': 0.9857628286013771, 'beta_2': 0.9736849725064978, 'epsilon': 4.189550291300567e-08, 'hidden_layer_sizes': 155, 'learning_rate_init': 0.00959956488323453, 'tol': 0.0002900210854419547, 'validation_fraction': 0.6936176971254036}
observation time 0.000004, current best 0.117072 at iter 41
suggestion time taken 0.011492 iter 42 next_points [{'alpha': 0.7706850070247105, 'batch_size': 195, 'beta_1': 0.7646360863927631, 'beta_2': 0.9998870619105611, 'epsilon': 2.1545854312371467e-07, 'hidden_layer_sizes': 186, 'learning_rate_init': 0.07311849994903628, 'tol': 0.00018882132358471492, 'validation_fraction': 0.1299766350128509}]
function_evaluation time 2.603661 value 0.799266 suggestion {'alpha': 0.7706850070247105, 'batch_size': 195, 'beta_1': 0.7646360863927631, 'beta_2': 0.9998870619105611, 'epsilon': 2.1545854312371467e-07, 'hidden_layer_sizes': 186, 'learning_rate_init': 0.07311849994903628, 'tol': 0.00018882132358471492, 'validation_fraction': 0.1299766350128509}
observation time 0.000003, current best 0.117072 at iter 42
suggestion time taken 0.011072 iter 43 next_points [{'alpha': 4.803551555030297e-05, 'batch_size': 70, 'beta_1': 0.8954368752054782, 'beta_2': 0.9999138127638931, 'epsilon': 1.8519253288777205e-08, 'hidden_layer_sizes': 104, 'learning_rate_init': 1.0668934691646252e-05, 'tol': 7.620478209993434e-05, 'validation_fraction': 0.49177142526703244}]
function_evaluation time 7.351802 value 5.855762 suggestion {'alpha': 4.803551555030297e-05, 'batch_size': 70, 'beta_1': 0.8954368752054782, 'beta_2': 0.9999138127638931, 'epsilon': 1.8519253288777205e-08, 'hidden_layer_sizes': 104, 'learning_rate_init': 1.0668934691646252e-05, 'tol': 7.620478209993434e-05, 'validation_fraction': 0.49177142526703244}
observation time 0.000003, current best 0.117072 at iter 43
suggestion time taken 0.012082 iter 44 next_points [{'alpha': 1.558547526627614e-05, 'batch_size': 119, 'beta_1': 0.5444972056038702, 'beta_2': 0.9976094566265826, 'epsilon': 6.185610544395261e-07, 'hidden_layer_sizes': 64, 'learning_rate_init': 0.037756205946944524, 'tol': 4.4789439036645154e-05, 'validation_fraction': 0.5618107621535738}]
function_evaluation time 2.017170 value 0.195954 suggestion {'alpha': 1.558547526627614e-05, 'batch_size': 119, 'beta_1': 0.5444972056038702, 'beta_2': 0.9976094566265826, 'epsilon': 6.185610544395261e-07, 'hidden_layer_sizes': 64, 'learning_rate_init': 0.037756205946944524, 'tol': 4.4789439036645154e-05, 'validation_fraction': 0.5618107621535738}
observation time 0.000003, current best 0.117072 at iter 44
saving meta data: {'args': {'--uuid': '33c1777287e159f4878b11268d268e25', '-db-root': '/home/ryedida/bbo_challenge_starter_kit/output', '--opt-root': '/home/ryedida/bbo_challenge_starter_kit/example_submissions', '--data-root': None, '--db': 'run_20231013_221308', '--opt': 'random', '--data': 'digits', '--classifier': 'MLP-adam', '--metric': 'nll', '--calls': 45, '--suggestions': 1, '--jobs-file': None, '--verbose': False, 'dry_run': False, 'rev': 'a376313', 'opt_rev': '0.0.8'}, 'signature': ([{'alpha': 0.019628224813442792, 'batch_size': 182, 'beta_1': 0.9410202200271762, 'beta_2': 0.9998021557676793, 'epsilon': 1.8662266976518e-08, 'hidden_layer_sizes': 147, 'learning_rate_init': 0.0005627932047415167, 'tol': 0.03690557729213761, 'validation_fraction': 0.8846827852548593}, {'alpha': 0.001998246739232944, 'batch_size': 200, 'beta_1': 0.919111482530466, 'beta_2': 0.9998488260436156, 'epsilon': 5.981221901152555e-07, 'hidden_layer_sizes': 61, 'learning_rate_init': 2.2310905607443014e-05, 'tol': 1.2046852412030316e-05, 'validation_fraction': 0.8117896445826539}, {'alpha': 0.46659545670218433, 'batch_size': 219, 'beta_1': 0.9889789783750891, 'beta_2': 0.9999896868093284, 'epsilon': 2.4234724484675948e-08, 'hidden_layer_sizes': 167, 'learning_rate_init': 2.972334644335654e-05, 'tol': 0.0036281404040243792, 'validation_fraction': 0.17260651658522078}, {'alpha': 4.656005689076002, 'batch_size': 135, 'beta_1': 0.870503881627747, 'beta_2': 0.9948873266941017, 'epsilon': 2.1023308743480125e-07, 'hidden_layer_sizes': 118, 'learning_rate_init': 0.001878173875716191, 'tol': 1.1889379831773006e-05, 'validation_fraction': 0.6264327093752792}, {'alpha': 0.04705159350400542, 'batch_size': 158, 'beta_1': 0.9870884262730957, 'beta_2': 0.9999596874382349, 'epsilon': 1.1981845126013875e-08, 'hidden_layer_sizes': 116, 'learning_rate_init': 0.006173405204074311, 'tol': 1.7414134181586194e-05, 'validation_fraction': 0.6754299026638921}], [4.8709522768835765, 9.710667750887517, 5.950791832993735, 0.19438427080405424, 0.25190216699945633])}
saving results
saving timing
saving suggest log
done
