running: {'--uuid': '356b8cff7ac95ef8bb6f0de2d5b3de6f', '-db-root': '/home/ryedida/bbo_challenge_starter_kit/output', '--opt-root': '/home/ryedida/bbo_challenge_starter_kit/example_submissions', '--data-root': None, '--db': 'run_20231013_221308', '--opt': 'strongcvx', '--data': 'digits', '--classifier': 'MLP-adam', '--metric': 'nll', '--calls': 45, '--suggestions': 1, '--jobs-file': None, '--verbose': False, 'dry_run': False, 'rev': 'a376313', 'opt_rev': 'x.x.x'}
cmd: python strongcvx/optimizer.py -c MLP-adam -d digits -o strongcvx -u 356b8cff7ac95ef8bb6f0de2d5b3de6f -m nll -n 45 -p 1 -dir /home/ryedida/bbo_challenge_starter_kit/output -b run_20231013_221308
/home/ryedida/.local/lib/python3.8/site-packages/sklearn/neural_network/_multilayer_perceptron.py:621: UserWarning: Got `batch_size` less than 1 or larger than sample size. It is going to be clipped
  warnings.warn(

/home/ryedida/.local/lib/python3.8/site-packages/sklearn/neural_network/_multilayer_perceptron.py:702: ConvergenceWarning: Stochastic Optimizer: Maximum iterations (200) reached and the optimization hasn't converged yet.
  warnings.warn(

computed signature: ([{'alpha': 0.019628224813442792, 'batch_size': 182, 'beta_1': 0.9410202200271762, 'beta_2': 0.9998021557676793, 'epsilon': 1.8662266976518e-08, 'hidden_layer_sizes': 147, 'learning_rate_init': 0.0005627932047415167, 'tol': 0.03690557729213761, 'validation_fraction': 0.8846827852548593}, {'alpha': 0.001998246739232944, 'batch_size': 200, 'beta_1': 0.919111482530466, 'beta_2': 0.9998488260436156, 'epsilon': 5.981221901152555e-07, 'hidden_layer_sizes': 61, 'learning_rate_init': 2.2310905607443014e-05, 'tol': 1.2046852412030316e-05, 'validation_fraction': 0.8117896445826539}, {'alpha': 0.46659545670218433, 'batch_size': 219, 'beta_1': 0.9889789783750891, 'beta_2': 0.9999896868093284, 'epsilon': 2.4234724484675948e-08, 'hidden_layer_sizes': 167, 'learning_rate_init': 2.972334644335654e-05, 'tol': 0.0036281404040243792, 'validation_fraction': 0.17260651658522078}, {'alpha': 4.656005689076002, 'batch_size': 135, 'beta_1': 0.870503881627747, 'beta_2': 0.9948873266941017, 'epsilon': 2.1023308743480125e-07, 'hidden_layer_sizes': 118, 'learning_rate_init': 0.001878173875716191, 'tol': 1.1889379831773006e-05, 'validation_fraction': 0.6264327093752792}, {'alpha': 0.04705159350400542, 'batch_size': 158, 'beta_1': 0.9870884262730957, 'beta_2': 0.9999596874382349, 'epsilon': 1.1981845126013875e-08, 'hidden_layer_sizes': 116, 'learning_rate_init': 0.006173405204074311, 'tol': 1.7414134181586194e-05, 'validation_fraction': 0.6754299026638921}], [4.8709522768835765, 9.710667750887517, 5.950791832993735, 0.19438427080405424, 0.25190216699945633])
/home/ryedida/.local/lib/python3.8/site-packages/bayesmark/experiment.py:470: UserWarning: Baselines not found. Will not log intermediate scores.
  warnings.warn("Baselines not found. Will not log intermediate scores.")

starting sklearn study strongcvx MLP-adam digits nll 45 1
with data root: None
suggestion time taken 22.102376 iter 0 next_points [{'alpha': 2.6513887633179123, 'batch_size': 102, 'beta_1': 0.6566405160147792, 'beta_2': 0.9999922039577231, 'epsilon': 8.533426551667033e-08, 'hidden_layer_sizes': 130, 'learning_rate_init': 0.002531505791955835, 'tol': 8.928288063469103e-05, 'validation_fraction': 0.2840157594410514}]
function_evaluation time 3.704442 value 0.153169 suggestion {'alpha': 2.6513887633179123, 'batch_size': 102, 'beta_1': 0.6566405160147792, 'beta_2': 0.9999922039577231, 'epsilon': 8.533426551667033e-08, 'hidden_layer_sizes': 130, 'learning_rate_init': 0.002531505791955835, 'tol': 8.928288063469103e-05, 'validation_fraction': 0.2840157594410514}
observation time 0.000007, current best 0.153169 at iter 0
suggestion time taken 18.739916 iter 1 next_points [{'alpha': 0.006009348009481423, 'batch_size': 31, 'beta_1': 0.778698769937543, 'beta_2': 0.9981770501145358, 'epsilon': 2.6862247669327822e-09, 'hidden_layer_sizes': 55, 'learning_rate_init': 4.6493025888120176e-05, 'tol': 0.0002021792922004709, 'validation_fraction': 0.12383748491796448}]
function_evaluation time 25.945322 value 0.314116 suggestion {'alpha': 0.006009348009481423, 'batch_size': 31, 'beta_1': 0.778698769937543, 'beta_2': 0.9981770501145358, 'epsilon': 2.6862247669327822e-09, 'hidden_layer_sizes': 55, 'learning_rate_init': 4.6493025888120176e-05, 'tol': 0.0002021792922004709, 'validation_fraction': 0.12383748491796448}
observation time 0.000008, current best 0.153169 at iter 1
suggestion time taken 19.331553 iter 2 next_points [{'alpha': 0.0019226546300598359, 'batch_size': 205, 'beta_1': 0.8218008090888342, 'beta_2': 0.9309989976678269, 'epsilon': 1.6031902344381216e-08, 'hidden_layer_sizes': 143, 'learning_rate_init': 0.0011686037153912478, 'tol': 0.0017623217178306056, 'validation_fraction': 0.13620891070971622}]
function_evaluation time 3.185036 value 0.122881 suggestion {'alpha': 0.0019226546300598359, 'batch_size': 205, 'beta_1': 0.8218008090888342, 'beta_2': 0.9309989976678269, 'epsilon': 1.6031902344381216e-08, 'hidden_layer_sizes': 143, 'learning_rate_init': 0.0011686037153912478, 'tol': 0.0017623217178306056, 'validation_fraction': 0.13620891070971622}
observation time 0.000007, current best 0.122881 at iter 2
suggestion time taken 19.687191 iter 3 next_points [{'alpha': 0.00013934767529735962, 'batch_size': 179, 'beta_1': 0.914754508904533, 'beta_2': 0.9999989981502025, 'epsilon': 5.428173331275342e-08, 'hidden_layer_sizes': 162, 'learning_rate_init': 0.007561509317207952, 'tol': 0.0019171009168531294, 'validation_fraction': 0.10331351943015747}]
function_evaluation time 2.518970 value 0.146496 suggestion {'alpha': 0.00013934767529735962, 'batch_size': 179, 'beta_1': 0.914754508904533, 'beta_2': 0.9999989981502025, 'epsilon': 5.428173331275342e-08, 'hidden_layer_sizes': 162, 'learning_rate_init': 0.007561509317207952, 'tol': 0.0019171009168531294, 'validation_fraction': 0.10331351943015747}
observation time 0.000007, current best 0.122881 at iter 3
suggestion time taken 18.688552 iter 4 next_points [{'alpha': 0.00989132302093026, 'batch_size': 179, 'beta_1': 0.982613547389864, 'beta_2': 0.9999624926217705, 'epsilon': 7.078354763657741e-08, 'hidden_layer_sizes': 139, 'learning_rate_init': 1.530662526884826e-05, 'tol': 0.00010178866819863623, 'validation_fraction': 0.8417516826284093}]
function_evaluation time 2.256829 value 9.343881 suggestion {'alpha': 0.00989132302093026, 'batch_size': 179, 'beta_1': 0.982613547389864, 'beta_2': 0.9999624926217705, 'epsilon': 7.078354763657741e-08, 'hidden_layer_sizes': 139, 'learning_rate_init': 1.530662526884826e-05, 'tol': 0.00010178866819863623, 'validation_fraction': 0.8417516826284093}
observation time 0.000006, current best 0.122881 at iter 4
suggestion time taken 19.949757 iter 5 next_points [{'alpha': 1.626029129369196e-05, 'batch_size': 35, 'beta_1': 0.9561745012951074, 'beta_2': 0.9995480509999247, 'epsilon': 5.597081225005006e-09, 'hidden_layer_sizes': 65, 'learning_rate_init': 3.973615385034966e-05, 'tol': 0.01153360516031707, 'validation_fraction': 0.5772215562997989}]
function_evaluation time 1.903381 value 6.956168 suggestion {'alpha': 1.626029129369196e-05, 'batch_size': 35, 'beta_1': 0.9561745012951074, 'beta_2': 0.9995480509999247, 'epsilon': 5.597081225005006e-09, 'hidden_layer_sizes': 65, 'learning_rate_init': 3.973615385034966e-05, 'tol': 0.01153360516031707, 'validation_fraction': 0.5772215562997989}
observation time 0.000007, current best 0.122881 at iter 5
suggestion time taken 19.596240 iter 6 next_points [{'alpha': 0.49394819802464535, 'batch_size': 179, 'beta_1': 0.9765052317449954, 'beta_2': 0.9998058651322336, 'epsilon': 3.40578339530526e-07, 'hidden_layer_sizes': 94, 'learning_rate_init': 0.008141235143912044, 'tol': 2.0130961973515015e-05, 'validation_fraction': 0.17942920069511112}]
function_evaluation time 2.850315 value 0.155667 suggestion {'alpha': 0.49394819802464535, 'batch_size': 179, 'beta_1': 0.9765052317449954, 'beta_2': 0.9998058651322336, 'epsilon': 3.40578339530526e-07, 'hidden_layer_sizes': 94, 'learning_rate_init': 0.008141235143912044, 'tol': 2.0130961973515015e-05, 'validation_fraction': 0.17942920069511112}
observation time 0.000008, current best 0.122881 at iter 6
suggestion time taken 19.149945 iter 7 next_points [{'alpha': 4.640511858242601, 'batch_size': 17, 'beta_1': 0.9611724099888077, 'beta_2': 0.9998613788302784, 'epsilon': 2.6237656955982396e-09, 'hidden_layer_sizes': 131, 'learning_rate_init': 0.019754609382630243, 'tol': 0.0029785594009958173, 'validation_fraction': 0.7555197764679435}]
function_evaluation time 3.265823 value 0.380265 suggestion {'alpha': 4.640511858242601, 'batch_size': 17, 'beta_1': 0.9611724099888077, 'beta_2': 0.9998613788302784, 'epsilon': 2.6237656955982396e-09, 'hidden_layer_sizes': 131, 'learning_rate_init': 0.019754609382630243, 'tol': 0.0029785594009958173, 'validation_fraction': 0.7555197764679435}
observation time 0.000006, current best 0.122881 at iter 7
suggestion time taken 20.499177 iter 8 next_points [{'alpha': 0.927709305836864, 'batch_size': 53, 'beta_1': 0.9397104744065713, 'beta_2': 0.9999848166549422, 'epsilon': 1.60485859626964e-07, 'hidden_layer_sizes': 55, 'learning_rate_init': 0.0006168362011331224, 'tol': 0.012353912359065666, 'validation_fraction': 0.4135432441010724}]
function_evaluation time 4.125716 value 0.282244 suggestion {'alpha': 0.927709305836864, 'batch_size': 53, 'beta_1': 0.9397104744065713, 'beta_2': 0.9999848166549422, 'epsilon': 1.60485859626964e-07, 'hidden_layer_sizes': 55, 'learning_rate_init': 0.0006168362011331224, 'tol': 0.012353912359065666, 'validation_fraction': 0.4135432441010724}
observation time 0.000007, current best 0.122881 at iter 8
suggestion time taken 23.723091 iter 9 next_points [{'alpha': 0.004888587368171059, 'batch_size': 41, 'beta_1': 0.8047112359871559, 'beta_2': 0.9999352482818202, 'epsilon': 5.6490263581755065e-08, 'hidden_layer_sizes': 91, 'learning_rate_init': 0.00043444191832628035, 'tol': 0.00316059469484199, 'validation_fraction': 0.8366331502516852}]
function_evaluation time 3.955940 value 0.527554 suggestion {'alpha': 0.004888587368171059, 'batch_size': 41, 'beta_1': 0.8047112359871559, 'beta_2': 0.9999352482818202, 'epsilon': 5.6490263581755065e-08, 'hidden_layer_sizes': 91, 'learning_rate_init': 0.00043444191832628035, 'tol': 0.00316059469484199, 'validation_fraction': 0.8366331502516852}
observation time 0.000010, current best 0.122881 at iter 9
suggestion time taken 23.831117 iter 10 next_points [{'alpha': 0.3382862184637651, 'batch_size': 17, 'beta_1': 0.9815796958596289, 'beta_2': 0.9995986364663618, 'epsilon': 2.9183355475689325e-07, 'hidden_layer_sizes': 88, 'learning_rate_init': 0.0033013262157692465, 'tol': 1.991581940747995e-05, 'validation_fraction': 0.8826548813955979}]
function_evaluation time 3.618582 value 0.468911 suggestion {'alpha': 0.3382862184637651, 'batch_size': 17, 'beta_1': 0.9815796958596289, 'beta_2': 0.9995986364663618, 'epsilon': 2.9183355475689325e-07, 'hidden_layer_sizes': 88, 'learning_rate_init': 0.0033013262157692465, 'tol': 1.991581940747995e-05, 'validation_fraction': 0.8826548813955979}
observation time 0.000008, current best 0.122881 at iter 10
suggestion time taken 22.934814 iter 11 next_points [{'alpha': 0.0026165586562764197, 'batch_size': 205, 'beta_1': 0.6252188674580145, 'beta_2': 0.957428987313302, 'epsilon': 6.080777962616154e-08, 'hidden_layer_sizes': 131, 'learning_rate_init': 0.0014211516708061984, 'tol': 0.019600630796353807, 'validation_fraction': 0.3302444541523076}]
function_evaluation time 1.992096 value 0.192549 suggestion {'alpha': 0.0026165586562764197, 'batch_size': 205, 'beta_1': 0.6252188674580145, 'beta_2': 0.957428987313302, 'epsilon': 6.080777962616154e-08, 'hidden_layer_sizes': 131, 'learning_rate_init': 0.0014211516708061984, 'tol': 0.019600630796353807, 'validation_fraction': 0.3302444541523076}
observation time 0.000008, current best 0.122881 at iter 11
suggestion time taken 26.690038 iter 12 next_points [{'alpha': 9.746074649898059, 'batch_size': 11, 'beta_1': 0.9450101587603097, 'beta_2': 0.9999827693443316, 'epsilon': 2.9113353412692873e-07, 'hidden_layer_sizes': 60, 'learning_rate_init': 0.04641578889265522, 'tol': 0.000625529772666666, 'validation_fraction': 0.8135225346472441}]
function_evaluation time 3.739744 value 1.016398 suggestion {'alpha': 9.746074649898059, 'batch_size': 11, 'beta_1': 0.9450101587603097, 'beta_2': 0.9999827693443316, 'epsilon': 2.9113353412692873e-07, 'hidden_layer_sizes': 60, 'learning_rate_init': 0.04641578889265522, 'tol': 0.000625529772666666, 'validation_fraction': 0.8135225346472441}
observation time 0.000007, current best 0.122881 at iter 12
suggestion time taken 27.242494 iter 13 next_points [{'alpha': 0.2205448926583705, 'batch_size': 55, 'beta_1': 0.9688024307229877, 'beta_2': 0.9997064254859345, 'epsilon': 3.0188906701296475e-07, 'hidden_layer_sizes': 106, 'learning_rate_init': 0.02536603189145869, 'tol': 0.00030482067394522425, 'validation_fraction': 0.7958596755651799}]
function_evaluation time 3.327527 value 0.434261 suggestion {'alpha': 0.2205448926583705, 'batch_size': 55, 'beta_1': 0.9688024307229877, 'beta_2': 0.9997064254859345, 'epsilon': 3.0188906701296475e-07, 'hidden_layer_sizes': 106, 'learning_rate_init': 0.02536603189145869, 'tol': 0.00030482067394522425, 'validation_fraction': 0.7958596755651799}
observation time 0.000006, current best 0.122881 at iter 13
suggestion time taken 21.242664 iter 14 next_points [{'alpha': 0.023590761256563245, 'batch_size': 110, 'beta_1': 0.9785139978825383, 'beta_2': 0.9954540761555527, 'epsilon': 2.4727560661333806e-07, 'hidden_layer_sizes': 69, 'learning_rate_init': 0.005419645890097705, 'tol': 0.0031851295217260856, 'validation_fraction': 0.2063529102412975}]
function_evaluation time 2.871545 value 0.167229 suggestion {'alpha': 0.023590761256563245, 'batch_size': 110, 'beta_1': 0.9785139978825383, 'beta_2': 0.9954540761555527, 'epsilon': 2.4727560661333806e-07, 'hidden_layer_sizes': 69, 'learning_rate_init': 0.005419645890097705, 'tol': 0.0031851295217260856, 'validation_fraction': 0.2063529102412975}
observation time 0.000007, current best 0.122881 at iter 14
suggestion time taken 20.181139 iter 15 next_points [{'alpha': 0.004883776160372253, 'batch_size': 35, 'beta_1': 0.9193432139392461, 'beta_2': 0.9999154148747678, 'epsilon': 1.7428556334938093e-07, 'hidden_layer_sizes': 69, 'learning_rate_init': 0.0010104077479976888, 'tol': 0.05087948286391672, 'validation_fraction': 0.2672167469153894}]
function_evaluation time 2.782441 value 0.193330 suggestion {'alpha': 0.004883776160372253, 'batch_size': 35, 'beta_1': 0.9193432139392461, 'beta_2': 0.9999154148747678, 'epsilon': 1.7428556334938093e-07, 'hidden_layer_sizes': 69, 'learning_rate_init': 0.0010104077479976888, 'tol': 0.05087948286391672, 'validation_fraction': 0.2672167469153894}
observation time 0.000007, current best 0.122881 at iter 15
suggestion time taken 19.272180 iter 16 next_points [{'alpha': 0.6145897549673385, 'batch_size': 34, 'beta_1': 0.9859928522286721, 'beta_2': 0.9987616607067815, 'epsilon': 3.2898302939376563e-08, 'hidden_layer_sizes': 64, 'learning_rate_init': 0.00018950051409128197, 'tol': 0.015017476640630554, 'validation_fraction': 0.7091848713065392}]
function_evaluation time 2.960319 value 1.694834 suggestion {'alpha': 0.6145897549673385, 'batch_size': 34, 'beta_1': 0.9859928522286721, 'beta_2': 0.9987616607067815, 'epsilon': 3.2898302939376563e-08, 'hidden_layer_sizes': 64, 'learning_rate_init': 0.00018950051409128197, 'tol': 0.015017476640630554, 'validation_fraction': 0.7091848713065392}
observation time 0.000006, current best 0.122881 at iter 16
suggestion time taken 20.602585 iter 17 next_points [{'alpha': 0.03653074773197765, 'batch_size': 35, 'beta_1': 0.8951219048875483, 'beta_2': 0.9999124582955802, 'epsilon': 3.470921744329106e-09, 'hidden_layer_sizes': 120, 'learning_rate_init': 3.0380457714339592e-05, 'tol': 1.8669240698319224e-05, 'validation_fraction': 0.5429008681632965}]
/home/ryedida/.local/lib/python3.8/site-packages/sklearn/neural_network/_multilayer_perceptron.py:702: ConvergenceWarning: Stochastic Optimizer: Maximum iterations (200) reached and the optimization hasn't converged yet.
  warnings.warn(

function_evaluation time 27.759258 value 0.385473 suggestion {'alpha': 0.03653074773197765, 'batch_size': 35, 'beta_1': 0.8951219048875483, 'beta_2': 0.9999124582955802, 'epsilon': 3.470921744329106e-09, 'hidden_layer_sizes': 120, 'learning_rate_init': 3.0380457714339592e-05, 'tol': 1.8669240698319224e-05, 'validation_fraction': 0.5429008681632965}
observation time 0.000007, current best 0.122881 at iter 17
suggestion time taken 19.776879 iter 18 next_points [{'alpha': 0.0004116072000929339, 'batch_size': 41, 'beta_1': 0.9441490569837746, 'beta_2': 0.999928813232844, 'epsilon': 7.277124394883043e-09, 'hidden_layer_sizes': 177, 'learning_rate_init': 0.0013974822408611939, 'tol': 0.09609075645768131, 'validation_fraction': 0.8633018492759615}]
function_evaluation time 1.003698 value 0.412895 suggestion {'alpha': 0.0004116072000929339, 'batch_size': 41, 'beta_1': 0.9441490569837746, 'beta_2': 0.999928813232844, 'epsilon': 7.277124394883043e-09, 'hidden_layer_sizes': 177, 'learning_rate_init': 0.0013974822408611939, 'tol': 0.09609075645768131, 'validation_fraction': 0.8633018492759615}
observation time 0.000008, current best 0.122881 at iter 18
suggestion time taken 22.956620 iter 19 next_points [{'alpha': 0.2078916866222729, 'batch_size': 41, 'beta_1': 0.9708385947261813, 'beta_2': 0.9837032106061759, 'epsilon': 1.3258415644419807e-09, 'hidden_layer_sizes': 106, 'learning_rate_init': 7.904565696382079e-05, 'tol': 0.0007363279264756576, 'validation_fraction': 0.1862125385268103}]
function_evaluation time 18.788625 value 0.168265 suggestion {'alpha': 0.2078916866222729, 'batch_size': 41, 'beta_1': 0.9708385947261813, 'beta_2': 0.9837032106061759, 'epsilon': 1.3258415644419807e-09, 'hidden_layer_sizes': 106, 'learning_rate_init': 7.904565696382079e-05, 'tol': 0.0007363279264756576, 'validation_fraction': 0.1862125385268103}
observation time 0.000008, current best 0.122881 at iter 19
suggestion time taken 23.091127 iter 20 next_points [{'alpha': 0.0076636404334312356, 'batch_size': 179, 'beta_1': 0.9887658545044611, 'beta_2': 0.9524051226768144, 'epsilon': 1.2660029081375431e-08, 'hidden_layer_sizes': 147, 'learning_rate_init': 1.3488370686855702e-05, 'tol': 2.7517255391859883e-05, 'validation_fraction': 0.8357452542396498}]
function_evaluation time 2.929200 value 6.715064 suggestion {'alpha': 0.0076636404334312356, 'batch_size': 179, 'beta_1': 0.9887658545044611, 'beta_2': 0.9524051226768144, 'epsilon': 1.2660029081375431e-08, 'hidden_layer_sizes': 147, 'learning_rate_init': 1.3488370686855702e-05, 'tol': 2.7517255391859883e-05, 'validation_fraction': 0.8357452542396498}
observation time 0.000009, current best 0.122881 at iter 20
suggestion time taken 21.152818 iter 21 next_points [{'alpha': 0.4721960917121289, 'batch_size': 42, 'beta_1': 0.9617414541160113, 'beta_2': 0.9999930307142672, 'epsilon': 1.9070651325614716e-09, 'hidden_layer_sizes': 66, 'learning_rate_init': 2.698529311007948e-05, 'tol': 0.0002585209047798614, 'validation_fraction': 0.3933176917677446}]
/home/ryedida/.local/lib/python3.8/site-packages/sklearn/neural_network/_multilayer_perceptron.py:702: ConvergenceWarning: Stochastic Optimizer: Maximum iterations (200) reached and the optimization hasn't converged yet.
  warnings.warn(

function_evaluation time 27.026702 value 2.699122 suggestion {'alpha': 0.4721960917121289, 'batch_size': 42, 'beta_1': 0.9617414541160113, 'beta_2': 0.9999930307142672, 'epsilon': 1.9070651325614716e-09, 'hidden_layer_sizes': 66, 'learning_rate_init': 2.698529311007948e-05, 'tol': 0.0002585209047798614, 'validation_fraction': 0.3933176917677446}
observation time 0.000009, current best 0.122881 at iter 21
suggestion time taken 20.533326 iter 22 next_points [{'alpha': 0.29017746793439353, 'batch_size': 10, 'beta_1': 0.9844833083958995, 'beta_2': 0.9999474739719206, 'epsilon': 1.7240300989185204e-09, 'hidden_layer_sizes': 50, 'learning_rate_init': 0.0005589003486616857, 'tol': 0.04487373419620118, 'validation_fraction': 0.12238140924930901}]
function_evaluation time 8.666795 value 0.202398 suggestion {'alpha': 0.29017746793439353, 'batch_size': 10, 'beta_1': 0.9844833083958995, 'beta_2': 0.9999474739719206, 'epsilon': 1.7240300989185204e-09, 'hidden_layer_sizes': 50, 'learning_rate_init': 0.0005589003486616857, 'tol': 0.04487373419620118, 'validation_fraction': 0.12238140924930901}
observation time 0.000006, current best 0.122881 at iter 22
suggestion time taken 21.039100 iter 23 next_points [{'alpha': 0.0004284093979775112, 'batch_size': 110, 'beta_1': 0.9608429607688626, 'beta_2': 0.999997991688336, 'epsilon': 1.3119404213750748e-07, 'hidden_layer_sizes': 111, 'learning_rate_init': 0.0006932031373889762, 'tol': 5.393971009207699e-05, 'validation_fraction': 0.8496003468134735}]
function_evaluation time 4.246198 value 0.462802 suggestion {'alpha': 0.0004284093979775112, 'batch_size': 110, 'beta_1': 0.9608429607688626, 'beta_2': 0.999997991688336, 'epsilon': 1.3119404213750748e-07, 'hidden_layer_sizes': 111, 'learning_rate_init': 0.0006932031373889762, 'tol': 5.393971009207699e-05, 'validation_fraction': 0.8496003468134735}
observation time 0.000007, current best 0.122881 at iter 23
suggestion time taken 19.054653 iter 24 next_points [{'alpha': 0.001536335908248653, 'batch_size': 35, 'beta_1': 0.9435087074092785, 'beta_2': 0.99980890281442, 'epsilon': 3.9835691737852146e-07, 'hidden_layer_sizes': 62, 'learning_rate_init': 3.354865372887376e-05, 'tol': 0.028533458757956667, 'validation_fraction': 0.8959290411702571}]
function_evaluation time 0.552301 value 10.379546 suggestion {'alpha': 0.001536335908248653, 'batch_size': 35, 'beta_1': 0.9435087074092785, 'beta_2': 0.99980890281442, 'epsilon': 3.9835691737852146e-07, 'hidden_layer_sizes': 62, 'learning_rate_init': 3.354865372887376e-05, 'tol': 0.028533458757956667, 'validation_fraction': 0.8959290411702571}
observation time 0.000008, current best 0.122881 at iter 24
suggestion time taken 20.642918 iter 25 next_points [{'alpha': 0.05191420013263099, 'batch_size': 46, 'beta_1': 0.9454613532920625, 'beta_2': 0.9999967255853635, 'epsilon': 4.04032134832688e-09, 'hidden_layer_sizes': 54, 'learning_rate_init': 0.0001914426259860899, 'tol': 0.00031018046193609524, 'validation_fraction': 0.5097258885467266}]
function_evaluation time 13.503129 value 0.286160 suggestion {'alpha': 0.05191420013263099, 'batch_size': 46, 'beta_1': 0.9454613532920625, 'beta_2': 0.9999967255853635, 'epsilon': 4.04032134832688e-09, 'hidden_layer_sizes': 54, 'learning_rate_init': 0.0001914426259860899, 'tol': 0.00031018046193609524, 'validation_fraction': 0.5097258885467266}
observation time 0.000007, current best 0.122881 at iter 25
suggestion time taken 21.092898 iter 26 next_points [{'alpha': 0.0005728913979801464, 'batch_size': 11, 'beta_1': 0.9038215040587655, 'beta_2': 0.9976848447309904, 'epsilon': 2.7074276583585415e-09, 'hidden_layer_sizes': 91, 'learning_rate_init': 0.0019905452152938685, 'tol': 0.0029611904417649226, 'validation_fraction': 0.10656376987960589}]
function_evaluation time 12.516338 value 0.110091 suggestion {'alpha': 0.0005728913979801464, 'batch_size': 11, 'beta_1': 0.9038215040587655, 'beta_2': 0.9976848447309904, 'epsilon': 2.7074276583585415e-09, 'hidden_layer_sizes': 91, 'learning_rate_init': 0.0019905452152938685, 'tol': 0.0029611904417649226, 'validation_fraction': 0.10656376987960589}
observation time 0.000006, current best 0.110091 at iter 26
suggestion time taken 19.263699 iter 27 next_points [{'alpha': 3.187057132702652, 'batch_size': 14, 'beta_1': 0.8481746367432764, 'beta_2': 0.9929418521050897, 'epsilon': 6.509124042434843e-08, 'hidden_layer_sizes': 51, 'learning_rate_init': 0.06958274584875167, 'tol': 0.00031147087239963105, 'validation_fraction': 0.4641186834838458}]
function_evaluation time 3.582491 value 1.313433 suggestion {'alpha': 3.187057132702652, 'batch_size': 14, 'beta_1': 0.8481746367432764, 'beta_2': 0.9929418521050897, 'epsilon': 6.509124042434843e-08, 'hidden_layer_sizes': 51, 'learning_rate_init': 0.06958274584875167, 'tol': 0.00031147087239963105, 'validation_fraction': 0.4641186834838458}
observation time 0.000007, current best 0.110091 at iter 27
suggestion time taken 19.217187 iter 28 next_points [{'alpha': 0.00019549091428590291, 'batch_size': 27, 'beta_1': 0.9682144064467997, 'beta_2': 0.9986289796099195, 'epsilon': 1.4725872238466421e-09, 'hidden_layer_sizes': 137, 'learning_rate_init': 8.993709721354534e-05, 'tol': 0.00017504780912445242, 'validation_fraction': 0.6174515024642165}]
function_evaluation time 19.939535 value 0.294849 suggestion {'alpha': 0.00019549091428590291, 'batch_size': 27, 'beta_1': 0.9682144064467997, 'beta_2': 0.9986289796099195, 'epsilon': 1.4725872238466421e-09, 'hidden_layer_sizes': 137, 'learning_rate_init': 8.993709721354534e-05, 'tol': 0.00017504780912445242, 'validation_fraction': 0.6174515024642165}
observation time 0.000007, current best 0.110091 at iter 28
suggestion time taken 20.068789 iter 29 next_points [{'alpha': 0.004571752846266847, 'batch_size': 53, 'beta_1': 0.8904660125683822, 'beta_2': 0.9408439982071747, 'epsilon': 8.510526523311447e-08, 'hidden_layer_sizes': 78, 'learning_rate_init': 0.03589553948162408, 'tol': 0.005002922131624181, 'validation_fraction': 0.10416004108125217}]
function_evaluation time 4.607390 value 0.472502 suggestion {'alpha': 0.004571752846266847, 'batch_size': 53, 'beta_1': 0.8904660125683822, 'beta_2': 0.9408439982071747, 'epsilon': 8.510526523311447e-08, 'hidden_layer_sizes': 78, 'learning_rate_init': 0.03589553948162408, 'tol': 0.005002922131624181, 'validation_fraction': 0.10416004108125217}
observation time 0.000007, current best 0.110091 at iter 29
suggestion time taken 22.387065 iter 30 next_points [{'alpha': 0.024139644505290662, 'batch_size': 46, 'beta_1': 0.6473151468754745, 'beta_2': 0.9999770222339726, 'epsilon': 1.1556927539415285e-09, 'hidden_layer_sizes': 79, 'learning_rate_init': 1.4007702843015577e-05, 'tol': 0.006129568840842708, 'validation_fraction': 0.3371471453346226}]
function_evaluation time 5.809993 value 7.006449 suggestion {'alpha': 0.024139644505290662, 'batch_size': 46, 'beta_1': 0.6473151468754745, 'beta_2': 0.9999770222339726, 'epsilon': 1.1556927539415285e-09, 'hidden_layer_sizes': 79, 'learning_rate_init': 1.4007702843015577e-05, 'tol': 0.006129568840842708, 'validation_fraction': 0.3371471453346226}
observation time 0.000009, current best 0.110091 at iter 30
suggestion time taken 21.449620 iter 31 next_points [{'alpha': 0.028424255666579842, 'batch_size': 159, 'beta_1': 0.9628532929684144, 'beta_2': 0.9999875906632832, 'epsilon': 2.0311077622311973e-09, 'hidden_layer_sizes': 118, 'learning_rate_init': 0.00045195289507808813, 'tol': 0.022096109444641236, 'validation_fraction': 0.5962519891029556}]
function_evaluation time 2.107499 value 0.482263 suggestion {'alpha': 0.028424255666579842, 'batch_size': 159, 'beta_1': 0.9628532929684144, 'beta_2': 0.9999875906632832, 'epsilon': 2.0311077622311973e-09, 'hidden_layer_sizes': 118, 'learning_rate_init': 0.00045195289507808813, 'tol': 0.022096109444641236, 'validation_fraction': 0.5962519891029556}
observation time 0.000008, current best 0.110091 at iter 31
suggestion time taken 20.446912 iter 32 next_points [{'alpha': 1.9074875487224814, 'batch_size': 21, 'beta_1': 0.7373812046864389, 'beta_2': 0.9813393162195629, 'epsilon': 1.1472032473028102e-08, 'hidden_layer_sizes': 74, 'learning_rate_init': 4.790904052186511e-05, 'tol': 0.0003860104161297541, 'validation_fraction': 0.1675178252628018}]
function_evaluation time 30.026294 value 0.246226 suggestion {'alpha': 1.9074875487224814, 'batch_size': 21, 'beta_1': 0.7373812046864389, 'beta_2': 0.9813393162195629, 'epsilon': 1.1472032473028102e-08, 'hidden_layer_sizes': 74, 'learning_rate_init': 4.790904052186511e-05, 'tol': 0.0003860104161297541, 'validation_fraction': 0.1675178252628018}
observation time 0.000006, current best 0.110091 at iter 32
suggestion time taken 22.465519 iter 33 next_points [{'alpha': 6.272146751410814, 'batch_size': 239, 'beta_1': 0.9481286532548144, 'beta_2': 0.9997679806235182, 'epsilon': 2.2034371202268555e-07, 'hidden_layer_sizes': 135, 'learning_rate_init': 0.0003016832476332602, 'tol': 6.462550284210174e-05, 'validation_fraction': 0.7635638258583106}]
function_evaluation time 8.706810 value 0.361720 suggestion {'alpha': 6.272146751410814, 'batch_size': 239, 'beta_1': 0.9481286532548144, 'beta_2': 0.9997679806235182, 'epsilon': 2.2034371202268555e-07, 'hidden_layer_sizes': 135, 'learning_rate_init': 0.0003016832476332602, 'tol': 6.462550284210174e-05, 'validation_fraction': 0.7635638258583106}
observation time 0.000007, current best 0.110091 at iter 33
suggestion time taken 21.087528 iter 34 next_points [{'alpha': 0.00030407202132830475, 'batch_size': 21, 'beta_1': 0.6071024405302273, 'beta_2': 0.9999982407059393, 'epsilon': 5.682484869578052e-09, 'hidden_layer_sizes': 51, 'learning_rate_init': 0.00204641803937244, 'tol': 0.007181636780632463, 'validation_fraction': 0.5679532847959063}]
function_evaluation time 3.694658 value 0.257500 suggestion {'alpha': 0.00030407202132830475, 'batch_size': 21, 'beta_1': 0.6071024405302273, 'beta_2': 0.9999982407059393, 'epsilon': 5.682484869578052e-09, 'hidden_layer_sizes': 51, 'learning_rate_init': 0.00204641803937244, 'tol': 0.007181636780632463, 'validation_fraction': 0.5679532847959063}
observation time 0.000006, current best 0.110091 at iter 34
suggestion time taken 20.714979 iter 35 next_points [{'alpha': 3.1168724840728825, 'batch_size': 27, 'beta_1': 0.5885389083448661, 'beta_2': 0.9998260424129367, 'epsilon': 1.9404956663569393e-08, 'hidden_layer_sizes': 93, 'learning_rate_init': 0.0001879754988588308, 'tol': 1.2181294956168618e-05, 'validation_fraction': 0.8059865735044398}]
function_evaluation time 13.602526 value 0.328085 suggestion {'alpha': 3.1168724840728825, 'batch_size': 27, 'beta_1': 0.5885389083448661, 'beta_2': 0.9998260424129367, 'epsilon': 1.9404956663569393e-08, 'hidden_layer_sizes': 93, 'learning_rate_init': 0.0001879754988588308, 'tol': 1.2181294956168618e-05, 'validation_fraction': 0.8059865735044398}
observation time 0.000006, current best 0.110091 at iter 35
suggestion time taken 18.772405 iter 36 next_points [{'alpha': 1.3009755456388252, 'batch_size': 51, 'beta_1': 0.7354281256907096, 'beta_2': 0.9979972611496567, 'epsilon': 7.08853475715165e-08, 'hidden_layer_sizes': 121, 'learning_rate_init': 0.006021188977072319, 'tol': 9.256888785522646e-05, 'validation_fraction': 0.5260361570574786}]
function_evaluation time 4.170982 value 0.136563 suggestion {'alpha': 1.3009755456388252, 'batch_size': 51, 'beta_1': 0.7354281256907096, 'beta_2': 0.9979972611496567, 'epsilon': 7.08853475715165e-08, 'hidden_layer_sizes': 121, 'learning_rate_init': 0.006021188977072319, 'tol': 9.256888785522646e-05, 'validation_fraction': 0.5260361570574786}
observation time 0.000007, current best 0.110091 at iter 36
suggestion time taken 19.956154 iter 37 next_points [{'alpha': 0.06274998622134856, 'batch_size': 179, 'beta_1': 0.5632974963994677, 'beta_2': 0.9722957113697048, 'epsilon': 4.334330834473284e-08, 'hidden_layer_sizes': 160, 'learning_rate_init': 1.0655074922290545e-05, 'tol': 2.3482059809756573e-05, 'validation_fraction': 0.18592675570284267}]
function_evaluation time 5.020372 value 6.326921 suggestion {'alpha': 0.06274998622134856, 'batch_size': 179, 'beta_1': 0.5632974963994677, 'beta_2': 0.9722957113697048, 'epsilon': 4.334330834473284e-08, 'hidden_layer_sizes': 160, 'learning_rate_init': 1.0655074922290545e-05, 'tol': 2.3482059809756573e-05, 'validation_fraction': 0.18592675570284267}
observation time 0.000008, current best 0.110091 at iter 37
suggestion time taken 19.460539 iter 38 next_points [{'alpha': 0.0009737586983158368, 'batch_size': 35, 'beta_1': 0.8494275199430764, 'beta_2': 0.9999570407456242, 'epsilon': 1.1505267206240075e-07, 'hidden_layer_sizes': 118, 'learning_rate_init': 2.2231378988225505e-05, 'tol': 0.0608922922856885, 'validation_fraction': 0.35717824516942276}]
function_evaluation time 2.507906 value 4.241563 suggestion {'alpha': 0.0009737586983158368, 'batch_size': 35, 'beta_1': 0.8494275199430764, 'beta_2': 0.9999570407456242, 'epsilon': 1.1505267206240075e-07, 'hidden_layer_sizes': 118, 'learning_rate_init': 2.2231378988225505e-05, 'tol': 0.0608922922856885, 'validation_fraction': 0.35717824516942276}
observation time 0.000007, current best 0.110091 at iter 38
suggestion time taken 19.403295 iter 39 next_points [{'alpha': 0.00019835106947505295, 'batch_size': 22, 'beta_1': 0.5153870365370593, 'beta_2': 0.9997581921594653, 'epsilon': 2.3330202690823332e-08, 'hidden_layer_sizes': 88, 'learning_rate_init': 1.763632021667627e-05, 'tol': 0.0006379422078260659, 'validation_fraction': 0.22359156730725632}]
function_evaluation time 29.577964 value 2.428398 suggestion {'alpha': 0.00019835106947505295, 'batch_size': 22, 'beta_1': 0.5153870365370593, 'beta_2': 0.9997581921594653, 'epsilon': 2.3330202690823332e-08, 'hidden_layer_sizes': 88, 'learning_rate_init': 1.763632021667627e-05, 'tol': 0.0006379422078260659, 'validation_fraction': 0.22359156730725632}
observation time 0.000008, current best 0.110091 at iter 39
suggestion time taken 21.519912 iter 40 next_points [{'alpha': 0.023174889853377616, 'batch_size': 239, 'beta_1': 0.8007272007772552, 'beta_2': 0.9999957078081305, 'epsilon': 1.864397082480258e-07, 'hidden_layer_sizes': 175, 'learning_rate_init': 0.011769843471590394, 'tol': 8.847046068208911e-05, 'validation_fraction': 0.7868086963142842}]
function_evaluation time 2.993068 value 0.259918 suggestion {'alpha': 0.023174889853377616, 'batch_size': 239, 'beta_1': 0.8007272007772552, 'beta_2': 0.9999957078081305, 'epsilon': 1.864397082480258e-07, 'hidden_layer_sizes': 175, 'learning_rate_init': 0.011769843471590394, 'tol': 8.847046068208911e-05, 'validation_fraction': 0.7868086963142842}
observation time 0.000006, current best 0.110091 at iter 40
suggestion time taken 20.836412 iter 41 next_points [{'alpha': 4.082605187113734, 'batch_size': 53, 'beta_1': 0.9885790307969776, 'beta_2': 0.9214854110513422, 'epsilon': 6.765565010498407e-07, 'hidden_layer_sizes': 85, 'learning_rate_init': 2.625156594525704e-05, 'tol': 6.378031461301219e-05, 'validation_fraction': 0.8469423984629856}]
/home/ryedida/.local/lib/python3.8/site-packages/sklearn/neural_network/_multilayer_perceptron.py:702: ConvergenceWarning: Stochastic Optimizer: Maximum iterations (200) reached and the optimization hasn't converged yet.
  warnings.warn(

function_evaluation time 3.138792 value 9.139086 suggestion {'alpha': 4.082605187113734, 'batch_size': 53, 'beta_1': 0.9885790307969776, 'beta_2': 0.9214854110513422, 'epsilon': 6.765565010498407e-07, 'hidden_layer_sizes': 85, 'learning_rate_init': 2.625156594525704e-05, 'tol': 6.378031461301219e-05, 'validation_fraction': 0.8469423984629856}
observation time 0.000008, current best 0.110091 at iter 41
suggestion time taken 21.566742 iter 42 next_points [{'alpha': 2.6421634409619266e-05, 'batch_size': 51, 'beta_1': 0.7162548617702089, 'beta_2': 0.9987877330009217, 'epsilon': 1.383673004349474e-08, 'hidden_layer_sizes': 163, 'learning_rate_init': 0.0002630709155824461, 'tol': 0.0023342165790134154, 'validation_fraction': 0.39848220864225525}]
function_evaluation time 9.120493 value 0.185122 suggestion {'alpha': 2.6421634409619266e-05, 'batch_size': 51, 'beta_1': 0.7162548617702089, 'beta_2': 0.9987877330009217, 'epsilon': 1.383673004349474e-08, 'hidden_layer_sizes': 163, 'learning_rate_init': 0.0002630709155824461, 'tol': 0.0023342165790134154, 'validation_fraction': 0.39848220864225525}
observation time 0.000017, current best 0.110091 at iter 42
suggestion time taken 22.611261 iter 43 next_points [{'alpha': 0.07391705973207242, 'batch_size': 35, 'beta_1': 0.9269425663606358, 'beta_2': 0.9999989802669493, 'epsilon': 7.571693279153465e-08, 'hidden_layer_sizes': 140, 'learning_rate_init': 0.00016457935953852957, 'tol': 0.005017138135934809, 'validation_fraction': 0.8703005723518518}]
function_evaluation time 4.685380 value 0.720114 suggestion {'alpha': 0.07391705973207242, 'batch_size': 35, 'beta_1': 0.9269425663606358, 'beta_2': 0.9999989802669493, 'epsilon': 7.571693279153465e-08, 'hidden_layer_sizes': 140, 'learning_rate_init': 0.00016457935953852957, 'tol': 0.005017138135934809, 'validation_fraction': 0.8703005723518518}
observation time 0.000007, current best 0.110091 at iter 43
suggestion time taken 22.139037 iter 44 next_points [{'alpha': 0.2997910538870762, 'batch_size': 42, 'beta_1': 0.9865666555083746, 'beta_2': 0.9989916017638981, 'epsilon': 4.300731538484003e-08, 'hidden_layer_sizes': 72, 'learning_rate_init': 0.0022925026180462657, 'tol': 3.648408078446079e-05, 'validation_fraction': 0.18761030368742354}]
function_evaluation time 5.496219 value 0.134367 suggestion {'alpha': 0.2997910538870762, 'batch_size': 42, 'beta_1': 0.9865666555083746, 'beta_2': 0.9989916017638981, 'epsilon': 4.300731538484003e-08, 'hidden_layer_sizes': 72, 'learning_rate_init': 0.0022925026180462657, 'tol': 3.648408078446079e-05, 'validation_fraction': 0.18761030368742354}
observation time 0.000005, current best 0.110091 at iter 44
saving meta data: {'args': {'--uuid': '356b8cff7ac95ef8bb6f0de2d5b3de6f', '-db-root': '/home/ryedida/bbo_challenge_starter_kit/output', '--opt-root': '/home/ryedida/bbo_challenge_starter_kit/example_submissions', '--data-root': None, '--db': 'run_20231013_221308', '--opt': 'strongcvx', '--data': 'digits', '--classifier': 'MLP-adam', '--metric': 'nll', '--calls': 45, '--suggestions': 1, '--jobs-file': None, '--verbose': False, 'dry_run': False, 'rev': 'a376313', 'opt_rev': 'x.x.x'}, 'signature': ([{'alpha': 0.019628224813442792, 'batch_size': 182, 'beta_1': 0.9410202200271762, 'beta_2': 0.9998021557676793, 'epsilon': 1.8662266976518e-08, 'hidden_layer_sizes': 147, 'learning_rate_init': 0.0005627932047415167, 'tol': 0.03690557729213761, 'validation_fraction': 0.8846827852548593}, {'alpha': 0.001998246739232944, 'batch_size': 200, 'beta_1': 0.919111482530466, 'beta_2': 0.9998488260436156, 'epsilon': 5.981221901152555e-07, 'hidden_layer_sizes': 61, 'learning_rate_init': 2.2310905607443014e-05, 'tol': 1.2046852412030316e-05, 'validation_fraction': 0.8117896445826539}, {'alpha': 0.46659545670218433, 'batch_size': 219, 'beta_1': 0.9889789783750891, 'beta_2': 0.9999896868093284, 'epsilon': 2.4234724484675948e-08, 'hidden_layer_sizes': 167, 'learning_rate_init': 2.972334644335654e-05, 'tol': 0.0036281404040243792, 'validation_fraction': 0.17260651658522078}, {'alpha': 4.656005689076002, 'batch_size': 135, 'beta_1': 0.870503881627747, 'beta_2': 0.9948873266941017, 'epsilon': 2.1023308743480125e-07, 'hidden_layer_sizes': 118, 'learning_rate_init': 0.001878173875716191, 'tol': 1.1889379831773006e-05, 'validation_fraction': 0.6264327093752792}, {'alpha': 0.04705159350400542, 'batch_size': 158, 'beta_1': 0.9870884262730957, 'beta_2': 0.9999596874382349, 'epsilon': 1.1981845126013875e-08, 'hidden_layer_sizes': 116, 'learning_rate_init': 0.006173405204074311, 'tol': 1.7414134181586194e-05, 'validation_fraction': 0.6754299026638921}], [4.8709522768835765, 9.710667750887517, 5.950791832993735, 0.19438427080405424, 0.25190216699945633])}
saving results
saving timing
saving suggest log
done
