running: {'--uuid': '6879a3f260975df69a02ce47c236e0fa', '-db-root': '/home/ryedida/bbo_challenge_starter_kit/output', '--opt-root': '/home/ryedida/bbo_challenge_starter_kit/example_submissions', '--data-root': None, '--db': 'run_20231013_221308', '--opt': 'strongcvx', '--data': 'digits', '--classifier': 'MLP-adam', '--metric': 'nll', '--calls': 45, '--suggestions': 1, '--jobs-file': None, '--verbose': False, 'dry_run': False, 'rev': 'a376313', 'opt_rev': 'x.x.x'}
cmd: python strongcvx/optimizer.py -c MLP-adam -d digits -o strongcvx -u 6879a3f260975df69a02ce47c236e0fa -m nll -n 45 -p 1 -dir /home/ryedida/bbo_challenge_starter_kit/output -b run_20231013_221308
/home/ryedida/.local/lib/python3.8/site-packages/sklearn/neural_network/_multilayer_perceptron.py:621: UserWarning: Got `batch_size` less than 1 or larger than sample size. It is going to be clipped
  warnings.warn(

/home/ryedida/.local/lib/python3.8/site-packages/sklearn/neural_network/_multilayer_perceptron.py:702: ConvergenceWarning: Stochastic Optimizer: Maximum iterations (200) reached and the optimization hasn't converged yet.
  warnings.warn(

computed signature: ([{'alpha': 0.019628224813442792, 'batch_size': 182, 'beta_1': 0.9410202200271762, 'beta_2': 0.9998021557676793, 'epsilon': 1.8662266976518e-08, 'hidden_layer_sizes': 147, 'learning_rate_init': 0.0005627932047415167, 'tol': 0.03690557729213761, 'validation_fraction': 0.8846827852548593}, {'alpha': 0.001998246739232944, 'batch_size': 200, 'beta_1': 0.919111482530466, 'beta_2': 0.9998488260436156, 'epsilon': 5.981221901152555e-07, 'hidden_layer_sizes': 61, 'learning_rate_init': 2.2310905607443014e-05, 'tol': 1.2046852412030316e-05, 'validation_fraction': 0.8117896445826539}, {'alpha': 0.46659545670218433, 'batch_size': 219, 'beta_1': 0.9889789783750891, 'beta_2': 0.9999896868093284, 'epsilon': 2.4234724484675948e-08, 'hidden_layer_sizes': 167, 'learning_rate_init': 2.972334644335654e-05, 'tol': 0.0036281404040243792, 'validation_fraction': 0.17260651658522078}, {'alpha': 4.656005689076002, 'batch_size': 135, 'beta_1': 0.870503881627747, 'beta_2': 0.9948873266941017, 'epsilon': 2.1023308743480125e-07, 'hidden_layer_sizes': 118, 'learning_rate_init': 0.001878173875716191, 'tol': 1.1889379831773006e-05, 'validation_fraction': 0.6264327093752792}, {'alpha': 0.04705159350400542, 'batch_size': 158, 'beta_1': 0.9870884262730957, 'beta_2': 0.9999596874382349, 'epsilon': 1.1981845126013875e-08, 'hidden_layer_sizes': 116, 'learning_rate_init': 0.006173405204074311, 'tol': 1.7414134181586194e-05, 'validation_fraction': 0.6754299026638921}], [4.8709522768835765, 9.710667750887517, 5.950791832993735, 0.19438427080405424, 0.25190216699945633])
/home/ryedida/.local/lib/python3.8/site-packages/bayesmark/experiment.py:470: UserWarning: Baselines not found. Will not log intermediate scores.
  warnings.warn("Baselines not found. Will not log intermediate scores.")

starting sklearn study strongcvx MLP-adam digits nll 45 1
with data root: None
suggestion time taken 18.520583 iter 0 next_points [{'alpha': 1.2671588688608445e-05, 'batch_size': 35, 'beta_1': 0.8316039789536117, 'beta_2': 0.9999702826291951, 'epsilon': 2.583064640398721e-08, 'hidden_layer_sizes': 63, 'learning_rate_init': 0.000718240491724605, 'tol': 0.00070253701662599, 'validation_fraction': 0.48281702744900307}]
function_evaluation time 8.153500 value 0.202233 suggestion {'alpha': 1.2671588688608445e-05, 'batch_size': 35, 'beta_1': 0.8316039789536117, 'beta_2': 0.9999702826291951, 'epsilon': 2.583064640398721e-08, 'hidden_layer_sizes': 63, 'learning_rate_init': 0.000718240491724605, 'tol': 0.00070253701662599, 'validation_fraction': 0.48281702744900307}
observation time 0.000005, current best 0.202233 at iter 0
suggestion time taken 18.249858 iter 1 next_points [{'alpha': 0.020161069913488563, 'batch_size': 130, 'beta_1': 0.5372070275507057, 'beta_2': 0.9864568989933734, 'epsilon': 2.8539567173079503e-08, 'hidden_layer_sizes': 109, 'learning_rate_init': 0.00022952127542312707, 'tol': 0.000594136115779695, 'validation_fraction': 0.13239537806709184}]
function_evaluation time 7.408952 value 0.184399 suggestion {'alpha': 0.020161069913488563, 'batch_size': 130, 'beta_1': 0.5372070275507057, 'beta_2': 0.9864568989933734, 'epsilon': 2.8539567173079503e-08, 'hidden_layer_sizes': 109, 'learning_rate_init': 0.00022952127542312707, 'tol': 0.000594136115779695, 'validation_fraction': 0.13239537806709184}
observation time 0.000006, current best 0.184399 at iter 1
suggestion time taken 17.916837 iter 2 next_points [{'alpha': 0.9276628649861363, 'batch_size': 42, 'beta_1': 0.6944244247462186, 'beta_2': 0.9742600851898606, 'epsilon': 8.758046703210056e-08, 'hidden_layer_sizes': 55, 'learning_rate_init': 4.029330686976646e-05, 'tol': 0.00011876453938494444, 'validation_fraction': 0.1126120031121008}]
function_evaluation time 19.247887 value 0.364605 suggestion {'alpha': 0.9276628649861363, 'batch_size': 42, 'beta_1': 0.6944244247462186, 'beta_2': 0.9742600851898606, 'epsilon': 8.758046703210056e-08, 'hidden_layer_sizes': 55, 'learning_rate_init': 4.029330686976646e-05, 'tol': 0.00011876453938494444, 'validation_fraction': 0.1126120031121008}
observation time 0.000008, current best 0.184399 at iter 2
suggestion time taken 19.358949 iter 3 next_points [{'alpha': 1.5451944228603412e-05, 'batch_size': 119, 'beta_1': 0.5155379524657132, 'beta_2': 0.9999027761518634, 'epsilon': 1.088320057235561e-09, 'hidden_layer_sizes': 51, 'learning_rate_init': 0.06327049090159739, 'tol': 6.106969342420134e-05, 'validation_fraction': 0.16282085955960807}]
function_evaluation time 2.266517 value 0.722748 suggestion {'alpha': 1.5451944228603412e-05, 'batch_size': 119, 'beta_1': 0.5155379524657132, 'beta_2': 0.9999027761518634, 'epsilon': 1.088320057235561e-09, 'hidden_layer_sizes': 51, 'learning_rate_init': 0.06327049090159739, 'tol': 6.106969342420134e-05, 'validation_fraction': 0.16282085955960807}
observation time 0.000009, current best 0.184399 at iter 3
suggestion time taken 18.788249 iter 4 next_points [{'alpha': 1.1843780465373625e-05, 'batch_size': 130, 'beta_1': 0.8998438193950059, 'beta_2': 0.9998881132250863, 'epsilon': 7.827751064120132e-09, 'hidden_layer_sizes': 54, 'learning_rate_init': 0.0041591836741714325, 'tol': 0.00038741605586313765, 'validation_fraction': 0.4833800631961969}]
function_evaluation time 3.061880 value 0.205849 suggestion {'alpha': 1.1843780465373625e-05, 'batch_size': 130, 'beta_1': 0.8998438193950059, 'beta_2': 0.9998881132250863, 'epsilon': 7.827751064120132e-09, 'hidden_layer_sizes': 54, 'learning_rate_init': 0.0041591836741714325, 'tol': 0.00038741605586313765, 'validation_fraction': 0.4833800631961969}
observation time 0.000006, current best 0.184399 at iter 4
suggestion time taken 17.721725 iter 5 next_points [{'alpha': 0.0033054173792900717, 'batch_size': 239, 'beta_1': 0.7866685446719204, 'beta_2': 0.9999690744572602, 'epsilon': 1.5011005727839853e-08, 'hidden_layer_sizes': 159, 'learning_rate_init': 5.0896494065993136e-05, 'tol': 0.0010032172647935283, 'validation_fraction': 0.27668472541911293}]
function_evaluation time 18.196245 value 0.365658 suggestion {'alpha': 0.0033054173792900717, 'batch_size': 239, 'beta_1': 0.7866685446719204, 'beta_2': 0.9999690744572602, 'epsilon': 1.5011005727839853e-08, 'hidden_layer_sizes': 159, 'learning_rate_init': 5.0896494065993136e-05, 'tol': 0.0010032172647935283, 'validation_fraction': 0.27668472541911293}
observation time 0.000009, current best 0.184399 at iter 5
suggestion time taken 18.264667 iter 6 next_points [{'alpha': 6.025170490054217, 'batch_size': 110, 'beta_1': 0.9868924414058461, 'beta_2': 0.9999674348158333, 'epsilon': 1.245512396924667e-07, 'hidden_layer_sizes': 122, 'learning_rate_init': 0.01974645335269666, 'tol': 0.015965577206937392, 'validation_fraction': 0.1118079675667104}]
function_evaluation time 2.292485 value 0.155161 suggestion {'alpha': 6.025170490054217, 'batch_size': 110, 'beta_1': 0.9868924414058461, 'beta_2': 0.9999674348158333, 'epsilon': 1.245512396924667e-07, 'hidden_layer_sizes': 122, 'learning_rate_init': 0.01974645335269666, 'tol': 0.015965577206937392, 'validation_fraction': 0.1118079675667104}
observation time 0.000008, current best 0.155161 at iter 6
suggestion time taken 18.437448 iter 7 next_points [{'alpha': 0.003206582717039968, 'batch_size': 10, 'beta_1': 0.8293891064676108, 'beta_2': 0.9022724873302737, 'epsilon': 6.180742269935797e-07, 'hidden_layer_sizes': 90, 'learning_rate_init': 0.008563008616444674, 'tol': 1.1790088845916657e-05, 'validation_fraction': 0.12403665442478293}]
function_evaluation time 14.742582 value 0.219862 suggestion {'alpha': 0.003206582717039968, 'batch_size': 10, 'beta_1': 0.8293891064676108, 'beta_2': 0.9022724873302737, 'epsilon': 6.180742269935797e-07, 'hidden_layer_sizes': 90, 'learning_rate_init': 0.008563008616444674, 'tol': 1.1790088845916657e-05, 'validation_fraction': 0.12403665442478293}
observation time 0.000007, current best 0.155161 at iter 7
suggestion time taken 19.565792 iter 8 next_points [{'alpha': 2.693802567270609, 'batch_size': 179, 'beta_1': 0.5591602586471718, 'beta_2': 0.999997602410719, 'epsilon': 7.658895535944975e-08, 'hidden_layer_sizes': 128, 'learning_rate_init': 0.00016452910482470478, 'tol': 5.118556868410072e-05, 'validation_fraction': 0.27586954557823357}]
function_evaluation time 9.072652 value 0.233065 suggestion {'alpha': 2.693802567270609, 'batch_size': 179, 'beta_1': 0.5591602586471718, 'beta_2': 0.999997602410719, 'epsilon': 7.658895535944975e-08, 'hidden_layer_sizes': 128, 'learning_rate_init': 0.00016452910482470478, 'tol': 5.118556868410072e-05, 'validation_fraction': 0.27586954557823357}
observation time 0.000006, current best 0.155161 at iter 8
suggestion time taken 18.882856 iter 9 next_points [{'alpha': 0.004332832183640027, 'batch_size': 204, 'beta_1': 0.5115698934778271, 'beta_2': 0.9999508066536695, 'epsilon': 1.5723829615120815e-07, 'hidden_layer_sizes': 128, 'learning_rate_init': 0.0100125323811401, 'tol': 2.6227898211991562e-05, 'validation_fraction': 0.1634685603347687}]
function_evaluation time 2.188639 value 0.120474 suggestion {'alpha': 0.004332832183640027, 'batch_size': 204, 'beta_1': 0.5115698934778271, 'beta_2': 0.9999508066536695, 'epsilon': 1.5723829615120815e-07, 'hidden_layer_sizes': 128, 'learning_rate_init': 0.0100125323811401, 'tol': 2.6227898211991562e-05, 'validation_fraction': 0.1634685603347687}
observation time 0.000007, current best 0.120474 at iter 9
suggestion time taken 18.393109 iter 10 next_points [{'alpha': 0.007967995284178773, 'batch_size': 130, 'beta_1': 0.9782260823523368, 'beta_2': 0.9999988812182459, 'epsilon': 5.098594451086196e-08, 'hidden_layer_sizes': 86, 'learning_rate_init': 0.001999039456658887, 'tol': 0.00300857282097389, 'validation_fraction': 0.15558426221145252}]
function_evaluation time 3.582472 value 0.149784 suggestion {'alpha': 0.007967995284178773, 'batch_size': 130, 'beta_1': 0.9782260823523368, 'beta_2': 0.9999988812182459, 'epsilon': 5.098594451086196e-08, 'hidden_layer_sizes': 86, 'learning_rate_init': 0.001999039456658887, 'tol': 0.00300857282097389, 'validation_fraction': 0.15558426221145252}
observation time 0.000007, current best 0.120474 at iter 10
suggestion time taken 18.863884 iter 11 next_points [{'alpha': 0.000519206107667337, 'batch_size': 22, 'beta_1': 0.7907334584420802, 'beta_2': 0.9999158013846573, 'epsilon': 2.7198348768153984e-07, 'hidden_layer_sizes': 62, 'learning_rate_init': 0.0001349656016377373, 'tol': 0.000245462901189942, 'validation_fraction': 0.6498716175659212}]
function_evaluation time 19.630804 value 0.311797 suggestion {'alpha': 0.000519206107667337, 'batch_size': 22, 'beta_1': 0.7907334584420802, 'beta_2': 0.9999158013846573, 'epsilon': 2.7198348768153984e-07, 'hidden_layer_sizes': 62, 'learning_rate_init': 0.0001349656016377373, 'tol': 0.000245462901189942, 'validation_fraction': 0.6498716175659212}
observation time 0.000008, current best 0.120474 at iter 11
suggestion time taken 18.171474 iter 12 next_points [{'alpha': 0.004521201769124818, 'batch_size': 239, 'beta_1': 0.7234621906149978, 'beta_2': 0.99995238499639, 'epsilon': 1.8507214007423625e-08, 'hidden_layer_sizes': 163, 'learning_rate_init': 0.003770493703086904, 'tol': 0.00122762741656747, 'validation_fraction': 0.7870792296853215}]
function_evaluation time 2.279484 value 0.339100 suggestion {'alpha': 0.004521201769124818, 'batch_size': 239, 'beta_1': 0.7234621906149978, 'beta_2': 0.99995238499639, 'epsilon': 1.8507214007423625e-08, 'hidden_layer_sizes': 163, 'learning_rate_init': 0.003770493703086904, 'tol': 0.00122762741656747, 'validation_fraction': 0.7870792296853215}
observation time 0.000006, current best 0.120474 at iter 12
suggestion time taken 19.140106 iter 13 next_points [{'alpha': 0.15754598880899995, 'batch_size': 13, 'beta_1': 0.5280505121328759, 'beta_2': 0.9999424519944695, 'epsilon': 2.302717989744572e-09, 'hidden_layer_sizes': 126, 'learning_rate_init': 0.00017024201263510743, 'tol': 0.00011297306980598062, 'validation_fraction': 0.8647242561302066}]
function_evaluation time 15.239440 value 0.467138 suggestion {'alpha': 0.15754598880899995, 'batch_size': 13, 'beta_1': 0.5280505121328759, 'beta_2': 0.9999424519944695, 'epsilon': 2.302717989744572e-09, 'hidden_layer_sizes': 126, 'learning_rate_init': 0.00017024201263510743, 'tol': 0.00011297306980598062, 'validation_fraction': 0.8647242561302066}
observation time 0.000007, current best 0.120474 at iter 13
suggestion time taken 18.090620 iter 14 next_points [{'alpha': 0.0025946612485144953, 'batch_size': 35, 'beta_1': 0.9883791401669728, 'beta_2': 0.9637613368602982, 'epsilon': 2.406361538087505e-08, 'hidden_layer_sizes': 138, 'learning_rate_init': 0.0019032509691346933, 'tol': 0.03541229666931144, 'validation_fraction': 0.32193656557687395}]
function_evaluation time 2.907614 value 0.180497 suggestion {'alpha': 0.0025946612485144953, 'batch_size': 35, 'beta_1': 0.9883791401669728, 'beta_2': 0.9637613368602982, 'epsilon': 2.406361538087505e-08, 'hidden_layer_sizes': 138, 'learning_rate_init': 0.0019032509691346933, 'tol': 0.03541229666931144, 'validation_fraction': 0.32193656557687395}
observation time 0.000007, current best 0.120474 at iter 14
suggestion time taken 18.886298 iter 15 next_points [{'alpha': 7.309015820377544e-05, 'batch_size': 35, 'beta_1': 0.9675623983378249, 'beta_2': 0.9999989934733867, 'epsilon': 5.3261684864003626e-08, 'hidden_layer_sizes': 143, 'learning_rate_init': 0.008290954055621703, 'tol': 0.0029374413237330346, 'validation_fraction': 0.4898221479860933}]
function_evaluation time 4.072320 value 0.140800 suggestion {'alpha': 7.309015820377544e-05, 'batch_size': 35, 'beta_1': 0.9675623983378249, 'beta_2': 0.9999989934733867, 'epsilon': 5.3261684864003626e-08, 'hidden_layer_sizes': 143, 'learning_rate_init': 0.008290954055621703, 'tol': 0.0029374413237330346, 'validation_fraction': 0.4898221479860933}
observation time 0.000008, current best 0.120474 at iter 15
suggestion time taken 19.372917 iter 16 next_points [{'alpha': 0.00115258180428417, 'batch_size': 75, 'beta_1': 0.9816522997725727, 'beta_2': 0.9929905580198276, 'epsilon': 2.7290938016937045e-09, 'hidden_layer_sizes': 51, 'learning_rate_init': 0.007370667533759584, 'tol': 7.234615771047184e-05, 'validation_fraction': 0.10052262232474661}]
function_evaluation time 3.203472 value 0.184662 suggestion {'alpha': 0.00115258180428417, 'batch_size': 75, 'beta_1': 0.9816522997725727, 'beta_2': 0.9929905580198276, 'epsilon': 2.7290938016937045e-09, 'hidden_layer_sizes': 51, 'learning_rate_init': 0.007370667533759584, 'tol': 7.234615771047184e-05, 'validation_fraction': 0.10052262232474661}
observation time 0.000007, current best 0.120474 at iter 16
suggestion time taken 17.979791 iter 17 next_points [{'alpha': 0.010303243251639022, 'batch_size': 205, 'beta_1': 0.8288275238912497, 'beta_2': 0.9983526687785336, 'epsilon': 2.0993992869855292e-09, 'hidden_layer_sizes': 59, 'learning_rate_init': 0.00028414059965353624, 'tol': 0.03558380887874467, 'validation_fraction': 0.7320823263898073}]
function_evaluation time 0.471327 value 6.071624 suggestion {'alpha': 0.010303243251639022, 'batch_size': 205, 'beta_1': 0.8288275238912497, 'beta_2': 0.9983526687785336, 'epsilon': 2.0993992869855292e-09, 'hidden_layer_sizes': 59, 'learning_rate_init': 0.00028414059965353624, 'tol': 0.03558380887874467, 'validation_fraction': 0.7320823263898073}
observation time 0.000006, current best 0.120474 at iter 17
suggestion time taken 19.140831 iter 18 next_points [{'alpha': 0.8417380159748561, 'batch_size': 53, 'beta_1': 0.934491408042018, 'beta_2': 0.9977236280972621, 'epsilon': 6.521342129463886e-08, 'hidden_layer_sizes': 76, 'learning_rate_init': 0.0002220524254793079, 'tol': 0.004180020768312185, 'validation_fraction': 0.41831873380306767}]
function_evaluation time 5.613544 value 0.264336 suggestion {'alpha': 0.8417380159748561, 'batch_size': 53, 'beta_1': 0.934491408042018, 'beta_2': 0.9977236280972621, 'epsilon': 6.521342129463886e-08, 'hidden_layer_sizes': 76, 'learning_rate_init': 0.0002220524254793079, 'tol': 0.004180020768312185, 'validation_fraction': 0.41831873380306767}
observation time 0.000006, current best 0.120474 at iter 18
suggestion time taken 18.407745 iter 19 next_points [{'alpha': 0.001015321356190877, 'batch_size': 55, 'beta_1': 0.9455898670822285, 'beta_2': 0.9684541093895437, 'epsilon': 1.4135081508525372e-08, 'hidden_layer_sizes': 106, 'learning_rate_init': 0.059703473421370536, 'tol': 0.0833903933715595, 'validation_fraction': 0.4108154097618236}]
function_evaluation time 1.645713 value 1.137997 suggestion {'alpha': 0.001015321356190877, 'batch_size': 55, 'beta_1': 0.9455898670822285, 'beta_2': 0.9684541093895437, 'epsilon': 1.4135081508525372e-08, 'hidden_layer_sizes': 106, 'learning_rate_init': 0.059703473421370536, 'tol': 0.0833903933715595, 'validation_fraction': 0.4108154097618236}
observation time 0.000006, current best 0.120474 at iter 19
suggestion time taken 18.529249 iter 20 next_points [{'alpha': 0.0005037916489513037, 'batch_size': 204, 'beta_1': 0.554184371239337, 'beta_2': 0.9999953394438996, 'epsilon': 4.416819011093649e-08, 'hidden_layer_sizes': 80, 'learning_rate_init': 0.044530368369195425, 'tol': 0.00018579266186791301, 'validation_fraction': 0.39728651445274804}]
function_evaluation time 2.434734 value 0.204681 suggestion {'alpha': 0.0005037916489513037, 'batch_size': 204, 'beta_1': 0.554184371239337, 'beta_2': 0.9999953394438996, 'epsilon': 4.416819011093649e-08, 'hidden_layer_sizes': 80, 'learning_rate_init': 0.044530368369195425, 'tol': 0.00018579266186791301, 'validation_fraction': 0.39728651445274804}
observation time 0.000008, current best 0.120474 at iter 20
suggestion time taken 18.252753 iter 21 next_points [{'alpha': 5.96988221494415e-05, 'batch_size': 205, 'beta_1': 0.9735347526307966, 'beta_2': 0.9999961805981104, 'epsilon': 1.4984435118210126e-07, 'hidden_layer_sizes': 174, 'learning_rate_init': 0.0017873186504239484, 'tol': 0.0001593291372570625, 'validation_fraction': 0.12363764957841741}]
function_evaluation time 3.476558 value 0.165282 suggestion {'alpha': 5.96988221494415e-05, 'batch_size': 205, 'beta_1': 0.9735347526307966, 'beta_2': 0.9999961805981104, 'epsilon': 1.4984435118210126e-07, 'hidden_layer_sizes': 174, 'learning_rate_init': 0.0017873186504239484, 'tol': 0.0001593291372570625, 'validation_fraction': 0.12363764957841741}
observation time 0.000007, current best 0.120474 at iter 21
suggestion time taken 18.771480 iter 22 next_points [{'alpha': 0.00019245713635071483, 'batch_size': 27, 'beta_1': 0.9557123754709674, 'beta_2': 0.9999893156386811, 'epsilon': 2.1737335822104852e-07, 'hidden_layer_sizes': 179, 'learning_rate_init': 0.08940424754867198, 'tol': 2.728114335190032e-05, 'validation_fraction': 0.1692031095916421}]
function_evaluation time 5.716594 value 1.628601 suggestion {'alpha': 0.00019245713635071483, 'batch_size': 27, 'beta_1': 0.9557123754709674, 'beta_2': 0.9999893156386811, 'epsilon': 2.1737335822104852e-07, 'hidden_layer_sizes': 179, 'learning_rate_init': 0.08940424754867198, 'tol': 2.728114335190032e-05, 'validation_fraction': 0.1692031095916421}
observation time 0.000005, current best 0.120474 at iter 22
suggestion time taken 18.495122 iter 23 next_points [{'alpha': 0.11439871321859187, 'batch_size': 205, 'beta_1': 0.9635007705214803, 'beta_2': 0.98774172538673, 'epsilon': 4.535844455947783e-09, 'hidden_layer_sizes': 146, 'learning_rate_init': 1.2816625789826502e-05, 'tol': 0.003590069448984887, 'validation_fraction': 0.895345567254157}]
/home/ryedida/.local/lib/python3.8/site-packages/sklearn/neural_network/_multilayer_perceptron.py:621: UserWarning: Got `batch_size` less than 1 or larger than sample size. It is going to be clipped
  warnings.warn(

function_evaluation time 0.478141 value 10.017625 suggestion {'alpha': 0.11439871321859187, 'batch_size': 205, 'beta_1': 0.9635007705214803, 'beta_2': 0.98774172538673, 'epsilon': 4.535844455947783e-09, 'hidden_layer_sizes': 146, 'learning_rate_init': 1.2816625789826502e-05, 'tol': 0.003590069448984887, 'validation_fraction': 0.895345567254157}
observation time 0.000006, current best 0.120474 at iter 23
suggestion time taken 19.271425 iter 24 next_points [{'alpha': 0.004326795063010373, 'batch_size': 17, 'beta_1': 0.9757848098672298, 'beta_2': 0.9999861565613438, 'epsilon': 1.5503908192010917e-07, 'hidden_layer_sizes': 55, 'learning_rate_init': 0.0005691637971414394, 'tol': 0.007789612759182882, 'validation_fraction': 0.8176426962442374}]
function_evaluation time 3.668009 value 0.464153 suggestion {'alpha': 0.004326795063010373, 'batch_size': 17, 'beta_1': 0.9757848098672298, 'beta_2': 0.9999861565613438, 'epsilon': 1.5503908192010917e-07, 'hidden_layer_sizes': 55, 'learning_rate_init': 0.0005691637971414394, 'tol': 0.007789612759182882, 'validation_fraction': 0.8176426962442374}
observation time 0.000005, current best 0.120474 at iter 24
suggestion time taken 18.130827 iter 25 next_points [{'alpha': 0.0884805134055915, 'batch_size': 46, 'beta_1': 0.9385697982707357, 'beta_2': 0.9999770721213137, 'epsilon': 7.570278993413063e-08, 'hidden_layer_sizes': 78, 'learning_rate_init': 1.5953541027011577e-05, 'tol': 6.087764153036221e-05, 'validation_fraction': 0.14337677667453883}]
function_evaluation time 20.373256 value 3.990982 suggestion {'alpha': 0.0884805134055915, 'batch_size': 46, 'beta_1': 0.9385697982707357, 'beta_2': 0.9999770721213137, 'epsilon': 7.570278993413063e-08, 'hidden_layer_sizes': 78, 'learning_rate_init': 1.5953541027011577e-05, 'tol': 6.087764153036221e-05, 'validation_fraction': 0.14337677667453883}
observation time 0.000005, current best 0.120474 at iter 25
suggestion time taken 18.633382 iter 26 next_points [{'alpha': 4.978600795447453, 'batch_size': 41, 'beta_1': 0.966884702351973, 'beta_2': 0.9997232692865035, 'epsilon': 3.882843776611258e-09, 'hidden_layer_sizes': 74, 'learning_rate_init': 0.00015611791093072196, 'tol': 0.00030244300934444016, 'validation_fraction': 0.5082479757578627}]
function_evaluation time 15.285527 value 0.292126 suggestion {'alpha': 4.978600795447453, 'batch_size': 41, 'beta_1': 0.966884702351973, 'beta_2': 0.9997232692865035, 'epsilon': 3.882843776611258e-09, 'hidden_layer_sizes': 74, 'learning_rate_init': 0.00015611791093072196, 'tol': 0.00030244300934444016, 'validation_fraction': 0.5082479757578627}
observation time 0.000008, current best 0.120474 at iter 26
suggestion time taken 18.074950 iter 27 next_points [{'alpha': 0.00237284377737445, 'batch_size': 205, 'beta_1': 0.8126010903416486, 'beta_2': 0.9273707559520448, 'epsilon': 3.0043004447557685e-08, 'hidden_layer_sizes': 127, 'learning_rate_init': 1.1195419827050903e-05, 'tol': 0.00031684281690726835, 'validation_fraction': 0.18714793431073834}]
function_evaluation time 2.181933 value 8.474245 suggestion {'alpha': 0.00237284377737445, 'batch_size': 205, 'beta_1': 0.8126010903416486, 'beta_2': 0.9273707559520448, 'epsilon': 3.0043004447557685e-08, 'hidden_layer_sizes': 127, 'learning_rate_init': 1.1195419827050903e-05, 'tol': 0.00031684281690726835, 'validation_fraction': 0.18714793431073834}
observation time 0.000007, current best 0.120474 at iter 27
suggestion time taken 18.943320 iter 28 next_points [{'alpha': 8.337176928534506, 'batch_size': 53, 'beta_1': 0.957110855496441, 'beta_2': 0.9706320811710808, 'epsilon': 3.8159877057739887e-07, 'hidden_layer_sizes': 77, 'learning_rate_init': 0.0008158297176556991, 'tol': 0.018791339402858303, 'validation_fraction': 0.5033114006886332}]
function_evaluation time 2.135509 value 0.207080 suggestion {'alpha': 8.337176928534506, 'batch_size': 53, 'beta_1': 0.957110855496441, 'beta_2': 0.9706320811710808, 'epsilon': 3.8159877057739887e-07, 'hidden_layer_sizes': 77, 'learning_rate_init': 0.0008158297176556991, 'tol': 0.018791339402858303, 'validation_fraction': 0.5033114006886332}
observation time 0.000008, current best 0.120474 at iter 28
suggestion time taken 18.754955 iter 29 next_points [{'alpha': 0.00012884085451738631, 'batch_size': 239, 'beta_1': 0.8337608660883202, 'beta_2': 0.991586270029773, 'epsilon': 5.200011016840423e-07, 'hidden_layer_sizes': 58, 'learning_rate_init': 4.7380373369776344e-05, 'tol': 0.029927675235129077, 'validation_fraction': 0.1363543102328163}]
function_evaluation time 0.927759 value 10.409244 suggestion {'alpha': 0.00012884085451738631, 'batch_size': 239, 'beta_1': 0.8337608660883202, 'beta_2': 0.991586270029773, 'epsilon': 5.200011016840423e-07, 'hidden_layer_sizes': 58, 'learning_rate_init': 4.7380373369776344e-05, 'tol': 0.029927675235129077, 'validation_fraction': 0.1363543102328163}
observation time 0.000008, current best 0.120474 at iter 29
suggestion time taken 19.023359 iter 30 next_points [{'alpha': 0.0011790917284261783, 'batch_size': 143, 'beta_1': 0.9802223111506644, 'beta_2': 0.999759401214133, 'epsilon': 2.2789938303745612e-07, 'hidden_layer_sizes': 128, 'learning_rate_init': 0.00015442421418379108, 'tol': 0.004671012114392122, 'validation_fraction': 0.28719994920215836}]
function_evaluation time 6.688662 value 0.358911 suggestion {'alpha': 0.0011790917284261783, 'batch_size': 143, 'beta_1': 0.9802223111506644, 'beta_2': 0.999759401214133, 'epsilon': 2.2789938303745612e-07, 'hidden_layer_sizes': 128, 'learning_rate_init': 0.00015442421418379108, 'tol': 0.004671012114392122, 'validation_fraction': 0.28719994920215836}
observation time 0.000006, current best 0.120474 at iter 30
suggestion time taken 18.843255 iter 31 next_points [{'alpha': 0.0038645975179814355, 'batch_size': 13, 'beta_1': 0.8329603249591765, 'beta_2': 0.9974562847691412, 'epsilon': 1.872744359894429e-09, 'hidden_layer_sizes': 166, 'learning_rate_init': 0.0016614871432566582, 'tol': 1.2009435894777185e-05, 'validation_fraction': 0.36746425504585417}]
function_evaluation time 13.445243 value 0.114334 suggestion {'alpha': 0.0038645975179814355, 'batch_size': 13, 'beta_1': 0.8329603249591765, 'beta_2': 0.9974562847691412, 'epsilon': 1.872744359894429e-09, 'hidden_layer_sizes': 166, 'learning_rate_init': 0.0016614871432566582, 'tol': 1.2009435894777185e-05, 'validation_fraction': 0.36746425504585417}
observation time 0.000007, current best 0.114334 at iter 31
suggestion time taken 19.095381 iter 32 next_points [{'alpha': 0.18871115130212576, 'batch_size': 41, 'beta_1': 0.7744494342765487, 'beta_2': 0.9999604092823333, 'epsilon': 3.850961630712786e-07, 'hidden_layer_sizes': 160, 'learning_rate_init': 0.06334298599722962, 'tol': 0.00015211271311886868, 'validation_fraction': 0.6926239808805302}]
function_evaluation time 2.890820 value 0.539665 suggestion {'alpha': 0.18871115130212576, 'batch_size': 41, 'beta_1': 0.7744494342765487, 'beta_2': 0.9999604092823333, 'epsilon': 3.850961630712786e-07, 'hidden_layer_sizes': 160, 'learning_rate_init': 0.06334298599722962, 'tol': 0.00015211271311886868, 'validation_fraction': 0.6926239808805302}
observation time 0.000007, current best 0.114334 at iter 32
suggestion time taken 18.697933 iter 33 next_points [{'alpha': 0.002181557273150117, 'batch_size': 62, 'beta_1': 0.9755154348233575, 'beta_2': 0.9999944604741962, 'epsilon': 3.438451493971483e-07, 'hidden_layer_sizes': 94, 'learning_rate_init': 0.0035511459478935583, 'tol': 0.016752454305201583, 'validation_fraction': 0.2567450301842577}]
function_evaluation time 2.358487 value 0.140623 suggestion {'alpha': 0.002181557273150117, 'batch_size': 62, 'beta_1': 0.9755154348233575, 'beta_2': 0.9999944604741962, 'epsilon': 3.438451493971483e-07, 'hidden_layer_sizes': 94, 'learning_rate_init': 0.0035511459478935583, 'tol': 0.016752454305201583, 'validation_fraction': 0.2567450301842577}
observation time 0.000008, current best 0.114334 at iter 33
suggestion time taken 18.239370 iter 34 next_points [{'alpha': 0.00019015311404312448, 'batch_size': 159, 'beta_1': 0.5098883571665452, 'beta_2': 0.9851013746222849, 'epsilon': 2.520293133585052e-07, 'hidden_layer_sizes': 187, 'learning_rate_init': 0.008009099621287609, 'tol': 0.002412144243854008, 'validation_fraction': 0.7358906437738088}]
function_evaluation time 1.943766 value 0.197585 suggestion {'alpha': 0.00019015311404312448, 'batch_size': 159, 'beta_1': 0.5098883571665452, 'beta_2': 0.9851013746222849, 'epsilon': 2.520293133585052e-07, 'hidden_layer_sizes': 187, 'learning_rate_init': 0.008009099621287609, 'tol': 0.002412144243854008, 'validation_fraction': 0.7358906437738088}
observation time 0.000007, current best 0.114334 at iter 34
suggestion time taken 19.379886 iter 35 next_points [{'alpha': 0.011769781539452377, 'batch_size': 13, 'beta_1': 0.9463459806076038, 'beta_2': 0.9997098505568787, 'epsilon': 4.8406683803312004e-08, 'hidden_layer_sizes': 145, 'learning_rate_init': 0.013836528076040721, 'tol': 0.001954628089047482, 'validation_fraction': 0.5619990556714991}]
function_evaluation time 6.368152 value 0.235301 suggestion {'alpha': 0.011769781539452377, 'batch_size': 13, 'beta_1': 0.9463459806076038, 'beta_2': 0.9997098505568787, 'epsilon': 4.8406683803312004e-08, 'hidden_layer_sizes': 145, 'learning_rate_init': 0.013836528076040721, 'tol': 0.001954628089047482, 'validation_fraction': 0.5619990556714991}
observation time 0.000006, current best 0.114334 at iter 35
suggestion time taken 18.430030 iter 36 next_points [{'alpha': 1.070556733607787, 'batch_size': 21, 'beta_1': 0.926158882439949, 'beta_2': 0.9995135056967136, 'epsilon': 4.747229550467919e-07, 'hidden_layer_sizes': 188, 'learning_rate_init': 0.00027341058134895837, 'tol': 0.0011496842503922874, 'validation_fraction': 0.6593516362541073}]
function_evaluation time 14.666104 value 0.173576 suggestion {'alpha': 1.070556733607787, 'batch_size': 21, 'beta_1': 0.926158882439949, 'beta_2': 0.9995135056967136, 'epsilon': 4.747229550467919e-07, 'hidden_layer_sizes': 188, 'learning_rate_init': 0.00027341058134895837, 'tol': 0.0011496842503922874, 'validation_fraction': 0.6593516362541073}
observation time 0.000008, current best 0.114334 at iter 36
suggestion time taken 19.054607 iter 37 next_points [{'alpha': 4.073216949954522, 'batch_size': 205, 'beta_1': 0.9895429166790215, 'beta_2': 0.9792127325433582, 'epsilon': 1.6598539497568914e-07, 'hidden_layer_sizes': 79, 'learning_rate_init': 2.402974987127563e-05, 'tol': 0.00045184764886549444, 'validation_fraction': 0.8735193180349129}]
/home/ryedida/.local/lib/python3.8/site-packages/sklearn/neural_network/_multilayer_perceptron.py:621: UserWarning: Got `batch_size` less than 1 or larger than sample size. It is going to be clipped
  warnings.warn(

function_evaluation time 0.646769 value 11.177164 suggestion {'alpha': 4.073216949954522, 'batch_size': 205, 'beta_1': 0.9895429166790215, 'beta_2': 0.9792127325433582, 'epsilon': 1.6598539497568914e-07, 'hidden_layer_sizes': 79, 'learning_rate_init': 2.402974987127563e-05, 'tol': 0.00045184764886549444, 'validation_fraction': 0.8735193180349129}
observation time 0.000006, current best 0.114334 at iter 37
suggestion time taken 17.740012 iter 38 next_points [{'alpha': 0.28138083385062496, 'batch_size': 53, 'beta_1': 0.9555896635871729, 'beta_2': 0.9999987655943269, 'epsilon': 8.864952684549733e-07, 'hidden_layer_sizes': 71, 'learning_rate_init': 9.517330590346326e-05, 'tol': 0.01111570238409018, 'validation_fraction': 0.21739102323793652}]
function_evaluation time 7.433369 value 0.520603 suggestion {'alpha': 0.28138083385062496, 'batch_size': 53, 'beta_1': 0.9555896635871729, 'beta_2': 0.9999987655943269, 'epsilon': 8.864952684549733e-07, 'hidden_layer_sizes': 71, 'learning_rate_init': 9.517330590346326e-05, 'tol': 0.01111570238409018, 'validation_fraction': 0.21739102323793652}
observation time 0.000008, current best 0.114334 at iter 38
suggestion time taken 18.856954 iter 39 next_points [{'alpha': 0.044782548831520747, 'batch_size': 239, 'beta_1': 0.8047330863748219, 'beta_2': 0.9999985626554034, 'epsilon': 1.3746725800331932e-07, 'hidden_layer_sizes': 112, 'learning_rate_init': 0.006467051446774923, 'tol': 0.0032918526159440966, 'validation_fraction': 0.22695984921274753}]
function_evaluation time 2.361155 value 0.143615 suggestion {'alpha': 0.044782548831520747, 'batch_size': 239, 'beta_1': 0.8047330863748219, 'beta_2': 0.9999985626554034, 'epsilon': 1.3746725800331932e-07, 'hidden_layer_sizes': 112, 'learning_rate_init': 0.006467051446774923, 'tol': 0.0032918526159440966, 'validation_fraction': 0.22695984921274753}
observation time 0.000004, current best 0.114334 at iter 39
suggestion time taken 19.437327 iter 40 next_points [{'alpha': 8.407474196588707e-05, 'batch_size': 239, 'beta_1': 0.9875246768207246, 'beta_2': 0.9999271245299286, 'epsilon': 1.0892529005729525e-09, 'hidden_layer_sizes': 196, 'learning_rate_init': 0.0005912640351839228, 'tol': 8.011022452465844e-05, 'validation_fraction': 0.11758964291210415}]
function_evaluation time 5.642871 value 0.158110 suggestion {'alpha': 8.407474196588707e-05, 'batch_size': 239, 'beta_1': 0.9875246768207246, 'beta_2': 0.9999271245299286, 'epsilon': 1.0892529005729525e-09, 'hidden_layer_sizes': 196, 'learning_rate_init': 0.0005912640351839228, 'tol': 8.011022452465844e-05, 'validation_fraction': 0.11758964291210415}
observation time 0.000009, current best 0.114334 at iter 40
suggestion time taken 19.399511 iter 41 next_points [{'alpha': 0.07683120601187773, 'batch_size': 41, 'beta_1': 0.9676611065246511, 'beta_2': 0.9988097824555192, 'epsilon': 2.038483230879883e-08, 'hidden_layer_sizes': 198, 'learning_rate_init': 3.057225479531274e-05, 'tol': 1.9664254923710156e-05, 'validation_fraction': 0.8887107864076054}]
function_evaluation time 9.057390 value 3.023897 suggestion {'alpha': 0.07683120601187773, 'batch_size': 41, 'beta_1': 0.9676611065246511, 'beta_2': 0.9988097824555192, 'epsilon': 2.038483230879883e-08, 'hidden_layer_sizes': 198, 'learning_rate_init': 3.057225479531274e-05, 'tol': 1.9664254923710156e-05, 'validation_fraction': 0.8887107864076054}
observation time 0.000005, current best 0.114334 at iter 41
suggestion time taken 18.906965 iter 42 next_points [{'alpha': 0.0010932773688800941, 'batch_size': 28, 'beta_1': 0.9410629248719777, 'beta_2': 0.9999950867994952, 'epsilon': 1.520884486001591e-07, 'hidden_layer_sizes': 62, 'learning_rate_init': 0.057414239031600804, 'tol': 0.002396348104878129, 'validation_fraction': 0.28432246228162555}]
function_evaluation time 4.541715 value 1.006207 suggestion {'alpha': 0.0010932773688800941, 'batch_size': 28, 'beta_1': 0.9410629248719777, 'beta_2': 0.9999950867994952, 'epsilon': 1.520884486001591e-07, 'hidden_layer_sizes': 62, 'learning_rate_init': 0.057414239031600804, 'tol': 0.002396348104878129, 'validation_fraction': 0.28432246228162555}
observation time 0.000008, current best 0.114334 at iter 42
suggestion time taken 18.590267 iter 43 next_points [{'alpha': 0.25045772413421746, 'batch_size': 12, 'beta_1': 0.6366948460381053, 'beta_2': 0.9999897492793801, 'epsilon': 3.912556420931952e-09, 'hidden_layer_sizes': 120, 'learning_rate_init': 0.00013790850549926436, 'tol': 0.02984103341102402, 'validation_fraction': 0.6975287772139362}]
function_evaluation time 4.665084 value 0.514080 suggestion {'alpha': 0.25045772413421746, 'batch_size': 12, 'beta_1': 0.6366948460381053, 'beta_2': 0.9999897492793801, 'epsilon': 3.912556420931952e-09, 'hidden_layer_sizes': 120, 'learning_rate_init': 0.00013790850549926436, 'tol': 0.02984103341102402, 'validation_fraction': 0.6975287772139362}
observation time 0.000008, current best 0.114334 at iter 43
suggestion time taken 18.749921 iter 44 next_points [{'alpha': 0.02718973210703025, 'batch_size': 239, 'beta_1': 0.6884271504402751, 'beta_2': 0.9995393357871472, 'epsilon': 1.7546569190307753e-09, 'hidden_layer_sizes': 57, 'learning_rate_init': 0.0009199545963395115, 'tol': 0.03828481225014679, 'validation_fraction': 0.12898953402212002}]
function_evaluation time 1.800900 value 0.445834 suggestion {'alpha': 0.02718973210703025, 'batch_size': 239, 'beta_1': 0.6884271504402751, 'beta_2': 0.9995393357871472, 'epsilon': 1.7546569190307753e-09, 'hidden_layer_sizes': 57, 'learning_rate_init': 0.0009199545963395115, 'tol': 0.03828481225014679, 'validation_fraction': 0.12898953402212002}
observation time 0.000008, current best 0.114334 at iter 44
saving meta data: {'args': {'--uuid': '6879a3f260975df69a02ce47c236e0fa', '-db-root': '/home/ryedida/bbo_challenge_starter_kit/output', '--opt-root': '/home/ryedida/bbo_challenge_starter_kit/example_submissions', '--data-root': None, '--db': 'run_20231013_221308', '--opt': 'strongcvx', '--data': 'digits', '--classifier': 'MLP-adam', '--metric': 'nll', '--calls': 45, '--suggestions': 1, '--jobs-file': None, '--verbose': False, 'dry_run': False, 'rev': 'a376313', 'opt_rev': 'x.x.x'}, 'signature': ([{'alpha': 0.019628224813442792, 'batch_size': 182, 'beta_1': 0.9410202200271762, 'beta_2': 0.9998021557676793, 'epsilon': 1.8662266976518e-08, 'hidden_layer_sizes': 147, 'learning_rate_init': 0.0005627932047415167, 'tol': 0.03690557729213761, 'validation_fraction': 0.8846827852548593}, {'alpha': 0.001998246739232944, 'batch_size': 200, 'beta_1': 0.919111482530466, 'beta_2': 0.9998488260436156, 'epsilon': 5.981221901152555e-07, 'hidden_layer_sizes': 61, 'learning_rate_init': 2.2310905607443014e-05, 'tol': 1.2046852412030316e-05, 'validation_fraction': 0.8117896445826539}, {'alpha': 0.46659545670218433, 'batch_size': 219, 'beta_1': 0.9889789783750891, 'beta_2': 0.9999896868093284, 'epsilon': 2.4234724484675948e-08, 'hidden_layer_sizes': 167, 'learning_rate_init': 2.972334644335654e-05, 'tol': 0.0036281404040243792, 'validation_fraction': 0.17260651658522078}, {'alpha': 4.656005689076002, 'batch_size': 135, 'beta_1': 0.870503881627747, 'beta_2': 0.9948873266941017, 'epsilon': 2.1023308743480125e-07, 'hidden_layer_sizes': 118, 'learning_rate_init': 0.001878173875716191, 'tol': 1.1889379831773006e-05, 'validation_fraction': 0.6264327093752792}, {'alpha': 0.04705159350400542, 'batch_size': 158, 'beta_1': 0.9870884262730957, 'beta_2': 0.9999596874382349, 'epsilon': 1.1981845126013875e-08, 'hidden_layer_sizes': 116, 'learning_rate_init': 0.006173405204074311, 'tol': 1.7414134181586194e-05, 'validation_fraction': 0.6754299026638921}], [4.8709522768835765, 9.710667750887517, 5.950791832993735, 0.19438427080405424, 0.25190216699945633])}
saving results
saving timing
saving suggest log
done
