running: {'--uuid': '8e164bdb046f598e9a350b7fbed922ca', '-db-root': '/home/ryedida/bbo_challenge_starter_kit/output', '--opt-root': '/home/ryedida/bbo_challenge_starter_kit/example_submissions', '--data-root': None, '--db': 'run_20231013_221308', '--opt': 'strongcvx', '--data': 'digits', '--classifier': 'MLP-adam', '--metric': 'acc', '--calls': 45, '--suggestions': 1, '--jobs-file': None, '--verbose': False, 'dry_run': False, 'rev': 'a376313', 'opt_rev': 'x.x.x'}
cmd: python strongcvx/optimizer.py -c MLP-adam -d digits -o strongcvx -u 8e164bdb046f598e9a350b7fbed922ca -m acc -n 45 -p 1 -dir /home/ryedida/bbo_challenge_starter_kit/output -b run_20231013_221308
/home/ryedida/.local/lib/python3.8/site-packages/sklearn/neural_network/_multilayer_perceptron.py:621: UserWarning: Got `batch_size` less than 1 or larger than sample size. It is going to be clipped
  warnings.warn(

/home/ryedida/.local/lib/python3.8/site-packages/sklearn/neural_network/_multilayer_perceptron.py:702: ConvergenceWarning: Stochastic Optimizer: Maximum iterations (200) reached and the optimization hasn't converged yet.
  warnings.warn(

computed signature: ([{'alpha': 0.019628224813442792, 'batch_size': 182, 'beta_1': 0.9410202200271762, 'beta_2': 0.9998021557676793, 'epsilon': 1.8662266976518e-08, 'hidden_layer_sizes': 147, 'learning_rate_init': 0.0005627932047415167, 'tol': 0.03690557729213761, 'validation_fraction': 0.8846827852548593}, {'alpha': 0.001998246739232944, 'batch_size': 200, 'beta_1': 0.919111482530466, 'beta_2': 0.9998488260436156, 'epsilon': 5.981221901152555e-07, 'hidden_layer_sizes': 61, 'learning_rate_init': 2.2310905607443014e-05, 'tol': 1.2046852412030316e-05, 'validation_fraction': 0.8117896445826539}, {'alpha': 0.46659545670218433, 'batch_size': 219, 'beta_1': 0.9889789783750891, 'beta_2': 0.9999896868093284, 'epsilon': 2.4234724484675948e-08, 'hidden_layer_sizes': 167, 'learning_rate_init': 2.972334644335654e-05, 'tol': 0.0036281404040243792, 'validation_fraction': 0.17260651658522078}, {'alpha': 4.656005689076002, 'batch_size': 135, 'beta_1': 0.870503881627747, 'beta_2': 0.9948873266941017, 'epsilon': 2.1023308743480125e-07, 'hidden_layer_sizes': 118, 'learning_rate_init': 0.001878173875716191, 'tol': 1.1889379831773006e-05, 'validation_fraction': 0.6264327093752792}, {'alpha': 0.04705159350400542, 'batch_size': 158, 'beta_1': 0.9870884262730957, 'beta_2': 0.9999596874382349, 'epsilon': 1.1981845126013875e-08, 'hidden_layer_sizes': 116, 'learning_rate_init': 0.006173405204074311, 'tol': 1.7414134181586194e-05, 'validation_fraction': 0.6754299026638921}], [-0.21081107239643826, -0.1295489740611692, -0.27999177313201706, -0.9422522260936896, -0.9332050909794812])
/home/ryedida/.local/lib/python3.8/site-packages/bayesmark/experiment.py:470: UserWarning: Baselines not found. Will not log intermediate scores.
  warnings.warn("Baselines not found. Will not log intermediate scores.")

starting sklearn study strongcvx MLP-adam digits acc 45 1
with data root: None
suggestion time taken 17.002280 iter 0 next_points [{'alpha': 0.013241371368139989, 'batch_size': 41, 'beta_1': 0.959374593979685, 'beta_2': 0.991685995055719, 'epsilon': 6.067060677172905e-08, 'hidden_layer_sizes': 154, 'learning_rate_init': 1.4805317821800112e-05, 'tol': 0.027716805468681535, 'validation_fraction': 0.15802990071053705}]
function_evaluation time 2.825889 value -0.121075 suggestion {'alpha': 0.013241371368139989, 'batch_size': 41, 'beta_1': 0.959374593979685, 'beta_2': 0.991685995055719, 'epsilon': 6.067060677172905e-08, 'hidden_layer_sizes': 154, 'learning_rate_init': 1.4805317821800112e-05, 'tol': 0.027716805468681535, 'validation_fraction': 0.15802990071053705}
observation time 0.000005, current best -0.121075 at iter 0
suggestion time taken 16.532346 iter 1 next_points [{'alpha': 3.425628925893606, 'batch_size': 13, 'beta_1': 0.9336441944259178, 'beta_2': 0.984574172143534, 'epsilon': 4.3069870337380026e-07, 'hidden_layer_sizes': 123, 'learning_rate_init': 0.026255460751045293, 'tol': 0.05293857487570616, 'validation_fraction': 0.8460347541433602}]
function_evaluation time 1.752047 value -0.863630 suggestion {'alpha': 3.425628925893606, 'batch_size': 13, 'beta_1': 0.9336441944259178, 'beta_2': 0.984574172143534, 'epsilon': 4.3069870337380026e-07, 'hidden_layer_sizes': 123, 'learning_rate_init': 0.026255460751045293, 'tol': 0.05293857487570616, 'validation_fraction': 0.8460347541433602}
observation time 0.000004, current best -0.863630 at iter 1
suggestion time taken 16.272904 iter 2 next_points [{'alpha': 0.00011433949838725585, 'batch_size': 35, 'beta_1': 0.9794096596944879, 'beta_2': 0.9274673421325219, 'epsilon': 7.69338612266814e-07, 'hidden_layer_sizes': 186, 'learning_rate_init': 0.015466908452765967, 'tol': 0.0033972263212885415, 'validation_fraction': 0.20510908046005688}]
function_evaluation time 4.839237 value -0.931797 suggestion {'alpha': 0.00011433949838725585, 'batch_size': 35, 'beta_1': 0.9794096596944879, 'beta_2': 0.9274673421325219, 'epsilon': 7.69338612266814e-07, 'hidden_layer_sizes': 186, 'learning_rate_init': 0.015466908452765967, 'tol': 0.0033972263212885415, 'validation_fraction': 0.20510908046005688}
observation time 0.000005, current best -0.931797 at iter 2
suggestion time taken 17.282188 iter 3 next_points [{'alpha': 0.00026689733868027706, 'batch_size': 13, 'beta_1': 0.9280365098167912, 'beta_2': 0.9994752893445026, 'epsilon': 2.358727715867592e-09, 'hidden_layer_sizes': 80, 'learning_rate_init': 0.06350231399586732, 'tol': 0.00019927351375005595, 'validation_fraction': 0.8081993316631308}]
function_evaluation time 3.208237 value -0.493895 suggestion {'alpha': 0.00026689733868027706, 'batch_size': 13, 'beta_1': 0.9280365098167912, 'beta_2': 0.9994752893445026, 'epsilon': 2.358727715867592e-09, 'hidden_layer_sizes': 80, 'learning_rate_init': 0.06350231399586732, 'tol': 0.00019927351375005595, 'validation_fraction': 0.8081993316631308}
observation time 0.000005, current best -0.931797 at iter 3
suggestion time taken 17.645412 iter 4 next_points [{'alpha': 0.10971409133934788, 'batch_size': 41, 'beta_1': 0.9844540937929531, 'beta_2': 0.9999733840831307, 'epsilon': 3.068348598542435e-09, 'hidden_layer_sizes': 120, 'learning_rate_init': 0.074079413967273, 'tol': 0.021461719701187765, 'validation_fraction': 0.8653429296749245}]
function_evaluation time 1.633318 value -0.579445 suggestion {'alpha': 0.10971409133934788, 'batch_size': 41, 'beta_1': 0.9844540937929531, 'beta_2': 0.9999733840831307, 'epsilon': 3.068348598542435e-09, 'hidden_layer_sizes': 120, 'learning_rate_init': 0.074079413967273, 'tol': 0.021461719701187765, 'validation_fraction': 0.8653429296749245}
observation time 0.000004, current best -0.931797 at iter 4
suggestion time taken 17.926475 iter 5 next_points [{'alpha': 0.0015895053100667173, 'batch_size': 22, 'beta_1': 0.9701049803917803, 'beta_2': 0.9999971770417581, 'epsilon': 1.619478175786697e-07, 'hidden_layer_sizes': 64, 'learning_rate_init': 7.507769804460149e-05, 'tol': 2.966133744151528e-05, 'validation_fraction': 0.5800165207995565}]
function_evaluation time 29.031008 value -0.913720 suggestion {'alpha': 0.0015895053100667173, 'batch_size': 22, 'beta_1': 0.9701049803917803, 'beta_2': 0.9999971770417581, 'epsilon': 1.619478175786697e-07, 'hidden_layer_sizes': 64, 'learning_rate_init': 7.507769804460149e-05, 'tol': 2.966133744151528e-05, 'validation_fraction': 0.5800165207995565}
observation time 0.000016, current best -0.931797 at iter 5
suggestion time taken 21.552720 iter 6 next_points [{'alpha': 1.0781730346825118, 'batch_size': 35, 'beta_1': 0.916776933885176, 'beta_2': 0.9999967793141551, 'epsilon': 4.4654756468895556e-08, 'hidden_layer_sizes': 188, 'learning_rate_init': 0.0001396054532752114, 'tol': 0.09238492638208216, 'validation_fraction': 0.6117404887997664}]
function_evaluation time 2.402801 value -0.736939 suggestion {'alpha': 1.0781730346825118, 'batch_size': 35, 'beta_1': 0.916776933885176, 'beta_2': 0.9999967793141551, 'epsilon': 4.4654756468895556e-08, 'hidden_layer_sizes': 188, 'learning_rate_init': 0.0001396054532752114, 'tol': 0.09238492638208216, 'validation_fraction': 0.6117404887997664}
observation time 0.000005, current best -0.931797 at iter 6
suggestion time taken 21.171754 iter 7 next_points [{'alpha': 0.27951446326194523, 'batch_size': 21, 'beta_1': 0.9721727600591348, 'beta_2': 0.9998785005275639, 'epsilon': 3.703666637685555e-07, 'hidden_layer_sizes': 52, 'learning_rate_init': 1.4397674188682073e-05, 'tol': 0.050742614995350925, 'validation_fraction': 0.3162454057815248}]
function_evaluation time 3.039623 value -0.130829 suggestion {'alpha': 0.27951446326194523, 'batch_size': 21, 'beta_1': 0.9721727600591348, 'beta_2': 0.9998785005275639, 'epsilon': 3.703666637685555e-07, 'hidden_layer_sizes': 52, 'learning_rate_init': 1.4397674188682073e-05, 'tol': 0.050742614995350925, 'validation_fraction': 0.3162454057815248}
observation time 0.000005, current best -0.931797 at iter 7
suggestion time taken 21.719162 iter 8 next_points [{'alpha': 0.00028336941953924243, 'batch_size': 35, 'beta_1': 0.844105809824468, 'beta_2': 0.9999771315253635, 'epsilon': 4.568404078734229e-08, 'hidden_layer_sizes': 145, 'learning_rate_init': 6.262737397474079e-05, 'tol': 0.06686786002256712, 'validation_fraction': 0.6822512085970726}]
function_evaluation time 1.687585 value -0.263008 suggestion {'alpha': 0.00028336941953924243, 'batch_size': 35, 'beta_1': 0.844105809824468, 'beta_2': 0.9999771315253635, 'epsilon': 4.568404078734229e-08, 'hidden_layer_sizes': 145, 'learning_rate_init': 6.262737397474079e-05, 'tol': 0.06686786002256712, 'validation_fraction': 0.6822512085970726}
observation time 0.000008, current best -0.931797 at iter 8
suggestion time taken 22.139468 iter 9 next_points [{'alpha': 4.642370042253884, 'batch_size': 27, 'beta_1': 0.9171342253799085, 'beta_2': 0.9997256630881596, 'epsilon': 5.3452840300957246e-09, 'hidden_layer_sizes': 196, 'learning_rate_init': 0.0005800899785389579, 'tol': 0.0016318840212394845, 'validation_fraction': 0.34395419373748276}]
function_evaluation time 11.998733 value -0.958261 suggestion {'alpha': 4.642370042253884, 'batch_size': 27, 'beta_1': 0.9171342253799085, 'beta_2': 0.9997256630881596, 'epsilon': 5.3452840300957246e-09, 'hidden_layer_sizes': 196, 'learning_rate_init': 0.0005800899785389579, 'tol': 0.0016318840212394845, 'validation_fraction': 0.34395419373748276}
observation time 0.000005, current best -0.958261 at iter 9
suggestion time taken 19.890193 iter 10 next_points [{'alpha': 5.665338550022239e-05, 'batch_size': 35, 'beta_1': 0.8854203659081048, 'beta_2': 0.9981435122308304, 'epsilon': 1.1491369136989374e-07, 'hidden_layer_sizes': 58, 'learning_rate_init': 1.1335369338892504e-05, 'tol': 0.032861168934862045, 'validation_fraction': 0.7937862723339122}]
function_evaluation time 0.735061 value -0.108554 suggestion {'alpha': 5.665338550022239e-05, 'batch_size': 35, 'beta_1': 0.8854203659081048, 'beta_2': 0.9981435122308304, 'epsilon': 1.1491369136989374e-07, 'hidden_layer_sizes': 58, 'learning_rate_init': 1.1335369338892504e-05, 'tol': 0.032861168934862045, 'validation_fraction': 0.7937862723339122}
observation time 0.000005, current best -0.958261 at iter 10
suggestion time taken 17.101588 iter 11 next_points [{'alpha': 5.5417206367058805e-05, 'batch_size': 53, 'beta_1': 0.9082611474677704, 'beta_2': 0.9998038422717619, 'epsilon': 7.105423103811314e-09, 'hidden_layer_sizes': 105, 'learning_rate_init': 2.9054125168823897e-05, 'tol': 5.847737063814745e-05, 'validation_fraction': 0.5502266094804953}]
/home/ryedida/.local/lib/python3.8/site-packages/sklearn/neural_network/_multilayer_perceptron.py:702: ConvergenceWarning: Stochastic Optimizer: Maximum iterations (200) reached and the optimization hasn't converged yet.
  warnings.warn(

function_evaluation time 19.545595 value -0.849700 suggestion {'alpha': 5.5417206367058805e-05, 'batch_size': 53, 'beta_1': 0.9082611474677704, 'beta_2': 0.9998038422717619, 'epsilon': 7.105423103811314e-09, 'hidden_layer_sizes': 105, 'learning_rate_init': 2.9054125168823897e-05, 'tol': 5.847737063814745e-05, 'validation_fraction': 0.5502266094804953}
observation time 0.000006, current best -0.958261 at iter 11
suggestion time taken 17.187499 iter 12 next_points [{'alpha': 1.7494664849451526e-05, 'batch_size': 130, 'beta_1': 0.9728851437376982, 'beta_2': 0.9998673975109201, 'epsilon': 1.9129964649227196e-09, 'hidden_layer_sizes': 159, 'learning_rate_init': 0.0005721096890548135, 'tol': 0.0228274619069135, 'validation_fraction': 0.21065693082412662}]
function_evaluation time 2.185100 value -0.938765 suggestion {'alpha': 1.7494664849451526e-05, 'batch_size': 130, 'beta_1': 0.9728851437376982, 'beta_2': 0.9998673975109201, 'epsilon': 1.9129964649227196e-09, 'hidden_layer_sizes': 159, 'learning_rate_init': 0.0005721096890548135, 'tol': 0.0228274619069135, 'validation_fraction': 0.21065693082412662}
observation time 0.000005, current best -0.958261 at iter 12
suggestion time taken 18.033025 iter 13 next_points [{'alpha': 0.0002213063360761914, 'batch_size': 35, 'beta_1': 0.9823002824306776, 'beta_2': 0.9796699221790085, 'epsilon': 4.803732721684929e-07, 'hidden_layer_sizes': 65, 'learning_rate_init': 0.0716576353718106, 'tol': 0.006253978192445419, 'validation_fraction': 0.18572428948205946}]
function_evaluation time 5.613092 value -0.432404 suggestion {'alpha': 0.0002213063360761914, 'batch_size': 35, 'beta_1': 0.9823002824306776, 'beta_2': 0.9796699221790085, 'epsilon': 4.803732721684929e-07, 'hidden_layer_sizes': 65, 'learning_rate_init': 0.0716576353718106, 'tol': 0.006253978192445419, 'validation_fraction': 0.18572428948205946}
observation time 0.000005, current best -0.958261 at iter 13
suggestion time taken 17.022277 iter 14 next_points [{'alpha': 1.3607222732680168e-05, 'batch_size': 28, 'beta_1': 0.9856081947899366, 'beta_2': 0.9987828383628095, 'epsilon': 5.052331569812961e-07, 'hidden_layer_sizes': 68, 'learning_rate_init': 0.007342798550555072, 'tol': 0.0014173149860079166, 'validation_fraction': 0.8356728138190431}]
function_evaluation time 2.366080 value -0.897713 suggestion {'alpha': 1.3607222732680168e-05, 'batch_size': 28, 'beta_1': 0.9856081947899366, 'beta_2': 0.9987828383628095, 'epsilon': 5.052331569812961e-07, 'hidden_layer_sizes': 68, 'learning_rate_init': 0.007342798550555072, 'tol': 0.0014173149860079166, 'validation_fraction': 0.8356728138190431}
observation time 0.000005, current best -0.958261 at iter 14
suggestion time taken 17.157500 iter 15 next_points [{'alpha': 0.010812487532666969, 'batch_size': 143, 'beta_1': 0.5572558982590174, 'beta_2': 0.9157952324049498, 'epsilon': 9.639236389642971e-08, 'hidden_layer_sizes': 57, 'learning_rate_init': 0.0034254473764538684, 'tol': 0.044124896925215075, 'validation_fraction': 0.8456997765447155}]
function_evaluation time 0.659811 value -0.828114 suggestion {'alpha': 0.010812487532666969, 'batch_size': 143, 'beta_1': 0.5572558982590174, 'beta_2': 0.9157952324049498, 'epsilon': 9.639236389642971e-08, 'hidden_layer_sizes': 57, 'learning_rate_init': 0.0034254473764538684, 'tol': 0.044124896925215075, 'validation_fraction': 0.8456997765447155}
observation time 0.000004, current best -0.958261 at iter 15
suggestion time taken 18.199347 iter 16 next_points [{'alpha': 1.1808967998468321e-05, 'batch_size': 110, 'beta_1': 0.9764346109974893, 'beta_2': 0.9999808303360526, 'epsilon': 2.741418428160114e-09, 'hidden_layer_sizes': 55, 'learning_rate_init': 0.004458163529075589, 'tol': 0.0022504866078809772, 'validation_fraction': 0.3950505417573984}]
function_evaluation time 2.507579 value -0.944319 suggestion {'alpha': 1.1808967998468321e-05, 'batch_size': 110, 'beta_1': 0.9764346109974893, 'beta_2': 0.9999808303360526, 'epsilon': 2.741418428160114e-09, 'hidden_layer_sizes': 55, 'learning_rate_init': 0.004458163529075589, 'tol': 0.0022504866078809772, 'validation_fraction': 0.3950505417573984}
observation time 0.000005, current best -0.958261 at iter 16
suggestion time taken 17.389541 iter 17 next_points [{'alpha': 6.8862196598286225, 'batch_size': 35, 'beta_1': 0.7017171070003293, 'beta_2': 0.999935414750746, 'epsilon': 1.1061657321078141e-09, 'hidden_layer_sizes': 199, 'learning_rate_init': 0.01898351422530983, 'tol': 0.02471732317278311, 'validation_fraction': 0.10829771656694463}]
function_evaluation time 3.983849 value -0.920686 suggestion {'alpha': 6.8862196598286225, 'batch_size': 35, 'beta_1': 0.7017171070003293, 'beta_2': 0.999935414750746, 'epsilon': 1.1061657321078141e-09, 'hidden_layer_sizes': 199, 'learning_rate_init': 0.01898351422530983, 'tol': 0.02471732317278311, 'validation_fraction': 0.10829771656694463}
observation time 0.000006, current best -0.958261 at iter 17
suggestion time taken 22.748328 iter 18 next_points [{'alpha': 0.020548270135675426, 'batch_size': 11, 'beta_1': 0.9637953327526501, 'beta_2': 0.9948870014418723, 'epsilon': 2.2904496997162172e-07, 'hidden_layer_sizes': 111, 'learning_rate_init': 2.8630811530813875e-05, 'tol': 0.0001221623823254176, 'validation_fraction': 0.1805029648985339}]
function_evaluation time 55.031527 value -0.942944 suggestion {'alpha': 0.020548270135675426, 'batch_size': 11, 'beta_1': 0.9637953327526501, 'beta_2': 0.9948870014418723, 'epsilon': 2.2904496997162172e-07, 'hidden_layer_sizes': 111, 'learning_rate_init': 2.8630811530813875e-05, 'tol': 0.0001221623823254176, 'validation_fraction': 0.1805029648985339}
observation time 0.000007, current best -0.958261 at iter 18
suggestion time taken 21.577144 iter 19 next_points [{'alpha': 0.0004245157039291691, 'batch_size': 110, 'beta_1': 0.9711794538558997, 'beta_2': 0.9966792315311039, 'epsilon': 2.9148276655250622e-08, 'hidden_layer_sizes': 72, 'learning_rate_init': 0.0070864244590458265, 'tol': 1.660679271411231e-05, 'validation_fraction': 0.11045592991503332}]
function_evaluation time 3.404117 value -0.969389 suggestion {'alpha': 0.0004245157039291691, 'batch_size': 110, 'beta_1': 0.9711794538558997, 'beta_2': 0.9966792315311039, 'epsilon': 2.9148276655250622e-08, 'hidden_layer_sizes': 72, 'learning_rate_init': 0.0070864244590458265, 'tol': 1.660679271411231e-05, 'validation_fraction': 0.11045592991503332}
observation time 0.000006, current best -0.969389 at iter 19
suggestion time taken 22.901515 iter 20 next_points [{'alpha': 0.1942477335399144, 'batch_size': 27, 'beta_1': 0.5041917119064739, 'beta_2': 0.9999982888359726, 'epsilon': 4.040401195481006e-09, 'hidden_layer_sizes': 55, 'learning_rate_init': 0.024419511885984596, 'tol': 0.00020170216158377972, 'validation_fraction': 0.5977331154785295}]
function_evaluation time 4.587182 value -0.951292 suggestion {'alpha': 0.1942477335399144, 'batch_size': 27, 'beta_1': 0.5041917119064739, 'beta_2': 0.9999982888359726, 'epsilon': 4.040401195481006e-09, 'hidden_layer_sizes': 55, 'learning_rate_init': 0.024419511885984596, 'tol': 0.00020170216158377972, 'validation_fraction': 0.5977331154785295}
observation time 0.000006, current best -0.969389 at iter 20
suggestion time taken 19.235545 iter 21 next_points [{'alpha': 0.00035155321911149707, 'batch_size': 13, 'beta_1': 0.7855901304432756, 'beta_2': 0.9999896088456037, 'epsilon': 2.0602370768032994e-07, 'hidden_layer_sizes': 141, 'learning_rate_init': 0.0008544020134917128, 'tol': 0.0021594973267585046, 'validation_fraction': 0.8404467587997989}]
function_evaluation time 6.075487 value -0.890757 suggestion {'alpha': 0.00035155321911149707, 'batch_size': 13, 'beta_1': 0.7855901304432756, 'beta_2': 0.9999896088456037, 'epsilon': 2.0602370768032994e-07, 'hidden_layer_sizes': 141, 'learning_rate_init': 0.0008544020134917128, 'tol': 0.0021594973267585046, 'validation_fraction': 0.8404467587997989}
observation time 0.000005, current best -0.969389 at iter 21
suggestion time taken 17.890947 iter 22 next_points [{'alpha': 5.0208211595240405e-05, 'batch_size': 205, 'beta_1': 0.6757525350327244, 'beta_2': 0.9999756910029698, 'epsilon': 1.7065896862389547e-08, 'hidden_layer_sizes': 66, 'learning_rate_init': 0.04108995928435376, 'tol': 3.958935567593857e-05, 'validation_fraction': 0.4132675725203951}]
function_evaluation time 2.621620 value -0.946412 suggestion {'alpha': 5.0208211595240405e-05, 'batch_size': 205, 'beta_1': 0.6757525350327244, 'beta_2': 0.9999756910029698, 'epsilon': 1.7065896862389547e-08, 'hidden_layer_sizes': 66, 'learning_rate_init': 0.04108995928435376, 'tol': 3.958935567593857e-05, 'validation_fraction': 0.4132675725203951}
observation time 0.000005, current best -0.969389 at iter 22
suggestion time taken 17.558396 iter 23 next_points [{'alpha': 0.0022139203803589686, 'batch_size': 53, 'beta_1': 0.8279605122674052, 'beta_2': 0.9989764199627886, 'epsilon': 9.853384380305387e-07, 'hidden_layer_sizes': 148, 'learning_rate_init': 1.9644333879862783e-05, 'tol': 3.644828385957518e-05, 'validation_fraction': 0.6000908758714819}]
/home/ryedida/.local/lib/python3.8/site-packages/sklearn/neural_network/_multilayer_perceptron.py:702: ConvergenceWarning: Stochastic Optimizer: Maximum iterations (200) reached and the optimization hasn't converged yet.
  warnings.warn(

function_evaluation time 16.947493 value -0.685233 suggestion {'alpha': 0.0022139203803589686, 'batch_size': 53, 'beta_1': 0.8279605122674052, 'beta_2': 0.9989764199627886, 'epsilon': 9.853384380305387e-07, 'hidden_layer_sizes': 148, 'learning_rate_init': 1.9644333879862783e-05, 'tol': 3.644828385957518e-05, 'validation_fraction': 0.6000908758714819}
observation time 0.000005, current best -0.969389 at iter 23
suggestion time taken 17.406149 iter 24 next_points [{'alpha': 0.0030435359702342753, 'batch_size': 26, 'beta_1': 0.9674520176843532, 'beta_2': 0.9992971931651492, 'epsilon': 2.320958349262824e-08, 'hidden_layer_sizes': 67, 'learning_rate_init': 2.2736251727739592e-05, 'tol': 1.4550844343113318e-05, 'validation_fraction': 0.6569000865234423}]
/home/ryedida/.local/lib/python3.8/site-packages/sklearn/neural_network/_multilayer_perceptron.py:702: ConvergenceWarning: Stochastic Optimizer: Maximum iterations (200) reached and the optimization hasn't converged yet.
  warnings.warn(

function_evaluation time 22.995327 value -0.734838 suggestion {'alpha': 0.0030435359702342753, 'batch_size': 26, 'beta_1': 0.9674520176843532, 'beta_2': 0.9992971931651492, 'epsilon': 2.320958349262824e-08, 'hidden_layer_sizes': 67, 'learning_rate_init': 2.2736251727739592e-05, 'tol': 1.4550844343113318e-05, 'validation_fraction': 0.6569000865234423}
observation time 0.000005, current best -0.969389 at iter 24
suggestion time taken 16.493211 iter 25 next_points [{'alpha': 0.02244567842015077, 'batch_size': 205, 'beta_1': 0.9776930346847235, 'beta_2': 0.938314701593936, 'epsilon': 4.529679487449152e-09, 'hidden_layer_sizes': 167, 'learning_rate_init': 1.4398997362865061e-05, 'tol': 1.6533854799896477e-05, 'validation_fraction': 0.8912144320953821}]
/home/ryedida/.local/lib/python3.8/site-packages/sklearn/neural_network/_multilayer_perceptron.py:621: UserWarning: Got `batch_size` less than 1 or larger than sample size. It is going to be clipped
  warnings.warn(

/home/ryedida/.local/lib/python3.8/site-packages/sklearn/neural_network/_multilayer_perceptron.py:702: ConvergenceWarning: Stochastic Optimizer: Maximum iterations (200) reached and the optimization hasn't converged yet.
  warnings.warn(

function_evaluation time 2.582663 value -0.089733 suggestion {'alpha': 0.02244567842015077, 'batch_size': 205, 'beta_1': 0.9776930346847235, 'beta_2': 0.938314701593936, 'epsilon': 4.529679487449152e-09, 'hidden_layer_sizes': 167, 'learning_rate_init': 1.4398997362865061e-05, 'tol': 1.6533854799896477e-05, 'validation_fraction': 0.8912144320953821}
observation time 0.000004, current best -0.969389 at iter 25
suggestion time taken 17.921483 iter 26 next_points [{'alpha': 2.5612949636605193e-05, 'batch_size': 84, 'beta_1': 0.8097144046971937, 'beta_2': 0.9677267525771021, 'epsilon': 1.0528093490737759e-09, 'hidden_layer_sizes': 54, 'learning_rate_init': 0.00038249808511393787, 'tol': 0.0007447979245981287, 'validation_fraction': 0.8433329680970622}]
/home/ryedida/.local/lib/python3.8/site-packages/sklearn/neural_network/_multilayer_perceptron.py:702: ConvergenceWarning: Stochastic Optimizer: Maximum iterations (200) reached and the optimization hasn't converged yet.
  warnings.warn(

function_evaluation time 6.815335 value -0.874083 suggestion {'alpha': 2.5612949636605193e-05, 'batch_size': 84, 'beta_1': 0.8097144046971937, 'beta_2': 0.9677267525771021, 'epsilon': 1.0528093490737759e-09, 'hidden_layer_sizes': 54, 'learning_rate_init': 0.00038249808511393787, 'tol': 0.0007447979245981287, 'validation_fraction': 0.8433329680970622}
observation time 0.000005, current best -0.969389 at iter 26
suggestion time taken 19.615821 iter 27 next_points [{'alpha': 0.09829528612998445, 'batch_size': 41, 'beta_1': 0.6929609551951013, 'beta_2': 0.9995112523350577, 'epsilon': 2.560405805659668e-09, 'hidden_layer_sizes': 65, 'learning_rate_init': 5.4713740778720716e-05, 'tol': 0.0007423110159459175, 'validation_fraction': 0.44794540655457565}]
function_evaluation time 23.022896 value -0.896325 suggestion {'alpha': 0.09829528612998445, 'batch_size': 41, 'beta_1': 0.6929609551951013, 'beta_2': 0.9995112523350577, 'epsilon': 2.560405805659668e-09, 'hidden_layer_sizes': 65, 'learning_rate_init': 5.4713740778720716e-05, 'tol': 0.0007423110159459175, 'validation_fraction': 0.44794540655457565}
observation time 0.000005, current best -0.969389 at iter 27
suggestion time taken 23.032182 iter 28 next_points [{'alpha': 0.07570009655735639, 'batch_size': 13, 'beta_1': 0.7622304988122935, 'beta_2': 0.9997308765880062, 'epsilon': 1.6369960343932918e-08, 'hidden_layer_sizes': 191, 'learning_rate_init': 0.00047420651409559093, 'tol': 2.060559840658501e-05, 'validation_fraction': 0.8152172078731457}]
function_evaluation time 13.597998 value -0.932501 suggestion {'alpha': 0.07570009655735639, 'batch_size': 13, 'beta_1': 0.7622304988122935, 'beta_2': 0.9997308765880062, 'epsilon': 1.6369960343932918e-08, 'hidden_layer_sizes': 191, 'learning_rate_init': 0.00047420651409559093, 'tol': 2.060559840658501e-05, 'validation_fraction': 0.8152172078731457}
observation time 0.000010, current best -0.969389 at iter 28
suggestion time taken 20.710842 iter 29 next_points [{'alpha': 0.3369860193511227, 'batch_size': 41, 'beta_1': 0.9643938870446844, 'beta_2': 0.9999883005598018, 'epsilon': 2.820548364234662e-08, 'hidden_layer_sizes': 119, 'learning_rate_init': 1.5153186537003665e-05, 'tol': 0.019525199858995496, 'validation_fraction': 0.1430559582866898}]
function_evaluation time 3.360792 value -0.119009 suggestion {'alpha': 0.3369860193511227, 'batch_size': 41, 'beta_1': 0.9643938870446844, 'beta_2': 0.9999883005598018, 'epsilon': 2.820548364234662e-08, 'hidden_layer_sizes': 119, 'learning_rate_init': 1.5153186537003665e-05, 'tol': 0.019525199858995496, 'validation_fraction': 0.1430559582866898}
observation time 0.000010, current best -0.969389 at iter 29
suggestion time taken 22.659078 iter 30 next_points [{'alpha': 0.16880402138569314, 'batch_size': 179, 'beta_1': 0.9819592643769166, 'beta_2': 0.9991768595532726, 'epsilon': 7.891878837223921e-08, 'hidden_layer_sizes': 130, 'learning_rate_init': 0.000623946395215881, 'tol': 0.012816295921316499, 'validation_fraction': 0.366066704889408}]
function_evaluation time 3.208416 value -0.912316 suggestion {'alpha': 0.16880402138569314, 'batch_size': 179, 'beta_1': 0.9819592643769166, 'beta_2': 0.9991768595532726, 'epsilon': 7.891878837223921e-08, 'hidden_layer_sizes': 130, 'learning_rate_init': 0.000623946395215881, 'tol': 0.012816295921316499, 'validation_fraction': 0.366066704889408}
observation time 0.000015, current best -0.969389 at iter 30
suggestion time taken 21.447762 iter 31 next_points [{'alpha': 7.412783599962562, 'batch_size': 159, 'beta_1': 0.9209633815349766, 'beta_2': 0.9999973952181832, 'epsilon': 1.69716339664444e-08, 'hidden_layer_sizes': 192, 'learning_rate_init': 0.003550766910941909, 'tol': 0.07018920322792105, 'validation_fraction': 0.8855342453700622}]
function_evaluation time 0.959219 value -0.865016 suggestion {'alpha': 7.412783599962562, 'batch_size': 159, 'beta_1': 0.9209633815349766, 'beta_2': 0.9999973952181832, 'epsilon': 1.69716339664444e-08, 'hidden_layer_sizes': 192, 'learning_rate_init': 0.003550766910941909, 'tol': 0.07018920322792105, 'validation_fraction': 0.8855342453700622}
observation time 0.000005, current best -0.969389 at iter 31
suggestion time taken 17.646353 iter 32 next_points [{'alpha': 0.0004593483608544999, 'batch_size': 159, 'beta_1': 0.9268115624844808, 'beta_2': 0.9998929921612416, 'epsilon': 3.491428861184401e-08, 'hidden_layer_sizes': 64, 'learning_rate_init': 0.0011872473264802849, 'tol': 1.801282653303656e-05, 'validation_fraction': 0.6659897085095674}]
function_evaluation time 4.078744 value -0.929730 suggestion {'alpha': 0.0004593483608544999, 'batch_size': 159, 'beta_1': 0.9268115624844808, 'beta_2': 0.9998929921612416, 'epsilon': 3.491428861184401e-08, 'hidden_layer_sizes': 64, 'learning_rate_init': 0.0011872473264802849, 'tol': 1.801282653303656e-05, 'validation_fraction': 0.6659897085095674}
observation time 0.000006, current best -0.969389 at iter 32
suggestion time taken 17.689633 iter 33 next_points [{'alpha': 1.2105853300156013e-05, 'batch_size': 10, 'beta_1': 0.9686565051655956, 'beta_2': 0.9983815197663548, 'epsilon': 6.635331990521545e-09, 'hidden_layer_sizes': 75, 'learning_rate_init': 4.7124128256955124e-05, 'tol': 0.030565702575716003, 'validation_fraction': 0.29324153769497}]
function_evaluation time 12.665797 value -0.827420 suggestion {'alpha': 1.2105853300156013e-05, 'batch_size': 10, 'beta_1': 0.9686565051655956, 'beta_2': 0.9983815197663548, 'epsilon': 6.635331990521545e-09, 'hidden_layer_sizes': 75, 'learning_rate_init': 4.7124128256955124e-05, 'tol': 0.030565702575716003, 'validation_fraction': 0.29324153769497}
observation time 0.000005, current best -0.969389 at iter 33
suggestion time taken 17.584013 iter 34 next_points [{'alpha': 1.2989596526152158, 'batch_size': 22, 'beta_1': 0.9837176355599303, 'beta_2': 0.9999131169982638, 'epsilon': 3.966537684896403e-08, 'hidden_layer_sizes': 77, 'learning_rate_init': 0.08806288305558317, 'tol': 0.025377483291115478, 'validation_fraction': 0.421053955851562}]
function_evaluation time 4.129401 value -0.880304 suggestion {'alpha': 1.2989596526152158, 'batch_size': 22, 'beta_1': 0.9837176355599303, 'beta_2': 0.9999131169982638, 'epsilon': 3.966537684896403e-08, 'hidden_layer_sizes': 77, 'learning_rate_init': 0.08806288305558317, 'tol': 0.025377483291115478, 'validation_fraction': 0.421053955851562}
observation time 0.000005, current best -0.969389 at iter 34
suggestion time taken 17.342772 iter 35 next_points [{'alpha': 7.357642316089923, 'batch_size': 21, 'beta_1': 0.9393998746120031, 'beta_2': 0.9997854480202024, 'epsilon': 3.6209334425972667e-09, 'hidden_layer_sizes': 92, 'learning_rate_init': 0.0045177045810662255, 'tol': 0.00020503984088016103, 'validation_fraction': 0.861564339841769}]
function_evaluation time 2.393762 value -0.922784 suggestion {'alpha': 7.357642316089923, 'batch_size': 21, 'beta_1': 0.9393998746120031, 'beta_2': 0.9997854480202024, 'epsilon': 3.6209334425972667e-09, 'hidden_layer_sizes': 92, 'learning_rate_init': 0.0045177045810662255, 'tol': 0.00020503984088016103, 'validation_fraction': 0.861564339841769}
observation time 0.000005, current best -0.969389 at iter 35
suggestion time taken 17.781839 iter 36 next_points [{'alpha': 2.4599032300269603, 'batch_size': 12, 'beta_1': 0.9345716326297483, 'beta_2': 0.9999341675528909, 'epsilon': 6.828408945746573e-09, 'hidden_layer_sizes': 73, 'learning_rate_init': 0.044772863123970046, 'tol': 0.01358599818907038, 'validation_fraction': 0.8646711099429075}]
function_evaluation time 2.243291 value -0.887986 suggestion {'alpha': 2.4599032300269603, 'batch_size': 12, 'beta_1': 0.9345716326297483, 'beta_2': 0.9999341675528909, 'epsilon': 6.828408945746573e-09, 'hidden_layer_sizes': 73, 'learning_rate_init': 0.044772863123970046, 'tol': 0.01358599818907038, 'validation_fraction': 0.8646711099429075}
observation time 0.000005, current best -0.969389 at iter 36
suggestion time taken 18.712553 iter 37 next_points [{'alpha': 2.2123290134474156, 'batch_size': 17, 'beta_1': 0.9784477925684973, 'beta_2': 0.9999961862515668, 'epsilon': 1.1624193598501354e-09, 'hidden_layer_sizes': 146, 'learning_rate_init': 3.594780345021279e-05, 'tol': 2.5057845882761108e-05, 'validation_fraction': 0.15087841944062277}]
function_evaluation time 36.897562 value -0.938059 suggestion {'alpha': 2.2123290134474156, 'batch_size': 17, 'beta_1': 0.9784477925684973, 'beta_2': 0.9999961862515668, 'epsilon': 1.1624193598501354e-09, 'hidden_layer_sizes': 146, 'learning_rate_init': 3.594780345021279e-05, 'tol': 2.5057845882761108e-05, 'validation_fraction': 0.15087841944062277}
observation time 0.000005, current best -0.969389 at iter 37
suggestion time taken 20.991074 iter 38 next_points [{'alpha': 0.00011606018531599318, 'batch_size': 10, 'beta_1': 0.9571839004110606, 'beta_2': 0.9980502674798871, 'epsilon': 6.800175431681027e-09, 'hidden_layer_sizes': 120, 'learning_rate_init': 0.0005063634216993361, 'tol': 4.5595434602772024e-05, 'validation_fraction': 0.24457890343800207}]
function_evaluation time 23.550412 value -0.961718 suggestion {'alpha': 0.00011606018531599318, 'batch_size': 10, 'beta_1': 0.9571839004110606, 'beta_2': 0.9980502674798871, 'epsilon': 6.800175431681027e-09, 'hidden_layer_sizes': 120, 'learning_rate_init': 0.0005063634216993361, 'tol': 4.5595434602772024e-05, 'validation_fraction': 0.24457890343800207}
observation time 0.000005, current best -0.969389 at iter 38
suggestion time taken 21.708130 iter 39 next_points [{'alpha': 3.278442277715637e-05, 'batch_size': 110, 'beta_1': 0.7376771036485829, 'beta_2': 0.9999942050745692, 'epsilon': 1.912560183906033e-09, 'hidden_layer_sizes': 74, 'learning_rate_init': 3.617370878559414e-05, 'tol': 0.00012521194682178319, 'validation_fraction': 0.1773710371154772}]
function_evaluation time 16.644530 value -0.702681 suggestion {'alpha': 3.278442277715637e-05, 'batch_size': 110, 'beta_1': 0.7376771036485829, 'beta_2': 0.9999942050745692, 'epsilon': 1.912560183906033e-09, 'hidden_layer_sizes': 74, 'learning_rate_init': 3.617370878559414e-05, 'tol': 0.00012521194682178319, 'validation_fraction': 0.1773710371154772}
observation time 0.000005, current best -0.969389 at iter 39
suggestion time taken 20.613335 iter 40 next_points [{'alpha': 0.4455643957790904, 'batch_size': 35, 'beta_1': 0.6454471873809596, 'beta_2': 0.9992483653497776, 'epsilon': 1.1611666914559959e-07, 'hidden_layer_sizes': 167, 'learning_rate_init': 0.007991072292097895, 'tol': 0.09748584314576426, 'validation_fraction': 0.7757170882908664}]
function_evaluation time 1.489794 value -0.923430 suggestion {'alpha': 0.4455643957790904, 'batch_size': 35, 'beta_1': 0.6454471873809596, 'beta_2': 0.9992483653497776, 'epsilon': 1.1611666914559959e-07, 'hidden_layer_sizes': 167, 'learning_rate_init': 0.007991072292097895, 'tol': 0.09748584314576426, 'validation_fraction': 0.7757170882908664}
observation time 0.000005, current best -0.969389 at iter 40
suggestion time taken 21.675946 iter 41 next_points [{'alpha': 3.875915129143882, 'batch_size': 28, 'beta_1': 0.9860024458805311, 'beta_2': 0.9999981869547376, 'epsilon': 9.627441406163886e-07, 'hidden_layer_sizes': 105, 'learning_rate_init': 0.012429893706055909, 'tol': 0.0018215503413272253, 'validation_fraction': 0.8503738588663822}]
function_evaluation time 2.500623 value -0.912321 suggestion {'alpha': 3.875915129143882, 'batch_size': 28, 'beta_1': 0.9860024458805311, 'beta_2': 0.9999981869547376, 'epsilon': 9.627441406163886e-07, 'hidden_layer_sizes': 105, 'learning_rate_init': 0.012429893706055909, 'tol': 0.0018215503413272253, 'validation_fraction': 0.8503738588663822}
observation time 0.000005, current best -0.969389 at iter 41
suggestion time taken 17.264896 iter 42 next_points [{'alpha': 0.13641969424217962, 'batch_size': 205, 'beta_1': 0.9175019067377859, 'beta_2': 0.9999466499228032, 'epsilon': 4.4588854216684287e-07, 'hidden_layer_sizes': 200, 'learning_rate_init': 0.0007255624579369242, 'tol': 0.0009420659069266839, 'validation_fraction': 0.8341103269417286}]
function_evaluation time 4.076942 value -0.894936 suggestion {'alpha': 0.13641969424217962, 'batch_size': 205, 'beta_1': 0.9175019067377859, 'beta_2': 0.9999466499228032, 'epsilon': 4.4588854216684287e-07, 'hidden_layer_sizes': 200, 'learning_rate_init': 0.0007255624579369242, 'tol': 0.0009420659069266839, 'validation_fraction': 0.8341103269417286}
observation time 0.000004, current best -0.969389 at iter 42
suggestion time taken 17.005523 iter 43 next_points [{'alpha': 5.850382902133306e-05, 'batch_size': 53, 'beta_1': 0.6448005699261188, 'beta_2': 0.9924959001851887, 'epsilon': 2.587813776957383e-07, 'hidden_layer_sizes': 166, 'learning_rate_init': 7.298352385917063e-05, 'tol': 5.534006865550716e-05, 'validation_fraction': 0.4977017585858814}]
function_evaluation time 14.557675 value -0.939453 suggestion {'alpha': 5.850382902133306e-05, 'batch_size': 53, 'beta_1': 0.6448005699261188, 'beta_2': 0.9924959001851887, 'epsilon': 2.587813776957383e-07, 'hidden_layer_sizes': 166, 'learning_rate_init': 7.298352385917063e-05, 'tol': 5.534006865550716e-05, 'validation_fraction': 0.4977017585858814}
observation time 0.000005, current best -0.969389 at iter 43
suggestion time taken 18.097566 iter 44 next_points [{'alpha': 0.06014977182493307, 'batch_size': 28, 'beta_1': 0.9684053582330384, 'beta_2': 0.9996666299405228, 'epsilon': 7.407544477207579e-08, 'hidden_layer_sizes': 104, 'learning_rate_init': 0.0017827760130692692, 'tol': 0.013902505396387406, 'validation_fraction': 0.7645702714650188}]
function_evaluation time 1.764341 value -0.929709 suggestion {'alpha': 0.06014977182493307, 'batch_size': 28, 'beta_1': 0.9684053582330384, 'beta_2': 0.9996666299405228, 'epsilon': 7.407544477207579e-08, 'hidden_layer_sizes': 104, 'learning_rate_init': 0.0017827760130692692, 'tol': 0.013902505396387406, 'validation_fraction': 0.7645702714650188}
observation time 0.000005, current best -0.969389 at iter 44
saving meta data: {'args': {'--uuid': '8e164bdb046f598e9a350b7fbed922ca', '-db-root': '/home/ryedida/bbo_challenge_starter_kit/output', '--opt-root': '/home/ryedida/bbo_challenge_starter_kit/example_submissions', '--data-root': None, '--db': 'run_20231013_221308', '--opt': 'strongcvx', '--data': 'digits', '--classifier': 'MLP-adam', '--metric': 'acc', '--calls': 45, '--suggestions': 1, '--jobs-file': None, '--verbose': False, 'dry_run': False, 'rev': 'a376313', 'opt_rev': 'x.x.x'}, 'signature': ([{'alpha': 0.019628224813442792, 'batch_size': 182, 'beta_1': 0.9410202200271762, 'beta_2': 0.9998021557676793, 'epsilon': 1.8662266976518e-08, 'hidden_layer_sizes': 147, 'learning_rate_init': 0.0005627932047415167, 'tol': 0.03690557729213761, 'validation_fraction': 0.8846827852548593}, {'alpha': 0.001998246739232944, 'batch_size': 200, 'beta_1': 0.919111482530466, 'beta_2': 0.9998488260436156, 'epsilon': 5.981221901152555e-07, 'hidden_layer_sizes': 61, 'learning_rate_init': 2.2310905607443014e-05, 'tol': 1.2046852412030316e-05, 'validation_fraction': 0.8117896445826539}, {'alpha': 0.46659545670218433, 'batch_size': 219, 'beta_1': 0.9889789783750891, 'beta_2': 0.9999896868093284, 'epsilon': 2.4234724484675948e-08, 'hidden_layer_sizes': 167, 'learning_rate_init': 2.972334644335654e-05, 'tol': 0.0036281404040243792, 'validation_fraction': 0.17260651658522078}, {'alpha': 4.656005689076002, 'batch_size': 135, 'beta_1': 0.870503881627747, 'beta_2': 0.9948873266941017, 'epsilon': 2.1023308743480125e-07, 'hidden_layer_sizes': 118, 'learning_rate_init': 0.001878173875716191, 'tol': 1.1889379831773006e-05, 'validation_fraction': 0.6264327093752792}, {'alpha': 0.04705159350400542, 'batch_size': 158, 'beta_1': 0.9870884262730957, 'beta_2': 0.9999596874382349, 'epsilon': 1.1981845126013875e-08, 'hidden_layer_sizes': 116, 'learning_rate_init': 0.006173405204074311, 'tol': 1.7414134181586194e-05, 'validation_fraction': 0.6754299026638921}], [-0.21081107239643826, -0.1295489740611692, -0.27999177313201706, -0.9422522260936896, -0.9332050909794812])}
saving results
saving timing
saving suggest log
done
