running: {'--uuid': 'd76f5111271e57b7aae699c4224fe0e5', '-db-root': '/home/ryedida/bbo_challenge_starter_kit/output', '--opt-root': '/home/ryedida/bbo_challenge_starter_kit/example_submissions', '--data-root': None, '--db': 'run_20231013_221308', '--opt': 'random', '--data': 'digits', '--classifier': 'MLP-adam', '--metric': 'nll', '--calls': 45, '--suggestions': 1, '--jobs-file': None, '--verbose': False, 'dry_run': False, 'rev': 'a376313', 'opt_rev': '0.0.8'}
cmd: python /home/ryedida/.local/bin/bayesmark-exp -c MLP-adam -d digits -o random -u d76f5111271e57b7aae699c4224fe0e5 -m nll -n 45 -p 1 -dir /home/ryedida/bbo_challenge_starter_kit/output -b run_20231013_221308
/home/ryedida/.local/lib/python3.8/site-packages/sklearn/neural_network/_multilayer_perceptron.py:621: UserWarning: Got `batch_size` less than 1 or larger than sample size. It is going to be clipped
  warnings.warn(

/home/ryedida/.local/lib/python3.8/site-packages/sklearn/neural_network/_multilayer_perceptron.py:702: ConvergenceWarning: Stochastic Optimizer: Maximum iterations (200) reached and the optimization hasn't converged yet.
  warnings.warn(

computed signature: ([{'alpha': 0.019628224813442792, 'batch_size': 182, 'beta_1': 0.9410202200271762, 'beta_2': 0.9998021557676793, 'epsilon': 1.8662266976518e-08, 'hidden_layer_sizes': 147, 'learning_rate_init': 0.0005627932047415167, 'tol': 0.03690557729213761, 'validation_fraction': 0.8846827852548593}, {'alpha': 0.001998246739232944, 'batch_size': 200, 'beta_1': 0.919111482530466, 'beta_2': 0.9998488260436156, 'epsilon': 5.981221901152555e-07, 'hidden_layer_sizes': 61, 'learning_rate_init': 2.2310905607443014e-05, 'tol': 1.2046852412030316e-05, 'validation_fraction': 0.8117896445826539}, {'alpha': 0.46659545670218433, 'batch_size': 219, 'beta_1': 0.9889789783750891, 'beta_2': 0.9999896868093284, 'epsilon': 2.4234724484675948e-08, 'hidden_layer_sizes': 167, 'learning_rate_init': 2.972334644335654e-05, 'tol': 0.0036281404040243792, 'validation_fraction': 0.17260651658522078}, {'alpha': 4.656005689076002, 'batch_size': 135, 'beta_1': 0.870503881627747, 'beta_2': 0.9948873266941017, 'epsilon': 2.1023308743480125e-07, 'hidden_layer_sizes': 118, 'learning_rate_init': 0.001878173875716191, 'tol': 1.1889379831773006e-05, 'validation_fraction': 0.6264327093752792}, {'alpha': 0.04705159350400542, 'batch_size': 158, 'beta_1': 0.9870884262730957, 'beta_2': 0.9999596874382349, 'epsilon': 1.1981845126013875e-08, 'hidden_layer_sizes': 116, 'learning_rate_init': 0.006173405204074311, 'tol': 1.7414134181586194e-05, 'validation_fraction': 0.6754299026638921}], [4.8709522768835765, 9.710667750887517, 5.950791832993735, 0.19438427080405424, 0.25190216699945633])
/home/ryedida/.local/lib/python3.8/site-packages/bayesmark/experiment.py:470: UserWarning: Baselines not found. Will not log intermediate scores.
  warnings.warn("Baselines not found. Will not log intermediate scores.")

starting sklearn study random MLP-adam digits nll 45 1
with data root: None
suggestion time taken 0.011422 iter 0 next_points [{'alpha': 0.0007368686871182219, 'batch_size': 144, 'beta_1': 0.9728413920985368, 'beta_2': 0.982406532654279, 'epsilon': 1.56023164524606e-09, 'hidden_layer_sizes': 131, 'learning_rate_init': 0.0010684793966894072, 'tol': 0.013351849503667376, 'validation_fraction': 0.3051699120054106}]
function_evaluation time 2.511828 value 0.154617 suggestion {'alpha': 0.0007368686871182219, 'batch_size': 144, 'beta_1': 0.9728413920985368, 'beta_2': 0.982406532654279, 'epsilon': 1.56023164524606e-09, 'hidden_layer_sizes': 131, 'learning_rate_init': 0.0010684793966894072, 'tol': 0.013351849503667376, 'validation_fraction': 0.3051699120054106}
observation time 0.000005, current best 0.154617 at iter 0
suggestion time taken 0.010551 iter 1 next_points [{'alpha': 0.04486237986851788, 'batch_size': 123, 'beta_1': 0.9089368820276631, 'beta_2': 0.9886980496806796, 'epsilon': 1.4138775877013524e-08, 'hidden_layer_sizes': 118, 'learning_rate_init': 0.0183341314569068, 'tol': 0.0008310719821394935, 'validation_fraction': 0.4823284927943863}]
function_evaluation time 3.060423 value 0.161465 suggestion {'alpha': 0.04486237986851788, 'batch_size': 123, 'beta_1': 0.9089368820276631, 'beta_2': 0.9886980496806796, 'epsilon': 1.4138775877013524e-08, 'hidden_layer_sizes': 118, 'learning_rate_init': 0.0183341314569068, 'tol': 0.0008310719821394935, 'validation_fraction': 0.4823284927943863}
observation time 0.000004, current best 0.154617 at iter 1
suggestion time taken 0.010754 iter 2 next_points [{'alpha': 0.005802320549596545, 'batch_size': 124, 'beta_1': 0.6871521495320289, 'beta_2': 0.9999767302673264, 'epsilon': 1.1368635416624252e-09, 'hidden_layer_sizes': 189, 'learning_rate_init': 0.062383574208385986, 'tol': 0.008593813943721615, 'validation_fraction': 0.11728125040555289}]
function_evaluation time 3.726586 value 0.271080 suggestion {'alpha': 0.005802320549596545, 'batch_size': 124, 'beta_1': 0.6871521495320289, 'beta_2': 0.9999767302673264, 'epsilon': 1.1368635416624252e-09, 'hidden_layer_sizes': 189, 'learning_rate_init': 0.062383574208385986, 'tol': 0.008593813943721615, 'validation_fraction': 0.11728125040555289}
observation time 0.000005, current best 0.154617 at iter 2
suggestion time taken 0.010931 iter 3 next_points [{'alpha': 1.878952277201381, 'batch_size': 25, 'beta_1': 0.9883142626281197, 'beta_2': 0.9965404176048136, 'epsilon': 1.4550569830313861e-08, 'hidden_layer_sizes': 156, 'learning_rate_init': 0.051318071214413015, 'tol': 0.005621529632750114, 'validation_fraction': 0.38897974679987024}]
function_evaluation time 9.099226 value 0.268704 suggestion {'alpha': 1.878952277201381, 'batch_size': 25, 'beta_1': 0.9883142626281197, 'beta_2': 0.9965404176048136, 'epsilon': 1.4550569830313861e-08, 'hidden_layer_sizes': 156, 'learning_rate_init': 0.051318071214413015, 'tol': 0.005621529632750114, 'validation_fraction': 0.38897974679987024}
observation time 0.000004, current best 0.154617 at iter 3
suggestion time taken 0.010445 iter 4 next_points [{'alpha': 1.2197379374481518e-05, 'batch_size': 178, 'beta_1': 0.9872070189583027, 'beta_2': 0.9999803020431721, 'epsilon': 9.571013241806687e-09, 'hidden_layer_sizes': 109, 'learning_rate_init': 0.07789293169798937, 'tol': 1.780367662857864e-05, 'validation_fraction': 0.8559166629337832}]
function_evaluation time 0.734729 value 7.412045 suggestion {'alpha': 1.2197379374481518e-05, 'batch_size': 178, 'beta_1': 0.9872070189583027, 'beta_2': 0.9999803020431721, 'epsilon': 9.571013241806687e-09, 'hidden_layer_sizes': 109, 'learning_rate_init': 0.07789293169798937, 'tol': 1.780367662857864e-05, 'validation_fraction': 0.8559166629337832}
observation time 0.000003, current best 0.154617 at iter 4
suggestion time taken 0.010386 iter 5 next_points [{'alpha': 5.989051942156028e-05, 'batch_size': 176, 'beta_1': 0.9866496339683943, 'beta_2': 0.9798094619303716, 'epsilon': 1.2550384621312732e-09, 'hidden_layer_sizes': 64, 'learning_rate_init': 0.005293486229403731, 'tol': 0.0014308120273353224, 'validation_fraction': 0.8115455303718225}]
function_evaluation time 2.028431 value 0.508947 suggestion {'alpha': 5.989051942156028e-05, 'batch_size': 176, 'beta_1': 0.9866496339683943, 'beta_2': 0.9798094619303716, 'epsilon': 1.2550384621312732e-09, 'hidden_layer_sizes': 64, 'learning_rate_init': 0.005293486229403731, 'tol': 0.0014308120273353224, 'validation_fraction': 0.8115455303718225}
observation time 0.000004, current best 0.154617 at iter 5
suggestion time taken 0.010644 iter 6 next_points [{'alpha': 7.897918299484184e-05, 'batch_size': 215, 'beta_1': 0.7729566843444666, 'beta_2': 0.998345465810238, 'epsilon': 5.39921697732159e-08, 'hidden_layer_sizes': 177, 'learning_rate_init': 2.8423555220948433e-05, 'tol': 0.0058303589013151864, 'validation_fraction': 0.26212538716913897}]
function_evaluation time 8.403831 value 2.860871 suggestion {'alpha': 7.897918299484184e-05, 'batch_size': 215, 'beta_1': 0.7729566843444666, 'beta_2': 0.998345465810238, 'epsilon': 5.39921697732159e-08, 'hidden_layer_sizes': 177, 'learning_rate_init': 2.8423555220948433e-05, 'tol': 0.0058303589013151864, 'validation_fraction': 0.26212538716913897}
observation time 0.000005, current best 0.154617 at iter 6
suggestion time taken 0.010516 iter 7 next_points [{'alpha': 0.0004176451504014769, 'batch_size': 82, 'beta_1': 0.8130527238356325, 'beta_2': 0.9999964656262467, 'epsilon': 8.518046648698954e-07, 'hidden_layer_sizes': 87, 'learning_rate_init': 1.0579649491735411e-05, 'tol': 0.0002485931443528553, 'validation_fraction': 0.26410536019489317}]
function_evaluation time 3.228049 value 9.224855 suggestion {'alpha': 0.0004176451504014769, 'batch_size': 82, 'beta_1': 0.8130527238356325, 'beta_2': 0.9999964656262467, 'epsilon': 8.518046648698954e-07, 'hidden_layer_sizes': 87, 'learning_rate_init': 1.0579649491735411e-05, 'tol': 0.0002485931443528553, 'validation_fraction': 0.26410536019489317}
observation time 0.000003, current best 0.154617 at iter 7
suggestion time taken 0.010239 iter 8 next_points [{'alpha': 0.0007081560236316464, 'batch_size': 156, 'beta_1': 0.9346704866530052, 'beta_2': 0.9301805055011819, 'epsilon': 1.3260954788726358e-08, 'hidden_layer_sizes': 102, 'learning_rate_init': 4.2086260278712174e-05, 'tol': 1.233127153299456e-05, 'validation_fraction': 0.4457681987471824}]
/home/ryedida/.local/lib/python3.8/site-packages/sklearn/neural_network/_multilayer_perceptron.py:702: ConvergenceWarning: Stochastic Optimizer: Maximum iterations (200) reached and the optimization hasn't converged yet.
  warnings.warn(

function_evaluation time 11.094337 value 3.666338 suggestion {'alpha': 0.0007081560236316464, 'batch_size': 156, 'beta_1': 0.9346704866530052, 'beta_2': 0.9301805055011819, 'epsilon': 1.3260954788726358e-08, 'hidden_layer_sizes': 102, 'learning_rate_init': 4.2086260278712174e-05, 'tol': 1.233127153299456e-05, 'validation_fraction': 0.4457681987471824}
observation time 0.000004, current best 0.154617 at iter 8
suggestion time taken 0.010451 iter 9 next_points [{'alpha': 0.0015045287860262144, 'batch_size': 116, 'beta_1': 0.8951743128112543, 'beta_2': 0.9999027266555344, 'epsilon': 2.547338620348524e-08, 'hidden_layer_sizes': 153, 'learning_rate_init': 0.0004826245681170134, 'tol': 0.0031744127095674553, 'validation_fraction': 0.10870164509853261}]
function_evaluation time 6.141810 value 0.142483 suggestion {'alpha': 0.0015045287860262144, 'batch_size': 116, 'beta_1': 0.8951743128112543, 'beta_2': 0.9999027266555344, 'epsilon': 2.547338620348524e-08, 'hidden_layer_sizes': 153, 'learning_rate_init': 0.0004826245681170134, 'tol': 0.0031744127095674553, 'validation_fraction': 0.10870164509853261}
observation time 0.000003, current best 0.142483 at iter 9
suggestion time taken 0.010143 iter 10 next_points [{'alpha': 0.0005022998761584258, 'batch_size': 47, 'beta_1': 0.9414540566372956, 'beta_2': 0.9922059574083536, 'epsilon': 1.7664847881175126e-09, 'hidden_layer_sizes': 159, 'learning_rate_init': 6.731528413744243e-05, 'tol': 0.0007595385777726028, 'validation_fraction': 0.5167570281496143}]
function_evaluation time 17.038632 value 0.201497 suggestion {'alpha': 0.0005022998761584258, 'batch_size': 47, 'beta_1': 0.9414540566372956, 'beta_2': 0.9922059574083536, 'epsilon': 1.7664847881175126e-09, 'hidden_layer_sizes': 159, 'learning_rate_init': 6.731528413744243e-05, 'tol': 0.0007595385777726028, 'validation_fraction': 0.5167570281496143}
observation time 0.000003, current best 0.142483 at iter 10
suggestion time taken 0.010609 iter 11 next_points [{'alpha': 2.0343163328125233, 'batch_size': 193, 'beta_1': 0.9537050061993441, 'beta_2': 0.9891335061606384, 'epsilon': 6.63992206353746e-08, 'hidden_layer_sizes': 166, 'learning_rate_init': 0.003887709917234455, 'tol': 0.00015041641595657675, 'validation_fraction': 0.7137086418394408}]
function_evaluation time 2.980039 value 0.226398 suggestion {'alpha': 2.0343163328125233, 'batch_size': 193, 'beta_1': 0.9537050061993441, 'beta_2': 0.9891335061606384, 'epsilon': 6.63992206353746e-08, 'hidden_layer_sizes': 166, 'learning_rate_init': 0.003887709917234455, 'tol': 0.00015041641595657675, 'validation_fraction': 0.7137086418394408}
observation time 0.000003, current best 0.142483 at iter 11
suggestion time taken 0.011005 iter 12 next_points [{'alpha': 0.047795898029013004, 'batch_size': 208, 'beta_1': 0.8125040305984785, 'beta_2': 0.9059323421682232, 'epsilon': 4.1221509472946616e-07, 'hidden_layer_sizes': 169, 'learning_rate_init': 0.0004971496255112793, 'tol': 7.286863287870706e-05, 'validation_fraction': 0.5590708740865186}]
function_evaluation time 6.598706 value 0.120452 suggestion {'alpha': 0.047795898029013004, 'batch_size': 208, 'beta_1': 0.8125040305984785, 'beta_2': 0.9059323421682232, 'epsilon': 4.1221509472946616e-07, 'hidden_layer_sizes': 169, 'learning_rate_init': 0.0004971496255112793, 'tol': 7.286863287870706e-05, 'validation_fraction': 0.5590708740865186}
observation time 0.000004, current best 0.120452 at iter 12
suggestion time taken 0.010640 iter 13 next_points [{'alpha': 0.00280522997142846, 'batch_size': 10, 'beta_1': 0.8302086729049726, 'beta_2': 0.9999722283467487, 'epsilon': 1.0100291409527888e-08, 'hidden_layer_sizes': 187, 'learning_rate_init': 0.0333296499040348, 'tol': 0.013296287106349574, 'validation_fraction': 0.1561979005241457}]
function_evaluation time 11.526135 value 0.620782 suggestion {'alpha': 0.00280522997142846, 'batch_size': 10, 'beta_1': 0.8302086729049726, 'beta_2': 0.9999722283467487, 'epsilon': 1.0100291409527888e-08, 'hidden_layer_sizes': 187, 'learning_rate_init': 0.0333296499040348, 'tol': 0.013296287106349574, 'validation_fraction': 0.1561979005241457}
observation time 0.000005, current best 0.120452 at iter 13
suggestion time taken 0.011718 iter 14 next_points [{'alpha': 0.0007584120436120732, 'batch_size': 147, 'beta_1': 0.7058607419081456, 'beta_2': 0.9999767739957444, 'epsilon': 5.6797433836774074e-09, 'hidden_layer_sizes': 119, 'learning_rate_init': 0.00018168988589919156, 'tol': 0.033272787983308474, 'validation_fraction': 0.18432157013983766}]
function_evaluation time 2.963613 value 0.669591 suggestion {'alpha': 0.0007584120436120732, 'batch_size': 147, 'beta_1': 0.7058607419081456, 'beta_2': 0.9999767739957444, 'epsilon': 5.6797433836774074e-09, 'hidden_layer_sizes': 119, 'learning_rate_init': 0.00018168988589919156, 'tol': 0.033272787983308474, 'validation_fraction': 0.18432157013983766}
observation time 0.000004, current best 0.120452 at iter 14
suggestion time taken 0.010369 iter 15 next_points [{'alpha': 4.626305436867544, 'batch_size': 50, 'beta_1': 0.8416584031022267, 'beta_2': 0.9999980393033804, 'epsilon': 3.5728175130438463e-09, 'hidden_layer_sizes': 80, 'learning_rate_init': 2.063414279922126e-05, 'tol': 0.0012786081866583664, 'validation_fraction': 0.8860093457444558}]
function_evaluation time 0.951273 value 9.971771 suggestion {'alpha': 4.626305436867544, 'batch_size': 50, 'beta_1': 0.8416584031022267, 'beta_2': 0.9999980393033804, 'epsilon': 3.5728175130438463e-09, 'hidden_layer_sizes': 80, 'learning_rate_init': 2.063414279922126e-05, 'tol': 0.0012786081866583664, 'validation_fraction': 0.8860093457444558}
observation time 0.000004, current best 0.120452 at iter 15
suggestion time taken 0.010487 iter 16 next_points [{'alpha': 0.00036888982802775976, 'batch_size': 135, 'beta_1': 0.8866790355870899, 'beta_2': 0.9993947704586279, 'epsilon': 8.268558206646882e-08, 'hidden_layer_sizes': 123, 'learning_rate_init': 0.0011232611618741514, 'tol': 0.002011364743456416, 'validation_fraction': 0.12282553978640601}]
function_evaluation time 3.992363 value 0.150521 suggestion {'alpha': 0.00036888982802775976, 'batch_size': 135, 'beta_1': 0.8866790355870899, 'beta_2': 0.9993947704586279, 'epsilon': 8.268558206646882e-08, 'hidden_layer_sizes': 123, 'learning_rate_init': 0.0011232611618741514, 'tol': 0.002011364743456416, 'validation_fraction': 0.12282553978640601}
observation time 0.000005, current best 0.120452 at iter 16
suggestion time taken 0.011585 iter 17 next_points [{'alpha': 0.0006977487398906542, 'batch_size': 23, 'beta_1': 0.9689462467556194, 'beta_2': 0.9999886755747829, 'epsilon': 4.6667975447517474e-07, 'hidden_layer_sizes': 125, 'learning_rate_init': 0.00047495146427203687, 'tol': 0.03546942207513692, 'validation_fraction': 0.1930540580502865}]
function_evaluation time 4.697759 value 0.161100 suggestion {'alpha': 0.0006977487398906542, 'batch_size': 23, 'beta_1': 0.9689462467556194, 'beta_2': 0.9999886755747829, 'epsilon': 4.6667975447517474e-07, 'hidden_layer_sizes': 125, 'learning_rate_init': 0.00047495146427203687, 'tol': 0.03546942207513692, 'validation_fraction': 0.1930540580502865}
observation time 0.000007, current best 0.120452 at iter 17
suggestion time taken 0.011006 iter 18 next_points [{'alpha': 0.00545291729861989, 'batch_size': 235, 'beta_1': 0.9714790889949391, 'beta_2': 0.9999902265910192, 'epsilon': 4.251757442049363e-09, 'hidden_layer_sizes': 53, 'learning_rate_init': 0.0013489663333620574, 'tol': 0.003370784130838183, 'validation_fraction': 0.6335135757110429}]
function_evaluation time 3.087734 value 0.325590 suggestion {'alpha': 0.00545291729861989, 'batch_size': 235, 'beta_1': 0.9714790889949391, 'beta_2': 0.9999902265910192, 'epsilon': 4.251757442049363e-09, 'hidden_layer_sizes': 53, 'learning_rate_init': 0.0013489663333620574, 'tol': 0.003370784130838183, 'validation_fraction': 0.6335135757110429}
observation time 0.000005, current best 0.120452 at iter 18
suggestion time taken 0.010795 iter 19 next_points [{'alpha': 0.8666068934915463, 'batch_size': 183, 'beta_1': 0.9414184892452562, 'beta_2': 0.9999839502349328, 'epsilon': 1.7316454500231515e-07, 'hidden_layer_sizes': 73, 'learning_rate_init': 3.427627843634999e-05, 'tol': 0.0005666063633632591, 'validation_fraction': 0.806230652121354}]
function_evaluation time 1.722104 value 8.915620 suggestion {'alpha': 0.8666068934915463, 'batch_size': 183, 'beta_1': 0.9414184892452562, 'beta_2': 0.9999839502349328, 'epsilon': 1.7316454500231515e-07, 'hidden_layer_sizes': 73, 'learning_rate_init': 3.427627843634999e-05, 'tol': 0.0005666063633632591, 'validation_fraction': 0.806230652121354}
observation time 0.000005, current best 0.120452 at iter 19
suggestion time taken 0.010926 iter 20 next_points [{'alpha': 0.22039705486369518, 'batch_size': 237, 'beta_1': 0.9728207468514397, 'beta_2': 0.9999903960721764, 'epsilon': 4.288761725198417e-08, 'hidden_layer_sizes': 102, 'learning_rate_init': 0.0007018290026123219, 'tol': 0.013959125566279835, 'validation_fraction': 0.5788588662531843}]
function_evaluation time 2.374559 value 0.502295 suggestion {'alpha': 0.22039705486369518, 'batch_size': 237, 'beta_1': 0.9728207468514397, 'beta_2': 0.9999903960721764, 'epsilon': 4.288761725198417e-08, 'hidden_layer_sizes': 102, 'learning_rate_init': 0.0007018290026123219, 'tol': 0.013959125566279835, 'validation_fraction': 0.5788588662531843}
observation time 0.000006, current best 0.120452 at iter 20
suggestion time taken 0.012928 iter 21 next_points [{'alpha': 0.00038848802761778933, 'batch_size': 15, 'beta_1': 0.8971851562342813, 'beta_2': 0.9999985179126266, 'epsilon': 1.6613175482347116e-09, 'hidden_layer_sizes': 159, 'learning_rate_init': 0.0001755254935275961, 'tol': 0.025410706178978528, 'validation_fraction': 0.5836520193522409}]
function_evaluation time 4.840286 value 0.275161 suggestion {'alpha': 0.00038848802761778933, 'batch_size': 15, 'beta_1': 0.8971851562342813, 'beta_2': 0.9999985179126266, 'epsilon': 1.6613175482347116e-09, 'hidden_layer_sizes': 159, 'learning_rate_init': 0.0001755254935275961, 'tol': 0.025410706178978528, 'validation_fraction': 0.5836520193522409}
observation time 0.000005, current best 0.120452 at iter 21
suggestion time taken 0.010480 iter 22 next_points [{'alpha': 0.31684444050303384, 'batch_size': 202, 'beta_1': 0.9456828539905517, 'beta_2': 0.9999074565900198, 'epsilon': 8.72434034996546e-08, 'hidden_layer_sizes': 83, 'learning_rate_init': 1.049787144543093e-05, 'tol': 0.013037372436458377, 'validation_fraction': 0.6103890828011885}]
function_evaluation time 0.679787 value 11.280622 suggestion {'alpha': 0.31684444050303384, 'batch_size': 202, 'beta_1': 0.9456828539905517, 'beta_2': 0.9999074565900198, 'epsilon': 8.72434034996546e-08, 'hidden_layer_sizes': 83, 'learning_rate_init': 1.049787144543093e-05, 'tol': 0.013037372436458377, 'validation_fraction': 0.6103890828011885}
observation time 0.000004, current best 0.120452 at iter 22
suggestion time taken 0.011157 iter 23 next_points [{'alpha': 0.013013131415977916, 'batch_size': 210, 'beta_1': 0.5721899412697896, 'beta_2': 0.962270620170835, 'epsilon': 9.332787433882318e-08, 'hidden_layer_sizes': 143, 'learning_rate_init': 0.06805352234716534, 'tol': 0.001230843839692575, 'validation_fraction': 0.6004171188761516}]
function_evaluation time 2.794375 value 0.436560 suggestion {'alpha': 0.013013131415977916, 'batch_size': 210, 'beta_1': 0.5721899412697896, 'beta_2': 0.962270620170835, 'epsilon': 9.332787433882318e-08, 'hidden_layer_sizes': 143, 'learning_rate_init': 0.06805352234716534, 'tol': 0.001230843839692575, 'validation_fraction': 0.6004171188761516}
observation time 0.000005, current best 0.120452 at iter 23
suggestion time taken 0.012296 iter 24 next_points [{'alpha': 1.4061935033062533e-05, 'batch_size': 228, 'beta_1': 0.9590881395006086, 'beta_2': 0.9966883516770578, 'epsilon': 2.6013588521684292e-08, 'hidden_layer_sizes': 181, 'learning_rate_init': 0.003442390485655141, 'tol': 9.560844782745529e-05, 'validation_fraction': 0.506700260168273}]
function_evaluation time 4.189609 value 0.166831 suggestion {'alpha': 1.4061935033062533e-05, 'batch_size': 228, 'beta_1': 0.9590881395006086, 'beta_2': 0.9966883516770578, 'epsilon': 2.6013588521684292e-08, 'hidden_layer_sizes': 181, 'learning_rate_init': 0.003442390485655141, 'tol': 9.560844782745529e-05, 'validation_fraction': 0.506700260168273}
observation time 0.000005, current best 0.120452 at iter 24
suggestion time taken 0.010358 iter 25 next_points [{'alpha': 0.0029471784013357406, 'batch_size': 201, 'beta_1': 0.9647259792194316, 'beta_2': 0.9959536911831143, 'epsilon': 1.8598763861570892e-08, 'hidden_layer_sizes': 128, 'learning_rate_init': 0.006609071373747303, 'tol': 0.00037365100207162094, 'validation_fraction': 0.6077540229098572}]
function_evaluation time 3.217860 value 0.242639 suggestion {'alpha': 0.0029471784013357406, 'batch_size': 201, 'beta_1': 0.9647259792194316, 'beta_2': 0.9959536911831143, 'epsilon': 1.8598763861570892e-08, 'hidden_layer_sizes': 128, 'learning_rate_init': 0.006609071373747303, 'tol': 0.00037365100207162094, 'validation_fraction': 0.6077540229098572}
observation time 0.000005, current best 0.120452 at iter 25
suggestion time taken 0.011056 iter 26 next_points [{'alpha': 0.00011341583476349234, 'batch_size': 145, 'beta_1': 0.929401798255412, 'beta_2': 0.9582714496580266, 'epsilon': 3.2947554546413465e-08, 'hidden_layer_sizes': 52, 'learning_rate_init': 0.011720101292528292, 'tol': 0.0008490056805144308, 'validation_fraction': 0.47893219093421324}]
function_evaluation time 2.411665 value 0.147623 suggestion {'alpha': 0.00011341583476349234, 'batch_size': 145, 'beta_1': 0.929401798255412, 'beta_2': 0.9582714496580266, 'epsilon': 3.2947554546413465e-08, 'hidden_layer_sizes': 52, 'learning_rate_init': 0.011720101292528292, 'tol': 0.0008490056805144308, 'validation_fraction': 0.47893219093421324}
observation time 0.000004, current best 0.120452 at iter 26
suggestion time taken 0.010323 iter 27 next_points [{'alpha': 5.9940963020627597e-05, 'batch_size': 88, 'beta_1': 0.9172710442452003, 'beta_2': 0.999795568329805, 'epsilon': 2.2662976958313538e-07, 'hidden_layer_sizes': 126, 'learning_rate_init': 0.00035936241634175795, 'tol': 0.03438345888102302, 'validation_fraction': 0.8325154917112998}]
function_evaluation time 1.011238 value 2.542203 suggestion {'alpha': 5.9940963020627597e-05, 'batch_size': 88, 'beta_1': 0.9172710442452003, 'beta_2': 0.999795568329805, 'epsilon': 2.2662976958313538e-07, 'hidden_layer_sizes': 126, 'learning_rate_init': 0.00035936241634175795, 'tol': 0.03438345888102302, 'validation_fraction': 0.8325154917112998}
observation time 0.000004, current best 0.120452 at iter 27
suggestion time taken 0.010339 iter 28 next_points [{'alpha': 3.242429811249311, 'batch_size': 116, 'beta_1': 0.6488227523707388, 'beta_2': 0.999679311592255, 'epsilon': 2.181909065708465e-07, 'hidden_layer_sizes': 129, 'learning_rate_init': 0.0007625141576427832, 'tol': 0.01697383031107565, 'validation_fraction': 0.892796452780493}]
function_evaluation time 1.815369 value 0.781194 suggestion {'alpha': 3.242429811249311, 'batch_size': 116, 'beta_1': 0.6488227523707388, 'beta_2': 0.999679311592255, 'epsilon': 2.181909065708465e-07, 'hidden_layer_sizes': 129, 'learning_rate_init': 0.0007625141576427832, 'tol': 0.01697383031107565, 'validation_fraction': 0.892796452780493}
observation time 0.000005, current best 0.120452 at iter 28
suggestion time taken 0.012175 iter 29 next_points [{'alpha': 0.4829857453328564, 'batch_size': 74, 'beta_1': 0.8997999354587284, 'beta_2': 0.9912217634250162, 'epsilon': 1.450590170977899e-08, 'hidden_layer_sizes': 187, 'learning_rate_init': 0.0014670967314759657, 'tol': 0.00035280388219559745, 'validation_fraction': 0.5023631461527029}]
function_evaluation time 4.815579 value 0.138199 suggestion {'alpha': 0.4829857453328564, 'batch_size': 74, 'beta_1': 0.8997999354587284, 'beta_2': 0.9912217634250162, 'epsilon': 1.450590170977899e-08, 'hidden_layer_sizes': 187, 'learning_rate_init': 0.0014670967314759657, 'tol': 0.00035280388219559745, 'validation_fraction': 0.5023631461527029}
observation time 0.000005, current best 0.120452 at iter 29
suggestion time taken 0.011192 iter 30 next_points [{'alpha': 0.02327336284649145, 'batch_size': 182, 'beta_1': 0.9050670273021489, 'beta_2': 0.9999984908759123, 'epsilon': 1.9405947777748857e-08, 'hidden_layer_sizes': 162, 'learning_rate_init': 2.9895907284968242e-05, 'tol': 0.00010507810904365425, 'validation_fraction': 0.8017246332037893}]
function_evaluation time 4.435670 value 4.979672 suggestion {'alpha': 0.02327336284649145, 'batch_size': 182, 'beta_1': 0.9050670273021489, 'beta_2': 0.9999984908759123, 'epsilon': 1.9405947777748857e-08, 'hidden_layer_sizes': 162, 'learning_rate_init': 2.9895907284968242e-05, 'tol': 0.00010507810904365425, 'validation_fraction': 0.8017246332037893}
observation time 0.000004, current best 0.120452 at iter 30
suggestion time taken 0.012799 iter 31 next_points [{'alpha': 0.12342132272115466, 'batch_size': 76, 'beta_1': 0.9475615151650891, 'beta_2': 0.999943463805919, 'epsilon': 5.103241543821123e-08, 'hidden_layer_sizes': 137, 'learning_rate_init': 0.002831755835141299, 'tol': 0.000179423890262686, 'validation_fraction': 0.8735514771595708}]
function_evaluation time 2.746822 value 0.448889 suggestion {'alpha': 0.12342132272115466, 'batch_size': 76, 'beta_1': 0.9475615151650891, 'beta_2': 0.999943463805919, 'epsilon': 5.103241543821123e-08, 'hidden_layer_sizes': 137, 'learning_rate_init': 0.002831755835141299, 'tol': 0.000179423890262686, 'validation_fraction': 0.8735514771595708}
observation time 0.000004, current best 0.120452 at iter 31
suggestion time taken 0.011789 iter 32 next_points [{'alpha': 0.00013490014567461422, 'batch_size': 91, 'beta_1': 0.9758611683080682, 'beta_2': 0.9996791588538497, 'epsilon': 5.479644361303207e-07, 'hidden_layer_sizes': 102, 'learning_rate_init': 0.00011306585688705967, 'tol': 0.00916387932850783, 'validation_fraction': 0.22495069149228844}]
function_evaluation time 5.855313 value 0.439277 suggestion {'alpha': 0.00013490014567461422, 'batch_size': 91, 'beta_1': 0.9758611683080682, 'beta_2': 0.9996791588538497, 'epsilon': 5.479644361303207e-07, 'hidden_layer_sizes': 102, 'learning_rate_init': 0.00011306585688705967, 'tol': 0.00916387932850783, 'validation_fraction': 0.22495069149228844}
observation time 0.000004, current best 0.120452 at iter 32
suggestion time taken 0.011810 iter 33 next_points [{'alpha': 0.0003319567478886175, 'batch_size': 47, 'beta_1': 0.9330879952640577, 'beta_2': 0.9999928696749966, 'epsilon': 5.1166370334802715e-09, 'hidden_layer_sizes': 122, 'learning_rate_init': 0.00451633774106943, 'tol': 1.2582248743480002e-05, 'validation_fraction': 0.6193896232387275}]
function_evaluation time 3.416420 value 0.195585 suggestion {'alpha': 0.0003319567478886175, 'batch_size': 47, 'beta_1': 0.9330879952640577, 'beta_2': 0.9999928696749966, 'epsilon': 5.1166370334802715e-09, 'hidden_layer_sizes': 122, 'learning_rate_init': 0.00451633774106943, 'tol': 1.2582248743480002e-05, 'validation_fraction': 0.6193896232387275}
observation time 0.000005, current best 0.120452 at iter 33
suggestion time taken 0.010906 iter 34 next_points [{'alpha': 4.527428707541444e-05, 'batch_size': 40, 'beta_1': 0.7711423861141607, 'beta_2': 0.9999569801382416, 'epsilon': 1.661326033288454e-07, 'hidden_layer_sizes': 66, 'learning_rate_init': 0.0638814965280854, 'tol': 1.2048796365201799e-05, 'validation_fraction': 0.7306109978741785}]
function_evaluation time 3.016967 value 0.865213 suggestion {'alpha': 4.527428707541444e-05, 'batch_size': 40, 'beta_1': 0.7711423861141607, 'beta_2': 0.9999569801382416, 'epsilon': 1.661326033288454e-07, 'hidden_layer_sizes': 66, 'learning_rate_init': 0.0638814965280854, 'tol': 1.2048796365201799e-05, 'validation_fraction': 0.7306109978741785}
observation time 0.000006, current best 0.120452 at iter 34
suggestion time taken 0.010436 iter 35 next_points [{'alpha': 0.6227624954607744, 'batch_size': 134, 'beta_1': 0.9872348472723139, 'beta_2': 0.9998058910796809, 'epsilon': 1.7611730803085406e-08, 'hidden_layer_sizes': 125, 'learning_rate_init': 0.002597236905624312, 'tol': 0.003308942605748008, 'validation_fraction': 0.6730798234252265}]
function_evaluation time 2.435143 value 0.255775 suggestion {'alpha': 0.6227624954607744, 'batch_size': 134, 'beta_1': 0.9872348472723139, 'beta_2': 0.9998058910796809, 'epsilon': 1.7611730803085406e-08, 'hidden_layer_sizes': 125, 'learning_rate_init': 0.002597236905624312, 'tol': 0.003308942605748008, 'validation_fraction': 0.6730798234252265}
observation time 0.000005, current best 0.120452 at iter 35
suggestion time taken 0.010518 iter 36 next_points [{'alpha': 0.005636069213521614, 'batch_size': 231, 'beta_1': 0.5785057156448705, 'beta_2': 0.9996638711231962, 'epsilon': 1.6198114406936774e-09, 'hidden_layer_sizes': 156, 'learning_rate_init': 6.134161041962523e-05, 'tol': 0.0994481564738103, 'validation_fraction': 0.18910433676034707}]
function_evaluation time 1.351299 value 6.136325 suggestion {'alpha': 0.005636069213521614, 'batch_size': 231, 'beta_1': 0.5785057156448705, 'beta_2': 0.9996638711231962, 'epsilon': 1.6198114406936774e-09, 'hidden_layer_sizes': 156, 'learning_rate_init': 6.134161041962523e-05, 'tol': 0.0994481564738103, 'validation_fraction': 0.18910433676034707}
observation time 0.000005, current best 0.120452 at iter 36
suggestion time taken 0.012728 iter 37 next_points [{'alpha': 0.0009543850204648496, 'batch_size': 225, 'beta_1': 0.9896565896010991, 'beta_2': 0.9998123931240871, 'epsilon': 7.77305094772907e-09, 'hidden_layer_sizes': 109, 'learning_rate_init': 0.006021509678965515, 'tol': 3.736651273466198e-05, 'validation_fraction': 0.45070431057113075}]
function_evaluation time 2.854346 value 0.221973 suggestion {'alpha': 0.0009543850204648496, 'batch_size': 225, 'beta_1': 0.9896565896010991, 'beta_2': 0.9998123931240871, 'epsilon': 7.77305094772907e-09, 'hidden_layer_sizes': 109, 'learning_rate_init': 0.006021509678965515, 'tol': 3.736651273466198e-05, 'validation_fraction': 0.45070431057113075}
observation time 0.000005, current best 0.120452 at iter 37
suggestion time taken 0.011804 iter 38 next_points [{'alpha': 0.002272137048680917, 'batch_size': 123, 'beta_1': 0.9884714031302729, 'beta_2': 0.9994759344057362, 'epsilon': 6.983595336281494e-08, 'hidden_layer_sizes': 80, 'learning_rate_init': 0.00012747175233078885, 'tol': 0.0005421746727475018, 'validation_fraction': 0.2808445894354502}]
function_evaluation time 10.671185 value 1.976664 suggestion {'alpha': 0.002272137048680917, 'batch_size': 123, 'beta_1': 0.9884714031302729, 'beta_2': 0.9994759344057362, 'epsilon': 6.983595336281494e-08, 'hidden_layer_sizes': 80, 'learning_rate_init': 0.00012747175233078885, 'tol': 0.0005421746727475018, 'validation_fraction': 0.2808445894354502}
observation time 0.000005, current best 0.120452 at iter 38
suggestion time taken 0.010277 iter 39 next_points [{'alpha': 5.1929726130949806e-05, 'batch_size': 26, 'beta_1': 0.9547534896118743, 'beta_2': 0.9999930044272174, 'epsilon': 4.2310312933841565e-09, 'hidden_layer_sizes': 75, 'learning_rate_init': 0.01004265383540085, 'tol': 0.0011274646859163095, 'validation_fraction': 0.5399976075937476}]
function_evaluation time 5.371713 value 0.128838 suggestion {'alpha': 5.1929726130949806e-05, 'batch_size': 26, 'beta_1': 0.9547534896118743, 'beta_2': 0.9999930044272174, 'epsilon': 4.2310312933841565e-09, 'hidden_layer_sizes': 75, 'learning_rate_init': 0.01004265383540085, 'tol': 0.0011274646859163095, 'validation_fraction': 0.5399976075937476}
observation time 0.000003, current best 0.120452 at iter 39
suggestion time taken 0.010921 iter 40 next_points [{'alpha': 0.41658572292508966, 'batch_size': 49, 'beta_1': 0.9089888462528716, 'beta_2': 0.9997881587454105, 'epsilon': 4.6012505695990715e-08, 'hidden_layer_sizes': 163, 'learning_rate_init': 5.511658849996381e-05, 'tol': 8.258774902196762e-05, 'validation_fraction': 0.17529821609223473}]
function_evaluation time 17.209821 value 0.324033 suggestion {'alpha': 0.41658572292508966, 'batch_size': 49, 'beta_1': 0.9089888462528716, 'beta_2': 0.9997881587454105, 'epsilon': 4.6012505695990715e-08, 'hidden_layer_sizes': 163, 'learning_rate_init': 5.511658849996381e-05, 'tol': 8.258774902196762e-05, 'validation_fraction': 0.17529821609223473}
observation time 0.000003, current best 0.120452 at iter 40
suggestion time taken 0.010307 iter 41 next_points [{'alpha': 0.030942932256951525, 'batch_size': 43, 'beta_1': 0.9840892197237596, 'beta_2': 0.9986228962862433, 'epsilon': 1.8379130784155022e-07, 'hidden_layer_sizes': 130, 'learning_rate_init': 0.0003160437702266993, 'tol': 0.0006298592380755939, 'validation_fraction': 0.3895404295002128}]
function_evaluation time 12.347151 value 0.161261 suggestion {'alpha': 0.030942932256951525, 'batch_size': 43, 'beta_1': 0.9840892197237596, 'beta_2': 0.9986228962862433, 'epsilon': 1.8379130784155022e-07, 'hidden_layer_sizes': 130, 'learning_rate_init': 0.0003160437702266993, 'tol': 0.0006298592380755939, 'validation_fraction': 0.3895404295002128}
observation time 0.000005, current best 0.120452 at iter 41
suggestion time taken 0.010355 iter 42 next_points [{'alpha': 0.016181031842865946, 'batch_size': 244, 'beta_1': 0.9878751998402174, 'beta_2': 0.994923883801804, 'epsilon': 1.789603838314387e-07, 'hidden_layer_sizes': 191, 'learning_rate_init': 0.00011039366333695905, 'tol': 2.0659897636506283e-05, 'validation_fraction': 0.6888451571256561}]
function_evaluation time 9.723373 value 1.557044 suggestion {'alpha': 0.016181031842865946, 'batch_size': 244, 'beta_1': 0.9878751998402174, 'beta_2': 0.994923883801804, 'epsilon': 1.789603838314387e-07, 'hidden_layer_sizes': 191, 'learning_rate_init': 0.00011039366333695905, 'tol': 2.0659897636506283e-05, 'validation_fraction': 0.6888451571256561}
observation time 0.000005, current best 0.120452 at iter 42
suggestion time taken 0.015090 iter 43 next_points [{'alpha': 0.00021907777442432532, 'batch_size': 215, 'beta_1': 0.9755334550381481, 'beta_2': 0.9703869084944337, 'epsilon': 1.7448174435987414e-09, 'hidden_layer_sizes': 119, 'learning_rate_init': 0.02666667862659984, 'tol': 0.0004119320018268323, 'validation_fraction': 0.11395772779416709}]
function_evaluation time 3.783562 value 0.362864 suggestion {'alpha': 0.00021907777442432532, 'batch_size': 215, 'beta_1': 0.9755334550381481, 'beta_2': 0.9703869084944337, 'epsilon': 1.7448174435987414e-09, 'hidden_layer_sizes': 119, 'learning_rate_init': 0.02666667862659984, 'tol': 0.0004119320018268323, 'validation_fraction': 0.11395772779416709}
observation time 0.000006, current best 0.120452 at iter 43
suggestion time taken 0.012893 iter 44 next_points [{'alpha': 0.0010649116757834292, 'batch_size': 66, 'beta_1': 0.658064246754424, 'beta_2': 0.9098949184155801, 'epsilon': 1.0019334594780139e-09, 'hidden_layer_sizes': 54, 'learning_rate_init': 0.014696618500102846, 'tol': 0.08523711748516864, 'validation_fraction': 0.4025009804644908}]
function_evaluation time 1.288325 value 0.188716 suggestion {'alpha': 0.0010649116757834292, 'batch_size': 66, 'beta_1': 0.658064246754424, 'beta_2': 0.9098949184155801, 'epsilon': 1.0019334594780139e-09, 'hidden_layer_sizes': 54, 'learning_rate_init': 0.014696618500102846, 'tol': 0.08523711748516864, 'validation_fraction': 0.4025009804644908}
observation time 0.000007, current best 0.120452 at iter 44
saving meta data: {'args': {'--uuid': 'd76f5111271e57b7aae699c4224fe0e5', '-db-root': '/home/ryedida/bbo_challenge_starter_kit/output', '--opt-root': '/home/ryedida/bbo_challenge_starter_kit/example_submissions', '--data-root': None, '--db': 'run_20231013_221308', '--opt': 'random', '--data': 'digits', '--classifier': 'MLP-adam', '--metric': 'nll', '--calls': 45, '--suggestions': 1, '--jobs-file': None, '--verbose': False, 'dry_run': False, 'rev': 'a376313', 'opt_rev': '0.0.8'}, 'signature': ([{'alpha': 0.019628224813442792, 'batch_size': 182, 'beta_1': 0.9410202200271762, 'beta_2': 0.9998021557676793, 'epsilon': 1.8662266976518e-08, 'hidden_layer_sizes': 147, 'learning_rate_init': 0.0005627932047415167, 'tol': 0.03690557729213761, 'validation_fraction': 0.8846827852548593}, {'alpha': 0.001998246739232944, 'batch_size': 200, 'beta_1': 0.919111482530466, 'beta_2': 0.9998488260436156, 'epsilon': 5.981221901152555e-07, 'hidden_layer_sizes': 61, 'learning_rate_init': 2.2310905607443014e-05, 'tol': 1.2046852412030316e-05, 'validation_fraction': 0.8117896445826539}, {'alpha': 0.46659545670218433, 'batch_size': 219, 'beta_1': 0.9889789783750891, 'beta_2': 0.9999896868093284, 'epsilon': 2.4234724484675948e-08, 'hidden_layer_sizes': 167, 'learning_rate_init': 2.972334644335654e-05, 'tol': 0.0036281404040243792, 'validation_fraction': 0.17260651658522078}, {'alpha': 4.656005689076002, 'batch_size': 135, 'beta_1': 0.870503881627747, 'beta_2': 0.9948873266941017, 'epsilon': 2.1023308743480125e-07, 'hidden_layer_sizes': 118, 'learning_rate_init': 0.001878173875716191, 'tol': 1.1889379831773006e-05, 'validation_fraction': 0.6264327093752792}, {'alpha': 0.04705159350400542, 'batch_size': 158, 'beta_1': 0.9870884262730957, 'beta_2': 0.9999596874382349, 'epsilon': 1.1981845126013875e-08, 'hidden_layer_sizes': 116, 'learning_rate_init': 0.006173405204074311, 'tol': 1.7414134181586194e-05, 'validation_fraction': 0.6754299026638921}], [4.8709522768835765, 9.710667750887517, 5.950791832993735, 0.19438427080405424, 0.25190216699945633])}
saving results
saving timing
saving suggest log
done
