running: {'--uuid': 'd930fe03ddaf5beba9e42c18314354bb', '-db-root': '/home/ryedida/bbo_challenge_starter_kit/output', '--opt-root': '/home/ryedida/bbo_challenge_starter_kit/example_submissions', '--data-root': None, '--db': 'run_20231013_221308', '--opt': 'random', '--data': 'digits', '--classifier': 'MLP-adam', '--metric': 'nll', '--calls': 45, '--suggestions': 1, '--jobs-file': None, '--verbose': False, 'dry_run': False, 'rev': 'a376313', 'opt_rev': '0.0.8'}
cmd: python /home/ryedida/.local/bin/bayesmark-exp -c MLP-adam -d digits -o random -u d930fe03ddaf5beba9e42c18314354bb -m nll -n 45 -p 1 -dir /home/ryedida/bbo_challenge_starter_kit/output -b run_20231013_221308
/home/ryedida/.local/lib/python3.8/site-packages/sklearn/neural_network/_multilayer_perceptron.py:621: UserWarning: Got `batch_size` less than 1 or larger than sample size. It is going to be clipped
  warnings.warn(

/home/ryedida/.local/lib/python3.8/site-packages/sklearn/neural_network/_multilayer_perceptron.py:702: ConvergenceWarning: Stochastic Optimizer: Maximum iterations (200) reached and the optimization hasn't converged yet.
  warnings.warn(

computed signature: ([{'alpha': 0.019628224813442792, 'batch_size': 182, 'beta_1': 0.9410202200271762, 'beta_2': 0.9998021557676793, 'epsilon': 1.8662266976518e-08, 'hidden_layer_sizes': 147, 'learning_rate_init': 0.0005627932047415167, 'tol': 0.03690557729213761, 'validation_fraction': 0.8846827852548593}, {'alpha': 0.001998246739232944, 'batch_size': 200, 'beta_1': 0.919111482530466, 'beta_2': 0.9998488260436156, 'epsilon': 5.981221901152555e-07, 'hidden_layer_sizes': 61, 'learning_rate_init': 2.2310905607443014e-05, 'tol': 1.2046852412030316e-05, 'validation_fraction': 0.8117896445826539}, {'alpha': 0.46659545670218433, 'batch_size': 219, 'beta_1': 0.9889789783750891, 'beta_2': 0.9999896868093284, 'epsilon': 2.4234724484675948e-08, 'hidden_layer_sizes': 167, 'learning_rate_init': 2.972334644335654e-05, 'tol': 0.0036281404040243792, 'validation_fraction': 0.17260651658522078}, {'alpha': 4.656005689076002, 'batch_size': 135, 'beta_1': 0.870503881627747, 'beta_2': 0.9948873266941017, 'epsilon': 2.1023308743480125e-07, 'hidden_layer_sizes': 118, 'learning_rate_init': 0.001878173875716191, 'tol': 1.1889379831773006e-05, 'validation_fraction': 0.6264327093752792}, {'alpha': 0.04705159350400542, 'batch_size': 158, 'beta_1': 0.9870884262730957, 'beta_2': 0.9999596874382349, 'epsilon': 1.1981845126013875e-08, 'hidden_layer_sizes': 116, 'learning_rate_init': 0.006173405204074311, 'tol': 1.7414134181586194e-05, 'validation_fraction': 0.6754299026638921}], [4.8709522768835765, 9.710667750887517, 5.950791832993735, 0.19438427080405424, 0.25190216699945633])
/home/ryedida/.local/lib/python3.8/site-packages/bayesmark/experiment.py:470: UserWarning: Baselines not found. Will not log intermediate scores.
  warnings.warn("Baselines not found. Will not log intermediate scores.")

starting sklearn study random MLP-adam digits nll 45 1
with data root: None
suggestion time taken 0.010460 iter 0 next_points [{'alpha': 0.0005382523672575077, 'batch_size': 116, 'beta_1': 0.7561365775957154, 'beta_2': 0.9865921263555993, 'epsilon': 6.838139533649149e-08, 'hidden_layer_sizes': 182, 'learning_rate_init': 0.020184429578951776, 'tol': 0.0006889393522133488, 'validation_fraction': 0.848748795183765}]
function_evaluation time 2.714968 value 0.263182 suggestion {'alpha': 0.0005382523672575077, 'batch_size': 116, 'beta_1': 0.7561365775957154, 'beta_2': 0.9865921263555993, 'epsilon': 6.838139533649149e-08, 'hidden_layer_sizes': 182, 'learning_rate_init': 0.020184429578951776, 'tol': 0.0006889393522133488, 'validation_fraction': 0.848748795183765}
observation time 0.000005, current best 0.263182 at iter 0
suggestion time taken 0.010965 iter 1 next_points [{'alpha': 0.8487193522017327, 'batch_size': 234, 'beta_1': 0.9852641038422197, 'beta_2': 0.9934588951466056, 'epsilon': 1.0870609603379578e-09, 'hidden_layer_sizes': 196, 'learning_rate_init': 0.010128935931307934, 'tol': 5.8591511929845644e-05, 'validation_fraction': 0.5841925823103004}]
function_evaluation time 3.779339 value 0.266057 suggestion {'alpha': 0.8487193522017327, 'batch_size': 234, 'beta_1': 0.9852641038422197, 'beta_2': 0.9934588951466056, 'epsilon': 1.0870609603379578e-09, 'hidden_layer_sizes': 196, 'learning_rate_init': 0.010128935931307934, 'tol': 5.8591511929845644e-05, 'validation_fraction': 0.5841925823103004}
observation time 0.000006, current best 0.263182 at iter 1
suggestion time taken 0.010810 iter 2 next_points [{'alpha': 0.049648201721447266, 'batch_size': 173, 'beta_1': 0.9469025319134096, 'beta_2': 0.9998634508789778, 'epsilon': 9.938077258599844e-07, 'hidden_layer_sizes': 70, 'learning_rate_init': 6.479251090502895e-05, 'tol': 0.02504030001122532, 'validation_fraction': 0.7299585295612404}]
function_evaluation time 0.609373 value 9.787165 suggestion {'alpha': 0.049648201721447266, 'batch_size': 173, 'beta_1': 0.9469025319134096, 'beta_2': 0.9998634508789778, 'epsilon': 9.938077258599844e-07, 'hidden_layer_sizes': 70, 'learning_rate_init': 6.479251090502895e-05, 'tol': 0.02504030001122532, 'validation_fraction': 0.7299585295612404}
observation time 0.000005, current best 0.263182 at iter 2
suggestion time taken 0.011479 iter 3 next_points [{'alpha': 0.003521039944852368, 'batch_size': 127, 'beta_1': 0.5844003342124573, 'beta_2': 0.9999950200887581, 'epsilon': 9.557452795236657e-07, 'hidden_layer_sizes': 132, 'learning_rate_init': 0.00019809388566660875, 'tol': 0.004092868763464251, 'validation_fraction': 0.5486030171788147}]
function_evaluation time 6.861874 value 0.324836 suggestion {'alpha': 0.003521039944852368, 'batch_size': 127, 'beta_1': 0.5844003342124573, 'beta_2': 0.9999950200887581, 'epsilon': 9.557452795236657e-07, 'hidden_layer_sizes': 132, 'learning_rate_init': 0.00019809388566660875, 'tol': 0.004092868763464251, 'validation_fraction': 0.5486030171788147}
observation time 0.000006, current best 0.263182 at iter 3
suggestion time taken 0.010755 iter 4 next_points [{'alpha': 0.03390799131177835, 'batch_size': 167, 'beta_1': 0.5293064649250218, 'beta_2': 0.9176997888553952, 'epsilon': 1.0452238271978281e-07, 'hidden_layer_sizes': 182, 'learning_rate_init': 0.08229283819631031, 'tol': 0.0020023909666689833, 'validation_fraction': 0.304206884389902}]
function_evaluation time 3.634517 value 0.773541 suggestion {'alpha': 0.03390799131177835, 'batch_size': 167, 'beta_1': 0.5293064649250218, 'beta_2': 0.9176997888553952, 'epsilon': 1.0452238271978281e-07, 'hidden_layer_sizes': 182, 'learning_rate_init': 0.08229283819631031, 'tol': 0.0020023909666689833, 'validation_fraction': 0.304206884389902}
observation time 0.000005, current best 0.263182 at iter 4
suggestion time taken 0.011188 iter 5 next_points [{'alpha': 0.00014334264772489615, 'batch_size': 159, 'beta_1': 0.9334532051425287, 'beta_2': 0.996409219252546, 'epsilon': 6.116171087953235e-07, 'hidden_layer_sizes': 171, 'learning_rate_init': 0.04744424520811808, 'tol': 1.2481293674082673e-05, 'validation_fraction': 0.87764677618446}]
function_evaluation time 2.719640 value 1.462558 suggestion {'alpha': 0.00014334264772489615, 'batch_size': 159, 'beta_1': 0.9334532051425287, 'beta_2': 0.996409219252546, 'epsilon': 6.116171087953235e-07, 'hidden_layer_sizes': 171, 'learning_rate_init': 0.04744424520811808, 'tol': 1.2481293674082673e-05, 'validation_fraction': 0.87764677618446}
observation time 0.000006, current best 0.263182 at iter 5
suggestion time taken 0.011998 iter 6 next_points [{'alpha': 0.0019702651887893875, 'batch_size': 83, 'beta_1': 0.8846749999189629, 'beta_2': 0.9999293336142955, 'epsilon': 1.0239293649675524e-09, 'hidden_layer_sizes': 129, 'learning_rate_init': 0.07896057960826078, 'tol': 0.011362268369919647, 'validation_fraction': 0.7259176076208826}]
function_evaluation time 2.254213 value 1.294451 suggestion {'alpha': 0.0019702651887893875, 'batch_size': 83, 'beta_1': 0.8846749999189629, 'beta_2': 0.9999293336142955, 'epsilon': 1.0239293649675524e-09, 'hidden_layer_sizes': 129, 'learning_rate_init': 0.07896057960826078, 'tol': 0.011362268369919647, 'validation_fraction': 0.7259176076208826}
observation time 0.000005, current best 0.263182 at iter 6
suggestion time taken 0.010582 iter 7 next_points [{'alpha': 8.771915623791392, 'batch_size': 35, 'beta_1': 0.6516904899141793, 'beta_2': 0.9999918383346914, 'epsilon': 3.0941007073752705e-08, 'hidden_layer_sizes': 66, 'learning_rate_init': 0.0004098131753163109, 'tol': 0.00023644282066017232, 'validation_fraction': 0.31363881782552055}]
function_evaluation time 9.369026 value 0.275631 suggestion {'alpha': 8.771915623791392, 'batch_size': 35, 'beta_1': 0.6516904899141793, 'beta_2': 0.9999918383346914, 'epsilon': 3.0941007073752705e-08, 'hidden_layer_sizes': 66, 'learning_rate_init': 0.0004098131753163109, 'tol': 0.00023644282066017232, 'validation_fraction': 0.31363881782552055}
observation time 0.000005, current best 0.263182 at iter 7
suggestion time taken 0.010859 iter 8 next_points [{'alpha': 0.010930665399463047, 'batch_size': 93, 'beta_1': 0.6954369216658621, 'beta_2': 0.9999951944643102, 'epsilon': 1.2626497863531254e-08, 'hidden_layer_sizes': 138, 'learning_rate_init': 0.0004065377397774582, 'tol': 0.0004945050215786484, 'validation_fraction': 0.3319977024342864}]
function_evaluation time 10.228780 value 0.133942 suggestion {'alpha': 0.010930665399463047, 'batch_size': 93, 'beta_1': 0.6954369216658621, 'beta_2': 0.9999951944643102, 'epsilon': 1.2626497863531254e-08, 'hidden_layer_sizes': 138, 'learning_rate_init': 0.0004065377397774582, 'tol': 0.0004945050215786484, 'validation_fraction': 0.3319977024342864}
observation time 0.000005, current best 0.133942 at iter 8
suggestion time taken 0.010646 iter 9 next_points [{'alpha': 0.04298708351437906, 'batch_size': 13, 'beta_1': 0.9224968622428648, 'beta_2': 0.9999972396226509, 'epsilon': 5.09922530808733e-08, 'hidden_layer_sizes': 140, 'learning_rate_init': 0.00020800550012585234, 'tol': 0.04358378562727474, 'validation_fraction': 0.38954072980259913}]
function_evaluation time 6.482471 value 0.253340 suggestion {'alpha': 0.04298708351437906, 'batch_size': 13, 'beta_1': 0.9224968622428648, 'beta_2': 0.9999972396226509, 'epsilon': 5.09922530808733e-08, 'hidden_layer_sizes': 140, 'learning_rate_init': 0.00020800550012585234, 'tol': 0.04358378562727474, 'validation_fraction': 0.38954072980259913}
observation time 0.000004, current best 0.133942 at iter 9
suggestion time taken 0.010709 iter 10 next_points [{'alpha': 0.001303234527991992, 'batch_size': 66, 'beta_1': 0.9452848907424731, 'beta_2': 0.9862294481899759, 'epsilon': 1.7093395186064692e-09, 'hidden_layer_sizes': 167, 'learning_rate_init': 0.014421625138872643, 'tol': 6.992732130905633e-05, 'validation_fraction': 0.7488674377625749}]
function_evaluation time 3.025481 value 0.352878 suggestion {'alpha': 0.001303234527991992, 'batch_size': 66, 'beta_1': 0.9452848907424731, 'beta_2': 0.9862294481899759, 'epsilon': 1.7093395186064692e-09, 'hidden_layer_sizes': 167, 'learning_rate_init': 0.014421625138872643, 'tol': 6.992732130905633e-05, 'validation_fraction': 0.7488674377625749}
observation time 0.000005, current best 0.133942 at iter 10
suggestion time taken 0.010614 iter 11 next_points [{'alpha': 0.38119297534047175, 'batch_size': 82, 'beta_1': 0.73594376322751, 'beta_2': 0.9977423487544292, 'epsilon': 3.004161050972124e-09, 'hidden_layer_sizes': 68, 'learning_rate_init': 3.1075036857511736e-05, 'tol': 0.00361290774019297, 'validation_fraction': 0.7314356419900888}]
function_evaluation time 0.687521 value 10.790215 suggestion {'alpha': 0.38119297534047175, 'batch_size': 82, 'beta_1': 0.73594376322751, 'beta_2': 0.9977423487544292, 'epsilon': 3.004161050972124e-09, 'hidden_layer_sizes': 68, 'learning_rate_init': 3.1075036857511736e-05, 'tol': 0.00361290774019297, 'validation_fraction': 0.7314356419900888}
observation time 0.000005, current best 0.133942 at iter 11
suggestion time taken 0.010559 iter 12 next_points [{'alpha': 8.020490158970992e-05, 'batch_size': 40, 'beta_1': 0.9669655704871694, 'beta_2': 0.999996796936843, 'epsilon': 1.679970233439826e-08, 'hidden_layer_sizes': 84, 'learning_rate_init': 0.07581291741297673, 'tol': 0.010887390410493794, 'validation_fraction': 0.6631215995234828}]
function_evaluation time 2.299299 value 1.504015 suggestion {'alpha': 8.020490158970992e-05, 'batch_size': 40, 'beta_1': 0.9669655704871694, 'beta_2': 0.999996796936843, 'epsilon': 1.679970233439826e-08, 'hidden_layer_sizes': 84, 'learning_rate_init': 0.07581291741297673, 'tol': 0.010887390410493794, 'validation_fraction': 0.6631215995234828}
observation time 0.000005, current best 0.133942 at iter 12
suggestion time taken 0.013500 iter 13 next_points [{'alpha': 0.04750003067667276, 'batch_size': 49, 'beta_1': 0.9661497022626749, 'beta_2': 0.99969491616508, 'epsilon': 2.6004858691157724e-07, 'hidden_layer_sizes': 152, 'learning_rate_init': 0.017099203346032037, 'tol': 0.00038166951119361495, 'validation_fraction': 0.7962420145948049}]
function_evaluation time 2.923541 value 0.424583 suggestion {'alpha': 0.04750003067667276, 'batch_size': 49, 'beta_1': 0.9661497022626749, 'beta_2': 0.99969491616508, 'epsilon': 2.6004858691157724e-07, 'hidden_layer_sizes': 152, 'learning_rate_init': 0.017099203346032037, 'tol': 0.00038166951119361495, 'validation_fraction': 0.7962420145948049}
observation time 0.000005, current best 0.133942 at iter 13
suggestion time taken 0.010602 iter 14 next_points [{'alpha': 0.2542225808813673, 'batch_size': 76, 'beta_1': 0.8202112617488658, 'beta_2': 0.9996152654679272, 'epsilon': 1.8532020943689974e-08, 'hidden_layer_sizes': 176, 'learning_rate_init': 0.008095756885749539, 'tol': 0.015962439300573193, 'validation_fraction': 0.5296321873408975}]
function_evaluation time 1.985784 value 0.150017 suggestion {'alpha': 0.2542225808813673, 'batch_size': 76, 'beta_1': 0.8202112617488658, 'beta_2': 0.9996152654679272, 'epsilon': 1.8532020943689974e-08, 'hidden_layer_sizes': 176, 'learning_rate_init': 0.008095756885749539, 'tol': 0.015962439300573193, 'validation_fraction': 0.5296321873408975}
observation time 0.000006, current best 0.133942 at iter 14
suggestion time taken 0.010766 iter 15 next_points [{'alpha': 0.006019269963210808, 'batch_size': 226, 'beta_1': 0.9684526532200857, 'beta_2': 0.9993446836318222, 'epsilon': 1.884804816341981e-09, 'hidden_layer_sizes': 189, 'learning_rate_init': 1.280303578328072e-05, 'tol': 0.0017850761917095701, 'validation_fraction': 0.406087421103153}]
function_evaluation time 5.221832 value 6.245185 suggestion {'alpha': 0.006019269963210808, 'batch_size': 226, 'beta_1': 0.9684526532200857, 'beta_2': 0.9993446836318222, 'epsilon': 1.884804816341981e-09, 'hidden_layer_sizes': 189, 'learning_rate_init': 1.280303578328072e-05, 'tol': 0.0017850761917095701, 'validation_fraction': 0.406087421103153}
observation time 0.000005, current best 0.133942 at iter 15
suggestion time taken 0.010685 iter 16 next_points [{'alpha': 8.069007791036316, 'batch_size': 227, 'beta_1': 0.5899749442490285, 'beta_2': 0.9999982970414618, 'epsilon': 2.2405904973052538e-09, 'hidden_layer_sizes': 113, 'learning_rate_init': 0.0017682415810739017, 'tol': 0.0024190145841715485, 'validation_fraction': 0.10003381189941228}]
function_evaluation time 4.036997 value 0.138303 suggestion {'alpha': 8.069007791036316, 'batch_size': 227, 'beta_1': 0.5899749442490285, 'beta_2': 0.9999982970414618, 'epsilon': 2.2405904973052538e-09, 'hidden_layer_sizes': 113, 'learning_rate_init': 0.0017682415810739017, 'tol': 0.0024190145841715485, 'validation_fraction': 0.10003381189941228}
observation time 0.000006, current best 0.133942 at iter 16
suggestion time taken 0.010717 iter 17 next_points [{'alpha': 0.0007029017682373491, 'batch_size': 119, 'beta_1': 0.6315061812523227, 'beta_2': 0.9012205859834059, 'epsilon': 7.69170561901794e-09, 'hidden_layer_sizes': 103, 'learning_rate_init': 0.0012272823620729614, 'tol': 4.6695681286580745e-05, 'validation_fraction': 0.11723267193049859}]
function_evaluation time 3.131735 value 0.134644 suggestion {'alpha': 0.0007029017682373491, 'batch_size': 119, 'beta_1': 0.6315061812523227, 'beta_2': 0.9012205859834059, 'epsilon': 7.69170561901794e-09, 'hidden_layer_sizes': 103, 'learning_rate_init': 0.0012272823620729614, 'tol': 4.6695681286580745e-05, 'validation_fraction': 0.11723267193049859}
observation time 0.000006, current best 0.133942 at iter 17
suggestion time taken 0.011379 iter 18 next_points [{'alpha': 0.6613136930209974, 'batch_size': 192, 'beta_1': 0.96967094050457, 'beta_2': 0.9970972935670093, 'epsilon': 1.1429778623687344e-08, 'hidden_layer_sizes': 179, 'learning_rate_init': 0.0004037735724758263, 'tol': 0.015041707844695941, 'validation_fraction': 0.7772126462013564}]
function_evaluation time 2.439171 value 0.588266 suggestion {'alpha': 0.6613136930209974, 'batch_size': 192, 'beta_1': 0.96967094050457, 'beta_2': 0.9970972935670093, 'epsilon': 1.1429778623687344e-08, 'hidden_layer_sizes': 179, 'learning_rate_init': 0.0004037735724758263, 'tol': 0.015041707844695941, 'validation_fraction': 0.7772126462013564}
observation time 0.000005, current best 0.133942 at iter 18
suggestion time taken 0.010667 iter 19 next_points [{'alpha': 0.02182106067072035, 'batch_size': 161, 'beta_1': 0.9873673236020625, 'beta_2': 0.9908699263697457, 'epsilon': 2.846535826114757e-07, 'hidden_layer_sizes': 93, 'learning_rate_init': 0.004105557254184905, 'tol': 1.886402764327053e-05, 'validation_fraction': 0.8192013514852272}]
function_evaluation time 2.276376 value 0.400473 suggestion {'alpha': 0.02182106067072035, 'batch_size': 161, 'beta_1': 0.9873673236020625, 'beta_2': 0.9908699263697457, 'epsilon': 2.846535826114757e-07, 'hidden_layer_sizes': 93, 'learning_rate_init': 0.004105557254184905, 'tol': 1.886402764327053e-05, 'validation_fraction': 0.8192013514852272}
observation time 0.000005, current best 0.133942 at iter 19
suggestion time taken 0.012205 iter 20 next_points [{'alpha': 0.0014316741557652774, 'batch_size': 140, 'beta_1': 0.748724977118464, 'beta_2': 0.9922167080915867, 'epsilon': 1.0487620624433514e-09, 'hidden_layer_sizes': 148, 'learning_rate_init': 0.031124366867037477, 'tol': 0.003291482676504675, 'validation_fraction': 0.24522680201267175}]
function_evaluation time 3.443090 value 0.160570 suggestion {'alpha': 0.0014316741557652774, 'batch_size': 140, 'beta_1': 0.748724977118464, 'beta_2': 0.9922167080915867, 'epsilon': 1.0487620624433514e-09, 'hidden_layer_sizes': 148, 'learning_rate_init': 0.031124366867037477, 'tol': 0.003291482676504675, 'validation_fraction': 0.24522680201267175}
observation time 0.000005, current best 0.133942 at iter 20
suggestion time taken 0.010703 iter 21 next_points [{'alpha': 1.1010337648134843, 'batch_size': 80, 'beta_1': 0.9841344938920605, 'beta_2': 0.999886390153637, 'epsilon': 3.2201554227751864e-09, 'hidden_layer_sizes': 109, 'learning_rate_init': 0.000432157400055375, 'tol': 1.0281901207118734e-05, 'validation_fraction': 0.40826696221651815}]
function_evaluation time 7.177743 value 0.183304 suggestion {'alpha': 1.1010337648134843, 'batch_size': 80, 'beta_1': 0.9841344938920605, 'beta_2': 0.999886390153637, 'epsilon': 3.2201554227751864e-09, 'hidden_layer_sizes': 109, 'learning_rate_init': 0.000432157400055375, 'tol': 1.0281901207118734e-05, 'validation_fraction': 0.40826696221651815}
observation time 0.000005, current best 0.133942 at iter 21
suggestion time taken 0.013151 iter 22 next_points [{'alpha': 0.049769265265008286, 'batch_size': 34, 'beta_1': 0.5268567519287087, 'beta_2': 0.9956221558367859, 'epsilon': 4.861968537174113e-09, 'hidden_layer_sizes': 142, 'learning_rate_init': 0.002965354131067177, 'tol': 0.0005873077320230405, 'validation_fraction': 0.17913354948886215}]
function_evaluation time 6.319353 value 0.101413 suggestion {'alpha': 0.049769265265008286, 'batch_size': 34, 'beta_1': 0.5268567519287087, 'beta_2': 0.9956221558367859, 'epsilon': 4.861968537174113e-09, 'hidden_layer_sizes': 142, 'learning_rate_init': 0.002965354131067177, 'tol': 0.0005873077320230405, 'validation_fraction': 0.17913354948886215}
observation time 0.000005, current best 0.101413 at iter 22
suggestion time taken 0.010871 iter 23 next_points [{'alpha': 0.6553563083673863, 'batch_size': 131, 'beta_1': 0.9049502618850256, 'beta_2': 0.9999886737713195, 'epsilon': 1.2868632454080674e-07, 'hidden_layer_sizes': 173, 'learning_rate_init': 0.0002611652863289118, 'tol': 0.015444911705424506, 'validation_fraction': 0.8818328055696434}]
function_evaluation time 1.506386 value 3.241012 suggestion {'alpha': 0.6553563083673863, 'batch_size': 131, 'beta_1': 0.9049502618850256, 'beta_2': 0.9999886737713195, 'epsilon': 1.2868632454080674e-07, 'hidden_layer_sizes': 173, 'learning_rate_init': 0.0002611652863289118, 'tol': 0.015444911705424506, 'validation_fraction': 0.8818328055696434}
observation time 0.000005, current best 0.101413 at iter 23
suggestion time taken 0.010942 iter 24 next_points [{'alpha': 0.009202233806717074, 'batch_size': 239, 'beta_1': 0.7794390719908819, 'beta_2': 0.9777130837091115, 'epsilon': 2.3348242936778027e-07, 'hidden_layer_sizes': 167, 'learning_rate_init': 0.004115126055967333, 'tol': 0.024907912964528003, 'validation_fraction': 0.8485759435614095}]
/home/ryedida/.local/lib/python3.8/site-packages/sklearn/neural_network/_multilayer_perceptron.py:621: UserWarning: Got `batch_size` less than 1 or larger than sample size. It is going to be clipped
  warnings.warn(

function_evaluation time 1.189308 value 0.391891 suggestion {'alpha': 0.009202233806717074, 'batch_size': 239, 'beta_1': 0.7794390719908819, 'beta_2': 0.9777130837091115, 'epsilon': 2.3348242936778027e-07, 'hidden_layer_sizes': 167, 'learning_rate_init': 0.004115126055967333, 'tol': 0.024907912964528003, 'validation_fraction': 0.8485759435614095}
observation time 0.000006, current best 0.101413 at iter 24
suggestion time taken 0.010731 iter 25 next_points [{'alpha': 0.4301987130399221, 'batch_size': 81, 'beta_1': 0.9849955853696529, 'beta_2': 0.9993598533371418, 'epsilon': 2.550809013281625e-07, 'hidden_layer_sizes': 101, 'learning_rate_init': 0.0006139068007679062, 'tol': 0.008175270434265679, 'validation_fraction': 0.3746317459348991}]
function_evaluation time 3.501507 value 0.215840 suggestion {'alpha': 0.4301987130399221, 'batch_size': 81, 'beta_1': 0.9849955853696529, 'beta_2': 0.9993598533371418, 'epsilon': 2.550809013281625e-07, 'hidden_layer_sizes': 101, 'learning_rate_init': 0.0006139068007679062, 'tol': 0.008175270434265679, 'validation_fraction': 0.3746317459348991}
observation time 0.000005, current best 0.101413 at iter 25
suggestion time taken 0.012010 iter 26 next_points [{'alpha': 0.19448359336161825, 'batch_size': 223, 'beta_1': 0.958047302294003, 'beta_2': 0.9999981482479561, 'epsilon': 9.655941374409487e-09, 'hidden_layer_sizes': 96, 'learning_rate_init': 0.0004704273953853514, 'tol': 0.026281582998831248, 'validation_fraction': 0.8531956796578989}]
/home/ryedida/.local/lib/python3.8/site-packages/sklearn/neural_network/_multilayer_perceptron.py:621: UserWarning: Got `batch_size` less than 1 or larger than sample size. It is going to be clipped
  warnings.warn(

function_evaluation time 0.505565 value 5.387769 suggestion {'alpha': 0.19448359336161825, 'batch_size': 223, 'beta_1': 0.958047302294003, 'beta_2': 0.9999981482479561, 'epsilon': 9.655941374409487e-09, 'hidden_layer_sizes': 96, 'learning_rate_init': 0.0004704273953853514, 'tol': 0.026281582998831248, 'validation_fraction': 0.8531956796578989}
observation time 0.000006, current best 0.101413 at iter 26
suggestion time taken 0.010741 iter 27 next_points [{'alpha': 0.537849884827641, 'batch_size': 178, 'beta_1': 0.9847650192038129, 'beta_2': 0.9999853811508664, 'epsilon': 1.8741443696918596e-09, 'hidden_layer_sizes': 192, 'learning_rate_init': 0.012828489547347596, 'tol': 0.00014982027402232818, 'validation_fraction': 0.6690177837898689}]
function_evaluation time 2.850445 value 0.272172 suggestion {'alpha': 0.537849884827641, 'batch_size': 178, 'beta_1': 0.9847650192038129, 'beta_2': 0.9999853811508664, 'epsilon': 1.8741443696918596e-09, 'hidden_layer_sizes': 192, 'learning_rate_init': 0.012828489547347596, 'tol': 0.00014982027402232818, 'validation_fraction': 0.6690177837898689}
observation time 0.000005, current best 0.101413 at iter 27
suggestion time taken 0.011590 iter 28 next_points [{'alpha': 0.0018544361874032126, 'batch_size': 29, 'beta_1': 0.9777055969848256, 'beta_2': 0.9999815981882936, 'epsilon': 3.323519574363626e-08, 'hidden_layer_sizes': 70, 'learning_rate_init': 0.0007338872052895359, 'tol': 0.06728330343801837, 'validation_fraction': 0.3499256533468085}]
function_evaluation time 2.859694 value 0.213299 suggestion {'alpha': 0.0018544361874032126, 'batch_size': 29, 'beta_1': 0.9777055969848256, 'beta_2': 0.9999815981882936, 'epsilon': 3.323519574363626e-08, 'hidden_layer_sizes': 70, 'learning_rate_init': 0.0007338872052895359, 'tol': 0.06728330343801837, 'validation_fraction': 0.3499256533468085}
observation time 0.000005, current best 0.101413 at iter 28
suggestion time taken 0.011950 iter 29 next_points [{'alpha': 0.008498694015233475, 'batch_size': 174, 'beta_1': 0.7588102954457996, 'beta_2': 0.9999929997415873, 'epsilon': 4.4301091714418974e-08, 'hidden_layer_sizes': 152, 'learning_rate_init': 0.020152578019989847, 'tol': 0.0305199216946628, 'validation_fraction': 0.2284975458291419}]
function_evaluation time 1.725998 value 0.129135 suggestion {'alpha': 0.008498694015233475, 'batch_size': 174, 'beta_1': 0.7588102954457996, 'beta_2': 0.9999929997415873, 'epsilon': 4.4301091714418974e-08, 'hidden_layer_sizes': 152, 'learning_rate_init': 0.020152578019989847, 'tol': 0.0305199216946628, 'validation_fraction': 0.2284975458291419}
observation time 0.000006, current best 0.101413 at iter 29
suggestion time taken 0.011729 iter 30 next_points [{'alpha': 0.09415019782446513, 'batch_size': 81, 'beta_1': 0.9631706091869033, 'beta_2': 0.9794215702412441, 'epsilon': 8.407264388825663e-07, 'hidden_layer_sizes': 168, 'learning_rate_init': 0.004230208175307542, 'tol': 0.00478456102599146, 'validation_fraction': 0.5084554720635551}]
function_evaluation time 2.844697 value 0.194789 suggestion {'alpha': 0.09415019782446513, 'batch_size': 81, 'beta_1': 0.9631706091869033, 'beta_2': 0.9794215702412441, 'epsilon': 8.407264388825663e-07, 'hidden_layer_sizes': 168, 'learning_rate_init': 0.004230208175307542, 'tol': 0.00478456102599146, 'validation_fraction': 0.5084554720635551}
observation time 0.000005, current best 0.101413 at iter 30
suggestion time taken 0.010668 iter 31 next_points [{'alpha': 0.0016832236363556045, 'batch_size': 137, 'beta_1': 0.5741612229341734, 'beta_2': 0.9999910819536889, 'epsilon': 2.5917209470721746e-08, 'hidden_layer_sizes': 116, 'learning_rate_init': 0.0008276619218164713, 'tol': 0.004392373957678866, 'validation_fraction': 0.6111317682074437}]
function_evaluation time 3.285313 value 0.274921 suggestion {'alpha': 0.0016832236363556045, 'batch_size': 137, 'beta_1': 0.5741612229341734, 'beta_2': 0.9999910819536889, 'epsilon': 2.5917209470721746e-08, 'hidden_layer_sizes': 116, 'learning_rate_init': 0.0008276619218164713, 'tol': 0.004392373957678866, 'validation_fraction': 0.6111317682074437}
observation time 0.000006, current best 0.101413 at iter 31
suggestion time taken 0.011940 iter 32 next_points [{'alpha': 0.2841552532845312, 'batch_size': 55, 'beta_1': 0.8671057085806699, 'beta_2': 0.9826661070220187, 'epsilon': 1.2595662527686828e-09, 'hidden_layer_sizes': 183, 'learning_rate_init': 4.352742629342328e-05, 'tol': 0.004137981843662476, 'validation_fraction': 0.745948394824057}]
function_evaluation time 7.735545 value 2.291028 suggestion {'alpha': 0.2841552532845312, 'batch_size': 55, 'beta_1': 0.8671057085806699, 'beta_2': 0.9826661070220187, 'epsilon': 1.2595662527686828e-09, 'hidden_layer_sizes': 183, 'learning_rate_init': 4.352742629342328e-05, 'tol': 0.004137981843662476, 'validation_fraction': 0.745948394824057}
observation time 0.000005, current best 0.101413 at iter 32
suggestion time taken 0.010764 iter 33 next_points [{'alpha': 1.573928192863137, 'batch_size': 143, 'beta_1': 0.8865651422786774, 'beta_2': 0.9992660250925322, 'epsilon': 2.3554183503663528e-08, 'hidden_layer_sizes': 76, 'learning_rate_init': 0.003463434252895797, 'tol': 0.00026609049823999876, 'validation_fraction': 0.8658071880777752}]
function_evaluation time 2.488734 value 0.417768 suggestion {'alpha': 1.573928192863137, 'batch_size': 143, 'beta_1': 0.8865651422786774, 'beta_2': 0.9992660250925322, 'epsilon': 2.3554183503663528e-08, 'hidden_layer_sizes': 76, 'learning_rate_init': 0.003463434252895797, 'tol': 0.00026609049823999876, 'validation_fraction': 0.8658071880777752}
observation time 0.000005, current best 0.101413 at iter 33
suggestion time taken 0.010402 iter 34 next_points [{'alpha': 0.004148612560357988, 'batch_size': 104, 'beta_1': 0.9201343470940042, 'beta_2': 0.9574330062816047, 'epsilon': 8.749673094989968e-09, 'hidden_layer_sizes': 81, 'learning_rate_init': 0.000627782066744994, 'tol': 3.210926839478633e-05, 'validation_fraction': 0.1479489324570769}]
function_evaluation time 5.094423 value 0.156839 suggestion {'alpha': 0.004148612560357988, 'batch_size': 104, 'beta_1': 0.9201343470940042, 'beta_2': 0.9574330062816047, 'epsilon': 8.749673094989968e-09, 'hidden_layer_sizes': 81, 'learning_rate_init': 0.000627782066744994, 'tol': 3.210926839478633e-05, 'validation_fraction': 0.1479489324570769}
observation time 0.000004, current best 0.101413 at iter 34
suggestion time taken 0.010336 iter 35 next_points [{'alpha': 0.01901303901736107, 'batch_size': 209, 'beta_1': 0.5897660998385497, 'beta_2': 0.9978069027324608, 'epsilon': 2.0861033268201066e-09, 'hidden_layer_sizes': 139, 'learning_rate_init': 2.744886830576722e-05, 'tol': 0.005790995604134506, 'validation_fraction': 0.24880596469734334}]
function_evaluation time 2.365592 value 6.692433 suggestion {'alpha': 0.01901303901736107, 'batch_size': 209, 'beta_1': 0.5897660998385497, 'beta_2': 0.9978069027324608, 'epsilon': 2.0861033268201066e-09, 'hidden_layer_sizes': 139, 'learning_rate_init': 2.744886830576722e-05, 'tol': 0.005790995604134506, 'validation_fraction': 0.24880596469734334}
observation time 0.000005, current best 0.101413 at iter 35
suggestion time taken 0.012078 iter 36 next_points [{'alpha': 1.5096890477292133, 'batch_size': 140, 'beta_1': 0.6807558558392206, 'beta_2': 0.9996783024208368, 'epsilon': 5.754660356755214e-07, 'hidden_layer_sizes': 57, 'learning_rate_init': 0.005649279892283448, 'tol': 0.0014436148867769322, 'validation_fraction': 0.8196511802904499}]
function_evaluation time 2.377647 value 0.362624 suggestion {'alpha': 1.5096890477292133, 'batch_size': 140, 'beta_1': 0.6807558558392206, 'beta_2': 0.9996783024208368, 'epsilon': 5.754660356755214e-07, 'hidden_layer_sizes': 57, 'learning_rate_init': 0.005649279892283448, 'tol': 0.0014436148867769322, 'validation_fraction': 0.8196511802904499}
observation time 0.000005, current best 0.101413 at iter 36
suggestion time taken 0.010612 iter 37 next_points [{'alpha': 0.0010339500727102149, 'batch_size': 162, 'beta_1': 0.9650263579742597, 'beta_2': 0.998853268912713, 'epsilon': 1.4645289396770418e-08, 'hidden_layer_sizes': 128, 'learning_rate_init': 0.00989503839480132, 'tol': 1.1753318129900716e-05, 'validation_fraction': 0.4511752601713079}]
function_evaluation time 2.724908 value 0.175559 suggestion {'alpha': 0.0010339500727102149, 'batch_size': 162, 'beta_1': 0.9650263579742597, 'beta_2': 0.998853268912713, 'epsilon': 1.4645289396770418e-08, 'hidden_layer_sizes': 128, 'learning_rate_init': 0.00989503839480132, 'tol': 1.1753318129900716e-05, 'validation_fraction': 0.4511752601713079}
observation time 0.000005, current best 0.101413 at iter 37
suggestion time taken 0.010791 iter 38 next_points [{'alpha': 0.00017759763695266185, 'batch_size': 189, 'beta_1': 0.9895019190132801, 'beta_2': 0.9829815596951503, 'epsilon': 5.6129283322004565e-08, 'hidden_layer_sizes': 166, 'learning_rate_init': 0.00019251582874009034, 'tol': 0.02044361507753865, 'validation_fraction': 0.1848228187837689}]
function_evaluation time 4.510805 value 0.359461 suggestion {'alpha': 0.00017759763695266185, 'batch_size': 189, 'beta_1': 0.9895019190132801, 'beta_2': 0.9829815596951503, 'epsilon': 5.6129283322004565e-08, 'hidden_layer_sizes': 166, 'learning_rate_init': 0.00019251582874009034, 'tol': 0.02044361507753865, 'validation_fraction': 0.1848228187837689}
observation time 0.000005, current best 0.101413 at iter 38
suggestion time taken 0.010858 iter 39 next_points [{'alpha': 5.9811899074892715e-05, 'batch_size': 66, 'beta_1': 0.5222547854342326, 'beta_2': 0.9989359556835551, 'epsilon': 9.082853838017305e-07, 'hidden_layer_sizes': 90, 'learning_rate_init': 0.0011960111259119968, 'tol': 8.713981261505454e-05, 'validation_fraction': 0.1640298708355215}]
function_evaluation time 5.250832 value 0.133110 suggestion {'alpha': 5.9811899074892715e-05, 'batch_size': 66, 'beta_1': 0.5222547854342326, 'beta_2': 0.9989359556835551, 'epsilon': 9.082853838017305e-07, 'hidden_layer_sizes': 90, 'learning_rate_init': 0.0011960111259119968, 'tol': 8.713981261505454e-05, 'validation_fraction': 0.1640298708355215}
observation time 0.000006, current best 0.101413 at iter 39
suggestion time taken 0.010604 iter 40 next_points [{'alpha': 0.005414536976470339, 'batch_size': 138, 'beta_1': 0.9817281684558258, 'beta_2': 0.9998758470637239, 'epsilon': 3.959050412785037e-09, 'hidden_layer_sizes': 156, 'learning_rate_init': 1.108911217075947e-05, 'tol': 0.00041588163818480876, 'validation_fraction': 0.725962204908545}]
function_evaluation time 3.728073 value 6.271252 suggestion {'alpha': 0.005414536976470339, 'batch_size': 138, 'beta_1': 0.9817281684558258, 'beta_2': 0.9998758470637239, 'epsilon': 3.959050412785037e-09, 'hidden_layer_sizes': 156, 'learning_rate_init': 1.108911217075947e-05, 'tol': 0.00041588163818480876, 'validation_fraction': 0.725962204908545}
observation time 0.000005, current best 0.101413 at iter 40
suggestion time taken 0.012020 iter 41 next_points [{'alpha': 0.0022053362264707246, 'batch_size': 71, 'beta_1': 0.979663924433482, 'beta_2': 0.993834821514351, 'epsilon': 2.5669256542083267e-08, 'hidden_layer_sizes': 101, 'learning_rate_init': 0.056070628904032076, 'tol': 0.0002706302863182229, 'validation_fraction': 0.1315941670588928}]
function_evaluation time 7.152334 value 1.119809 suggestion {'alpha': 0.0022053362264707246, 'batch_size': 71, 'beta_1': 0.979663924433482, 'beta_2': 0.993834821514351, 'epsilon': 2.5669256542083267e-08, 'hidden_layer_sizes': 101, 'learning_rate_init': 0.056070628904032076, 'tol': 0.0002706302863182229, 'validation_fraction': 0.1315941670588928}
observation time 0.000005, current best 0.101413 at iter 41
suggestion time taken 0.010395 iter 42 next_points [{'alpha': 0.1542193156229106, 'batch_size': 175, 'beta_1': 0.9882678199980158, 'beta_2': 0.9999672884373616, 'epsilon': 8.993793684276841e-09, 'hidden_layer_sizes': 95, 'learning_rate_init': 0.003274883200710583, 'tol': 0.03502447140717781, 'validation_fraction': 0.2404314935654256}]
function_evaluation time 1.367840 value 0.253912 suggestion {'alpha': 0.1542193156229106, 'batch_size': 175, 'beta_1': 0.9882678199980158, 'beta_2': 0.9999672884373616, 'epsilon': 8.993793684276841e-09, 'hidden_layer_sizes': 95, 'learning_rate_init': 0.003274883200710583, 'tol': 0.03502447140717781, 'validation_fraction': 0.2404314935654256}
observation time 0.000003, current best 0.101413 at iter 42
suggestion time taken 0.010393 iter 43 next_points [{'alpha': 9.407124001625022e-05, 'batch_size': 80, 'beta_1': 0.9459277279670969, 'beta_2': 0.9995252378352065, 'epsilon': 7.392251006352249e-07, 'hidden_layer_sizes': 125, 'learning_rate_init': 0.005910587511248822, 'tol': 0.0033308904707547798, 'validation_fraction': 0.23134956488991532}]
function_evaluation time 3.459467 value 0.120726 suggestion {'alpha': 9.407124001625022e-05, 'batch_size': 80, 'beta_1': 0.9459277279670969, 'beta_2': 0.9995252378352065, 'epsilon': 7.392251006352249e-07, 'hidden_layer_sizes': 125, 'learning_rate_init': 0.005910587511248822, 'tol': 0.0033308904707547798, 'validation_fraction': 0.23134956488991532}
observation time 0.000006, current best 0.101413 at iter 43
suggestion time taken 0.010601 iter 44 next_points [{'alpha': 1.4700249746180293e-05, 'batch_size': 153, 'beta_1': 0.8121824933305719, 'beta_2': 0.9667829166909738, 'epsilon': 3.2200468500623856e-08, 'hidden_layer_sizes': 100, 'learning_rate_init': 0.00034502613543449767, 'tol': 0.013246382826682638, 'validation_fraction': 0.11152469689394956}]
function_evaluation time 4.409676 value 0.197632 suggestion {'alpha': 1.4700249746180293e-05, 'batch_size': 153, 'beta_1': 0.8121824933305719, 'beta_2': 0.9667829166909738, 'epsilon': 3.2200468500623856e-08, 'hidden_layer_sizes': 100, 'learning_rate_init': 0.00034502613543449767, 'tol': 0.013246382826682638, 'validation_fraction': 0.11152469689394956}
observation time 0.000006, current best 0.101413 at iter 44
saving meta data: {'args': {'--uuid': 'd930fe03ddaf5beba9e42c18314354bb', '-db-root': '/home/ryedida/bbo_challenge_starter_kit/output', '--opt-root': '/home/ryedida/bbo_challenge_starter_kit/example_submissions', '--data-root': None, '--db': 'run_20231013_221308', '--opt': 'random', '--data': 'digits', '--classifier': 'MLP-adam', '--metric': 'nll', '--calls': 45, '--suggestions': 1, '--jobs-file': None, '--verbose': False, 'dry_run': False, 'rev': 'a376313', 'opt_rev': '0.0.8'}, 'signature': ([{'alpha': 0.019628224813442792, 'batch_size': 182, 'beta_1': 0.9410202200271762, 'beta_2': 0.9998021557676793, 'epsilon': 1.8662266976518e-08, 'hidden_layer_sizes': 147, 'learning_rate_init': 0.0005627932047415167, 'tol': 0.03690557729213761, 'validation_fraction': 0.8846827852548593}, {'alpha': 0.001998246739232944, 'batch_size': 200, 'beta_1': 0.919111482530466, 'beta_2': 0.9998488260436156, 'epsilon': 5.981221901152555e-07, 'hidden_layer_sizes': 61, 'learning_rate_init': 2.2310905607443014e-05, 'tol': 1.2046852412030316e-05, 'validation_fraction': 0.8117896445826539}, {'alpha': 0.46659545670218433, 'batch_size': 219, 'beta_1': 0.9889789783750891, 'beta_2': 0.9999896868093284, 'epsilon': 2.4234724484675948e-08, 'hidden_layer_sizes': 167, 'learning_rate_init': 2.972334644335654e-05, 'tol': 0.0036281404040243792, 'validation_fraction': 0.17260651658522078}, {'alpha': 4.656005689076002, 'batch_size': 135, 'beta_1': 0.870503881627747, 'beta_2': 0.9948873266941017, 'epsilon': 2.1023308743480125e-07, 'hidden_layer_sizes': 118, 'learning_rate_init': 0.001878173875716191, 'tol': 1.1889379831773006e-05, 'validation_fraction': 0.6264327093752792}, {'alpha': 0.04705159350400542, 'batch_size': 158, 'beta_1': 0.9870884262730957, 'beta_2': 0.9999596874382349, 'epsilon': 1.1981845126013875e-08, 'hidden_layer_sizes': 116, 'learning_rate_init': 0.006173405204074311, 'tol': 1.7414134181586194e-05, 'validation_fraction': 0.6754299026638921}], [4.8709522768835765, 9.710667750887517, 5.950791832993735, 0.19438427080405424, 0.25190216699945633])}
saving results
saving timing
saving suggest log
done
