running: {'--uuid': 'd9c5bf480f3f56418c572710e5512419', '-db-root': '/home/ryedida/bbo_challenge_starter_kit/output', '--opt-root': '/home/ryedida/bbo_challenge_starter_kit/example_submissions', '--data-root': None, '--db': 'run_20231013_221308', '--opt': 'random', '--data': 'digits', '--classifier': 'MLP-adam', '--metric': 'acc', '--calls': 45, '--suggestions': 1, '--jobs-file': None, '--verbose': False, 'dry_run': False, 'rev': 'a376313', 'opt_rev': '0.0.8'}
cmd: python /home/ryedida/.local/bin/bayesmark-exp -c MLP-adam -d digits -o random -u d9c5bf480f3f56418c572710e5512419 -m acc -n 45 -p 1 -dir /home/ryedida/bbo_challenge_starter_kit/output -b run_20231013_221308
/home/ryedida/.local/lib/python3.8/site-packages/sklearn/neural_network/_multilayer_perceptron.py:621: UserWarning: Got `batch_size` less than 1 or larger than sample size. It is going to be clipped
  warnings.warn(

/home/ryedida/.local/lib/python3.8/site-packages/sklearn/neural_network/_multilayer_perceptron.py:702: ConvergenceWarning: Stochastic Optimizer: Maximum iterations (200) reached and the optimization hasn't converged yet.
  warnings.warn(

computed signature: ([{'alpha': 0.019628224813442792, 'batch_size': 182, 'beta_1': 0.9410202200271762, 'beta_2': 0.9998021557676793, 'epsilon': 1.8662266976518e-08, 'hidden_layer_sizes': 147, 'learning_rate_init': 0.0005627932047415167, 'tol': 0.03690557729213761, 'validation_fraction': 0.8846827852548593}, {'alpha': 0.001998246739232944, 'batch_size': 200, 'beta_1': 0.919111482530466, 'beta_2': 0.9998488260436156, 'epsilon': 5.981221901152555e-07, 'hidden_layer_sizes': 61, 'learning_rate_init': 2.2310905607443014e-05, 'tol': 1.2046852412030316e-05, 'validation_fraction': 0.8117896445826539}, {'alpha': 0.46659545670218433, 'batch_size': 219, 'beta_1': 0.9889789783750891, 'beta_2': 0.9999896868093284, 'epsilon': 2.4234724484675948e-08, 'hidden_layer_sizes': 167, 'learning_rate_init': 2.972334644335654e-05, 'tol': 0.0036281404040243792, 'validation_fraction': 0.17260651658522078}, {'alpha': 4.656005689076002, 'batch_size': 135, 'beta_1': 0.870503881627747, 'beta_2': 0.9948873266941017, 'epsilon': 2.1023308743480125e-07, 'hidden_layer_sizes': 118, 'learning_rate_init': 0.001878173875716191, 'tol': 1.1889379831773006e-05, 'validation_fraction': 0.6264327093752792}, {'alpha': 0.04705159350400542, 'batch_size': 158, 'beta_1': 0.9870884262730957, 'beta_2': 0.9999596874382349, 'epsilon': 1.1981845126013875e-08, 'hidden_layer_sizes': 116, 'learning_rate_init': 0.006173405204074311, 'tol': 1.7414134181586194e-05, 'validation_fraction': 0.6754299026638921}], [-0.21081107239643826, -0.1295489740611692, -0.27999177313201706, -0.9422522260936896, -0.9332050909794812])
/home/ryedida/.local/lib/python3.8/site-packages/bayesmark/experiment.py:470: UserWarning: Baselines not found. Will not log intermediate scores.
  warnings.warn("Baselines not found. Will not log intermediate scores.")

starting sklearn study random MLP-adam digits acc 45 1
with data root: None
suggestion time taken 0.010523 iter 0 next_points [{'alpha': 1.648891464201872e-05, 'batch_size': 184, 'beta_1': 0.9692671762149098, 'beta_2': 0.9773949427100259, 'epsilon': 6.888831711086073e-09, 'hidden_layer_sizes': 82, 'learning_rate_init': 0.05450574004482269, 'tol': 5.5642734446522933e-05, 'validation_fraction': 0.2095646344844593}]
function_evaluation time 4.346692 value -0.826926 suggestion {'alpha': 1.648891464201872e-05, 'batch_size': 184, 'beta_1': 0.9692671762149098, 'beta_2': 0.9773949427100259, 'epsilon': 6.888831711086073e-09, 'hidden_layer_sizes': 82, 'learning_rate_init': 0.05450574004482269, 'tol': 5.5642734446522933e-05, 'validation_fraction': 0.2095646344844593}
observation time 0.000005, current best -0.826926 at iter 0
suggestion time taken 0.010675 iter 1 next_points [{'alpha': 1.2095681795443645e-05, 'batch_size': 26, 'beta_1': 0.8783708329794895, 'beta_2': 0.9828029875915708, 'epsilon': 9.982963911503068e-07, 'hidden_layer_sizes': 194, 'learning_rate_init': 0.03590339482125634, 'tol': 0.04758346190233193, 'validation_fraction': 0.7282533423463703}]
function_evaluation time 2.118160 value -0.925544 suggestion {'alpha': 1.2095681795443645e-05, 'batch_size': 26, 'beta_1': 0.8783708329794895, 'beta_2': 0.9828029875915708, 'epsilon': 9.982963911503068e-07, 'hidden_layer_sizes': 194, 'learning_rate_init': 0.03590339482125634, 'tol': 0.04758346190233193, 'validation_fraction': 0.7282533423463703}
observation time 0.000005, current best -0.925544 at iter 1
suggestion time taken 0.011781 iter 2 next_points [{'alpha': 1.3776040446275998e-05, 'batch_size': 98, 'beta_1': 0.816924102855448, 'beta_2': 0.9999447862650814, 'epsilon': 5.760383106233709e-07, 'hidden_layer_sizes': 168, 'learning_rate_init': 0.001764719933144259, 'tol': 0.005852902767202258, 'validation_fraction': 0.13075133282765902}]
function_evaluation time 4.212559 value -0.960339 suggestion {'alpha': 1.3776040446275998e-05, 'batch_size': 98, 'beta_1': 0.816924102855448, 'beta_2': 0.9999447862650814, 'epsilon': 5.760383106233709e-07, 'hidden_layer_sizes': 168, 'learning_rate_init': 0.001764719933144259, 'tol': 0.005852902767202258, 'validation_fraction': 0.13075133282765902}
observation time 0.000009, current best -0.960339 at iter 2
suggestion time taken 0.011344 iter 3 next_points [{'alpha': 0.00011198660753459239, 'batch_size': 207, 'beta_1': 0.7522092000808319, 'beta_2': 0.9296328337334164, 'epsilon': 1.3992495555173694e-08, 'hidden_layer_sizes': 165, 'learning_rate_init': 5.5730892131729375e-05, 'tol': 0.04787246306850464, 'validation_fraction': 0.453266095109627}]
function_evaluation time 1.058857 value -0.107107 suggestion {'alpha': 0.00011198660753459239, 'batch_size': 207, 'beta_1': 0.7522092000808319, 'beta_2': 0.9296328337334164, 'epsilon': 1.3992495555173694e-08, 'hidden_layer_sizes': 165, 'learning_rate_init': 5.5730892131729375e-05, 'tol': 0.04787246306850464, 'validation_fraction': 0.453266095109627}
observation time 0.000005, current best -0.960339 at iter 3
suggestion time taken 0.011135 iter 4 next_points [{'alpha': 0.00038091010685311065, 'batch_size': 190, 'beta_1': 0.9305604740251369, 'beta_2': 0.9999886022496544, 'epsilon': 8.007059455573056e-07, 'hidden_layer_sizes': 56, 'learning_rate_init': 0.00020470329830151875, 'tol': 0.003941949748666769, 'validation_fraction': 0.8776278411116998}]
/home/ryedida/.local/lib/python3.8/site-packages/sklearn/neural_network/_multilayer_perceptron.py:621: UserWarning: Got `batch_size` less than 1 or larger than sample size. It is going to be clipped
  warnings.warn(

function_evaluation time 0.569830 value -0.114138 suggestion {'alpha': 0.00038091010685311065, 'batch_size': 190, 'beta_1': 0.9305604740251369, 'beta_2': 0.9999886022496544, 'epsilon': 8.007059455573056e-07, 'hidden_layer_sizes': 56, 'learning_rate_init': 0.00020470329830151875, 'tol': 0.003941949748666769, 'validation_fraction': 0.8776278411116998}
observation time 0.000009, current best -0.960339 at iter 4
suggestion time taken 0.014265 iter 5 next_points [{'alpha': 0.00041831704079265644, 'batch_size': 126, 'beta_1': 0.9748448931283921, 'beta_2': 0.9947762353863929, 'epsilon': 1.2532184066450178e-07, 'hidden_layer_sizes': 144, 'learning_rate_init': 0.0005172383151253769, 'tol': 0.0011112764053110378, 'validation_fraction': 0.11924638023728594}]
function_evaluation time 5.837703 value -0.936000 suggestion {'alpha': 0.00041831704079265644, 'batch_size': 126, 'beta_1': 0.9748448931283921, 'beta_2': 0.9947762353863929, 'epsilon': 1.2532184066450178e-07, 'hidden_layer_sizes': 144, 'learning_rate_init': 0.0005172383151253769, 'tol': 0.0011112764053110378, 'validation_fraction': 0.11924638023728594}
observation time 0.000009, current best -0.960339 at iter 5
suggestion time taken 0.011095 iter 6 next_points [{'alpha': 4.6140105773926255e-05, 'batch_size': 68, 'beta_1': 0.5367516139548241, 'beta_2': 0.9989306459430296, 'epsilon': 2.038978550987818e-08, 'hidden_layer_sizes': 165, 'learning_rate_init': 0.01106082332956428, 'tol': 0.010849883214497761, 'validation_fraction': 0.5426090820315901}]
function_evaluation time 1.824515 value -0.954084 suggestion {'alpha': 4.6140105773926255e-05, 'batch_size': 68, 'beta_1': 0.5367516139548241, 'beta_2': 0.9989306459430296, 'epsilon': 2.038978550987818e-08, 'hidden_layer_sizes': 165, 'learning_rate_init': 0.01106082332956428, 'tol': 0.010849883214497761, 'validation_fraction': 0.5426090820315901}
observation time 0.000004, current best -0.960339 at iter 6
suggestion time taken 0.010525 iter 7 next_points [{'alpha': 0.018112822753325885, 'batch_size': 94, 'beta_1': 0.8788855075959513, 'beta_2': 0.98886329997794, 'epsilon': 1.0644640037544378e-08, 'hidden_layer_sizes': 168, 'learning_rate_init': 2.0579746725128133e-05, 'tol': 3.598465134010826e-05, 'validation_fraction': 0.15643340078431422}]
function_evaluation time 13.452462 value -0.602219 suggestion {'alpha': 0.018112822753325885, 'batch_size': 94, 'beta_1': 0.8788855075959513, 'beta_2': 0.98886329997794, 'epsilon': 1.0644640037544378e-08, 'hidden_layer_sizes': 168, 'learning_rate_init': 2.0579746725128133e-05, 'tol': 3.598465134010826e-05, 'validation_fraction': 0.15643340078431422}
observation time 0.000005, current best -0.960339 at iter 7
suggestion time taken 0.010492 iter 8 next_points [{'alpha': 5.485548298440039, 'batch_size': 177, 'beta_1': 0.8456101443070991, 'beta_2': 0.9235452347060946, 'epsilon': 4.22403899314084e-08, 'hidden_layer_sizes': 128, 'learning_rate_init': 0.00377586560060894, 'tol': 0.00027783103940326296, 'validation_fraction': 0.1526460095888513}]
function_evaluation time 2.768038 value -0.968002 suggestion {'alpha': 5.485548298440039, 'batch_size': 177, 'beta_1': 0.8456101443070991, 'beta_2': 0.9235452347060946, 'epsilon': 4.22403899314084e-08, 'hidden_layer_sizes': 128, 'learning_rate_init': 0.00377586560060894, 'tol': 0.00027783103940326296, 'validation_fraction': 0.1526460095888513}
observation time 0.000011, current best -0.968002 at iter 8
suggestion time taken 0.011436 iter 9 next_points [{'alpha': 0.006806956310015647, 'batch_size': 74, 'beta_1': 0.9209202539292813, 'beta_2': 0.9050187561175398, 'epsilon': 1.8609960251903793e-07, 'hidden_layer_sizes': 56, 'learning_rate_init': 0.00036298273613209737, 'tol': 0.0009927932483693677, 'validation_fraction': 0.16639251766619262}]
function_evaluation time 7.058175 value -0.942922 suggestion {'alpha': 0.006806956310015647, 'batch_size': 74, 'beta_1': 0.9209202539292813, 'beta_2': 0.9050187561175398, 'epsilon': 1.8609960251903793e-07, 'hidden_layer_sizes': 56, 'learning_rate_init': 0.00036298273613209737, 'tol': 0.0009927932483693677, 'validation_fraction': 0.16639251766619262}
observation time 0.000005, current best -0.968002 at iter 9
suggestion time taken 0.010534 iter 10 next_points [{'alpha': 7.878104082801018e-05, 'batch_size': 31, 'beta_1': 0.8372740283483635, 'beta_2': 0.9997573729284146, 'epsilon': 9.907908434063381e-09, 'hidden_layer_sizes': 183, 'learning_rate_init': 0.0004645844138495779, 'tol': 0.001732199524693567, 'validation_fraction': 0.6181969010584502}]
function_evaluation time 7.352675 value -0.944340 suggestion {'alpha': 7.878104082801018e-05, 'batch_size': 31, 'beta_1': 0.8372740283483635, 'beta_2': 0.9997573729284146, 'epsilon': 9.907908434063381e-09, 'hidden_layer_sizes': 183, 'learning_rate_init': 0.0004645844138495779, 'tol': 0.001732199524693567, 'validation_fraction': 0.6181969010584502}
observation time 0.000007, current best -0.968002 at iter 10
suggestion time taken 0.014341 iter 11 next_points [{'alpha': 0.2583081131673937, 'batch_size': 235, 'beta_1': 0.5674634451528039, 'beta_2': 0.9999771559244959, 'epsilon': 8.29313388386889e-07, 'hidden_layer_sizes': 106, 'learning_rate_init': 1.861119669804975e-05, 'tol': 0.01575305536409286, 'validation_fraction': 0.7609760075433778}]
function_evaluation time 0.592657 value -0.105072 suggestion {'alpha': 0.2583081131673937, 'batch_size': 235, 'beta_1': 0.5674634451528039, 'beta_2': 0.9999771559244959, 'epsilon': 8.29313388386889e-07, 'hidden_layer_sizes': 106, 'learning_rate_init': 1.861119669804975e-05, 'tol': 0.01575305536409286, 'validation_fraction': 0.7609760075433778}
observation time 0.000006, current best -0.968002 at iter 11
suggestion time taken 0.011308 iter 12 next_points [{'alpha': 0.019176369506067572, 'batch_size': 77, 'beta_1': 0.8592728862807927, 'beta_2': 0.9827220597761877, 'epsilon': 3.6690574256666478e-09, 'hidden_layer_sizes': 85, 'learning_rate_init': 0.000326134262579342, 'tol': 3.506039412076936e-05, 'validation_fraction': 0.2912175006449708}]
function_evaluation time 7.309740 value -0.958948 suggestion {'alpha': 0.019176369506067572, 'batch_size': 77, 'beta_1': 0.8592728862807927, 'beta_2': 0.9827220597761877, 'epsilon': 3.6690574256666478e-09, 'hidden_layer_sizes': 85, 'learning_rate_init': 0.000326134262579342, 'tol': 3.506039412076936e-05, 'validation_fraction': 0.2912175006449708}
observation time 0.000004, current best -0.968002 at iter 12
suggestion time taken 0.012243 iter 13 next_points [{'alpha': 0.00043768288724632535, 'batch_size': 161, 'beta_1': 0.9868923272901233, 'beta_2': 0.9999472574094366, 'epsilon': 8.027891183051799e-07, 'hidden_layer_sizes': 124, 'learning_rate_init': 0.00978894111280027, 'tol': 0.044684329662078845, 'validation_fraction': 0.8513299406073584}]
function_evaluation time 0.933050 value -0.826725 suggestion {'alpha': 0.00043768288724632535, 'batch_size': 161, 'beta_1': 0.9868923272901233, 'beta_2': 0.9999472574094366, 'epsilon': 8.027891183051799e-07, 'hidden_layer_sizes': 124, 'learning_rate_init': 0.00978894111280027, 'tol': 0.044684329662078845, 'validation_fraction': 0.8513299406073584}
observation time 0.000004, current best -0.968002 at iter 13
suggestion time taken 0.010472 iter 14 next_points [{'alpha': 3.0372904882362213e-05, 'batch_size': 222, 'beta_1': 0.6876276139656822, 'beta_2': 0.9948198369781304, 'epsilon': 2.2218086934338795e-08, 'hidden_layer_sizes': 150, 'learning_rate_init': 6.622027568932246e-05, 'tol': 0.0012658296228582108, 'validation_fraction': 0.6011671685642679}]
/home/ryedida/.local/lib/python3.8/site-packages/sklearn/neural_network/_multilayer_perceptron.py:702: ConvergenceWarning: Stochastic Optimizer: Maximum iterations (200) reached and the optimization hasn't converged yet.
  warnings.warn(

function_evaluation time 12.797373 value -0.830916 suggestion {'alpha': 3.0372904882362213e-05, 'batch_size': 222, 'beta_1': 0.6876276139656822, 'beta_2': 0.9948198369781304, 'epsilon': 2.2218086934338795e-08, 'hidden_layer_sizes': 150, 'learning_rate_init': 6.622027568932246e-05, 'tol': 0.0012658296228582108, 'validation_fraction': 0.6011671685642679}
observation time 0.000004, current best -0.968002 at iter 14
suggestion time taken 0.010199 iter 15 next_points [{'alpha': 0.00048020750421791684, 'batch_size': 120, 'beta_1': 0.5764417326193689, 'beta_2': 0.9941799811042253, 'epsilon': 4.373236624343158e-08, 'hidden_layer_sizes': 160, 'learning_rate_init': 0.0006392262815778432, 'tol': 0.00010914662094487352, 'validation_fraction': 0.21989920918744704}]
function_evaluation time 4.611693 value -0.956862 suggestion {'alpha': 0.00048020750421791684, 'batch_size': 120, 'beta_1': 0.5764417326193689, 'beta_2': 0.9941799811042253, 'epsilon': 4.373236624343158e-08, 'hidden_layer_sizes': 160, 'learning_rate_init': 0.0006392262815778432, 'tol': 0.00010914662094487352, 'validation_fraction': 0.21989920918744704}
observation time 0.000004, current best -0.968002 at iter 15
suggestion time taken 0.011855 iter 16 next_points [{'alpha': 0.0063070560479254615, 'batch_size': 130, 'beta_1': 0.5974186799886091, 'beta_2': 0.9891807131207172, 'epsilon': 1.141238005882848e-08, 'hidden_layer_sizes': 148, 'learning_rate_init': 0.010549416261936867, 'tol': 0.0001118000121740595, 'validation_fraction': 0.5493549272875549}]
function_evaluation time 2.213919 value -0.954774 suggestion {'alpha': 0.0063070560479254615, 'batch_size': 130, 'beta_1': 0.5974186799886091, 'beta_2': 0.9891807131207172, 'epsilon': 1.141238005882848e-08, 'hidden_layer_sizes': 148, 'learning_rate_init': 0.010549416261936867, 'tol': 0.0001118000121740595, 'validation_fraction': 0.5493549272875549}
observation time 0.000004, current best -0.968002 at iter 16
suggestion time taken 0.012612 iter 17 next_points [{'alpha': 0.0002558419932206343, 'batch_size': 70, 'beta_1': 0.5739993548394554, 'beta_2': 0.9706054506260696, 'epsilon': 3.076132380197389e-08, 'hidden_layer_sizes': 195, 'learning_rate_init': 2.4727737170008303e-05, 'tol': 0.020427469239164636, 'validation_fraction': 0.5803551514066556}]
function_evaluation time 1.188560 value -0.145407 suggestion {'alpha': 0.0002558419932206343, 'batch_size': 70, 'beta_1': 0.5739993548394554, 'beta_2': 0.9706054506260696, 'epsilon': 3.076132380197389e-08, 'hidden_layer_sizes': 195, 'learning_rate_init': 2.4727737170008303e-05, 'tol': 0.020427469239164636, 'validation_fraction': 0.5803551514066556}
observation time 0.000004, current best -0.968002 at iter 17
suggestion time taken 0.010156 iter 18 next_points [{'alpha': 0.00023510750666596593, 'batch_size': 201, 'beta_1': 0.9872997119586324, 'beta_2': 0.9998062586416379, 'epsilon': 2.270126998951514e-08, 'hidden_layer_sizes': 159, 'learning_rate_init': 7.364890815901225e-05, 'tol': 0.026182700330837236, 'validation_fraction': 0.890101994239199}]
/home/ryedida/.local/lib/python3.8/site-packages/sklearn/neural_network/_multilayer_perceptron.py:621: UserWarning: Got `batch_size` less than 1 or larger than sample size. It is going to be clipped
  warnings.warn(

function_evaluation time 0.434533 value -0.119014 suggestion {'alpha': 0.00023510750666596593, 'batch_size': 201, 'beta_1': 0.9872997119586324, 'beta_2': 0.9998062586416379, 'epsilon': 2.270126998951514e-08, 'hidden_layer_sizes': 159, 'learning_rate_init': 7.364890815901225e-05, 'tol': 0.026182700330837236, 'validation_fraction': 0.890101994239199}
observation time 0.000004, current best -0.968002 at iter 18
suggestion time taken 0.009994 iter 19 next_points [{'alpha': 0.019770821552744046, 'batch_size': 100, 'beta_1': 0.7153847172230532, 'beta_2': 0.9997290773857122, 'epsilon': 2.2981863117000197e-09, 'hidden_layer_sizes': 86, 'learning_rate_init': 6.292130322904776e-05, 'tol': 0.05473944742423133, 'validation_fraction': 0.7992281517500397}]
function_evaluation time 0.482443 value -0.112079 suggestion {'alpha': 0.019770821552744046, 'batch_size': 100, 'beta_1': 0.7153847172230532, 'beta_2': 0.9997290773857122, 'epsilon': 2.2981863117000197e-09, 'hidden_layer_sizes': 86, 'learning_rate_init': 6.292130322904776e-05, 'tol': 0.05473944742423133, 'validation_fraction': 0.7992281517500397}
observation time 0.000004, current best -0.968002 at iter 19
suggestion time taken 0.009573 iter 20 next_points [{'alpha': 0.002732439694903083, 'batch_size': 150, 'beta_1': 0.9867489926039361, 'beta_2': 0.9993631556390038, 'epsilon': 1.999567388533812e-09, 'hidden_layer_sizes': 75, 'learning_rate_init': 0.00019459068301029724, 'tol': 1.058140736052614e-05, 'validation_fraction': 0.8225023112256562}]
function_evaluation time 4.436377 value -0.709371 suggestion {'alpha': 0.002732439694903083, 'batch_size': 150, 'beta_1': 0.9867489926039361, 'beta_2': 0.9993631556390038, 'epsilon': 1.999567388533812e-09, 'hidden_layer_sizes': 75, 'learning_rate_init': 0.00019459068301029724, 'tol': 1.058140736052614e-05, 'validation_fraction': 0.8225023112256562}
observation time 0.000003, current best -0.968002 at iter 20
suggestion time taken 0.009590 iter 21 next_points [{'alpha': 2.4013037958715437e-05, 'batch_size': 19, 'beta_1': 0.9455592081518492, 'beta_2': 0.9912662936474159, 'epsilon': 1.6806667105457322e-08, 'hidden_layer_sizes': 200, 'learning_rate_init': 0.002828882435143132, 'tol': 0.014506281040150523, 'validation_fraction': 0.4923444872546669}]
function_evaluation time 4.213636 value -0.967305 suggestion {'alpha': 2.4013037958715437e-05, 'batch_size': 19, 'beta_1': 0.9455592081518492, 'beta_2': 0.9912662936474159, 'epsilon': 1.6806667105457322e-08, 'hidden_layer_sizes': 200, 'learning_rate_init': 0.002828882435143132, 'tol': 0.014506281040150523, 'validation_fraction': 0.4923444872546669}
observation time 0.000005, current best -0.968002 at iter 21
suggestion time taken 0.010135 iter 22 next_points [{'alpha': 0.3236762471880583, 'batch_size': 33, 'beta_1': 0.9099536431717402, 'beta_2': 0.999991509294975, 'epsilon': 9.26694542783532e-09, 'hidden_layer_sizes': 56, 'learning_rate_init': 0.0001349364122601807, 'tol': 0.004995067149212987, 'validation_fraction': 0.5115988761736023}]
function_evaluation time 7.921341 value -0.865711 suggestion {'alpha': 0.3236762471880583, 'batch_size': 33, 'beta_1': 0.9099536431717402, 'beta_2': 0.999991509294975, 'epsilon': 9.26694542783532e-09, 'hidden_layer_sizes': 56, 'learning_rate_init': 0.0001349364122601807, 'tol': 0.004995067149212987, 'validation_fraction': 0.5115988761736023}
observation time 0.000004, current best -0.968002 at iter 22
suggestion time taken 0.009384 iter 23 next_points [{'alpha': 0.0005134207439066194, 'batch_size': 171, 'beta_1': 0.9686581497334931, 'beta_2': 0.9971058854770538, 'epsilon': 3.7369404634359046e-08, 'hidden_layer_sizes': 192, 'learning_rate_init': 0.0008042307242642486, 'tol': 0.0008747988213477243, 'validation_fraction': 0.1505138256665617}]
function_evaluation time 3.395738 value -0.962425 suggestion {'alpha': 0.0005134207439066194, 'batch_size': 171, 'beta_1': 0.9686581497334931, 'beta_2': 0.9971058854770538, 'epsilon': 3.7369404634359046e-08, 'hidden_layer_sizes': 192, 'learning_rate_init': 0.0008042307242642486, 'tol': 0.0008747988213477243, 'validation_fraction': 0.1505138256665617}
observation time 0.000004, current best -0.968002 at iter 23
suggestion time taken 0.009737 iter 24 next_points [{'alpha': 0.04747085157702973, 'batch_size': 75, 'beta_1': 0.7649079897583299, 'beta_2': 0.9999984654527719, 'epsilon': 1.0374326185623019e-08, 'hidden_layer_sizes': 170, 'learning_rate_init': 1.026690510774614e-05, 'tol': 0.011945918234679874, 'validation_fraction': 0.6899451308041264}]
function_evaluation time 0.840518 value -0.127291 suggestion {'alpha': 0.04747085157702973, 'batch_size': 75, 'beta_1': 0.7649079897583299, 'beta_2': 0.9999984654527719, 'epsilon': 1.0374326185623019e-08, 'hidden_layer_sizes': 170, 'learning_rate_init': 1.026690510774614e-05, 'tol': 0.011945918234679874, 'validation_fraction': 0.6899451308041264}
observation time 0.000004, current best -0.968002 at iter 24
suggestion time taken 0.010170 iter 25 next_points [{'alpha': 0.3428397463372045, 'batch_size': 17, 'beta_1': 0.9788768662652482, 'beta_2': 0.9999655800908847, 'epsilon': 4.158074008936427e-07, 'hidden_layer_sizes': 70, 'learning_rate_init': 0.02125704485044001, 'tol': 1.0858727581210368e-05, 'validation_fraction': 0.789394452361483}]
function_evaluation time 3.468170 value -0.926227 suggestion {'alpha': 0.3428397463372045, 'batch_size': 17, 'beta_1': 0.9788768662652482, 'beta_2': 0.9999655800908847, 'epsilon': 4.158074008936427e-07, 'hidden_layer_sizes': 70, 'learning_rate_init': 0.02125704485044001, 'tol': 1.0858727581210368e-05, 'validation_fraction': 0.789394452361483}
observation time 0.000005, current best -0.968002 at iter 25
suggestion time taken 0.010254 iter 26 next_points [{'alpha': 1.2282335925389933, 'batch_size': 176, 'beta_1': 0.9550591093051383, 'beta_2': 0.9987946947551405, 'epsilon': 3.531205271823225e-07, 'hidden_layer_sizes': 70, 'learning_rate_init': 0.002723871684101918, 'tol': 0.003701982190649275, 'validation_fraction': 0.14744325368336253}]
function_evaluation time 2.560244 value -0.951977 suggestion {'alpha': 1.2282335925389933, 'batch_size': 176, 'beta_1': 0.9550591093051383, 'beta_2': 0.9987946947551405, 'epsilon': 3.531205271823225e-07, 'hidden_layer_sizes': 70, 'learning_rate_init': 0.002723871684101918, 'tol': 0.003701982190649275, 'validation_fraction': 0.14744325368336253}
observation time 0.000004, current best -0.968002 at iter 26
suggestion time taken 0.009745 iter 27 next_points [{'alpha': 5.483915376035458, 'batch_size': 27, 'beta_1': 0.9866330174510851, 'beta_2': 0.9979296878259706, 'epsilon': 3.212323040329419e-08, 'hidden_layer_sizes': 82, 'learning_rate_init': 0.0012736882224635999, 'tol': 0.05654252524155173, 'validation_fraction': 0.8981222701936451}]
function_evaluation time 0.865040 value -0.803073 suggestion {'alpha': 5.483915376035458, 'batch_size': 27, 'beta_1': 0.9866330174510851, 'beta_2': 0.9979296878259706, 'epsilon': 3.212323040329419e-08, 'hidden_layer_sizes': 82, 'learning_rate_init': 0.0012736882224635999, 'tol': 0.05654252524155173, 'validation_fraction': 0.8981222701936451}
observation time 0.000004, current best -0.968002 at iter 27
suggestion time taken 0.009682 iter 28 next_points [{'alpha': 0.05416929998897836, 'batch_size': 201, 'beta_1': 0.9884454432489701, 'beta_2': 0.9975024719839491, 'epsilon': 5.394040827876347e-09, 'hidden_layer_sizes': 115, 'learning_rate_init': 0.023048086108356954, 'tol': 0.00028428006831741226, 'validation_fraction': 0.49416386003900736}]
function_evaluation time 2.925167 value -0.926931 suggestion {'alpha': 0.05416929998897836, 'batch_size': 201, 'beta_1': 0.9884454432489701, 'beta_2': 0.9975024719839491, 'epsilon': 5.394040827876347e-09, 'hidden_layer_sizes': 115, 'learning_rate_init': 0.023048086108356954, 'tol': 0.00028428006831741226, 'validation_fraction': 0.49416386003900736}
observation time 0.000004, current best -0.968002 at iter 28
suggestion time taken 0.009950 iter 29 next_points [{'alpha': 0.013780706105679932, 'batch_size': 221, 'beta_1': 0.9713041708299464, 'beta_2': 0.9842890713318594, 'epsilon': 2.3192200259595446e-08, 'hidden_layer_sizes': 177, 'learning_rate_init': 0.022681765565800562, 'tol': 0.06127594304620774, 'validation_fraction': 0.4664730934018372}]
function_evaluation time 0.984418 value -0.886571 suggestion {'alpha': 0.013780706105679932, 'batch_size': 221, 'beta_1': 0.9713041708299464, 'beta_2': 0.9842890713318594, 'epsilon': 2.3192200259595446e-08, 'hidden_layer_sizes': 177, 'learning_rate_init': 0.022681765565800562, 'tol': 0.06127594304620774, 'validation_fraction': 0.4664730934018372}
observation time 0.000004, current best -0.968002 at iter 29
suggestion time taken 0.009649 iter 30 next_points [{'alpha': 2.767570621100285, 'batch_size': 102, 'beta_1': 0.9885627770609123, 'beta_2': 0.9991471493628297, 'epsilon': 1.473502925532699e-09, 'hidden_layer_sizes': 136, 'learning_rate_init': 0.0001240114310689371, 'tol': 0.00013532865422386154, 'validation_fraction': 0.12385618593315731}]
function_evaluation time 7.196335 value -0.910918 suggestion {'alpha': 2.767570621100285, 'batch_size': 102, 'beta_1': 0.9885627770609123, 'beta_2': 0.9991471493628297, 'epsilon': 1.473502925532699e-09, 'hidden_layer_sizes': 136, 'learning_rate_init': 0.0001240114310689371, 'tol': 0.00013532865422386154, 'validation_fraction': 0.12385618593315731}
observation time 0.000004, current best -0.968002 at iter 30
suggestion time taken 0.010344 iter 31 next_points [{'alpha': 0.0033123864976004865, 'batch_size': 33, 'beta_1': 0.9558809646368474, 'beta_2': 0.9926615517647652, 'epsilon': 1.9780968054278697e-09, 'hidden_layer_sizes': 168, 'learning_rate_init': 0.0010895697171613725, 'tol': 0.0006681667250560576, 'validation_fraction': 0.5050797961821567}]
function_evaluation time 5.829772 value -0.961733 suggestion {'alpha': 0.0033123864976004865, 'batch_size': 33, 'beta_1': 0.9558809646368474, 'beta_2': 0.9926615517647652, 'epsilon': 1.9780968054278697e-09, 'hidden_layer_sizes': 168, 'learning_rate_init': 0.0010895697171613725, 'tol': 0.0006681667250560576, 'validation_fraction': 0.5050797961821567}
observation time 0.000004, current best -0.968002 at iter 31
suggestion time taken 0.010049 iter 32 next_points [{'alpha': 0.08243435358056807, 'batch_size': 176, 'beta_1': 0.900603547808979, 'beta_2': 0.9999953256441633, 'epsilon': 2.1712840043890447e-09, 'hidden_layer_sizes': 68, 'learning_rate_init': 7.190862601034595e-05, 'tol': 1.0662360052134341e-05, 'validation_fraction': 0.6200280003244033}]
/home/ryedida/.local/lib/python3.8/site-packages/sklearn/neural_network/_multilayer_perceptron.py:702: ConvergenceWarning: Stochastic Optimizer: Maximum iterations (200) reached and the optimization hasn't converged yet.
  warnings.warn(

function_evaluation time 8.302464 value -0.741851 suggestion {'alpha': 0.08243435358056807, 'batch_size': 176, 'beta_1': 0.900603547808979, 'beta_2': 0.9999953256441633, 'epsilon': 2.1712840043890447e-09, 'hidden_layer_sizes': 68, 'learning_rate_init': 7.190862601034595e-05, 'tol': 1.0662360052134341e-05, 'validation_fraction': 0.6200280003244033}
observation time 0.000004, current best -0.968002 at iter 32
suggestion time taken 0.010120 iter 33 next_points [{'alpha': 2.683108354962957e-05, 'batch_size': 68, 'beta_1': 0.5986712026502785, 'beta_2': 0.9998808444290319, 'epsilon': 1.8527276117593332e-08, 'hidden_layer_sizes': 145, 'learning_rate_init': 0.002505943048906808, 'tol': 0.00020523917177687914, 'validation_fraction': 0.4989395419298257}]
function_evaluation time 4.318261 value -0.963814 suggestion {'alpha': 2.683108354962957e-05, 'batch_size': 68, 'beta_1': 0.5986712026502785, 'beta_2': 0.9998808444290319, 'epsilon': 1.8527276117593332e-08, 'hidden_layer_sizes': 145, 'learning_rate_init': 0.002505943048906808, 'tol': 0.00020523917177687914, 'validation_fraction': 0.4989395419298257}
observation time 0.000004, current best -0.968002 at iter 33
suggestion time taken 0.009948 iter 34 next_points [{'alpha': 6.168475455391818e-05, 'batch_size': 232, 'beta_1': 0.8989160433195265, 'beta_2': 0.9999800980614734, 'epsilon': 4.43320893726099e-08, 'hidden_layer_sizes': 121, 'learning_rate_init': 0.00895353532409246, 'tol': 0.0038924462609503064, 'validation_fraction': 0.29419373335242865}]
function_evaluation time 1.400282 value -0.968687 suggestion {'alpha': 6.168475455391818e-05, 'batch_size': 232, 'beta_1': 0.8989160433195265, 'beta_2': 0.9999800980614734, 'epsilon': 4.43320893726099e-08, 'hidden_layer_sizes': 121, 'learning_rate_init': 0.00895353532409246, 'tol': 0.0038924462609503064, 'validation_fraction': 0.29419373335242865}
observation time 0.000004, current best -0.968687 at iter 34
suggestion time taken 0.010029 iter 35 next_points [{'alpha': 2.6316456468207695e-05, 'batch_size': 95, 'beta_1': 0.5540863904402097, 'beta_2': 0.9996672085868189, 'epsilon': 1.0025864705490421e-09, 'hidden_layer_sizes': 84, 'learning_rate_init': 0.00021036727975883972, 'tol': 0.03060815469451478, 'validation_fraction': 0.13694703540626416}]
function_evaluation time 2.679173 value -0.846233 suggestion {'alpha': 2.6316456468207695e-05, 'batch_size': 95, 'beta_1': 0.5540863904402097, 'beta_2': 0.9996672085868189, 'epsilon': 1.0025864705490421e-09, 'hidden_layer_sizes': 84, 'learning_rate_init': 0.00021036727975883972, 'tol': 0.03060815469451478, 'validation_fraction': 0.13694703540626416}
observation time 0.000004, current best -0.968687 at iter 35
suggestion time taken 0.009460 iter 36 next_points [{'alpha': 0.0005577559031407222, 'batch_size': 231, 'beta_1': 0.9856146810343904, 'beta_2': 0.9461142916596038, 'epsilon': 3.501310230214183e-09, 'hidden_layer_sizes': 131, 'learning_rate_init': 4.3189525500922524e-05, 'tol': 0.0362071155677213, 'validation_fraction': 0.29393219728504116}]
function_evaluation time 0.851678 value -0.135034 suggestion {'alpha': 0.0005577559031407222, 'batch_size': 231, 'beta_1': 0.9856146810343904, 'beta_2': 0.9461142916596038, 'epsilon': 3.501310230214183e-09, 'hidden_layer_sizes': 131, 'learning_rate_init': 4.3189525500922524e-05, 'tol': 0.0362071155677213, 'validation_fraction': 0.29393219728504116}
observation time 0.000004, current best -0.968687 at iter 36
suggestion time taken 0.010192 iter 37 next_points [{'alpha': 2.7789181089514066, 'batch_size': 244, 'beta_1': 0.9897161363853343, 'beta_2': 0.9999631666039338, 'epsilon': 1.520734354810039e-08, 'hidden_layer_sizes': 88, 'learning_rate_init': 0.00034859272874975905, 'tol': 2.5524744621243796e-05, 'validation_fraction': 0.6537766129948325}]
function_evaluation time 5.453111 value -0.911643 suggestion {'alpha': 2.7789181089514066, 'batch_size': 244, 'beta_1': 0.9897161363853343, 'beta_2': 0.9999631666039338, 'epsilon': 1.520734354810039e-08, 'hidden_layer_sizes': 88, 'learning_rate_init': 0.00034859272874975905, 'tol': 2.5524744621243796e-05, 'validation_fraction': 0.6537766129948325}
observation time 0.000004, current best -0.968687 at iter 37
suggestion time taken 0.010212 iter 38 next_points [{'alpha': 0.007636093456971368, 'batch_size': 53, 'beta_1': 0.6492413619739485, 'beta_2': 0.999997928690693, 'epsilon': 1.4484387770646514e-08, 'hidden_layer_sizes': 147, 'learning_rate_init': 0.0008271004497424017, 'tol': 2.086532208733416e-05, 'validation_fraction': 0.3106751585095989}]
function_evaluation time 5.730461 value -0.958249 suggestion {'alpha': 0.007636093456971368, 'batch_size': 53, 'beta_1': 0.6492413619739485, 'beta_2': 0.999997928690693, 'epsilon': 1.4484387770646514e-08, 'hidden_layer_sizes': 147, 'learning_rate_init': 0.0008271004497424017, 'tol': 2.086532208733416e-05, 'validation_fraction': 0.3106751585095989}
observation time 0.000004, current best -0.968687 at iter 38
suggestion time taken 0.010288 iter 39 next_points [{'alpha': 0.012078562672785311, 'batch_size': 151, 'beta_1': 0.9782506805125696, 'beta_2': 0.9999916665888483, 'epsilon': 8.734358964339385e-08, 'hidden_layer_sizes': 184, 'learning_rate_init': 0.000546845442283361, 'tol': 0.01037435880887061, 'validation_fraction': 0.6836897365190114}]
function_evaluation time 1.985291 value -0.902618 suggestion {'alpha': 0.012078562672785311, 'batch_size': 151, 'beta_1': 0.9782506805125696, 'beta_2': 0.9999916665888483, 'epsilon': 8.734358964339385e-08, 'hidden_layer_sizes': 184, 'learning_rate_init': 0.000546845442283361, 'tol': 0.01037435880887061, 'validation_fraction': 0.6836897365190114}
observation time 0.000004, current best -0.968687 at iter 39
suggestion time taken 0.009971 iter 40 next_points [{'alpha': 0.14080188445856703, 'batch_size': 55, 'beta_1': 0.8045506554365065, 'beta_2': 0.9887594972300707, 'epsilon': 8.723080066438307e-09, 'hidden_layer_sizes': 141, 'learning_rate_init': 0.0001430176800720128, 'tol': 0.001740417474671448, 'validation_fraction': 0.4298780866077107}]
function_evaluation time 11.317988 value -0.956165 suggestion {'alpha': 0.14080188445856703, 'batch_size': 55, 'beta_1': 0.8045506554365065, 'beta_2': 0.9887594972300707, 'epsilon': 8.723080066438307e-09, 'hidden_layer_sizes': 141, 'learning_rate_init': 0.0001430176800720128, 'tol': 0.001740417474671448, 'validation_fraction': 0.4298780866077107}
observation time 0.000004, current best -0.968687 at iter 40
suggestion time taken 0.010670 iter 41 next_points [{'alpha': 0.7356579910182689, 'batch_size': 111, 'beta_1': 0.9474330642144491, 'beta_2': 0.9999957445151403, 'epsilon': 1.2322973694542132e-07, 'hidden_layer_sizes': 143, 'learning_rate_init': 0.0004924114782717415, 'tol': 0.00018884123560638236, 'validation_fraction': 0.8772870096106166}]
function_evaluation time 4.181277 value -0.856637 suggestion {'alpha': 0.7356579910182689, 'batch_size': 111, 'beta_1': 0.9474330642144491, 'beta_2': 0.9999957445151403, 'epsilon': 1.2322973694542132e-07, 'hidden_layer_sizes': 143, 'learning_rate_init': 0.0004924114782717415, 'tol': 0.00018884123560638236, 'validation_fraction': 0.8772870096106166}
observation time 0.000004, current best -0.968687 at iter 41
suggestion time taken 0.010034 iter 42 next_points [{'alpha': 0.0021688991274332182, 'batch_size': 238, 'beta_1': 0.9149306323579365, 'beta_2': 0.9997815857700516, 'epsilon': 9.560885007566653e-08, 'hidden_layer_sizes': 156, 'learning_rate_init': 0.01680111720220829, 'tol': 9.725581010561612e-05, 'validation_fraction': 0.24315326865802084}]
function_evaluation time 1.961319 value -0.957569 suggestion {'alpha': 0.0021688991274332182, 'batch_size': 238, 'beta_1': 0.9149306323579365, 'beta_2': 0.9997815857700516, 'epsilon': 9.560885007566653e-08, 'hidden_layer_sizes': 156, 'learning_rate_init': 0.01680111720220829, 'tol': 9.725581010561612e-05, 'validation_fraction': 0.24315326865802084}
observation time 0.000004, current best -0.968687 at iter 42
suggestion time taken 0.010399 iter 43 next_points [{'alpha': 0.0002549755501663023, 'batch_size': 178, 'beta_1': 0.8720561588405517, 'beta_2': 0.9999815106276313, 'epsilon': 3.8717816185025206e-08, 'hidden_layer_sizes': 184, 'learning_rate_init': 0.0005259625490417941, 'tol': 0.0025366917353244513, 'validation_fraction': 0.11368772408608092}]
function_evaluation time 4.018168 value -0.943646 suggestion {'alpha': 0.0002549755501663023, 'batch_size': 178, 'beta_1': 0.8720561588405517, 'beta_2': 0.9999815106276313, 'epsilon': 3.8717816185025206e-08, 'hidden_layer_sizes': 184, 'learning_rate_init': 0.0005259625490417941, 'tol': 0.0025366917353244513, 'validation_fraction': 0.11368772408608092}
observation time 0.000004, current best -0.968687 at iter 43
suggestion time taken 0.010858 iter 44 next_points [{'alpha': 1.4114667436157755, 'batch_size': 89, 'beta_1': 0.8312799392578322, 'beta_2': 0.939942117961443, 'epsilon': 4.547028103330623e-08, 'hidden_layer_sizes': 63, 'learning_rate_init': 1.4125018577746945e-05, 'tol': 0.00032334157529601584, 'validation_fraction': 0.5632050431225398}]
function_evaluation time 2.707844 value -0.175215 suggestion {'alpha': 1.4114667436157755, 'batch_size': 89, 'beta_1': 0.8312799392578322, 'beta_2': 0.939942117961443, 'epsilon': 4.547028103330623e-08, 'hidden_layer_sizes': 63, 'learning_rate_init': 1.4125018577746945e-05, 'tol': 0.00032334157529601584, 'validation_fraction': 0.5632050431225398}
observation time 0.000004, current best -0.968687 at iter 44
saving meta data: {'args': {'--uuid': 'd9c5bf480f3f56418c572710e5512419', '-db-root': '/home/ryedida/bbo_challenge_starter_kit/output', '--opt-root': '/home/ryedida/bbo_challenge_starter_kit/example_submissions', '--data-root': None, '--db': 'run_20231013_221308', '--opt': 'random', '--data': 'digits', '--classifier': 'MLP-adam', '--metric': 'acc', '--calls': 45, '--suggestions': 1, '--jobs-file': None, '--verbose': False, 'dry_run': False, 'rev': 'a376313', 'opt_rev': '0.0.8'}, 'signature': ([{'alpha': 0.019628224813442792, 'batch_size': 182, 'beta_1': 0.9410202200271762, 'beta_2': 0.9998021557676793, 'epsilon': 1.8662266976518e-08, 'hidden_layer_sizes': 147, 'learning_rate_init': 0.0005627932047415167, 'tol': 0.03690557729213761, 'validation_fraction': 0.8846827852548593}, {'alpha': 0.001998246739232944, 'batch_size': 200, 'beta_1': 0.919111482530466, 'beta_2': 0.9998488260436156, 'epsilon': 5.981221901152555e-07, 'hidden_layer_sizes': 61, 'learning_rate_init': 2.2310905607443014e-05, 'tol': 1.2046852412030316e-05, 'validation_fraction': 0.8117896445826539}, {'alpha': 0.46659545670218433, 'batch_size': 219, 'beta_1': 0.9889789783750891, 'beta_2': 0.9999896868093284, 'epsilon': 2.4234724484675948e-08, 'hidden_layer_sizes': 167, 'learning_rate_init': 2.972334644335654e-05, 'tol': 0.0036281404040243792, 'validation_fraction': 0.17260651658522078}, {'alpha': 4.656005689076002, 'batch_size': 135, 'beta_1': 0.870503881627747, 'beta_2': 0.9948873266941017, 'epsilon': 2.1023308743480125e-07, 'hidden_layer_sizes': 118, 'learning_rate_init': 0.001878173875716191, 'tol': 1.1889379831773006e-05, 'validation_fraction': 0.6264327093752792}, {'alpha': 0.04705159350400542, 'batch_size': 158, 'beta_1': 0.9870884262730957, 'beta_2': 0.9999596874382349, 'epsilon': 1.1981845126013875e-08, 'hidden_layer_sizes': 116, 'learning_rate_init': 0.006173405204074311, 'tol': 1.7414134181586194e-05, 'validation_fraction': 0.6754299026638921}], [-0.21081107239643826, -0.1295489740611692, -0.27999177313201706, -0.9422522260936896, -0.9332050909794812])}
saving results
saving timing
saving suggest log
done
