running: {'--uuid': 'f08c990da413599f9e884ac17dafc38a', '-db-root': '/home/ryedida/bbo_challenge_starter_kit/output', '--opt-root': '/home/ryedida/bbo_challenge_starter_kit/example_submissions', '--data-root': None, '--db': 'run_20231013_221308', '--opt': 'random', '--data': 'digits', '--classifier': 'MLP-adam', '--metric': 'nll', '--calls': 45, '--suggestions': 1, '--jobs-file': None, '--verbose': False, 'dry_run': False, 'rev': 'a376313', 'opt_rev': '0.0.8'}
cmd: python /home/ryedida/.local/bin/bayesmark-exp -c MLP-adam -d digits -o random -u f08c990da413599f9e884ac17dafc38a -m nll -n 45 -p 1 -dir /home/ryedida/bbo_challenge_starter_kit/output -b run_20231013_221308
/home/ryedida/.local/lib/python3.8/site-packages/sklearn/neural_network/_multilayer_perceptron.py:621: UserWarning: Got `batch_size` less than 1 or larger than sample size. It is going to be clipped
  warnings.warn(

/home/ryedida/.local/lib/python3.8/site-packages/sklearn/neural_network/_multilayer_perceptron.py:702: ConvergenceWarning: Stochastic Optimizer: Maximum iterations (200) reached and the optimization hasn't converged yet.
  warnings.warn(

computed signature: ([{'alpha': 0.019628224813442792, 'batch_size': 182, 'beta_1': 0.9410202200271762, 'beta_2': 0.9998021557676793, 'epsilon': 1.8662266976518e-08, 'hidden_layer_sizes': 147, 'learning_rate_init': 0.0005627932047415167, 'tol': 0.03690557729213761, 'validation_fraction': 0.8846827852548593}, {'alpha': 0.001998246739232944, 'batch_size': 200, 'beta_1': 0.919111482530466, 'beta_2': 0.9998488260436156, 'epsilon': 5.981221901152555e-07, 'hidden_layer_sizes': 61, 'learning_rate_init': 2.2310905607443014e-05, 'tol': 1.2046852412030316e-05, 'validation_fraction': 0.8117896445826539}, {'alpha': 0.46659545670218433, 'batch_size': 219, 'beta_1': 0.9889789783750891, 'beta_2': 0.9999896868093284, 'epsilon': 2.4234724484675948e-08, 'hidden_layer_sizes': 167, 'learning_rate_init': 2.972334644335654e-05, 'tol': 0.0036281404040243792, 'validation_fraction': 0.17260651658522078}, {'alpha': 4.656005689076002, 'batch_size': 135, 'beta_1': 0.870503881627747, 'beta_2': 0.9948873266941017, 'epsilon': 2.1023308743480125e-07, 'hidden_layer_sizes': 118, 'learning_rate_init': 0.001878173875716191, 'tol': 1.1889379831773006e-05, 'validation_fraction': 0.6264327093752792}, {'alpha': 0.04705159350400542, 'batch_size': 158, 'beta_1': 0.9870884262730957, 'beta_2': 0.9999596874382349, 'epsilon': 1.1981845126013875e-08, 'hidden_layer_sizes': 116, 'learning_rate_init': 0.006173405204074311, 'tol': 1.7414134181586194e-05, 'validation_fraction': 0.6754299026638921}], [4.8709522768835765, 9.710667750887517, 5.950791832993735, 0.19438427080405424, 0.25190216699945633])
/home/ryedida/.local/lib/python3.8/site-packages/bayesmark/experiment.py:470: UserWarning: Baselines not found. Will not log intermediate scores.
  warnings.warn("Baselines not found. Will not log intermediate scores.")

starting sklearn study random MLP-adam digits nll 45 1
with data root: None
suggestion time taken 0.010793 iter 0 next_points [{'alpha': 0.0003912215138145639, 'batch_size': 168, 'beta_1': 0.5329319284576904, 'beta_2': 0.9993997753715399, 'epsilon': 4.0420538387177814e-08, 'hidden_layer_sizes': 168, 'learning_rate_init': 0.0005137928062612335, 'tol': 0.09060533457342704, 'validation_fraction': 0.8673251007633711}]
function_evaluation time 0.598717 value 2.772209 suggestion {'alpha': 0.0003912215138145639, 'batch_size': 168, 'beta_1': 0.5329319284576904, 'beta_2': 0.9993997753715399, 'epsilon': 4.0420538387177814e-08, 'hidden_layer_sizes': 168, 'learning_rate_init': 0.0005137928062612335, 'tol': 0.09060533457342704, 'validation_fraction': 0.8673251007633711}
observation time 0.000006, current best 2.772209 at iter 0
suggestion time taken 0.012053 iter 1 next_points [{'alpha': 0.001426451383699309, 'batch_size': 95, 'beta_1': 0.9852182580496627, 'beta_2': 0.9984280152333951, 'epsilon': 6.204431060552504e-07, 'hidden_layer_sizes': 112, 'learning_rate_init': 3.983257160610144e-05, 'tol': 2.152824841469425e-05, 'validation_fraction': 0.23546767900783966}]
function_evaluation time 20.843554 value 0.340122 suggestion {'alpha': 0.001426451383699309, 'batch_size': 95, 'beta_1': 0.9852182580496627, 'beta_2': 0.9984280152333951, 'epsilon': 6.204431060552504e-07, 'hidden_layer_sizes': 112, 'learning_rate_init': 3.983257160610144e-05, 'tol': 2.152824841469425e-05, 'validation_fraction': 0.23546767900783966}
observation time 0.000006, current best 0.340122 at iter 1
suggestion time taken 0.011525 iter 2 next_points [{'alpha': 3.215424337707672e-05, 'batch_size': 209, 'beta_1': 0.6236697460212319, 'beta_2': 0.9955418447289385, 'epsilon': 5.498363281211118e-09, 'hidden_layer_sizes': 68, 'learning_rate_init': 0.004789608366330713, 'tol': 0.06505665036057194, 'validation_fraction': 0.8043867559631152}]
function_evaluation time 0.637518 value 0.545892 suggestion {'alpha': 3.215424337707672e-05, 'batch_size': 209, 'beta_1': 0.6236697460212319, 'beta_2': 0.9955418447289385, 'epsilon': 5.498363281211118e-09, 'hidden_layer_sizes': 68, 'learning_rate_init': 0.004789608366330713, 'tol': 0.06505665036057194, 'validation_fraction': 0.8043867559631152}
observation time 0.000005, current best 0.340122 at iter 2
suggestion time taken 0.010672 iter 3 next_points [{'alpha': 0.0026931110986254773, 'batch_size': 222, 'beta_1': 0.6060239051317816, 'beta_2': 0.9956296807763394, 'epsilon': 2.2342332935166096e-08, 'hidden_layer_sizes': 117, 'learning_rate_init': 0.00011876057076303047, 'tol': 0.012915190778189168, 'validation_fraction': 0.40635957187242594}]
function_evaluation time 2.084473 value 5.580634 suggestion {'alpha': 0.0026931110986254773, 'batch_size': 222, 'beta_1': 0.6060239051317816, 'beta_2': 0.9956296807763394, 'epsilon': 2.2342332935166096e-08, 'hidden_layer_sizes': 117, 'learning_rate_init': 0.00011876057076303047, 'tol': 0.012915190778189168, 'validation_fraction': 0.40635957187242594}
observation time 0.000005, current best 0.340122 at iter 3
suggestion time taken 0.010604 iter 4 next_points [{'alpha': 9.823501019417805, 'batch_size': 128, 'beta_1': 0.8197233616195186, 'beta_2': 0.9999711580497623, 'epsilon': 5.6971452607208604e-08, 'hidden_layer_sizes': 143, 'learning_rate_init': 0.04638980259211824, 'tol': 0.037120018224903906, 'validation_fraction': 0.8038693866845329}]
function_evaluation time 1.184379 value 0.272185 suggestion {'alpha': 9.823501019417805, 'batch_size': 128, 'beta_1': 0.8197233616195186, 'beta_2': 0.9999711580497623, 'epsilon': 5.6971452607208604e-08, 'hidden_layer_sizes': 143, 'learning_rate_init': 0.04638980259211824, 'tol': 0.037120018224903906, 'validation_fraction': 0.8038693866845329}
observation time 0.000006, current best 0.272185 at iter 4
suggestion time taken 0.010946 iter 5 next_points [{'alpha': 0.006563924295565185, 'batch_size': 157, 'beta_1': 0.7927394672866364, 'beta_2': 0.9619237662818283, 'epsilon': 3.506087384252449e-08, 'hidden_layer_sizes': 188, 'learning_rate_init': 0.05712218929168334, 'tol': 0.08237256675359479, 'validation_fraction': 0.46196515348921946}]
function_evaluation time 1.162898 value 0.558123 suggestion {'alpha': 0.006563924295565185, 'batch_size': 157, 'beta_1': 0.7927394672866364, 'beta_2': 0.9619237662818283, 'epsilon': 3.506087384252449e-08, 'hidden_layer_sizes': 188, 'learning_rate_init': 0.05712218929168334, 'tol': 0.08237256675359479, 'validation_fraction': 0.46196515348921946}
observation time 0.000006, current best 0.272185 at iter 5
suggestion time taken 0.010944 iter 6 next_points [{'alpha': 2.026865073969535e-05, 'batch_size': 158, 'beta_1': 0.9711230268486823, 'beta_2': 0.9999830950157239, 'epsilon': 1.8732336173364222e-08, 'hidden_layer_sizes': 97, 'learning_rate_init': 0.002834898795468032, 'tol': 3.549456633247702e-05, 'validation_fraction': 0.6369374964845087}]
function_evaluation time 3.267992 value 0.216748 suggestion {'alpha': 2.026865073969535e-05, 'batch_size': 158, 'beta_1': 0.9711230268486823, 'beta_2': 0.9999830950157239, 'epsilon': 1.8732336173364222e-08, 'hidden_layer_sizes': 97, 'learning_rate_init': 0.002834898795468032, 'tol': 3.549456633247702e-05, 'validation_fraction': 0.6369374964845087}
observation time 0.000005, current best 0.216748 at iter 6
suggestion time taken 0.010554 iter 7 next_points [{'alpha': 0.013325324471748168, 'batch_size': 112, 'beta_1': 0.5581175953387558, 'beta_2': 0.9367499828130853, 'epsilon': 1.2640880506211648e-09, 'hidden_layer_sizes': 162, 'learning_rate_init': 0.0005822988127733035, 'tol': 1.8322509727636885e-05, 'validation_fraction': 0.5651693632420869}]
function_evaluation time 6.033626 value 0.141925 suggestion {'alpha': 0.013325324471748168, 'batch_size': 112, 'beta_1': 0.5581175953387558, 'beta_2': 0.9367499828130853, 'epsilon': 1.2640880506211648e-09, 'hidden_layer_sizes': 162, 'learning_rate_init': 0.0005822988127733035, 'tol': 1.8322509727636885e-05, 'validation_fraction': 0.5651693632420869}
observation time 0.000005, current best 0.141925 at iter 7
suggestion time taken 0.010615 iter 8 next_points [{'alpha': 0.0021351197792358065, 'batch_size': 173, 'beta_1': 0.9856228448187988, 'beta_2': 0.9980133738152689, 'epsilon': 3.5092476916526964e-09, 'hidden_layer_sizes': 144, 'learning_rate_init': 0.07889749518334209, 'tol': 2.0467338469217113e-05, 'validation_fraction': 0.11689305516097565}]
function_evaluation time 2.538345 value 1.944489 suggestion {'alpha': 0.0021351197792358065, 'batch_size': 173, 'beta_1': 0.9856228448187988, 'beta_2': 0.9980133738152689, 'epsilon': 3.5092476916526964e-09, 'hidden_layer_sizes': 144, 'learning_rate_init': 0.07889749518334209, 'tol': 2.0467338469217113e-05, 'validation_fraction': 0.11689305516097565}
observation time 0.000006, current best 0.141925 at iter 8
suggestion time taken 0.011084 iter 9 next_points [{'alpha': 0.017809010251723312, 'batch_size': 116, 'beta_1': 0.7530423760487175, 'beta_2': 0.9999964910949731, 'epsilon': 2.1585649476068654e-08, 'hidden_layer_sizes': 184, 'learning_rate_init': 0.010364939203619536, 'tol': 0.001017650560600149, 'validation_fraction': 0.5233962478929495}]
function_evaluation time 3.265129 value 0.121108 suggestion {'alpha': 0.017809010251723312, 'batch_size': 116, 'beta_1': 0.7530423760487175, 'beta_2': 0.9999964910949731, 'epsilon': 2.1585649476068654e-08, 'hidden_layer_sizes': 184, 'learning_rate_init': 0.010364939203619536, 'tol': 0.001017650560600149, 'validation_fraction': 0.5233962478929495}
observation time 0.000005, current best 0.121108 at iter 9
suggestion time taken 0.011544 iter 10 next_points [{'alpha': 0.05397101994191682, 'batch_size': 62, 'beta_1': 0.9741080032309613, 'beta_2': 0.9999902880518369, 'epsilon': 2.9433638341622626e-07, 'hidden_layer_sizes': 140, 'learning_rate_init': 5.755388901895872e-05, 'tol': 5.1313234327927316e-05, 'validation_fraction': 0.6888520912293775}]
/home/ryedida/.local/lib/python3.8/site-packages/sklearn/neural_network/_multilayer_perceptron.py:702: ConvergenceWarning: Stochastic Optimizer: Maximum iterations (200) reached and the optimization hasn't converged yet.
  warnings.warn(

function_evaluation time 16.538212 value 0.414731 suggestion {'alpha': 0.05397101994191682, 'batch_size': 62, 'beta_1': 0.9741080032309613, 'beta_2': 0.9999902880518369, 'epsilon': 2.9433638341622626e-07, 'hidden_layer_sizes': 140, 'learning_rate_init': 5.755388901895872e-05, 'tol': 5.1313234327927316e-05, 'validation_fraction': 0.6888520912293775}
observation time 0.000005, current best 0.121108 at iter 10
suggestion time taken 0.011294 iter 11 next_points [{'alpha': 2.61922425402643e-05, 'batch_size': 111, 'beta_1': 0.9580391904249929, 'beta_2': 0.9999856443504946, 'epsilon': 3.0067639171939234e-07, 'hidden_layer_sizes': 177, 'learning_rate_init': 0.031501974873304625, 'tol': 1.5436190521122173e-05, 'validation_fraction': 0.17122080945459603}]
function_evaluation time 4.377747 value 0.280785 suggestion {'alpha': 2.61922425402643e-05, 'batch_size': 111, 'beta_1': 0.9580391904249929, 'beta_2': 0.9999856443504946, 'epsilon': 3.0067639171939234e-07, 'hidden_layer_sizes': 177, 'learning_rate_init': 0.031501974873304625, 'tol': 1.5436190521122173e-05, 'validation_fraction': 0.17122080945459603}
observation time 0.000005, current best 0.121108 at iter 11
suggestion time taken 0.011563 iter 12 next_points [{'alpha': 0.005356548034272807, 'batch_size': 96, 'beta_1': 0.856094337000763, 'beta_2': 0.9999791340683484, 'epsilon': 1.5820711382588088e-09, 'hidden_layer_sizes': 73, 'learning_rate_init': 6.376163854434448e-05, 'tol': 0.0019419259939673034, 'validation_fraction': 0.1380762647456764}]
function_evaluation time 11.062418 value 2.843944 suggestion {'alpha': 0.005356548034272807, 'batch_size': 96, 'beta_1': 0.856094337000763, 'beta_2': 0.9999791340683484, 'epsilon': 1.5820711382588088e-09, 'hidden_layer_sizes': 73, 'learning_rate_init': 6.376163854434448e-05, 'tol': 0.0019419259939673034, 'validation_fraction': 0.1380762647456764}
observation time 0.000005, current best 0.121108 at iter 12
suggestion time taken 0.011439 iter 13 next_points [{'alpha': 4.475653150609177, 'batch_size': 128, 'beta_1': 0.9667111455181385, 'beta_2': 0.9999861283833523, 'epsilon': 3.077966104916882e-07, 'hidden_layer_sizes': 94, 'learning_rate_init': 0.008586385005079201, 'tol': 0.0824850521629288, 'validation_fraction': 0.697180475040744}]
function_evaluation time 0.869616 value 0.267794 suggestion {'alpha': 4.475653150609177, 'batch_size': 128, 'beta_1': 0.9667111455181385, 'beta_2': 0.9999861283833523, 'epsilon': 3.077966104916882e-07, 'hidden_layer_sizes': 94, 'learning_rate_init': 0.008586385005079201, 'tol': 0.0824850521629288, 'validation_fraction': 0.697180475040744}
observation time 0.000005, current best 0.121108 at iter 13
suggestion time taken 0.010666 iter 14 next_points [{'alpha': 0.008823468191295696, 'batch_size': 74, 'beta_1': 0.8704073705637027, 'beta_2': 0.9898590293420021, 'epsilon': 6.343171160990204e-08, 'hidden_layer_sizes': 66, 'learning_rate_init': 1.2613103357140078e-05, 'tol': 0.0704441517064187, 'validation_fraction': 0.79124154199733}]
function_evaluation time 0.614957 value 9.065019 suggestion {'alpha': 0.008823468191295696, 'batch_size': 74, 'beta_1': 0.8704073705637027, 'beta_2': 0.9898590293420021, 'epsilon': 6.343171160990204e-08, 'hidden_layer_sizes': 66, 'learning_rate_init': 1.2613103357140078e-05, 'tol': 0.0704441517064187, 'validation_fraction': 0.79124154199733}
observation time 0.000005, current best 0.121108 at iter 14
suggestion time taken 0.010702 iter 15 next_points [{'alpha': 6.490451447980675e-05, 'batch_size': 149, 'beta_1': 0.951211620522024, 'beta_2': 0.9994517928692498, 'epsilon': 5.115135587162173e-07, 'hidden_layer_sizes': 113, 'learning_rate_init': 0.002640725853424774, 'tol': 2.8091537053310138e-05, 'validation_fraction': 0.11788766663302036}]
function_evaluation time 3.008703 value 0.147293 suggestion {'alpha': 6.490451447980675e-05, 'batch_size': 149, 'beta_1': 0.951211620522024, 'beta_2': 0.9994517928692498, 'epsilon': 5.115135587162173e-07, 'hidden_layer_sizes': 113, 'learning_rate_init': 0.002640725853424774, 'tol': 2.8091537053310138e-05, 'validation_fraction': 0.11788766663302036}
observation time 0.000005, current best 0.121108 at iter 15
suggestion time taken 0.010745 iter 16 next_points [{'alpha': 0.5651511561623739, 'batch_size': 182, 'beta_1': 0.7951869619927839, 'beta_2': 0.9999931455253128, 'epsilon': 5.21768233896422e-07, 'hidden_layer_sizes': 168, 'learning_rate_init': 0.0004009801949279384, 'tol': 0.023102316444314656, 'validation_fraction': 0.5673256919474052}]
function_evaluation time 1.908582 value 0.463999 suggestion {'alpha': 0.5651511561623739, 'batch_size': 182, 'beta_1': 0.7951869619927839, 'beta_2': 0.9999931455253128, 'epsilon': 5.21768233896422e-07, 'hidden_layer_sizes': 168, 'learning_rate_init': 0.0004009801949279384, 'tol': 0.023102316444314656, 'validation_fraction': 0.5673256919474052}
observation time 0.000005, current best 0.121108 at iter 16
suggestion time taken 0.010940 iter 17 next_points [{'alpha': 0.003657896649797472, 'batch_size': 186, 'beta_1': 0.5892752561928111, 'beta_2': 0.9998269957799796, 'epsilon': 5.204513898344683e-07, 'hidden_layer_sizes': 168, 'learning_rate_init': 0.08314803339245662, 'tol': 1.56685298154482e-05, 'validation_fraction': 0.1118777251171764}]
function_evaluation time 2.582637 value 0.665710 suggestion {'alpha': 0.003657896649797472, 'batch_size': 186, 'beta_1': 0.5892752561928111, 'beta_2': 0.9998269957799796, 'epsilon': 5.204513898344683e-07, 'hidden_layer_sizes': 168, 'learning_rate_init': 0.08314803339245662, 'tol': 1.56685298154482e-05, 'validation_fraction': 0.1118777251171764}
observation time 0.000005, current best 0.121108 at iter 17
suggestion time taken 0.010885 iter 18 next_points [{'alpha': 0.970126368003921, 'batch_size': 41, 'beta_1': 0.7521534538430545, 'beta_2': 0.9572636897163564, 'epsilon': 8.739189438455241e-07, 'hidden_layer_sizes': 163, 'learning_rate_init': 1.2877919516357029e-05, 'tol': 0.048499144511325865, 'validation_fraction': 0.7347210722296991}]
function_evaluation time 1.188468 value 7.973575 suggestion {'alpha': 0.970126368003921, 'batch_size': 41, 'beta_1': 0.7521534538430545, 'beta_2': 0.9572636897163564, 'epsilon': 8.739189438455241e-07, 'hidden_layer_sizes': 163, 'learning_rate_init': 1.2877919516357029e-05, 'tol': 0.048499144511325865, 'validation_fraction': 0.7347210722296991}
observation time 0.000006, current best 0.121108 at iter 18
suggestion time taken 0.010730 iter 19 next_points [{'alpha': 0.02004075053348969, 'batch_size': 219, 'beta_1': 0.6029719877501095, 'beta_2': 0.9997927736839994, 'epsilon': 2.2596785129416058e-07, 'hidden_layer_sizes': 115, 'learning_rate_init': 0.0002618938699269563, 'tol': 0.039553430048680456, 'validation_fraction': 0.2952962414606906}]
function_evaluation time 2.191515 value 0.686245 suggestion {'alpha': 0.02004075053348969, 'batch_size': 219, 'beta_1': 0.6029719877501095, 'beta_2': 0.9997927736839994, 'epsilon': 2.2596785129416058e-07, 'hidden_layer_sizes': 115, 'learning_rate_init': 0.0002618938699269563, 'tol': 0.039553430048680456, 'validation_fraction': 0.2952962414606906}
observation time 0.000005, current best 0.121108 at iter 19
suggestion time taken 0.010695 iter 20 next_points [{'alpha': 3.0535963959400297e-05, 'batch_size': 142, 'beta_1': 0.9625231727045255, 'beta_2': 0.9857821393478774, 'epsilon': 8.718961655302304e-09, 'hidden_layer_sizes': 125, 'learning_rate_init': 0.0024113137477561747, 'tol': 0.06745136165599451, 'validation_fraction': 0.13224594585149002}]
function_evaluation time 1.663989 value 0.212847 suggestion {'alpha': 3.0535963959400297e-05, 'batch_size': 142, 'beta_1': 0.9625231727045255, 'beta_2': 0.9857821393478774, 'epsilon': 8.718961655302304e-09, 'hidden_layer_sizes': 125, 'learning_rate_init': 0.0024113137477561747, 'tol': 0.06745136165599451, 'validation_fraction': 0.13224594585149002}
observation time 0.000005, current best 0.121108 at iter 20
suggestion time taken 0.011414 iter 21 next_points [{'alpha': 0.13822898328985045, 'batch_size': 21, 'beta_1': 0.9856095852043569, 'beta_2': 0.9999960265427307, 'epsilon': 2.7947415068102635e-08, 'hidden_layer_sizes': 94, 'learning_rate_init': 0.0022144672796338733, 'tol': 0.0004734928302609197, 'validation_fraction': 0.4497462385031141}]
function_evaluation time 8.482888 value 0.121316 suggestion {'alpha': 0.13822898328985045, 'batch_size': 21, 'beta_1': 0.9856095852043569, 'beta_2': 0.9999960265427307, 'epsilon': 2.7947415068102635e-08, 'hidden_layer_sizes': 94, 'learning_rate_init': 0.0022144672796338733, 'tol': 0.0004734928302609197, 'validation_fraction': 0.4497462385031141}
observation time 0.000005, current best 0.121108 at iter 21
suggestion time taken 0.010758 iter 22 next_points [{'alpha': 0.0002244674435867458, 'batch_size': 215, 'beta_1': 0.9023511676885642, 'beta_2': 0.9999975275674091, 'epsilon': 4.699665325209333e-09, 'hidden_layer_sizes': 189, 'learning_rate_init': 3.393673750017591e-05, 'tol': 0.00906860530482039, 'validation_fraction': 0.12165880958955569}]
function_evaluation time 5.949504 value 4.388792 suggestion {'alpha': 0.0002244674435867458, 'batch_size': 215, 'beta_1': 0.9023511676885642, 'beta_2': 0.9999975275674091, 'epsilon': 4.699665325209333e-09, 'hidden_layer_sizes': 189, 'learning_rate_init': 3.393673750017591e-05, 'tol': 0.00906860530482039, 'validation_fraction': 0.12165880958955569}
observation time 0.000004, current best 0.121108 at iter 22
suggestion time taken 0.010448 iter 23 next_points [{'alpha': 0.4382738048610721, 'batch_size': 11, 'beta_1': 0.638085384326139, 'beta_2': 0.9997681113970681, 'epsilon': 3.229844612708013e-07, 'hidden_layer_sizes': 143, 'learning_rate_init': 0.004724746933017591, 'tol': 0.0002167616045212854, 'validation_fraction': 0.19753982750354412}]
function_evaluation time 15.206005 value 0.127526 suggestion {'alpha': 0.4382738048610721, 'batch_size': 11, 'beta_1': 0.638085384326139, 'beta_2': 0.9997681113970681, 'epsilon': 3.229844612708013e-07, 'hidden_layer_sizes': 143, 'learning_rate_init': 0.004724746933017591, 'tol': 0.0002167616045212854, 'validation_fraction': 0.19753982750354412}
observation time 0.000005, current best 0.121108 at iter 23
suggestion time taken 0.010893 iter 24 next_points [{'alpha': 0.05161906757542354, 'batch_size': 117, 'beta_1': 0.6662044528387766, 'beta_2': 0.9999554731250251, 'epsilon': 2.9435779310996956e-08, 'hidden_layer_sizes': 113, 'learning_rate_init': 0.001803949126752534, 'tol': 0.005078210090065628, 'validation_fraction': 0.6210888422568716}]
function_evaluation time 1.906221 value 0.231535 suggestion {'alpha': 0.05161906757542354, 'batch_size': 117, 'beta_1': 0.6662044528387766, 'beta_2': 0.9999554731250251, 'epsilon': 2.9435779310996956e-08, 'hidden_layer_sizes': 113, 'learning_rate_init': 0.001803949126752534, 'tol': 0.005078210090065628, 'validation_fraction': 0.6210888422568716}
observation time 0.000005, current best 0.121108 at iter 24
suggestion time taken 0.010804 iter 25 next_points [{'alpha': 0.04862197923155507, 'batch_size': 96, 'beta_1': 0.5113427204694249, 'beta_2': 0.9999855472210801, 'epsilon': 6.63513333015172e-07, 'hidden_layer_sizes': 102, 'learning_rate_init': 4.415046506294503e-05, 'tol': 3.1803425909803716e-05, 'validation_fraction': 0.3001197402523409}]
function_evaluation time 18.181589 value 0.398047 suggestion {'alpha': 0.04862197923155507, 'batch_size': 96, 'beta_1': 0.5113427204694249, 'beta_2': 0.9999855472210801, 'epsilon': 6.63513333015172e-07, 'hidden_layer_sizes': 102, 'learning_rate_init': 4.415046506294503e-05, 'tol': 3.1803425909803716e-05, 'validation_fraction': 0.3001197402523409}
observation time 0.000005, current best 0.121108 at iter 25
suggestion time taken 0.011549 iter 26 next_points [{'alpha': 8.566769731679631, 'batch_size': 201, 'beta_1': 0.9686073965534748, 'beta_2': 0.9974941160366809, 'epsilon': 1.396588935598521e-09, 'hidden_layer_sizes': 143, 'learning_rate_init': 2.8342854403367952e-05, 'tol': 1.9820670149264278e-05, 'validation_fraction': 0.22047734393283325}]
function_evaluation time 6.035704 value 6.669043 suggestion {'alpha': 8.566769731679631, 'batch_size': 201, 'beta_1': 0.9686073965534748, 'beta_2': 0.9974941160366809, 'epsilon': 1.396588935598521e-09, 'hidden_layer_sizes': 143, 'learning_rate_init': 2.8342854403367952e-05, 'tol': 1.9820670149264278e-05, 'validation_fraction': 0.22047734393283325}
observation time 0.000005, current best 0.121108 at iter 26
suggestion time taken 0.010889 iter 27 next_points [{'alpha': 0.6262593252644599, 'batch_size': 234, 'beta_1': 0.9338196301515551, 'beta_2': 0.9987208616299151, 'epsilon': 2.2931450091433875e-08, 'hidden_layer_sizes': 138, 'learning_rate_init': 0.00010983120753441416, 'tol': 0.00023363049785447425, 'validation_fraction': 0.3318415508676909}]
function_evaluation time 10.232062 value 3.422386 suggestion {'alpha': 0.6262593252644599, 'batch_size': 234, 'beta_1': 0.9338196301515551, 'beta_2': 0.9987208616299151, 'epsilon': 2.2931450091433875e-08, 'hidden_layer_sizes': 138, 'learning_rate_init': 0.00010983120753441416, 'tol': 0.00023363049785447425, 'validation_fraction': 0.3318415508676909}
observation time 0.000006, current best 0.121108 at iter 27
suggestion time taken 0.010869 iter 28 next_points [{'alpha': 0.4888761243409905, 'batch_size': 84, 'beta_1': 0.9396169100988454, 'beta_2': 0.999076182936793, 'epsilon': 2.9154074741544822e-08, 'hidden_layer_sizes': 138, 'learning_rate_init': 2.6398602832558862e-05, 'tol': 0.004584546753512509, 'validation_fraction': 0.5449094603821465}]
function_evaluation time 5.956379 value 7.229692 suggestion {'alpha': 0.4888761243409905, 'batch_size': 84, 'beta_1': 0.9396169100988454, 'beta_2': 0.999076182936793, 'epsilon': 2.9154074741544822e-08, 'hidden_layer_sizes': 138, 'learning_rate_init': 2.6398602832558862e-05, 'tol': 0.004584546753512509, 'validation_fraction': 0.5449094603821465}
observation time 0.000005, current best 0.121108 at iter 28
suggestion time taken 0.010832 iter 29 next_points [{'alpha': 0.00026161830569688916, 'batch_size': 121, 'beta_1': 0.820641204846877, 'beta_2': 0.9933133869165046, 'epsilon': 1.517489779165118e-08, 'hidden_layer_sizes': 110, 'learning_rate_init': 0.007864230077912529, 'tol': 0.0008553569755109694, 'validation_fraction': 0.15628510467234913}]
function_evaluation time 2.613073 value 0.141531 suggestion {'alpha': 0.00026161830569688916, 'batch_size': 121, 'beta_1': 0.820641204846877, 'beta_2': 0.9933133869165046, 'epsilon': 1.517489779165118e-08, 'hidden_layer_sizes': 110, 'learning_rate_init': 0.007864230077912529, 'tol': 0.0008553569755109694, 'validation_fraction': 0.15628510467234913}
observation time 0.000004, current best 0.121108 at iter 29
suggestion time taken 0.011558 iter 30 next_points [{'alpha': 0.1055619558841164, 'batch_size': 52, 'beta_1': 0.7545931997578709, 'beta_2': 0.9999733342869264, 'epsilon': 4.9959981907752394e-08, 'hidden_layer_sizes': 82, 'learning_rate_init': 0.06347737983470036, 'tol': 0.0006586345039396002, 'validation_fraction': 0.8996063257807473}]
function_evaluation time 1.850896 value 1.076167 suggestion {'alpha': 0.1055619558841164, 'batch_size': 52, 'beta_1': 0.7545931997578709, 'beta_2': 0.9999733342869264, 'epsilon': 4.9959981907752394e-08, 'hidden_layer_sizes': 82, 'learning_rate_init': 0.06347737983470036, 'tol': 0.0006586345039396002, 'validation_fraction': 0.8996063257807473}
observation time 0.000005, current best 0.121108 at iter 30
suggestion time taken 0.010650 iter 31 next_points [{'alpha': 0.008122932080012944, 'batch_size': 196, 'beta_1': 0.9342188295881433, 'beta_2': 0.999780914031352, 'epsilon': 1.2071308782444316e-08, 'hidden_layer_sizes': 55, 'learning_rate_init': 4.090451362364498e-05, 'tol': 3.157247188793384e-05, 'validation_fraction': 0.20050791181700242}]
/home/ryedida/.local/lib/python3.8/site-packages/sklearn/neural_network/_multilayer_perceptron.py:702: ConvergenceWarning: Stochastic Optimizer: Maximum iterations (200) reached and the optimization hasn't converged yet.
  warnings.warn(

function_evaluation time 7.225724 value 5.845657 suggestion {'alpha': 0.008122932080012944, 'batch_size': 196, 'beta_1': 0.9342188295881433, 'beta_2': 0.999780914031352, 'epsilon': 1.2071308782444316e-08, 'hidden_layer_sizes': 55, 'learning_rate_init': 4.090451362364498e-05, 'tol': 3.157247188793384e-05, 'validation_fraction': 0.20050791181700242}
observation time 0.000005, current best 0.121108 at iter 31
suggestion time taken 0.010681 iter 32 next_points [{'alpha': 0.013279242782723988, 'batch_size': 226, 'beta_1': 0.7938650976268232, 'beta_2': 0.999555993414058, 'epsilon': 2.2129640653602774e-08, 'hidden_layer_sizes': 98, 'learning_rate_init': 0.018097224969941882, 'tol': 0.018150530326471064, 'validation_fraction': 0.312202372281509}]
function_evaluation time 1.161401 value 0.155741 suggestion {'alpha': 0.013279242782723988, 'batch_size': 226, 'beta_1': 0.7938650976268232, 'beta_2': 0.999555993414058, 'epsilon': 2.2129640653602774e-08, 'hidden_layer_sizes': 98, 'learning_rate_init': 0.018097224969941882, 'tol': 0.018150530326471064, 'validation_fraction': 0.312202372281509}
observation time 0.000006, current best 0.121108 at iter 32
suggestion time taken 0.010709 iter 33 next_points [{'alpha': 0.04898214940782579, 'batch_size': 105, 'beta_1': 0.9143755619690344, 'beta_2': 0.9999642229701631, 'epsilon': 8.504053726892823e-09, 'hidden_layer_sizes': 166, 'learning_rate_init': 0.0005120602490317375, 'tol': 8.991579232051372e-05, 'validation_fraction': 0.493026930681491}]
function_evaluation time 6.346805 value 0.168535 suggestion {'alpha': 0.04898214940782579, 'batch_size': 105, 'beta_1': 0.9143755619690344, 'beta_2': 0.9999642229701631, 'epsilon': 8.504053726892823e-09, 'hidden_layer_sizes': 166, 'learning_rate_init': 0.0005120602490317375, 'tol': 8.991579232051372e-05, 'validation_fraction': 0.493026930681491}
observation time 0.000005, current best 0.121108 at iter 33
suggestion time taken 0.010784 iter 34 next_points [{'alpha': 0.0005343862103404872, 'batch_size': 90, 'beta_1': 0.9367225207578158, 'beta_2': 0.9999675941284668, 'epsilon': 2.904888784030677e-07, 'hidden_layer_sizes': 176, 'learning_rate_init': 0.0007942057238183021, 'tol': 1.1668482696721482e-05, 'validation_fraction': 0.21866942751648158}]
function_evaluation time 4.517086 value 0.153222 suggestion {'alpha': 0.0005343862103404872, 'batch_size': 90, 'beta_1': 0.9367225207578158, 'beta_2': 0.9999675941284668, 'epsilon': 2.904888784030677e-07, 'hidden_layer_sizes': 176, 'learning_rate_init': 0.0007942057238183021, 'tol': 1.1668482696721482e-05, 'validation_fraction': 0.21866942751648158}
observation time 0.000005, current best 0.121108 at iter 34
suggestion time taken 0.011474 iter 35 next_points [{'alpha': 6.661252394304618e-05, 'batch_size': 49, 'beta_1': 0.7758364781917901, 'beta_2': 0.9999970739519979, 'epsilon': 2.8224480377932872e-08, 'hidden_layer_sizes': 104, 'learning_rate_init': 0.0001781082271944711, 'tol': 0.038119051754236036, 'validation_fraction': 0.3782207715816881}]
function_evaluation time 3.050335 value 0.566124 suggestion {'alpha': 6.661252394304618e-05, 'batch_size': 49, 'beta_1': 0.7758364781917901, 'beta_2': 0.9999970739519979, 'epsilon': 2.8224480377932872e-08, 'hidden_layer_sizes': 104, 'learning_rate_init': 0.0001781082271944711, 'tol': 0.038119051754236036, 'validation_fraction': 0.3782207715816881}
observation time 0.000006, current best 0.121108 at iter 35
suggestion time taken 0.010669 iter 36 next_points [{'alpha': 0.0011988736169478882, 'batch_size': 32, 'beta_1': 0.9520353015409012, 'beta_2': 0.99917215863686, 'epsilon': 7.046747408063606e-07, 'hidden_layer_sizes': 136, 'learning_rate_init': 0.009461684739344363, 'tol': 0.0034867875129589603, 'validation_fraction': 0.33064651828222996}]
function_evaluation time 4.108845 value 0.114370 suggestion {'alpha': 0.0011988736169478882, 'batch_size': 32, 'beta_1': 0.9520353015409012, 'beta_2': 0.99917215863686, 'epsilon': 7.046747408063606e-07, 'hidden_layer_sizes': 136, 'learning_rate_init': 0.009461684739344363, 'tol': 0.0034867875129589603, 'validation_fraction': 0.33064651828222996}
observation time 0.000005, current best 0.114370 at iter 36
suggestion time taken 0.018874 iter 37 next_points [{'alpha': 4.441809270027874, 'batch_size': 49, 'beta_1': 0.9219986376037946, 'beta_2': 0.9514346366770372, 'epsilon': 8.41981558886296e-08, 'hidden_layer_sizes': 187, 'learning_rate_init': 0.00021114204797008707, 'tol': 0.01946040883085562, 'validation_fraction': 0.15560820387144045}]
function_evaluation time 4.580221 value 0.171042 suggestion {'alpha': 4.441809270027874, 'batch_size': 49, 'beta_1': 0.9219986376037946, 'beta_2': 0.9514346366770372, 'epsilon': 8.41981558886296e-08, 'hidden_layer_sizes': 187, 'learning_rate_init': 0.00021114204797008707, 'tol': 0.01946040883085562, 'validation_fraction': 0.15560820387144045}
observation time 0.000006, current best 0.114370 at iter 37
suggestion time taken 0.010686 iter 38 next_points [{'alpha': 0.04437338406548843, 'batch_size': 112, 'beta_1': 0.5132867898840962, 'beta_2': 0.9998669811634118, 'epsilon': 4.84218417920793e-07, 'hidden_layer_sizes': 155, 'learning_rate_init': 3.889067837646557e-05, 'tol': 0.03373947883296809, 'validation_fraction': 0.30145370757837586}]
function_evaluation time 1.489048 value 5.518280 suggestion {'alpha': 0.04437338406548843, 'batch_size': 112, 'beta_1': 0.5132867898840962, 'beta_2': 0.9998669811634118, 'epsilon': 4.84218417920793e-07, 'hidden_layer_sizes': 155, 'learning_rate_init': 3.889067837646557e-05, 'tol': 0.03373947883296809, 'validation_fraction': 0.30145370757837586}
observation time 0.000006, current best 0.114370 at iter 38
suggestion time taken 0.010632 iter 39 next_points [{'alpha': 4.376629282313676e-05, 'batch_size': 34, 'beta_1': 0.9477956011216206, 'beta_2': 0.9999976953434454, 'epsilon': 4.097728207681604e-09, 'hidden_layer_sizes': 82, 'learning_rate_init': 0.0005463134069053264, 'tol': 0.0011559024328781499, 'validation_fraction': 0.8963105754528451}]
function_evaluation time 4.160723 value 0.553850 suggestion {'alpha': 4.376629282313676e-05, 'batch_size': 34, 'beta_1': 0.9477956011216206, 'beta_2': 0.9999976953434454, 'epsilon': 4.097728207681604e-09, 'hidden_layer_sizes': 82, 'learning_rate_init': 0.0005463134069053264, 'tol': 0.0011559024328781499, 'validation_fraction': 0.8963105754528451}
observation time 0.000005, current best 0.114370 at iter 39
suggestion time taken 0.010698 iter 40 next_points [{'alpha': 0.00012835781034998138, 'batch_size': 25, 'beta_1': 0.7241523014273614, 'beta_2': 0.9534493333709361, 'epsilon': 4.5600176117038135e-07, 'hidden_layer_sizes': 184, 'learning_rate_init': 0.004380129490516107, 'tol': 0.00013988785106521136, 'validation_fraction': 0.2627629054611499}]
function_evaluation time 8.568248 value 0.144630 suggestion {'alpha': 0.00012835781034998138, 'batch_size': 25, 'beta_1': 0.7241523014273614, 'beta_2': 0.9534493333709361, 'epsilon': 4.5600176117038135e-07, 'hidden_layer_sizes': 184, 'learning_rate_init': 0.004380129490516107, 'tol': 0.00013988785106521136, 'validation_fraction': 0.2627629054611499}
observation time 0.000005, current best 0.114370 at iter 40
suggestion time taken 0.010925 iter 41 next_points [{'alpha': 1.4236815494428452, 'batch_size': 121, 'beta_1': 0.9244544338174049, 'beta_2': 0.9818248194751175, 'epsilon': 8.654515410394002e-09, 'hidden_layer_sizes': 133, 'learning_rate_init': 0.00013160671447427945, 'tol': 4.146432081621836e-05, 'validation_fraction': 0.28130228864231255}]
function_evaluation time 10.368870 value 0.159650 suggestion {'alpha': 1.4236815494428452, 'batch_size': 121, 'beta_1': 0.9244544338174049, 'beta_2': 0.9818248194751175, 'epsilon': 8.654515410394002e-09, 'hidden_layer_sizes': 133, 'learning_rate_init': 0.00013160671447427945, 'tol': 4.146432081621836e-05, 'validation_fraction': 0.28130228864231255}
observation time 0.000004, current best 0.114370 at iter 41
suggestion time taken 0.010577 iter 42 next_points [{'alpha': 0.12931590758356312, 'batch_size': 15, 'beta_1': 0.9418856461872458, 'beta_2': 0.9999202832893637, 'epsilon': 1.6850524418423395e-07, 'hidden_layer_sizes': 92, 'learning_rate_init': 0.0031395227441290184, 'tol': 0.000704381878550486, 'validation_fraction': 0.1546366928369797}]
function_evaluation time 9.722238 value 0.103500 suggestion {'alpha': 0.12931590758356312, 'batch_size': 15, 'beta_1': 0.9418856461872458, 'beta_2': 0.9999202832893637, 'epsilon': 1.6850524418423395e-07, 'hidden_layer_sizes': 92, 'learning_rate_init': 0.0031395227441290184, 'tol': 0.000704381878550486, 'validation_fraction': 0.1546366928369797}
observation time 0.000005, current best 0.103500 at iter 42
suggestion time taken 0.012722 iter 43 next_points [{'alpha': 0.016158681396422386, 'batch_size': 110, 'beta_1': 0.5367745636840778, 'beta_2': 0.9942167313153942, 'epsilon': 4.782952949315899e-07, 'hidden_layer_sizes': 160, 'learning_rate_init': 2.51536227918e-05, 'tol': 0.03229586659298535, 'validation_fraction': 0.2579041082933937}]
function_evaluation time 1.473750 value 6.017266 suggestion {'alpha': 0.016158681396422386, 'batch_size': 110, 'beta_1': 0.5367745636840778, 'beta_2': 0.9942167313153942, 'epsilon': 4.782952949315899e-07, 'hidden_layer_sizes': 160, 'learning_rate_init': 2.51536227918e-05, 'tol': 0.03229586659298535, 'validation_fraction': 0.2579041082933937}
observation time 0.000005, current best 0.103500 at iter 43
suggestion time taken 0.010795 iter 44 next_points [{'alpha': 0.002302230894732099, 'batch_size': 46, 'beta_1': 0.9388566028152149, 'beta_2': 0.9752461803531459, 'epsilon': 4.0445436457553866e-08, 'hidden_layer_sizes': 100, 'learning_rate_init': 4.7994241738388606e-05, 'tol': 0.054953672793872164, 'validation_fraction': 0.35521776091419505}]
function_evaluation time 1.755291 value 4.001554 suggestion {'alpha': 0.002302230894732099, 'batch_size': 46, 'beta_1': 0.9388566028152149, 'beta_2': 0.9752461803531459, 'epsilon': 4.0445436457553866e-08, 'hidden_layer_sizes': 100, 'learning_rate_init': 4.7994241738388606e-05, 'tol': 0.054953672793872164, 'validation_fraction': 0.35521776091419505}
observation time 0.000005, current best 0.103500 at iter 44
saving meta data: {'args': {'--uuid': 'f08c990da413599f9e884ac17dafc38a', '-db-root': '/home/ryedida/bbo_challenge_starter_kit/output', '--opt-root': '/home/ryedida/bbo_challenge_starter_kit/example_submissions', '--data-root': None, '--db': 'run_20231013_221308', '--opt': 'random', '--data': 'digits', '--classifier': 'MLP-adam', '--metric': 'nll', '--calls': 45, '--suggestions': 1, '--jobs-file': None, '--verbose': False, 'dry_run': False, 'rev': 'a376313', 'opt_rev': '0.0.8'}, 'signature': ([{'alpha': 0.019628224813442792, 'batch_size': 182, 'beta_1': 0.9410202200271762, 'beta_2': 0.9998021557676793, 'epsilon': 1.8662266976518e-08, 'hidden_layer_sizes': 147, 'learning_rate_init': 0.0005627932047415167, 'tol': 0.03690557729213761, 'validation_fraction': 0.8846827852548593}, {'alpha': 0.001998246739232944, 'batch_size': 200, 'beta_1': 0.919111482530466, 'beta_2': 0.9998488260436156, 'epsilon': 5.981221901152555e-07, 'hidden_layer_sizes': 61, 'learning_rate_init': 2.2310905607443014e-05, 'tol': 1.2046852412030316e-05, 'validation_fraction': 0.8117896445826539}, {'alpha': 0.46659545670218433, 'batch_size': 219, 'beta_1': 0.9889789783750891, 'beta_2': 0.9999896868093284, 'epsilon': 2.4234724484675948e-08, 'hidden_layer_sizes': 167, 'learning_rate_init': 2.972334644335654e-05, 'tol': 0.0036281404040243792, 'validation_fraction': 0.17260651658522078}, {'alpha': 4.656005689076002, 'batch_size': 135, 'beta_1': 0.870503881627747, 'beta_2': 0.9948873266941017, 'epsilon': 2.1023308743480125e-07, 'hidden_layer_sizes': 118, 'learning_rate_init': 0.001878173875716191, 'tol': 1.1889379831773006e-05, 'validation_fraction': 0.6264327093752792}, {'alpha': 0.04705159350400542, 'batch_size': 158, 'beta_1': 0.9870884262730957, 'beta_2': 0.9999596874382349, 'epsilon': 1.1981845126013875e-08, 'hidden_layer_sizes': 116, 'learning_rate_init': 0.006173405204074311, 'tol': 1.7414134181586194e-05, 'validation_fraction': 0.6754299026638921}], [4.8709522768835765, 9.710667750887517, 5.950791832993735, 0.19438427080405424, 0.25190216699945633])}
saving results
saving timing
saving suggest log
done
