running: {'--uuid': 'f15b874595df5821b99dd7a0cacf5454', '-db-root': '/home/ryedida/bbo_challenge_starter_kit/output', '--opt-root': '/home/ryedida/bbo_challenge_starter_kit/example_submissions', '--data-root': None, '--db': 'run_20231013_221308', '--opt': 'strongcvx', '--data': 'digits', '--classifier': 'MLP-adam', '--metric': 'acc', '--calls': 45, '--suggestions': 1, '--jobs-file': None, '--verbose': False, 'dry_run': False, 'rev': 'a376313', 'opt_rev': 'x.x.x'}
cmd: python strongcvx/optimizer.py -c MLP-adam -d digits -o strongcvx -u f15b874595df5821b99dd7a0cacf5454 -m acc -n 45 -p 1 -dir /home/ryedida/bbo_challenge_starter_kit/output -b run_20231013_221308
/home/ryedida/.local/lib/python3.8/site-packages/sklearn/neural_network/_multilayer_perceptron.py:621: UserWarning: Got `batch_size` less than 1 or larger than sample size. It is going to be clipped
  warnings.warn(

/home/ryedida/.local/lib/python3.8/site-packages/sklearn/neural_network/_multilayer_perceptron.py:702: ConvergenceWarning: Stochastic Optimizer: Maximum iterations (200) reached and the optimization hasn't converged yet.
  warnings.warn(

computed signature: ([{'alpha': 0.019628224813442792, 'batch_size': 182, 'beta_1': 0.9410202200271762, 'beta_2': 0.9998021557676793, 'epsilon': 1.8662266976518e-08, 'hidden_layer_sizes': 147, 'learning_rate_init': 0.0005627932047415167, 'tol': 0.03690557729213761, 'validation_fraction': 0.8846827852548593}, {'alpha': 0.001998246739232944, 'batch_size': 200, 'beta_1': 0.919111482530466, 'beta_2': 0.9998488260436156, 'epsilon': 5.981221901152555e-07, 'hidden_layer_sizes': 61, 'learning_rate_init': 2.2310905607443014e-05, 'tol': 1.2046852412030316e-05, 'validation_fraction': 0.8117896445826539}, {'alpha': 0.46659545670218433, 'batch_size': 219, 'beta_1': 0.9889789783750891, 'beta_2': 0.9999896868093284, 'epsilon': 2.4234724484675948e-08, 'hidden_layer_sizes': 167, 'learning_rate_init': 2.972334644335654e-05, 'tol': 0.0036281404040243792, 'validation_fraction': 0.17260651658522078}, {'alpha': 4.656005689076002, 'batch_size': 135, 'beta_1': 0.870503881627747, 'beta_2': 0.9948873266941017, 'epsilon': 2.1023308743480125e-07, 'hidden_layer_sizes': 118, 'learning_rate_init': 0.001878173875716191, 'tol': 1.1889379831773006e-05, 'validation_fraction': 0.6264327093752792}, {'alpha': 0.04705159350400542, 'batch_size': 158, 'beta_1': 0.9870884262730957, 'beta_2': 0.9999596874382349, 'epsilon': 1.1981845126013875e-08, 'hidden_layer_sizes': 116, 'learning_rate_init': 0.006173405204074311, 'tol': 1.7414134181586194e-05, 'validation_fraction': 0.6754299026638921}], [-0.21081107239643826, -0.1295489740611692, -0.27999177313201706, -0.9422522260936896, -0.9332050909794812])
/home/ryedida/.local/lib/python3.8/site-packages/bayesmark/experiment.py:470: UserWarning: Baselines not found. Will not log intermediate scores.
  warnings.warn("Baselines not found. Will not log intermediate scores.")

starting sklearn study strongcvx MLP-adam digits acc 45 1
with data root: None
suggestion time taken 19.504796 iter 0 next_points [{'alpha': 1.5037982811149868, 'batch_size': 35, 'beta_1': 0.6244248036399609, 'beta_2': 0.9999972149572744, 'epsilon': 6.083849329661434e-07, 'hidden_layer_sizes': 103, 'learning_rate_init': 0.0010674198749387246, 'tol': 0.0001612346152876322, 'validation_fraction': 0.23352901189580932}]
function_evaluation time 10.267889 value -0.966601 suggestion {'alpha': 1.5037982811149868, 'batch_size': 35, 'beta_1': 0.6244248036399609, 'beta_2': 0.9999972149572744, 'epsilon': 6.083849329661434e-07, 'hidden_layer_sizes': 103, 'learning_rate_init': 0.0010674198749387246, 'tol': 0.0001612346152876322, 'validation_fraction': 0.23352901189580932}
observation time 0.000006, current best -0.966601 at iter 0
suggestion time taken 18.941599 iter 1 next_points [{'alpha': 1.0419275565413835, 'batch_size': 53, 'beta_1': 0.9315907083903301, 'beta_2': 0.9920281787494935, 'epsilon': 1.7765752590646627e-09, 'hidden_layer_sizes': 116, 'learning_rate_init': 1.2563838775626678e-05, 'tol': 0.00024069939238204283, 'validation_fraction': 0.11403344884207264}]
function_evaluation time 25.170888 value -0.525506 suggestion {'alpha': 1.0419275565413835, 'batch_size': 53, 'beta_1': 0.9315907083903301, 'beta_2': 0.9920281787494935, 'epsilon': 1.7765752590646627e-09, 'hidden_layer_sizes': 116, 'learning_rate_init': 1.2563838775626678e-05, 'tol': 0.00024069939238204283, 'validation_fraction': 0.11403344884207264}
observation time 0.000006, current best -0.966601 at iter 1
suggestion time taken 18.957965 iter 2 next_points [{'alpha': 0.7152974072321822, 'batch_size': 68, 'beta_1': 0.9822689641763406, 'beta_2': 0.9230251659538662, 'epsilon': 7.0508169346607885e-09, 'hidden_layer_sizes': 165, 'learning_rate_init': 0.007652577714607812, 'tol': 0.00032325818243474053, 'validation_fraction': 0.12456392283867292}]
function_evaluation time 4.031162 value -0.956160 suggestion {'alpha': 0.7152974072321822, 'batch_size': 68, 'beta_1': 0.9822689641763406, 'beta_2': 0.9230251659538662, 'epsilon': 7.0508169346607885e-09, 'hidden_layer_sizes': 165, 'learning_rate_init': 0.007652577714607812, 'tol': 0.00032325818243474053, 'validation_fraction': 0.12456392283867292}
observation time 0.000008, current best -0.966601 at iter 2
suggestion time taken 20.463490 iter 3 next_points [{'alpha': 0.0001285038841137413, 'batch_size': 11, 'beta_1': 0.7228875156860287, 'beta_2': 0.999729401722805, 'epsilon': 1.2607578592066923e-08, 'hidden_layer_sizes': 90, 'learning_rate_init': 0.00016592703396615865, 'tol': 8.359543706497707e-05, 'validation_fraction': 0.7694400254016643}]
function_evaluation time 27.191983 value -0.906049 suggestion {'alpha': 0.0001285038841137413, 'batch_size': 11, 'beta_1': 0.7228875156860287, 'beta_2': 0.999729401722805, 'epsilon': 1.2607578592066923e-08, 'hidden_layer_sizes': 90, 'learning_rate_init': 0.00016592703396615865, 'tol': 8.359543706497707e-05, 'validation_fraction': 0.7694400254016643}
observation time 0.000007, current best -0.966601 at iter 3
suggestion time taken 19.863336 iter 4 next_points [{'alpha': 0.043200181521403945, 'batch_size': 11, 'beta_1': 0.9828295066336572, 'beta_2': 0.9993224796050204, 'epsilon': 8.078869452390993e-09, 'hidden_layer_sizes': 81, 'learning_rate_init': 6.389142688603678e-05, 'tol': 0.0030370325931089806, 'validation_fraction': 0.41154306332931906}]
function_evaluation time 29.539262 value -0.923444 suggestion {'alpha': 0.043200181521403945, 'batch_size': 11, 'beta_1': 0.9828295066336572, 'beta_2': 0.9993224796050204, 'epsilon': 8.078869452390993e-09, 'hidden_layer_sizes': 81, 'learning_rate_init': 6.389142688603678e-05, 'tol': 0.0030370325931089806, 'validation_fraction': 0.41154306332931906}
observation time 0.000007, current best -0.966601 at iter 4
suggestion time taken 19.831072 iter 5 next_points [{'alpha': 1.592128004800515, 'batch_size': 239, 'beta_1': 0.9683623570118461, 'beta_2': 0.9969371801360134, 'epsilon': 8.583536343348956e-07, 'hidden_layer_sizes': 160, 'learning_rate_init': 0.00017585379569305424, 'tol': 0.0008273801864639788, 'validation_fraction': 0.6868479978475922}]
function_evaluation time 7.682093 value -0.605529 suggestion {'alpha': 1.592128004800515, 'batch_size': 239, 'beta_1': 0.9683623570118461, 'beta_2': 0.9969371801360134, 'epsilon': 8.583536343348956e-07, 'hidden_layer_sizes': 160, 'learning_rate_init': 0.00017585379569305424, 'tol': 0.0008273801864639788, 'validation_fraction': 0.6868479978475922}
observation time 0.000008, current best -0.966601 at iter 5
suggestion time taken 20.358634 iter 6 next_points [{'alpha': 4.889873870130659e-05, 'batch_size': 11, 'beta_1': 0.9732991563714176, 'beta_2': 0.945206822226993, 'epsilon': 4.008987916938382e-09, 'hidden_layer_sizes': 79, 'learning_rate_init': 0.03391406618409942, 'tol': 0.019572050892521214, 'validation_fraction': 0.2043972701688164}]
function_evaluation time 11.957903 value -0.893535 suggestion {'alpha': 4.889873870130659e-05, 'batch_size': 11, 'beta_1': 0.9732991563714176, 'beta_2': 0.945206822226993, 'epsilon': 4.008987916938382e-09, 'hidden_layer_sizes': 79, 'learning_rate_init': 0.03391406618409942, 'tol': 0.019572050892521214, 'validation_fraction': 0.2043972701688164}
observation time 0.000019, current best -0.966601 at iter 6
suggestion time taken 19.962781 iter 7 next_points [{'alpha': 3.575057320210195e-05, 'batch_size': 95, 'beta_1': 0.9756288507728808, 'beta_2': 0.9999608741909457, 'epsilon': 1.0382385548626442e-09, 'hidden_layer_sizes': 58, 'learning_rate_init': 0.07032605428478073, 'tol': 1.340653453267077e-05, 'validation_fraction': 0.10959240877191907}]
function_evaluation time 4.684245 value -0.408752 suggestion {'alpha': 3.575057320210195e-05, 'batch_size': 95, 'beta_1': 0.9756288507728808, 'beta_2': 0.9999608741909457, 'epsilon': 1.0382385548626442e-09, 'hidden_layer_sizes': 58, 'learning_rate_init': 0.07032605428478073, 'tol': 1.340653453267077e-05, 'validation_fraction': 0.10959240877191907}
observation time 0.000006, current best -0.966601 at iter 7
suggestion time taken 20.851715 iter 8 next_points [{'alpha': 0.37263643368650584, 'batch_size': 35, 'beta_1': 0.5733113387994109, 'beta_2': 0.985282703178969, 'epsilon': 6.822827777825348e-09, 'hidden_layer_sizes': 150, 'learning_rate_init': 0.001150341498332787, 'tol': 5.8905954279559235e-05, 'validation_fraction': 0.2789493504740199}]
function_evaluation time 8.191082 value -0.967293 suggestion {'alpha': 0.37263643368650584, 'batch_size': 35, 'beta_1': 0.5733113387994109, 'beta_2': 0.985282703178969, 'epsilon': 6.822827777825348e-09, 'hidden_layer_sizes': 150, 'learning_rate_init': 0.001150341498332787, 'tol': 5.8905954279559235e-05, 'validation_fraction': 0.2789493504740199}
observation time 0.000007, current best -0.967293 at iter 8
suggestion time taken 20.001560 iter 9 next_points [{'alpha': 2.1968948164226028, 'batch_size': 41, 'beta_1': 0.7582457062538879, 'beta_2': 0.9999893939614574, 'epsilon': 2.631633307021469e-08, 'hidden_layer_sizes': 154, 'learning_rate_init': 7.879393827993404e-05, 'tol': 1.1646581186425602e-05, 'validation_fraction': 0.27505304103276684}]
function_evaluation time 19.194124 value -0.934599 suggestion {'alpha': 2.1968948164226028, 'batch_size': 41, 'beta_1': 0.7582457062538879, 'beta_2': 0.9999893939614574, 'epsilon': 2.631633307021469e-08, 'hidden_layer_sizes': 154, 'learning_rate_init': 7.879393827993404e-05, 'tol': 1.1646581186425602e-05, 'validation_fraction': 0.27505304103276684}
observation time 0.000007, current best -0.967293 at iter 9
suggestion time taken 19.608743 iter 10 next_points [{'alpha': 2.6678079054987784e-05, 'batch_size': 57, 'beta_1': 0.8429483491110766, 'beta_2': 0.9999640228538754, 'epsilon': 9.99991656191169e-09, 'hidden_layer_sizes': 59, 'learning_rate_init': 2.6552271006583788e-05, 'tol': 3.5002809701750325e-05, 'validation_fraction': 0.817374646137766}]
/home/ryedida/.local/lib/python3.8/site-packages/sklearn/neural_network/_multilayer_perceptron.py:702: ConvergenceWarning: Stochastic Optimizer: Maximum iterations (200) reached and the optimization hasn't converged yet.
  warnings.warn(

function_evaluation time 7.452631 value -0.224090 suggestion {'alpha': 2.6678079054987784e-05, 'batch_size': 57, 'beta_1': 0.8429483491110766, 'beta_2': 0.9999640228538754, 'epsilon': 9.99991656191169e-09, 'hidden_layer_sizes': 59, 'learning_rate_init': 2.6552271006583788e-05, 'tol': 3.5002809701750325e-05, 'validation_fraction': 0.817374646137766}
observation time 0.000006, current best -0.967293 at iter 10
suggestion time taken 20.713286 iter 11 next_points [{'alpha': 0.014470037333964987, 'batch_size': 35, 'beta_1': 0.9796793356704661, 'beta_2': 0.9999978830004637, 'epsilon': 4.2726471619336764e-09, 'hidden_layer_sizes': 156, 'learning_rate_init': 2.345854276433907e-05, 'tol': 0.0007766618070372775, 'validation_fraction': 0.27476998523847307}]
function_evaluation time 35.374020 value -0.886564 suggestion {'alpha': 0.014470037333964987, 'batch_size': 35, 'beta_1': 0.9796793356704661, 'beta_2': 0.9999978830004637, 'epsilon': 4.2726471619336764e-09, 'hidden_layer_sizes': 156, 'learning_rate_init': 2.345854276433907e-05, 'tol': 0.0007766618070372775, 'validation_fraction': 0.27476998523847307}
observation time 0.000009, current best -0.967293 at iter 11
suggestion time taken 19.749796 iter 12 next_points [{'alpha': 0.09094573462685389, 'batch_size': 41, 'beta_1': 0.981472585863018, 'beta_2': 0.9637859160420432, 'epsilon': 2.0386048149296235e-09, 'hidden_layer_sizes': 76, 'learning_rate_init': 1.8338785762126727e-05, 'tol': 0.000199749488712603, 'validation_fraction': 0.19145060483218101}]
function_evaluation time 24.816003 value -0.725612 suggestion {'alpha': 0.09094573462685389, 'batch_size': 41, 'beta_1': 0.981472585863018, 'beta_2': 0.9637859160420432, 'epsilon': 2.0386048149296235e-09, 'hidden_layer_sizes': 76, 'learning_rate_init': 1.8338785762126727e-05, 'tol': 0.000199749488712603, 'validation_fraction': 0.19145060483218101}
observation time 0.000007, current best -0.967293 at iter 12
suggestion time taken 19.718254 iter 13 next_points [{'alpha': 3.7329034289210092, 'batch_size': 239, 'beta_1': 0.9357107234683534, 'beta_2': 0.9995214503439331, 'epsilon': 2.565229802563254e-08, 'hidden_layer_sizes': 57, 'learning_rate_init': 0.0005790502000123856, 'tol': 2.217048162875378e-05, 'validation_fraction': 0.6127350336877903}]
function_evaluation time 7.448047 value -0.912316 suggestion {'alpha': 3.7329034289210092, 'batch_size': 239, 'beta_1': 0.9357107234683534, 'beta_2': 0.9995214503439331, 'epsilon': 2.565229802563254e-08, 'hidden_layer_sizes': 57, 'learning_rate_init': 0.0005790502000123856, 'tol': 2.217048162875378e-05, 'validation_fraction': 0.6127350336877903}
observation time 0.000006, current best -0.967293 at iter 13
suggestion time taken 19.837152 iter 14 next_points [{'alpha': 0.18673732425925707, 'batch_size': 239, 'beta_1': 0.5864223944221116, 'beta_2': 0.9999984239459073, 'epsilon': 7.990617190909603e-09, 'hidden_layer_sizes': 174, 'learning_rate_init': 0.0021998105766618623, 'tol': 4.091071082206576e-05, 'validation_fraction': 0.2203690993994785}]
function_evaluation time 3.633012 value -0.956168 suggestion {'alpha': 0.18673732425925707, 'batch_size': 239, 'beta_1': 0.5864223944221116, 'beta_2': 0.9999984239459073, 'epsilon': 7.990617190909603e-09, 'hidden_layer_sizes': 174, 'learning_rate_init': 0.0021998105766618623, 'tol': 4.091071082206576e-05, 'validation_fraction': 0.2203690993994785}
observation time 0.000006, current best -0.967293 at iter 14
suggestion time taken 22.327024 iter 15 next_points [{'alpha': 0.012767701165335302, 'batch_size': 35, 'beta_1': 0.7854531265139976, 'beta_2': 0.9924165251201951, 'epsilon': 1.1798809791310547e-07, 'hidden_layer_sizes': 107, 'learning_rate_init': 0.0027166595271255365, 'tol': 0.0009211507745896918, 'validation_fraction': 0.21583540658850905}]
function_evaluation time 6.204479 value -0.963112 suggestion {'alpha': 0.012767701165335302, 'batch_size': 35, 'beta_1': 0.7854531265139976, 'beta_2': 0.9924165251201951, 'epsilon': 1.1798809791310547e-07, 'hidden_layer_sizes': 107, 'learning_rate_init': 0.0027166595271255365, 'tol': 0.0009211507745896918, 'validation_fraction': 0.21583540658850905}
observation time 0.000006, current best -0.967293 at iter 15
suggestion time taken 19.857445 iter 16 next_points [{'alpha': 0.0069253523759425385, 'batch_size': 13, 'beta_1': 0.5816491706719956, 'beta_2': 0.9987166122149691, 'epsilon': 2.938191812228936e-09, 'hidden_layer_sizes': 63, 'learning_rate_init': 0.002054523080263483, 'tol': 0.003333898251211197, 'validation_fraction': 0.5081719522703815}]
function_evaluation time 7.756266 value -0.945040 suggestion {'alpha': 0.0069253523759425385, 'batch_size': 13, 'beta_1': 0.5816491706719956, 'beta_2': 0.9987166122149691, 'epsilon': 2.938191812228936e-09, 'hidden_layer_sizes': 63, 'learning_rate_init': 0.002054523080263483, 'tol': 0.003333898251211197, 'validation_fraction': 0.5081719522703815}
observation time 0.000005, current best -0.967293 at iter 16
suggestion time taken 20.650771 iter 17 next_points [{'alpha': 0.5712795457314153, 'batch_size': 21, 'beta_1': 0.956675631016416, 'beta_2': 0.9996012154228286, 'epsilon': 5.706300045084079e-07, 'hidden_layer_sizes': 69, 'learning_rate_init': 2.4585512960132906e-05, 'tol': 0.001656036151455088, 'validation_fraction': 0.6994003184991486}]
/home/ryedida/.local/lib/python3.8/site-packages/sklearn/neural_network/_multilayer_perceptron.py:702: ConvergenceWarning: Stochastic Optimizer: Maximum iterations (200) reached and the optimization hasn't converged yet.
  warnings.warn(

function_evaluation time 14.267770 value -0.392122 suggestion {'alpha': 0.5712795457314153, 'batch_size': 21, 'beta_1': 0.956675631016416, 'beta_2': 0.9996012154228286, 'epsilon': 5.706300045084079e-07, 'hidden_layer_sizes': 69, 'learning_rate_init': 2.4585512960132906e-05, 'tol': 0.001656036151455088, 'validation_fraction': 0.6994003184991486}
observation time 0.000005, current best -0.967293 at iter 17
suggestion time taken 20.572406 iter 18 next_points [{'alpha': 0.0017913867094132316, 'batch_size': 205, 'beta_1': 0.9554537072794188, 'beta_2': 0.9999466756899437, 'epsilon': 2.645202844680817e-08, 'hidden_layer_sizes': 165, 'learning_rate_init': 0.005641666503763961, 'tol': 0.022765371727049406, 'validation_fraction': 0.2408418831409592}]
function_evaluation time 1.807599 value -0.963819 suggestion {'alpha': 0.0017913867094132316, 'batch_size': 205, 'beta_1': 0.9554537072794188, 'beta_2': 0.9999466756899437, 'epsilon': 2.645202844680817e-08, 'hidden_layer_sizes': 165, 'learning_rate_init': 0.005641666503763961, 'tol': 0.022765371727049406, 'validation_fraction': 0.2408418831409592}
observation time 0.000006, current best -0.967293 at iter 18
suggestion time taken 19.914346 iter 19 next_points [{'alpha': 0.00685612550439458, 'batch_size': 179, 'beta_1': 0.5286574163860212, 'beta_2': 0.9789676783480687, 'epsilon': 7.789404794324065e-08, 'hidden_layer_sizes': 53, 'learning_rate_init': 0.00013705756571975592, 'tol': 0.0008681931691455934, 'validation_fraction': 0.3206536257907241}]
function_evaluation time 11.995550 value -0.772781 suggestion {'alpha': 0.00685612550439458, 'batch_size': 179, 'beta_1': 0.5286574163860212, 'beta_2': 0.9789676783480687, 'epsilon': 7.789404794324065e-08, 'hidden_layer_sizes': 53, 'learning_rate_init': 0.00013705756571975592, 'tol': 0.0008681931691455934, 'validation_fraction': 0.3206536257907241}
observation time 0.000006, current best -0.967293 at iter 19
suggestion time taken 20.675269 iter 20 next_points [{'alpha': 0.00011919593187294765, 'batch_size': 26, 'beta_1': 0.9655328898286607, 'beta_2': 0.9534019532934342, 'epsilon': 1.275766632860346e-08, 'hidden_layer_sizes': 54, 'learning_rate_init': 2.53482870333167e-05, 'tol': 0.03417721385283511, 'validation_fraction': 0.8806879108838714}]
function_evaluation time 0.784978 value -0.112786 suggestion {'alpha': 0.00011919593187294765, 'batch_size': 26, 'beta_1': 0.9655328898286607, 'beta_2': 0.9534019532934342, 'epsilon': 1.275766632860346e-08, 'hidden_layer_sizes': 54, 'learning_rate_init': 2.53482870333167e-05, 'tol': 0.03417721385283511, 'validation_fraction': 0.8806879108838714}
observation time 0.000007, current best -0.967293 at iter 20
suggestion time taken 19.519226 iter 21 next_points [{'alpha': 0.029903971331943776, 'batch_size': 238, 'beta_1': 0.6286396009071499, 'beta_2': 0.9981748426876702, 'epsilon': 1.9486844718838783e-07, 'hidden_layer_sizes': 113, 'learning_rate_init': 0.028144902001818725, 'tol': 0.00023677610351477128, 'validation_fraction': 0.8102667571089724}]
function_evaluation time 1.841930 value -0.911624 suggestion {'alpha': 0.029903971331943776, 'batch_size': 238, 'beta_1': 0.6286396009071499, 'beta_2': 0.9981748426876702, 'epsilon': 1.9486844718838783e-07, 'hidden_layer_sizes': 113, 'learning_rate_init': 0.028144902001818725, 'tol': 0.00023677610351477128, 'validation_fraction': 0.8102667571089724}
observation time 0.000008, current best -0.967293 at iter 21
suggestion time taken 19.780784 iter 22 next_points [{'alpha': 1.4904734718651131, 'batch_size': 143, 'beta_1': 0.9863461269977127, 'beta_2': 0.9999963174060311, 'epsilon': 1.6063767462236843e-09, 'hidden_layer_sizes': 149, 'learning_rate_init': 0.005038198720230665, 'tol': 0.0010731899178080377, 'validation_fraction': 0.444608085259861}]
function_evaluation time 4.127491 value -0.949189 suggestion {'alpha': 1.4904734718651131, 'batch_size': 143, 'beta_1': 0.9863461269977127, 'beta_2': 0.9999963174060311, 'epsilon': 1.6063767462236843e-09, 'hidden_layer_sizes': 149, 'learning_rate_init': 0.005038198720230665, 'tol': 0.0010731899178080377, 'validation_fraction': 0.444608085259861}
observation time 0.000005, current best -0.967293 at iter 22
suggestion time taken 20.186788 iter 23 next_points [{'alpha': 0.000326194159992649, 'batch_size': 51, 'beta_1': 0.910844244590579, 'beta_2': 0.9220672941410515, 'epsilon': 5.093894689271619e-07, 'hidden_layer_sizes': 54, 'learning_rate_init': 0.0042038690711662975, 'tol': 4.191193821440159e-05, 'validation_fraction': 0.699017797373341}]
function_evaluation time 2.528282 value -0.939462 suggestion {'alpha': 0.000326194159992649, 'batch_size': 51, 'beta_1': 0.910844244590579, 'beta_2': 0.9220672941410515, 'epsilon': 5.093894689271619e-07, 'hidden_layer_sizes': 54, 'learning_rate_init': 0.0042038690711662975, 'tol': 4.191193821440159e-05, 'validation_fraction': 0.699017797373341}
observation time 0.000007, current best -0.967293 at iter 23
suggestion time taken 22.633180 iter 24 next_points [{'alpha': 1.9868414903724994e-05, 'batch_size': 15, 'beta_1': 0.5646025971940147, 'beta_2': 0.9999979457823153, 'epsilon': 2.7211813177226688e-09, 'hidden_layer_sizes': 73, 'learning_rate_init': 0.010156831456499378, 'tol': 0.0005164904769127325, 'validation_fraction': 0.3098630464006677}]
function_evaluation time 8.525405 value -0.967995 suggestion {'alpha': 1.9868414903724994e-05, 'batch_size': 15, 'beta_1': 0.5646025971940147, 'beta_2': 0.9999979457823153, 'epsilon': 2.7211813177226688e-09, 'hidden_layer_sizes': 73, 'learning_rate_init': 0.010156831456499378, 'tol': 0.0005164904769127325, 'validation_fraction': 0.3098630464006677}
observation time 0.000007, current best -0.967995 at iter 24
suggestion time taken 19.985427 iter 25 next_points [{'alpha': 0.00025519750620187596, 'batch_size': 65, 'beta_1': 0.9820339230098779, 'beta_2': 0.9999979889853273, 'epsilon': 1.7416245320806566e-08, 'hidden_layer_sizes': 163, 'learning_rate_init': 0.0033370238493310614, 'tol': 2.142592736546145e-05, 'validation_fraction': 0.12849075051610856}]
function_evaluation time 5.784965 value -0.973560 suggestion {'alpha': 0.00025519750620187596, 'batch_size': 65, 'beta_1': 0.9820339230098779, 'beta_2': 0.9999979889853273, 'epsilon': 1.7416245320806566e-08, 'hidden_layer_sizes': 163, 'learning_rate_init': 0.0033370238493310614, 'tol': 2.142592736546145e-05, 'validation_fraction': 0.12849075051610856}
observation time 0.000007, current best -0.973560 at iter 25
suggestion time taken 20.210608 iter 26 next_points [{'alpha': 1.1752362808274663, 'batch_size': 41, 'beta_1': 0.9062231132317947, 'beta_2': 0.9999980494992609, 'epsilon': 2.7679787610612636e-07, 'hidden_layer_sizes': 143, 'learning_rate_init': 0.027451132934953975, 'tol': 0.0837036736063258, 'validation_fraction': 0.3413383504606384}]
function_evaluation time 2.784716 value -0.952688 suggestion {'alpha': 1.1752362808274663, 'batch_size': 41, 'beta_1': 0.9062231132317947, 'beta_2': 0.9999980494992609, 'epsilon': 2.7679787610612636e-07, 'hidden_layer_sizes': 143, 'learning_rate_init': 0.027451132934953975, 'tol': 0.0837036736063258, 'validation_fraction': 0.3413383504606384}
observation time 0.000006, current best -0.973560 at iter 26
suggestion time taken 20.137446 iter 27 next_points [{'alpha': 0.0006081806134814228, 'batch_size': 239, 'beta_1': 0.9632189909785095, 'beta_2': 0.9978080484495069, 'epsilon': 9.760656021754986e-09, 'hidden_layer_sizes': 179, 'learning_rate_init': 0.0003962142808670431, 'tol': 0.0009232364183554359, 'validation_fraction': 0.22587772602538844}]
function_evaluation time 6.625691 value -0.951972 suggestion {'alpha': 0.0006081806134814228, 'batch_size': 239, 'beta_1': 0.9632189909785095, 'beta_2': 0.9978080484495069, 'epsilon': 9.760656021754986e-09, 'hidden_layer_sizes': 179, 'learning_rate_init': 0.0003962142808670431, 'tol': 0.0009232364183554359, 'validation_fraction': 0.22587772602538844}
observation time 0.000005, current best -0.973560 at iter 27
suggestion time taken 21.670796 iter 28 next_points [{'alpha': 0.028627967151277942, 'batch_size': 22, 'beta_1': 0.9453832692989682, 'beta_2': 0.999709190804869, 'epsilon': 1.9283977586677785e-08, 'hidden_layer_sizes': 60, 'learning_rate_init': 0.0019234423723698058, 'tol': 0.0002475629875818216, 'validation_fraction': 0.21824844273377839}]
function_evaluation time 8.026688 value -0.957564 suggestion {'alpha': 0.028627967151277942, 'batch_size': 22, 'beta_1': 0.9453832692989682, 'beta_2': 0.999709190804869, 'epsilon': 1.9283977586677785e-08, 'hidden_layer_sizes': 60, 'learning_rate_init': 0.0019234423723698058, 'tol': 0.0002475629875818216, 'validation_fraction': 0.21824844273377839}
observation time 0.000005, current best -0.973560 at iter 28
suggestion time taken 20.666397 iter 29 next_points [{'alpha': 0.019320115969326986, 'batch_size': 42, 'beta_1': 0.8053710584105404, 'beta_2': 0.9999860235702973, 'epsilon': 2.6232714217365415e-08, 'hidden_layer_sizes': 191, 'learning_rate_init': 0.06252593693114832, 'tol': 0.05845503554910771, 'validation_fraction': 0.6357105715454949}]
function_evaluation time 2.312838 value -0.810027 suggestion {'alpha': 0.019320115969326986, 'batch_size': 42, 'beta_1': 0.8053710584105404, 'beta_2': 0.9999860235702973, 'epsilon': 2.6232714217365415e-08, 'hidden_layer_sizes': 191, 'learning_rate_init': 0.06252593693114832, 'tol': 0.05845503554910771, 'validation_fraction': 0.6357105715454949}
observation time 0.000005, current best -0.973560 at iter 29
suggestion time taken 21.586028 iter 30 next_points [{'alpha': 0.0004399449218649282, 'batch_size': 110, 'beta_1': 0.9786464502584298, 'beta_2': 0.9999260213075811, 'epsilon': 2.2771105644241037e-08, 'hidden_layer_sizes': 54, 'learning_rate_init': 0.04557487605271922, 'tol': 0.003016221587313187, 'validation_fraction': 0.21820267304452431}]
function_evaluation time 4.110243 value -0.720836 suggestion {'alpha': 0.0004399449218649282, 'batch_size': 110, 'beta_1': 0.9786464502584298, 'beta_2': 0.9999260213075811, 'epsilon': 2.2771105644241037e-08, 'hidden_layer_sizes': 54, 'learning_rate_init': 0.04557487605271922, 'tol': 0.003016221587313187, 'validation_fraction': 0.21820267304452431}
observation time 0.000005, current best -0.973560 at iter 30
suggestion time taken 19.726505 iter 31 next_points [{'alpha': 0.00020729681657996133, 'batch_size': 26, 'beta_1': 0.8139351332030218, 'beta_2': 0.9997965146290639, 'epsilon': 1.492266291686195e-09, 'hidden_layer_sizes': 176, 'learning_rate_init': 5.638135018716092e-05, 'tol': 3.9189827639431314e-05, 'validation_fraction': 0.5278112901535355}]
function_evaluation time 28.205734 value -0.934589 suggestion {'alpha': 0.00020729681657996133, 'batch_size': 26, 'beta_1': 0.8139351332030218, 'beta_2': 0.9997965146290639, 'epsilon': 1.492266291686195e-09, 'hidden_layer_sizes': 176, 'learning_rate_init': 5.638135018716092e-05, 'tol': 3.9189827639431314e-05, 'validation_fraction': 0.5278112901535355}
observation time 0.000006, current best -0.973560 at iter 31
suggestion time taken 20.717581 iter 32 next_points [{'alpha': 0.0011159082959090855, 'batch_size': 21, 'beta_1': 0.6110341914949031, 'beta_2': 0.993083024242135, 'epsilon': 7.366990897014072e-08, 'hidden_layer_sizes': 92, 'learning_rate_init': 0.03433037124843238, 'tol': 6.480582095909531e-05, 'validation_fraction': 0.7476200082668268}]
function_evaluation time 3.254223 value -0.914424 suggestion {'alpha': 0.0011159082959090855, 'batch_size': 21, 'beta_1': 0.6110341914949031, 'beta_2': 0.993083024242135, 'epsilon': 7.366990897014072e-08, 'hidden_layer_sizes': 92, 'learning_rate_init': 0.03433037124843238, 'tol': 6.480582095909531e-05, 'validation_fraction': 0.7476200082668268}
observation time 0.000005, current best -0.973560 at iter 32
suggestion time taken 20.584216 iter 33 next_points [{'alpha': 8.523292146313663e-05, 'batch_size': 21, 'beta_1': 0.902111070512661, 'beta_2': 0.9999661036204682, 'epsilon': 5.914949745627451e-08, 'hidden_layer_sizes': 80, 'learning_rate_init': 0.0015748743789797846, 'tol': 5.5949272772554424e-05, 'validation_fraction': 0.225646932444698}]
function_evaluation time 8.641010 value -0.963127 suggestion {'alpha': 8.523292146313663e-05, 'batch_size': 21, 'beta_1': 0.902111070512661, 'beta_2': 0.9999661036204682, 'epsilon': 5.914949745627451e-08, 'hidden_layer_sizes': 80, 'learning_rate_init': 0.0015748743789797846, 'tol': 5.5949272772554424e-05, 'validation_fraction': 0.225646932444698}
observation time 0.000006, current best -0.973560 at iter 33
suggestion time taken 21.320055 iter 34 next_points [{'alpha': 0.000180626054699654, 'batch_size': 13, 'beta_1': 0.7618144062237951, 'beta_2': 0.9998868636798585, 'epsilon': 3.819933200380953e-08, 'hidden_layer_sizes': 103, 'learning_rate_init': 0.04214314163077014, 'tol': 6.418482206446016e-05, 'validation_fraction': 0.6581087053712041}]
function_evaluation time 5.081148 value -0.874719 suggestion {'alpha': 0.000180626054699654, 'batch_size': 13, 'beta_1': 0.7618144062237951, 'beta_2': 0.9998868636798585, 'epsilon': 3.819933200380953e-08, 'hidden_layer_sizes': 103, 'learning_rate_init': 0.04214314163077014, 'tol': 6.418482206446016e-05, 'validation_fraction': 0.6581087053712041}
observation time 0.000007, current best -0.973560 at iter 34
suggestion time taken 19.630257 iter 35 next_points [{'alpha': 0.0013429064900032592, 'batch_size': 35, 'beta_1': 0.9880858602951166, 'beta_2': 0.9999979780096486, 'epsilon': 1.691352703392048e-07, 'hidden_layer_sizes': 190, 'learning_rate_init': 0.0002789175094399455, 'tol': 0.015641454048492733, 'validation_fraction': 0.23743825619306286}]
function_evaluation time 5.866750 value -0.947116 suggestion {'alpha': 0.0013429064900032592, 'batch_size': 35, 'beta_1': 0.9880858602951166, 'beta_2': 0.9999979780096486, 'epsilon': 1.691352703392048e-07, 'hidden_layer_sizes': 190, 'learning_rate_init': 0.0002789175094399455, 'tol': 0.015641454048492733, 'validation_fraction': 0.23743825619306286}
observation time 0.000006, current best -0.973560 at iter 35
suggestion time taken 21.057672 iter 36 next_points [{'alpha': 4.3683979025477715, 'batch_size': 84, 'beta_1': 0.733302811905612, 'beta_2': 0.921673755164385, 'epsilon': 2.6591037121597868e-08, 'hidden_layer_sizes': 85, 'learning_rate_init': 0.0019317507875461202, 'tol': 0.003683238810254652, 'validation_fraction': 0.754604158987636}]
function_evaluation time 2.806787 value -0.942257 suggestion {'alpha': 4.3683979025477715, 'batch_size': 84, 'beta_1': 0.733302811905612, 'beta_2': 0.921673755164385, 'epsilon': 2.6591037121597868e-08, 'hidden_layer_sizes': 85, 'learning_rate_init': 0.0019317507875461202, 'tol': 0.003683238810254652, 'validation_fraction': 0.754604158987636}
observation time 0.000006, current best -0.973560 at iter 36
suggestion time taken 19.536794 iter 37 next_points [{'alpha': 0.00768156436853085, 'batch_size': 205, 'beta_1': 0.8651114451684726, 'beta_2': 0.9999969552908518, 'epsilon': 5.132155300078067e-07, 'hidden_layer_sizes': 121, 'learning_rate_init': 0.000309035970086831, 'tol': 0.0001403363589745458, 'validation_fraction': 0.3367853372059047}]
function_evaluation time 7.554589 value -0.926244 suggestion {'alpha': 0.00768156436853085, 'batch_size': 205, 'beta_1': 0.8651114451684726, 'beta_2': 0.9999969552908518, 'epsilon': 5.132155300078067e-07, 'hidden_layer_sizes': 121, 'learning_rate_init': 0.000309035970086831, 'tol': 0.0001403363589745458, 'validation_fraction': 0.3367853372059047}
observation time 0.000006, current best -0.973560 at iter 37
suggestion time taken 21.084844 iter 38 next_points [{'alpha': 0.029374404256765352, 'batch_size': 12, 'beta_1': 0.8629093682980201, 'beta_2': 0.9999932244007987, 'epsilon': 1.0157489615567629e-07, 'hidden_layer_sizes': 104, 'learning_rate_init': 9.588068001971869e-05, 'tol': 0.0023197378688655877, 'validation_fraction': 0.8286915686039208}]
function_evaluation time 13.570115 value -0.846182 suggestion {'alpha': 0.029374404256765352, 'batch_size': 12, 'beta_1': 0.8629093682980201, 'beta_2': 0.9999932244007987, 'epsilon': 1.0157489615567629e-07, 'hidden_layer_sizes': 104, 'learning_rate_init': 9.588068001971869e-05, 'tol': 0.0023197378688655877, 'validation_fraction': 0.8286915686039208}
observation time 0.000006, current best -0.973560 at iter 38
suggestion time taken 21.005994 iter 39 next_points [{'alpha': 1.1246582378117143e-05, 'batch_size': 27, 'beta_1': 0.9618373455946272, 'beta_2': 0.9802684204933239, 'epsilon': 1.6452494674945845e-07, 'hidden_layer_sizes': 53, 'learning_rate_init': 0.0011734133625037602, 'tol': 0.0008266936637765329, 'validation_fraction': 0.12246488601397532}]
function_evaluation time 7.498160 value -0.957571 suggestion {'alpha': 1.1246582378117143e-05, 'batch_size': 27, 'beta_1': 0.9618373455946272, 'beta_2': 0.9802684204933239, 'epsilon': 1.6452494674945845e-07, 'hidden_layer_sizes': 53, 'learning_rate_init': 0.0011734133625037602, 'tol': 0.0008266936637765329, 'validation_fraction': 0.12246488601397532}
observation time 0.000006, current best -0.973560 at iter 39
suggestion time taken 18.861387 iter 40 next_points [{'alpha': 2.384841808841948e-05, 'batch_size': 110, 'beta_1': 0.8564283789823115, 'beta_2': 0.9999454672962413, 'epsilon': 1.175606456739026e-08, 'hidden_layer_sizes': 184, 'learning_rate_init': 0.0005320644980908968, 'tol': 6.696080148308478e-05, 'validation_fraction': 0.6629629746594872}]
function_evaluation time 7.239523 value -0.932511 suggestion {'alpha': 2.384841808841948e-05, 'batch_size': 110, 'beta_1': 0.8564283789823115, 'beta_2': 0.9999454672962413, 'epsilon': 1.175606456739026e-08, 'hidden_layer_sizes': 184, 'learning_rate_init': 0.0005320644980908968, 'tol': 6.696080148308478e-05, 'validation_fraction': 0.6629629746594872}
observation time 0.000006, current best -0.973560 at iter 40
suggestion time taken 20.316691 iter 41 next_points [{'alpha': 0.00014203682210325386, 'batch_size': 179, 'beta_1': 0.8728442481425617, 'beta_2': 0.9774846539664918, 'epsilon': 4.2832275507959214e-08, 'hidden_layer_sizes': 171, 'learning_rate_init': 3.6989817902159494e-05, 'tol': 0.00629236843698342, 'validation_fraction': 0.16174281058644133}]
function_evaluation time 11.479538 value -0.722892 suggestion {'alpha': 0.00014203682210325386, 'batch_size': 179, 'beta_1': 0.8728442481425617, 'beta_2': 0.9774846539664918, 'epsilon': 4.2832275507959214e-08, 'hidden_layer_sizes': 171, 'learning_rate_init': 3.6989817902159494e-05, 'tol': 0.00629236843698342, 'validation_fraction': 0.16174281058644133}
observation time 0.000005, current best -0.973560 at iter 41
suggestion time taken 21.290720 iter 42 next_points [{'alpha': 4.318829209801955e-05, 'batch_size': 41, 'beta_1': 0.7230386085564136, 'beta_2': 0.9999938542553564, 'epsilon': 5.05358203685449e-08, 'hidden_layer_sizes': 132, 'learning_rate_init': 7.561429347140291e-05, 'tol': 0.0009669071975125604, 'validation_fraction': 0.26448183325436925}]
function_evaluation time 19.706136 value -0.929024 suggestion {'alpha': 4.318829209801955e-05, 'batch_size': 41, 'beta_1': 0.7230386085564136, 'beta_2': 0.9999938542553564, 'epsilon': 5.05358203685449e-08, 'hidden_layer_sizes': 132, 'learning_rate_init': 7.561429347140291e-05, 'tol': 0.0009669071975125604, 'validation_fraction': 0.26448183325436925}
observation time 0.000007, current best -0.973560 at iter 42
suggestion time taken 21.807726 iter 43 next_points [{'alpha': 3.7178990066578077, 'batch_size': 35, 'beta_1': 0.6533012014219858, 'beta_2': 0.9970997398109502, 'epsilon': 3.283892653368565e-09, 'hidden_layer_sizes': 142, 'learning_rate_init': 0.006012152907394661, 'tol': 0.06041297048016878, 'validation_fraction': 0.3354133915875574}]
function_evaluation time 2.756779 value -0.958253 suggestion {'alpha': 3.7178990066578077, 'batch_size': 35, 'beta_1': 0.6533012014219858, 'beta_2': 0.9970997398109502, 'epsilon': 3.283892653368565e-09, 'hidden_layer_sizes': 142, 'learning_rate_init': 0.006012152907394661, 'tol': 0.06041297048016878, 'validation_fraction': 0.3354133915875574}
observation time 0.000008, current best -0.973560 at iter 43
suggestion time taken 20.282790 iter 44 next_points [{'alpha': 0.03127397896258464, 'batch_size': 35, 'beta_1': 0.898555728067976, 'beta_2': 0.9586542152165493, 'epsilon': 2.1827660123452987e-08, 'hidden_layer_sizes': 142, 'learning_rate_init': 0.004552677731817544, 'tol': 0.0016055116960132204, 'validation_fraction': 0.17468814664024837}]
function_evaluation time 7.799541 value -0.959652 suggestion {'alpha': 0.03127397896258464, 'batch_size': 35, 'beta_1': 0.898555728067976, 'beta_2': 0.9586542152165493, 'epsilon': 2.1827660123452987e-08, 'hidden_layer_sizes': 142, 'learning_rate_init': 0.004552677731817544, 'tol': 0.0016055116960132204, 'validation_fraction': 0.17468814664024837}
observation time 0.000008, current best -0.973560 at iter 44
saving meta data: {'args': {'--uuid': 'f15b874595df5821b99dd7a0cacf5454', '-db-root': '/home/ryedida/bbo_challenge_starter_kit/output', '--opt-root': '/home/ryedida/bbo_challenge_starter_kit/example_submissions', '--data-root': None, '--db': 'run_20231013_221308', '--opt': 'strongcvx', '--data': 'digits', '--classifier': 'MLP-adam', '--metric': 'acc', '--calls': 45, '--suggestions': 1, '--jobs-file': None, '--verbose': False, 'dry_run': False, 'rev': 'a376313', 'opt_rev': 'x.x.x'}, 'signature': ([{'alpha': 0.019628224813442792, 'batch_size': 182, 'beta_1': 0.9410202200271762, 'beta_2': 0.9998021557676793, 'epsilon': 1.8662266976518e-08, 'hidden_layer_sizes': 147, 'learning_rate_init': 0.0005627932047415167, 'tol': 0.03690557729213761, 'validation_fraction': 0.8846827852548593}, {'alpha': 0.001998246739232944, 'batch_size': 200, 'beta_1': 0.919111482530466, 'beta_2': 0.9998488260436156, 'epsilon': 5.981221901152555e-07, 'hidden_layer_sizes': 61, 'learning_rate_init': 2.2310905607443014e-05, 'tol': 1.2046852412030316e-05, 'validation_fraction': 0.8117896445826539}, {'alpha': 0.46659545670218433, 'batch_size': 219, 'beta_1': 0.9889789783750891, 'beta_2': 0.9999896868093284, 'epsilon': 2.4234724484675948e-08, 'hidden_layer_sizes': 167, 'learning_rate_init': 2.972334644335654e-05, 'tol': 0.0036281404040243792, 'validation_fraction': 0.17260651658522078}, {'alpha': 4.656005689076002, 'batch_size': 135, 'beta_1': 0.870503881627747, 'beta_2': 0.9948873266941017, 'epsilon': 2.1023308743480125e-07, 'hidden_layer_sizes': 118, 'learning_rate_init': 0.001878173875716191, 'tol': 1.1889379831773006e-05, 'validation_fraction': 0.6264327093752792}, {'alpha': 0.04705159350400542, 'batch_size': 158, 'beta_1': 0.9870884262730957, 'beta_2': 0.9999596874382349, 'epsilon': 1.1981845126013875e-08, 'hidden_layer_sizes': 116, 'learning_rate_init': 0.006173405204074311, 'tol': 1.7414134181586194e-05, 'validation_fraction': 0.6754299026638921}], [-0.21081107239643826, -0.1295489740611692, -0.27999177313201706, -0.9422522260936896, -0.9332050909794812])}
saving results
saving timing
saving suggest log
done
