running: {'--uuid': 'f5da6d2e821d5c8795fe53cad9efa217', '-db-root': '/home/ryedida/bbo_challenge_starter_kit/output', '--opt-root': '/home/ryedida/bbo_challenge_starter_kit/example_submissions', '--data-root': None, '--db': 'run_20231013_221308', '--opt': 'random', '--data': 'digits', '--classifier': 'MLP-adam', '--metric': 'nll', '--calls': 45, '--suggestions': 1, '--jobs-file': None, '--verbose': False, 'dry_run': False, 'rev': 'a376313', 'opt_rev': '0.0.8'}
cmd: python /home/ryedida/.local/bin/bayesmark-exp -c MLP-adam -d digits -o random -u f5da6d2e821d5c8795fe53cad9efa217 -m nll -n 45 -p 1 -dir /home/ryedida/bbo_challenge_starter_kit/output -b run_20231013_221308
/home/ryedida/.local/lib/python3.8/site-packages/sklearn/neural_network/_multilayer_perceptron.py:621: UserWarning: Got `batch_size` less than 1 or larger than sample size. It is going to be clipped
  warnings.warn(

/home/ryedida/.local/lib/python3.8/site-packages/sklearn/neural_network/_multilayer_perceptron.py:702: ConvergenceWarning: Stochastic Optimizer: Maximum iterations (200) reached and the optimization hasn't converged yet.
  warnings.warn(

computed signature: ([{'alpha': 0.019628224813442792, 'batch_size': 182, 'beta_1': 0.9410202200271762, 'beta_2': 0.9998021557676793, 'epsilon': 1.8662266976518e-08, 'hidden_layer_sizes': 147, 'learning_rate_init': 0.0005627932047415167, 'tol': 0.03690557729213761, 'validation_fraction': 0.8846827852548593}, {'alpha': 0.001998246739232944, 'batch_size': 200, 'beta_1': 0.919111482530466, 'beta_2': 0.9998488260436156, 'epsilon': 5.981221901152555e-07, 'hidden_layer_sizes': 61, 'learning_rate_init': 2.2310905607443014e-05, 'tol': 1.2046852412030316e-05, 'validation_fraction': 0.8117896445826539}, {'alpha': 0.46659545670218433, 'batch_size': 219, 'beta_1': 0.9889789783750891, 'beta_2': 0.9999896868093284, 'epsilon': 2.4234724484675948e-08, 'hidden_layer_sizes': 167, 'learning_rate_init': 2.972334644335654e-05, 'tol': 0.0036281404040243792, 'validation_fraction': 0.17260651658522078}, {'alpha': 4.656005689076002, 'batch_size': 135, 'beta_1': 0.870503881627747, 'beta_2': 0.9948873266941017, 'epsilon': 2.1023308743480125e-07, 'hidden_layer_sizes': 118, 'learning_rate_init': 0.001878173875716191, 'tol': 1.1889379831773006e-05, 'validation_fraction': 0.6264327093752792}, {'alpha': 0.04705159350400542, 'batch_size': 158, 'beta_1': 0.9870884262730957, 'beta_2': 0.9999596874382349, 'epsilon': 1.1981845126013875e-08, 'hidden_layer_sizes': 116, 'learning_rate_init': 0.006173405204074311, 'tol': 1.7414134181586194e-05, 'validation_fraction': 0.6754299026638921}], [4.8709522768835765, 9.710667750887517, 5.950791832993735, 0.19438427080405424, 0.25190216699945633])
/home/ryedida/.local/lib/python3.8/site-packages/bayesmark/experiment.py:470: UserWarning: Baselines not found. Will not log intermediate scores.
  warnings.warn("Baselines not found. Will not log intermediate scores.")

starting sklearn study random MLP-adam digits nll 45 1
with data root: None
suggestion time taken 0.010149 iter 0 next_points [{'alpha': 0.45738172538642663, 'batch_size': 116, 'beta_1': 0.7372321682151628, 'beta_2': 0.9998643305447186, 'epsilon': 4.936743397299905e-09, 'hidden_layer_sizes': 174, 'learning_rate_init': 0.051144871868713256, 'tol': 1.915301490449363e-05, 'validation_fraction': 0.27105176161622613}]
function_evaluation time 3.612108 value 0.158367 suggestion {'alpha': 0.45738172538642663, 'batch_size': 116, 'beta_1': 0.7372321682151628, 'beta_2': 0.9998643305447186, 'epsilon': 4.936743397299905e-09, 'hidden_layer_sizes': 174, 'learning_rate_init': 0.051144871868713256, 'tol': 1.915301490449363e-05, 'validation_fraction': 0.27105176161622613}
observation time 0.000004, current best 0.158367 at iter 0
suggestion time taken 0.010321 iter 1 next_points [{'alpha': 3.22302139147248, 'batch_size': 20, 'beta_1': 0.971801063458306, 'beta_2': 0.9999894960881972, 'epsilon': 1.877279171413398e-08, 'hidden_layer_sizes': 98, 'learning_rate_init': 4.505163429494832e-05, 'tol': 3.124112122970849e-05, 'validation_fraction': 0.2887921307157088}]
function_evaluation time 34.949506 value 0.276181 suggestion {'alpha': 3.22302139147248, 'batch_size': 20, 'beta_1': 0.971801063458306, 'beta_2': 0.9999894960881972, 'epsilon': 1.877279171413398e-08, 'hidden_layer_sizes': 98, 'learning_rate_init': 4.505163429494832e-05, 'tol': 3.124112122970849e-05, 'validation_fraction': 0.2887921307157088}
observation time 0.000003, current best 0.158367 at iter 1
suggestion time taken 0.010430 iter 2 next_points [{'alpha': 0.1987281736549575, 'batch_size': 50, 'beta_1': 0.9684990900617383, 'beta_2': 0.9987608570984318, 'epsilon': 2.295577365351716e-09, 'hidden_layer_sizes': 61, 'learning_rate_init': 0.0054338172646213705, 'tol': 0.09654525343491585, 'validation_fraction': 0.4383896031627643}]
function_evaluation time 1.350601 value 0.169302 suggestion {'alpha': 0.1987281736549575, 'batch_size': 50, 'beta_1': 0.9684990900617383, 'beta_2': 0.9987608570984318, 'epsilon': 2.295577365351716e-09, 'hidden_layer_sizes': 61, 'learning_rate_init': 0.0054338172646213705, 'tol': 0.09654525343491585, 'validation_fraction': 0.4383896031627643}
observation time 0.000004, current best 0.158367 at iter 2
suggestion time taken 0.010525 iter 3 next_points [{'alpha': 0.0003638842251309824, 'batch_size': 242, 'beta_1': 0.7612443218890279, 'beta_2': 0.9950612604948625, 'epsilon': 8.483395598831765e-08, 'hidden_layer_sizes': 180, 'learning_rate_init': 1.6632068093744825e-05, 'tol': 0.014374718919377548, 'validation_fraction': 0.6119633403724365}]
function_evaluation time 0.733334 value 6.774437 suggestion {'alpha': 0.0003638842251309824, 'batch_size': 242, 'beta_1': 0.7612443218890279, 'beta_2': 0.9950612604948625, 'epsilon': 8.483395598831765e-08, 'hidden_layer_sizes': 180, 'learning_rate_init': 1.6632068093744825e-05, 'tol': 0.014374718919377548, 'validation_fraction': 0.6119633403724365}
observation time 0.000003, current best 0.158367 at iter 3
suggestion time taken 0.010995 iter 4 next_points [{'alpha': 0.1030359004058765, 'batch_size': 94, 'beta_1': 0.6367918687810483, 'beta_2': 0.9988795321391338, 'epsilon': 1.0560855238538377e-07, 'hidden_layer_sizes': 189, 'learning_rate_init': 0.02043546621593837, 'tol': 7.213430586922644e-05, 'validation_fraction': 0.5839064089272108}]
function_evaluation time 2.494137 value 0.141649 suggestion {'alpha': 0.1030359004058765, 'batch_size': 94, 'beta_1': 0.6367918687810483, 'beta_2': 0.9988795321391338, 'epsilon': 1.0560855238538377e-07, 'hidden_layer_sizes': 189, 'learning_rate_init': 0.02043546621593837, 'tol': 7.213430586922644e-05, 'validation_fraction': 0.5839064089272108}
observation time 0.000003, current best 0.141649 at iter 4
suggestion time taken 0.010110 iter 5 next_points [{'alpha': 0.00010915948423832185, 'batch_size': 51, 'beta_1': 0.9658726883510836, 'beta_2': 0.9825174122981196, 'epsilon': 7.840769243339713e-07, 'hidden_layer_sizes': 53, 'learning_rate_init': 1.4535116950612554e-05, 'tol': 5.795196159804824e-05, 'validation_fraction': 0.27330147101745794}]
/home/ryedida/.local/lib/python3.8/site-packages/sklearn/neural_network/_multilayer_perceptron.py:702: ConvergenceWarning: Stochastic Optimizer: Maximum iterations (200) reached and the optimization hasn't converged yet.
  warnings.warn(

function_evaluation time 10.299828 value 9.384278 suggestion {'alpha': 0.00010915948423832185, 'batch_size': 51, 'beta_1': 0.9658726883510836, 'beta_2': 0.9825174122981196, 'epsilon': 7.840769243339713e-07, 'hidden_layer_sizes': 53, 'learning_rate_init': 1.4535116950612554e-05, 'tol': 5.795196159804824e-05, 'validation_fraction': 0.27330147101745794}
observation time 0.000003, current best 0.141649 at iter 5
suggestion time taken 0.012769 iter 6 next_points [{'alpha': 0.6340710230241541, 'batch_size': 13, 'beta_1': 0.9452526418533951, 'beta_2': 0.9926299481520034, 'epsilon': 8.389258384170625e-08, 'hidden_layer_sizes': 111, 'learning_rate_init': 0.04433026648151294, 'tol': 0.058777399130968605, 'validation_fraction': 0.522723473929756}]
function_evaluation time 4.477281 value 0.473279 suggestion {'alpha': 0.6340710230241541, 'batch_size': 13, 'beta_1': 0.9452526418533951, 'beta_2': 0.9926299481520034, 'epsilon': 8.389258384170625e-08, 'hidden_layer_sizes': 111, 'learning_rate_init': 0.04433026648151294, 'tol': 0.058777399130968605, 'validation_fraction': 0.522723473929756}
observation time 0.000003, current best 0.141649 at iter 6
suggestion time taken 0.010473 iter 7 next_points [{'alpha': 3.5380324136927846e-05, 'batch_size': 30, 'beta_1': 0.5760959918991634, 'beta_2': 0.9554164628927985, 'epsilon': 2.1268316526084107e-08, 'hidden_layer_sizes': 78, 'learning_rate_init': 9.532536264588558e-05, 'tol': 0.0007662928655275986, 'validation_fraction': 0.6950549205653908}]
function_evaluation time 15.431593 value 0.242032 suggestion {'alpha': 3.5380324136927846e-05, 'batch_size': 30, 'beta_1': 0.5760959918991634, 'beta_2': 0.9554164628927985, 'epsilon': 2.1268316526084107e-08, 'hidden_layer_sizes': 78, 'learning_rate_init': 9.532536264588558e-05, 'tol': 0.0007662928655275986, 'validation_fraction': 0.6950549205653908}
observation time 0.000003, current best 0.141649 at iter 7
suggestion time taken 0.010059 iter 8 next_points [{'alpha': 0.005645545865653735, 'batch_size': 178, 'beta_1': 0.8062542866273814, 'beta_2': 0.9390773808761526, 'epsilon': 3.680062297136481e-07, 'hidden_layer_sizes': 140, 'learning_rate_init': 4.764156947492332e-05, 'tol': 0.0027369146271354083, 'validation_fraction': 0.6240636941857577}]
function_evaluation time 5.594643 value 4.577899 suggestion {'alpha': 0.005645545865653735, 'batch_size': 178, 'beta_1': 0.8062542866273814, 'beta_2': 0.9390773808761526, 'epsilon': 3.680062297136481e-07, 'hidden_layer_sizes': 140, 'learning_rate_init': 4.764156947492332e-05, 'tol': 0.0027369146271354083, 'validation_fraction': 0.6240636941857577}
observation time 0.000004, current best 0.141649 at iter 8
suggestion time taken 0.012185 iter 9 next_points [{'alpha': 0.27854863244595474, 'batch_size': 97, 'beta_1': 0.967790573923074, 'beta_2': 0.9999543163726314, 'epsilon': 2.1220593453448048e-08, 'hidden_layer_sizes': 174, 'learning_rate_init': 0.07520980492704507, 'tol': 0.0006346006967473832, 'validation_fraction': 0.14572488604561418}]
function_evaluation time 3.612177 value 0.483716 suggestion {'alpha': 0.27854863244595474, 'batch_size': 97, 'beta_1': 0.967790573923074, 'beta_2': 0.9999543163726314, 'epsilon': 2.1220593453448048e-08, 'hidden_layer_sizes': 174, 'learning_rate_init': 0.07520980492704507, 'tol': 0.0006346006967473832, 'validation_fraction': 0.14572488604561418}
observation time 0.000003, current best 0.141649 at iter 9
suggestion time taken 0.010351 iter 10 next_points [{'alpha': 0.2189395131605599, 'batch_size': 41, 'beta_1': 0.8637793860354243, 'beta_2': 0.9971327294739983, 'epsilon': 9.79883603732163e-08, 'hidden_layer_sizes': 148, 'learning_rate_init': 0.00017883099749089118, 'tol': 0.0033562357096923105, 'validation_fraction': 0.21632322770846488}]
function_evaluation time 12.444153 value 0.153388 suggestion {'alpha': 0.2189395131605599, 'batch_size': 41, 'beta_1': 0.8637793860354243, 'beta_2': 0.9971327294739983, 'epsilon': 9.79883603732163e-08, 'hidden_layer_sizes': 148, 'learning_rate_init': 0.00017883099749089118, 'tol': 0.0033562357096923105, 'validation_fraction': 0.21632322770846488}
observation time 0.000003, current best 0.141649 at iter 10
suggestion time taken 0.010152 iter 11 next_points [{'alpha': 0.22641854092204924, 'batch_size': 226, 'beta_1': 0.6327594156417251, 'beta_2': 0.9999982108011645, 'epsilon': 3.860884602592361e-07, 'hidden_layer_sizes': 51, 'learning_rate_init': 4.3847199508578246e-05, 'tol': 0.005393554156508428, 'validation_fraction': 0.1713729065311497}]
function_evaluation time 1.350846 value 9.757733 suggestion {'alpha': 0.22641854092204924, 'batch_size': 226, 'beta_1': 0.6327594156417251, 'beta_2': 0.9999982108011645, 'epsilon': 3.860884602592361e-07, 'hidden_layer_sizes': 51, 'learning_rate_init': 4.3847199508578246e-05, 'tol': 0.005393554156508428, 'validation_fraction': 0.1713729065311497}
observation time 0.000003, current best 0.141649 at iter 11
suggestion time taken 0.010072 iter 12 next_points [{'alpha': 0.0009603845716222423, 'batch_size': 68, 'beta_1': 0.9094803467791875, 'beta_2': 0.9470333255576031, 'epsilon': 5.029629754107155e-07, 'hidden_layer_sizes': 130, 'learning_rate_init': 0.0629985801239982, 'tol': 0.021037285048593136, 'validation_fraction': 0.8377683629352575}]
function_evaluation time 0.972587 value 1.784608 suggestion {'alpha': 0.0009603845716222423, 'batch_size': 68, 'beta_1': 0.9094803467791875, 'beta_2': 0.9470333255576031, 'epsilon': 5.029629754107155e-07, 'hidden_layer_sizes': 130, 'learning_rate_init': 0.0629985801239982, 'tol': 0.021037285048593136, 'validation_fraction': 0.8377683629352575}
observation time 0.000003, current best 0.141649 at iter 12
suggestion time taken 0.010370 iter 13 next_points [{'alpha': 0.030629104304197026, 'batch_size': 204, 'beta_1': 0.9784455351329913, 'beta_2': 0.9999988953463043, 'epsilon': 2.198435505155394e-09, 'hidden_layer_sizes': 193, 'learning_rate_init': 0.015353663004299536, 'tol': 0.07007426305762265, 'validation_fraction': 0.6706639092380232}]
function_evaluation time 0.961484 value 0.346863 suggestion {'alpha': 0.030629104304197026, 'batch_size': 204, 'beta_1': 0.9784455351329913, 'beta_2': 0.9999988953463043, 'epsilon': 2.198435505155394e-09, 'hidden_layer_sizes': 193, 'learning_rate_init': 0.015353663004299536, 'tol': 0.07007426305762265, 'validation_fraction': 0.6706639092380232}
observation time 0.000003, current best 0.141649 at iter 13
suggestion time taken 0.010538 iter 14 next_points [{'alpha': 6.0774118244616515, 'batch_size': 105, 'beta_1': 0.9719941650374386, 'beta_2': 0.9999925143569789, 'epsilon': 3.770671536741732e-07, 'hidden_layer_sizes': 75, 'learning_rate_init': 0.0004302367632990194, 'tol': 0.00017641629059650168, 'validation_fraction': 0.8216915927178435}]
function_evaluation time 5.234708 value 0.557840 suggestion {'alpha': 6.0774118244616515, 'batch_size': 105, 'beta_1': 0.9719941650374386, 'beta_2': 0.9999925143569789, 'epsilon': 3.770671536741732e-07, 'hidden_layer_sizes': 75, 'learning_rate_init': 0.0004302367632990194, 'tol': 0.00017641629059650168, 'validation_fraction': 0.8216915927178435}
observation time 0.000003, current best 0.141649 at iter 14
suggestion time taken 0.010465 iter 15 next_points [{'alpha': 0.001047379529058031, 'batch_size': 94, 'beta_1': 0.9163045924837552, 'beta_2': 0.9974324901066443, 'epsilon': 3.358785108272534e-09, 'hidden_layer_sizes': 179, 'learning_rate_init': 0.005048457098852459, 'tol': 0.04256829213808807, 'validation_fraction': 0.5616023773319628}]
function_evaluation time 1.251401 value 0.128723 suggestion {'alpha': 0.001047379529058031, 'batch_size': 94, 'beta_1': 0.9163045924837552, 'beta_2': 0.9974324901066443, 'epsilon': 3.358785108272534e-09, 'hidden_layer_sizes': 179, 'learning_rate_init': 0.005048457098852459, 'tol': 0.04256829213808807, 'validation_fraction': 0.5616023773319628}
observation time 0.000003, current best 0.128723 at iter 15
suggestion time taken 0.010294 iter 16 next_points [{'alpha': 0.0008990773561160654, 'batch_size': 155, 'beta_1': 0.9450361137190644, 'beta_2': 0.9996768424528246, 'epsilon': 6.454036363111506e-07, 'hidden_layer_sizes': 140, 'learning_rate_init': 0.00011355850538208533, 'tol': 0.001808919402493415, 'validation_fraction': 0.669231680876795}]
function_evaluation time 7.728314 value 0.371544 suggestion {'alpha': 0.0008990773561160654, 'batch_size': 155, 'beta_1': 0.9450361137190644, 'beta_2': 0.9996768424528246, 'epsilon': 6.454036363111506e-07, 'hidden_layer_sizes': 140, 'learning_rate_init': 0.00011355850538208533, 'tol': 0.001808919402493415, 'validation_fraction': 0.669231680876795}
observation time 0.000003, current best 0.128723 at iter 16
suggestion time taken 0.010446 iter 17 next_points [{'alpha': 0.0003419620904093382, 'batch_size': 17, 'beta_1': 0.9433151456917244, 'beta_2': 0.9311557395976311, 'epsilon': 8.751886097521219e-08, 'hidden_layer_sizes': 127, 'learning_rate_init': 0.0010896212136919047, 'tol': 0.00045245434137961075, 'validation_fraction': 0.8614770810129365}]
function_evaluation time 4.789357 value 0.400557 suggestion {'alpha': 0.0003419620904093382, 'batch_size': 17, 'beta_1': 0.9433151456917244, 'beta_2': 0.9311557395976311, 'epsilon': 8.751886097521219e-08, 'hidden_layer_sizes': 127, 'learning_rate_init': 0.0010896212136919047, 'tol': 0.00045245434137961075, 'validation_fraction': 0.8614770810129365}
observation time 0.000003, current best 0.128723 at iter 17
suggestion time taken 0.009976 iter 18 next_points [{'alpha': 0.013488086718560976, 'batch_size': 226, 'beta_1': 0.9498338879259287, 'beta_2': 0.9271952699275152, 'epsilon': 7.406492730723896e-08, 'hidden_layer_sizes': 96, 'learning_rate_init': 5.8712966619870724e-05, 'tol': 0.007087910426749373, 'validation_fraction': 0.199593998740152}]
function_evaluation time 3.288430 value 6.972904 suggestion {'alpha': 0.013488086718560976, 'batch_size': 226, 'beta_1': 0.9498338879259287, 'beta_2': 0.9271952699275152, 'epsilon': 7.406492730723896e-08, 'hidden_layer_sizes': 96, 'learning_rate_init': 5.8712966619870724e-05, 'tol': 0.007087910426749373, 'validation_fraction': 0.199593998740152}
observation time 0.000003, current best 0.128723 at iter 18
suggestion time taken 0.010179 iter 19 next_points [{'alpha': 3.408785208801394, 'batch_size': 59, 'beta_1': 0.9862714946227551, 'beta_2': 0.9999662491171655, 'epsilon': 3.4594414788458154e-07, 'hidden_layer_sizes': 174, 'learning_rate_init': 0.0034091889501205487, 'tol': 0.028230832389441907, 'validation_fraction': 0.4634197378060314}]
function_evaluation time 1.873904 value 0.151343 suggestion {'alpha': 3.408785208801394, 'batch_size': 59, 'beta_1': 0.9862714946227551, 'beta_2': 0.9999662491171655, 'epsilon': 3.4594414788458154e-07, 'hidden_layer_sizes': 174, 'learning_rate_init': 0.0034091889501205487, 'tol': 0.028230832389441907, 'validation_fraction': 0.4634197378060314}
observation time 0.000003, current best 0.128723 at iter 19
suggestion time taken 0.010355 iter 20 next_points [{'alpha': 0.0008699268910605319, 'batch_size': 77, 'beta_1': 0.9022426998749826, 'beta_2': 0.9999891518446894, 'epsilon': 5.212721201357761e-08, 'hidden_layer_sizes': 126, 'learning_rate_init': 0.07874607197827148, 'tol': 0.0009977629601796963, 'validation_fraction': 0.1619290246961945}]
function_evaluation time 3.519842 value 0.863658 suggestion {'alpha': 0.0008699268910605319, 'batch_size': 77, 'beta_1': 0.9022426998749826, 'beta_2': 0.9999891518446894, 'epsilon': 5.212721201357761e-08, 'hidden_layer_sizes': 126, 'learning_rate_init': 0.07874607197827148, 'tol': 0.0009977629601796963, 'validation_fraction': 0.1619290246961945}
observation time 0.000003, current best 0.128723 at iter 20
suggestion time taken 0.010391 iter 21 next_points [{'alpha': 0.25288612742840016, 'batch_size': 181, 'beta_1': 0.9642300053484325, 'beta_2': 0.9854025746380832, 'epsilon': 5.076004814583729e-08, 'hidden_layer_sizes': 194, 'learning_rate_init': 0.0003526043488078732, 'tol': 4.0182843122849974e-05, 'validation_fraction': 0.5994890540784261}]
function_evaluation time 5.863887 value 0.195553 suggestion {'alpha': 0.25288612742840016, 'batch_size': 181, 'beta_1': 0.9642300053484325, 'beta_2': 0.9854025746380832, 'epsilon': 5.076004814583729e-08, 'hidden_layer_sizes': 194, 'learning_rate_init': 0.0003526043488078732, 'tol': 4.0182843122849974e-05, 'validation_fraction': 0.5994890540784261}
observation time 0.000004, current best 0.128723 at iter 21
suggestion time taken 0.012446 iter 22 next_points [{'alpha': 0.42403768696589683, 'batch_size': 232, 'beta_1': 0.8736138546711039, 'beta_2': 0.9937885931861618, 'epsilon': 3.786988242283262e-09, 'hidden_layer_sizes': 167, 'learning_rate_init': 1.042774579574497e-05, 'tol': 0.002009028904699293, 'validation_fraction': 0.34300568655674835}]
function_evaluation time 3.567922 value 7.216856 suggestion {'alpha': 0.42403768696589683, 'batch_size': 232, 'beta_1': 0.8736138546711039, 'beta_2': 0.9937885931861618, 'epsilon': 3.786988242283262e-09, 'hidden_layer_sizes': 167, 'learning_rate_init': 1.042774579574497e-05, 'tol': 0.002009028904699293, 'validation_fraction': 0.34300568655674835}
observation time 0.000003, current best 0.128723 at iter 22
suggestion time taken 0.012449 iter 23 next_points [{'alpha': 1.6154032538663008, 'batch_size': 13, 'beta_1': 0.7812103785263054, 'beta_2': 0.906303448988623, 'epsilon': 3.414191140514839e-07, 'hidden_layer_sizes': 183, 'learning_rate_init': 1.5171683535202002e-05, 'tol': 6.378172714677461e-05, 'validation_fraction': 0.3129323631585396}]
function_evaluation time 46.747067 value 0.265512 suggestion {'alpha': 1.6154032538663008, 'batch_size': 13, 'beta_1': 0.7812103785263054, 'beta_2': 0.906303448988623, 'epsilon': 3.414191140514839e-07, 'hidden_layer_sizes': 183, 'learning_rate_init': 1.5171683535202002e-05, 'tol': 6.378172714677461e-05, 'validation_fraction': 0.3129323631585396}
observation time 0.000004, current best 0.128723 at iter 23
suggestion time taken 0.010482 iter 24 next_points [{'alpha': 1.0094038173176964e-05, 'batch_size': 102, 'beta_1': 0.9563896966458726, 'beta_2': 0.9969226832057776, 'epsilon': 2.6865004557680854e-07, 'hidden_layer_sizes': 82, 'learning_rate_init': 0.007867819708500997, 'tol': 2.083203928030074e-05, 'validation_fraction': 0.22972050515150122}]
function_evaluation time 2.710690 value 0.112476 suggestion {'alpha': 1.0094038173176964e-05, 'batch_size': 102, 'beta_1': 0.9563896966458726, 'beta_2': 0.9969226832057776, 'epsilon': 2.6865004557680854e-07, 'hidden_layer_sizes': 82, 'learning_rate_init': 0.007867819708500997, 'tol': 2.083203928030074e-05, 'validation_fraction': 0.22972050515150122}
observation time 0.000004, current best 0.112476 at iter 24
suggestion time taken 0.010717 iter 25 next_points [{'alpha': 0.0007319850736113804, 'batch_size': 128, 'beta_1': 0.9857930536493911, 'beta_2': 0.9297867415053648, 'epsilon': 2.5451094036053332e-09, 'hidden_layer_sizes': 98, 'learning_rate_init': 0.0014804111739100366, 'tol': 0.048123317214711754, 'validation_fraction': 0.7283866524731727}]
function_evaluation time 1.083815 value 0.639346 suggestion {'alpha': 0.0007319850736113804, 'batch_size': 128, 'beta_1': 0.9857930536493911, 'beta_2': 0.9297867415053648, 'epsilon': 2.5451094036053332e-09, 'hidden_layer_sizes': 98, 'learning_rate_init': 0.0014804111739100366, 'tol': 0.048123317214711754, 'validation_fraction': 0.7283866524731727}
observation time 0.000005, current best 0.112476 at iter 25
suggestion time taken 0.011662 iter 26 next_points [{'alpha': 0.9795258168978713, 'batch_size': 217, 'beta_1': 0.8616014982384671, 'beta_2': 0.9998787996548056, 'epsilon': 1.5388081768956515e-09, 'hidden_layer_sizes': 80, 'learning_rate_init': 0.002902675307994576, 'tol': 3.483258582918703e-05, 'validation_fraction': 0.5279624560488091}]
function_evaluation time 4.098240 value 0.181836 suggestion {'alpha': 0.9795258168978713, 'batch_size': 217, 'beta_1': 0.8616014982384671, 'beta_2': 0.9998787996548056, 'epsilon': 1.5388081768956515e-09, 'hidden_layer_sizes': 80, 'learning_rate_init': 0.002902675307994576, 'tol': 3.483258582918703e-05, 'validation_fraction': 0.5279624560488091}
observation time 0.000003, current best 0.112476 at iter 26
suggestion time taken 0.010411 iter 27 next_points [{'alpha': 1.0759088562269641e-05, 'batch_size': 223, 'beta_1': 0.8167815110335767, 'beta_2': 0.9807216109891983, 'epsilon': 6.314871279746287e-07, 'hidden_layer_sizes': 130, 'learning_rate_init': 5.7644886532669214e-05, 'tol': 0.011928591480203154, 'validation_fraction': 0.34911675438709255}]
function_evaluation time 1.006429 value 7.779906 suggestion {'alpha': 1.0759088562269641e-05, 'batch_size': 223, 'beta_1': 0.8167815110335767, 'beta_2': 0.9807216109891983, 'epsilon': 6.314871279746287e-07, 'hidden_layer_sizes': 130, 'learning_rate_init': 5.7644886532669214e-05, 'tol': 0.011928591480203154, 'validation_fraction': 0.34911675438709255}
observation time 0.000003, current best 0.112476 at iter 27
suggestion time taken 0.010298 iter 28 next_points [{'alpha': 0.026369272278248364, 'batch_size': 131, 'beta_1': 0.9060701736891495, 'beta_2': 0.9883575378245825, 'epsilon': 2.163538360610054e-08, 'hidden_layer_sizes': 174, 'learning_rate_init': 0.004183516274572034, 'tol': 2.0911436043372908e-05, 'validation_fraction': 0.7704877218608325}]
function_evaluation time 2.540233 value 0.293294 suggestion {'alpha': 0.026369272278248364, 'batch_size': 131, 'beta_1': 0.9060701736891495, 'beta_2': 0.9883575378245825, 'epsilon': 2.163538360610054e-08, 'hidden_layer_sizes': 174, 'learning_rate_init': 0.004183516274572034, 'tol': 2.0911436043372908e-05, 'validation_fraction': 0.7704877218608325}
observation time 0.000003, current best 0.112476 at iter 28
suggestion time taken 0.011570 iter 29 next_points [{'alpha': 8.214460818416772e-05, 'batch_size': 228, 'beta_1': 0.9807002346499025, 'beta_2': 0.9999956103689783, 'epsilon': 1.4626969199653044e-09, 'hidden_layer_sizes': 110, 'learning_rate_init': 0.00435156391133541, 'tol': 0.0018242395718098105, 'validation_fraction': 0.8511987736326164}]
/home/ryedida/.local/lib/python3.8/site-packages/sklearn/neural_network/_multilayer_perceptron.py:621: UserWarning: Got `batch_size` less than 1 or larger than sample size. It is going to be clipped
  warnings.warn(

function_evaluation time 1.807211 value 0.573728 suggestion {'alpha': 8.214460818416772e-05, 'batch_size': 228, 'beta_1': 0.9807002346499025, 'beta_2': 0.9999956103689783, 'epsilon': 1.4626969199653044e-09, 'hidden_layer_sizes': 110, 'learning_rate_init': 0.00435156391133541, 'tol': 0.0018242395718098105, 'validation_fraction': 0.8511987736326164}
observation time 0.000004, current best 0.112476 at iter 29
suggestion time taken 0.010822 iter 30 next_points [{'alpha': 0.0011247001751629356, 'batch_size': 99, 'beta_1': 0.9887508553362033, 'beta_2': 0.9999853350243937, 'epsilon': 2.8255201949912985e-07, 'hidden_layer_sizes': 146, 'learning_rate_init': 0.000955501675993318, 'tol': 0.020670981661367802, 'validation_fraction': 0.6670299045718427}]
function_evaluation time 1.649213 value 0.402629 suggestion {'alpha': 0.0011247001751629356, 'batch_size': 99, 'beta_1': 0.9887508553362033, 'beta_2': 0.9999853350243937, 'epsilon': 2.8255201949912985e-07, 'hidden_layer_sizes': 146, 'learning_rate_init': 0.000955501675993318, 'tol': 0.020670981661367802, 'validation_fraction': 0.6670299045718427}
observation time 0.000003, current best 0.112476 at iter 30
suggestion time taken 0.013330 iter 31 next_points [{'alpha': 0.004226932142839411, 'batch_size': 43, 'beta_1': 0.6367671839164973, 'beta_2': 0.9994051306063588, 'epsilon': 9.659084796625311e-09, 'hidden_layer_sizes': 122, 'learning_rate_init': 0.046120682183088166, 'tol': 0.006832566271257625, 'validation_fraction': 0.21271145460809002}]
function_evaluation time 4.938798 value 0.288307 suggestion {'alpha': 0.004226932142839411, 'batch_size': 43, 'beta_1': 0.6367671839164973, 'beta_2': 0.9994051306063588, 'epsilon': 9.659084796625311e-09, 'hidden_layer_sizes': 122, 'learning_rate_init': 0.046120682183088166, 'tol': 0.006832566271257625, 'validation_fraction': 0.21271145460809002}
observation time 0.000004, current best 0.112476 at iter 31
suggestion time taken 0.011250 iter 32 next_points [{'alpha': 0.0015254106187399042, 'batch_size': 185, 'beta_1': 0.9831835999580573, 'beta_2': 0.9999977872479622, 'epsilon': 5.420407713535146e-07, 'hidden_layer_sizes': 68, 'learning_rate_init': 0.0002489586962460809, 'tol': 0.014162155931170603, 'validation_fraction': 0.8024676130458597}]
function_evaluation time 0.657744 value 6.866221 suggestion {'alpha': 0.0015254106187399042, 'batch_size': 185, 'beta_1': 0.9831835999580573, 'beta_2': 0.9999977872479622, 'epsilon': 5.420407713535146e-07, 'hidden_layer_sizes': 68, 'learning_rate_init': 0.0002489586962460809, 'tol': 0.014162155931170603, 'validation_fraction': 0.8024676130458597}
observation time 0.000004, current best 0.112476 at iter 32
suggestion time taken 0.012571 iter 33 next_points [{'alpha': 1.1026150351671577e-05, 'batch_size': 133, 'beta_1': 0.9872570265407326, 'beta_2': 0.9012861744606228, 'epsilon': 1.70157381154451e-07, 'hidden_layer_sizes': 119, 'learning_rate_init': 0.08476629864006886, 'tol': 0.01415694294122211, 'validation_fraction': 0.4952571980841153}]
function_evaluation time 1.858818 value 1.405476 suggestion {'alpha': 1.1026150351671577e-05, 'batch_size': 133, 'beta_1': 0.9872570265407326, 'beta_2': 0.9012861744606228, 'epsilon': 1.70157381154451e-07, 'hidden_layer_sizes': 119, 'learning_rate_init': 0.08476629864006886, 'tol': 0.01415694294122211, 'validation_fraction': 0.4952571980841153}
observation time 0.000004, current best 0.112476 at iter 33
suggestion time taken 0.011278 iter 34 next_points [{'alpha': 0.17241660217436278, 'batch_size': 107, 'beta_1': 0.9358929246608093, 'beta_2': 0.9833783059772246, 'epsilon': 1.6434688688249534e-09, 'hidden_layer_sizes': 193, 'learning_rate_init': 0.02063781859381431, 'tol': 0.002103499086753894, 'validation_fraction': 0.6354193689929826}]
function_evaluation time 2.255770 value 0.219780 suggestion {'alpha': 0.17241660217436278, 'batch_size': 107, 'beta_1': 0.9358929246608093, 'beta_2': 0.9833783059772246, 'epsilon': 1.6434688688249534e-09, 'hidden_layer_sizes': 193, 'learning_rate_init': 0.02063781859381431, 'tol': 0.002103499086753894, 'validation_fraction': 0.6354193689929826}
observation time 0.000003, current best 0.112476 at iter 34
suggestion time taken 0.010417 iter 35 next_points [{'alpha': 0.7205444713064869, 'batch_size': 76, 'beta_1': 0.8042382600986703, 'beta_2': 0.9999985609344005, 'epsilon': 9.526062007430436e-09, 'hidden_layer_sizes': 100, 'learning_rate_init': 0.00019615668311757483, 'tol': 0.0026740666374502602, 'validation_fraction': 0.6142137366735969}]
function_evaluation time 6.935665 value 0.330524 suggestion {'alpha': 0.7205444713064869, 'batch_size': 76, 'beta_1': 0.8042382600986703, 'beta_2': 0.9999985609344005, 'epsilon': 9.526062007430436e-09, 'hidden_layer_sizes': 100, 'learning_rate_init': 0.00019615668311757483, 'tol': 0.0026740666374502602, 'validation_fraction': 0.6142137366735969}
observation time 0.000004, current best 0.112476 at iter 35
suggestion time taken 0.011797 iter 36 next_points [{'alpha': 0.000561898087784483, 'batch_size': 172, 'beta_1': 0.9780594691395605, 'beta_2': 0.9392179844634316, 'epsilon': 1.9900213823649657e-07, 'hidden_layer_sizes': 53, 'learning_rate_init': 0.03913469210205682, 'tol': 0.08656001082633352, 'validation_fraction': 0.43384357901968473}]
function_evaluation time 0.959898 value 0.988453 suggestion {'alpha': 0.000561898087784483, 'batch_size': 172, 'beta_1': 0.9780594691395605, 'beta_2': 0.9392179844634316, 'epsilon': 1.9900213823649657e-07, 'hidden_layer_sizes': 53, 'learning_rate_init': 0.03913469210205682, 'tol': 0.08656001082633352, 'validation_fraction': 0.43384357901968473}
observation time 0.000004, current best 0.112476 at iter 36
suggestion time taken 0.011301 iter 37 next_points [{'alpha': 0.006137454658610699, 'batch_size': 53, 'beta_1': 0.9361631578131797, 'beta_2': 0.9967897614169514, 'epsilon': 6.95318043558382e-07, 'hidden_layer_sizes': 100, 'learning_rate_init': 5.8996049312928106e-05, 'tol': 0.046180352461856, 'validation_fraction': 0.2534657205203656}]
function_evaluation time 2.575684 value 2.845132 suggestion {'alpha': 0.006137454658610699, 'batch_size': 53, 'beta_1': 0.9361631578131797, 'beta_2': 0.9967897614169514, 'epsilon': 6.95318043558382e-07, 'hidden_layer_sizes': 100, 'learning_rate_init': 5.8996049312928106e-05, 'tol': 0.046180352461856, 'validation_fraction': 0.2534657205203656}
observation time 0.000012, current best 0.112476 at iter 37
suggestion time taken 0.010960 iter 38 next_points [{'alpha': 0.00066866313576217, 'batch_size': 185, 'beta_1': 0.9718947909348605, 'beta_2': 0.999973998073835, 'epsilon': 1.3469514006172622e-08, 'hidden_layer_sizes': 190, 'learning_rate_init': 0.001588215021527981, 'tol': 0.0011527484939564078, 'validation_fraction': 0.19044746667578114}]
function_evaluation time 4.596454 value 0.144697 suggestion {'alpha': 0.00066866313576217, 'batch_size': 185, 'beta_1': 0.9718947909348605, 'beta_2': 0.999973998073835, 'epsilon': 1.3469514006172622e-08, 'hidden_layer_sizes': 190, 'learning_rate_init': 0.001588215021527981, 'tol': 0.0011527484939564078, 'validation_fraction': 0.19044746667578114}
observation time 0.000004, current best 0.112476 at iter 38
suggestion time taken 0.014350 iter 39 next_points [{'alpha': 0.00019423091086589626, 'batch_size': 96, 'beta_1': 0.9728862682411047, 'beta_2': 0.9997091130744522, 'epsilon': 2.602649595289029e-07, 'hidden_layer_sizes': 131, 'learning_rate_init': 0.019566136168308462, 'tol': 0.01034711099308393, 'validation_fraction': 0.1557663466072362}]
function_evaluation time 2.871072 value 0.228996 suggestion {'alpha': 0.00019423091086589626, 'batch_size': 96, 'beta_1': 0.9728862682411047, 'beta_2': 0.9997091130744522, 'epsilon': 2.602649595289029e-07, 'hidden_layer_sizes': 131, 'learning_rate_init': 0.019566136168308462, 'tol': 0.01034711099308393, 'validation_fraction': 0.1557663466072362}
observation time 0.000004, current best 0.112476 at iter 39
suggestion time taken 0.010452 iter 40 next_points [{'alpha': 0.3205218514538123, 'batch_size': 200, 'beta_1': 0.9504241378243449, 'beta_2': 0.999995214205077, 'epsilon': 8.258745551063491e-07, 'hidden_layer_sizes': 83, 'learning_rate_init': 0.0023840343673835526, 'tol': 2.1762524287647408e-05, 'validation_fraction': 0.4142391377831489}]
function_evaluation time 2.878603 value 0.181560 suggestion {'alpha': 0.3205218514538123, 'batch_size': 200, 'beta_1': 0.9504241378243449, 'beta_2': 0.999995214205077, 'epsilon': 8.258745551063491e-07, 'hidden_layer_sizes': 83, 'learning_rate_init': 0.0023840343673835526, 'tol': 2.1762524287647408e-05, 'validation_fraction': 0.4142391377831489}
observation time 0.000004, current best 0.112476 at iter 40
suggestion time taken 0.011075 iter 41 next_points [{'alpha': 8.497324316041018e-05, 'batch_size': 13, 'beta_1': 0.8948623242709219, 'beta_2': 0.9955882044963474, 'epsilon': 4.739692361012907e-09, 'hidden_layer_sizes': 74, 'learning_rate_init': 5.294391088571761e-05, 'tol': 0.0063461073280610845, 'validation_fraction': 0.8928659641871275}]
function_evaluation time 3.935037 value 6.548185 suggestion {'alpha': 8.497324316041018e-05, 'batch_size': 13, 'beta_1': 0.8948623242709219, 'beta_2': 0.9955882044963474, 'epsilon': 4.739692361012907e-09, 'hidden_layer_sizes': 74, 'learning_rate_init': 5.294391088571761e-05, 'tol': 0.0063461073280610845, 'validation_fraction': 0.8928659641871275}
observation time 0.000004, current best 0.112476 at iter 41
suggestion time taken 0.011172 iter 42 next_points [{'alpha': 0.14613835368651362, 'batch_size': 171, 'beta_1': 0.9298522425554765, 'beta_2': 0.9999864243143045, 'epsilon': 5.395799365810657e-07, 'hidden_layer_sizes': 84, 'learning_rate_init': 0.0007310698364634875, 'tol': 0.009164530587413795, 'validation_fraction': 0.676668371254845}]
function_evaluation time 2.089416 value 0.419318 suggestion {'alpha': 0.14613835368651362, 'batch_size': 171, 'beta_1': 0.9298522425554765, 'beta_2': 0.9999864243143045, 'epsilon': 5.395799365810657e-07, 'hidden_layer_sizes': 84, 'learning_rate_init': 0.0007310698364634875, 'tol': 0.009164530587413795, 'validation_fraction': 0.676668371254845}
observation time 0.000003, current best 0.112476 at iter 42
suggestion time taken 0.012322 iter 43 next_points [{'alpha': 0.008440213557426295, 'batch_size': 129, 'beta_1': 0.9583508261599123, 'beta_2': 0.9999363809173228, 'epsilon': 6.328816989535433e-07, 'hidden_layer_sizes': 176, 'learning_rate_init': 0.02855219712966462, 'tol': 1.412036104390735e-05, 'validation_fraction': 0.491708773021308}]
function_evaluation time 3.514497 value 0.297160 suggestion {'alpha': 0.008440213557426295, 'batch_size': 129, 'beta_1': 0.9583508261599123, 'beta_2': 0.9999363809173228, 'epsilon': 6.328816989535433e-07, 'hidden_layer_sizes': 176, 'learning_rate_init': 0.02855219712966462, 'tol': 1.412036104390735e-05, 'validation_fraction': 0.491708773021308}
observation time 0.000003, current best 0.112476 at iter 43
suggestion time taken 0.010215 iter 44 next_points [{'alpha': 4.394913168275363, 'batch_size': 49, 'beta_1': 0.9558289997657015, 'beta_2': 0.9239206449828514, 'epsilon': 8.208861190541266e-08, 'hidden_layer_sizes': 187, 'learning_rate_init': 0.00022506656622257537, 'tol': 0.01268140270384009, 'validation_fraction': 0.3753450689921515}]
function_evaluation time 4.020262 value 0.171401 suggestion {'alpha': 4.394913168275363, 'batch_size': 49, 'beta_1': 0.9558289997657015, 'beta_2': 0.9239206449828514, 'epsilon': 8.208861190541266e-08, 'hidden_layer_sizes': 187, 'learning_rate_init': 0.00022506656622257537, 'tol': 0.01268140270384009, 'validation_fraction': 0.3753450689921515}
observation time 0.000004, current best 0.112476 at iter 44
saving meta data: {'args': {'--uuid': 'f5da6d2e821d5c8795fe53cad9efa217', '-db-root': '/home/ryedida/bbo_challenge_starter_kit/output', '--opt-root': '/home/ryedida/bbo_challenge_starter_kit/example_submissions', '--data-root': None, '--db': 'run_20231013_221308', '--opt': 'random', '--data': 'digits', '--classifier': 'MLP-adam', '--metric': 'nll', '--calls': 45, '--suggestions': 1, '--jobs-file': None, '--verbose': False, 'dry_run': False, 'rev': 'a376313', 'opt_rev': '0.0.8'}, 'signature': ([{'alpha': 0.019628224813442792, 'batch_size': 182, 'beta_1': 0.9410202200271762, 'beta_2': 0.9998021557676793, 'epsilon': 1.8662266976518e-08, 'hidden_layer_sizes': 147, 'learning_rate_init': 0.0005627932047415167, 'tol': 0.03690557729213761, 'validation_fraction': 0.8846827852548593}, {'alpha': 0.001998246739232944, 'batch_size': 200, 'beta_1': 0.919111482530466, 'beta_2': 0.9998488260436156, 'epsilon': 5.981221901152555e-07, 'hidden_layer_sizes': 61, 'learning_rate_init': 2.2310905607443014e-05, 'tol': 1.2046852412030316e-05, 'validation_fraction': 0.8117896445826539}, {'alpha': 0.46659545670218433, 'batch_size': 219, 'beta_1': 0.9889789783750891, 'beta_2': 0.9999896868093284, 'epsilon': 2.4234724484675948e-08, 'hidden_layer_sizes': 167, 'learning_rate_init': 2.972334644335654e-05, 'tol': 0.0036281404040243792, 'validation_fraction': 0.17260651658522078}, {'alpha': 4.656005689076002, 'batch_size': 135, 'beta_1': 0.870503881627747, 'beta_2': 0.9948873266941017, 'epsilon': 2.1023308743480125e-07, 'hidden_layer_sizes': 118, 'learning_rate_init': 0.001878173875716191, 'tol': 1.1889379831773006e-05, 'validation_fraction': 0.6264327093752792}, {'alpha': 0.04705159350400542, 'batch_size': 158, 'beta_1': 0.9870884262730957, 'beta_2': 0.9999596874382349, 'epsilon': 1.1981845126013875e-08, 'hidden_layer_sizes': 116, 'learning_rate_init': 0.006173405204074311, 'tol': 1.7414134181586194e-05, 'validation_fraction': 0.6754299026638921}], [4.8709522768835765, 9.710667750887517, 5.950791832993735, 0.19438427080405424, 0.25190216699945633])}
saving results
saving timing
saving suggest log
done
