running: {'--uuid': '0ef433b0ace15f80a4ca7f4f59d85d3b', '-db-root': '/home/ryedida/bbo_challenge_starter_kit/output', '--opt-root': '/home/ryedida/bbo_challenge_starter_kit/example_submissions', '--data-root': None, '--db': 'run_20231015_191245', '--opt': 'strongcvx', '--data': 'diabetes', '--classifier': 'MLP-adam', '--metric': 'mse', '--calls': 45, '--suggestions': 1, '--jobs-file': None, '--verbose': False, 'dry_run': False, 'rev': 'a376313', 'opt_rev': 'x.x.x'}
cmd: python strongcvx/optimizer.py -c MLP-adam -d diabetes -o strongcvx -u 0ef433b0ace15f80a4ca7f4f59d85d3b -m mse -n 45 -p 1 -dir /home/ryedida/bbo_challenge_starter_kit/output -b run_20231015_191245
/home/ryedida/.local/lib/python3.8/site-packages/sklearn/neural_network/_multilayer_perceptron.py:621: UserWarning: Got `batch_size` less than 1 or larger than sample size. It is going to be clipped
  warnings.warn(

/home/ryedida/.local/lib/python3.8/site-packages/sklearn/neural_network/_multilayer_perceptron.py:621: UserWarning: Got `batch_size` less than 1 or larger than sample size. It is going to be clipped
  warnings.warn(

/home/ryedida/.local/lib/python3.8/site-packages/sklearn/neural_network/_multilayer_perceptron.py:621: UserWarning: Got `batch_size` less than 1 or larger than sample size. It is going to be clipped
  warnings.warn(

/home/ryedida/.local/lib/python3.8/site-packages/sklearn/neural_network/_multilayer_perceptron.py:702: ConvergenceWarning: Stochastic Optimizer: Maximum iterations (200) reached and the optimization hasn't converged yet.
  warnings.warn(

/home/ryedida/.local/lib/python3.8/site-packages/sklearn/neural_network/_multilayer_perceptron.py:621: UserWarning: Got `batch_size` less than 1 or larger than sample size. It is going to be clipped
  warnings.warn(

/home/ryedida/.local/lib/python3.8/site-packages/sklearn/neural_network/_multilayer_perceptron.py:702: ConvergenceWarning: Stochastic Optimizer: Maximum iterations (200) reached and the optimization hasn't converged yet.
  warnings.warn(

computed signature: ([{'alpha': 0.019628224813442792, 'batch_size': 182, 'beta_1': 0.9410202200271762, 'beta_2': 0.9998021557676793, 'epsilon': 1.8662266976518e-08, 'hidden_layer_sizes': 147, 'learning_rate_init': 0.0005627932047415167, 'tol': 0.03690557729213761, 'validation_fraction': 0.8846827852548593}, {'alpha': 0.001998246739232944, 'batch_size': 200, 'beta_1': 0.919111482530466, 'beta_2': 0.9998488260436156, 'epsilon': 5.981221901152555e-07, 'hidden_layer_sizes': 61, 'learning_rate_init': 2.2310905607443014e-05, 'tol': 1.2046852412030316e-05, 'validation_fraction': 0.8117896445826539}, {'alpha': 0.46659545670218433, 'batch_size': 219, 'beta_1': 0.9889789783750891, 'beta_2': 0.9999896868093284, 'epsilon': 2.4234724484675948e-08, 'hidden_layer_sizes': 167, 'learning_rate_init': 2.972334644335654e-05, 'tol': 0.0036281404040243792, 'validation_fraction': 0.17260651658522078}, {'alpha': 4.656005689076002, 'batch_size': 135, 'beta_1': 0.870503881627747, 'beta_2': 0.9948873266941017, 'epsilon': 2.1023308743480125e-07, 'hidden_layer_sizes': 118, 'learning_rate_init': 0.001878173875716191, 'tol': 1.1889379831773006e-05, 'validation_fraction': 0.6264327093752792}, {'alpha': 0.04705159350400542, 'batch_size': 158, 'beta_1': 0.9870884262730957, 'beta_2': 0.9999596874382349, 'epsilon': 1.1981845126013875e-08, 'hidden_layer_sizes': 116, 'learning_rate_init': 0.006173405204074311, 'tol': 1.7414134181586194e-05, 'validation_fraction': 0.6754299026638921}], [29083.993548572587, 29062.423277324073, 29075.78987471409, 24626.32866834337, 9584.226858493173])
/home/ryedida/.local/lib/python3.8/site-packages/bayesmark/experiment.py:470: UserWarning: Baselines not found. Will not log intermediate scores.
  warnings.warn("Baselines not found. Will not log intermediate scores.")

starting sklearn study strongcvx MLP-adam diabetes mse 45 1
with data root: None
suggestion time taken 16.802936 iter 0 next_points [{'alpha': 0.019597915839632545, 'batch_size': 236, 'beta_1': 0.8695826637954654, 'beta_2': 0.9999877539090621, 'epsilon': 1.7855734093971542e-07, 'hidden_layer_sizes': 189, 'learning_rate_init': 0.01823522090113836, 'tol': 0.004875010748234321, 'validation_fraction': 0.8458919284103926}]
/home/ryedida/.local/lib/python3.8/site-packages/sklearn/neural_network/_multilayer_perceptron.py:621: UserWarning: Got `batch_size` less than 1 or larger than sample size. It is going to be clipped
  warnings.warn(

function_evaluation time 1.141718 value 3819.094802 suggestion {'alpha': 0.019597915839632545, 'batch_size': 236, 'beta_1': 0.8695826637954654, 'beta_2': 0.9999877539090621, 'epsilon': 1.7855734093971542e-07, 'hidden_layer_sizes': 189, 'learning_rate_init': 0.01823522090113836, 'tol': 0.004875010748234321, 'validation_fraction': 0.8458919284103926}
observation time 0.000006, current best 3819.094802 at iter 0
suggestion time taken 16.429552 iter 1 next_points [{'alpha': 0.010797164811780212, 'batch_size': 228, 'beta_1': 0.9582078630698411, 'beta_2': 0.9998311348406539, 'epsilon': 4.015337727138712e-07, 'hidden_layer_sizes': 171, 'learning_rate_init': 3.824108203196171e-05, 'tol': 0.007296900175118311, 'validation_fraction': 0.8971865483651973}]
/home/ryedida/.local/lib/python3.8/site-packages/sklearn/neural_network/_multilayer_perceptron.py:621: UserWarning: Got `batch_size` less than 1 or larger than sample size. It is going to be clipped
  warnings.warn(

function_evaluation time 0.192081 value 29138.299050 suggestion {'alpha': 0.010797164811780212, 'batch_size': 228, 'beta_1': 0.9582078630698411, 'beta_2': 0.9998311348406539, 'epsilon': 4.015337727138712e-07, 'hidden_layer_sizes': 171, 'learning_rate_init': 3.824108203196171e-05, 'tol': 0.007296900175118311, 'validation_fraction': 0.8971865483651973}
observation time 0.000005, current best 3819.094802 at iter 1
suggestion time taken 16.034306 iter 2 next_points [{'alpha': 0.00026621295610282223, 'batch_size': 249, 'beta_1': 0.899226975658083, 'beta_2': 0.9999728690834094, 'epsilon': 1.0469079590553623e-07, 'hidden_layer_sizes': 134, 'learning_rate_init': 0.01707007694618215, 'tol': 1.0925896509076956e-05, 'validation_fraction': 0.22724495637001255}]
function_evaluation time 2.776470 value 3496.101249 suggestion {'alpha': 0.00026621295610282223, 'batch_size': 249, 'beta_1': 0.899226975658083, 'beta_2': 0.9999728690834094, 'epsilon': 1.0469079590553623e-07, 'hidden_layer_sizes': 134, 'learning_rate_init': 0.01707007694618215, 'tol': 1.0925896509076956e-05, 'validation_fraction': 0.22724495637001255}
observation time 0.000005, current best 3496.101249 at iter 2
suggestion time taken 16.867013 iter 3 next_points [{'alpha': 0.0007865219027879845, 'batch_size': 238, 'beta_1': 0.9246155474101082, 'beta_2': 0.9913630921681353, 'epsilon': 2.4013691804687467e-07, 'hidden_layer_sizes': 136, 'learning_rate_init': 0.045485575851804703, 'tol': 2.5359394225547713e-05, 'validation_fraction': 0.5630023482879575}]
/home/ryedida/.local/lib/python3.8/site-packages/sklearn/neural_network/_multilayer_perceptron.py:621: UserWarning: Got `batch_size` less than 1 or larger than sample size. It is going to be clipped
  warnings.warn(

function_evaluation time 0.825142 value 4064.751995 suggestion {'alpha': 0.0007865219027879845, 'batch_size': 238, 'beta_1': 0.9246155474101082, 'beta_2': 0.9913630921681353, 'epsilon': 2.4013691804687467e-07, 'hidden_layer_sizes': 136, 'learning_rate_init': 0.045485575851804703, 'tol': 2.5359394225547713e-05, 'validation_fraction': 0.5630023482879575}
observation time 0.000005, current best 3496.101249 at iter 3
suggestion time taken 16.313741 iter 4 next_points [{'alpha': 0.0008772435322462551, 'batch_size': 243, 'beta_1': 0.9187810233191697, 'beta_2': 0.9912759096303189, 'epsilon': 2.6535844636850378e-09, 'hidden_layer_sizes': 166, 'learning_rate_init': 6.769424378775934e-05, 'tol': 0.0292485334029028, 'validation_fraction': 0.12622684346724186}]
function_evaluation time 0.298612 value 29108.145830 suggestion {'alpha': 0.0008772435322462551, 'batch_size': 243, 'beta_1': 0.9187810233191697, 'beta_2': 0.9912759096303189, 'epsilon': 2.6535844636850378e-09, 'hidden_layer_sizes': 166, 'learning_rate_init': 6.769424378775934e-05, 'tol': 0.0292485334029028, 'validation_fraction': 0.12622684346724186}
observation time 0.000005, current best 3496.101249 at iter 4
suggestion time taken 16.280350 iter 5 next_points [{'alpha': 1.1834502187983742e-05, 'batch_size': 246, 'beta_1': 0.9072699814560979, 'beta_2': 0.9764169697915146, 'epsilon': 3.7224725492580786e-07, 'hidden_layer_sizes': 170, 'learning_rate_init': 8.835581624403923e-05, 'tol': 0.0024191111453797866, 'validation_fraction': 0.8884040543413597}]
/home/ryedida/.local/lib/python3.8/site-packages/sklearn/neural_network/_multilayer_perceptron.py:621: UserWarning: Got `batch_size` less than 1 or larger than sample size. It is going to be clipped
  warnings.warn(

function_evaluation time 0.203601 value 29173.914250 suggestion {'alpha': 1.1834502187983742e-05, 'batch_size': 246, 'beta_1': 0.9072699814560979, 'beta_2': 0.9764169697915146, 'epsilon': 3.7224725492580786e-07, 'hidden_layer_sizes': 170, 'learning_rate_init': 8.835581624403923e-05, 'tol': 0.0024191111453797866, 'validation_fraction': 0.8884040543413597}
observation time 0.000005, current best 3496.101249 at iter 5
suggestion time taken 16.377749 iter 6 next_points [{'alpha': 8.660607797762514, 'batch_size': 232, 'beta_1': 0.8923281540233072, 'beta_2': 0.9998690277102545, 'epsilon': 6.723111570456344e-08, 'hidden_layer_sizes': 175, 'learning_rate_init': 0.001906882952668415, 'tol': 0.044268545079560975, 'validation_fraction': 0.16067038985427273}]
function_evaluation time 0.311001 value 28884.616757 suggestion {'alpha': 8.660607797762514, 'batch_size': 232, 'beta_1': 0.8923281540233072, 'beta_2': 0.9998690277102545, 'epsilon': 6.723111570456344e-08, 'hidden_layer_sizes': 175, 'learning_rate_init': 0.001906882952668415, 'tol': 0.044268545079560975, 'validation_fraction': 0.16067038985427273}
observation time 0.000004, current best 3496.101249 at iter 6
suggestion time taken 16.104338 iter 7 next_points [{'alpha': 0.27676897964115554, 'batch_size': 242, 'beta_1': 0.5495121174614325, 'beta_2': 0.9443748015281243, 'epsilon': 6.350144794839054e-07, 'hidden_layer_sizes': 129, 'learning_rate_init': 8.434009555629905e-05, 'tol': 1.5811974672804236e-05, 'validation_fraction': 0.8785028201541695}]
/home/ryedida/.local/lib/python3.8/site-packages/sklearn/neural_network/_multilayer_perceptron.py:621: UserWarning: Got `batch_size` less than 1 or larger than sample size. It is going to be clipped
  warnings.warn(

/home/ryedida/.local/lib/python3.8/site-packages/sklearn/neural_network/_multilayer_perceptron.py:702: ConvergenceWarning: Stochastic Optimizer: Maximum iterations (200) reached and the optimization hasn't converged yet.
  warnings.warn(

function_evaluation time 2.626204 value 29062.120987 suggestion {'alpha': 0.27676897964115554, 'batch_size': 242, 'beta_1': 0.5495121174614325, 'beta_2': 0.9443748015281243, 'epsilon': 6.350144794839054e-07, 'hidden_layer_sizes': 129, 'learning_rate_init': 8.434009555629905e-05, 'tol': 1.5811974672804236e-05, 'validation_fraction': 0.8785028201541695}
observation time 0.000005, current best 3496.101249 at iter 7
suggestion time taken 16.954520 iter 8 next_points [{'alpha': 1.4213975547995199e-05, 'batch_size': 221, 'beta_1': 0.7856474395893505, 'beta_2': 0.9999677012165901, 'epsilon': 2.318470717222662e-09, 'hidden_layer_sizes': 130, 'learning_rate_init': 0.016782649791172173, 'tol': 0.007660367103185985, 'validation_fraction': 0.15705955254490636}]
function_evaluation time 1.182391 value 3749.615944 suggestion {'alpha': 1.4213975547995199e-05, 'batch_size': 221, 'beta_1': 0.7856474395893505, 'beta_2': 0.9999677012165901, 'epsilon': 2.318470717222662e-09, 'hidden_layer_sizes': 130, 'learning_rate_init': 0.016782649791172173, 'tol': 0.007660367103185985, 'validation_fraction': 0.15705955254490636}
observation time 0.000005, current best 3496.101249 at iter 8
suggestion time taken 16.516419 iter 9 next_points [{'alpha': 0.07362861814527473, 'batch_size': 242, 'beta_1': 0.9797646103518989, 'beta_2': 0.9999989660056996, 'epsilon': 7.685380608876354e-09, 'hidden_layer_sizes': 188, 'learning_rate_init': 0.009634785790553586, 'tol': 0.005165196544875846, 'validation_fraction': 0.23385575846465032}]
function_evaluation time 2.548356 value 4156.640529 suggestion {'alpha': 0.07362861814527473, 'batch_size': 242, 'beta_1': 0.9797646103518989, 'beta_2': 0.9999989660056996, 'epsilon': 7.685380608876354e-09, 'hidden_layer_sizes': 188, 'learning_rate_init': 0.009634785790553586, 'tol': 0.005165196544875846, 'validation_fraction': 0.23385575846465032}
observation time 0.000005, current best 3496.101249 at iter 9
suggestion time taken 17.644278 iter 10 next_points [{'alpha': 3.134745717570605, 'batch_size': 245, 'beta_1': 0.8161555074911081, 'beta_2': 0.9971735129483222, 'epsilon': 2.589861948771366e-07, 'hidden_layer_sizes': 138, 'learning_rate_init': 0.00017001741876742783, 'tol': 0.0007684972989142596, 'validation_fraction': 0.35178810327834414}]
/home/ryedida/.local/lib/python3.8/site-packages/sklearn/neural_network/_multilayer_perceptron.py:621: UserWarning: Got `batch_size` less than 1 or larger than sample size. It is going to be clipped
  warnings.warn(

function_evaluation time 0.227327 value 29118.433709 suggestion {'alpha': 3.134745717570605, 'batch_size': 245, 'beta_1': 0.8161555074911081, 'beta_2': 0.9971735129483222, 'epsilon': 2.589861948771366e-07, 'hidden_layer_sizes': 138, 'learning_rate_init': 0.00017001741876742783, 'tol': 0.0007684972989142596, 'validation_fraction': 0.35178810327834414}
observation time 0.000005, current best 3496.101249 at iter 10
suggestion time taken 17.503399 iter 11 next_points [{'alpha': 0.0003125732451401312, 'batch_size': 216, 'beta_1': 0.9834283870088113, 'beta_2': 0.995167668519847, 'epsilon': 3.879414164481965e-08, 'hidden_layer_sizes': 88, 'learning_rate_init': 1.7225957468561045e-05, 'tol': 0.0023153865589337266, 'validation_fraction': 0.4019824149118553}]
/home/ryedida/.local/lib/python3.8/site-packages/sklearn/neural_network/_multilayer_perceptron.py:621: UserWarning: Got `batch_size` less than 1 or larger than sample size. It is going to be clipped
  warnings.warn(

function_evaluation time 0.197788 value 29066.054512 suggestion {'alpha': 0.0003125732451401312, 'batch_size': 216, 'beta_1': 0.9834283870088113, 'beta_2': 0.995167668519847, 'epsilon': 3.879414164481965e-08, 'hidden_layer_sizes': 88, 'learning_rate_init': 1.7225957468561045e-05, 'tol': 0.0023153865589337266, 'validation_fraction': 0.4019824149118553}
observation time 0.000005, current best 3496.101249 at iter 11
suggestion time taken 17.338322 iter 12 next_points [{'alpha': 0.00031120465214798897, 'batch_size': 249, 'beta_1': 0.9808405976848691, 'beta_2': 0.9846643060838114, 'epsilon': 6.942040752796394e-07, 'hidden_layer_sizes': 63, 'learning_rate_init': 0.00013051170082958323, 'tol': 0.0030545547647634064, 'validation_fraction': 0.4491172298363809}]
/home/ryedida/.local/lib/python3.8/site-packages/sklearn/neural_network/_multilayer_perceptron.py:621: UserWarning: Got `batch_size` less than 1 or larger than sample size. It is going to be clipped
  warnings.warn(

function_evaluation time 0.184814 value 29157.249293 suggestion {'alpha': 0.00031120465214798897, 'batch_size': 249, 'beta_1': 0.9808405976848691, 'beta_2': 0.9846643060838114, 'epsilon': 6.942040752796394e-07, 'hidden_layer_sizes': 63, 'learning_rate_init': 0.00013051170082958323, 'tol': 0.0030545547647634064, 'validation_fraction': 0.4491172298363809}
observation time 0.000005, current best 3496.101249 at iter 12
suggestion time taken 17.419112 iter 13 next_points [{'alpha': 0.0007926935237993811, 'batch_size': 240, 'beta_1': 0.9543477916214146, 'beta_2': 0.9999972425348628, 'epsilon': 2.2323926996004586e-07, 'hidden_layer_sizes': 194, 'learning_rate_init': 0.0002966407020278601, 'tol': 7.906250394668185e-05, 'validation_fraction': 0.14344632688001924}]
/home/ryedida/.local/lib/python3.8/site-packages/sklearn/neural_network/_multilayer_perceptron.py:702: ConvergenceWarning: Stochastic Optimizer: Maximum iterations (200) reached and the optimization hasn't converged yet.
  warnings.warn(

function_evaluation time 4.998692 value 28061.011606 suggestion {'alpha': 0.0007926935237993811, 'batch_size': 240, 'beta_1': 0.9543477916214146, 'beta_2': 0.9999972425348628, 'epsilon': 2.2323926996004586e-07, 'hidden_layer_sizes': 194, 'learning_rate_init': 0.0002966407020278601, 'tol': 7.906250394668185e-05, 'validation_fraction': 0.14344632688001924}
observation time 0.000005, current best 3496.101249 at iter 13
suggestion time taken 16.897070 iter 14 next_points [{'alpha': 2.6337053222861714e-05, 'batch_size': 222, 'beta_1': 0.9346609764501689, 'beta_2': 0.9999861946781634, 'epsilon': 4.295662188414927e-08, 'hidden_layer_sizes': 121, 'learning_rate_init': 0.00150211828544831, 'tol': 0.00020158083097170573, 'validation_fraction': 0.5745595561629636}]
/home/ryedida/.local/lib/python3.8/site-packages/sklearn/neural_network/_multilayer_perceptron.py:621: UserWarning: Got `batch_size` less than 1 or larger than sample size. It is going to be clipped
  warnings.warn(

/home/ryedida/.local/lib/python3.8/site-packages/sklearn/neural_network/_multilayer_perceptron.py:702: ConvergenceWarning: Stochastic Optimizer: Maximum iterations (200) reached and the optimization hasn't converged yet.
  warnings.warn(

function_evaluation time 3.315606 value 25893.166194 suggestion {'alpha': 2.6337053222861714e-05, 'batch_size': 222, 'beta_1': 0.9346609764501689, 'beta_2': 0.9999861946781634, 'epsilon': 4.295662188414927e-08, 'hidden_layer_sizes': 121, 'learning_rate_init': 0.00150211828544831, 'tol': 0.00020158083097170573, 'validation_fraction': 0.5745595561629636}
observation time 0.000005, current best 3496.101249 at iter 14
suggestion time taken 18.031920 iter 15 next_points [{'alpha': 0.1470535464372581, 'batch_size': 212, 'beta_1': 0.8649691903367082, 'beta_2': 0.9999845163914748, 'epsilon': 2.3326525664271475e-09, 'hidden_layer_sizes': 97, 'learning_rate_init': 0.03702955570772622, 'tol': 0.03491623485400431, 'validation_fraction': 0.7778774600198475}]
/home/ryedida/.local/lib/python3.8/site-packages/sklearn/neural_network/_multilayer_perceptron.py:621: UserWarning: Got `batch_size` less than 1 or larger than sample size. It is going to be clipped
  warnings.warn(

function_evaluation time 0.784707 value 3901.412817 suggestion {'alpha': 0.1470535464372581, 'batch_size': 212, 'beta_1': 0.8649691903367082, 'beta_2': 0.9999845163914748, 'epsilon': 2.3326525664271475e-09, 'hidden_layer_sizes': 97, 'learning_rate_init': 0.03702955570772622, 'tol': 0.03491623485400431, 'validation_fraction': 0.7778774600198475}
observation time 0.000005, current best 3496.101249 at iter 15
suggestion time taken 17.376540 iter 16 next_points [{'alpha': 6.44302571170496e-05, 'batch_size': 241, 'beta_1': 0.9090233040411756, 'beta_2': 0.9994042718006839, 'epsilon': 2.1726134035028773e-09, 'hidden_layer_sizes': 126, 'learning_rate_init': 0.0024360191988380534, 'tol': 0.07722499397324023, 'validation_fraction': 0.16903423113179386}]
function_evaluation time 0.230893 value 29009.968651 suggestion {'alpha': 6.44302571170496e-05, 'batch_size': 241, 'beta_1': 0.9090233040411756, 'beta_2': 0.9994042718006839, 'epsilon': 2.1726134035028773e-09, 'hidden_layer_sizes': 126, 'learning_rate_init': 0.0024360191988380534, 'tol': 0.07722499397324023, 'validation_fraction': 0.16903423113179386}
observation time 0.000005, current best 3496.101249 at iter 16
suggestion time taken 18.018481 iter 17 next_points [{'alpha': 9.02333774550335e-05, 'batch_size': 248, 'beta_1': 0.9446530688770939, 'beta_2': 0.9961886643693185, 'epsilon': 1.5946899879344533e-07, 'hidden_layer_sizes': 127, 'learning_rate_init': 3.395778583253763e-05, 'tol': 2.4510188367047835e-05, 'validation_fraction': 0.8002433742330332}]
/home/ryedida/.local/lib/python3.8/site-packages/sklearn/neural_network/_multilayer_perceptron.py:621: UserWarning: Got `batch_size` less than 1 or larger than sample size. It is going to be clipped
  warnings.warn(

/home/ryedida/.local/lib/python3.8/site-packages/sklearn/neural_network/_multilayer_perceptron.py:702: ConvergenceWarning: Stochastic Optimizer: Maximum iterations (200) reached and the optimization hasn't converged yet.
  warnings.warn(

function_evaluation time 1.892008 value 29121.932122 suggestion {'alpha': 9.02333774550335e-05, 'batch_size': 248, 'beta_1': 0.9446530688770939, 'beta_2': 0.9961886643693185, 'epsilon': 1.5946899879344533e-07, 'hidden_layer_sizes': 127, 'learning_rate_init': 3.395778583253763e-05, 'tol': 2.4510188367047835e-05, 'validation_fraction': 0.8002433742330332}
observation time 0.000005, current best 3496.101249 at iter 17
suggestion time taken 17.217119 iter 18 next_points [{'alpha': 6.746745370329599, 'batch_size': 246, 'beta_1': 0.5424018461611971, 'beta_2': 0.9259210071696088, 'epsilon': 7.840409021349235e-08, 'hidden_layer_sizes': 157, 'learning_rate_init': 1.4642020163310827e-05, 'tol': 1.7525871848272043e-05, 'validation_fraction': 0.1848005471673834}]
/home/ryedida/.local/lib/python3.8/site-packages/sklearn/neural_network/_multilayer_perceptron.py:702: ConvergenceWarning: Stochastic Optimizer: Maximum iterations (200) reached and the optimization hasn't converged yet.
  warnings.warn(

function_evaluation time 1.130321 value 29095.282811 suggestion {'alpha': 6.746745370329599, 'batch_size': 246, 'beta_1': 0.5424018461611971, 'beta_2': 0.9259210071696088, 'epsilon': 7.840409021349235e-08, 'hidden_layer_sizes': 157, 'learning_rate_init': 1.4642020163310827e-05, 'tol': 1.7525871848272043e-05, 'validation_fraction': 0.1848005471673834}
observation time 0.000005, current best 3496.101249 at iter 18
suggestion time taken 18.649182 iter 19 next_points [{'alpha': 0.0005944574228328765, 'batch_size': 244, 'beta_1': 0.6558835790097267, 'beta_2': 0.9980484022987268, 'epsilon': 2.096089738010422e-07, 'hidden_layer_sizes': 197, 'learning_rate_init': 0.001494910882041921, 'tol': 0.0004517079949294449, 'validation_fraction': 0.4271911732518788}]
/home/ryedida/.local/lib/python3.8/site-packages/sklearn/neural_network/_multilayer_perceptron.py:621: UserWarning: Got `batch_size` less than 1 or larger than sample size. It is going to be clipped
  warnings.warn(

/home/ryedida/.local/lib/python3.8/site-packages/sklearn/neural_network/_multilayer_perceptron.py:702: ConvergenceWarning: Stochastic Optimizer: Maximum iterations (200) reached and the optimization hasn't converged yet.
  warnings.warn(

function_evaluation time 3.730176 value 23268.351077 suggestion {'alpha': 0.0005944574228328765, 'batch_size': 244, 'beta_1': 0.6558835790097267, 'beta_2': 0.9980484022987268, 'epsilon': 2.096089738010422e-07, 'hidden_layer_sizes': 197, 'learning_rate_init': 0.001494910882041921, 'tol': 0.0004517079949294449, 'validation_fraction': 0.4271911732518788}
observation time 0.000005, current best 3496.101249 at iter 19
suggestion time taken 17.966943 iter 20 next_points [{'alpha': 1.0826401097993346, 'batch_size': 225, 'beta_1': 0.6556327834089825, 'beta_2': 0.9443603602536377, 'epsilon': 7.660838196125176e-07, 'hidden_layer_sizes': 160, 'learning_rate_init': 0.00027183338872739676, 'tol': 0.06166649662750788, 'validation_fraction': 0.6686468142952471}]
/home/ryedida/.local/lib/python3.8/site-packages/sklearn/neural_network/_multilayer_perceptron.py:621: UserWarning: Got `batch_size` less than 1 or larger than sample size. It is going to be clipped
  warnings.warn(

function_evaluation time 0.227476 value 29084.725610 suggestion {'alpha': 1.0826401097993346, 'batch_size': 225, 'beta_1': 0.6556327834089825, 'beta_2': 0.9443603602536377, 'epsilon': 7.660838196125176e-07, 'hidden_layer_sizes': 160, 'learning_rate_init': 0.00027183338872739676, 'tol': 0.06166649662750788, 'validation_fraction': 0.6686468142952471}
observation time 0.000005, current best 3496.101249 at iter 20
suggestion time taken 18.128884 iter 21 next_points [{'alpha': 0.0006635911197886522, 'batch_size': 234, 'beta_1': 0.9289895039655511, 'beta_2': 0.9992519417195682, 'epsilon': 2.4157392531344783e-07, 'hidden_layer_sizes': 68, 'learning_rate_init': 0.0169229521542728, 'tol': 0.03892671423663278, 'validation_fraction': 0.76336039633956}]
/home/ryedida/.local/lib/python3.8/site-packages/sklearn/neural_network/_multilayer_perceptron.py:621: UserWarning: Got `batch_size` less than 1 or larger than sample size. It is going to be clipped
  warnings.warn(

function_evaluation time 0.160909 value 28135.676281 suggestion {'alpha': 0.0006635911197886522, 'batch_size': 234, 'beta_1': 0.9289895039655511, 'beta_2': 0.9992519417195682, 'epsilon': 2.4157392531344783e-07, 'hidden_layer_sizes': 68, 'learning_rate_init': 0.0169229521542728, 'tol': 0.03892671423663278, 'validation_fraction': 0.76336039633956}
observation time 0.000005, current best 3496.101249 at iter 21
suggestion time taken 17.167026 iter 22 next_points [{'alpha': 0.0014749848356903532, 'batch_size': 243, 'beta_1': 0.9890681412483628, 'beta_2': 0.9999864940044855, 'epsilon': 7.865645585374536e-08, 'hidden_layer_sizes': 181, 'learning_rate_init': 0.044690023290286346, 'tol': 0.014288957923440588, 'validation_fraction': 0.6818288404255943}]
/home/ryedida/.local/lib/python3.8/site-packages/sklearn/neural_network/_multilayer_perceptron.py:621: UserWarning: Got `batch_size` less than 1 or larger than sample size. It is going to be clipped
  warnings.warn(

function_evaluation time 0.718419 value 4351.613200 suggestion {'alpha': 0.0014749848356903532, 'batch_size': 243, 'beta_1': 0.9890681412483628, 'beta_2': 0.9999864940044855, 'epsilon': 7.865645585374536e-08, 'hidden_layer_sizes': 181, 'learning_rate_init': 0.044690023290286346, 'tol': 0.014288957923440588, 'validation_fraction': 0.6818288404255943}
observation time 0.000005, current best 3496.101249 at iter 22
suggestion time taken 18.672456 iter 23 next_points [{'alpha': 0.0018897526569524692, 'batch_size': 220, 'beta_1': 0.8205158983874099, 'beta_2': 0.9999988763646568, 'epsilon': 2.861943429742471e-09, 'hidden_layer_sizes': 194, 'learning_rate_init': 0.0003127171413148149, 'tol': 1.9391539414343014e-05, 'validation_fraction': 0.10100340165278637}]
/home/ryedida/.local/lib/python3.8/site-packages/sklearn/neural_network/_multilayer_perceptron.py:702: ConvergenceWarning: Stochastic Optimizer: Maximum iterations (200) reached and the optimization hasn't converged yet.
  warnings.warn(

function_evaluation time 5.270589 value 27848.535304 suggestion {'alpha': 0.0018897526569524692, 'batch_size': 220, 'beta_1': 0.8205158983874099, 'beta_2': 0.9999988763646568, 'epsilon': 2.861943429742471e-09, 'hidden_layer_sizes': 194, 'learning_rate_init': 0.0003127171413148149, 'tol': 1.9391539414343014e-05, 'validation_fraction': 0.10100340165278637}
observation time 0.000005, current best 3496.101249 at iter 23
suggestion time taken 17.500373 iter 24 next_points [{'alpha': 0.1073288350623051, 'batch_size': 238, 'beta_1': 0.987395153498747, 'beta_2': 0.9999166324741134, 'epsilon': 9.09868206288932e-09, 'hidden_layer_sizes': 158, 'learning_rate_init': 0.0012895665220407548, 'tol': 0.015108904558633183, 'validation_fraction': 0.46601170255001356}]
/home/ryedida/.local/lib/python3.8/site-packages/sklearn/neural_network/_multilayer_perceptron.py:621: UserWarning: Got `batch_size` less than 1 or larger than sample size. It is going to be clipped
  warnings.warn(

function_evaluation time 0.255478 value 29030.140074 suggestion {'alpha': 0.1073288350623051, 'batch_size': 238, 'beta_1': 0.987395153498747, 'beta_2': 0.9999166324741134, 'epsilon': 9.09868206288932e-09, 'hidden_layer_sizes': 158, 'learning_rate_init': 0.0012895665220407548, 'tol': 0.015108904558633183, 'validation_fraction': 0.46601170255001356}
observation time 0.000005, current best 3496.101249 at iter 24
suggestion time taken 18.241563 iter 25 next_points [{'alpha': 0.12081661155071029, 'batch_size': 227, 'beta_1': 0.9667423336877724, 'beta_2': 0.9999989373697825, 'epsilon': 2.7510861093882445e-08, 'hidden_layer_sizes': 194, 'learning_rate_init': 1.7440734351823788e-05, 'tol': 0.004953468806552384, 'validation_fraction': 0.49189387382506017}]
/home/ryedida/.local/lib/python3.8/site-packages/sklearn/neural_network/_multilayer_perceptron.py:621: UserWarning: Got `batch_size` less than 1 or larger than sample size. It is going to be clipped
  warnings.warn(

function_evaluation time 0.231930 value 29136.416489 suggestion {'alpha': 0.12081661155071029, 'batch_size': 227, 'beta_1': 0.9667423336877724, 'beta_2': 0.9999989373697825, 'epsilon': 2.7510861093882445e-08, 'hidden_layer_sizes': 194, 'learning_rate_init': 1.7440734351823788e-05, 'tol': 0.004953468806552384, 'validation_fraction': 0.49189387382506017}
observation time 0.000005, current best 3496.101249 at iter 25
suggestion time taken 17.310642 iter 26 next_points [{'alpha': 0.0015040544485013, 'batch_size': 243, 'beta_1': 0.8549052781746281, 'beta_2': 0.9983714715094337, 'epsilon': 1.0356372684740883e-09, 'hidden_layer_sizes': 113, 'learning_rate_init': 0.06841464380235104, 'tol': 0.0005921103128658408, 'validation_fraction': 0.4231980161351743}]
/home/ryedida/.local/lib/python3.8/site-packages/sklearn/neural_network/_multilayer_perceptron.py:621: UserWarning: Got `batch_size` less than 1 or larger than sample size. It is going to be clipped
  warnings.warn(

function_evaluation time 1.381306 value 2981.964963 suggestion {'alpha': 0.0015040544485013, 'batch_size': 243, 'beta_1': 0.8549052781746281, 'beta_2': 0.9983714715094337, 'epsilon': 1.0356372684740883e-09, 'hidden_layer_sizes': 113, 'learning_rate_init': 0.06841464380235104, 'tol': 0.0005921103128658408, 'validation_fraction': 0.4231980161351743}
observation time 0.000005, current best 2981.964963 at iter 26
suggestion time taken 18.970720 iter 27 next_points [{'alpha': 3.435620872768515e-05, 'batch_size': 247, 'beta_1': 0.9879776160309064, 'beta_2': 0.9987993367291714, 'epsilon': 6.1900097681555665e-09, 'hidden_layer_sizes': 98, 'learning_rate_init': 0.00022921089162939454, 'tol': 0.001574639449556166, 'validation_fraction': 0.1695020149629904}]
function_evaluation time 0.218962 value 29104.591704 suggestion {'alpha': 3.435620872768515e-05, 'batch_size': 247, 'beta_1': 0.9879776160309064, 'beta_2': 0.9987993367291714, 'epsilon': 6.1900097681555665e-09, 'hidden_layer_sizes': 98, 'learning_rate_init': 0.00022921089162939454, 'tol': 0.001574639449556166, 'validation_fraction': 0.1695020149629904}
observation time 0.000004, current best 2981.964963 at iter 27
suggestion time taken 17.344949 iter 28 next_points [{'alpha': 1.0694642949405346, 'batch_size': 225, 'beta_1': 0.6705011669826906, 'beta_2': 0.9998475060852149, 'epsilon': 3.9907417161232253e-07, 'hidden_layer_sizes': 88, 'learning_rate_init': 2.530208497505341e-05, 'tol': 0.024030354542354727, 'validation_fraction': 0.8944557136135295}]
/home/ryedida/.local/lib/python3.8/site-packages/sklearn/neural_network/_multilayer_perceptron.py:621: UserWarning: Got `batch_size` less than 1 or larger than sample size. It is going to be clipped
  warnings.warn(

function_evaluation time 0.162651 value 29086.664531 suggestion {'alpha': 1.0694642949405346, 'batch_size': 225, 'beta_1': 0.6705011669826906, 'beta_2': 0.9998475060852149, 'epsilon': 3.9907417161232253e-07, 'hidden_layer_sizes': 88, 'learning_rate_init': 2.530208497505341e-05, 'tol': 0.024030354542354727, 'validation_fraction': 0.8944557136135295}
observation time 0.000004, current best 2981.964963 at iter 28
suggestion time taken 17.727174 iter 29 next_points [{'alpha': 0.7397050120805179, 'batch_size': 214, 'beta_1': 0.8597304373757616, 'beta_2': 0.9999912581809668, 'epsilon': 2.023477250876362e-09, 'hidden_layer_sizes': 108, 'learning_rate_init': 0.0011190460517507088, 'tol': 0.051861732302622796, 'validation_fraction': 0.1662732610500767}]
function_evaluation time 0.263423 value 28990.921186 suggestion {'alpha': 0.7397050120805179, 'batch_size': 214, 'beta_1': 0.8597304373757616, 'beta_2': 0.9999912581809668, 'epsilon': 2.023477250876362e-09, 'hidden_layer_sizes': 108, 'learning_rate_init': 0.0011190460517507088, 'tol': 0.051861732302622796, 'validation_fraction': 0.1662732610500767}
observation time 0.000005, current best 2981.964963 at iter 29
suggestion time taken 17.382687 iter 30 next_points [{'alpha': 0.23538613817656845, 'batch_size': 230, 'beta_1': 0.8301807842829604, 'beta_2': 0.9999544123838771, 'epsilon': 6.029914592942011e-08, 'hidden_layer_sizes': 193, 'learning_rate_init': 0.00011199356901918986, 'tol': 0.008338924616930147, 'validation_fraction': 0.477083135009338}]
/home/ryedida/.local/lib/python3.8/site-packages/sklearn/neural_network/_multilayer_perceptron.py:621: UserWarning: Got `batch_size` less than 1 or larger than sample size. It is going to be clipped
  warnings.warn(

function_evaluation time 0.243642 value 29124.244484 suggestion {'alpha': 0.23538613817656845, 'batch_size': 230, 'beta_1': 0.8301807842829604, 'beta_2': 0.9999544123838771, 'epsilon': 6.029914592942011e-08, 'hidden_layer_sizes': 193, 'learning_rate_init': 0.00011199356901918986, 'tol': 0.008338924616930147, 'validation_fraction': 0.477083135009338}
observation time 0.000005, current best 2981.964963 at iter 30
suggestion time taken 18.366269 iter 31 next_points [{'alpha': 0.0001915054200003375, 'batch_size': 246, 'beta_1': 0.6979275738791023, 'beta_2': 0.9959272195941279, 'epsilon': 1.2392283673201686e-07, 'hidden_layer_sizes': 192, 'learning_rate_init': 5.4062145017503104e-05, 'tol': 0.009045779379093892, 'validation_fraction': 0.7936857556799484}]
/home/ryedida/.local/lib/python3.8/site-packages/sklearn/neural_network/_multilayer_perceptron.py:621: UserWarning: Got `batch_size` less than 1 or larger than sample size. It is going to be clipped
  warnings.warn(

function_evaluation time 0.215710 value 29109.496982 suggestion {'alpha': 0.0001915054200003375, 'batch_size': 246, 'beta_1': 0.6979275738791023, 'beta_2': 0.9959272195941279, 'epsilon': 1.2392283673201686e-07, 'hidden_layer_sizes': 192, 'learning_rate_init': 5.4062145017503104e-05, 'tol': 0.009045779379093892, 'validation_fraction': 0.7936857556799484}
observation time 0.000005, current best 2981.964963 at iter 31
suggestion time taken 18.158402 iter 32 next_points [{'alpha': 2.4712991715963388e-05, 'batch_size': 244, 'beta_1': 0.7109114476711457, 'beta_2': 0.9999898971771121, 'epsilon': 2.2300971902872042e-08, 'hidden_layer_sizes': 132, 'learning_rate_init': 0.032746363728563155, 'tol': 0.012048788671939703, 'validation_fraction': 0.13502996031001624}]
function_evaluation time 0.888535 value 3579.251898 suggestion {'alpha': 2.4712991715963388e-05, 'batch_size': 244, 'beta_1': 0.7109114476711457, 'beta_2': 0.9999898971771121, 'epsilon': 2.2300971902872042e-08, 'hidden_layer_sizes': 132, 'learning_rate_init': 0.032746363728563155, 'tol': 0.012048788671939703, 'validation_fraction': 0.13502996031001624}
observation time 0.000005, current best 2981.964963 at iter 32
suggestion time taken 17.595181 iter 33 next_points [{'alpha': 1.3690545023591711, 'batch_size': 244, 'beta_1': 0.5132523402895449, 'beta_2': 0.9906804435692491, 'epsilon': 1.7054945525768017e-09, 'hidden_layer_sizes': 165, 'learning_rate_init': 0.0009979706820915904, 'tol': 0.00030316410466870624, 'validation_fraction': 0.877881605732871}]
/home/ryedida/.local/lib/python3.8/site-packages/sklearn/neural_network/_multilayer_perceptron.py:621: UserWarning: Got `batch_size` less than 1 or larger than sample size. It is going to be clipped
  warnings.warn(

/home/ryedida/.local/lib/python3.8/site-packages/sklearn/neural_network/_multilayer_perceptron.py:702: ConvergenceWarning: Stochastic Optimizer: Maximum iterations (200) reached and the optimization hasn't converged yet.
  warnings.warn(

function_evaluation time 2.792309 value 27068.665126 suggestion {'alpha': 1.3690545023591711, 'batch_size': 244, 'beta_1': 0.5132523402895449, 'beta_2': 0.9906804435692491, 'epsilon': 1.7054945525768017e-09, 'hidden_layer_sizes': 165, 'learning_rate_init': 0.0009979706820915904, 'tol': 0.00030316410466870624, 'validation_fraction': 0.877881605732871}
observation time 0.000004, current best 2981.964963 at iter 33
suggestion time taken 18.760120 iter 34 next_points [{'alpha': 0.0007156022443432603, 'batch_size': 245, 'beta_1': 0.9889819270764586, 'beta_2': 0.9999518867562919, 'epsilon': 1.4094767082441333e-08, 'hidden_layer_sizes': 185, 'learning_rate_init': 1.849730340196573e-05, 'tol': 0.04821940840221595, 'validation_fraction': 0.39987073580366206}]
/home/ryedida/.local/lib/python3.8/site-packages/sklearn/neural_network/_multilayer_perceptron.py:621: UserWarning: Got `batch_size` less than 1 or larger than sample size. It is going to be clipped
  warnings.warn(

function_evaluation time 0.286093 value 29107.709863 suggestion {'alpha': 0.0007156022443432603, 'batch_size': 245, 'beta_1': 0.9889819270764586, 'beta_2': 0.9999518867562919, 'epsilon': 1.4094767082441333e-08, 'hidden_layer_sizes': 185, 'learning_rate_init': 1.849730340196573e-05, 'tol': 0.04821940840221595, 'validation_fraction': 0.39987073580366206}
observation time 0.000005, current best 2981.964963 at iter 34
suggestion time taken 17.234346 iter 35 next_points [{'alpha': 0.013224584211835847, 'batch_size': 236, 'beta_1': 0.9580613753862675, 'beta_2': 0.9999964887162865, 'epsilon': 6.881496100795986e-08, 'hidden_layer_sizes': 137, 'learning_rate_init': 0.005976805767895619, 'tol': 0.004876652659471749, 'validation_fraction': 0.32529785381578397}]
function_evaluation time 3.272561 value 4811.773010 suggestion {'alpha': 0.013224584211835847, 'batch_size': 236, 'beta_1': 0.9580613753862675, 'beta_2': 0.9999964887162865, 'epsilon': 6.881496100795986e-08, 'hidden_layer_sizes': 137, 'learning_rate_init': 0.005976805767895619, 'tol': 0.004876652659471749, 'validation_fraction': 0.32529785381578397}
observation time 0.000006, current best 2981.964963 at iter 35
suggestion time taken 18.406466 iter 36 next_points [{'alpha': 0.0003783158826046919, 'batch_size': 241, 'beta_1': 0.9738632716952635, 'beta_2': 0.9997173192880029, 'epsilon': 9.142943581766214e-09, 'hidden_layer_sizes': 169, 'learning_rate_init': 0.0027893786130407214, 'tol': 0.002221527745496407, 'validation_fraction': 0.7810043521728216}]
/home/ryedida/.local/lib/python3.8/site-packages/sklearn/neural_network/_multilayer_perceptron.py:621: UserWarning: Got `batch_size` less than 1 or larger than sample size. It is going to be clipped
  warnings.warn(

/home/ryedida/.local/lib/python3.8/site-packages/sklearn/neural_network/_multilayer_perceptron.py:702: ConvergenceWarning: Stochastic Optimizer: Maximum iterations (200) reached and the optimization hasn't converged yet.
  warnings.warn(

function_evaluation time 2.514521 value 21322.123072 suggestion {'alpha': 0.0003783158826046919, 'batch_size': 241, 'beta_1': 0.9738632716952635, 'beta_2': 0.9997173192880029, 'epsilon': 9.142943581766214e-09, 'hidden_layer_sizes': 169, 'learning_rate_init': 0.0027893786130407214, 'tol': 0.002221527745496407, 'validation_fraction': 0.7810043521728216}
observation time 0.000014, current best 2981.964963 at iter 36
suggestion time taken 16.929415 iter 37 next_points [{'alpha': 0.3402523905762901, 'batch_size': 213, 'beta_1': 0.8898697347632667, 'beta_2': 0.9848346498318029, 'epsilon': 5.074333774150381e-08, 'hidden_layer_sizes': 143, 'learning_rate_init': 0.004626194694326043, 'tol': 2.9134393054357927e-05, 'validation_fraction': 0.6162810403680008}]
/home/ryedida/.local/lib/python3.8/site-packages/sklearn/neural_network/_multilayer_perceptron.py:621: UserWarning: Got `batch_size` less than 1 or larger than sample size. It is going to be clipped
  warnings.warn(

/home/ryedida/.local/lib/python3.8/site-packages/sklearn/neural_network/_multilayer_perceptron.py:702: ConvergenceWarning: Stochastic Optimizer: Maximum iterations (200) reached and the optimization hasn't converged yet.
  warnings.warn(

function_evaluation time 3.131534 value 9416.904383 suggestion {'alpha': 0.3402523905762901, 'batch_size': 213, 'beta_1': 0.8898697347632667, 'beta_2': 0.9848346498318029, 'epsilon': 5.074333774150381e-08, 'hidden_layer_sizes': 143, 'learning_rate_init': 0.004626194694326043, 'tol': 2.9134393054357927e-05, 'validation_fraction': 0.6162810403680008}
observation time 0.000005, current best 2981.964963 at iter 37
suggestion time taken 18.564056 iter 38 next_points [{'alpha': 2.1994877863616147e-05, 'batch_size': 233, 'beta_1': 0.9226233555479931, 'beta_2': 0.9998076599640467, 'epsilon': 2.2548276208284816e-08, 'hidden_layer_sizes': 159, 'learning_rate_init': 8.700803046777651e-05, 'tol': 0.00614225201750317, 'validation_fraction': 0.872091455992423}]
/home/ryedida/.local/lib/python3.8/site-packages/sklearn/neural_network/_multilayer_perceptron.py:621: UserWarning: Got `batch_size` less than 1 or larger than sample size. It is going to be clipped
  warnings.warn(

function_evaluation time 0.224641 value 29131.564455 suggestion {'alpha': 2.1994877863616147e-05, 'batch_size': 233, 'beta_1': 0.9226233555479931, 'beta_2': 0.9998076599640467, 'epsilon': 2.2548276208284816e-08, 'hidden_layer_sizes': 159, 'learning_rate_init': 8.700803046777651e-05, 'tol': 0.00614225201750317, 'validation_fraction': 0.872091455992423}
observation time 0.000005, current best 2981.964963 at iter 38
suggestion time taken 17.602524 iter 39 next_points [{'alpha': 6.466998634311878, 'batch_size': 249, 'beta_1': 0.5249336586397586, 'beta_2': 0.9967190749202087, 'epsilon': 1.5806912516931425e-08, 'hidden_layer_sizes': 189, 'learning_rate_init': 2.7585792558762042e-05, 'tol': 5.0615908911468986e-05, 'validation_fraction': 0.2615641669147919}]
/home/ryedida/.local/lib/python3.8/site-packages/sklearn/neural_network/_multilayer_perceptron.py:702: ConvergenceWarning: Stochastic Optimizer: Maximum iterations (200) reached and the optimization hasn't converged yet.
  warnings.warn(

function_evaluation time 1.137821 value 29137.997811 suggestion {'alpha': 6.466998634311878, 'batch_size': 249, 'beta_1': 0.5249336586397586, 'beta_2': 0.9967190749202087, 'epsilon': 1.5806912516931425e-08, 'hidden_layer_sizes': 189, 'learning_rate_init': 2.7585792558762042e-05, 'tol': 5.0615908911468986e-05, 'validation_fraction': 0.2615641669147919}
observation time 0.000005, current best 2981.964963 at iter 39
suggestion time taken 17.793762 iter 40 next_points [{'alpha': 0.40277945953314653, 'batch_size': 226, 'beta_1': 0.6202874910187399, 'beta_2': 0.9804193491670578, 'epsilon': 9.197731381403494e-07, 'hidden_layer_sizes': 196, 'learning_rate_init': 0.07850717541230187, 'tol': 1.5426139984577974e-05, 'validation_fraction': 0.8320195483617632}]
/home/ryedida/.local/lib/python3.8/site-packages/sklearn/neural_network/_multilayer_perceptron.py:621: UserWarning: Got `batch_size` less than 1 or larger than sample size. It is going to be clipped
  warnings.warn(

function_evaluation time 1.416816 value 3330.341620 suggestion {'alpha': 0.40277945953314653, 'batch_size': 226, 'beta_1': 0.6202874910187399, 'beta_2': 0.9804193491670578, 'epsilon': 9.197731381403494e-07, 'hidden_layer_sizes': 196, 'learning_rate_init': 0.07850717541230187, 'tol': 1.5426139984577974e-05, 'validation_fraction': 0.8320195483617632}
observation time 0.000005, current best 2981.964963 at iter 40
suggestion time taken 18.859921 iter 41 next_points [{'alpha': 0.0021533413921294223, 'batch_size': 222, 'beta_1': 0.9848209805110438, 'beta_2': 0.9999762882413418, 'epsilon': 8.151620145227396e-07, 'hidden_layer_sizes': 171, 'learning_rate_init': 0.004277401196021508, 'tol': 0.030569839679952183, 'validation_fraction': 0.8314273493722791}]
/home/ryedida/.local/lib/python3.8/site-packages/sklearn/neural_network/_multilayer_perceptron.py:621: UserWarning: Got `batch_size` less than 1 or larger than sample size. It is going to be clipped
  warnings.warn(

function_evaluation time 0.195976 value 28883.732718 suggestion {'alpha': 0.0021533413921294223, 'batch_size': 222, 'beta_1': 0.9848209805110438, 'beta_2': 0.9999762882413418, 'epsilon': 8.151620145227396e-07, 'hidden_layer_sizes': 171, 'learning_rate_init': 0.004277401196021508, 'tol': 0.030569839679952183, 'validation_fraction': 0.8314273493722791}
observation time 0.000005, current best 2981.964963 at iter 41
suggestion time taken 17.603605 iter 42 next_points [{'alpha': 0.4123749229758638, 'batch_size': 241, 'beta_1': 0.6788652305008921, 'beta_2': 0.9439060626337363, 'epsilon': 3.9735089314016905e-09, 'hidden_layer_sizes': 154, 'learning_rate_init': 8.453645504776498e-05, 'tol': 0.023785437110392386, 'validation_fraction': 0.21982261752325097}]
function_evaluation time 0.290487 value 29068.235608 suggestion {'alpha': 0.4123749229758638, 'batch_size': 241, 'beta_1': 0.6788652305008921, 'beta_2': 0.9439060626337363, 'epsilon': 3.9735089314016905e-09, 'hidden_layer_sizes': 154, 'learning_rate_init': 8.453645504776498e-05, 'tol': 0.023785437110392386, 'validation_fraction': 0.21982261752325097}
observation time 0.000005, current best 2981.964963 at iter 42
suggestion time taken 17.977183 iter 43 next_points [{'alpha': 0.816250853475679, 'batch_size': 238, 'beta_1': 0.6470888465013211, 'beta_2': 0.9907036184026594, 'epsilon': 1.004868304404834e-09, 'hidden_layer_sizes': 106, 'learning_rate_init': 0.00016867280571611454, 'tol': 0.008156656308109838, 'validation_fraction': 0.8865513753910351}]
/home/ryedida/.local/lib/python3.8/site-packages/sklearn/neural_network/_multilayer_perceptron.py:621: UserWarning: Got `batch_size` less than 1 or larger than sample size. It is going to be clipped
  warnings.warn(

function_evaluation time 0.164382 value 29114.900296 suggestion {'alpha': 0.816250853475679, 'batch_size': 238, 'beta_1': 0.6470888465013211, 'beta_2': 0.9907036184026594, 'epsilon': 1.004868304404834e-09, 'hidden_layer_sizes': 106, 'learning_rate_init': 0.00016867280571611454, 'tol': 0.008156656308109838, 'validation_fraction': 0.8865513753910351}
observation time 0.000005, current best 2981.964963 at iter 43
suggestion time taken 18.501756 iter 44 next_points [{'alpha': 0.031399158338646115, 'batch_size': 235, 'beta_1': 0.9618135305059599, 'beta_2': 0.9999987108583258, 'epsilon': 7.815061419031663e-08, 'hidden_layer_sizes': 96, 'learning_rate_init': 0.05142085200710816, 'tol': 0.0020600356285781912, 'validation_fraction': 0.6719726112626585}]
/home/ryedida/.local/lib/python3.8/site-packages/sklearn/neural_network/_multilayer_perceptron.py:621: UserWarning: Got `batch_size` less than 1 or larger than sample size. It is going to be clipped
  warnings.warn(

function_evaluation time 0.689753 value 4188.501752 suggestion {'alpha': 0.031399158338646115, 'batch_size': 235, 'beta_1': 0.9618135305059599, 'beta_2': 0.9999987108583258, 'epsilon': 7.815061419031663e-08, 'hidden_layer_sizes': 96, 'learning_rate_init': 0.05142085200710816, 'tol': 0.0020600356285781912, 'validation_fraction': 0.6719726112626585}
observation time 0.000005, current best 2981.964963 at iter 44
saving meta data: {'args': {'--uuid': '0ef433b0ace15f80a4ca7f4f59d85d3b', '-db-root': '/home/ryedida/bbo_challenge_starter_kit/output', '--opt-root': '/home/ryedida/bbo_challenge_starter_kit/example_submissions', '--data-root': None, '--db': 'run_20231015_191245', '--opt': 'strongcvx', '--data': 'diabetes', '--classifier': 'MLP-adam', '--metric': 'mse', '--calls': 45, '--suggestions': 1, '--jobs-file': None, '--verbose': False, 'dry_run': False, 'rev': 'a376313', 'opt_rev': 'x.x.x'}, 'signature': ([{'alpha': 0.019628224813442792, 'batch_size': 182, 'beta_1': 0.9410202200271762, 'beta_2': 0.9998021557676793, 'epsilon': 1.8662266976518e-08, 'hidden_layer_sizes': 147, 'learning_rate_init': 0.0005627932047415167, 'tol': 0.03690557729213761, 'validation_fraction': 0.8846827852548593}, {'alpha': 0.001998246739232944, 'batch_size': 200, 'beta_1': 0.919111482530466, 'beta_2': 0.9998488260436156, 'epsilon': 5.981221901152555e-07, 'hidden_layer_sizes': 61, 'learning_rate_init': 2.2310905607443014e-05, 'tol': 1.2046852412030316e-05, 'validation_fraction': 0.8117896445826539}, {'alpha': 0.46659545670218433, 'batch_size': 219, 'beta_1': 0.9889789783750891, 'beta_2': 0.9999896868093284, 'epsilon': 2.4234724484675948e-08, 'hidden_layer_sizes': 167, 'learning_rate_init': 2.972334644335654e-05, 'tol': 0.0036281404040243792, 'validation_fraction': 0.17260651658522078}, {'alpha': 4.656005689076002, 'batch_size': 135, 'beta_1': 0.870503881627747, 'beta_2': 0.9948873266941017, 'epsilon': 2.1023308743480125e-07, 'hidden_layer_sizes': 118, 'learning_rate_init': 0.001878173875716191, 'tol': 1.1889379831773006e-05, 'validation_fraction': 0.6264327093752792}, {'alpha': 0.04705159350400542, 'batch_size': 158, 'beta_1': 0.9870884262730957, 'beta_2': 0.9999596874382349, 'epsilon': 1.1981845126013875e-08, 'hidden_layer_sizes': 116, 'learning_rate_init': 0.006173405204074311, 'tol': 1.7414134181586194e-05, 'validation_fraction': 0.6754299026638921}], [29083.993548572587, 29062.423277324073, 29075.78987471409, 24626.32866834337, 9584.226858493173])}
saving results
saving timing
saving suggest log
done
