running: {'--uuid': '3699390a4e605ed5b5a03f9fbfb07be6', '-db-root': '/home/ryedida/bbo_challenge_starter_kit/output', '--opt-root': '/home/ryedida/bbo_challenge_starter_kit/example_submissions', '--data-root': None, '--db': 'run_20231015_191245', '--opt': 'strongcvx', '--data': 'diabetes', '--classifier': 'MLP-adam', '--metric': 'mae', '--calls': 45, '--suggestions': 1, '--jobs-file': None, '--verbose': False, 'dry_run': False, 'rev': 'a376313', 'opt_rev': 'x.x.x'}
cmd: python strongcvx/optimizer.py -c MLP-adam -d diabetes -o strongcvx -u 3699390a4e605ed5b5a03f9fbfb07be6 -m mae -n 45 -p 1 -dir /home/ryedida/bbo_challenge_starter_kit/output -b run_20231015_191245
/home/ryedida/.local/lib/python3.8/site-packages/sklearn/neural_network/_multilayer_perceptron.py:621: UserWarning: Got `batch_size` less than 1 or larger than sample size. It is going to be clipped
  warnings.warn(

/home/ryedida/.local/lib/python3.8/site-packages/sklearn/neural_network/_multilayer_perceptron.py:621: UserWarning: Got `batch_size` less than 1 or larger than sample size. It is going to be clipped
  warnings.warn(

/home/ryedida/.local/lib/python3.8/site-packages/sklearn/neural_network/_multilayer_perceptron.py:621: UserWarning: Got `batch_size` less than 1 or larger than sample size. It is going to be clipped
  warnings.warn(

/home/ryedida/.local/lib/python3.8/site-packages/sklearn/neural_network/_multilayer_perceptron.py:702: ConvergenceWarning: Stochastic Optimizer: Maximum iterations (200) reached and the optimization hasn't converged yet.
  warnings.warn(

/home/ryedida/.local/lib/python3.8/site-packages/sklearn/neural_network/_multilayer_perceptron.py:621: UserWarning: Got `batch_size` less than 1 or larger than sample size. It is going to be clipped
  warnings.warn(

/home/ryedida/.local/lib/python3.8/site-packages/sklearn/neural_network/_multilayer_perceptron.py:702: ConvergenceWarning: Stochastic Optimizer: Maximum iterations (200) reached and the optimization hasn't converged yet.
  warnings.warn(

computed signature: ([{'alpha': 0.019628224813442792, 'batch_size': 182, 'beta_1': 0.9410202200271762, 'beta_2': 0.9998021557676793, 'epsilon': 1.8662266976518e-08, 'hidden_layer_sizes': 147, 'learning_rate_init': 0.0005627932047415167, 'tol': 0.03690557729213761, 'validation_fraction': 0.8846827852548593}, {'alpha': 0.001998246739232944, 'batch_size': 200, 'beta_1': 0.919111482530466, 'beta_2': 0.9998488260436156, 'epsilon': 5.981221901152555e-07, 'hidden_layer_sizes': 61, 'learning_rate_init': 2.2310905607443014e-05, 'tol': 1.2046852412030316e-05, 'validation_fraction': 0.8117896445826539}, {'alpha': 0.46659545670218433, 'batch_size': 219, 'beta_1': 0.9889789783750891, 'beta_2': 0.9999896868093284, 'epsilon': 2.4234724484675948e-08, 'hidden_layer_sizes': 167, 'learning_rate_init': 2.972334644335654e-05, 'tol': 0.0036281404040243792, 'validation_fraction': 0.17260651658522078}, {'alpha': 4.656005689076002, 'batch_size': 135, 'beta_1': 0.870503881627747, 'beta_2': 0.9948873266941017, 'epsilon': 2.1023308743480125e-07, 'hidden_layer_sizes': 118, 'learning_rate_init': 0.001878173875716191, 'tol': 1.1889379831773006e-05, 'validation_fraction': 0.6264327093752792}, {'alpha': 0.04705159350400542, 'batch_size': 158, 'beta_1': 0.9870884262730957, 'beta_2': 0.9999596874382349, 'epsilon': 1.1981845126013875e-08, 'hidden_layer_sizes': 116, 'learning_rate_init': 0.006173405204074311, 'tol': 1.7414134181586194e-05, 'validation_fraction': 0.6754299026638921}], [151.4971925380264, 151.42763539278994, 151.47026299046811, 136.86202504264318, 75.2055865763391])
/home/ryedida/.local/lib/python3.8/site-packages/bayesmark/experiment.py:470: UserWarning: Baselines not found. Will not log intermediate scores.
  warnings.warn("Baselines not found. Will not log intermediate scores.")

starting sklearn study strongcvx MLP-adam diabetes mae 45 1
with data root: None
suggestion time taken 17.238910 iter 0 next_points [{'alpha': 0.0007474343325819639, 'batch_size': 234, 'beta_1': 0.7202505093100251, 'beta_2': 0.9926367416624315, 'epsilon': 1.2573022364602767e-09, 'hidden_layer_sizes': 120, 'learning_rate_init': 1.702011964571491e-05, 'tol': 0.0037312225771245415, 'validation_fraction': 0.1670607132403798}]
function_evaluation time 0.255049 value 151.584958 suggestion {'alpha': 0.0007474343325819639, 'batch_size': 234, 'beta_1': 0.7202505093100251, 'beta_2': 0.9926367416624315, 'epsilon': 1.2573022364602767e-09, 'hidden_layer_sizes': 120, 'learning_rate_init': 1.702011964571491e-05, 'tol': 0.0037312225771245415, 'validation_fraction': 0.1670607132403798}
observation time 0.000005, current best 151.584958 at iter 0
suggestion time taken 16.620831 iter 1 next_points [{'alpha': 0.0004939907861476473, 'batch_size': 243, 'beta_1': 0.977652786760938, 'beta_2': 0.974476564549743, 'epsilon': 2.4143083874184125e-08, 'hidden_layer_sizes': 151, 'learning_rate_init': 0.0005460717586036385, 'tol': 1.2480516386515739e-05, 'validation_fraction': 0.8867179247946696}]
/home/ryedida/.local/lib/python3.8/site-packages/sklearn/neural_network/_multilayer_perceptron.py:621: UserWarning: Got `batch_size` less than 1 or larger than sample size. It is going to be clipped
  warnings.warn(

/home/ryedida/.local/lib/python3.8/site-packages/sklearn/neural_network/_multilayer_perceptron.py:702: ConvergenceWarning: Stochastic Optimizer: Maximum iterations (200) reached and the optimization hasn't converged yet.
  warnings.warn(

function_evaluation time 2.757827 value 149.628866 suggestion {'alpha': 0.0004939907861476473, 'batch_size': 243, 'beta_1': 0.977652786760938, 'beta_2': 0.974476564549743, 'epsilon': 2.4143083874184125e-08, 'hidden_layer_sizes': 151, 'learning_rate_init': 0.0005460717586036385, 'tol': 1.2480516386515739e-05, 'validation_fraction': 0.8867179247946696}
observation time 0.000005, current best 149.628866 at iter 1
suggestion time taken 15.903280 iter 2 next_points [{'alpha': 1.311994887081607, 'batch_size': 223, 'beta_1': 0.9542335083659231, 'beta_2': 0.9998458969151641, 'epsilon': 8.024410758282568e-09, 'hidden_layer_sizes': 191, 'learning_rate_init': 4.1140849319751385e-05, 'tol': 0.012971967512736708, 'validation_fraction': 0.8781646261565375}]
/home/ryedida/.local/lib/python3.8/site-packages/sklearn/neural_network/_multilayer_perceptron.py:621: UserWarning: Got `batch_size` less than 1 or larger than sample size. It is going to be clipped
  warnings.warn(

function_evaluation time 0.182874 value 151.474288 suggestion {'alpha': 1.311994887081607, 'batch_size': 223, 'beta_1': 0.9542335083659231, 'beta_2': 0.9998458969151641, 'epsilon': 8.024410758282568e-09, 'hidden_layer_sizes': 191, 'learning_rate_init': 4.1140849319751385e-05, 'tol': 0.012971967512736708, 'validation_fraction': 0.8781646261565375}
observation time 0.000005, current best 149.628866 at iter 2
suggestion time taken 16.909422 iter 3 next_points [{'alpha': 0.11074999556892283, 'batch_size': 248, 'beta_1': 0.91535138592581, 'beta_2': 0.9976919601276746, 'epsilon': 1.1937128941011507e-07, 'hidden_layer_sizes': 62, 'learning_rate_init': 0.006757709299980876, 'tol': 0.00012310609749836474, 'validation_fraction': 0.182519024895202}]
/home/ryedida/.local/lib/python3.8/site-packages/sklearn/neural_network/_multilayer_perceptron.py:702: ConvergenceWarning: Stochastic Optimizer: Maximum iterations (200) reached and the optimization hasn't converged yet.
  warnings.warn(

function_evaluation time 2.938940 value 73.343908 suggestion {'alpha': 0.11074999556892283, 'batch_size': 248, 'beta_1': 0.91535138592581, 'beta_2': 0.9976919601276746, 'epsilon': 1.1937128941011507e-07, 'hidden_layer_sizes': 62, 'learning_rate_init': 0.006757709299980876, 'tol': 0.00012310609749836474, 'validation_fraction': 0.182519024895202}
observation time 0.000005, current best 73.343908 at iter 3
suggestion time taken 15.925217 iter 4 next_points [{'alpha': 0.032060805980735615, 'batch_size': 238, 'beta_1': 0.8981049520667379, 'beta_2': 0.9964282376667333, 'epsilon': 2.042411106970052e-07, 'hidden_layer_sizes': 179, 'learning_rate_init': 0.0006075606612862407, 'tol': 0.0010534766070683045, 'validation_fraction': 0.3199294360154394}]
/home/ryedida/.local/lib/python3.8/site-packages/sklearn/neural_network/_multilayer_perceptron.py:702: ConvergenceWarning: Stochastic Optimizer: Maximum iterations (200) reached and the optimization hasn't converged yet.
  warnings.warn(

function_evaluation time 0.989436 value 151.411104 suggestion {'alpha': 0.032060805980735615, 'batch_size': 238, 'beta_1': 0.8981049520667379, 'beta_2': 0.9964282376667333, 'epsilon': 2.042411106970052e-07, 'hidden_layer_sizes': 179, 'learning_rate_init': 0.0006075606612862407, 'tol': 0.0010534766070683045, 'validation_fraction': 0.3199294360154394}
observation time 0.000005, current best 73.343908 at iter 4
suggestion time taken 16.804712 iter 5 next_points [{'alpha': 2.39270723257412e-05, 'batch_size': 236, 'beta_1': 0.6639994643682385, 'beta_2': 0.9961343242709018, 'epsilon': 2.356497818695263e-09, 'hidden_layer_sizes': 177, 'learning_rate_init': 0.00974550090110659, 'tol': 3.540362317886206e-05, 'validation_fraction': 0.7318055822710219}]
/home/ryedida/.local/lib/python3.8/site-packages/sklearn/neural_network/_multilayer_perceptron.py:621: UserWarning: Got `batch_size` less than 1 or larger than sample size. It is going to be clipped
  warnings.warn(

/home/ryedida/.local/lib/python3.8/site-packages/sklearn/neural_network/_multilayer_perceptron.py:702: ConvergenceWarning: Stochastic Optimizer: Maximum iterations (200) reached and the optimization hasn't converged yet.
  warnings.warn(

function_evaluation time 3.115280 value 47.353318 suggestion {'alpha': 2.39270723257412e-05, 'batch_size': 236, 'beta_1': 0.6639994643682385, 'beta_2': 0.9961343242709018, 'epsilon': 2.356497818695263e-09, 'hidden_layer_sizes': 177, 'learning_rate_init': 0.00974550090110659, 'tol': 3.540362317886206e-05, 'validation_fraction': 0.7318055822710219}
observation time 0.000006, current best 47.353318 at iter 5
suggestion time taken 16.871386 iter 6 next_points [{'alpha': 0.009177352556932672, 'batch_size': 249, 'beta_1': 0.8515271657073125, 'beta_2': 0.9999438030147333, 'epsilon': 1.5409922364281493e-08, 'hidden_layer_sizes': 166, 'learning_rate_init': 4.341375975230617e-05, 'tol': 0.0036572120289273466, 'validation_fraction': 0.3949803633991066}]
/home/ryedida/.local/lib/python3.8/site-packages/sklearn/neural_network/_multilayer_perceptron.py:621: UserWarning: Got `batch_size` less than 1 or larger than sample size. It is going to be clipped
  warnings.warn(

function_evaluation time 0.237311 value 151.536303 suggestion {'alpha': 0.009177352556932672, 'batch_size': 249, 'beta_1': 0.8515271657073125, 'beta_2': 0.9999438030147333, 'epsilon': 1.5409922364281493e-08, 'hidden_layer_sizes': 166, 'learning_rate_init': 4.341375975230617e-05, 'tol': 0.0036572120289273466, 'validation_fraction': 0.3949803633991066}
observation time 0.000006, current best 47.353318 at iter 6
suggestion time taken 16.324390 iter 7 next_points [{'alpha': 4.683818223151825, 'batch_size': 240, 'beta_1': 0.7863824168243512, 'beta_2': 0.9985425432612637, 'epsilon': 6.192526417945895e-07, 'hidden_layer_sizes': 139, 'learning_rate_init': 0.00569300388354244, 'tol': 0.0003180599642440625, 'validation_fraction': 0.8757238176225614}]
/home/ryedida/.local/lib/python3.8/site-packages/sklearn/neural_network/_multilayer_perceptron.py:621: UserWarning: Got `batch_size` less than 1 or larger than sample size. It is going to be clipped
  warnings.warn(

/home/ryedida/.local/lib/python3.8/site-packages/sklearn/neural_network/_multilayer_perceptron.py:702: ConvergenceWarning: Stochastic Optimizer: Maximum iterations (200) reached and the optimization hasn't converged yet.
  warnings.warn(

function_evaluation time 2.634911 value 56.630038 suggestion {'alpha': 4.683818223151825, 'batch_size': 240, 'beta_1': 0.7863824168243512, 'beta_2': 0.9985425432612637, 'epsilon': 6.192526417945895e-07, 'hidden_layer_sizes': 139, 'learning_rate_init': 0.00569300388354244, 'tol': 0.0003180599642440625, 'validation_fraction': 0.8757238176225614}
observation time 0.000005, current best 47.353318 at iter 7
suggestion time taken 17.110459 iter 8 next_points [{'alpha': 3.159914494841903e-05, 'batch_size': 180, 'beta_1': 0.5936623755048006, 'beta_2': 0.9999025730344766, 'epsilon': 2.433816540132188e-08, 'hidden_layer_sizes': 186, 'learning_rate_init': 0.031857884215669076, 'tol': 1.6084077287844358e-05, 'validation_fraction': 0.8733485333834223}]
/home/ryedida/.local/lib/python3.8/site-packages/sklearn/neural_network/_multilayer_perceptron.py:621: UserWarning: Got `batch_size` less than 1 or larger than sample size. It is going to be clipped
  warnings.warn(

/home/ryedida/.local/lib/python3.8/site-packages/sklearn/neural_network/_multilayer_perceptron.py:702: ConvergenceWarning: Stochastic Optimizer: Maximum iterations (200) reached and the optimization hasn't converged yet.
  warnings.warn(

function_evaluation time 1.960246 value 48.767591 suggestion {'alpha': 3.159914494841903e-05, 'batch_size': 180, 'beta_1': 0.5936623755048006, 'beta_2': 0.9999025730344766, 'epsilon': 2.433816540132188e-08, 'hidden_layer_sizes': 186, 'learning_rate_init': 0.031857884215669076, 'tol': 1.6084077287844358e-05, 'validation_fraction': 0.8733485333834223}
observation time 0.000005, current best 47.353318 at iter 8
suggestion time taken 16.234797 iter 9 next_points [{'alpha': 2.3024853995664422e-05, 'batch_size': 235, 'beta_1': 0.9165881973649483, 'beta_2': 0.9991162692680027, 'epsilon': 1.609282176733049e-07, 'hidden_layer_sizes': 72, 'learning_rate_init': 0.01408408884892575, 'tol': 1.5955952668597972e-05, 'validation_fraction': 0.22057433510471483}]
/home/ryedida/.local/lib/python3.8/site-packages/sklearn/neural_network/_multilayer_perceptron.py:702: ConvergenceWarning: Stochastic Optimizer: Maximum iterations (200) reached and the optimization hasn't converged yet.
  warnings.warn(

function_evaluation time 2.829787 value 51.002770 suggestion {'alpha': 2.3024853995664422e-05, 'batch_size': 235, 'beta_1': 0.9165881973649483, 'beta_2': 0.9991162692680027, 'epsilon': 1.609282176733049e-07, 'hidden_layer_sizes': 72, 'learning_rate_init': 0.01408408884892575, 'tol': 1.5955952668597972e-05, 'validation_fraction': 0.22057433510471483}
observation time 0.000006, current best 47.353318 at iter 9
suggestion time taken 17.202032 iter 10 next_points [{'alpha': 0.00045089870568265053, 'batch_size': 250, 'beta_1': 0.8745946786593526, 'beta_2': 0.9999979313141407, 'epsilon': 1.3525145518996734e-08, 'hidden_layer_sizes': 189, 'learning_rate_init': 0.0004330467850436376, 'tol': 0.024685199500967894, 'validation_fraction': 0.736690199533458}]
/home/ryedida/.local/lib/python3.8/site-packages/sklearn/neural_network/_multilayer_perceptron.py:621: UserWarning: Got `batch_size` less than 1 or larger than sample size. It is going to be clipped
  warnings.warn(

function_evaluation time 0.214640 value 151.420153 suggestion {'alpha': 0.00045089870568265053, 'batch_size': 250, 'beta_1': 0.8745946786593526, 'beta_2': 0.9999979313141407, 'epsilon': 1.3525145518996734e-08, 'hidden_layer_sizes': 189, 'learning_rate_init': 0.0004330467850436376, 'tol': 0.024685199500967894, 'validation_fraction': 0.736690199533458}
observation time 0.000005, current best 47.353318 at iter 10
suggestion time taken 16.135725 iter 11 next_points [{'alpha': 0.8190416069095784, 'batch_size': 226, 'beta_1': 0.634003228032867, 'beta_2': 0.9999912203713575, 'epsilon': 3.365368126918654e-08, 'hidden_layer_sizes': 176, 'learning_rate_init': 2.6747398126175443e-05, 'tol': 0.0013618477456533802, 'validation_fraction': 0.8786329051183775}]
/home/ryedida/.local/lib/python3.8/site-packages/sklearn/neural_network/_multilayer_perceptron.py:621: UserWarning: Got `batch_size` less than 1 or larger than sample size. It is going to be clipped
  warnings.warn(

function_evaluation time 0.177848 value 151.607439 suggestion {'alpha': 0.8190416069095784, 'batch_size': 226, 'beta_1': 0.634003228032867, 'beta_2': 0.9999912203713575, 'epsilon': 3.365368126918654e-08, 'hidden_layer_sizes': 176, 'learning_rate_init': 2.6747398126175443e-05, 'tol': 0.0013618477456533802, 'validation_fraction': 0.8786329051183775}
observation time 0.000005, current best 47.353318 at iter 11
suggestion time taken 17.395577 iter 12 next_points [{'alpha': 0.2138553725527029, 'batch_size': 243, 'beta_1': 0.7318021069162122, 'beta_2': 0.9850114561493895, 'epsilon': 4.0295084793370755e-08, 'hidden_layer_sizes': 87, 'learning_rate_init': 3.920601993707834e-05, 'tol': 0.0001522148245109966, 'validation_fraction': 0.12211736734378838}]
function_evaluation time 0.251782 value 151.514001 suggestion {'alpha': 0.2138553725527029, 'batch_size': 243, 'beta_1': 0.7318021069162122, 'beta_2': 0.9850114561493895, 'epsilon': 4.0295084793370755e-08, 'hidden_layer_sizes': 87, 'learning_rate_init': 3.920601993707834e-05, 'tol': 0.0001522148245109966, 'validation_fraction': 0.12211736734378838}
observation time 0.000005, current best 47.353318 at iter 12
suggestion time taken 17.147054 iter 13 next_points [{'alpha': 0.6552439176119862, 'batch_size': 234, 'beta_1': 0.8503086452086404, 'beta_2': 0.9999532625712896, 'epsilon': 3.817582389083168e-07, 'hidden_layer_sizes': 172, 'learning_rate_init': 0.001155067472773529, 'tol': 0.005148338445375426, 'validation_fraction': 0.6820145260160717}]
/home/ryedida/.local/lib/python3.8/site-packages/sklearn/neural_network/_multilayer_perceptron.py:621: UserWarning: Got `batch_size` less than 1 or larger than sample size. It is going to be clipped
  warnings.warn(

function_evaluation time 0.219149 value 151.321080 suggestion {'alpha': 0.6552439176119862, 'batch_size': 234, 'beta_1': 0.8503086452086404, 'beta_2': 0.9999532625712896, 'epsilon': 3.817582389083168e-07, 'hidden_layer_sizes': 172, 'learning_rate_init': 0.001155067472773529, 'tol': 0.005148338445375426, 'validation_fraction': 0.6820145260160717}
observation time 0.000005, current best 47.353318 at iter 13
suggestion time taken 17.171929 iter 14 next_points [{'alpha': 0.03719210489965764, 'batch_size': 221, 'beta_1': 0.8227396246412976, 'beta_2': 0.992414083790363, 'epsilon': 9.506333544989136e-09, 'hidden_layer_sizes': 197, 'learning_rate_init': 0.011496358128597839, 'tol': 0.0012678976884871148, 'validation_fraction': 0.3467298202856531}]
function_evaluation time 2.931165 value 49.980043 suggestion {'alpha': 0.03719210489965764, 'batch_size': 221, 'beta_1': 0.8227396246412976, 'beta_2': 0.992414083790363, 'epsilon': 9.506333544989136e-09, 'hidden_layer_sizes': 197, 'learning_rate_init': 0.011496358128597839, 'tol': 0.0012678976884871148, 'validation_fraction': 0.3467298202856531}
observation time 0.000005, current best 47.353318 at iter 14
suggestion time taken 18.019193 iter 15 next_points [{'alpha': 0.050987730289199576, 'batch_size': 241, 'beta_1': 0.8115083772428927, 'beta_2': 0.999953951549489, 'epsilon': 1.7312949046824664e-09, 'hidden_layer_sizes': 164, 'learning_rate_init': 0.002974544911522394, 'tol': 4.693874858444386e-05, 'validation_fraction': 0.4213608869577644}]
/home/ryedida/.local/lib/python3.8/site-packages/sklearn/neural_network/_multilayer_perceptron.py:621: UserWarning: Got `batch_size` less than 1 or larger than sample size. It is going to be clipped
  warnings.warn(

/home/ryedida/.local/lib/python3.8/site-packages/sklearn/neural_network/_multilayer_perceptron.py:702: ConvergenceWarning: Stochastic Optimizer: Maximum iterations (200) reached and the optimization hasn't converged yet.
  warnings.warn(

function_evaluation time 3.569298 value 93.255395 suggestion {'alpha': 0.050987730289199576, 'batch_size': 241, 'beta_1': 0.8115083772428927, 'beta_2': 0.999953951549489, 'epsilon': 1.7312949046824664e-09, 'hidden_layer_sizes': 164, 'learning_rate_init': 0.002974544911522394, 'tol': 4.693874858444386e-05, 'validation_fraction': 0.4213608869577644}
observation time 0.000005, current best 47.353318 at iter 15
suggestion time taken 17.275755 iter 16 next_points [{'alpha': 0.1676966306577321, 'batch_size': 220, 'beta_1': 0.6898833645074373, 'beta_2': 0.9998640449813126, 'epsilon': 7.4156343356353015e-09, 'hidden_layer_sizes': 177, 'learning_rate_init': 2.4254419715303472e-05, 'tol': 0.019781476984415385, 'validation_fraction': 0.8974005150585203}]
/home/ryedida/.local/lib/python3.8/site-packages/sklearn/neural_network/_multilayer_perceptron.py:621: UserWarning: Got `batch_size` less than 1 or larger than sample size. It is going to be clipped
  warnings.warn(

function_evaluation time 0.190398 value 151.519693 suggestion {'alpha': 0.1676966306577321, 'batch_size': 220, 'beta_1': 0.6898833645074373, 'beta_2': 0.9998640449813126, 'epsilon': 7.4156343356353015e-09, 'hidden_layer_sizes': 177, 'learning_rate_init': 2.4254419715303472e-05, 'tol': 0.019781476984415385, 'validation_fraction': 0.8974005150585203}
observation time 0.000005, current best 47.353318 at iter 16
suggestion time taken 17.996301 iter 17 next_points [{'alpha': 0.0004551893327351644, 'batch_size': 248, 'beta_1': 0.9810819874665998, 'beta_2': 0.9999915749965255, 'epsilon': 3.228691783141408e-08, 'hidden_layer_sizes': 90, 'learning_rate_init': 0.004703872458835056, 'tol': 0.008000525197014222, 'validation_fraction': 0.28145426592927414}]
function_evaluation time 0.216005 value 150.798571 suggestion {'alpha': 0.0004551893327351644, 'batch_size': 248, 'beta_1': 0.9810819874665998, 'beta_2': 0.9999915749965255, 'epsilon': 3.228691783141408e-08, 'hidden_layer_sizes': 90, 'learning_rate_init': 0.004703872458835056, 'tol': 0.008000525197014222, 'validation_fraction': 0.28145426592927414}
observation time 0.000005, current best 47.353318 at iter 17
suggestion time taken 17.023842 iter 18 next_points [{'alpha': 0.0022916467854486758, 'batch_size': 245, 'beta_1': 0.5776687709281719, 'beta_2': 0.9998697333020288, 'epsilon': 1.953370972804671e-09, 'hidden_layer_sizes': 140, 'learning_rate_init': 0.01584903504489865, 'tol': 2.5075152609898154e-05, 'validation_fraction': 0.47569054357088736}]
/home/ryedida/.local/lib/python3.8/site-packages/sklearn/neural_network/_multilayer_perceptron.py:621: UserWarning: Got `batch_size` less than 1 or larger than sample size. It is going to be clipped
  warnings.warn(

/home/ryedida/.local/lib/python3.8/site-packages/sklearn/neural_network/_multilayer_perceptron.py:702: ConvergenceWarning: Stochastic Optimizer: Maximum iterations (200) reached and the optimization hasn't converged yet.
  warnings.warn(

function_evaluation time 3.264518 value 45.791838 suggestion {'alpha': 0.0022916467854486758, 'batch_size': 245, 'beta_1': 0.5776687709281719, 'beta_2': 0.9998697333020288, 'epsilon': 1.953370972804671e-09, 'hidden_layer_sizes': 140, 'learning_rate_init': 0.01584903504489865, 'tol': 2.5075152609898154e-05, 'validation_fraction': 0.47569054357088736}
observation time 0.000005, current best 45.791838 at iter 18
suggestion time taken 17.917506 iter 19 next_points [{'alpha': 0.0018163123651098823, 'batch_size': 220, 'beta_1': 0.908170668477095, 'beta_2': 0.9780406480856813, 'epsilon': 1.5752829928868755e-07, 'hidden_layer_sizes': 81, 'learning_rate_init': 0.00020528892767257204, 'tol': 1.4095333605734876e-05, 'validation_fraction': 0.3775634216352876}]
/home/ryedida/.local/lib/python3.8/site-packages/sklearn/neural_network/_multilayer_perceptron.py:621: UserWarning: Got `batch_size` less than 1 or larger than sample size. It is going to be clipped
  warnings.warn(

/home/ryedida/.local/lib/python3.8/site-packages/sklearn/neural_network/_multilayer_perceptron.py:702: ConvergenceWarning: Stochastic Optimizer: Maximum iterations (200) reached and the optimization hasn't converged yet.
  warnings.warn(

function_evaluation time 2.932713 value 150.939043 suggestion {'alpha': 0.0018163123651098823, 'batch_size': 220, 'beta_1': 0.908170668477095, 'beta_2': 0.9780406480856813, 'epsilon': 1.5752829928868755e-07, 'hidden_layer_sizes': 81, 'learning_rate_init': 0.00020528892767257204, 'tol': 1.4095333605734876e-05, 'validation_fraction': 0.3775634216352876}
observation time 0.000005, current best 45.791838 at iter 19
suggestion time taken 16.753002 iter 20 next_points [{'alpha': 0.0033102320654636213, 'batch_size': 248, 'beta_1': 0.9809537131602454, 'beta_2': 0.9998280502859112, 'epsilon': 1.7490333733497577e-07, 'hidden_layer_sizes': 170, 'learning_rate_init': 0.0024166556103694305, 'tol': 0.00011013900822088831, 'validation_fraction': 0.7658893907338524}]
/home/ryedida/.local/lib/python3.8/site-packages/sklearn/neural_network/_multilayer_perceptron.py:621: UserWarning: Got `batch_size` less than 1 or larger than sample size. It is going to be clipped
  warnings.warn(

/home/ryedida/.local/lib/python3.8/site-packages/sklearn/neural_network/_multilayer_perceptron.py:702: ConvergenceWarning: Stochastic Optimizer: Maximum iterations (200) reached and the optimization hasn't converged yet.
  warnings.warn(

function_evaluation time 2.987930 value 128.041753 suggestion {'alpha': 0.0033102320654636213, 'batch_size': 248, 'beta_1': 0.9809537131602454, 'beta_2': 0.9998280502859112, 'epsilon': 1.7490333733497577e-07, 'hidden_layer_sizes': 170, 'learning_rate_init': 0.0024166556103694305, 'tol': 0.00011013900822088831, 'validation_fraction': 0.7658893907338524}
observation time 0.000006, current best 45.791838 at iter 20
suggestion time taken 18.070522 iter 21 next_points [{'alpha': 0.06742897914242937, 'batch_size': 248, 'beta_1': 0.6548232674751973, 'beta_2': 0.9817096993715466, 'epsilon': 4.380720879142584e-07, 'hidden_layer_sizes': 85, 'learning_rate_init': 8.934891178664904e-05, 'tol': 0.0006692214703088844, 'validation_fraction': 0.15995617828625516}]
function_evaluation time 0.220592 value 151.717175 suggestion {'alpha': 0.06742897914242937, 'batch_size': 248, 'beta_1': 0.6548232674751973, 'beta_2': 0.9817096993715466, 'epsilon': 4.380720879142584e-07, 'hidden_layer_sizes': 85, 'learning_rate_init': 8.934891178664904e-05, 'tol': 0.0006692214703088844, 'validation_fraction': 0.15995617828625516}
observation time 0.000006, current best 45.791838 at iter 21
suggestion time taken 17.144801 iter 22 next_points [{'alpha': 8.804530955708e-05, 'batch_size': 237, 'beta_1': 0.7843537222579098, 'beta_2': 0.9999989774758189, 'epsilon': 3.889232233161288e-08, 'hidden_layer_sizes': 63, 'learning_rate_init': 0.00841598646498773, 'tol': 0.014013745539881823, 'validation_fraction': 0.114930053719432}]
function_evaluation time 1.933660 value 55.431007 suggestion {'alpha': 8.804530955708e-05, 'batch_size': 237, 'beta_1': 0.7843537222579098, 'beta_2': 0.9999989774758189, 'epsilon': 3.889232233161288e-08, 'hidden_layer_sizes': 63, 'learning_rate_init': 0.00841598646498773, 'tol': 0.014013745539881823, 'validation_fraction': 0.114930053719432}
observation time 0.000006, current best 45.791838 at iter 22
suggestion time taken 18.643366 iter 23 next_points [{'alpha': 0.00023549342991739954, 'batch_size': 242, 'beta_1': 0.987060811855758, 'beta_2': 0.9999277452958015, 'epsilon': 1.1986863031118246e-08, 'hidden_layer_sizes': 180, 'learning_rate_init': 1.3000961985224993e-05, 'tol': 0.04597528652462842, 'validation_fraction': 0.8383061483379591}]
/home/ryedida/.local/lib/python3.8/site-packages/sklearn/neural_network/_multilayer_perceptron.py:621: UserWarning: Got `batch_size` less than 1 or larger than sample size. It is going to be clipped
  warnings.warn(

function_evaluation time 0.200081 value 151.614472 suggestion {'alpha': 0.00023549342991739954, 'batch_size': 242, 'beta_1': 0.987060811855758, 'beta_2': 0.9999277452958015, 'epsilon': 1.1986863031118246e-08, 'hidden_layer_sizes': 180, 'learning_rate_init': 1.3000961985224993e-05, 'tol': 0.04597528652462842, 'validation_fraction': 0.8383061483379591}
observation time 0.000005, current best 45.791838 at iter 23
suggestion time taken 17.174604 iter 24 next_points [{'alpha': 0.2666636700586294, 'batch_size': 233, 'beta_1': 0.9885706385309672, 'beta_2': 0.9526750106036749, 'epsilon': 1.0063880218614667e-08, 'hidden_layer_sizes': 162, 'learning_rate_init': 3.988327378823697e-05, 'tol': 0.00021148861372993148, 'validation_fraction': 0.2163612881067454}]
function_evaluation time 0.261171 value 151.486010 suggestion {'alpha': 0.2666636700586294, 'batch_size': 233, 'beta_1': 0.9885706385309672, 'beta_2': 0.9526750106036749, 'epsilon': 1.0063880218614667e-08, 'hidden_layer_sizes': 162, 'learning_rate_init': 3.988327378823697e-05, 'tol': 0.00021148861372993148, 'validation_fraction': 0.2163612881067454}
observation time 0.000006, current best 45.791838 at iter 24
suggestion time taken 19.743535 iter 25 next_points [{'alpha': 0.12119800997960417, 'batch_size': 235, 'beta_1': 0.7420301229732029, 'beta_2': 0.9932882801156061, 'epsilon': 5.4257349853856426e-09, 'hidden_layer_sizes': 89, 'learning_rate_init': 0.0005421474320069018, 'tol': 0.059619214581033975, 'validation_fraction': 0.7729315558178665}]
/home/ryedida/.local/lib/python3.8/site-packages/sklearn/neural_network/_multilayer_perceptron.py:621: UserWarning: Got `batch_size` less than 1 or larger than sample size. It is going to be clipped
  warnings.warn(

function_evaluation time 0.189644 value 151.529247 suggestion {'alpha': 0.12119800997960417, 'batch_size': 235, 'beta_1': 0.7420301229732029, 'beta_2': 0.9932882801156061, 'epsilon': 5.4257349853856426e-09, 'hidden_layer_sizes': 89, 'learning_rate_init': 0.0005421474320069018, 'tol': 0.059619214581033975, 'validation_fraction': 0.7729315558178665}
observation time 0.000007, current best 45.791838 at iter 25
suggestion time taken 18.255677 iter 26 next_points [{'alpha': 0.12758824366948945, 'batch_size': 247, 'beta_1': 0.968269024927498, 'beta_2': 0.999998956334898, 'epsilon': 3.4565179625466763e-08, 'hidden_layer_sizes': 155, 'learning_rate_init': 0.019542675660071993, 'tol': 2.1929733039824987e-05, 'validation_fraction': 0.558292154350888}]
/home/ryedida/.local/lib/python3.8/site-packages/sklearn/neural_network/_multilayer_perceptron.py:621: UserWarning: Got `batch_size` less than 1 or larger than sample size. It is going to be clipped
  warnings.warn(

function_evaluation time 1.644013 value 54.960446 suggestion {'alpha': 0.12758824366948945, 'batch_size': 247, 'beta_1': 0.968269024927498, 'beta_2': 0.999998956334898, 'epsilon': 3.4565179625466763e-08, 'hidden_layer_sizes': 155, 'learning_rate_init': 0.019542675660071993, 'tol': 2.1929733039824987e-05, 'validation_fraction': 0.558292154350888}
observation time 0.000005, current best 45.791838 at iter 26
suggestion time taken 19.258947 iter 27 next_points [{'alpha': 2.7113577816432907e-05, 'batch_size': 235, 'beta_1': 0.6320173672896175, 'beta_2': 0.999998817490008, 'epsilon': 5.808774877488959e-09, 'hidden_layer_sizes': 195, 'learning_rate_init': 3.886463963979199e-05, 'tol': 0.006520095608098296, 'validation_fraction': 0.7741287742942002}]
/home/ryedida/.local/lib/python3.8/site-packages/sklearn/neural_network/_multilayer_perceptron.py:621: UserWarning: Got `batch_size` less than 1 or larger than sample size. It is going to be clipped
  warnings.warn(

function_evaluation time 0.244712 value 151.564645 suggestion {'alpha': 2.7113577816432907e-05, 'batch_size': 235, 'beta_1': 0.6320173672896175, 'beta_2': 0.999998817490008, 'epsilon': 5.808774877488959e-09, 'hidden_layer_sizes': 195, 'learning_rate_init': 3.886463963979199e-05, 'tol': 0.006520095608098296, 'validation_fraction': 0.7741287742942002}
observation time 0.000005, current best 45.791838 at iter 27
suggestion time taken 18.043274 iter 28 next_points [{'alpha': 0.01002127277011626, 'batch_size': 243, 'beta_1': 0.5968429892060326, 'beta_2': 0.9998144176263863, 'epsilon': 4.136523174957089e-09, 'hidden_layer_sizes': 156, 'learning_rate_init': 0.001076172196030293, 'tol': 0.0724054972011156, 'validation_fraction': 0.24312364946192164}]
function_evaluation time 0.302014 value 151.419921 suggestion {'alpha': 0.01002127277011626, 'batch_size': 243, 'beta_1': 0.5968429892060326, 'beta_2': 0.9998144176263863, 'epsilon': 4.136523174957089e-09, 'hidden_layer_sizes': 156, 'learning_rate_init': 0.001076172196030293, 'tol': 0.0724054972011156, 'validation_fraction': 0.24312364946192164}
observation time 0.000006, current best 45.791838 at iter 28
suggestion time taken 21.569926 iter 29 next_points [{'alpha': 1.493959879837316e-05, 'batch_size': 248, 'beta_1': 0.8252635759681041, 'beta_2': 0.9999926945752499, 'epsilon': 6.014277414966989e-09, 'hidden_layer_sizes': 134, 'learning_rate_init': 0.0006884636051186653, 'tol': 0.0003187685999737838, 'validation_fraction': 0.19736342830984213}]
/home/ryedida/.local/lib/python3.8/site-packages/sklearn/neural_network/_multilayer_perceptron.py:702: ConvergenceWarning: Stochastic Optimizer: Maximum iterations (200) reached and the optimization hasn't converged yet.
  warnings.warn(

function_evaluation time 4.224006 value 148.238711 suggestion {'alpha': 1.493959879837316e-05, 'batch_size': 248, 'beta_1': 0.8252635759681041, 'beta_2': 0.9999926945752499, 'epsilon': 6.014277414966989e-09, 'hidden_layer_sizes': 134, 'learning_rate_init': 0.0006884636051186653, 'tol': 0.0003187685999737838, 'validation_fraction': 0.19736342830984213}
observation time 0.000005, current best 45.791838 at iter 29
suggestion time taken 18.944614 iter 30 next_points [{'alpha': 0.28696355557903114, 'batch_size': 223, 'beta_1': 0.871786483017412, 'beta_2': 0.9998875393553437, 'epsilon': 2.315829046453861e-09, 'hidden_layer_sizes': 117, 'learning_rate_init': 0.0014092256000441386, 'tol': 0.00028694125974322224, 'validation_fraction': 0.10281209719300699}]
/home/ryedida/.local/lib/python3.8/site-packages/sklearn/neural_network/_multilayer_perceptron.py:702: ConvergenceWarning: Stochastic Optimizer: Maximum iterations (200) reached and the optimization hasn't converged yet.
  warnings.warn(

function_evaluation time 5.006540 value 111.629853 suggestion {'alpha': 0.28696355557903114, 'batch_size': 223, 'beta_1': 0.871786483017412, 'beta_2': 0.9998875393553437, 'epsilon': 2.315829046453861e-09, 'hidden_layer_sizes': 117, 'learning_rate_init': 0.0014092256000441386, 'tol': 0.00028694125974322224, 'validation_fraction': 0.10281209719300699}
observation time 0.000005, current best 45.791838 at iter 30
suggestion time taken 18.788720 iter 31 next_points [{'alpha': 0.46548994792592396, 'batch_size': 247, 'beta_1': 0.9297768250105484, 'beta_2': 0.9998798399903195, 'epsilon': 1.7848182295988718e-09, 'hidden_layer_sizes': 142, 'learning_rate_init': 0.007210234821011018, 'tol': 0.008760154616714247, 'validation_fraction': 0.7336666062509529}]
/home/ryedida/.local/lib/python3.8/site-packages/sklearn/neural_network/_multilayer_perceptron.py:621: UserWarning: Got `batch_size` less than 1 or larger than sample size. It is going to be clipped
  warnings.warn(

function_evaluation time 0.192289 value 150.095988 suggestion {'alpha': 0.46548994792592396, 'batch_size': 247, 'beta_1': 0.9297768250105484, 'beta_2': 0.9998798399903195, 'epsilon': 1.7848182295988718e-09, 'hidden_layer_sizes': 142, 'learning_rate_init': 0.007210234821011018, 'tol': 0.008760154616714247, 'validation_fraction': 0.7336666062509529}
observation time 0.000006, current best 45.791838 at iter 31
suggestion time taken 18.518986 iter 32 next_points [{'alpha': 0.16203114127485357, 'batch_size': 237, 'beta_1': 0.7935085352382069, 'beta_2': 0.9908953848216568, 'epsilon': 1.0698627587944303e-07, 'hidden_layer_sizes': 184, 'learning_rate_init': 0.0013131060336887593, 'tol': 2.2936407847948128e-05, 'validation_fraction': 0.8996807470643274}]
/home/ryedida/.local/lib/python3.8/site-packages/sklearn/neural_network/_multilayer_perceptron.py:621: UserWarning: Got `batch_size` less than 1 or larger than sample size. It is going to be clipped
  warnings.warn(

/home/ryedida/.local/lib/python3.8/site-packages/sklearn/neural_network/_multilayer_perceptron.py:702: ConvergenceWarning: Stochastic Optimizer: Maximum iterations (200) reached and the optimization hasn't converged yet.
  warnings.warn(

function_evaluation time 2.988325 value 140.394061 suggestion {'alpha': 0.16203114127485357, 'batch_size': 237, 'beta_1': 0.7935085352382069, 'beta_2': 0.9908953848216568, 'epsilon': 1.0698627587944303e-07, 'hidden_layer_sizes': 184, 'learning_rate_init': 0.0013131060336887593, 'tol': 2.2936407847948128e-05, 'validation_fraction': 0.8996807470643274}
observation time 0.000005, current best 45.791838 at iter 32
suggestion time taken 18.880897 iter 33 next_points [{'alpha': 0.02051885679371626, 'batch_size': 230, 'beta_1': 0.9050721635154533, 'beta_2': 0.999998882210952, 'epsilon': 1.2610180634869674e-08, 'hidden_layer_sizes': 184, 'learning_rate_init': 1.388152360791368e-05, 'tol': 0.00016038827249605808, 'validation_fraction': 0.3468600723156972}]
function_evaluation time 0.284428 value 151.630432 suggestion {'alpha': 0.02051885679371626, 'batch_size': 230, 'beta_1': 0.9050721635154533, 'beta_2': 0.999998882210952, 'epsilon': 1.2610180634869674e-08, 'hidden_layer_sizes': 184, 'learning_rate_init': 1.388152360791368e-05, 'tol': 0.00016038827249605808, 'validation_fraction': 0.3468600723156972}
observation time 0.000005, current best 45.791838 at iter 33
suggestion time taken 20.789921 iter 34 next_points [{'alpha': 2.552348419502125, 'batch_size': 248, 'beta_1': 0.8446057777373508, 'beta_2': 0.9964169409836919, 'epsilon': 6.775576020016061e-07, 'hidden_layer_sizes': 97, 'learning_rate_init': 0.003337087174325722, 'tol': 0.001181207320709379, 'validation_fraction': 0.11008233582370199}]
/home/ryedida/.local/lib/python3.8/site-packages/sklearn/neural_network/_multilayer_perceptron.py:702: ConvergenceWarning: Stochastic Optimizer: Maximum iterations (200) reached and the optimization hasn't converged yet.
  warnings.warn(

function_evaluation time 4.912813 value 65.954885 suggestion {'alpha': 2.552348419502125, 'batch_size': 248, 'beta_1': 0.8446057777373508, 'beta_2': 0.9964169409836919, 'epsilon': 6.775576020016061e-07, 'hidden_layer_sizes': 97, 'learning_rate_init': 0.003337087174325722, 'tol': 0.001181207320709379, 'validation_fraction': 0.11008233582370199}
observation time 0.000006, current best 45.791838 at iter 34
suggestion time taken 18.212178 iter 35 next_points [{'alpha': 0.00045361979211783307, 'batch_size': 231, 'beta_1': 0.9726282861997538, 'beta_2': 0.9999974049685603, 'epsilon': 1.9756136676418718e-07, 'hidden_layer_sizes': 179, 'learning_rate_init': 8.743374493717629e-05, 'tol': 0.0014221623710736692, 'validation_fraction': 0.28971329255865974}]
function_evaluation time 0.286036 value 151.620953 suggestion {'alpha': 0.00045361979211783307, 'batch_size': 231, 'beta_1': 0.9726282861997538, 'beta_2': 0.9999974049685603, 'epsilon': 1.9756136676418718e-07, 'hidden_layer_sizes': 179, 'learning_rate_init': 8.743374493717629e-05, 'tol': 0.0014221623710736692, 'validation_fraction': 0.28971329255865974}
observation time 0.000006, current best 45.791838 at iter 35
suggestion time taken 19.849340 iter 36 next_points [{'alpha': 0.010620867583082937, 'batch_size': 228, 'beta_1': 0.6421860987451037, 'beta_2': 0.9999825608067399, 'epsilon': 1.2187264741216216e-08, 'hidden_layer_sizes': 141, 'learning_rate_init': 0.040775694626188845, 'tol': 0.027367137890182754, 'validation_fraction': 0.4469795110285877}]
/home/ryedida/.local/lib/python3.8/site-packages/sklearn/neural_network/_multilayer_perceptron.py:621: UserWarning: Got `batch_size` less than 1 or larger than sample size. It is going to be clipped
  warnings.warn(

function_evaluation time 0.788815 value 51.630215 suggestion {'alpha': 0.010620867583082937, 'batch_size': 228, 'beta_1': 0.6421860987451037, 'beta_2': 0.9999825608067399, 'epsilon': 1.2187264741216216e-08, 'hidden_layer_sizes': 141, 'learning_rate_init': 0.040775694626188845, 'tol': 0.027367137890182754, 'validation_fraction': 0.4469795110285877}
observation time 0.000006, current best 45.791838 at iter 36
suggestion time taken 17.444432 iter 37 next_points [{'alpha': 0.005248698726210987, 'batch_size': 232, 'beta_1': 0.978062250006936, 'beta_2': 0.9144860903440832, 'epsilon': 4.2233472505287734e-07, 'hidden_layer_sizes': 87, 'learning_rate_init': 0.0013179423272918571, 'tol': 0.00047370138596535764, 'validation_fraction': 0.3000255911993552}]
/home/ryedida/.local/lib/python3.8/site-packages/sklearn/neural_network/_multilayer_perceptron.py:702: ConvergenceWarning: Stochastic Optimizer: Maximum iterations (200) reached and the optimization hasn't converged yet.
  warnings.warn(

function_evaluation time 3.184517 value 147.533781 suggestion {'alpha': 0.005248698726210987, 'batch_size': 232, 'beta_1': 0.978062250006936, 'beta_2': 0.9144860903440832, 'epsilon': 4.2233472505287734e-07, 'hidden_layer_sizes': 87, 'learning_rate_init': 0.0013179423272918571, 'tol': 0.00047370138596535764, 'validation_fraction': 0.3000255911993552}
observation time 0.000005, current best 45.791838 at iter 37
suggestion time taken 17.752362 iter 38 next_points [{'alpha': 2.596491484215451e-05, 'batch_size': 249, 'beta_1': 0.912823812995444, 'beta_2': 0.9995867929919853, 'epsilon': 8.810874307944638e-08, 'hidden_layer_sizes': 161, 'learning_rate_init': 1.5360768614801768e-05, 'tol': 0.014830742180217205, 'validation_fraction': 0.576961960602168}]
/home/ryedida/.local/lib/python3.8/site-packages/sklearn/neural_network/_multilayer_perceptron.py:621: UserWarning: Got `batch_size` less than 1 or larger than sample size. It is going to be clipped
  warnings.warn(

function_evaluation time 0.231774 value 151.643694 suggestion {'alpha': 2.596491484215451e-05, 'batch_size': 249, 'beta_1': 0.912823812995444, 'beta_2': 0.9995867929919853, 'epsilon': 8.810874307944638e-08, 'hidden_layer_sizes': 161, 'learning_rate_init': 1.5360768614801768e-05, 'tol': 0.014830742180217205, 'validation_fraction': 0.576961960602168}
observation time 0.000005, current best 45.791838 at iter 38
suggestion time taken 17.518025 iter 39 next_points [{'alpha': 0.5599399184225218, 'batch_size': 243, 'beta_1': 0.984611206802698, 'beta_2': 0.9613023132615832, 'epsilon': 3.185471996139238e-09, 'hidden_layer_sizes': 170, 'learning_rate_init': 4.8856773459933316e-05, 'tol': 0.009746488791526248, 'validation_fraction': 0.23862522506278339}]
function_evaluation time 0.265954 value 151.517842 suggestion {'alpha': 0.5599399184225218, 'batch_size': 243, 'beta_1': 0.984611206802698, 'beta_2': 0.9613023132615832, 'epsilon': 3.185471996139238e-09, 'hidden_layer_sizes': 170, 'learning_rate_init': 4.8856773459933316e-05, 'tol': 0.009746488791526248, 'validation_fraction': 0.23862522506278339}
observation time 0.000005, current best 45.791838 at iter 39
suggestion time taken 17.123691 iter 40 next_points [{'alpha': 0.4479688948840735, 'batch_size': 235, 'beta_1': 0.9639055301222916, 'beta_2': 0.9995254647040845, 'epsilon': 2.2829361695999477e-08, 'hidden_layer_sizes': 147, 'learning_rate_init': 9.598488580186455e-05, 'tol': 0.0020343780022397413, 'validation_fraction': 0.44812488631557507}]
/home/ryedida/.local/lib/python3.8/site-packages/sklearn/neural_network/_multilayer_perceptron.py:621: UserWarning: Got `batch_size` less than 1 or larger than sample size. It is going to be clipped
  warnings.warn(

function_evaluation time 0.210508 value 151.680382 suggestion {'alpha': 0.4479688948840735, 'batch_size': 235, 'beta_1': 0.9639055301222916, 'beta_2': 0.9995254647040845, 'epsilon': 2.2829361695999477e-08, 'hidden_layer_sizes': 147, 'learning_rate_init': 9.598488580186455e-05, 'tol': 0.0020343780022397413, 'validation_fraction': 0.44812488631557507}
observation time 0.000005, current best 45.791838 at iter 40
suggestion time taken 18.223738 iter 41 next_points [{'alpha': 0.0001216284120293537, 'batch_size': 221, 'beta_1': 0.9779871689324203, 'beta_2': 0.9897432380649874, 'epsilon': 4.5264755078922035e-09, 'hidden_layer_sizes': 136, 'learning_rate_init': 0.0006227224189660898, 'tol': 0.0005565285734038711, 'validation_fraction': 0.3820156785557298}]
/home/ryedida/.local/lib/python3.8/site-packages/sklearn/neural_network/_multilayer_perceptron.py:621: UserWarning: Got `batch_size` less than 1 or larger than sample size. It is going to be clipped
  warnings.warn(

function_evaluation time 0.222791 value 151.454197 suggestion {'alpha': 0.0001216284120293537, 'batch_size': 221, 'beta_1': 0.9779871689324203, 'beta_2': 0.9897432380649874, 'epsilon': 4.5264755078922035e-09, 'hidden_layer_sizes': 136, 'learning_rate_init': 0.0006227224189660898, 'tol': 0.0005565285734038711, 'validation_fraction': 0.3820156785557298}
observation time 0.000005, current best 45.791838 at iter 41
suggestion time taken 16.918676 iter 42 next_points [{'alpha': 1.0354772963111643e-05, 'batch_size': 242, 'beta_1': 0.9727854414721109, 'beta_2': 0.9999972203790493, 'epsilon': 2.3997038113493778e-09, 'hidden_layer_sizes': 90, 'learning_rate_init': 0.018102285740436208, 'tol': 0.0006043769769802897, 'validation_fraction': 0.11523030345650385}]
function_evaluation time 1.375113 value 56.982462 suggestion {'alpha': 1.0354772963111643e-05, 'batch_size': 242, 'beta_1': 0.9727854414721109, 'beta_2': 0.9999972203790493, 'epsilon': 2.3997038113493778e-09, 'hidden_layer_sizes': 90, 'learning_rate_init': 0.018102285740436208, 'tol': 0.0006043769769802897, 'validation_fraction': 0.11523030345650385}
observation time 0.000005, current best 45.791838 at iter 42
suggestion time taken 17.669479 iter 43 next_points [{'alpha': 0.5860866999918878, 'batch_size': 238, 'beta_1': 0.9686753043108326, 'beta_2': 0.9999950202880524, 'epsilon': 5.099388785346565e-07, 'hidden_layer_sizes': 186, 'learning_rate_init': 0.0006781071520635989, 'tol': 2.9509079882609802e-05, 'validation_fraction': 0.15435590917964317}]
/home/ryedida/.local/lib/python3.8/site-packages/sklearn/neural_network/_multilayer_perceptron.py:702: ConvergenceWarning: Stochastic Optimizer: Maximum iterations (200) reached and the optimization hasn't converged yet.
  warnings.warn(

function_evaluation time 4.577293 value 145.136934 suggestion {'alpha': 0.5860866999918878, 'batch_size': 238, 'beta_1': 0.9686753043108326, 'beta_2': 0.9999950202880524, 'epsilon': 5.099388785346565e-07, 'hidden_layer_sizes': 186, 'learning_rate_init': 0.0006781071520635989, 'tol': 2.9509079882609802e-05, 'validation_fraction': 0.15435590917964317}
observation time 0.000006, current best 45.791838 at iter 43
suggestion time taken 17.629282 iter 44 next_points [{'alpha': 3.1459464523044587, 'batch_size': 238, 'beta_1': 0.7297126008565572, 'beta_2': 0.9999905997945293, 'epsilon': 4.359469260896795e-09, 'hidden_layer_sizes': 118, 'learning_rate_init': 0.0016732732761701914, 'tol': 0.0030885318293572624, 'validation_fraction': 0.10808515314594638}]
function_evaluation time 2.305768 value 117.250368 suggestion {'alpha': 3.1459464523044587, 'batch_size': 238, 'beta_1': 0.7297126008565572, 'beta_2': 0.9999905997945293, 'epsilon': 4.359469260896795e-09, 'hidden_layer_sizes': 118, 'learning_rate_init': 0.0016732732761701914, 'tol': 0.0030885318293572624, 'validation_fraction': 0.10808515314594638}
observation time 0.000005, current best 45.791838 at iter 44
saving meta data: {'args': {'--uuid': '3699390a4e605ed5b5a03f9fbfb07be6', '-db-root': '/home/ryedida/bbo_challenge_starter_kit/output', '--opt-root': '/home/ryedida/bbo_challenge_starter_kit/example_submissions', '--data-root': None, '--db': 'run_20231015_191245', '--opt': 'strongcvx', '--data': 'diabetes', '--classifier': 'MLP-adam', '--metric': 'mae', '--calls': 45, '--suggestions': 1, '--jobs-file': None, '--verbose': False, 'dry_run': False, 'rev': 'a376313', 'opt_rev': 'x.x.x'}, 'signature': ([{'alpha': 0.019628224813442792, 'batch_size': 182, 'beta_1': 0.9410202200271762, 'beta_2': 0.9998021557676793, 'epsilon': 1.8662266976518e-08, 'hidden_layer_sizes': 147, 'learning_rate_init': 0.0005627932047415167, 'tol': 0.03690557729213761, 'validation_fraction': 0.8846827852548593}, {'alpha': 0.001998246739232944, 'batch_size': 200, 'beta_1': 0.919111482530466, 'beta_2': 0.9998488260436156, 'epsilon': 5.981221901152555e-07, 'hidden_layer_sizes': 61, 'learning_rate_init': 2.2310905607443014e-05, 'tol': 1.2046852412030316e-05, 'validation_fraction': 0.8117896445826539}, {'alpha': 0.46659545670218433, 'batch_size': 219, 'beta_1': 0.9889789783750891, 'beta_2': 0.9999896868093284, 'epsilon': 2.4234724484675948e-08, 'hidden_layer_sizes': 167, 'learning_rate_init': 2.972334644335654e-05, 'tol': 0.0036281404040243792, 'validation_fraction': 0.17260651658522078}, {'alpha': 4.656005689076002, 'batch_size': 135, 'beta_1': 0.870503881627747, 'beta_2': 0.9948873266941017, 'epsilon': 2.1023308743480125e-07, 'hidden_layer_sizes': 118, 'learning_rate_init': 0.001878173875716191, 'tol': 1.1889379831773006e-05, 'validation_fraction': 0.6264327093752792}, {'alpha': 0.04705159350400542, 'batch_size': 158, 'beta_1': 0.9870884262730957, 'beta_2': 0.9999596874382349, 'epsilon': 1.1981845126013875e-08, 'hidden_layer_sizes': 116, 'learning_rate_init': 0.006173405204074311, 'tol': 1.7414134181586194e-05, 'validation_fraction': 0.6754299026638921}], [151.4971925380264, 151.42763539278994, 151.47026299046811, 136.86202504264318, 75.2055865763391])}
saving results
saving timing
saving suggest log
done
