running: {'--uuid': '3c9181eacc025854b86225ca4bb3012b', '-db-root': '/home/ryedida/bbo_challenge_starter_kit/output', '--opt-root': '/home/ryedida/bbo_challenge_starter_kit/example_submissions', '--data-root': None, '--db': 'run_20231015_191245', '--opt': 'strongcvx', '--data': 'diabetes', '--classifier': 'MLP-adam', '--metric': 'mse', '--calls': 45, '--suggestions': 1, '--jobs-file': None, '--verbose': False, 'dry_run': False, 'rev': 'a376313', 'opt_rev': 'x.x.x'}
cmd: python strongcvx/optimizer.py -c MLP-adam -d diabetes -o strongcvx -u 3c9181eacc025854b86225ca4bb3012b -m mse -n 45 -p 1 -dir /home/ryedida/bbo_challenge_starter_kit/output -b run_20231015_191245
/home/ryedida/.local/lib/python3.8/site-packages/sklearn/neural_network/_multilayer_perceptron.py:621: UserWarning: Got `batch_size` less than 1 or larger than sample size. It is going to be clipped
  warnings.warn(

/home/ryedida/.local/lib/python3.8/site-packages/sklearn/neural_network/_multilayer_perceptron.py:621: UserWarning: Got `batch_size` less than 1 or larger than sample size. It is going to be clipped
  warnings.warn(

/home/ryedida/.local/lib/python3.8/site-packages/sklearn/neural_network/_multilayer_perceptron.py:621: UserWarning: Got `batch_size` less than 1 or larger than sample size. It is going to be clipped
  warnings.warn(

/home/ryedida/.local/lib/python3.8/site-packages/sklearn/neural_network/_multilayer_perceptron.py:702: ConvergenceWarning: Stochastic Optimizer: Maximum iterations (200) reached and the optimization hasn't converged yet.
  warnings.warn(

/home/ryedida/.local/lib/python3.8/site-packages/sklearn/neural_network/_multilayer_perceptron.py:621: UserWarning: Got `batch_size` less than 1 or larger than sample size. It is going to be clipped
  warnings.warn(

/home/ryedida/.local/lib/python3.8/site-packages/sklearn/neural_network/_multilayer_perceptron.py:702: ConvergenceWarning: Stochastic Optimizer: Maximum iterations (200) reached and the optimization hasn't converged yet.
  warnings.warn(

computed signature: ([{'alpha': 0.019628224813442792, 'batch_size': 182, 'beta_1': 0.9410202200271762, 'beta_2': 0.9998021557676793, 'epsilon': 1.8662266976518e-08, 'hidden_layer_sizes': 147, 'learning_rate_init': 0.0005627932047415167, 'tol': 0.03690557729213761, 'validation_fraction': 0.8846827852548593}, {'alpha': 0.001998246739232944, 'batch_size': 200, 'beta_1': 0.919111482530466, 'beta_2': 0.9998488260436156, 'epsilon': 5.981221901152555e-07, 'hidden_layer_sizes': 61, 'learning_rate_init': 2.2310905607443014e-05, 'tol': 1.2046852412030316e-05, 'validation_fraction': 0.8117896445826539}, {'alpha': 0.46659545670218433, 'batch_size': 219, 'beta_1': 0.9889789783750891, 'beta_2': 0.9999896868093284, 'epsilon': 2.4234724484675948e-08, 'hidden_layer_sizes': 167, 'learning_rate_init': 2.972334644335654e-05, 'tol': 0.0036281404040243792, 'validation_fraction': 0.17260651658522078}, {'alpha': 4.656005689076002, 'batch_size': 135, 'beta_1': 0.870503881627747, 'beta_2': 0.9948873266941017, 'epsilon': 2.1023308743480125e-07, 'hidden_layer_sizes': 118, 'learning_rate_init': 0.001878173875716191, 'tol': 1.1889379831773006e-05, 'validation_fraction': 0.6264327093752792}, {'alpha': 0.04705159350400542, 'batch_size': 158, 'beta_1': 0.9870884262730957, 'beta_2': 0.9999596874382349, 'epsilon': 1.1981845126013875e-08, 'hidden_layer_sizes': 116, 'learning_rate_init': 0.006173405204074311, 'tol': 1.7414134181586194e-05, 'validation_fraction': 0.6754299026638921}], [29083.993548572587, 29062.423277324073, 29075.78987471409, 24626.32866834337, 9584.226858493173])
/home/ryedida/.local/lib/python3.8/site-packages/bayesmark/experiment.py:470: UserWarning: Baselines not found. Will not log intermediate scores.
  warnings.warn("Baselines not found. Will not log intermediate scores.")

starting sklearn study strongcvx MLP-adam diabetes mse 45 1
with data root: None
suggestion time taken 17.526117 iter 0 next_points [{'alpha': 0.06866321031284686, 'batch_size': 235, 'beta_1': 0.7961511339433551, 'beta_2': 0.9999973391401503, 'epsilon': 6.27282055048962e-07, 'hidden_layer_sizes': 113, 'learning_rate_init': 2.5131060867175873e-05, 'tol': 2.443477014429778e-05, 'validation_fraction': 0.4158793103135578}]
/home/ryedida/.local/lib/python3.8/site-packages/sklearn/neural_network/_multilayer_perceptron.py:621: UserWarning: Got `batch_size` less than 1 or larger than sample size. It is going to be clipped
  warnings.warn(

function_evaluation time 0.212492 value 29099.522788 suggestion {'alpha': 0.06866321031284686, 'batch_size': 235, 'beta_1': 0.7961511339433551, 'beta_2': 0.9999973391401503, 'epsilon': 6.27282055048962e-07, 'hidden_layer_sizes': 113, 'learning_rate_init': 2.5131060867175873e-05, 'tol': 2.443477014429778e-05, 'validation_fraction': 0.4158793103135578}
observation time 0.000008, current best 29099.522788 at iter 0
suggestion time taken 17.172769 iter 1 next_points [{'alpha': 2.845378946725779e-05, 'batch_size': 220, 'beta_1': 0.9584724732218485, 'beta_2': 0.9998978227443199, 'epsilon': 3.4601329829150616e-09, 'hidden_layer_sizes': 193, 'learning_rate_init': 0.00014278997222919363, 'tol': 0.00023672409415125643, 'validation_fraction': 0.8108200493693625}]
/home/ryedida/.local/lib/python3.8/site-packages/sklearn/neural_network/_multilayer_perceptron.py:621: UserWarning: Got `batch_size` less than 1 or larger than sample size. It is going to be clipped
  warnings.warn(

function_evaluation time 0.228376 value 29087.081436 suggestion {'alpha': 2.845378946725779e-05, 'batch_size': 220, 'beta_1': 0.9584724732218485, 'beta_2': 0.9998978227443199, 'epsilon': 3.4601329829150616e-09, 'hidden_layer_sizes': 193, 'learning_rate_init': 0.00014278997222919363, 'tol': 0.00023672409415125643, 'validation_fraction': 0.8108200493693625}
observation time 0.000005, current best 29087.081436 at iter 1
suggestion time taken 16.960778 iter 2 next_points [{'alpha': 6.459378159277155e-05, 'batch_size': 232, 'beta_1': 0.8790446396901492, 'beta_2': 0.9999984696640687, 'epsilon': 5.486456420254199e-08, 'hidden_layer_sizes': 174, 'learning_rate_init': 0.07030856802001466, 'tol': 1.5447496246012584e-05, 'validation_fraction': 0.8311469324298433}]
/home/ryedida/.local/lib/python3.8/site-packages/sklearn/neural_network/_multilayer_perceptron.py:621: UserWarning: Got `batch_size` less than 1 or larger than sample size. It is going to be clipped
  warnings.warn(

function_evaluation time 0.863156 value 3617.358831 suggestion {'alpha': 6.459378159277155e-05, 'batch_size': 232, 'beta_1': 0.8790446396901492, 'beta_2': 0.9999984696640687, 'epsilon': 5.486456420254199e-08, 'hidden_layer_sizes': 174, 'learning_rate_init': 0.07030856802001466, 'tol': 1.5447496246012584e-05, 'validation_fraction': 0.8311469324298433}
observation time 0.000005, current best 3617.358831 at iter 2
suggestion time taken 17.220320 iter 3 next_points [{'alpha': 8.10520531334383, 'batch_size': 219, 'beta_1': 0.7580441931311578, 'beta_2': 0.99753290950966, 'epsilon': 3.243730627717534e-08, 'hidden_layer_sizes': 183, 'learning_rate_init': 3.797942894307862e-05, 'tol': 0.013636766511558452, 'validation_fraction': 0.8675489922398145}]
/home/ryedida/.local/lib/python3.8/site-packages/sklearn/neural_network/_multilayer_perceptron.py:621: UserWarning: Got `batch_size` less than 1 or larger than sample size. It is going to be clipped
  warnings.warn(

function_evaluation time 0.195868 value 29104.516007 suggestion {'alpha': 8.10520531334383, 'batch_size': 219, 'beta_1': 0.7580441931311578, 'beta_2': 0.99753290950966, 'epsilon': 3.243730627717534e-08, 'hidden_layer_sizes': 183, 'learning_rate_init': 3.797942894307862e-05, 'tol': 0.013636766511558452, 'validation_fraction': 0.8675489922398145}
observation time 0.000005, current best 3617.358831 at iter 3
suggestion time taken 17.683788 iter 4 next_points [{'alpha': 0.0010522394869823763, 'batch_size': 236, 'beta_1': 0.9587420728167677, 'beta_2': 0.9999807312535668, 'epsilon': 7.45353382726358e-07, 'hidden_layer_sizes': 88, 'learning_rate_init': 3.466755657146715e-05, 'tol': 0.003997854946258503, 'validation_fraction': 0.6354753653911481}]
/home/ryedida/.local/lib/python3.8/site-packages/sklearn/neural_network/_multilayer_perceptron.py:621: UserWarning: Got `batch_size` less than 1 or larger than sample size. It is going to be clipped
  warnings.warn(

function_evaluation time 0.209120 value 29126.044739 suggestion {'alpha': 0.0010522394869823763, 'batch_size': 236, 'beta_1': 0.9587420728167677, 'beta_2': 0.9999807312535668, 'epsilon': 7.45353382726358e-07, 'hidden_layer_sizes': 88, 'learning_rate_init': 3.466755657146715e-05, 'tol': 0.003997854946258503, 'validation_fraction': 0.6354753653911481}
observation time 0.000005, current best 3617.358831 at iter 4
suggestion time taken 17.103839 iter 5 next_points [{'alpha': 0.3956514456884829, 'batch_size': 215, 'beta_1': 0.9654151231595729, 'beta_2': 0.9628724283704643, 'epsilon': 1.892923827110209e-09, 'hidden_layer_sizes': 150, 'learning_rate_init': 0.007601926426070138, 'tol': 0.003325521700467025, 'validation_fraction': 0.4051734125032162}]
/home/ryedida/.local/lib/python3.8/site-packages/sklearn/neural_network/_multilayer_perceptron.py:621: UserWarning: Got `batch_size` less than 1 or larger than sample size. It is going to be clipped
  warnings.warn(

/home/ryedida/.local/lib/python3.8/site-packages/sklearn/neural_network/_multilayer_perceptron.py:702: ConvergenceWarning: Stochastic Optimizer: Maximum iterations (200) reached and the optimization hasn't converged yet.
  warnings.warn(

function_evaluation time 3.672055 value 4510.884821 suggestion {'alpha': 0.3956514456884829, 'batch_size': 215, 'beta_1': 0.9654151231595729, 'beta_2': 0.9628724283704643, 'epsilon': 1.892923827110209e-09, 'hidden_layer_sizes': 150, 'learning_rate_init': 0.007601926426070138, 'tol': 0.003325521700467025, 'validation_fraction': 0.4051734125032162}
observation time 0.000006, current best 3617.358831 at iter 5
suggestion time taken 16.975214 iter 6 next_points [{'alpha': 0.6720760379916669, 'batch_size': 237, 'beta_1': 0.944025997562479, 'beta_2': 0.9536532929927366, 'epsilon': 9.285572394587022e-07, 'hidden_layer_sizes': 128, 'learning_rate_init': 0.07143183258123247, 'tol': 0.00021384760036998073, 'validation_fraction': 0.1213468663647413}]
function_evaluation time 1.062634 value 3398.472200 suggestion {'alpha': 0.6720760379916669, 'batch_size': 237, 'beta_1': 0.944025997562479, 'beta_2': 0.9536532929927366, 'epsilon': 9.285572394587022e-07, 'hidden_layer_sizes': 128, 'learning_rate_init': 0.07143183258123247, 'tol': 0.00021384760036998073, 'validation_fraction': 0.1213468663647413}
observation time 0.000005, current best 3398.472200 at iter 6
suggestion time taken 16.587026 iter 7 next_points [{'alpha': 1.3705135183105308, 'batch_size': 228, 'beta_1': 0.973936515784416, 'beta_2': 0.999980073585278, 'epsilon': 1.2362170763178246e-07, 'hidden_layer_sizes': 121, 'learning_rate_init': 0.0899930044074136, 'tol': 0.000300143272517824, 'validation_fraction': 0.8570917943246289}]
/home/ryedida/.local/lib/python3.8/site-packages/sklearn/neural_network/_multilayer_perceptron.py:621: UserWarning: Got `batch_size` less than 1 or larger than sample size. It is going to be clipped
  warnings.warn(

function_evaluation time 0.443972 value 4834.327361 suggestion {'alpha': 1.3705135183105308, 'batch_size': 228, 'beta_1': 0.973936515784416, 'beta_2': 0.999980073585278, 'epsilon': 1.2362170763178246e-07, 'hidden_layer_sizes': 121, 'learning_rate_init': 0.0899930044074136, 'tol': 0.000300143272517824, 'validation_fraction': 0.8570917943246289}
observation time 0.000006, current best 3398.472200 at iter 7
suggestion time taken 17.647421 iter 8 next_points [{'alpha': 0.001138278770911141, 'batch_size': 248, 'beta_1': 0.5626322842123254, 'beta_2': 0.9995360926841448, 'epsilon': 1.2638387814245944e-09, 'hidden_layer_sizes': 72, 'learning_rate_init': 0.0018214930679601525, 'tol': 0.0095643978226136, 'validation_fraction': 0.2809545902849973}]
function_evaluation time 0.198947 value 29041.891373 suggestion {'alpha': 0.001138278770911141, 'batch_size': 248, 'beta_1': 0.5626322842123254, 'beta_2': 0.9995360926841448, 'epsilon': 1.2638387814245944e-09, 'hidden_layer_sizes': 72, 'learning_rate_init': 0.0018214930679601525, 'tol': 0.0095643978226136, 'validation_fraction': 0.2809545902849973}
observation time 0.000005, current best 3398.472200 at iter 8
suggestion time taken 17.354546 iter 9 next_points [{'alpha': 0.00024271805600186312, 'batch_size': 233, 'beta_1': 0.9186094665298693, 'beta_2': 0.9990698028502137, 'epsilon': 7.991877458802281e-08, 'hidden_layer_sizes': 79, 'learning_rate_init': 0.005780561137548096, 'tol': 7.257016300781488e-05, 'validation_fraction': 0.7886908016451766}]
/home/ryedida/.local/lib/python3.8/site-packages/sklearn/neural_network/_multilayer_perceptron.py:621: UserWarning: Got `batch_size` less than 1 or larger than sample size. It is going to be clipped
  warnings.warn(

/home/ryedida/.local/lib/python3.8/site-packages/sklearn/neural_network/_multilayer_perceptron.py:702: ConvergenceWarning: Stochastic Optimizer: Maximum iterations (200) reached and the optimization hasn't converged yet.
  warnings.warn(

function_evaluation time 2.565620 value 10398.019173 suggestion {'alpha': 0.00024271805600186312, 'batch_size': 233, 'beta_1': 0.9186094665298693, 'beta_2': 0.9990698028502137, 'epsilon': 7.991877458802281e-08, 'hidden_layer_sizes': 79, 'learning_rate_init': 0.005780561137548096, 'tol': 7.257016300781488e-05, 'validation_fraction': 0.7886908016451766}
observation time 0.000006, current best 3398.472200 at iter 9
suggestion time taken 17.703676 iter 10 next_points [{'alpha': 6.356627942341818e-05, 'batch_size': 242, 'beta_1': 0.5329083462628369, 'beta_2': 0.9999804843759578, 'epsilon': 1.4057317597963316e-09, 'hidden_layer_sizes': 98, 'learning_rate_init': 0.0013247265167892971, 'tol': 1.217763153186923e-05, 'validation_fraction': 0.7068672293135818}]
/home/ryedida/.local/lib/python3.8/site-packages/sklearn/neural_network/_multilayer_perceptron.py:621: UserWarning: Got `batch_size` less than 1 or larger than sample size. It is going to be clipped
  warnings.warn(

/home/ryedida/.local/lib/python3.8/site-packages/sklearn/neural_network/_multilayer_perceptron.py:702: ConvergenceWarning: Stochastic Optimizer: Maximum iterations (200) reached and the optimization hasn't converged yet.
  warnings.warn(

function_evaluation time 2.722195 value 26515.443827 suggestion {'alpha': 6.356627942341818e-05, 'batch_size': 242, 'beta_1': 0.5329083462628369, 'beta_2': 0.9999804843759578, 'epsilon': 1.4057317597963316e-09, 'hidden_layer_sizes': 98, 'learning_rate_init': 0.0013247265167892971, 'tol': 1.217763153186923e-05, 'validation_fraction': 0.7068672293135818}
observation time 0.000005, current best 3398.472200 at iter 10
suggestion time taken 17.089515 iter 11 next_points [{'alpha': 0.00381685359454445, 'batch_size': 236, 'beta_1': 0.9448877726272513, 'beta_2': 0.9999989266958131, 'epsilon': 5.187379619143615e-08, 'hidden_layer_sizes': 95, 'learning_rate_init': 2.4429492164492032e-05, 'tol': 0.005832398744222124, 'validation_fraction': 0.8692786557545787}]
/home/ryedida/.local/lib/python3.8/site-packages/sklearn/neural_network/_multilayer_perceptron.py:621: UserWarning: Got `batch_size` less than 1 or larger than sample size. It is going to be clipped
  warnings.warn(

function_evaluation time 0.186016 value 29128.554220 suggestion {'alpha': 0.00381685359454445, 'batch_size': 236, 'beta_1': 0.9448877726272513, 'beta_2': 0.9999989266958131, 'epsilon': 5.187379619143615e-08, 'hidden_layer_sizes': 95, 'learning_rate_init': 2.4429492164492032e-05, 'tol': 0.005832398744222124, 'validation_fraction': 0.8692786557545787}
observation time 0.000005, current best 3398.472200 at iter 11
suggestion time taken 18.527678 iter 12 next_points [{'alpha': 0.0006724090200497026, 'batch_size': 228, 'beta_1': 0.8279080375838165, 'beta_2': 0.9997509517321748, 'epsilon': 3.4935761177353766e-08, 'hidden_layer_sizes': 151, 'learning_rate_init': 0.025011972059895377, 'tol': 3.141908617321446e-05, 'validation_fraction': 0.7638818016211177}]
/home/ryedida/.local/lib/python3.8/site-packages/sklearn/neural_network/_multilayer_perceptron.py:621: UserWarning: Got `batch_size` less than 1 or larger than sample size. It is going to be clipped
  warnings.warn(

function_evaluation time 2.978002 value 3141.161363 suggestion {'alpha': 0.0006724090200497026, 'batch_size': 228, 'beta_1': 0.8279080375838165, 'beta_2': 0.9997509517321748, 'epsilon': 3.4935761177353766e-08, 'hidden_layer_sizes': 151, 'learning_rate_init': 0.025011972059895377, 'tol': 3.141908617321446e-05, 'validation_fraction': 0.7638818016211177}
observation time 0.000005, current best 3141.161363 at iter 12
suggestion time taken 17.245733 iter 13 next_points [{'alpha': 2.4874994813229755e-05, 'batch_size': 223, 'beta_1': 0.9562384178921636, 'beta_2': 0.9409965141653515, 'epsilon': 1.3798311912988834e-08, 'hidden_layer_sizes': 167, 'learning_rate_init': 0.002828243184760211, 'tol': 7.048242915603037e-05, 'validation_fraction': 0.10194367563157528}]
/home/ryedida/.local/lib/python3.8/site-packages/sklearn/neural_network/_multilayer_perceptron.py:702: ConvergenceWarning: Stochastic Optimizer: Maximum iterations (200) reached and the optimization hasn't converged yet.
  warnings.warn(

function_evaluation time 5.087835 value 9087.550336 suggestion {'alpha': 2.4874994813229755e-05, 'batch_size': 223, 'beta_1': 0.9562384178921636, 'beta_2': 0.9409965141653515, 'epsilon': 1.3798311912988834e-08, 'hidden_layer_sizes': 167, 'learning_rate_init': 0.002828243184760211, 'tol': 7.048242915603037e-05, 'validation_fraction': 0.10194367563157528}
observation time 0.000005, current best 3141.161363 at iter 13
suggestion time taken 16.763580 iter 14 next_points [{'alpha': 2.973953920818897, 'batch_size': 216, 'beta_1': 0.9806853401537164, 'beta_2': 0.9616787265817697, 'epsilon': 1.1156402302489564e-08, 'hidden_layer_sizes': 194, 'learning_rate_init': 0.009354005393264326, 'tol': 1.40902749820904e-05, 'validation_fraction': 0.11583129780011456}]
function_evaluation time 2.339309 value 4272.310303 suggestion {'alpha': 2.973953920818897, 'batch_size': 216, 'beta_1': 0.9806853401537164, 'beta_2': 0.9616787265817697, 'epsilon': 1.1156402302489564e-08, 'hidden_layer_sizes': 194, 'learning_rate_init': 0.009354005393264326, 'tol': 1.40902749820904e-05, 'validation_fraction': 0.11583129780011456}
observation time 0.000005, current best 3141.161363 at iter 14
suggestion time taken 18.052397 iter 15 next_points [{'alpha': 0.12439135489878654, 'batch_size': 226, 'beta_1': 0.9194283713922813, 'beta_2': 0.999547010092046, 'epsilon': 7.45073530482077e-09, 'hidden_layer_sizes': 124, 'learning_rate_init': 2.6156495740692042e-05, 'tol': 4.9665016902955394e-05, 'validation_fraction': 0.4686599658261917}]
/home/ryedida/.local/lib/python3.8/site-packages/sklearn/neural_network/_multilayer_perceptron.py:621: UserWarning: Got `batch_size` less than 1 or larger than sample size. It is going to be clipped
  warnings.warn(

function_evaluation time 0.209041 value 29103.335522 suggestion {'alpha': 0.12439135489878654, 'batch_size': 226, 'beta_1': 0.9194283713922813, 'beta_2': 0.999547010092046, 'epsilon': 7.45073530482077e-09, 'hidden_layer_sizes': 124, 'learning_rate_init': 2.6156495740692042e-05, 'tol': 4.9665016902955394e-05, 'validation_fraction': 0.4686599658261917}
observation time 0.000005, current best 3141.161363 at iter 15
suggestion time taken 17.724013 iter 16 next_points [{'alpha': 0.00010943359009083498, 'batch_size': 248, 'beta_1': 0.7613007909375952, 'beta_2': 0.9996795130045255, 'epsilon': 1.63344529474576e-08, 'hidden_layer_sizes': 113, 'learning_rate_init': 0.0002952493094548393, 'tol': 0.005521057819112713, 'validation_fraction': 0.8725322481435734}]
/home/ryedida/.local/lib/python3.8/site-packages/sklearn/neural_network/_multilayer_perceptron.py:621: UserWarning: Got `batch_size` less than 1 or larger than sample size. It is going to be clipped
  warnings.warn(

function_evaluation time 0.171776 value 29110.685667 suggestion {'alpha': 0.00010943359009083498, 'batch_size': 248, 'beta_1': 0.7613007909375952, 'beta_2': 0.9996795130045255, 'epsilon': 1.63344529474576e-08, 'hidden_layer_sizes': 113, 'learning_rate_init': 0.0002952493094548393, 'tol': 0.005521057819112713, 'validation_fraction': 0.8725322481435734}
observation time 0.000005, current best 3141.161363 at iter 16
suggestion time taken 17.873449 iter 17 next_points [{'alpha': 0.08606734041041265, 'batch_size': 240, 'beta_1': 0.7223641491264908, 'beta_2': 0.998039214881656, 'epsilon': 6.446859911116035e-09, 'hidden_layer_sizes': 131, 'learning_rate_init': 1.6010557300132072e-05, 'tol': 6.316895437308047e-05, 'validation_fraction': 0.8317776741771826}]
/home/ryedida/.local/lib/python3.8/site-packages/sklearn/neural_network/_multilayer_perceptron.py:621: UserWarning: Got `batch_size` less than 1 or larger than sample size. It is going to be clipped
  warnings.warn(

function_evaluation time 0.181166 value 29116.804714 suggestion {'alpha': 0.08606734041041265, 'batch_size': 240, 'beta_1': 0.7223641491264908, 'beta_2': 0.998039214881656, 'epsilon': 6.446859911116035e-09, 'hidden_layer_sizes': 131, 'learning_rate_init': 1.6010557300132072e-05, 'tol': 6.316895437308047e-05, 'validation_fraction': 0.8317776741771826}
observation time 0.000005, current best 3141.161363 at iter 17
suggestion time taken 17.514762 iter 18 next_points [{'alpha': 0.0004615564334972468, 'batch_size': 241, 'beta_1': 0.6977841732683894, 'beta_2': 0.999576005310736, 'epsilon': 9.618812267367829e-08, 'hidden_layer_sizes': 137, 'learning_rate_init': 2.7840654602728567e-05, 'tol': 0.0013921858772338376, 'validation_fraction': 0.8070014502748718}]
/home/ryedida/.local/lib/python3.8/site-packages/sklearn/neural_network/_multilayer_perceptron.py:621: UserWarning: Got `batch_size` less than 1 or larger than sample size. It is going to be clipped
  warnings.warn(

function_evaluation time 0.177809 value 29119.359146 suggestion {'alpha': 0.0004615564334972468, 'batch_size': 241, 'beta_1': 0.6977841732683894, 'beta_2': 0.999576005310736, 'epsilon': 9.618812267367829e-08, 'hidden_layer_sizes': 137, 'learning_rate_init': 2.7840654602728567e-05, 'tol': 0.0013921858772338376, 'validation_fraction': 0.8070014502748718}
observation time 0.000005, current best 3141.161363 at iter 18
suggestion time taken 18.171232 iter 19 next_points [{'alpha': 6.884812476900673, 'batch_size': 233, 'beta_1': 0.9881261209502695, 'beta_2': 0.999946120321737, 'epsilon': 5.014646864606866e-09, 'hidden_layer_sizes': 173, 'learning_rate_init': 0.001350269520616521, 'tol': 0.018813923912868943, 'validation_fraction': 0.696926644216865}]
/home/ryedida/.local/lib/python3.8/site-packages/sklearn/neural_network/_multilayer_perceptron.py:621: UserWarning: Got `batch_size` less than 1 or larger than sample size. It is going to be clipped
  warnings.warn(

function_evaluation time 0.207583 value 29039.223139 suggestion {'alpha': 6.884812476900673, 'batch_size': 233, 'beta_1': 0.9881261209502695, 'beta_2': 0.999946120321737, 'epsilon': 5.014646864606866e-09, 'hidden_layer_sizes': 173, 'learning_rate_init': 0.001350269520616521, 'tol': 0.018813923912868943, 'validation_fraction': 0.696926644216865}
observation time 0.000005, current best 3141.161363 at iter 19
suggestion time taken 17.290053 iter 20 next_points [{'alpha': 4.468518241840198, 'batch_size': 246, 'beta_1': 0.8855182074005532, 'beta_2': 0.9999558409486508, 'epsilon': 6.363030880835987e-09, 'hidden_layer_sizes': 153, 'learning_rate_init': 1.1234634777690496e-05, 'tol': 0.0005895537233884451, 'validation_fraction': 0.49053405952181295}]
/home/ryedida/.local/lib/python3.8/site-packages/sklearn/neural_network/_multilayer_perceptron.py:621: UserWarning: Got `batch_size` less than 1 or larger than sample size. It is going to be clipped
  warnings.warn(

function_evaluation time 0.228773 value 29066.744444 suggestion {'alpha': 4.468518241840198, 'batch_size': 246, 'beta_1': 0.8855182074005532, 'beta_2': 0.9999558409486508, 'epsilon': 6.363030880835987e-09, 'hidden_layer_sizes': 153, 'learning_rate_init': 1.1234634777690496e-05, 'tol': 0.0005895537233884451, 'validation_fraction': 0.49053405952181295}
observation time 0.000006, current best 3141.161363 at iter 20
suggestion time taken 18.554340 iter 21 next_points [{'alpha': 0.05179775430420324, 'batch_size': 218, 'beta_1': 0.966412158266347, 'beta_2': 0.9960258726318453, 'epsilon': 9.145366000587016e-09, 'hidden_layer_sizes': 191, 'learning_rate_init': 0.0015398722847936193, 'tol': 0.00030813200823662587, 'validation_fraction': 0.34702371060738796}]
/home/ryedida/.local/lib/python3.8/site-packages/sklearn/neural_network/_multilayer_perceptron.py:702: ConvergenceWarning: Stochastic Optimizer: Maximum iterations (200) reached and the optimization hasn't converged yet.
  warnings.warn(

function_evaluation time 3.958964 value 24977.660489 suggestion {'alpha': 0.05179775430420324, 'batch_size': 218, 'beta_1': 0.966412158266347, 'beta_2': 0.9960258726318453, 'epsilon': 9.145366000587016e-09, 'hidden_layer_sizes': 191, 'learning_rate_init': 0.0015398722847936193, 'tol': 0.00030813200823662587, 'validation_fraction': 0.34702371060738796}
observation time 0.000006, current best 3141.161363 at iter 21
suggestion time taken 17.341272 iter 22 next_points [{'alpha': 1.9119289099555494e-05, 'batch_size': 237, 'beta_1': 0.5516441678027331, 'beta_2': 0.999955526142841, 'epsilon': 4.358613767924138e-09, 'hidden_layer_sizes': 179, 'learning_rate_init': 0.0037174317603548028, 'tol': 0.005976007882831455, 'validation_fraction': 0.1564910119492836}]
function_evaluation time 2.075191 value 19634.168606 suggestion {'alpha': 1.9119289099555494e-05, 'batch_size': 237, 'beta_1': 0.5516441678027331, 'beta_2': 0.999955526142841, 'epsilon': 4.358613767924138e-09, 'hidden_layer_sizes': 179, 'learning_rate_init': 0.0037174317603548028, 'tol': 0.005976007882831455, 'validation_fraction': 0.1564910119492836}
observation time 0.000005, current best 3141.161363 at iter 22
suggestion time taken 18.291046 iter 23 next_points [{'alpha': 0.0008128860952352163, 'batch_size': 233, 'beta_1': 0.5845469769007353, 'beta_2': 0.9963424217041312, 'epsilon': 1.4263623111904484e-07, 'hidden_layer_sizes': 197, 'learning_rate_init': 5.658333779688971e-05, 'tol': 0.016591149676086853, 'validation_fraction': 0.8624767635337006}]
/home/ryedida/.local/lib/python3.8/site-packages/sklearn/neural_network/_multilayer_perceptron.py:621: UserWarning: Got `batch_size` less than 1 or larger than sample size. It is going to be clipped
  warnings.warn(

function_evaluation time 0.202692 value 29137.968012 suggestion {'alpha': 0.0008128860952352163, 'batch_size': 233, 'beta_1': 0.5845469769007353, 'beta_2': 0.9963424217041312, 'epsilon': 1.4263623111904484e-07, 'hidden_layer_sizes': 197, 'learning_rate_init': 5.658333779688971e-05, 'tol': 0.016591149676086853, 'validation_fraction': 0.8624767635337006}
observation time 0.000005, current best 3141.161363 at iter 23
suggestion time taken 17.584078 iter 24 next_points [{'alpha': 9.071945879407647e-05, 'batch_size': 208, 'beta_1': 0.9309672106917887, 'beta_2': 0.9997020338772441, 'epsilon': 1.2433662220598437e-08, 'hidden_layer_sizes': 181, 'learning_rate_init': 0.0030990647988972794, 'tol': 0.0011054993362925355, 'validation_fraction': 0.6822770099956742}]
/home/ryedida/.local/lib/python3.8/site-packages/sklearn/neural_network/_multilayer_perceptron.py:621: UserWarning: Got `batch_size` less than 1 or larger than sample size. It is going to be clipped
  warnings.warn(

/home/ryedida/.local/lib/python3.8/site-packages/sklearn/neural_network/_multilayer_perceptron.py:702: ConvergenceWarning: Stochastic Optimizer: Maximum iterations (200) reached and the optimization hasn't converged yet.
  warnings.warn(

function_evaluation time 3.291560 value 13786.359098 suggestion {'alpha': 9.071945879407647e-05, 'batch_size': 208, 'beta_1': 0.9309672106917887, 'beta_2': 0.9997020338772441, 'epsilon': 1.2433662220598437e-08, 'hidden_layer_sizes': 181, 'learning_rate_init': 0.0030990647988972794, 'tol': 0.0011054993362925355, 'validation_fraction': 0.6822770099956742}
observation time 0.000006, current best 3141.161363 at iter 24
suggestion time taken 18.221169 iter 25 next_points [{'alpha': 1.6241842048881844e-05, 'batch_size': 237, 'beta_1': 0.8070216399469462, 'beta_2': 0.9739199631140179, 'epsilon': 1.1702911776806553e-07, 'hidden_layer_sizes': 73, 'learning_rate_init': 0.016106855005308358, 'tol': 0.01721301069063388, 'validation_fraction': 0.5768356598893029}]
/home/ryedida/.local/lib/python3.8/site-packages/sklearn/neural_network/_multilayer_perceptron.py:621: UserWarning: Got `batch_size` less than 1 or larger than sample size. It is going to be clipped
  warnings.warn(

function_evaluation time 0.363310 value 23492.385126 suggestion {'alpha': 1.6241842048881844e-05, 'batch_size': 237, 'beta_1': 0.8070216399469462, 'beta_2': 0.9739199631140179, 'epsilon': 1.1702911776806553e-07, 'hidden_layer_sizes': 73, 'learning_rate_init': 0.016106855005308358, 'tol': 0.01721301069063388, 'validation_fraction': 0.5768356598893029}
observation time 0.000005, current best 3141.161363 at iter 25
suggestion time taken 17.582804 iter 26 next_points [{'alpha': 0.00013167178151302726, 'batch_size': 217, 'beta_1': 0.908562569691472, 'beta_2': 0.9994214824557771, 'epsilon': 3.4868731748507813e-09, 'hidden_layer_sizes': 83, 'learning_rate_init': 0.0009569067043955689, 'tol': 0.016726662390486893, 'validation_fraction': 0.3519080107119456}]
function_evaluation time 0.197301 value 29022.082559 suggestion {'alpha': 0.00013167178151302726, 'batch_size': 217, 'beta_1': 0.908562569691472, 'beta_2': 0.9994214824557771, 'epsilon': 3.4868731748507813e-09, 'hidden_layer_sizes': 83, 'learning_rate_init': 0.0009569067043955689, 'tol': 0.016726662390486893, 'validation_fraction': 0.3519080107119456}
observation time 0.000006, current best 3141.161363 at iter 26
suggestion time taken 18.286517 iter 27 next_points [{'alpha': 1.4497121106980702, 'batch_size': 224, 'beta_1': 0.9441394126197298, 'beta_2': 0.9999660246823169, 'epsilon': 1.8686985485095651e-07, 'hidden_layer_sizes': 125, 'learning_rate_init': 0.0010856270873586395, 'tol': 0.0021510159585198855, 'validation_fraction': 0.16259858347457368}]
function_evaluation time 0.300691 value 29020.275688 suggestion {'alpha': 1.4497121106980702, 'batch_size': 224, 'beta_1': 0.9441394126197298, 'beta_2': 0.9999660246823169, 'epsilon': 1.8686985485095651e-07, 'hidden_layer_sizes': 125, 'learning_rate_init': 0.0010856270873586395, 'tol': 0.0021510159585198855, 'validation_fraction': 0.16259858347457368}
observation time 0.000006, current best 3141.161363 at iter 27
suggestion time taken 17.785530 iter 28 next_points [{'alpha': 0.0026397042927272392, 'batch_size': 213, 'beta_1': 0.9424372526156054, 'beta_2': 0.9638783261674913, 'epsilon': 2.087523503359328e-08, 'hidden_layer_sizes': 90, 'learning_rate_init': 0.0011960207841269954, 'tol': 0.0007811453114104159, 'validation_fraction': 0.4268484696347459}]
/home/ryedida/.local/lib/python3.8/site-packages/sklearn/neural_network/_multilayer_perceptron.py:621: UserWarning: Got `batch_size` less than 1 or larger than sample size. It is going to be clipped
  warnings.warn(

/home/ryedida/.local/lib/python3.8/site-packages/sklearn/neural_network/_multilayer_perceptron.py:702: ConvergenceWarning: Stochastic Optimizer: Maximum iterations (200) reached and the optimization hasn't converged yet.
  warnings.warn(

function_evaluation time 2.166520 value 28173.418666 suggestion {'alpha': 0.0026397042927272392, 'batch_size': 213, 'beta_1': 0.9424372526156054, 'beta_2': 0.9638783261674913, 'epsilon': 2.087523503359328e-08, 'hidden_layer_sizes': 90, 'learning_rate_init': 0.0011960207841269954, 'tol': 0.0007811453114104159, 'validation_fraction': 0.4268484696347459}
observation time 0.000005, current best 3141.161363 at iter 28
suggestion time taken 18.032727 iter 29 next_points [{'alpha': 4.34096446439292, 'batch_size': 236, 'beta_1': 0.8109856296458665, 'beta_2': 0.9999164851196244, 'epsilon': 7.107414655525614e-08, 'hidden_layer_sizes': 57, 'learning_rate_init': 0.04272244514526311, 'tol': 0.03823729552604039, 'validation_fraction': 0.19641437532224099}]
function_evaluation time 0.732144 value 3883.322698 suggestion {'alpha': 4.34096446439292, 'batch_size': 236, 'beta_1': 0.8109856296458665, 'beta_2': 0.9999164851196244, 'epsilon': 7.107414655525614e-08, 'hidden_layer_sizes': 57, 'learning_rate_init': 0.04272244514526311, 'tol': 0.03823729552604039, 'validation_fraction': 0.19641437532224099}
observation time 0.000005, current best 3141.161363 at iter 29
suggestion time taken 17.183904 iter 30 next_points [{'alpha': 0.03643869884888681, 'batch_size': 250, 'beta_1': 0.8295915565778397, 'beta_2': 0.9999901502131479, 'epsilon': 3.322806710244895e-07, 'hidden_layer_sizes': 174, 'learning_rate_init': 0.094036032101531, 'tol': 0.0002516272733780507, 'validation_fraction': 0.21880969794179847}]
function_evaluation time 1.351976 value 2920.690779 suggestion {'alpha': 0.03643869884888681, 'batch_size': 250, 'beta_1': 0.8295915565778397, 'beta_2': 0.9999901502131479, 'epsilon': 3.322806710244895e-07, 'hidden_layer_sizes': 174, 'learning_rate_init': 0.094036032101531, 'tol': 0.0002516272733780507, 'validation_fraction': 0.21880969794179847}
observation time 0.000005, current best 2920.690779 at iter 30
suggestion time taken 18.049500 iter 31 next_points [{'alpha': 0.962199481573432, 'batch_size': 249, 'beta_1': 0.7818587025177842, 'beta_2': 0.9992412661337507, 'epsilon': 7.46199354620618e-09, 'hidden_layer_sizes': 117, 'learning_rate_init': 0.0002380930672187503, 'tol': 2.322588629933482e-05, 'validation_fraction': 0.8202453283648177}]
/home/ryedida/.local/lib/python3.8/site-packages/sklearn/neural_network/_multilayer_perceptron.py:621: UserWarning: Got `batch_size` less than 1 or larger than sample size. It is going to be clipped
  warnings.warn(

/home/ryedida/.local/lib/python3.8/site-packages/sklearn/neural_network/_multilayer_perceptron.py:702: ConvergenceWarning: Stochastic Optimizer: Maximum iterations (200) reached and the optimization hasn't converged yet.
  warnings.warn(

function_evaluation time 2.839677 value 28912.534746 suggestion {'alpha': 0.962199481573432, 'batch_size': 249, 'beta_1': 0.7818587025177842, 'beta_2': 0.9992412661337507, 'epsilon': 7.46199354620618e-09, 'hidden_layer_sizes': 117, 'learning_rate_init': 0.0002380930672187503, 'tol': 2.322588629933482e-05, 'validation_fraction': 0.8202453283648177}
observation time 0.000005, current best 2920.690779 at iter 31
suggestion time taken 18.185740 iter 32 next_points [{'alpha': 0.0038828394793510744, 'batch_size': 241, 'beta_1': 0.799774656763411, 'beta_2': 0.9998995936326215, 'epsilon': 1.6697395555573335e-08, 'hidden_layer_sizes': 133, 'learning_rate_init': 0.0038363617066780485, 'tol': 0.012699888028809813, 'validation_fraction': 0.491960859759364}]
/home/ryedida/.local/lib/python3.8/site-packages/sklearn/neural_network/_multilayer_perceptron.py:621: UserWarning: Got `batch_size` less than 1 or larger than sample size. It is going to be clipped
  warnings.warn(

function_evaluation time 0.227960 value 28937.199805 suggestion {'alpha': 0.0038828394793510744, 'batch_size': 241, 'beta_1': 0.799774656763411, 'beta_2': 0.9998995936326215, 'epsilon': 1.6697395555573335e-08, 'hidden_layer_sizes': 133, 'learning_rate_init': 0.0038363617066780485, 'tol': 0.012699888028809813, 'validation_fraction': 0.491960859759364}
observation time 0.000005, current best 2920.690779 at iter 32
suggestion time taken 18.056015 iter 33 next_points [{'alpha': 0.0021336309739355716, 'batch_size': 218, 'beta_1': 0.8911130206628062, 'beta_2': 0.9826991091729471, 'epsilon': 2.081625884129472e-09, 'hidden_layer_sizes': 166, 'learning_rate_init': 0.00195230757925878, 'tol': 0.003785367548007264, 'validation_fraction': 0.6342559132331312}]
/home/ryedida/.local/lib/python3.8/site-packages/sklearn/neural_network/_multilayer_perceptron.py:621: UserWarning: Got `batch_size` less than 1 or larger than sample size. It is going to be clipped
  warnings.warn(

function_evaluation time 0.231480 value 29003.152512 suggestion {'alpha': 0.0021336309739355716, 'batch_size': 218, 'beta_1': 0.8911130206628062, 'beta_2': 0.9826991091729471, 'epsilon': 2.081625884129472e-09, 'hidden_layer_sizes': 166, 'learning_rate_init': 0.00195230757925878, 'tol': 0.003785367548007264, 'validation_fraction': 0.6342559132331312}
observation time 0.000006, current best 2920.690779 at iter 33
suggestion time taken 18.370548 iter 34 next_points [{'alpha': 4.844248807270662e-05, 'batch_size': 238, 'beta_1': 0.6226597235312322, 'beta_2': 0.9904034045099858, 'epsilon': 7.295530585209855e-08, 'hidden_layer_sizes': 81, 'learning_rate_init': 0.007877116192011221, 'tol': 0.017740200466524716, 'validation_fraction': 0.4121038579857237}]
/home/ryedida/.local/lib/python3.8/site-packages/sklearn/neural_network/_multilayer_perceptron.py:621: UserWarning: Got `batch_size` less than 1 or larger than sample size. It is going to be clipped
  warnings.warn(

function_evaluation time 0.210294 value 28741.592009 suggestion {'alpha': 4.844248807270662e-05, 'batch_size': 238, 'beta_1': 0.6226597235312322, 'beta_2': 0.9904034045099858, 'epsilon': 7.295530585209855e-08, 'hidden_layer_sizes': 81, 'learning_rate_init': 0.007877116192011221, 'tol': 0.017740200466524716, 'validation_fraction': 0.4121038579857237}
observation time 0.000005, current best 2920.690779 at iter 34
suggestion time taken 18.039916 iter 35 next_points [{'alpha': 0.05499302053300829, 'batch_size': 247, 'beta_1': 0.8524922173450883, 'beta_2': 0.9773072771442157, 'epsilon': 9.450236579483204e-07, 'hidden_layer_sizes': 168, 'learning_rate_init': 7.037438941216256e-05, 'tol': 0.005592247912051417, 'validation_fraction': 0.6701211420814505}]
/home/ryedida/.local/lib/python3.8/site-packages/sklearn/neural_network/_multilayer_perceptron.py:621: UserWarning: Got `batch_size` less than 1 or larger than sample size. It is going to be clipped
  warnings.warn(

function_evaluation time 0.210726 value 29064.481343 suggestion {'alpha': 0.05499302053300829, 'batch_size': 247, 'beta_1': 0.8524922173450883, 'beta_2': 0.9773072771442157, 'epsilon': 9.450236579483204e-07, 'hidden_layer_sizes': 168, 'learning_rate_init': 7.037438941216256e-05, 'tol': 0.005592247912051417, 'validation_fraction': 0.6701211420814505}
observation time 0.000006, current best 2920.690779 at iter 35
suggestion time taken 18.393314 iter 36 next_points [{'alpha': 0.006117030224005922, 'batch_size': 211, 'beta_1': 0.9821171309459388, 'beta_2': 0.9649058881484959, 'epsilon': 1.1470186487789566e-08, 'hidden_layer_sizes': 76, 'learning_rate_init': 0.004489798980124861, 'tol': 0.0011188638472595794, 'validation_fraction': 0.8021994934735656}]
/home/ryedida/.local/lib/python3.8/site-packages/sklearn/neural_network/_multilayer_perceptron.py:621: UserWarning: Got `batch_size` less than 1 or larger than sample size. It is going to be clipped
  warnings.warn(

/home/ryedida/.local/lib/python3.8/site-packages/sklearn/neural_network/_multilayer_perceptron.py:702: ConvergenceWarning: Stochastic Optimizer: Maximum iterations (200) reached and the optimization hasn't converged yet.
  warnings.warn(

function_evaluation time 2.506154 value 22039.749409 suggestion {'alpha': 0.006117030224005922, 'batch_size': 211, 'beta_1': 0.9821171309459388, 'beta_2': 0.9649058881484959, 'epsilon': 1.1470186487789566e-08, 'hidden_layer_sizes': 76, 'learning_rate_init': 0.004489798980124861, 'tol': 0.0011188638472595794, 'validation_fraction': 0.8021994934735656}
observation time 0.000005, current best 2920.690779 at iter 36
suggestion time taken 17.128416 iter 37 next_points [{'alpha': 4.936752347639863e-05, 'batch_size': 240, 'beta_1': 0.926982869996102, 'beta_2': 0.9906202342069632, 'epsilon': 2.5924645999135875e-07, 'hidden_layer_sizes': 91, 'learning_rate_init': 0.00014689929045736026, 'tol': 1.5042952858661072e-05, 'validation_fraction': 0.31690309781024495}]
/home/ryedida/.local/lib/python3.8/site-packages/sklearn/neural_network/_multilayer_perceptron.py:702: ConvergenceWarning: Stochastic Optimizer: Maximum iterations (200) reached and the optimization hasn't converged yet.
  warnings.warn(

function_evaluation time 3.061984 value 29016.240201 suggestion {'alpha': 4.936752347639863e-05, 'batch_size': 240, 'beta_1': 0.926982869996102, 'beta_2': 0.9906202342069632, 'epsilon': 2.5924645999135875e-07, 'hidden_layer_sizes': 91, 'learning_rate_init': 0.00014689929045736026, 'tol': 1.5042952858661072e-05, 'validation_fraction': 0.31690309781024495}
observation time 0.000005, current best 2920.690779 at iter 37
suggestion time taken 17.911527 iter 38 next_points [{'alpha': 0.00015536615072281237, 'batch_size': 242, 'beta_1': 0.9473273237152038, 'beta_2': 0.9999738670777019, 'epsilon': 4.942010392626267e-08, 'hidden_layer_sizes': 100, 'learning_rate_init': 0.003706732446064299, 'tol': 0.00014356119424214543, 'validation_fraction': 0.2564115423735133}]
/home/ryedida/.local/lib/python3.8/site-packages/sklearn/neural_network/_multilayer_perceptron.py:702: ConvergenceWarning: Stochastic Optimizer: Maximum iterations (200) reached and the optimization hasn't converged yet.
  warnings.warn(

function_evaluation time 3.550754 value 16786.801761 suggestion {'alpha': 0.00015536615072281237, 'batch_size': 242, 'beta_1': 0.9473273237152038, 'beta_2': 0.9999738670777019, 'epsilon': 4.942010392626267e-08, 'hidden_layer_sizes': 100, 'learning_rate_init': 0.003706732446064299, 'tol': 0.00014356119424214543, 'validation_fraction': 0.2564115423735133}
observation time 0.000006, current best 2920.690779 at iter 38
suggestion time taken 17.776582 iter 39 next_points [{'alpha': 2.032788103942797e-05, 'batch_size': 242, 'beta_1': 0.9836270940806143, 'beta_2': 0.9996932158772854, 'epsilon': 9.660205464310483e-09, 'hidden_layer_sizes': 75, 'learning_rate_init': 0.01706117180520955, 'tol': 0.002047667203683718, 'validation_fraction': 0.7893817130635389}]
/home/ryedida/.local/lib/python3.8/site-packages/sklearn/neural_network/_multilayer_perceptron.py:621: UserWarning: Got `batch_size` less than 1 or larger than sample size. It is going to be clipped
  warnings.warn(

function_evaluation time 1.898852 value 4049.002667 suggestion {'alpha': 2.032788103942797e-05, 'batch_size': 242, 'beta_1': 0.9836270940806143, 'beta_2': 0.9996932158772854, 'epsilon': 9.660205464310483e-09, 'hidden_layer_sizes': 75, 'learning_rate_init': 0.01706117180520955, 'tol': 0.002047667203683718, 'validation_fraction': 0.7893817130635389}
observation time 0.000006, current best 2920.690779 at iter 39
suggestion time taken 18.115394 iter 40 next_points [{'alpha': 0.00010708496178519373, 'batch_size': 249, 'beta_1': 0.9600014169148469, 'beta_2': 0.9996852702228388, 'epsilon': 4.099761340639244e-07, 'hidden_layer_sizes': 146, 'learning_rate_init': 0.0010150167934761733, 'tol': 1.4047697908777374e-05, 'validation_fraction': 0.13909435134236298}]
/home/ryedida/.local/lib/python3.8/site-packages/sklearn/neural_network/_multilayer_perceptron.py:702: ConvergenceWarning: Stochastic Optimizer: Maximum iterations (200) reached and the optimization hasn't converged yet.
  warnings.warn(

function_evaluation time 3.866576 value 27234.815701 suggestion {'alpha': 0.00010708496178519373, 'batch_size': 249, 'beta_1': 0.9600014169148469, 'beta_2': 0.9996852702228388, 'epsilon': 4.099761340639244e-07, 'hidden_layer_sizes': 146, 'learning_rate_init': 0.0010150167934761733, 'tol': 1.4047697908777374e-05, 'validation_fraction': 0.13909435134236298}
observation time 0.000005, current best 2920.690779 at iter 40
suggestion time taken 18.008599 iter 41 next_points [{'alpha': 8.499468150862503e-05, 'batch_size': 231, 'beta_1': 0.7083126411057007, 'beta_2': 0.9997297746243285, 'epsilon': 5.095002661440577e-08, 'hidden_layer_sizes': 155, 'learning_rate_init': 2.1747385048098925e-05, 'tol': 5.9752229438304334e-05, 'validation_fraction': 0.7097307738860192}]
/home/ryedida/.local/lib/python3.8/site-packages/sklearn/neural_network/_multilayer_perceptron.py:621: UserWarning: Got `batch_size` less than 1 or larger than sample size. It is going to be clipped
  warnings.warn(

function_evaluation time 0.234073 value 29076.615221 suggestion {'alpha': 8.499468150862503e-05, 'batch_size': 231, 'beta_1': 0.7083126411057007, 'beta_2': 0.9997297746243285, 'epsilon': 5.095002661440577e-08, 'hidden_layer_sizes': 155, 'learning_rate_init': 2.1747385048098925e-05, 'tol': 5.9752229438304334e-05, 'validation_fraction': 0.7097307738860192}
observation time 0.000006, current best 2920.690779 at iter 41
suggestion time taken 17.789262 iter 42 next_points [{'alpha': 0.006706462040559447, 'batch_size': 229, 'beta_1': 0.6215006695976195, 'beta_2': 0.9933138740429437, 'epsilon': 6.449444335315099e-08, 'hidden_layer_sizes': 186, 'learning_rate_init': 1.851289482810273e-05, 'tol': 0.000114279072090508, 'validation_fraction': 0.25265427943107793}]
function_evaluation time 0.290967 value 29109.212498 suggestion {'alpha': 0.006706462040559447, 'batch_size': 229, 'beta_1': 0.6215006695976195, 'beta_2': 0.9933138740429437, 'epsilon': 6.449444335315099e-08, 'hidden_layer_sizes': 186, 'learning_rate_init': 1.851289482810273e-05, 'tol': 0.000114279072090508, 'validation_fraction': 0.25265427943107793}
observation time 0.000005, current best 2920.690779 at iter 42
suggestion time taken 18.900916 iter 43 next_points [{'alpha': 4.044453923670697, 'batch_size': 241, 'beta_1': 0.918872339328168, 'beta_2': 0.9967591516963917, 'epsilon': 3.6772966645437417e-09, 'hidden_layer_sizes': 144, 'learning_rate_init': 0.022155138152249405, 'tol': 0.09357216055939037, 'validation_fraction': 0.32946234990859813}]
/home/ryedida/.local/lib/python3.8/site-packages/sklearn/neural_network/_multilayer_perceptron.py:621: UserWarning: Got `batch_size` less than 1 or larger than sample size. It is going to be clipped
  warnings.warn(

function_evaluation time 0.230533 value 27147.350626 suggestion {'alpha': 4.044453923670697, 'batch_size': 241, 'beta_1': 0.918872339328168, 'beta_2': 0.9967591516963917, 'epsilon': 3.6772966645437417e-09, 'hidden_layer_sizes': 144, 'learning_rate_init': 0.022155138152249405, 'tol': 0.09357216055939037, 'validation_fraction': 0.32946234990859813}
observation time 0.000005, current best 2920.690779 at iter 43
suggestion time taken 17.668829 iter 44 next_points [{'alpha': 0.0043045618859891294, 'batch_size': 239, 'beta_1': 0.792140614768817, 'beta_2': 0.9996684661339501, 'epsilon': 5.275498696020715e-07, 'hidden_layer_sizes': 179, 'learning_rate_init': 0.0073835840570070765, 'tol': 0.00020402951701135682, 'validation_fraction': 0.5591543998498996}]
/home/ryedida/.local/lib/python3.8/site-packages/sklearn/neural_network/_multilayer_perceptron.py:621: UserWarning: Got `batch_size` less than 1 or larger than sample size. It is going to be clipped
  warnings.warn(

/home/ryedida/.local/lib/python3.8/site-packages/sklearn/neural_network/_multilayer_perceptron.py:702: ConvergenceWarning: Stochastic Optimizer: Maximum iterations (200) reached and the optimization hasn't converged yet.
  warnings.warn(

function_evaluation time 3.364703 value 3565.885818 suggestion {'alpha': 0.0043045618859891294, 'batch_size': 239, 'beta_1': 0.792140614768817, 'beta_2': 0.9996684661339501, 'epsilon': 5.275498696020715e-07, 'hidden_layer_sizes': 179, 'learning_rate_init': 0.0073835840570070765, 'tol': 0.00020402951701135682, 'validation_fraction': 0.5591543998498996}
observation time 0.000005, current best 2920.690779 at iter 44
saving meta data: {'args': {'--uuid': '3c9181eacc025854b86225ca4bb3012b', '-db-root': '/home/ryedida/bbo_challenge_starter_kit/output', '--opt-root': '/home/ryedida/bbo_challenge_starter_kit/example_submissions', '--data-root': None, '--db': 'run_20231015_191245', '--opt': 'strongcvx', '--data': 'diabetes', '--classifier': 'MLP-adam', '--metric': 'mse', '--calls': 45, '--suggestions': 1, '--jobs-file': None, '--verbose': False, 'dry_run': False, 'rev': 'a376313', 'opt_rev': 'x.x.x'}, 'signature': ([{'alpha': 0.019628224813442792, 'batch_size': 182, 'beta_1': 0.9410202200271762, 'beta_2': 0.9998021557676793, 'epsilon': 1.8662266976518e-08, 'hidden_layer_sizes': 147, 'learning_rate_init': 0.0005627932047415167, 'tol': 0.03690557729213761, 'validation_fraction': 0.8846827852548593}, {'alpha': 0.001998246739232944, 'batch_size': 200, 'beta_1': 0.919111482530466, 'beta_2': 0.9998488260436156, 'epsilon': 5.981221901152555e-07, 'hidden_layer_sizes': 61, 'learning_rate_init': 2.2310905607443014e-05, 'tol': 1.2046852412030316e-05, 'validation_fraction': 0.8117896445826539}, {'alpha': 0.46659545670218433, 'batch_size': 219, 'beta_1': 0.9889789783750891, 'beta_2': 0.9999896868093284, 'epsilon': 2.4234724484675948e-08, 'hidden_layer_sizes': 167, 'learning_rate_init': 2.972334644335654e-05, 'tol': 0.0036281404040243792, 'validation_fraction': 0.17260651658522078}, {'alpha': 4.656005689076002, 'batch_size': 135, 'beta_1': 0.870503881627747, 'beta_2': 0.9948873266941017, 'epsilon': 2.1023308743480125e-07, 'hidden_layer_sizes': 118, 'learning_rate_init': 0.001878173875716191, 'tol': 1.1889379831773006e-05, 'validation_fraction': 0.6264327093752792}, {'alpha': 0.04705159350400542, 'batch_size': 158, 'beta_1': 0.9870884262730957, 'beta_2': 0.9999596874382349, 'epsilon': 1.1981845126013875e-08, 'hidden_layer_sizes': 116, 'learning_rate_init': 0.006173405204074311, 'tol': 1.7414134181586194e-05, 'validation_fraction': 0.6754299026638921}], [29083.993548572587, 29062.423277324073, 29075.78987471409, 24626.32866834337, 9584.226858493173])}
saving results
saving timing
saving suggest log
done
