running: {'--uuid': '3d65cdef36dd52e0ae2859544a6e24c8', '-db-root': '/home/ryedida/bbo_challenge_starter_kit/output', '--opt-root': '/home/ryedida/bbo_challenge_starter_kit/example_submissions', '--data-root': None, '--db': 'run_20231015_191245', '--opt': 'strongcvx', '--data': 'diabetes', '--classifier': 'MLP-adam', '--metric': 'mae', '--calls': 45, '--suggestions': 1, '--jobs-file': None, '--verbose': False, 'dry_run': False, 'rev': 'a376313', 'opt_rev': 'x.x.x'}
cmd: python strongcvx/optimizer.py -c MLP-adam -d diabetes -o strongcvx -u 3d65cdef36dd52e0ae2859544a6e24c8 -m mae -n 45 -p 1 -dir /home/ryedida/bbo_challenge_starter_kit/output -b run_20231015_191245
/home/ryedida/.local/lib/python3.8/site-packages/sklearn/neural_network/_multilayer_perceptron.py:621: UserWarning: Got `batch_size` less than 1 or larger than sample size. It is going to be clipped
  warnings.warn(

/home/ryedida/.local/lib/python3.8/site-packages/sklearn/neural_network/_multilayer_perceptron.py:621: UserWarning: Got `batch_size` less than 1 or larger than sample size. It is going to be clipped
  warnings.warn(

/home/ryedida/.local/lib/python3.8/site-packages/sklearn/neural_network/_multilayer_perceptron.py:621: UserWarning: Got `batch_size` less than 1 or larger than sample size. It is going to be clipped
  warnings.warn(

/home/ryedida/.local/lib/python3.8/site-packages/sklearn/neural_network/_multilayer_perceptron.py:702: ConvergenceWarning: Stochastic Optimizer: Maximum iterations (200) reached and the optimization hasn't converged yet.
  warnings.warn(

/home/ryedida/.local/lib/python3.8/site-packages/sklearn/neural_network/_multilayer_perceptron.py:621: UserWarning: Got `batch_size` less than 1 or larger than sample size. It is going to be clipped
  warnings.warn(

/home/ryedida/.local/lib/python3.8/site-packages/sklearn/neural_network/_multilayer_perceptron.py:702: ConvergenceWarning: Stochastic Optimizer: Maximum iterations (200) reached and the optimization hasn't converged yet.
  warnings.warn(

computed signature: ([{'alpha': 0.019628224813442792, 'batch_size': 182, 'beta_1': 0.9410202200271762, 'beta_2': 0.9998021557676793, 'epsilon': 1.8662266976518e-08, 'hidden_layer_sizes': 147, 'learning_rate_init': 0.0005627932047415167, 'tol': 0.03690557729213761, 'validation_fraction': 0.8846827852548593}, {'alpha': 0.001998246739232944, 'batch_size': 200, 'beta_1': 0.919111482530466, 'beta_2': 0.9998488260436156, 'epsilon': 5.981221901152555e-07, 'hidden_layer_sizes': 61, 'learning_rate_init': 2.2310905607443014e-05, 'tol': 1.2046852412030316e-05, 'validation_fraction': 0.8117896445826539}, {'alpha': 0.46659545670218433, 'batch_size': 219, 'beta_1': 0.9889789783750891, 'beta_2': 0.9999896868093284, 'epsilon': 2.4234724484675948e-08, 'hidden_layer_sizes': 167, 'learning_rate_init': 2.972334644335654e-05, 'tol': 0.0036281404040243792, 'validation_fraction': 0.17260651658522078}, {'alpha': 4.656005689076002, 'batch_size': 135, 'beta_1': 0.870503881627747, 'beta_2': 0.9948873266941017, 'epsilon': 2.1023308743480125e-07, 'hidden_layer_sizes': 118, 'learning_rate_init': 0.001878173875716191, 'tol': 1.1889379831773006e-05, 'validation_fraction': 0.6264327093752792}, {'alpha': 0.04705159350400542, 'batch_size': 158, 'beta_1': 0.9870884262730957, 'beta_2': 0.9999596874382349, 'epsilon': 1.1981845126013875e-08, 'hidden_layer_sizes': 116, 'learning_rate_init': 0.006173405204074311, 'tol': 1.7414134181586194e-05, 'validation_fraction': 0.6754299026638921}], [151.4971925380264, 151.42763539278994, 151.47026299046811, 136.86202504264318, 75.2055865763391])
/home/ryedida/.local/lib/python3.8/site-packages/bayesmark/experiment.py:470: UserWarning: Baselines not found. Will not log intermediate scores.
  warnings.warn("Baselines not found. Will not log intermediate scores.")

starting sklearn study strongcvx MLP-adam diabetes mae 45 1
with data root: None
suggestion time taken 17.356850 iter 0 next_points [{'alpha': 1.2471558178167523, 'batch_size': 241, 'beta_1': 0.9883788681030408, 'beta_2': 0.953703698121136, 'epsilon': 1.897840182236451e-08, 'hidden_layer_sizes': 192, 'learning_rate_init': 0.016150478825980617, 'tol': 0.003150222028922622, 'validation_fraction': 0.19115206496630527}]
function_evaluation time 2.067750 value 56.000206 suggestion {'alpha': 1.2471558178167523, 'batch_size': 241, 'beta_1': 0.9883788681030408, 'beta_2': 0.953703698121136, 'epsilon': 1.897840182236451e-08, 'hidden_layer_sizes': 192, 'learning_rate_init': 0.016150478825980617, 'tol': 0.003150222028922622, 'validation_fraction': 0.19115206496630527}
observation time 0.000005, current best 56.000206 at iter 0
suggestion time taken 17.231710 iter 1 next_points [{'alpha': 1.8420894130911305, 'batch_size': 244, 'beta_1': 0.9696355886856429, 'beta_2': 0.9999886372839465, 'epsilon': 3.3638249369086802e-09, 'hidden_layer_sizes': 128, 'learning_rate_init': 0.09394982513318895, 'tol': 0.06907454291190017, 'validation_fraction': 0.28084061414635636}]
function_evaluation time 0.551103 value 55.137271 suggestion {'alpha': 1.8420894130911305, 'batch_size': 244, 'beta_1': 0.9696355886856429, 'beta_2': 0.9999886372839465, 'epsilon': 3.3638249369086802e-09, 'hidden_layer_sizes': 128, 'learning_rate_init': 0.09394982513318895, 'tol': 0.06907454291190017, 'validation_fraction': 0.28084061414635636}
observation time 0.000005, current best 55.137271 at iter 1
suggestion time taken 16.411501 iter 2 next_points [{'alpha': 4.511220044119229, 'batch_size': 240, 'beta_1': 0.6106788986407704, 'beta_2': 0.9999689094413887, 'epsilon': 4.070361711865339e-09, 'hidden_layer_sizes': 110, 'learning_rate_init': 0.0012837710953291863, 'tol': 0.0003595217260318666, 'validation_fraction': 0.23334165969004614}]
/home/ryedida/.local/lib/python3.8/site-packages/sklearn/neural_network/_multilayer_perceptron.py:702: ConvergenceWarning: Stochastic Optimizer: Maximum iterations (200) reached and the optimization hasn't converged yet.
  warnings.warn(

function_evaluation time 3.283058 value 143.161062 suggestion {'alpha': 4.511220044119229, 'batch_size': 240, 'beta_1': 0.6106788986407704, 'beta_2': 0.9999689094413887, 'epsilon': 4.070361711865339e-09, 'hidden_layer_sizes': 110, 'learning_rate_init': 0.0012837710953291863, 'tol': 0.0003595217260318666, 'validation_fraction': 0.23334165969004614}
observation time 0.000005, current best 55.137271 at iter 2
suggestion time taken 17.397142 iter 3 next_points [{'alpha': 0.043199837681914745, 'batch_size': 244, 'beta_1': 0.9817606680539549, 'beta_2': 0.999998250885597, 'epsilon': 3.6444594323340504e-08, 'hidden_layer_sizes': 135, 'learning_rate_init': 0.0003487731843749184, 'tol': 0.08523649556146257, 'validation_fraction': 0.13874431007583654}]
function_evaluation time 0.267186 value 151.533738 suggestion {'alpha': 0.043199837681914745, 'batch_size': 244, 'beta_1': 0.9817606680539549, 'beta_2': 0.999998250885597, 'epsilon': 3.6444594323340504e-08, 'hidden_layer_sizes': 135, 'learning_rate_init': 0.0003487731843749184, 'tol': 0.08523649556146257, 'validation_fraction': 0.13874431007583654}
observation time 0.000005, current best 55.137271 at iter 3
suggestion time taken 16.834604 iter 4 next_points [{'alpha': 0.8456473841142557, 'batch_size': 230, 'beta_1': 0.855123139174142, 'beta_2': 0.9991815999658564, 'epsilon': 6.454238768263274e-08, 'hidden_layer_sizes': 171, 'learning_rate_init': 0.0022751482248512, 'tol': 0.0003507706412983701, 'validation_fraction': 0.3817485591655515}]
/home/ryedida/.local/lib/python3.8/site-packages/sklearn/neural_network/_multilayer_perceptron.py:621: UserWarning: Got `batch_size` less than 1 or larger than sample size. It is going to be clipped
  warnings.warn(

/home/ryedida/.local/lib/python3.8/site-packages/sklearn/neural_network/_multilayer_perceptron.py:702: ConvergenceWarning: Stochastic Optimizer: Maximum iterations (200) reached and the optimization hasn't converged yet.
  warnings.warn(

function_evaluation time 3.723109 value 115.354926 suggestion {'alpha': 0.8456473841142557, 'batch_size': 230, 'beta_1': 0.855123139174142, 'beta_2': 0.9991815999658564, 'epsilon': 6.454238768263274e-08, 'hidden_layer_sizes': 171, 'learning_rate_init': 0.0022751482248512, 'tol': 0.0003507706412983701, 'validation_fraction': 0.3817485591655515}
observation time 0.000004, current best 55.137271 at iter 4
suggestion time taken 17.393740 iter 5 next_points [{'alpha': 0.003970275308688098, 'batch_size': 248, 'beta_1': 0.9763394833436492, 'beta_2': 0.9996796406444911, 'epsilon': 1.1545051614540773e-07, 'hidden_layer_sizes': 163, 'learning_rate_init': 0.0048230319514813835, 'tol': 3.4127848530567364e-05, 'validation_fraction': 0.1791498954217275}]
function_evaluation time 3.789622 value 70.875622 suggestion {'alpha': 0.003970275308688098, 'batch_size': 248, 'beta_1': 0.9763394833436492, 'beta_2': 0.9996796406444911, 'epsilon': 1.1545051614540773e-07, 'hidden_layer_sizes': 163, 'learning_rate_init': 0.0048230319514813835, 'tol': 3.4127848530567364e-05, 'validation_fraction': 0.1791498954217275}
observation time 0.000005, current best 55.137271 at iter 5
suggestion time taken 16.852250 iter 6 next_points [{'alpha': 0.007314200664531464, 'batch_size': 225, 'beta_1': 0.6776800849685225, 'beta_2': 0.9999096920494845, 'epsilon': 3.0049022863335146e-07, 'hidden_layer_sizes': 187, 'learning_rate_init': 0.00016428808276575883, 'tol': 0.019212345589541872, 'validation_fraction': 0.8165753062170132}]
/home/ryedida/.local/lib/python3.8/site-packages/sklearn/neural_network/_multilayer_perceptron.py:621: UserWarning: Got `batch_size` less than 1 or larger than sample size. It is going to be clipped
  warnings.warn(

function_evaluation time 0.205398 value 151.648348 suggestion {'alpha': 0.007314200664531464, 'batch_size': 225, 'beta_1': 0.6776800849685225, 'beta_2': 0.9999096920494845, 'epsilon': 3.0049022863335146e-07, 'hidden_layer_sizes': 187, 'learning_rate_init': 0.00016428808276575883, 'tol': 0.019212345589541872, 'validation_fraction': 0.8165753062170132}
observation time 0.000005, current best 55.137271 at iter 6
suggestion time taken 16.967671 iter 7 next_points [{'alpha': 0.0007314332319074367, 'batch_size': 237, 'beta_1': 0.6435487288995548, 'beta_2': 0.9952890963436682, 'epsilon': 1.2178184730632635e-08, 'hidden_layer_sizes': 183, 'learning_rate_init': 0.08450892978711087, 'tol': 0.015092647634662726, 'validation_fraction': 0.5382048350810318}]
/home/ryedida/.local/lib/python3.8/site-packages/sklearn/neural_network/_multilayer_perceptron.py:621: UserWarning: Got `batch_size` less than 1 or larger than sample size. It is going to be clipped
  warnings.warn(

function_evaluation time 0.635796 value 46.188449 suggestion {'alpha': 0.0007314332319074367, 'batch_size': 237, 'beta_1': 0.6435487288995548, 'beta_2': 0.9952890963436682, 'epsilon': 1.2178184730632635e-08, 'hidden_layer_sizes': 183, 'learning_rate_init': 0.08450892978711087, 'tol': 0.015092647634662726, 'validation_fraction': 0.5382048350810318}
observation time 0.000005, current best 46.188449 at iter 7
suggestion time taken 17.778563 iter 8 next_points [{'alpha': 0.0003995069067176133, 'batch_size': 225, 'beta_1': 0.8473067280765304, 'beta_2': 0.9999879507705232, 'epsilon': 6.971299186049743e-07, 'hidden_layer_sizes': 68, 'learning_rate_init': 1.7561125656863495e-05, 'tol': 0.0008675375766141701, 'validation_fraction': 0.7890270082818635}]
/home/ryedida/.local/lib/python3.8/site-packages/sklearn/neural_network/_multilayer_perceptron.py:621: UserWarning: Got `batch_size` less than 1 or larger than sample size. It is going to be clipped
  warnings.warn(

function_evaluation time 0.177919 value 151.638923 suggestion {'alpha': 0.0003995069067176133, 'batch_size': 225, 'beta_1': 0.8473067280765304, 'beta_2': 0.9999879507705232, 'epsilon': 6.971299186049743e-07, 'hidden_layer_sizes': 68, 'learning_rate_init': 1.7561125656863495e-05, 'tol': 0.0008675375766141701, 'validation_fraction': 0.7890270082818635}
observation time 0.000006, current best 46.188449 at iter 8
suggestion time taken 17.144696 iter 9 next_points [{'alpha': 0.008893800626355513, 'batch_size': 240, 'beta_1': 0.9796212182873634, 'beta_2': 0.9987154001787671, 'epsilon': 2.975186434971284e-07, 'hidden_layer_sizes': 189, 'learning_rate_init': 0.002932745476497715, 'tol': 0.0004054955884746877, 'validation_fraction': 0.3050187499018536}]
/home/ryedida/.local/lib/python3.8/site-packages/sklearn/neural_network/_multilayer_perceptron.py:702: ConvergenceWarning: Stochastic Optimizer: Maximum iterations (200) reached and the optimization hasn't converged yet.
  warnings.warn(

function_evaluation time 3.955082 value 112.696954 suggestion {'alpha': 0.008893800626355513, 'batch_size': 240, 'beta_1': 0.9796212182873634, 'beta_2': 0.9987154001787671, 'epsilon': 2.975186434971284e-07, 'hidden_layer_sizes': 189, 'learning_rate_init': 0.002932745476497715, 'tol': 0.0004054955884746877, 'validation_fraction': 0.3050187499018536}
observation time 0.000005, current best 46.188449 at iter 9
suggestion time taken 17.783601 iter 10 next_points [{'alpha': 0.9532016363543184, 'batch_size': 207, 'beta_1': 0.9828803058130013, 'beta_2': 0.999944998468876, 'epsilon': 3.036074730431663e-08, 'hidden_layer_sizes': 152, 'learning_rate_init': 2.2424603643875853e-05, 'tol': 0.002408165032004339, 'validation_fraction': 0.8590365476148395}]
/home/ryedida/.local/lib/python3.8/site-packages/sklearn/neural_network/_multilayer_perceptron.py:621: UserWarning: Got `batch_size` less than 1 or larger than sample size. It is going to be clipped
  warnings.warn(

function_evaluation time 0.201144 value 151.536722 suggestion {'alpha': 0.9532016363543184, 'batch_size': 207, 'beta_1': 0.9828803058130013, 'beta_2': 0.999944998468876, 'epsilon': 3.036074730431663e-08, 'hidden_layer_sizes': 152, 'learning_rate_init': 2.2424603643875853e-05, 'tol': 0.002408165032004339, 'validation_fraction': 0.8590365476148395}
observation time 0.000005, current best 46.188449 at iter 10
suggestion time taken 17.364080 iter 11 next_points [{'alpha': 2.1944945551722307e-05, 'batch_size': 245, 'beta_1': 0.9085388915347912, 'beta_2': 0.9999944822616396, 'epsilon': 4.9065708275409746e-09, 'hidden_layer_sizes': 185, 'learning_rate_init': 7.884935922332919e-05, 'tol': 0.003258874035741156, 'validation_fraction': 0.4090409847426928}]
/home/ryedida/.local/lib/python3.8/site-packages/sklearn/neural_network/_multilayer_perceptron.py:621: UserWarning: Got `batch_size` less than 1 or larger than sample size. It is going to be clipped
  warnings.warn(

function_evaluation time 0.235472 value 151.608252 suggestion {'alpha': 2.1944945551722307e-05, 'batch_size': 245, 'beta_1': 0.9085388915347912, 'beta_2': 0.9999944822616396, 'epsilon': 4.9065708275409746e-09, 'hidden_layer_sizes': 185, 'learning_rate_init': 7.884935922332919e-05, 'tol': 0.003258874035741156, 'validation_fraction': 0.4090409847426928}
observation time 0.000006, current best 46.188449 at iter 11
suggestion time taken 18.031650 iter 12 next_points [{'alpha': 1.104496551461082, 'batch_size': 245, 'beta_1': 0.971317569301082, 'beta_2': 0.9998498650799624, 'epsilon': 3.840326569037689e-08, 'hidden_layer_sizes': 164, 'learning_rate_init': 0.0005130655136029236, 'tol': 0.005789298253723736, 'validation_fraction': 0.5177158670385219}]
/home/ryedida/.local/lib/python3.8/site-packages/sklearn/neural_network/_multilayer_perceptron.py:621: UserWarning: Got `batch_size` less than 1 or larger than sample size. It is going to be clipped
  warnings.warn(

function_evaluation time 0.232545 value 151.668447 suggestion {'alpha': 1.104496551461082, 'batch_size': 245, 'beta_1': 0.971317569301082, 'beta_2': 0.9998498650799624, 'epsilon': 3.840326569037689e-08, 'hidden_layer_sizes': 164, 'learning_rate_init': 0.0005130655136029236, 'tol': 0.005789298253723736, 'validation_fraction': 0.5177158670385219}
observation time 0.000005, current best 46.188449 at iter 12
suggestion time taken 17.108174 iter 13 next_points [{'alpha': 1.7155917805503094e-05, 'batch_size': 225, 'beta_1': 0.9544616799375504, 'beta_2': 0.978741169270841, 'epsilon': 5.788478473706201e-07, 'hidden_layer_sizes': 193, 'learning_rate_init': 0.0007391758644710412, 'tol': 0.03096042674986517, 'validation_fraction': 0.13315789205372516}]
function_evaluation time 0.338882 value 151.285322 suggestion {'alpha': 1.7155917805503094e-05, 'batch_size': 225, 'beta_1': 0.9544616799375504, 'beta_2': 0.978741169270841, 'epsilon': 5.788478473706201e-07, 'hidden_layer_sizes': 193, 'learning_rate_init': 0.0007391758644710412, 'tol': 0.03096042674986517, 'validation_fraction': 0.13315789205372516}
observation time 0.000005, current best 46.188449 at iter 13
suggestion time taken 16.722214 iter 14 next_points [{'alpha': 0.0007165031537286285, 'batch_size': 240, 'beta_1': 0.6665514170411055, 'beta_2': 0.973955803886345, 'epsilon': 1.6640660801277646e-09, 'hidden_layer_sizes': 161, 'learning_rate_init': 0.038506311129531665, 'tol': 0.007041953456189789, 'validation_fraction': 0.23653108931142525}]
function_evaluation time 0.935682 value 49.275840 suggestion {'alpha': 0.0007165031537286285, 'batch_size': 240, 'beta_1': 0.6665514170411055, 'beta_2': 0.973955803886345, 'epsilon': 1.6640660801277646e-09, 'hidden_layer_sizes': 161, 'learning_rate_init': 0.038506311129531665, 'tol': 0.007041953456189789, 'validation_fraction': 0.23653108931142525}
observation time 0.000005, current best 46.188449 at iter 14
suggestion time taken 18.026553 iter 15 next_points [{'alpha': 0.02206303513812951, 'batch_size': 227, 'beta_1': 0.957007138294229, 'beta_2': 0.9999989845966503, 'epsilon': 1.156618027587428e-09, 'hidden_layer_sizes': 193, 'learning_rate_init': 0.011156419870121581, 'tol': 0.0003919684347305734, 'validation_fraction': 0.30607317839063886}]
function_evaluation time 2.615885 value 53.612234 suggestion {'alpha': 0.02206303513812951, 'batch_size': 227, 'beta_1': 0.957007138294229, 'beta_2': 0.9999989845966503, 'epsilon': 1.156618027587428e-09, 'hidden_layer_sizes': 193, 'learning_rate_init': 0.011156419870121581, 'tol': 0.0003919684347305734, 'validation_fraction': 0.30607317839063886}
observation time 0.000006, current best 46.188449 at iter 15
suggestion time taken 17.944568 iter 16 next_points [{'alpha': 0.0001381455350725687, 'batch_size': 227, 'beta_1': 0.6319798775307425, 'beta_2': 0.9995935833417795, 'epsilon': 6.535649584656869e-07, 'hidden_layer_sizes': 185, 'learning_rate_init': 0.0019639858981133113, 'tol': 0.0003056861420109429, 'validation_fraction': 0.7742894061446728}]
/home/ryedida/.local/lib/python3.8/site-packages/sklearn/neural_network/_multilayer_perceptron.py:621: UserWarning: Got `batch_size` less than 1 or larger than sample size. It is going to be clipped
  warnings.warn(

/home/ryedida/.local/lib/python3.8/site-packages/sklearn/neural_network/_multilayer_perceptron.py:702: ConvergenceWarning: Stochastic Optimizer: Maximum iterations (200) reached and the optimization hasn't converged yet.
  warnings.warn(

function_evaluation time 3.076267 value 119.269023 suggestion {'alpha': 0.0001381455350725687, 'batch_size': 227, 'beta_1': 0.6319798775307425, 'beta_2': 0.9995935833417795, 'epsilon': 6.535649584656869e-07, 'hidden_layer_sizes': 185, 'learning_rate_init': 0.0019639858981133113, 'tol': 0.0003056861420109429, 'validation_fraction': 0.7742894061446728}
observation time 0.000005, current best 46.188449 at iter 16
suggestion time taken 17.874885 iter 17 next_points [{'alpha': 0.22353766417138832, 'batch_size': 238, 'beta_1': 0.5075005144818092, 'beta_2': 0.9999980130869889, 'epsilon': 3.2912699628772824e-07, 'hidden_layer_sizes': 164, 'learning_rate_init': 6.057120302799413e-05, 'tol': 7.843126779948247e-05, 'validation_fraction': 0.6740148358805117}]
/home/ryedida/.local/lib/python3.8/site-packages/sklearn/neural_network/_multilayer_perceptron.py:621: UserWarning: Got `batch_size` less than 1 or larger than sample size. It is going to be clipped
  warnings.warn(

function_evaluation time 0.211177 value 151.581157 suggestion {'alpha': 0.22353766417138832, 'batch_size': 238, 'beta_1': 0.5075005144818092, 'beta_2': 0.9999980130869889, 'epsilon': 3.2912699628772824e-07, 'hidden_layer_sizes': 164, 'learning_rate_init': 6.057120302799413e-05, 'tol': 7.843126779948247e-05, 'validation_fraction': 0.6740148358805117}
observation time 0.000005, current best 46.188449 at iter 17
suggestion time taken 17.648734 iter 18 next_points [{'alpha': 0.031201982203565463, 'batch_size': 241, 'beta_1': 0.637684303939037, 'beta_2': 0.9999955644562258, 'epsilon': 1.3138235195893444e-08, 'hidden_layer_sizes': 132, 'learning_rate_init': 0.0005965347509471914, 'tol': 0.0019774449390240856, 'validation_fraction': 0.8249883159326661}]
/home/ryedida/.local/lib/python3.8/site-packages/sklearn/neural_network/_multilayer_perceptron.py:621: UserWarning: Got `batch_size` less than 1 or larger than sample size. It is going to be clipped
  warnings.warn(

function_evaluation time 0.175991 value 151.497850 suggestion {'alpha': 0.031201982203565463, 'batch_size': 241, 'beta_1': 0.637684303939037, 'beta_2': 0.9999955644562258, 'epsilon': 1.3138235195893444e-08, 'hidden_layer_sizes': 132, 'learning_rate_init': 0.0005965347509471914, 'tol': 0.0019774449390240856, 'validation_fraction': 0.8249883159326661}
observation time 0.000006, current best 46.188449 at iter 18
suggestion time taken 17.830126 iter 19 next_points [{'alpha': 0.02014049370379705, 'batch_size': 249, 'beta_1': 0.8843904965482469, 'beta_2': 0.9791116931720294, 'epsilon': 1.0842563171313282e-09, 'hidden_layer_sizes': 181, 'learning_rate_init': 0.03610300438137869, 'tol': 0.07692515801144545, 'validation_fraction': 0.505534259857033}]
/home/ryedida/.local/lib/python3.8/site-packages/sklearn/neural_network/_multilayer_perceptron.py:621: UserWarning: Got `batch_size` less than 1 or larger than sample size. It is going to be clipped
  warnings.warn(

function_evaluation time 0.780203 value 54.281533 suggestion {'alpha': 0.02014049370379705, 'batch_size': 249, 'beta_1': 0.8843904965482469, 'beta_2': 0.9791116931720294, 'epsilon': 1.0842563171313282e-09, 'hidden_layer_sizes': 181, 'learning_rate_init': 0.03610300438137869, 'tol': 0.07692515801144545, 'validation_fraction': 0.505534259857033}
observation time 0.000005, current best 46.188449 at iter 19
suggestion time taken 17.206293 iter 20 next_points [{'alpha': 0.3320382274217162, 'batch_size': 225, 'beta_1': 0.7604467615388556, 'beta_2': 0.9110114702357401, 'epsilon': 3.887931417522191e-08, 'hidden_layer_sizes': 195, 'learning_rate_init': 1.8749775875635793e-05, 'tol': 5.9104733561703326e-05, 'validation_fraction': 0.14558505086354998}]
function_evaluation time 0.307657 value 151.578441 suggestion {'alpha': 0.3320382274217162, 'batch_size': 225, 'beta_1': 0.7604467615388556, 'beta_2': 0.9110114702357401, 'epsilon': 3.887931417522191e-08, 'hidden_layer_sizes': 195, 'learning_rate_init': 1.8749775875635793e-05, 'tol': 5.9104733561703326e-05, 'validation_fraction': 0.14558505086354998}
observation time 0.000005, current best 46.188449 at iter 20
suggestion time taken 17.500077 iter 21 next_points [{'alpha': 1.7582799557198143, 'batch_size': 246, 'beta_1': 0.8055019500845567, 'beta_2': 0.9968178917074034, 'epsilon': 5.498136286578775e-07, 'hidden_layer_sizes': 153, 'learning_rate_init': 1.4172459312839217e-05, 'tol': 0.013595969322885674, 'validation_fraction': 0.6915525475625006}]
/home/ryedida/.local/lib/python3.8/site-packages/sklearn/neural_network/_multilayer_perceptron.py:621: UserWarning: Got `batch_size` less than 1 or larger than sample size. It is going to be clipped
  warnings.warn(

function_evaluation time 0.206573 value 151.557252 suggestion {'alpha': 1.7582799557198143, 'batch_size': 246, 'beta_1': 0.8055019500845567, 'beta_2': 0.9968178917074034, 'epsilon': 5.498136286578775e-07, 'hidden_layer_sizes': 153, 'learning_rate_init': 1.4172459312839217e-05, 'tol': 0.013595969322885674, 'validation_fraction': 0.6915525475625006}
observation time 0.000005, current best 46.188449 at iter 21
suggestion time taken 17.291994 iter 22 next_points [{'alpha': 1.2590847429441867e-05, 'batch_size': 244, 'beta_1': 0.9836126612612228, 'beta_2': 0.9999987806674826, 'epsilon': 6.502144630088084e-09, 'hidden_layer_sizes': 183, 'learning_rate_init': 5.258543959692741e-05, 'tol': 0.05166891662232418, 'validation_fraction': 0.22972957047514198}]
function_evaluation time 0.263209 value 151.636164 suggestion {'alpha': 1.2590847429441867e-05, 'batch_size': 244, 'beta_1': 0.9836126612612228, 'beta_2': 0.9999987806674826, 'epsilon': 6.502144630088084e-09, 'hidden_layer_sizes': 183, 'learning_rate_init': 5.258543959692741e-05, 'tol': 0.05166891662232418, 'validation_fraction': 0.22972957047514198}
observation time 0.000005, current best 46.188449 at iter 22
suggestion time taken 18.272996 iter 23 next_points [{'alpha': 0.0012883303935131815, 'batch_size': 237, 'beta_1': 0.9574200140167787, 'beta_2': 0.9981667492872475, 'epsilon': 6.672173795688969e-08, 'hidden_layer_sizes': 169, 'learning_rate_init': 9.859310443831197e-05, 'tol': 0.0081334958651132, 'validation_fraction': 0.619719915570284}]
/home/ryedida/.local/lib/python3.8/site-packages/sklearn/neural_network/_multilayer_perceptron.py:621: UserWarning: Got `batch_size` less than 1 or larger than sample size. It is going to be clipped
  warnings.warn(

function_evaluation time 0.216584 value 151.480043 suggestion {'alpha': 0.0012883303935131815, 'batch_size': 237, 'beta_1': 0.9574200140167787, 'beta_2': 0.9981667492872475, 'epsilon': 6.672173795688969e-08, 'hidden_layer_sizes': 169, 'learning_rate_init': 9.859310443831197e-05, 'tol': 0.0081334958651132, 'validation_fraction': 0.619719915570284}
observation time 0.000005, current best 46.188449 at iter 23
suggestion time taken 17.147307 iter 24 next_points [{'alpha': 0.22096304866099684, 'batch_size': 230, 'beta_1': 0.9717051943462058, 'beta_2': 0.9259463737662852, 'epsilon': 5.817569059291475e-09, 'hidden_layer_sizes': 119, 'learning_rate_init': 0.0006418397585602793, 'tol': 0.00013454563946027715, 'validation_fraction': 0.8154447515669612}]
/home/ryedida/.local/lib/python3.8/site-packages/sklearn/neural_network/_multilayer_perceptron.py:621: UserWarning: Got `batch_size` less than 1 or larger than sample size. It is going to be clipped
  warnings.warn(

/home/ryedida/.local/lib/python3.8/site-packages/sklearn/neural_network/_multilayer_perceptron.py:702: ConvergenceWarning: Stochastic Optimizer: Maximum iterations (200) reached and the optimization hasn't converged yet.
  warnings.warn(

function_evaluation time 2.652479 value 149.697152 suggestion {'alpha': 0.22096304866099684, 'batch_size': 230, 'beta_1': 0.9717051943462058, 'beta_2': 0.9259463737662852, 'epsilon': 5.817569059291475e-09, 'hidden_layer_sizes': 119, 'learning_rate_init': 0.0006418397585602793, 'tol': 0.00013454563946027715, 'validation_fraction': 0.8154447515669612}
observation time 0.000005, current best 46.188449 at iter 24
suggestion time taken 18.578558 iter 25 next_points [{'alpha': 0.06240220723874265, 'batch_size': 215, 'beta_1': 0.6230093114652137, 'beta_2': 0.9888412847391943, 'epsilon': 3.4498414339640237e-07, 'hidden_layer_sizes': 121, 'learning_rate_init': 0.005796872989149282, 'tol': 0.030623855341002405, 'validation_fraction': 0.436920854477256}]
/home/ryedida/.local/lib/python3.8/site-packages/sklearn/neural_network/_multilayer_perceptron.py:621: UserWarning: Got `batch_size` less than 1 or larger than sample size. It is going to be clipped
  warnings.warn(

function_evaluation time 0.209117 value 150.264808 suggestion {'alpha': 0.06240220723874265, 'batch_size': 215, 'beta_1': 0.6230093114652137, 'beta_2': 0.9888412847391943, 'epsilon': 3.4498414339640237e-07, 'hidden_layer_sizes': 121, 'learning_rate_init': 0.005796872989149282, 'tol': 0.030623855341002405, 'validation_fraction': 0.436920854477256}
observation time 0.000005, current best 46.188449 at iter 25
suggestion time taken 16.803740 iter 26 next_points [{'alpha': 1.0025412032242094, 'batch_size': 225, 'beta_1': 0.9622452387100774, 'beta_2': 0.9940324124570812, 'epsilon': 3.315572472641677e-09, 'hidden_layer_sizes': 133, 'learning_rate_init': 0.0013458981056851665, 'tol': 0.004735971404086565, 'validation_fraction': 0.659759133122631}]
/home/ryedida/.local/lib/python3.8/site-packages/sklearn/neural_network/_multilayer_perceptron.py:621: UserWarning: Got `batch_size` less than 1 or larger than sample size. It is going to be clipped
  warnings.warn(

function_evaluation time 0.190507 value 151.254867 suggestion {'alpha': 1.0025412032242094, 'batch_size': 225, 'beta_1': 0.9622452387100774, 'beta_2': 0.9940324124570812, 'epsilon': 3.315572472641677e-09, 'hidden_layer_sizes': 133, 'learning_rate_init': 0.0013458981056851665, 'tol': 0.004735971404086565, 'validation_fraction': 0.659759133122631}
observation time 0.000005, current best 46.188449 at iter 26
suggestion time taken 18.327602 iter 27 next_points [{'alpha': 0.18624070008497504, 'batch_size': 250, 'beta_1': 0.9134853667235618, 'beta_2': 0.9999985624974325, 'epsilon': 2.1168132864061488e-07, 'hidden_layer_sizes': 125, 'learning_rate_init': 0.0002086250114831018, 'tol': 0.0016521292214607595, 'validation_fraction': 0.7737114758709338}]
/home/ryedida/.local/lib/python3.8/site-packages/sklearn/neural_network/_multilayer_perceptron.py:621: UserWarning: Got `batch_size` less than 1 or larger than sample size. It is going to be clipped
  warnings.warn(

function_evaluation time 0.203914 value 151.534078 suggestion {'alpha': 0.18624070008497504, 'batch_size': 250, 'beta_1': 0.9134853667235618, 'beta_2': 0.9999985624974325, 'epsilon': 2.1168132864061488e-07, 'hidden_layer_sizes': 125, 'learning_rate_init': 0.0002086250114831018, 'tol': 0.0016521292214607595, 'validation_fraction': 0.7737114758709338}
observation time 0.000005, current best 46.188449 at iter 27
suggestion time taken 16.748836 iter 28 next_points [{'alpha': 0.0002642157293946185, 'batch_size': 233, 'beta_1': 0.9783473976799104, 'beta_2': 0.9998766272070442, 'epsilon': 6.873212367010644e-09, 'hidden_layer_sizes': 96, 'learning_rate_init': 0.0010371172354202332, 'tol': 8.926151968184298e-05, 'validation_fraction': 0.8683970772159816}]
/home/ryedida/.local/lib/python3.8/site-packages/sklearn/neural_network/_multilayer_perceptron.py:621: UserWarning: Got `batch_size` less than 1 or larger than sample size. It is going to be clipped
  warnings.warn(

/home/ryedida/.local/lib/python3.8/site-packages/sklearn/neural_network/_multilayer_perceptron.py:702: ConvergenceWarning: Stochastic Optimizer: Maximum iterations (200) reached and the optimization hasn't converged yet.
  warnings.warn(

function_evaluation time 2.423707 value 148.196496 suggestion {'alpha': 0.0002642157293946185, 'batch_size': 233, 'beta_1': 0.9783473976799104, 'beta_2': 0.9998766272070442, 'epsilon': 6.873212367010644e-09, 'hidden_layer_sizes': 96, 'learning_rate_init': 0.0010371172354202332, 'tol': 8.926151968184298e-05, 'validation_fraction': 0.8683970772159816}
observation time 0.000005, current best 46.188449 at iter 28
suggestion time taken 17.800001 iter 29 next_points [{'alpha': 0.007006027391501153, 'batch_size': 215, 'beta_1': 0.9884557365233052, 'beta_2': 0.9999686618966408, 'epsilon': 2.3554899025564125e-08, 'hidden_layer_sizes': 165, 'learning_rate_init': 0.004325204324644379, 'tol': 0.00627710255299477, 'validation_fraction': 0.5283739577951546}]
/home/ryedida/.local/lib/python3.8/site-packages/sklearn/neural_network/_multilayer_perceptron.py:621: UserWarning: Got `batch_size` less than 1 or larger than sample size. It is going to be clipped
  warnings.warn(

function_evaluation time 0.230139 value 150.585695 suggestion {'alpha': 0.007006027391501153, 'batch_size': 215, 'beta_1': 0.9884557365233052, 'beta_2': 0.9999686618966408, 'epsilon': 2.3554899025564125e-08, 'hidden_layer_sizes': 165, 'learning_rate_init': 0.004325204324644379, 'tol': 0.00627710255299477, 'validation_fraction': 0.5283739577951546}
observation time 0.000005, current best 46.188449 at iter 29
suggestion time taken 17.211302 iter 30 next_points [{'alpha': 0.6960279242275772, 'batch_size': 246, 'beta_1': 0.9752364928338892, 'beta_2': 0.9914543244715447, 'epsilon': 2.8283488072602118e-08, 'hidden_layer_sizes': 173, 'learning_rate_init': 0.003698768387639092, 'tol': 0.0006191086616486834, 'validation_fraction': 0.13258219381134995}]
/home/ryedida/.local/lib/python3.8/site-packages/sklearn/neural_network/_multilayer_perceptron.py:702: ConvergenceWarning: Stochastic Optimizer: Maximum iterations (200) reached and the optimization hasn't converged yet.
  warnings.warn(

function_evaluation time 4.299854 value 100.153736 suggestion {'alpha': 0.6960279242275772, 'batch_size': 246, 'beta_1': 0.9752364928338892, 'beta_2': 0.9914543244715447, 'epsilon': 2.8283488072602118e-08, 'hidden_layer_sizes': 173, 'learning_rate_init': 0.003698768387639092, 'tol': 0.0006191086616486834, 'validation_fraction': 0.13258219381134995}
observation time 0.000005, current best 46.188449 at iter 30
suggestion time taken 18.312601 iter 31 next_points [{'alpha': 0.21837510144797098, 'batch_size': 244, 'beta_1': 0.9520152055382792, 'beta_2': 0.9999944858660984, 'epsilon': 8.486818613523289e-08, 'hidden_layer_sizes': 91, 'learning_rate_init': 0.007480773038526697, 'tol': 0.03855846869727523, 'validation_fraction': 0.3860932732715248}]
/home/ryedida/.local/lib/python3.8/site-packages/sklearn/neural_network/_multilayer_perceptron.py:621: UserWarning: Got `batch_size` less than 1 or larger than sample size. It is going to be clipped
  warnings.warn(

function_evaluation time 0.194917 value 150.354537 suggestion {'alpha': 0.21837510144797098, 'batch_size': 244, 'beta_1': 0.9520152055382792, 'beta_2': 0.9999944858660984, 'epsilon': 8.486818613523289e-08, 'hidden_layer_sizes': 91, 'learning_rate_init': 0.007480773038526697, 'tol': 0.03855846869727523, 'validation_fraction': 0.3860932732715248}
observation time 0.000007, current best 46.188449 at iter 31
suggestion time taken 17.531099 iter 32 next_points [{'alpha': 0.00023115109493907938, 'batch_size': 222, 'beta_1': 0.9755343456034429, 'beta_2': 0.999785137268283, 'epsilon': 6.054472456489528e-09, 'hidden_layer_sizes': 179, 'learning_rate_init': 0.016055562657512176, 'tol': 0.012902793293696499, 'validation_fraction': 0.8854790282878756}]
/home/ryedida/.local/lib/python3.8/site-packages/sklearn/neural_network/_multilayer_perceptron.py:621: UserWarning: Got `batch_size` less than 1 or larger than sample size. It is going to be clipped
  warnings.warn(

function_evaluation time 1.363592 value 54.027129 suggestion {'alpha': 0.00023115109493907938, 'batch_size': 222, 'beta_1': 0.9755343456034429, 'beta_2': 0.999785137268283, 'epsilon': 6.054472456489528e-09, 'hidden_layer_sizes': 179, 'learning_rate_init': 0.016055562657512176, 'tol': 0.012902793293696499, 'validation_fraction': 0.8854790282878756}
observation time 0.000005, current best 46.188449 at iter 32
suggestion time taken 17.315949 iter 33 next_points [{'alpha': 0.0010456527268746334, 'batch_size': 226, 'beta_1': 0.9870912420039152, 'beta_2': 0.9721000159316489, 'epsilon': 7.12599972106901e-07, 'hidden_layer_sizes': 144, 'learning_rate_init': 0.09708257848894251, 'tol': 3.240429941936976e-05, 'validation_fraction': 0.7964454761122591}]
/home/ryedida/.local/lib/python3.8/site-packages/sklearn/neural_network/_multilayer_perceptron.py:621: UserWarning: Got `batch_size` less than 1 or larger than sample size. It is going to be clipped
  warnings.warn(

function_evaluation time 0.425593 value 56.206558 suggestion {'alpha': 0.0010456527268746334, 'batch_size': 226, 'beta_1': 0.9870912420039152, 'beta_2': 0.9721000159316489, 'epsilon': 7.12599972106901e-07, 'hidden_layer_sizes': 144, 'learning_rate_init': 0.09708257848894251, 'tol': 3.240429941936976e-05, 'validation_fraction': 0.7964454761122591}
observation time 0.000005, current best 46.188449 at iter 33
suggestion time taken 18.532271 iter 34 next_points [{'alpha': 0.30993581731786685, 'batch_size': 244, 'beta_1': 0.9399131692741715, 'beta_2': 0.9936785560519447, 'epsilon': 1.3102520617669275e-09, 'hidden_layer_sizes': 196, 'learning_rate_init': 0.0003516212324808878, 'tol': 1.08846378295301e-05, 'validation_fraction': 0.24302416046895844}]
/home/ryedida/.local/lib/python3.8/site-packages/sklearn/neural_network/_multilayer_perceptron.py:702: ConvergenceWarning: Stochastic Optimizer: Maximum iterations (200) reached and the optimization hasn't converged yet.
  warnings.warn(

function_evaluation time 4.350971 value 150.074281 suggestion {'alpha': 0.30993581731786685, 'batch_size': 244, 'beta_1': 0.9399131692741715, 'beta_2': 0.9936785560519447, 'epsilon': 1.3102520617669275e-09, 'hidden_layer_sizes': 196, 'learning_rate_init': 0.0003516212324808878, 'tol': 1.08846378295301e-05, 'validation_fraction': 0.24302416046895844}
observation time 0.000005, current best 46.188449 at iter 34
suggestion time taken 16.473282 iter 35 next_points [{'alpha': 0.0003536627939595364, 'batch_size': 244, 'beta_1': 0.5226785048855594, 'beta_2': 0.9999944067303416, 'epsilon': 1.4581245680016026e-09, 'hidden_layer_sizes': 173, 'learning_rate_init': 0.028344824200118895, 'tol': 0.019497052318563374, 'validation_fraction': 0.7333199636348741}]
/home/ryedida/.local/lib/python3.8/site-packages/sklearn/neural_network/_multilayer_perceptron.py:621: UserWarning: Got `batch_size` less than 1 or larger than sample size. It is going to be clipped
  warnings.warn(

function_evaluation time 0.746935 value 51.592616 suggestion {'alpha': 0.0003536627939595364, 'batch_size': 244, 'beta_1': 0.5226785048855594, 'beta_2': 0.9999944067303416, 'epsilon': 1.4581245680016026e-09, 'hidden_layer_sizes': 173, 'learning_rate_init': 0.028344824200118895, 'tol': 0.019497052318563374, 'validation_fraction': 0.7333199636348741}
observation time 0.000005, current best 46.188449 at iter 35
suggestion time taken 17.892248 iter 36 next_points [{'alpha': 1.5492186101274004, 'batch_size': 233, 'beta_1': 0.8391589618098043, 'beta_2': 0.9299222241587313, 'epsilon': 7.408055681695455e-08, 'hidden_layer_sizes': 155, 'learning_rate_init': 1.1620456476480252e-05, 'tol': 0.01945340002910762, 'validation_fraction': 0.19782490823535856}]
function_evaluation time 0.252615 value 151.602343 suggestion {'alpha': 1.5492186101274004, 'batch_size': 233, 'beta_1': 0.8391589618098043, 'beta_2': 0.9299222241587313, 'epsilon': 7.408055681695455e-08, 'hidden_layer_sizes': 155, 'learning_rate_init': 1.1620456476480252e-05, 'tol': 0.01945340002910762, 'validation_fraction': 0.19782490823535856}
observation time 0.000005, current best 46.188449 at iter 36
suggestion time taken 17.626861 iter 37 next_points [{'alpha': 1.4816980924646668, 'batch_size': 242, 'beta_1': 0.5127701651286701, 'beta_2': 0.9999980165751707, 'epsilon': 5.05145846035874e-08, 'hidden_layer_sizes': 151, 'learning_rate_init': 0.005313141689822693, 'tol': 0.0870664630830184, 'validation_fraction': 0.7847977390279923}]
/home/ryedida/.local/lib/python3.8/site-packages/sklearn/neural_network/_multilayer_perceptron.py:621: UserWarning: Got `batch_size` less than 1 or larger than sample size. It is going to be clipped
  warnings.warn(

function_evaluation time 0.223428 value 150.180981 suggestion {'alpha': 1.4816980924646668, 'batch_size': 242, 'beta_1': 0.5127701651286701, 'beta_2': 0.9999980165751707, 'epsilon': 5.05145846035874e-08, 'hidden_layer_sizes': 151, 'learning_rate_init': 0.005313141689822693, 'tol': 0.0870664630830184, 'validation_fraction': 0.7847977390279923}
observation time 0.000005, current best 46.188449 at iter 37
suggestion time taken 18.313589 iter 38 next_points [{'alpha': 0.0005334422990983651, 'batch_size': 242, 'beta_1': 0.830245046007266, 'beta_2': 0.99999502633505, 'epsilon': 4.39692535376115e-09, 'hidden_layer_sizes': 100, 'learning_rate_init': 0.0004086893674830026, 'tol': 0.0006147116188472501, 'validation_fraction': 0.8389687651161489}]
/home/ryedida/.local/lib/python3.8/site-packages/sklearn/neural_network/_multilayer_perceptron.py:621: UserWarning: Got `batch_size` less than 1 or larger than sample size. It is going to be clipped
  warnings.warn(

function_evaluation time 0.171948 value 151.415851 suggestion {'alpha': 0.0005334422990983651, 'batch_size': 242, 'beta_1': 0.830245046007266, 'beta_2': 0.99999502633505, 'epsilon': 4.39692535376115e-09, 'hidden_layer_sizes': 100, 'learning_rate_init': 0.0004086893674830026, 'tol': 0.0006147116188472501, 'validation_fraction': 0.8389687651161489}
observation time 0.000005, current best 46.188449 at iter 38
suggestion time taken 17.533982 iter 39 next_points [{'alpha': 0.00010675057039088855, 'batch_size': 250, 'beta_1': 0.9714873794580334, 'beta_2': 0.9986737636282426, 'epsilon': 3.1315318443808356e-09, 'hidden_layer_sizes': 110, 'learning_rate_init': 0.00034556537174089744, 'tol': 0.05302941789732815, 'validation_fraction': 0.8635385258239291}]
/home/ryedida/.local/lib/python3.8/site-packages/sklearn/neural_network/_multilayer_perceptron.py:621: UserWarning: Got `batch_size` less than 1 or larger than sample size. It is going to be clipped
  warnings.warn(

function_evaluation time 0.165536 value 151.524312 suggestion {'alpha': 0.00010675057039088855, 'batch_size': 250, 'beta_1': 0.9714873794580334, 'beta_2': 0.9986737636282426, 'epsilon': 3.1315318443808356e-09, 'hidden_layer_sizes': 110, 'learning_rate_init': 0.00034556537174089744, 'tol': 0.05302941789732815, 'validation_fraction': 0.8635385258239291}
observation time 0.000005, current best 46.188449 at iter 39
suggestion time taken 17.682043 iter 40 next_points [{'alpha': 0.00012812204415593606, 'batch_size': 227, 'beta_1': 0.6503403035343698, 'beta_2': 0.999996788467755, 'epsilon': 1.6766735791778842e-09, 'hidden_layer_sizes': 181, 'learning_rate_init': 6.306980203363624e-05, 'tol': 2.06040839623448e-05, 'validation_fraction': 0.8046950445564421}]
/home/ryedida/.local/lib/python3.8/site-packages/sklearn/neural_network/_multilayer_perceptron.py:621: UserWarning: Got `batch_size` less than 1 or larger than sample size. It is going to be clipped
  warnings.warn(

/home/ryedida/.local/lib/python3.8/site-packages/sklearn/neural_network/_multilayer_perceptron.py:702: ConvergenceWarning: Stochastic Optimizer: Maximum iterations (200) reached and the optimization hasn't converged yet.
  warnings.warn(

function_evaluation time 3.045206 value 151.384544 suggestion {'alpha': 0.00012812204415593606, 'batch_size': 227, 'beta_1': 0.6503403035343698, 'beta_2': 0.999996788467755, 'epsilon': 1.6766735791778842e-09, 'hidden_layer_sizes': 181, 'learning_rate_init': 6.306980203363624e-05, 'tol': 2.06040839623448e-05, 'validation_fraction': 0.8046950445564421}
observation time 0.000005, current best 46.188449 at iter 40
suggestion time taken 18.233316 iter 41 next_points [{'alpha': 1.7958783315986215e-05, 'batch_size': 242, 'beta_1': 0.9823337914727651, 'beta_2': 0.9998912892587815, 'epsilon': 4.006416457006302e-07, 'hidden_layer_sizes': 179, 'learning_rate_init': 0.012575941960613722, 'tol': 3.895974838631832e-05, 'validation_fraction': 0.5965227093604323}]
/home/ryedida/.local/lib/python3.8/site-packages/sklearn/neural_network/_multilayer_perceptron.py:621: UserWarning: Got `batch_size` less than 1 or larger than sample size. It is going to be clipped
  warnings.warn(

function_evaluation time 2.096303 value 54.229526 suggestion {'alpha': 1.7958783315986215e-05, 'batch_size': 242, 'beta_1': 0.9823337914727651, 'beta_2': 0.9998912892587815, 'epsilon': 4.006416457006302e-07, 'hidden_layer_sizes': 179, 'learning_rate_init': 0.012575941960613722, 'tol': 3.895974838631832e-05, 'validation_fraction': 0.5965227093604323}
observation time 0.000004, current best 46.188449 at iter 41
suggestion time taken 17.482901 iter 42 next_points [{'alpha': 0.00021652315799709825, 'batch_size': 235, 'beta_1': 0.9149503896287374, 'beta_2': 0.9994664100598709, 'epsilon': 1.3782042840346727e-07, 'hidden_layer_sizes': 141, 'learning_rate_init': 0.00024714771235716823, 'tol': 1.5475881174067815e-05, 'validation_fraction': 0.18982758299055644}]
/home/ryedida/.local/lib/python3.8/site-packages/sklearn/neural_network/_multilayer_perceptron.py:702: ConvergenceWarning: Stochastic Optimizer: Maximum iterations (200) reached and the optimization hasn't converged yet.
  warnings.warn(

function_evaluation time 3.677484 value 150.823449 suggestion {'alpha': 0.00021652315799709825, 'batch_size': 235, 'beta_1': 0.9149503896287374, 'beta_2': 0.9994664100598709, 'epsilon': 1.3782042840346727e-07, 'hidden_layer_sizes': 141, 'learning_rate_init': 0.00024714771235716823, 'tol': 1.5475881174067815e-05, 'validation_fraction': 0.18982758299055644}
observation time 0.000005, current best 46.188449 at iter 42
suggestion time taken 17.415750 iter 43 next_points [{'alpha': 0.016137432734709387, 'batch_size': 248, 'beta_1': 0.9848064812324298, 'beta_2': 0.9344889055439948, 'epsilon': 1.5585427440125227e-09, 'hidden_layer_sizes': 105, 'learning_rate_init': 0.019013623040787467, 'tol': 8.592299853793247e-05, 'validation_fraction': 0.19186161610865607}]
function_evaluation time 1.786197 value 55.516198 suggestion {'alpha': 0.016137432734709387, 'batch_size': 248, 'beta_1': 0.9848064812324298, 'beta_2': 0.9344889055439948, 'epsilon': 1.5585427440125227e-09, 'hidden_layer_sizes': 105, 'learning_rate_init': 0.019013623040787467, 'tol': 8.592299853793247e-05, 'validation_fraction': 0.19186161610865607}
observation time 0.000005, current best 46.188449 at iter 43
suggestion time taken 18.135864 iter 44 next_points [{'alpha': 0.00014711428822594965, 'batch_size': 242, 'beta_1': 0.9002384561708872, 'beta_2': 0.9999871976890241, 'epsilon': 2.2390787844635943e-08, 'hidden_layer_sizes': 161, 'learning_rate_init': 0.0048541900140547725, 'tol': 0.017065505609291855, 'validation_fraction': 0.17135973537417773}]
function_evaluation time 0.751485 value 150.600024 suggestion {'alpha': 0.00014711428822594965, 'batch_size': 242, 'beta_1': 0.9002384561708872, 'beta_2': 0.9999871976890241, 'epsilon': 2.2390787844635943e-08, 'hidden_layer_sizes': 161, 'learning_rate_init': 0.0048541900140547725, 'tol': 0.017065505609291855, 'validation_fraction': 0.17135973537417773}
observation time 0.000006, current best 46.188449 at iter 44
saving meta data: {'args': {'--uuid': '3d65cdef36dd52e0ae2859544a6e24c8', '-db-root': '/home/ryedida/bbo_challenge_starter_kit/output', '--opt-root': '/home/ryedida/bbo_challenge_starter_kit/example_submissions', '--data-root': None, '--db': 'run_20231015_191245', '--opt': 'strongcvx', '--data': 'diabetes', '--classifier': 'MLP-adam', '--metric': 'mae', '--calls': 45, '--suggestions': 1, '--jobs-file': None, '--verbose': False, 'dry_run': False, 'rev': 'a376313', 'opt_rev': 'x.x.x'}, 'signature': ([{'alpha': 0.019628224813442792, 'batch_size': 182, 'beta_1': 0.9410202200271762, 'beta_2': 0.9998021557676793, 'epsilon': 1.8662266976518e-08, 'hidden_layer_sizes': 147, 'learning_rate_init': 0.0005627932047415167, 'tol': 0.03690557729213761, 'validation_fraction': 0.8846827852548593}, {'alpha': 0.001998246739232944, 'batch_size': 200, 'beta_1': 0.919111482530466, 'beta_2': 0.9998488260436156, 'epsilon': 5.981221901152555e-07, 'hidden_layer_sizes': 61, 'learning_rate_init': 2.2310905607443014e-05, 'tol': 1.2046852412030316e-05, 'validation_fraction': 0.8117896445826539}, {'alpha': 0.46659545670218433, 'batch_size': 219, 'beta_1': 0.9889789783750891, 'beta_2': 0.9999896868093284, 'epsilon': 2.4234724484675948e-08, 'hidden_layer_sizes': 167, 'learning_rate_init': 2.972334644335654e-05, 'tol': 0.0036281404040243792, 'validation_fraction': 0.17260651658522078}, {'alpha': 4.656005689076002, 'batch_size': 135, 'beta_1': 0.870503881627747, 'beta_2': 0.9948873266941017, 'epsilon': 2.1023308743480125e-07, 'hidden_layer_sizes': 118, 'learning_rate_init': 0.001878173875716191, 'tol': 1.1889379831773006e-05, 'validation_fraction': 0.6264327093752792}, {'alpha': 0.04705159350400542, 'batch_size': 158, 'beta_1': 0.9870884262730957, 'beta_2': 0.9999596874382349, 'epsilon': 1.1981845126013875e-08, 'hidden_layer_sizes': 116, 'learning_rate_init': 0.006173405204074311, 'tol': 1.7414134181586194e-05, 'validation_fraction': 0.6754299026638921}], [151.4971925380264, 151.42763539278994, 151.47026299046811, 136.86202504264318, 75.2055865763391])}
saving results
saving timing
saving suggest log
done
