running: {'--uuid': '4348325c278c5f86987838b53cefef2a', '-db-root': '/home/ryedida/bbo_challenge_starter_kit/output', '--opt-root': '/home/ryedida/bbo_challenge_starter_kit/example_submissions', '--data-root': None, '--db': 'run_20231015_191245', '--opt': 'random', '--data': 'diabetes', '--classifier': 'MLP-adam', '--metric': 'mse', '--calls': 45, '--suggestions': 1, '--jobs-file': None, '--verbose': False, 'dry_run': False, 'rev': 'a376313', 'opt_rev': '0.0.8'}
cmd: python /home/ryedida/.local/bin/bayesmark-exp -c MLP-adam -d diabetes -o random -u 4348325c278c5f86987838b53cefef2a -m mse -n 45 -p 1 -dir /home/ryedida/bbo_challenge_starter_kit/output -b run_20231015_191245
/home/ryedida/.local/lib/python3.8/site-packages/sklearn/neural_network/_multilayer_perceptron.py:621: UserWarning: Got `batch_size` less than 1 or larger than sample size. It is going to be clipped
  warnings.warn(

/home/ryedida/.local/lib/python3.8/site-packages/sklearn/neural_network/_multilayer_perceptron.py:621: UserWarning: Got `batch_size` less than 1 or larger than sample size. It is going to be clipped
  warnings.warn(

/home/ryedida/.local/lib/python3.8/site-packages/sklearn/neural_network/_multilayer_perceptron.py:621: UserWarning: Got `batch_size` less than 1 or larger than sample size. It is going to be clipped
  warnings.warn(

/home/ryedida/.local/lib/python3.8/site-packages/sklearn/neural_network/_multilayer_perceptron.py:702: ConvergenceWarning: Stochastic Optimizer: Maximum iterations (200) reached and the optimization hasn't converged yet.
  warnings.warn(

/home/ryedida/.local/lib/python3.8/site-packages/sklearn/neural_network/_multilayer_perceptron.py:621: UserWarning: Got `batch_size` less than 1 or larger than sample size. It is going to be clipped
  warnings.warn(

/home/ryedida/.local/lib/python3.8/site-packages/sklearn/neural_network/_multilayer_perceptron.py:702: ConvergenceWarning: Stochastic Optimizer: Maximum iterations (200) reached and the optimization hasn't converged yet.
  warnings.warn(

computed signature: ([{'alpha': 0.019628224813442792, 'batch_size': 182, 'beta_1': 0.9410202200271762, 'beta_2': 0.9998021557676793, 'epsilon': 1.8662266976518e-08, 'hidden_layer_sizes': 147, 'learning_rate_init': 0.0005627932047415167, 'tol': 0.03690557729213761, 'validation_fraction': 0.8846827852548593}, {'alpha': 0.001998246739232944, 'batch_size': 200, 'beta_1': 0.919111482530466, 'beta_2': 0.9998488260436156, 'epsilon': 5.981221901152555e-07, 'hidden_layer_sizes': 61, 'learning_rate_init': 2.2310905607443014e-05, 'tol': 1.2046852412030316e-05, 'validation_fraction': 0.8117896445826539}, {'alpha': 0.46659545670218433, 'batch_size': 219, 'beta_1': 0.9889789783750891, 'beta_2': 0.9999896868093284, 'epsilon': 2.4234724484675948e-08, 'hidden_layer_sizes': 167, 'learning_rate_init': 2.972334644335654e-05, 'tol': 0.0036281404040243792, 'validation_fraction': 0.17260651658522078}, {'alpha': 4.656005689076002, 'batch_size': 135, 'beta_1': 0.870503881627747, 'beta_2': 0.9948873266941017, 'epsilon': 2.1023308743480125e-07, 'hidden_layer_sizes': 118, 'learning_rate_init': 0.001878173875716191, 'tol': 1.1889379831773006e-05, 'validation_fraction': 0.6264327093752792}, {'alpha': 0.04705159350400542, 'batch_size': 158, 'beta_1': 0.9870884262730957, 'beta_2': 0.9999596874382349, 'epsilon': 1.1981845126013875e-08, 'hidden_layer_sizes': 116, 'learning_rate_init': 0.006173405204074311, 'tol': 1.7414134181586194e-05, 'validation_fraction': 0.6754299026638921}], [29083.993548572587, 29062.423277324073, 29075.78987471409, 24626.32866834337, 9584.226858493173])
/home/ryedida/.local/lib/python3.8/site-packages/bayesmark/experiment.py:470: UserWarning: Baselines not found. Will not log intermediate scores.
  warnings.warn("Baselines not found. Will not log intermediate scores.")

starting sklearn study random MLP-adam diabetes mse 45 1
with data root: None
suggestion time taken 0.010595 iter 0 next_points [{'alpha': 5.0127383415198045e-05, 'batch_size': 128, 'beta_1': 0.9221507817309257, 'beta_2': 0.9916232277036968, 'epsilon': 1.2284917973052e-07, 'hidden_layer_sizes': 60, 'learning_rate_init': 7.399526757608413e-05, 'tol': 0.0010811718500991546, 'validation_fraction': 0.8079340258623778}]
/home/ryedida/.local/lib/python3.8/site-packages/sklearn/neural_network/_multilayer_perceptron.py:621: UserWarning: Got `batch_size` less than 1 or larger than sample size. It is going to be clipped
  warnings.warn(

function_evaluation time 0.149015 value 29053.888590 suggestion {'alpha': 5.0127383415198045e-05, 'batch_size': 128, 'beta_1': 0.9221507817309257, 'beta_2': 0.9916232277036968, 'epsilon': 1.2284917973052e-07, 'hidden_layer_sizes': 60, 'learning_rate_init': 7.399526757608413e-05, 'tol': 0.0010811718500991546, 'validation_fraction': 0.8079340258623778}
observation time 0.000004, current best 29053.888590 at iter 0
suggestion time taken 0.010954 iter 1 next_points [{'alpha': 0.0001213021189897848, 'batch_size': 162, 'beta_1': 0.7863710213816391, 'beta_2': 0.9321824930211307, 'epsilon': 4.538374918055492e-09, 'hidden_layer_sizes': 179, 'learning_rate_init': 2.2805557331261453e-05, 'tol': 0.0108262674214097, 'validation_fraction': 0.4021150908856962}]
function_evaluation time 0.269216 value 29118.641876 suggestion {'alpha': 0.0001213021189897848, 'batch_size': 162, 'beta_1': 0.7863710213816391, 'beta_2': 0.9321824930211307, 'epsilon': 4.538374918055492e-09, 'hidden_layer_sizes': 179, 'learning_rate_init': 2.2805557331261453e-05, 'tol': 0.0108262674214097, 'validation_fraction': 0.4021150908856962}
observation time 0.000003, current best 29053.888590 at iter 1
suggestion time taken 0.010280 iter 2 next_points [{'alpha': 1.85976759069357e-05, 'batch_size': 151, 'beta_1': 0.9238326868754172, 'beta_2': 0.9998454139940703, 'epsilon': 3.116663581758467e-09, 'hidden_layer_sizes': 199, 'learning_rate_init': 0.00023576047275025396, 'tol': 1.2321781203340289e-05, 'validation_fraction': 0.6474869173217487}]
/home/ryedida/.local/lib/python3.8/site-packages/sklearn/neural_network/_multilayer_perceptron.py:621: UserWarning: Got `batch_size` less than 1 or larger than sample size. It is going to be clipped
  warnings.warn(

/home/ryedida/.local/lib/python3.8/site-packages/sklearn/neural_network/_multilayer_perceptron.py:702: ConvergenceWarning: Stochastic Optimizer: Maximum iterations (200) reached and the optimization hasn't converged yet.
  warnings.warn(

function_evaluation time 3.087267 value 28808.614994 suggestion {'alpha': 1.85976759069357e-05, 'batch_size': 151, 'beta_1': 0.9238326868754172, 'beta_2': 0.9998454139940703, 'epsilon': 3.116663581758467e-09, 'hidden_layer_sizes': 199, 'learning_rate_init': 0.00023576047275025396, 'tol': 1.2321781203340289e-05, 'validation_fraction': 0.6474869173217487}
observation time 0.000003, current best 28808.614994 at iter 2
suggestion time taken 0.009799 iter 3 next_points [{'alpha': 7.652559783885716e-05, 'batch_size': 92, 'beta_1': 0.8954042328204692, 'beta_2': 0.9999901487000207, 'epsilon': 3.258324581179125e-09, 'hidden_layer_sizes': 184, 'learning_rate_init': 0.05091137160359363, 'tol': 6.312119267838253e-05, 'validation_fraction': 0.5087378417287801}]
function_evaluation time 1.635365 value 3016.010963 suggestion {'alpha': 7.652559783885716e-05, 'batch_size': 92, 'beta_1': 0.8954042328204692, 'beta_2': 0.9999901487000207, 'epsilon': 3.258324581179125e-09, 'hidden_layer_sizes': 184, 'learning_rate_init': 0.05091137160359363, 'tol': 6.312119267838253e-05, 'validation_fraction': 0.5087378417287801}
observation time 0.000004, current best 3016.010963 at iter 3
suggestion time taken 0.010477 iter 4 next_points [{'alpha': 0.013765541622534206, 'batch_size': 15, 'beta_1': 0.917185553802078, 'beta_2': 0.978870828567419, 'epsilon': 9.057683480421046e-09, 'hidden_layer_sizes': 112, 'learning_rate_init': 0.0003699027761695774, 'tol': 0.00014674442911034825, 'validation_fraction': 0.37930920461389206}]
/home/ryedida/.local/lib/python3.8/site-packages/sklearn/neural_network/_multilayer_perceptron.py:702: ConvergenceWarning: Stochastic Optimizer: Maximum iterations (200) reached and the optimization hasn't converged yet.
  warnings.warn(

function_evaluation time 11.115238 value 16340.789381 suggestion {'alpha': 0.013765541622534206, 'batch_size': 15, 'beta_1': 0.917185553802078, 'beta_2': 0.978870828567419, 'epsilon': 9.057683480421046e-09, 'hidden_layer_sizes': 112, 'learning_rate_init': 0.0003699027761695774, 'tol': 0.00014674442911034825, 'validation_fraction': 0.37930920461389206}
observation time 0.000004, current best 3016.010963 at iter 4
suggestion time taken 0.010539 iter 5 next_points [{'alpha': 2.133776287802426e-05, 'batch_size': 37, 'beta_1': 0.9760633688291743, 'beta_2': 0.985543162326277, 'epsilon': 2.3586641697755183e-07, 'hidden_layer_sizes': 92, 'learning_rate_init': 1.2973640279318278e-05, 'tol': 0.0008323617310194754, 'validation_fraction': 0.7109673721003723}]
function_evaluation time 0.251370 value 29086.087344 suggestion {'alpha': 2.133776287802426e-05, 'batch_size': 37, 'beta_1': 0.9760633688291743, 'beta_2': 0.985543162326277, 'epsilon': 2.3586641697755183e-07, 'hidden_layer_sizes': 92, 'learning_rate_init': 1.2973640279318278e-05, 'tol': 0.0008323617310194754, 'validation_fraction': 0.7109673721003723}
observation time 0.000004, current best 3016.010963 at iter 5
suggestion time taken 0.009739 iter 6 next_points [{'alpha': 0.0010162010497424343, 'batch_size': 176, 'beta_1': 0.8950940240972702, 'beta_2': 0.9021156268021898, 'epsilon': 1.0122548322263295e-07, 'hidden_layer_sizes': 166, 'learning_rate_init': 0.04995063739051097, 'tol': 0.0003186598237230791, 'validation_fraction': 0.2328743609851953}]
function_evaluation time 1.394062 value 2874.867762 suggestion {'alpha': 0.0010162010497424343, 'batch_size': 176, 'beta_1': 0.8950940240972702, 'beta_2': 0.9021156268021898, 'epsilon': 1.0122548322263295e-07, 'hidden_layer_sizes': 166, 'learning_rate_init': 0.04995063739051097, 'tol': 0.0003186598237230791, 'validation_fraction': 0.2328743609851953}
observation time 0.000003, current best 2874.867762 at iter 6
suggestion time taken 0.010847 iter 7 next_points [{'alpha': 0.005554007055816184, 'batch_size': 203, 'beta_1': 0.5867012677740789, 'beta_2': 0.9999973430559533, 'epsilon': 6.323326690518495e-07, 'hidden_layer_sizes': 55, 'learning_rate_init': 1.792137482136191e-05, 'tol': 0.0001362467069876001, 'validation_fraction': 0.7549268469026803}]
/home/ryedida/.local/lib/python3.8/site-packages/sklearn/neural_network/_multilayer_perceptron.py:621: UserWarning: Got `batch_size` less than 1 or larger than sample size. It is going to be clipped
  warnings.warn(

function_evaluation time 0.173883 value 29098.084345 suggestion {'alpha': 0.005554007055816184, 'batch_size': 203, 'beta_1': 0.5867012677740789, 'beta_2': 0.9999973430559533, 'epsilon': 6.323326690518495e-07, 'hidden_layer_sizes': 55, 'learning_rate_init': 1.792137482136191e-05, 'tol': 0.0001362467069876001, 'validation_fraction': 0.7549268469026803}
observation time 0.000003, current best 2874.867762 at iter 7
suggestion time taken 0.012745 iter 8 next_points [{'alpha': 9.671404755111506e-05, 'batch_size': 38, 'beta_1': 0.9816516480627344, 'beta_2': 0.999996367794378, 'epsilon': 2.371111472298356e-09, 'hidden_layer_sizes': 99, 'learning_rate_init': 2.865614155226596e-05, 'tol': 0.011341732236797217, 'validation_fraction': 0.10937322755412916}]
function_evaluation time 0.262938 value 29097.618968 suggestion {'alpha': 9.671404755111506e-05, 'batch_size': 38, 'beta_1': 0.9816516480627344, 'beta_2': 0.999996367794378, 'epsilon': 2.371111472298356e-09, 'hidden_layer_sizes': 99, 'learning_rate_init': 2.865614155226596e-05, 'tol': 0.011341732236797217, 'validation_fraction': 0.10937322755412916}
observation time 0.000002, current best 2874.867762 at iter 8
suggestion time taken 0.003810 iter 9 next_points [{'alpha': 9.422381106606208, 'batch_size': 212, 'beta_1': 0.9021489873043103, 'beta_2': 0.999982850984895, 'epsilon': 1.1315045270714594e-07, 'hidden_layer_sizes': 63, 'learning_rate_init': 0.0008244015065222953, 'tol': 0.00010677988735831912, 'validation_fraction': 0.591313042964235}]
/home/ryedida/.local/lib/python3.8/site-packages/sklearn/neural_network/_multilayer_perceptron.py:621: UserWarning: Got `batch_size` less than 1 or larger than sample size. It is going to be clipped
  warnings.warn(

/home/ryedida/.local/lib/python3.8/site-packages/sklearn/neural_network/_multilayer_perceptron.py:702: ConvergenceWarning: Stochastic Optimizer: Maximum iterations (200) reached and the optimization hasn't converged yet.
  warnings.warn(

function_evaluation time 2.376400 value 28369.205242 suggestion {'alpha': 9.422381106606208, 'batch_size': 212, 'beta_1': 0.9021489873043103, 'beta_2': 0.999982850984895, 'epsilon': 1.1315045270714594e-07, 'hidden_layer_sizes': 63, 'learning_rate_init': 0.0008244015065222953, 'tol': 0.00010677988735831912, 'validation_fraction': 0.591313042964235}
observation time 0.000003, current best 2874.867762 at iter 9
suggestion time taken 0.010487 iter 10 next_points [{'alpha': 0.6141108951619916, 'batch_size': 216, 'beta_1': 0.9552414069225111, 'beta_2': 0.906112681552343, 'epsilon': 2.5249669381843635e-08, 'hidden_layer_sizes': 64, 'learning_rate_init': 0.00024424223122243723, 'tol': 0.019999843985112523, 'validation_fraction': 0.6166876337820357}]
/home/ryedida/.local/lib/python3.8/site-packages/sklearn/neural_network/_multilayer_perceptron.py:621: UserWarning: Got `batch_size` less than 1 or larger than sample size. It is going to be clipped
  warnings.warn(

function_evaluation time 0.160394 value 29075.786728 suggestion {'alpha': 0.6141108951619916, 'batch_size': 216, 'beta_1': 0.9552414069225111, 'beta_2': 0.906112681552343, 'epsilon': 2.5249669381843635e-08, 'hidden_layer_sizes': 64, 'learning_rate_init': 0.00024424223122243723, 'tol': 0.019999843985112523, 'validation_fraction': 0.6166876337820357}
observation time 0.000003, current best 2874.867762 at iter 10
suggestion time taken 0.012626 iter 11 next_points [{'alpha': 3.649249294034283e-05, 'batch_size': 179, 'beta_1': 0.9690814291769017, 'beta_2': 0.9999969053885135, 'epsilon': 1.0064266707159712e-07, 'hidden_layer_sizes': 126, 'learning_rate_init': 0.007392514938130308, 'tol': 7.029009195244874e-05, 'validation_fraction': 0.13081444644798737}]
/home/ryedida/.local/lib/python3.8/site-packages/sklearn/neural_network/_multilayer_perceptron.py:702: ConvergenceWarning: Stochastic Optimizer: Maximum iterations (200) reached and the optimization hasn't converged yet.
  warnings.warn(

function_evaluation time 3.044144 value 3905.446730 suggestion {'alpha': 3.649249294034283e-05, 'batch_size': 179, 'beta_1': 0.9690814291769017, 'beta_2': 0.9999969053885135, 'epsilon': 1.0064266707159712e-07, 'hidden_layer_sizes': 126, 'learning_rate_init': 0.007392514938130308, 'tol': 7.029009195244874e-05, 'validation_fraction': 0.13081444644798737}
observation time 0.000003, current best 2874.867762 at iter 11
suggestion time taken 0.010064 iter 12 next_points [{'alpha': 0.003066338010463006, 'batch_size': 109, 'beta_1': 0.9874261791782946, 'beta_2': 0.9934454997862278, 'epsilon': 2.609711133780547e-09, 'hidden_layer_sizes': 72, 'learning_rate_init': 0.00018280091725918706, 'tol': 0.0004104295930625353, 'validation_fraction': 0.22959883156078592}]
function_evaluation time 0.165954 value 29118.128196 suggestion {'alpha': 0.003066338010463006, 'batch_size': 109, 'beta_1': 0.9874261791782946, 'beta_2': 0.9934454997862278, 'epsilon': 2.609711133780547e-09, 'hidden_layer_sizes': 72, 'learning_rate_init': 0.00018280091725918706, 'tol': 0.0004104295930625353, 'validation_fraction': 0.22959883156078592}
observation time 0.000013, current best 2874.867762 at iter 12
suggestion time taken 0.004723 iter 13 next_points [{'alpha': 0.0031669695291048944, 'batch_size': 186, 'beta_1': 0.8000643678409709, 'beta_2': 0.9999804745976701, 'epsilon': 6.367559470375133e-09, 'hidden_layer_sizes': 55, 'learning_rate_init': 0.0006365431052813811, 'tol': 0.04314839840477588, 'validation_fraction': 0.37769454357369336}]
function_evaluation time 0.191118 value 29150.887189 suggestion {'alpha': 0.0031669695291048944, 'batch_size': 186, 'beta_1': 0.8000643678409709, 'beta_2': 0.9999804745976701, 'epsilon': 6.367559470375133e-09, 'hidden_layer_sizes': 55, 'learning_rate_init': 0.0006365431052813811, 'tol': 0.04314839840477588, 'validation_fraction': 0.37769454357369336}
observation time 0.000004, current best 2874.867762 at iter 13
suggestion time taken 0.012563 iter 14 next_points [{'alpha': 0.002881777741241615, 'batch_size': 247, 'beta_1': 0.9797264719513638, 'beta_2': 0.999390971284821, 'epsilon': 4.725823317862537e-08, 'hidden_layer_sizes': 143, 'learning_rate_init': 0.0009046102727579093, 'tol': 0.00030448486857430655, 'validation_fraction': 0.5372683167948414}]
/home/ryedida/.local/lib/python3.8/site-packages/sklearn/neural_network/_multilayer_perceptron.py:621: UserWarning: Got `batch_size` less than 1 or larger than sample size. It is going to be clipped
  warnings.warn(

/home/ryedida/.local/lib/python3.8/site-packages/sklearn/neural_network/_multilayer_perceptron.py:702: ConvergenceWarning: Stochastic Optimizer: Maximum iterations (200) reached and the optimization hasn't converged yet.
  warnings.warn(

function_evaluation time 3.048362 value 27747.501612 suggestion {'alpha': 0.002881777741241615, 'batch_size': 247, 'beta_1': 0.9797264719513638, 'beta_2': 0.999390971284821, 'epsilon': 4.725823317862537e-08, 'hidden_layer_sizes': 143, 'learning_rate_init': 0.0009046102727579093, 'tol': 0.00030448486857430655, 'validation_fraction': 0.5372683167948414}
observation time 0.000004, current best 2874.867762 at iter 14
suggestion time taken 0.010668 iter 15 next_points [{'alpha': 4.0795140516654205e-05, 'batch_size': 138, 'beta_1': 0.9317938452277413, 'beta_2': 0.9999592444057848, 'epsilon': 1.0211863786480579e-07, 'hidden_layer_sizes': 176, 'learning_rate_init': 4.8693962251836096e-05, 'tol': 0.000838658920575064, 'validation_fraction': 0.5762539333972215}]
function_evaluation time 0.218522 value 29111.737014 suggestion {'alpha': 4.0795140516654205e-05, 'batch_size': 138, 'beta_1': 0.9317938452277413, 'beta_2': 0.9999592444057848, 'epsilon': 1.0211863786480579e-07, 'hidden_layer_sizes': 176, 'learning_rate_init': 4.8693962251836096e-05, 'tol': 0.000838658920575064, 'validation_fraction': 0.5762539333972215}
observation time 0.000004, current best 2874.867762 at iter 15
suggestion time taken 0.010639 iter 16 next_points [{'alpha': 0.0003229808533368139, 'batch_size': 93, 'beta_1': 0.6343439783218, 'beta_2': 0.9715894011658481, 'epsilon': 4.892530686384978e-07, 'hidden_layer_sizes': 183, 'learning_rate_init': 0.0009266038151963264, 'tol': 1.0470588547441878e-05, 'validation_fraction': 0.5629506545725849}]
/home/ryedida/.local/lib/python3.8/site-packages/sklearn/neural_network/_multilayer_perceptron.py:702: ConvergenceWarning: Stochastic Optimizer: Maximum iterations (200) reached and the optimization hasn't converged yet.
  warnings.warn(

function_evaluation time 3.984116 value 23703.126170 suggestion {'alpha': 0.0003229808533368139, 'batch_size': 93, 'beta_1': 0.6343439783218, 'beta_2': 0.9715894011658481, 'epsilon': 4.892530686384978e-07, 'hidden_layer_sizes': 183, 'learning_rate_init': 0.0009266038151963264, 'tol': 1.0470588547441878e-05, 'validation_fraction': 0.5629506545725849}
observation time 0.000003, current best 2874.867762 at iter 16
suggestion time taken 0.009815 iter 17 next_points [{'alpha': 9.503193111194357e-05, 'batch_size': 89, 'beta_1': 0.729805253706264, 'beta_2': 0.9881321922367723, 'epsilon': 4.348243636819451e-09, 'hidden_layer_sizes': 154, 'learning_rate_init': 2.388636403013581e-05, 'tol': 0.0004079330013823644, 'validation_fraction': 0.45441728178778823}]
function_evaluation time 0.287122 value 29074.043028 suggestion {'alpha': 9.503193111194357e-05, 'batch_size': 89, 'beta_1': 0.729805253706264, 'beta_2': 0.9881321922367723, 'epsilon': 4.348243636819451e-09, 'hidden_layer_sizes': 154, 'learning_rate_init': 2.388636403013581e-05, 'tol': 0.0004079330013823644, 'validation_fraction': 0.45441728178778823}
observation time 0.000003, current best 2874.867762 at iter 17
suggestion time taken 0.012507 iter 18 next_points [{'alpha': 6.067603759953695e-05, 'batch_size': 98, 'beta_1': 0.8985970300912978, 'beta_2': 0.9999966175314313, 'epsilon': 1.9273072515950198e-08, 'hidden_layer_sizes': 128, 'learning_rate_init': 4.888169104682265e-05, 'tol': 3.6440699964587726e-05, 'validation_fraction': 0.23603907197890828}]
/home/ryedida/.local/lib/python3.8/site-packages/sklearn/neural_network/_multilayer_perceptron.py:702: ConvergenceWarning: Stochastic Optimizer: Maximum iterations (200) reached and the optimization hasn't converged yet.
  warnings.warn(

function_evaluation time 4.780647 value 28938.141250 suggestion {'alpha': 6.067603759953695e-05, 'batch_size': 98, 'beta_1': 0.8985970300912978, 'beta_2': 0.9999966175314313, 'epsilon': 1.9273072515950198e-08, 'hidden_layer_sizes': 128, 'learning_rate_init': 4.888169104682265e-05, 'tol': 3.6440699964587726e-05, 'validation_fraction': 0.23603907197890828}
observation time 0.000004, current best 2874.867762 at iter 18
suggestion time taken 0.010762 iter 19 next_points [{'alpha': 3.333867400630677e-05, 'batch_size': 112, 'beta_1': 0.9175172490065736, 'beta_2': 0.9993569252233598, 'epsilon': 2.3559171611253606e-09, 'hidden_layer_sizes': 149, 'learning_rate_init': 0.005959937529098385, 'tol': 5.5645542267208086e-05, 'validation_fraction': 0.216628514175775}]
/home/ryedida/.local/lib/python3.8/site-packages/sklearn/neural_network/_multilayer_perceptron.py:702: ConvergenceWarning: Stochastic Optimizer: Maximum iterations (200) reached and the optimization hasn't converged yet.
  warnings.warn(

function_evaluation time 4.466231 value 3185.662450 suggestion {'alpha': 3.333867400630677e-05, 'batch_size': 112, 'beta_1': 0.9175172490065736, 'beta_2': 0.9993569252233598, 'epsilon': 2.3559171611253606e-09, 'hidden_layer_sizes': 149, 'learning_rate_init': 0.005959937529098385, 'tol': 5.5645542267208086e-05, 'validation_fraction': 0.216628514175775}
observation time 0.000004, current best 2874.867762 at iter 19
suggestion time taken 0.009973 iter 20 next_points [{'alpha': 0.0024065182926988524, 'batch_size': 188, 'beta_1': 0.9318965820460803, 'beta_2': 0.9726387076834444, 'epsilon': 2.683130834916239e-07, 'hidden_layer_sizes': 61, 'learning_rate_init': 0.04864867353063888, 'tol': 0.051629470823675444, 'validation_fraction': 0.7995127234298499}]
/home/ryedida/.local/lib/python3.8/site-packages/sklearn/neural_network/_multilayer_perceptron.py:621: UserWarning: Got `batch_size` less than 1 or larger than sample size. It is going to be clipped
  warnings.warn(

function_evaluation time 0.622356 value 4317.832114 suggestion {'alpha': 0.0024065182926988524, 'batch_size': 188, 'beta_1': 0.9318965820460803, 'beta_2': 0.9726387076834444, 'epsilon': 2.683130834916239e-07, 'hidden_layer_sizes': 61, 'learning_rate_init': 0.04864867353063888, 'tol': 0.051629470823675444, 'validation_fraction': 0.7995127234298499}
observation time 0.000003, current best 2874.867762 at iter 20
suggestion time taken 0.010211 iter 21 next_points [{'alpha': 2.856377191974844e-05, 'batch_size': 47, 'beta_1': 0.8898584815259764, 'beta_2': 0.9998081187680663, 'epsilon': 5.95844576494534e-09, 'hidden_layer_sizes': 105, 'learning_rate_init': 2.9239288465272193e-05, 'tol': 6.788624545315989e-05, 'validation_fraction': 0.1288027259447701}]
/home/ryedida/.local/lib/python3.8/site-packages/sklearn/neural_network/_multilayer_perceptron.py:702: ConvergenceWarning: Stochastic Optimizer: Maximum iterations (200) reached and the optimization hasn't converged yet.
  warnings.warn(

function_evaluation time 2.778028 value 28912.602581 suggestion {'alpha': 2.856377191974844e-05, 'batch_size': 47, 'beta_1': 0.8898584815259764, 'beta_2': 0.9998081187680663, 'epsilon': 5.95844576494534e-09, 'hidden_layer_sizes': 105, 'learning_rate_init': 2.9239288465272193e-05, 'tol': 6.788624545315989e-05, 'validation_fraction': 0.1288027259447701}
observation time 0.000003, current best 2874.867762 at iter 21
suggestion time taken 0.010068 iter 22 next_points [{'alpha': 0.07493166739449414, 'batch_size': 214, 'beta_1': 0.9431753181633947, 'beta_2': 0.9996772015162344, 'epsilon': 1.1110260989509059e-09, 'hidden_layer_sizes': 78, 'learning_rate_init': 0.02286132442113257, 'tol': 2.092734821707792e-05, 'validation_fraction': 0.8969579593274135}]
/home/ryedida/.local/lib/python3.8/site-packages/sklearn/neural_network/_multilayer_perceptron.py:621: UserWarning: Got `batch_size` less than 1 or larger than sample size. It is going to be clipped
  warnings.warn(

function_evaluation time 1.229725 value 4282.758512 suggestion {'alpha': 0.07493166739449414, 'batch_size': 214, 'beta_1': 0.9431753181633947, 'beta_2': 0.9996772015162344, 'epsilon': 1.1110260989509059e-09, 'hidden_layer_sizes': 78, 'learning_rate_init': 0.02286132442113257, 'tol': 2.092734821707792e-05, 'validation_fraction': 0.8969579593274135}
observation time 0.000003, current best 2874.867762 at iter 22
suggestion time taken 0.010228 iter 23 next_points [{'alpha': 3.451150548652613e-05, 'batch_size': 48, 'beta_1': 0.728429831269143, 'beta_2': 0.997853645973111, 'epsilon': 2.6275622137905466e-07, 'hidden_layer_sizes': 60, 'learning_rate_init': 0.00011220407712441067, 'tol': 0.016202269095374422, 'validation_fraction': 0.32464283415499917}]
function_evaluation time 0.183692 value 29094.330550 suggestion {'alpha': 3.451150548652613e-05, 'batch_size': 48, 'beta_1': 0.728429831269143, 'beta_2': 0.997853645973111, 'epsilon': 2.6275622137905466e-07, 'hidden_layer_sizes': 60, 'learning_rate_init': 0.00011220407712441067, 'tol': 0.016202269095374422, 'validation_fraction': 0.32464283415499917}
observation time 0.000002, current best 2874.867762 at iter 23
suggestion time taken 0.004075 iter 24 next_points [{'alpha': 1.4143949773677893e-05, 'batch_size': 108, 'beta_1': 0.9636734238256404, 'beta_2': 0.999767634011082, 'epsilon': 6.925562846131235e-08, 'hidden_layer_sizes': 177, 'learning_rate_init': 0.022290365453283324, 'tol': 0.07233961907821547, 'validation_fraction': 0.1589995690804724}]
function_evaluation time 0.814065 value 4265.381615 suggestion {'alpha': 1.4143949773677893e-05, 'batch_size': 108, 'beta_1': 0.9636734238256404, 'beta_2': 0.999767634011082, 'epsilon': 6.925562846131235e-08, 'hidden_layer_sizes': 177, 'learning_rate_init': 0.022290365453283324, 'tol': 0.07233961907821547, 'validation_fraction': 0.1589995690804724}
observation time 0.000003, current best 2874.867762 at iter 24
suggestion time taken 0.009893 iter 25 next_points [{'alpha': 4.6677879562078415, 'batch_size': 86, 'beta_1': 0.889100294610533, 'beta_2': 0.9999982475863088, 'epsilon': 9.736430214649281e-08, 'hidden_layer_sizes': 115, 'learning_rate_init': 0.0013113943177947502, 'tol': 0.034405817724842434, 'validation_fraction': 0.27319602751985284}]
function_evaluation time 0.292465 value 28880.783661 suggestion {'alpha': 4.6677879562078415, 'batch_size': 86, 'beta_1': 0.889100294610533, 'beta_2': 0.9999982475863088, 'epsilon': 9.736430214649281e-08, 'hidden_layer_sizes': 115, 'learning_rate_init': 0.0013113943177947502, 'tol': 0.034405817724842434, 'validation_fraction': 0.27319602751985284}
observation time 0.000004, current best 2874.867762 at iter 25
suggestion time taken 0.010421 iter 26 next_points [{'alpha': 0.03533845529213025, 'batch_size': 49, 'beta_1': 0.7745447638130565, 'beta_2': 0.9999817144721453, 'epsilon': 7.313843736859328e-07, 'hidden_layer_sizes': 136, 'learning_rate_init': 0.00016814314319521154, 'tol': 0.08905478483419181, 'validation_fraction': 0.7614059073664545}]
function_evaluation time 0.221701 value 29076.392757 suggestion {'alpha': 0.03533845529213025, 'batch_size': 49, 'beta_1': 0.7745447638130565, 'beta_2': 0.9999817144721453, 'epsilon': 7.313843736859328e-07, 'hidden_layer_sizes': 136, 'learning_rate_init': 0.00016814314319521154, 'tol': 0.08905478483419181, 'validation_fraction': 0.7614059073664545}
observation time 0.000004, current best 2874.867762 at iter 26
suggestion time taken 0.010152 iter 27 next_points [{'alpha': 5.6178944940343485e-05, 'batch_size': 237, 'beta_1': 0.7360956207229195, 'beta_2': 0.9999974574114393, 'epsilon': 1.1144088796246428e-07, 'hidden_layer_sizes': 178, 'learning_rate_init': 0.09606200622910194, 'tol': 0.0022102134632560836, 'validation_fraction': 0.7983219049668977}]
/home/ryedida/.local/lib/python3.8/site-packages/sklearn/neural_network/_multilayer_perceptron.py:621: UserWarning: Got `batch_size` less than 1 or larger than sample size. It is going to be clipped
  warnings.warn(

function_evaluation time 0.707984 value 3203.449290 suggestion {'alpha': 5.6178944940343485e-05, 'batch_size': 237, 'beta_1': 0.7360956207229195, 'beta_2': 0.9999974574114393, 'epsilon': 1.1144088796246428e-07, 'hidden_layer_sizes': 178, 'learning_rate_init': 0.09606200622910194, 'tol': 0.0022102134632560836, 'validation_fraction': 0.7983219049668977}
observation time 0.000004, current best 2874.867762 at iter 27
suggestion time taken 0.010654 iter 28 next_points [{'alpha': 4.7615934583886806e-05, 'batch_size': 49, 'beta_1': 0.9128692718020786, 'beta_2': 0.9999485939525954, 'epsilon': 1.2602040050492177e-07, 'hidden_layer_sizes': 165, 'learning_rate_init': 0.00021207639968752093, 'tol': 4.1503684885915185e-05, 'validation_fraction': 0.21810857277186183}]
/home/ryedida/.local/lib/python3.8/site-packages/sklearn/neural_network/_multilayer_perceptron.py:702: ConvergenceWarning: Stochastic Optimizer: Maximum iterations (200) reached and the optimization hasn't converged yet.
  warnings.warn(

function_evaluation time 6.723756 value 26463.288108 suggestion {'alpha': 4.7615934583886806e-05, 'batch_size': 49, 'beta_1': 0.9128692718020786, 'beta_2': 0.9999485939525954, 'epsilon': 1.2602040050492177e-07, 'hidden_layer_sizes': 165, 'learning_rate_init': 0.00021207639968752093, 'tol': 4.1503684885915185e-05, 'validation_fraction': 0.21810857277186183}
observation time 0.000003, current best 2874.867762 at iter 28
suggestion time taken 0.009840 iter 29 next_points [{'alpha': 0.00046401932352353514, 'batch_size': 145, 'beta_1': 0.5470192233323936, 'beta_2': 0.9999554075738647, 'epsilon': 1.6706568334974073e-07, 'hidden_layer_sizes': 93, 'learning_rate_init': 2.681854550911119e-05, 'tol': 0.007953322044639104, 'validation_fraction': 0.1267481012312171}]
function_evaluation time 0.243273 value 29152.960514 suggestion {'alpha': 0.00046401932352353514, 'batch_size': 145, 'beta_1': 0.5470192233323936, 'beta_2': 0.9999554075738647, 'epsilon': 1.6706568334974073e-07, 'hidden_layer_sizes': 93, 'learning_rate_init': 2.681854550911119e-05, 'tol': 0.007953322044639104, 'validation_fraction': 0.1267481012312171}
observation time 0.000003, current best 2874.867762 at iter 29
suggestion time taken 0.010252 iter 30 next_points [{'alpha': 6.756703433098403, 'batch_size': 104, 'beta_1': 0.9687091714725409, 'beta_2': 0.9999901397485889, 'epsilon': 1.7279692305876625e-09, 'hidden_layer_sizes': 114, 'learning_rate_init': 0.0002466349208050357, 'tol': 0.044244174399164955, 'validation_fraction': 0.2707305533881803}]
function_evaluation time 0.251057 value 29067.479503 suggestion {'alpha': 6.756703433098403, 'batch_size': 104, 'beta_1': 0.9687091714725409, 'beta_2': 0.9999901397485889, 'epsilon': 1.7279692305876625e-09, 'hidden_layer_sizes': 114, 'learning_rate_init': 0.0002466349208050357, 'tol': 0.044244174399164955, 'validation_fraction': 0.2707305533881803}
observation time 0.000004, current best 2874.867762 at iter 30
suggestion time taken 0.010264 iter 31 next_points [{'alpha': 2.9971359135750912, 'batch_size': 195, 'beta_1': 0.9714601632278325, 'beta_2': 0.9999839733323069, 'epsilon': 8.474565596337365e-08, 'hidden_layer_sizes': 104, 'learning_rate_init': 0.0001286988458244009, 'tol': 0.09006302582294817, 'validation_fraction': 0.8940456628944832}]
/home/ryedida/.local/lib/python3.8/site-packages/sklearn/neural_network/_multilayer_perceptron.py:621: UserWarning: Got `batch_size` less than 1 or larger than sample size. It is going to be clipped
  warnings.warn(

function_evaluation time 0.154960 value 29117.203560 suggestion {'alpha': 2.9971359135750912, 'batch_size': 195, 'beta_1': 0.9714601632278325, 'beta_2': 0.9999839733323069, 'epsilon': 8.474565596337365e-08, 'hidden_layer_sizes': 104, 'learning_rate_init': 0.0001286988458244009, 'tol': 0.09006302582294817, 'validation_fraction': 0.8940456628944832}
observation time 0.000003, current best 2874.867762 at iter 31
suggestion time taken 0.010262 iter 32 next_points [{'alpha': 1.7454600275034713, 'batch_size': 37, 'beta_1': 0.9391026472853841, 'beta_2': 0.9998276128549809, 'epsilon': 4.848072694687615e-09, 'hidden_layer_sizes': 84, 'learning_rate_init': 0.00014734879923010668, 'tol': 0.022709818179616873, 'validation_fraction': 0.19545683414323722}]
function_evaluation time 0.241568 value 29071.973148 suggestion {'alpha': 1.7454600275034713, 'batch_size': 37, 'beta_1': 0.9391026472853841, 'beta_2': 0.9998276128549809, 'epsilon': 4.848072694687615e-09, 'hidden_layer_sizes': 84, 'learning_rate_init': 0.00014734879923010668, 'tol': 0.022709818179616873, 'validation_fraction': 0.19545683414323722}
observation time 0.000002, current best 2874.867762 at iter 32
suggestion time taken 0.003866 iter 33 next_points [{'alpha': 0.0030572914687491772, 'batch_size': 155, 'beta_1': 0.7701995720608837, 'beta_2': 0.9999969836185357, 'epsilon': 4.3733908889445055e-08, 'hidden_layer_sizes': 161, 'learning_rate_init': 0.0004537454285557461, 'tol': 0.03244051988125706, 'validation_fraction': 0.7374542039458135}]
/home/ryedida/.local/lib/python3.8/site-packages/sklearn/neural_network/_multilayer_perceptron.py:621: UserWarning: Got `batch_size` less than 1 or larger than sample size. It is going to be clipped
  warnings.warn(

function_evaluation time 0.191350 value 29092.284453 suggestion {'alpha': 0.0030572914687491772, 'batch_size': 155, 'beta_1': 0.7701995720608837, 'beta_2': 0.9999969836185357, 'epsilon': 4.3733908889445055e-08, 'hidden_layer_sizes': 161, 'learning_rate_init': 0.0004537454285557461, 'tol': 0.03244051988125706, 'validation_fraction': 0.7374542039458135}
observation time 0.000003, current best 2874.867762 at iter 33
suggestion time taken 0.011813 iter 34 next_points [{'alpha': 0.00042229443250861446, 'batch_size': 198, 'beta_1': 0.961477803820122, 'beta_2': 0.9760079994585322, 'epsilon': 4.375507511885428e-09, 'hidden_layer_sizes': 134, 'learning_rate_init': 0.0014475109715959156, 'tol': 0.06744756126163243, 'validation_fraction': 0.4355338332446269}]
function_evaluation time 0.204036 value 29033.885325 suggestion {'alpha': 0.00042229443250861446, 'batch_size': 198, 'beta_1': 0.961477803820122, 'beta_2': 0.9760079994585322, 'epsilon': 4.375507511885428e-09, 'hidden_layer_sizes': 134, 'learning_rate_init': 0.0014475109715959156, 'tol': 0.06744756126163243, 'validation_fraction': 0.4355338332446269}
observation time 0.000004, current best 2874.867762 at iter 34
suggestion time taken 0.010293 iter 35 next_points [{'alpha': 0.12059911379036055, 'batch_size': 167, 'beta_1': 0.5350171750760689, 'beta_2': 0.9996562552347079, 'epsilon': 4.577952696280731e-08, 'hidden_layer_sizes': 171, 'learning_rate_init': 0.001737710216179749, 'tol': 0.01633831515613495, 'validation_fraction': 0.45100479233356217}]
function_evaluation time 0.223284 value 29005.230878 suggestion {'alpha': 0.12059911379036055, 'batch_size': 167, 'beta_1': 0.5350171750760689, 'beta_2': 0.9996562552347079, 'epsilon': 4.577952696280731e-08, 'hidden_layer_sizes': 171, 'learning_rate_init': 0.001737710216179749, 'tol': 0.01633831515613495, 'validation_fraction': 0.45100479233356217}
observation time 0.000004, current best 2874.867762 at iter 35
suggestion time taken 0.010765 iter 36 next_points [{'alpha': 0.3420498611067524, 'batch_size': 75, 'beta_1': 0.8490343062670249, 'beta_2': 0.9999930852742105, 'epsilon': 1.5720948303956912e-08, 'hidden_layer_sizes': 185, 'learning_rate_init': 0.0025689467257995558, 'tol': 2.054382657110492e-05, 'validation_fraction': 0.2781154802082759}]
/home/ryedida/.local/lib/python3.8/site-packages/sklearn/neural_network/_multilayer_perceptron.py:702: ConvergenceWarning: Stochastic Optimizer: Maximum iterations (200) reached and the optimization hasn't converged yet.
  warnings.warn(

function_evaluation time 5.432116 value 3575.137142 suggestion {'alpha': 0.3420498611067524, 'batch_size': 75, 'beta_1': 0.8490343062670249, 'beta_2': 0.9999930852742105, 'epsilon': 1.5720948303956912e-08, 'hidden_layer_sizes': 185, 'learning_rate_init': 0.0025689467257995558, 'tol': 2.054382657110492e-05, 'validation_fraction': 0.2781154802082759}
observation time 0.000003, current best 2874.867762 at iter 36
suggestion time taken 0.010109 iter 37 next_points [{'alpha': 0.0005071791151324273, 'batch_size': 114, 'beta_1': 0.9803140232054682, 'beta_2': 0.999978777892235, 'epsilon': 8.560869722347851e-08, 'hidden_layer_sizes': 116, 'learning_rate_init': 5.172127847235735e-05, 'tol': 0.004315956265375661, 'validation_fraction': 0.357122057254708}]
function_evaluation time 0.249503 value 29110.124398 suggestion {'alpha': 0.0005071791151324273, 'batch_size': 114, 'beta_1': 0.9803140232054682, 'beta_2': 0.999978777892235, 'epsilon': 8.560869722347851e-08, 'hidden_layer_sizes': 116, 'learning_rate_init': 5.172127847235735e-05, 'tol': 0.004315956265375661, 'validation_fraction': 0.357122057254708}
observation time 0.000004, current best 2874.867762 at iter 37
suggestion time taken 0.010322 iter 38 next_points [{'alpha': 0.07669952402470855, 'batch_size': 245, 'beta_1': 0.6643555822264302, 'beta_2': 0.9829313789332683, 'epsilon': 1.1797054057701103e-09, 'hidden_layer_sizes': 138, 'learning_rate_init': 0.02115314447177038, 'tol': 0.003633827888204252, 'validation_fraction': 0.5479407761722591}]
/home/ryedida/.local/lib/python3.8/site-packages/sklearn/neural_network/_multilayer_perceptron.py:621: UserWarning: Got `batch_size` less than 1 or larger than sample size. It is going to be clipped
  warnings.warn(

function_evaluation time 1.221286 value 3504.128007 suggestion {'alpha': 0.07669952402470855, 'batch_size': 245, 'beta_1': 0.6643555822264302, 'beta_2': 0.9829313789332683, 'epsilon': 1.1797054057701103e-09, 'hidden_layer_sizes': 138, 'learning_rate_init': 0.02115314447177038, 'tol': 0.003633827888204252, 'validation_fraction': 0.5479407761722591}
observation time 0.000003, current best 2874.867762 at iter 38
suggestion time taken 0.010373 iter 39 next_points [{'alpha': 0.033050536822196, 'batch_size': 78, 'beta_1': 0.7591660873268953, 'beta_2': 0.9997986680002018, 'epsilon': 7.36259073182663e-08, 'hidden_layer_sizes': 114, 'learning_rate_init': 0.0001192652607356544, 'tol': 0.0010321590564582902, 'validation_fraction': 0.58923423875363}]
function_evaluation time 0.222171 value 29091.092508 suggestion {'alpha': 0.033050536822196, 'batch_size': 78, 'beta_1': 0.7591660873268953, 'beta_2': 0.9997986680002018, 'epsilon': 7.36259073182663e-08, 'hidden_layer_sizes': 114, 'learning_rate_init': 0.0001192652607356544, 'tol': 0.0010321590564582902, 'validation_fraction': 0.58923423875363}
observation time 0.000004, current best 2874.867762 at iter 39
suggestion time taken 0.010358 iter 40 next_points [{'alpha': 2.2528526944507616, 'batch_size': 120, 'beta_1': 0.8366329653030266, 'beta_2': 0.9999966820705998, 'epsilon': 2.6201303256409143e-08, 'hidden_layer_sizes': 78, 'learning_rate_init': 0.0013992661375202388, 'tol': 1.469479462295397e-05, 'validation_fraction': 0.8084641831064391}]
/home/ryedida/.local/lib/python3.8/site-packages/sklearn/neural_network/_multilayer_perceptron.py:621: UserWarning: Got `batch_size` less than 1 or larger than sample size. It is going to be clipped
  warnings.warn(

/home/ryedida/.local/lib/python3.8/site-packages/sklearn/neural_network/_multilayer_perceptron.py:702: ConvergenceWarning: Stochastic Optimizer: Maximum iterations (200) reached and the optimization hasn't converged yet.
  warnings.warn(

function_evaluation time 2.353516 value 26944.471814 suggestion {'alpha': 2.2528526944507616, 'batch_size': 120, 'beta_1': 0.8366329653030266, 'beta_2': 0.9999966820705998, 'epsilon': 2.6201303256409143e-08, 'hidden_layer_sizes': 78, 'learning_rate_init': 0.0013992661375202388, 'tol': 1.469479462295397e-05, 'validation_fraction': 0.8084641831064391}
observation time 0.000003, current best 2874.867762 at iter 40
suggestion time taken 0.012078 iter 41 next_points [{'alpha': 0.17866772742976386, 'batch_size': 157, 'beta_1': 0.9177170885193875, 'beta_2': 0.9999969374427146, 'epsilon': 3.480928802905373e-07, 'hidden_layer_sizes': 77, 'learning_rate_init': 0.008251120419432227, 'tol': 0.0005497440340192458, 'validation_fraction': 0.10436566273440885}]
function_evaluation time 3.241627 value 3385.059453 suggestion {'alpha': 0.17866772742976386, 'batch_size': 157, 'beta_1': 0.9177170885193875, 'beta_2': 0.9999969374427146, 'epsilon': 3.480928802905373e-07, 'hidden_layer_sizes': 77, 'learning_rate_init': 0.008251120419432227, 'tol': 0.0005497440340192458, 'validation_fraction': 0.10436566273440885}
observation time 0.000003, current best 2874.867762 at iter 41
suggestion time taken 0.010384 iter 42 next_points [{'alpha': 4.689741534603393, 'batch_size': 84, 'beta_1': 0.6917970400397433, 'beta_2': 0.9999647177795915, 'epsilon': 2.393204865261208e-07, 'hidden_layer_sizes': 81, 'learning_rate_init': 2.7398527141554756e-05, 'tol': 0.05477360218303137, 'validation_fraction': 0.7266860256862939}]
function_evaluation time 0.169134 value 29134.367875 suggestion {'alpha': 4.689741534603393, 'batch_size': 84, 'beta_1': 0.6917970400397433, 'beta_2': 0.9999647177795915, 'epsilon': 2.393204865261208e-07, 'hidden_layer_sizes': 81, 'learning_rate_init': 2.7398527141554756e-05, 'tol': 0.05477360218303137, 'validation_fraction': 0.7266860256862939}
observation time 0.000003, current best 2874.867762 at iter 42
suggestion time taken 0.009959 iter 43 next_points [{'alpha': 9.537577372862056e-05, 'batch_size': 155, 'beta_1': 0.9448276199065457, 'beta_2': 0.9999976207776627, 'epsilon': 1.4240371342361485e-09, 'hidden_layer_sizes': 101, 'learning_rate_init': 0.07840154877924782, 'tol': 0.012690563534817624, 'validation_fraction': 0.46034000239472567}]
function_evaluation time 0.557073 value 4081.069119 suggestion {'alpha': 9.537577372862056e-05, 'batch_size': 155, 'beta_1': 0.9448276199065457, 'beta_2': 0.9999976207776627, 'epsilon': 1.4240371342361485e-09, 'hidden_layer_sizes': 101, 'learning_rate_init': 0.07840154877924782, 'tol': 0.012690563534817624, 'validation_fraction': 0.46034000239472567}
observation time 0.000004, current best 2874.867762 at iter 43
suggestion time taken 0.010842 iter 44 next_points [{'alpha': 0.008386971935926042, 'batch_size': 217, 'beta_1': 0.7539584674584919, 'beta_2': 0.9991787907209159, 'epsilon': 1.8445041494793205e-08, 'hidden_layer_sizes': 128, 'learning_rate_init': 0.06599721898668105, 'tol': 0.0024067122674621814, 'validation_fraction': 0.7000822480957766}]
/home/ryedida/.local/lib/python3.8/site-packages/sklearn/neural_network/_multilayer_perceptron.py:621: UserWarning: Got `batch_size` less than 1 or larger than sample size. It is going to be clipped
  warnings.warn(

function_evaluation time 0.755983 value 3124.017256 suggestion {'alpha': 0.008386971935926042, 'batch_size': 217, 'beta_1': 0.7539584674584919, 'beta_2': 0.9991787907209159, 'epsilon': 1.8445041494793205e-08, 'hidden_layer_sizes': 128, 'learning_rate_init': 0.06599721898668105, 'tol': 0.0024067122674621814, 'validation_fraction': 0.7000822480957766}
observation time 0.000003, current best 2874.867762 at iter 44
saving meta data: {'args': {'--uuid': '4348325c278c5f86987838b53cefef2a', '-db-root': '/home/ryedida/bbo_challenge_starter_kit/output', '--opt-root': '/home/ryedida/bbo_challenge_starter_kit/example_submissions', '--data-root': None, '--db': 'run_20231015_191245', '--opt': 'random', '--data': 'diabetes', '--classifier': 'MLP-adam', '--metric': 'mse', '--calls': 45, '--suggestions': 1, '--jobs-file': None, '--verbose': False, 'dry_run': False, 'rev': 'a376313', 'opt_rev': '0.0.8'}, 'signature': ([{'alpha': 0.019628224813442792, 'batch_size': 182, 'beta_1': 0.9410202200271762, 'beta_2': 0.9998021557676793, 'epsilon': 1.8662266976518e-08, 'hidden_layer_sizes': 147, 'learning_rate_init': 0.0005627932047415167, 'tol': 0.03690557729213761, 'validation_fraction': 0.8846827852548593}, {'alpha': 0.001998246739232944, 'batch_size': 200, 'beta_1': 0.919111482530466, 'beta_2': 0.9998488260436156, 'epsilon': 5.981221901152555e-07, 'hidden_layer_sizes': 61, 'learning_rate_init': 2.2310905607443014e-05, 'tol': 1.2046852412030316e-05, 'validation_fraction': 0.8117896445826539}, {'alpha': 0.46659545670218433, 'batch_size': 219, 'beta_1': 0.9889789783750891, 'beta_2': 0.9999896868093284, 'epsilon': 2.4234724484675948e-08, 'hidden_layer_sizes': 167, 'learning_rate_init': 2.972334644335654e-05, 'tol': 0.0036281404040243792, 'validation_fraction': 0.17260651658522078}, {'alpha': 4.656005689076002, 'batch_size': 135, 'beta_1': 0.870503881627747, 'beta_2': 0.9948873266941017, 'epsilon': 2.1023308743480125e-07, 'hidden_layer_sizes': 118, 'learning_rate_init': 0.001878173875716191, 'tol': 1.1889379831773006e-05, 'validation_fraction': 0.6264327093752792}, {'alpha': 0.04705159350400542, 'batch_size': 158, 'beta_1': 0.9870884262730957, 'beta_2': 0.9999596874382349, 'epsilon': 1.1981845126013875e-08, 'hidden_layer_sizes': 116, 'learning_rate_init': 0.006173405204074311, 'tol': 1.7414134181586194e-05, 'validation_fraction': 0.6754299026638921}], [29083.993548572587, 29062.423277324073, 29075.78987471409, 24626.32866834337, 9584.226858493173])}
saving results
saving timing
saving suggest log
done
