running: {'--uuid': '6a7f1ffbff3155d4a4f94c3e4155e64c', '-db-root': '/home/ryedida/bbo_challenge_starter_kit/output', '--opt-root': '/home/ryedida/bbo_challenge_starter_kit/example_submissions', '--data-root': None, '--db': 'run_20231015_191245', '--opt': 'strongcvx', '--data': 'diabetes', '--classifier': 'MLP-adam', '--metric': 'mae', '--calls': 45, '--suggestions': 1, '--jobs-file': None, '--verbose': False, 'dry_run': False, 'rev': 'a376313', 'opt_rev': 'x.x.x'}
cmd: python strongcvx/optimizer.py -c MLP-adam -d diabetes -o strongcvx -u 6a7f1ffbff3155d4a4f94c3e4155e64c -m mae -n 45 -p 1 -dir /home/ryedida/bbo_challenge_starter_kit/output -b run_20231015_191245
/home/ryedida/.local/lib/python3.8/site-packages/sklearn/neural_network/_multilayer_perceptron.py:621: UserWarning: Got `batch_size` less than 1 or larger than sample size. It is going to be clipped
  warnings.warn(

/home/ryedida/.local/lib/python3.8/site-packages/sklearn/neural_network/_multilayer_perceptron.py:621: UserWarning: Got `batch_size` less than 1 or larger than sample size. It is going to be clipped
  warnings.warn(

/home/ryedida/.local/lib/python3.8/site-packages/sklearn/neural_network/_multilayer_perceptron.py:621: UserWarning: Got `batch_size` less than 1 or larger than sample size. It is going to be clipped
  warnings.warn(

/home/ryedida/.local/lib/python3.8/site-packages/sklearn/neural_network/_multilayer_perceptron.py:702: ConvergenceWarning: Stochastic Optimizer: Maximum iterations (200) reached and the optimization hasn't converged yet.
  warnings.warn(

/home/ryedida/.local/lib/python3.8/site-packages/sklearn/neural_network/_multilayer_perceptron.py:621: UserWarning: Got `batch_size` less than 1 or larger than sample size. It is going to be clipped
  warnings.warn(

/home/ryedida/.local/lib/python3.8/site-packages/sklearn/neural_network/_multilayer_perceptron.py:702: ConvergenceWarning: Stochastic Optimizer: Maximum iterations (200) reached and the optimization hasn't converged yet.
  warnings.warn(

computed signature: ([{'alpha': 0.019628224813442792, 'batch_size': 182, 'beta_1': 0.9410202200271762, 'beta_2': 0.9998021557676793, 'epsilon': 1.8662266976518e-08, 'hidden_layer_sizes': 147, 'learning_rate_init': 0.0005627932047415167, 'tol': 0.03690557729213761, 'validation_fraction': 0.8846827852548593}, {'alpha': 0.001998246739232944, 'batch_size': 200, 'beta_1': 0.919111482530466, 'beta_2': 0.9998488260436156, 'epsilon': 5.981221901152555e-07, 'hidden_layer_sizes': 61, 'learning_rate_init': 2.2310905607443014e-05, 'tol': 1.2046852412030316e-05, 'validation_fraction': 0.8117896445826539}, {'alpha': 0.46659545670218433, 'batch_size': 219, 'beta_1': 0.9889789783750891, 'beta_2': 0.9999896868093284, 'epsilon': 2.4234724484675948e-08, 'hidden_layer_sizes': 167, 'learning_rate_init': 2.972334644335654e-05, 'tol': 0.0036281404040243792, 'validation_fraction': 0.17260651658522078}, {'alpha': 4.656005689076002, 'batch_size': 135, 'beta_1': 0.870503881627747, 'beta_2': 0.9948873266941017, 'epsilon': 2.1023308743480125e-07, 'hidden_layer_sizes': 118, 'learning_rate_init': 0.001878173875716191, 'tol': 1.1889379831773006e-05, 'validation_fraction': 0.6264327093752792}, {'alpha': 0.04705159350400542, 'batch_size': 158, 'beta_1': 0.9870884262730957, 'beta_2': 0.9999596874382349, 'epsilon': 1.1981845126013875e-08, 'hidden_layer_sizes': 116, 'learning_rate_init': 0.006173405204074311, 'tol': 1.7414134181586194e-05, 'validation_fraction': 0.6754299026638921}], [151.4971925380264, 151.42763539278994, 151.47026299046811, 136.86202504264318, 75.2055865763391])
/home/ryedida/.local/lib/python3.8/site-packages/bayesmark/experiment.py:470: UserWarning: Baselines not found. Will not log intermediate scores.
  warnings.warn("Baselines not found. Will not log intermediate scores.")

starting sklearn study strongcvx MLP-adam diabetes mae 45 1
with data root: None
suggestion time taken 17.509891 iter 0 next_points [{'alpha': 0.00019690183558924892, 'batch_size': 226, 'beta_1': 0.976791471420205, 'beta_2': 0.9929463886484351, 'epsilon': 1.8512582044760744e-07, 'hidden_layer_sizes': 160, 'learning_rate_init': 8.009409998149702e-05, 'tol': 0.0002551816603347655, 'validation_fraction': 0.4712554847504415}]
/home/ryedida/.local/lib/python3.8/site-packages/sklearn/neural_network/_multilayer_perceptron.py:621: UserWarning: Got `batch_size` less than 1 or larger than sample size. It is going to be clipped
  warnings.warn(

function_evaluation time 0.216867 value 151.670362 suggestion {'alpha': 0.00019690183558924892, 'batch_size': 226, 'beta_1': 0.976791471420205, 'beta_2': 0.9929463886484351, 'epsilon': 1.8512582044760744e-07, 'hidden_layer_sizes': 160, 'learning_rate_init': 8.009409998149702e-05, 'tol': 0.0002551816603347655, 'validation_fraction': 0.4712554847504415}
observation time 0.000005, current best 151.670362 at iter 0
suggestion time taken 16.584277 iter 1 next_points [{'alpha': 1.5713621471447705, 'batch_size': 236, 'beta_1': 0.9784032506219488, 'beta_2': 0.927530928042906, 'epsilon': 2.6780617659976223e-07, 'hidden_layer_sizes': 186, 'learning_rate_init': 0.0037305975173500764, 'tol': 0.005134254139763087, 'validation_fraction': 0.428615993137764}]
/home/ryedida/.local/lib/python3.8/site-packages/sklearn/neural_network/_multilayer_perceptron.py:621: UserWarning: Got `batch_size` less than 1 or larger than sample size. It is going to be clipped
  warnings.warn(

function_evaluation time 0.253916 value 150.808428 suggestion {'alpha': 1.5713621471447705, 'batch_size': 236, 'beta_1': 0.9784032506219488, 'beta_2': 0.927530928042906, 'epsilon': 2.6780617659976223e-07, 'hidden_layer_sizes': 186, 'learning_rate_init': 0.0037305975173500764, 'tol': 0.005134254139763087, 'validation_fraction': 0.428615993137764}
observation time 0.000006, current best 150.808428 at iter 1
suggestion time taken 16.170625 iter 2 next_points [{'alpha': 0.0722454066166235, 'batch_size': 230, 'beta_1': 0.9827759406526019, 'beta_2': 0.9989223024548187, 'epsilon': 7.381514155539127e-07, 'hidden_layer_sizes': 118, 'learning_rate_init': 0.0063002527312741195, 'tol': 0.09314266642063374, 'validation_fraction': 0.4356589991897487}]
/home/ryedida/.local/lib/python3.8/site-packages/sklearn/neural_network/_multilayer_perceptron.py:621: UserWarning: Got `batch_size` less than 1 or larger than sample size. It is going to be clipped
  warnings.warn(

function_evaluation time 0.199543 value 150.540153 suggestion {'alpha': 0.0722454066166235, 'batch_size': 230, 'beta_1': 0.9827759406526019, 'beta_2': 0.9989223024548187, 'epsilon': 7.381514155539127e-07, 'hidden_layer_sizes': 118, 'learning_rate_init': 0.0063002527312741195, 'tol': 0.09314266642063374, 'validation_fraction': 0.4356589991897487}
observation time 0.000005, current best 150.540153 at iter 2
suggestion time taken 16.860005 iter 3 next_points [{'alpha': 0.008894475020014147, 'batch_size': 249, 'beta_1': 0.8922173329750323, 'beta_2': 0.9997022395370363, 'epsilon': 2.6656971701092958e-08, 'hidden_layer_sizes': 157, 'learning_rate_init': 0.007922941307921242, 'tol': 0.00010207233965451454, 'validation_fraction': 0.80559233784343}]
/home/ryedida/.local/lib/python3.8/site-packages/sklearn/neural_network/_multilayer_perceptron.py:621: UserWarning: Got `batch_size` less than 1 or larger than sample size. It is going to be clipped
  warnings.warn(

/home/ryedida/.local/lib/python3.8/site-packages/sklearn/neural_network/_multilayer_perceptron.py:702: ConvergenceWarning: Stochastic Optimizer: Maximum iterations (200) reached and the optimization hasn't converged yet.
  warnings.warn(

function_evaluation time 2.846649 value 51.071420 suggestion {'alpha': 0.008894475020014147, 'batch_size': 249, 'beta_1': 0.8922173329750323, 'beta_2': 0.9997022395370363, 'epsilon': 2.6656971701092958e-08, 'hidden_layer_sizes': 157, 'learning_rate_init': 0.007922941307921242, 'tol': 0.00010207233965451454, 'validation_fraction': 0.80559233784343}
observation time 0.000005, current best 51.071420 at iter 3
suggestion time taken 16.665775 iter 4 next_points [{'alpha': 0.012515839813655139, 'batch_size': 239, 'beta_1': 0.944474159894842, 'beta_2': 0.9985010036582171, 'epsilon': 2.7445400013541757e-07, 'hidden_layer_sizes': 84, 'learning_rate_init': 0.0023628259492658077, 'tol': 0.0007406406116436525, 'validation_fraction': 0.16033631834720227}]
/home/ryedida/.local/lib/python3.8/site-packages/sklearn/neural_network/_multilayer_perceptron.py:702: ConvergenceWarning: Stochastic Optimizer: Maximum iterations (200) reached and the optimization hasn't converged yet.
  warnings.warn(

function_evaluation time 3.172496 value 135.928403 suggestion {'alpha': 0.012515839813655139, 'batch_size': 239, 'beta_1': 0.944474159894842, 'beta_2': 0.9985010036582171, 'epsilon': 2.7445400013541757e-07, 'hidden_layer_sizes': 84, 'learning_rate_init': 0.0023628259492658077, 'tol': 0.0007406406116436525, 'validation_fraction': 0.16033631834720227}
observation time 0.000005, current best 51.071420 at iter 4
suggestion time taken 16.591229 iter 5 next_points [{'alpha': 4.97694317884555e-05, 'batch_size': 248, 'beta_1': 0.637337341574766, 'beta_2': 0.999842069288853, 'epsilon': 2.9981146405285856e-07, 'hidden_layer_sizes': 115, 'learning_rate_init': 4.316650979082311e-05, 'tol': 0.016447363087904485, 'validation_fraction': 0.25199805441037393}]
function_evaluation time 0.219136 value 151.550232 suggestion {'alpha': 4.97694317884555e-05, 'batch_size': 248, 'beta_1': 0.637337341574766, 'beta_2': 0.999842069288853, 'epsilon': 2.9981146405285856e-07, 'hidden_layer_sizes': 115, 'learning_rate_init': 4.316650979082311e-05, 'tol': 0.016447363087904485, 'validation_fraction': 0.25199805441037393}
observation time 0.000005, current best 51.071420 at iter 5
suggestion time taken 17.060287 iter 6 next_points [{'alpha': 2.4918705916573947, 'batch_size': 217, 'beta_1': 0.9257952014092351, 'beta_2': 0.9955638764808065, 'epsilon': 5.6508584023356495e-09, 'hidden_layer_sizes': 172, 'learning_rate_init': 2.4068153972976635e-05, 'tol': 0.004609692785882671, 'validation_fraction': 0.8718000928436493}]
/home/ryedida/.local/lib/python3.8/site-packages/sklearn/neural_network/_multilayer_perceptron.py:621: UserWarning: Got `batch_size` less than 1 or larger than sample size. It is going to be clipped
  warnings.warn(

function_evaluation time 0.185066 value 151.432043 suggestion {'alpha': 2.4918705916573947, 'batch_size': 217, 'beta_1': 0.9257952014092351, 'beta_2': 0.9955638764808065, 'epsilon': 5.6508584023356495e-09, 'hidden_layer_sizes': 172, 'learning_rate_init': 2.4068153972976635e-05, 'tol': 0.004609692785882671, 'validation_fraction': 0.8718000928436493}
observation time 0.000006, current best 51.071420 at iter 6
suggestion time taken 15.986994 iter 7 next_points [{'alpha': 8.607136516507241, 'batch_size': 226, 'beta_1': 0.6045916726822268, 'beta_2': 0.9944311635248406, 'epsilon': 3.44850398766273e-08, 'hidden_layer_sizes': 87, 'learning_rate_init': 0.0014754126849635739, 'tol': 7.411453296442539e-05, 'validation_fraction': 0.12432905469264602}]
/home/ryedida/.local/lib/python3.8/site-packages/sklearn/neural_network/_multilayer_perceptron.py:702: ConvergenceWarning: Stochastic Optimizer: Maximum iterations (200) reached and the optimization hasn't converged yet.
  warnings.warn(

function_evaluation time 3.719425 value 123.342003 suggestion {'alpha': 8.607136516507241, 'batch_size': 226, 'beta_1': 0.6045916726822268, 'beta_2': 0.9944311635248406, 'epsilon': 3.44850398766273e-08, 'hidden_layer_sizes': 87, 'learning_rate_init': 0.0014754126849635739, 'tol': 7.411453296442539e-05, 'validation_fraction': 0.12432905469264602}
observation time 0.000005, current best 51.071420 at iter 7
suggestion time taken 16.941825 iter 8 next_points [{'alpha': 0.012884475277393191, 'batch_size': 247, 'beta_1': 0.9858249920406156, 'beta_2': 0.9481392241024568, 'epsilon': 1.0274726811402704e-07, 'hidden_layer_sizes': 166, 'learning_rate_init': 0.0002144403913115886, 'tol': 0.015984831718263585, 'validation_fraction': 0.8981518706059615}]
/home/ryedida/.local/lib/python3.8/site-packages/sklearn/neural_network/_multilayer_perceptron.py:621: UserWarning: Got `batch_size` less than 1 or larger than sample size. It is going to be clipped
  warnings.warn(

function_evaluation time 0.177994 value 151.550732 suggestion {'alpha': 0.012884475277393191, 'batch_size': 247, 'beta_1': 0.9858249920406156, 'beta_2': 0.9481392241024568, 'epsilon': 1.0274726811402704e-07, 'hidden_layer_sizes': 166, 'learning_rate_init': 0.0002144403913115886, 'tol': 0.015984831718263585, 'validation_fraction': 0.8981518706059615}
observation time 0.000005, current best 51.071420 at iter 8
suggestion time taken 15.900298 iter 9 next_points [{'alpha': 0.0013517048830222187, 'batch_size': 249, 'beta_1': 0.971976667262931, 'beta_2': 0.9999988657489614, 'epsilon': 2.1944114916698956e-08, 'hidden_layer_sizes': 170, 'learning_rate_init': 0.007561675536828544, 'tol': 0.0008327794181085895, 'validation_fraction': 0.6318499635151852}]
/home/ryedida/.local/lib/python3.8/site-packages/sklearn/neural_network/_multilayer_perceptron.py:621: UserWarning: Got `batch_size` less than 1 or larger than sample size. It is going to be clipped
  warnings.warn(

function_evaluation time 2.878176 value 54.240108 suggestion {'alpha': 0.0013517048830222187, 'batch_size': 249, 'beta_1': 0.971976667262931, 'beta_2': 0.9999988657489614, 'epsilon': 2.1944114916698956e-08, 'hidden_layer_sizes': 170, 'learning_rate_init': 0.007561675536828544, 'tol': 0.0008327794181085895, 'validation_fraction': 0.6318499635151852}
observation time 0.000005, current best 51.071420 at iter 9
suggestion time taken 16.876075 iter 10 next_points [{'alpha': 1.4520275869582442e-05, 'batch_size': 233, 'beta_1': 0.9041958316652823, 'beta_2': 0.9615129774469947, 'epsilon': 4.66217869108105e-07, 'hidden_layer_sizes': 164, 'learning_rate_init': 0.004854427981653495, 'tol': 2.127115900723135e-05, 'validation_fraction': 0.6133941811042838}]
/home/ryedida/.local/lib/python3.8/site-packages/sklearn/neural_network/_multilayer_perceptron.py:621: UserWarning: Got `batch_size` less than 1 or larger than sample size. It is going to be clipped
  warnings.warn(

/home/ryedida/.local/lib/python3.8/site-packages/sklearn/neural_network/_multilayer_perceptron.py:702: ConvergenceWarning: Stochastic Optimizer: Maximum iterations (200) reached and the optimization hasn't converged yet.
  warnings.warn(

function_evaluation time 3.250697 value 75.351043 suggestion {'alpha': 1.4520275869582442e-05, 'batch_size': 233, 'beta_1': 0.9041958316652823, 'beta_2': 0.9615129774469947, 'epsilon': 4.66217869108105e-07, 'hidden_layer_sizes': 164, 'learning_rate_init': 0.004854427981653495, 'tol': 2.127115900723135e-05, 'validation_fraction': 0.6133941811042838}
observation time 0.000005, current best 51.071420 at iter 10
suggestion time taken 16.229864 iter 11 next_points [{'alpha': 0.24588679139162342, 'batch_size': 240, 'beta_1': 0.9788635142840916, 'beta_2': 0.9999894571869891, 'epsilon': 6.261053811920595e-08, 'hidden_layer_sizes': 196, 'learning_rate_init': 0.013277000641682747, 'tol': 0.0005193932999932641, 'validation_fraction': 0.309851437389453}]
function_evaluation time 1.964771 value 55.133146 suggestion {'alpha': 0.24588679139162342, 'batch_size': 240, 'beta_1': 0.9788635142840916, 'beta_2': 0.9999894571869891, 'epsilon': 6.261053811920595e-08, 'hidden_layer_sizes': 196, 'learning_rate_init': 0.013277000641682747, 'tol': 0.0005193932999932641, 'validation_fraction': 0.309851437389453}
observation time 0.000004, current best 51.071420 at iter 11
suggestion time taken 16.802568 iter 12 next_points [{'alpha': 0.00018873031747958406, 'batch_size': 241, 'beta_1': 0.9836613059907963, 'beta_2': 0.9863720867223364, 'epsilon': 7.050711165433181e-09, 'hidden_layer_sizes': 150, 'learning_rate_init': 7.306323587284169e-05, 'tol': 0.02174648322286033, 'validation_fraction': 0.13805438394524092}]
function_evaluation time 0.287047 value 151.586761 suggestion {'alpha': 0.00018873031747958406, 'batch_size': 241, 'beta_1': 0.9836613059907963, 'beta_2': 0.9863720867223364, 'epsilon': 7.050711165433181e-09, 'hidden_layer_sizes': 150, 'learning_rate_init': 7.306323587284169e-05, 'tol': 0.02174648322286033, 'validation_fraction': 0.13805438394524092}
observation time 0.000005, current best 51.071420 at iter 12
suggestion time taken 16.876121 iter 13 next_points [{'alpha': 0.0008938403073164188, 'batch_size': 249, 'beta_1': 0.9879919438333242, 'beta_2': 0.9999483977657447, 'epsilon': 2.943890199847288e-07, 'hidden_layer_sizes': 182, 'learning_rate_init': 2.2136207593767778e-05, 'tol': 0.0008991237383441434, 'validation_fraction': 0.19725712873574508}]
function_evaluation time 0.269274 value 151.482301 suggestion {'alpha': 0.0008938403073164188, 'batch_size': 249, 'beta_1': 0.9879919438333242, 'beta_2': 0.9999483977657447, 'epsilon': 2.943890199847288e-07, 'hidden_layer_sizes': 182, 'learning_rate_init': 2.2136207593767778e-05, 'tol': 0.0008991237383441434, 'validation_fraction': 0.19725712873574508}
observation time 0.000004, current best 51.071420 at iter 13
suggestion time taken 16.493889 iter 14 next_points [{'alpha': 0.0002488220272785185, 'batch_size': 205, 'beta_1': 0.9278209738077984, 'beta_2': 0.9999931725352406, 'epsilon': 2.986903673934772e-07, 'hidden_layer_sizes': 119, 'learning_rate_init': 0.00014817933488057357, 'tol': 0.0005999555958678199, 'validation_fraction': 0.8199738841540222}]
/home/ryedida/.local/lib/python3.8/site-packages/sklearn/neural_network/_multilayer_perceptron.py:621: UserWarning: Got `batch_size` less than 1 or larger than sample size. It is going to be clipped
  warnings.warn(

function_evaluation time 0.194329 value 151.445293 suggestion {'alpha': 0.0002488220272785185, 'batch_size': 205, 'beta_1': 0.9278209738077984, 'beta_2': 0.9999931725352406, 'epsilon': 2.986903673934772e-07, 'hidden_layer_sizes': 119, 'learning_rate_init': 0.00014817933488057357, 'tol': 0.0005999555958678199, 'validation_fraction': 0.8199738841540222}
observation time 0.000006, current best 51.071420 at iter 14
suggestion time taken 17.005984 iter 15 next_points [{'alpha': 0.0003003833312723037, 'batch_size': 247, 'beta_1': 0.8648215409277137, 'beta_2': 0.9999647002049484, 'epsilon': 5.689868366911198e-07, 'hidden_layer_sizes': 179, 'learning_rate_init': 8.972221687253884e-05, 'tol': 0.04261791274067457, 'validation_fraction': 0.4294146178142139}]
/home/ryedida/.local/lib/python3.8/site-packages/sklearn/neural_network/_multilayer_perceptron.py:621: UserWarning: Got `batch_size` less than 1 or larger than sample size. It is going to be clipped
  warnings.warn(

function_evaluation time 0.232790 value 151.633460 suggestion {'alpha': 0.0003003833312723037, 'batch_size': 247, 'beta_1': 0.8648215409277137, 'beta_2': 0.9999647002049484, 'epsilon': 5.689868366911198e-07, 'hidden_layer_sizes': 179, 'learning_rate_init': 8.972221687253884e-05, 'tol': 0.04261791274067457, 'validation_fraction': 0.4294146178142139}
observation time 0.000005, current best 51.071420 at iter 15
suggestion time taken 16.430508 iter 16 next_points [{'alpha': 0.0006870054111339446, 'batch_size': 238, 'beta_1': 0.9197582243274207, 'beta_2': 0.9336111526491693, 'epsilon': 5.546753985158103e-09, 'hidden_layer_sizes': 177, 'learning_rate_init': 1.1699218650535204e-05, 'tol': 1.2506342226885655e-05, 'validation_fraction': 0.5128577138456583}]
/home/ryedida/.local/lib/python3.8/site-packages/sklearn/neural_network/_multilayer_perceptron.py:621: UserWarning: Got `batch_size` less than 1 or larger than sample size. It is going to be clipped
  warnings.warn(

function_evaluation time 0.215123 value 151.586687 suggestion {'alpha': 0.0006870054111339446, 'batch_size': 238, 'beta_1': 0.9197582243274207, 'beta_2': 0.9336111526491693, 'epsilon': 5.546753985158103e-09, 'hidden_layer_sizes': 177, 'learning_rate_init': 1.1699218650535204e-05, 'tol': 1.2506342226885655e-05, 'validation_fraction': 0.5128577138456583}
observation time 0.000005, current best 51.071420 at iter 16
suggestion time taken 16.755145 iter 17 next_points [{'alpha': 0.019659483503494835, 'batch_size': 240, 'beta_1': 0.6840186843607117, 'beta_2': 0.9999981311915701, 'epsilon': 3.027687649759991e-08, 'hidden_layer_sizes': 142, 'learning_rate_init': 0.023401897071942644, 'tol': 0.022420288157240623, 'validation_fraction': 0.8597303779966966}]
/home/ryedida/.local/lib/python3.8/site-packages/sklearn/neural_network/_multilayer_perceptron.py:621: UserWarning: Got `batch_size` less than 1 or larger than sample size. It is going to be clipped
  warnings.warn(

function_evaluation time 0.798361 value 52.091846 suggestion {'alpha': 0.019659483503494835, 'batch_size': 240, 'beta_1': 0.6840186843607117, 'beta_2': 0.9999981311915701, 'epsilon': 3.027687649759991e-08, 'hidden_layer_sizes': 142, 'learning_rate_init': 0.023401897071942644, 'tol': 0.022420288157240623, 'validation_fraction': 0.8597303779966966}
observation time 0.000005, current best 51.071420 at iter 17
suggestion time taken 16.378697 iter 18 next_points [{'alpha': 0.004944509514815106, 'batch_size': 246, 'beta_1': 0.9843810074579254, 'beta_2': 0.9993324170683817, 'epsilon': 5.801205363581768e-07, 'hidden_layer_sizes': 151, 'learning_rate_init': 0.0002486066120267682, 'tol': 0.001244436113162399, 'validation_fraction': 0.3408969034613635}]
/home/ryedida/.local/lib/python3.8/site-packages/sklearn/neural_network/_multilayer_perceptron.py:621: UserWarning: Got `batch_size` less than 1 or larger than sample size. It is going to be clipped
  warnings.warn(

function_evaluation time 0.222364 value 151.466413 suggestion {'alpha': 0.004944509514815106, 'batch_size': 246, 'beta_1': 0.9843810074579254, 'beta_2': 0.9993324170683817, 'epsilon': 5.801205363581768e-07, 'hidden_layer_sizes': 151, 'learning_rate_init': 0.0002486066120267682, 'tol': 0.001244436113162399, 'validation_fraction': 0.3408969034613635}
observation time 0.000006, current best 51.071420 at iter 18
suggestion time taken 17.462528 iter 19 next_points [{'alpha': 4.489673661165194, 'batch_size': 231, 'beta_1': 0.5828270177517554, 'beta_2': 0.9999840932180885, 'epsilon': 2.3629400053749304e-09, 'hidden_layer_sizes': 185, 'learning_rate_init': 0.0008871131769186551, 'tol': 0.006620249957769754, 'validation_fraction': 0.33313608617991397}]
function_evaluation time 0.255221 value 151.369852 suggestion {'alpha': 4.489673661165194, 'batch_size': 231, 'beta_1': 0.5828270177517554, 'beta_2': 0.9999840932180885, 'epsilon': 2.3629400053749304e-09, 'hidden_layer_sizes': 185, 'learning_rate_init': 0.0008871131769186551, 'tol': 0.006620249957769754, 'validation_fraction': 0.33313608617991397}
observation time 0.000004, current best 51.071420 at iter 19
suggestion time taken 17.020261 iter 20 next_points [{'alpha': 0.001101480500694472, 'batch_size': 235, 'beta_1': 0.7965007620163501, 'beta_2': 0.9995195394174539, 'epsilon': 9.336679446693146e-08, 'hidden_layer_sizes': 152, 'learning_rate_init': 0.0013186956129999042, 'tol': 0.014956437606756391, 'validation_fraction': 0.8414743106895278}]
/home/ryedida/.local/lib/python3.8/site-packages/sklearn/neural_network/_multilayer_perceptron.py:621: UserWarning: Got `batch_size` less than 1 or larger than sample size. It is going to be clipped
  warnings.warn(

function_evaluation time 0.174049 value 151.474614 suggestion {'alpha': 0.001101480500694472, 'batch_size': 235, 'beta_1': 0.7965007620163501, 'beta_2': 0.9995195394174539, 'epsilon': 9.336679446693146e-08, 'hidden_layer_sizes': 152, 'learning_rate_init': 0.0013186956129999042, 'tol': 0.014956437606756391, 'validation_fraction': 0.8414743106895278}
observation time 0.000006, current best 51.071420 at iter 20
suggestion time taken 17.555680 iter 21 next_points [{'alpha': 0.0005930883427924175, 'batch_size': 221, 'beta_1': 0.8583459547748534, 'beta_2': 0.9994401569638288, 'epsilon': 1.1670480858416639e-08, 'hidden_layer_sizes': 55, 'learning_rate_init': 0.005137693615191054, 'tol': 0.0022919866922937716, 'validation_fraction': 0.8636960130513694}]
/home/ryedida/.local/lib/python3.8/site-packages/sklearn/neural_network/_multilayer_perceptron.py:621: UserWarning: Got `batch_size` less than 1 or larger than sample size. It is going to be clipped
  warnings.warn(

/home/ryedida/.local/lib/python3.8/site-packages/sklearn/neural_network/_multilayer_perceptron.py:702: ConvergenceWarning: Stochastic Optimizer: Maximum iterations (200) reached and the optimization hasn't converged yet.
  warnings.warn(

function_evaluation time 1.909481 value 105.402643 suggestion {'alpha': 0.0005930883427924175, 'batch_size': 221, 'beta_1': 0.8583459547748534, 'beta_2': 0.9994401569638288, 'epsilon': 1.1670480858416639e-08, 'hidden_layer_sizes': 55, 'learning_rate_init': 0.005137693615191054, 'tol': 0.0022919866922937716, 'validation_fraction': 0.8636960130513694}
observation time 0.000005, current best 51.071420 at iter 21
suggestion time taken 16.324262 iter 22 next_points [{'alpha': 4.258405191341946, 'batch_size': 248, 'beta_1': 0.6825092712754051, 'beta_2': 0.9999981251777497, 'epsilon': 8.550291948616153e-09, 'hidden_layer_sizes': 195, 'learning_rate_init': 0.06419642905102824, 'tol': 0.00027291292986919493, 'validation_fraction': 0.8918701353110434}]
/home/ryedida/.local/lib/python3.8/site-packages/sklearn/neural_network/_multilayer_perceptron.py:621: UserWarning: Got `batch_size` less than 1 or larger than sample size. It is going to be clipped
  warnings.warn(

function_evaluation time 1.648950 value 50.686734 suggestion {'alpha': 4.258405191341946, 'batch_size': 248, 'beta_1': 0.6825092712754051, 'beta_2': 0.9999981251777497, 'epsilon': 8.550291948616153e-09, 'hidden_layer_sizes': 195, 'learning_rate_init': 0.06419642905102824, 'tol': 0.00027291292986919493, 'validation_fraction': 0.8918701353110434}
observation time 0.000006, current best 50.686734 at iter 22
suggestion time taken 17.935989 iter 23 next_points [{'alpha': 0.03751150318024984, 'batch_size': 226, 'beta_1': 0.9510996120764998, 'beta_2': 0.9992264557641704, 'epsilon': 1.195180727485775e-07, 'hidden_layer_sizes': 144, 'learning_rate_init': 0.04953825330870307, 'tol': 0.0005528521583007673, 'validation_fraction': 0.19754637495258487}]
function_evaluation time 0.761750 value 57.992246 suggestion {'alpha': 0.03751150318024984, 'batch_size': 226, 'beta_1': 0.9510996120764998, 'beta_2': 0.9992264557641704, 'epsilon': 1.195180727485775e-07, 'hidden_layer_sizes': 144, 'learning_rate_init': 0.04953825330870307, 'tol': 0.0005528521583007673, 'validation_fraction': 0.19754637495258487}
observation time 0.000004, current best 50.686734 at iter 23
suggestion time taken 16.182987 iter 24 next_points [{'alpha': 0.010691421512780845, 'batch_size': 234, 'beta_1': 0.9290402222931687, 'beta_2': 0.9999973789436222, 'epsilon': 8.521823151940406e-09, 'hidden_layer_sizes': 110, 'learning_rate_init': 0.0005274318816552385, 'tol': 9.739543095275464e-05, 'validation_fraction': 0.7121428573084635}]
/home/ryedida/.local/lib/python3.8/site-packages/sklearn/neural_network/_multilayer_perceptron.py:621: UserWarning: Got `batch_size` less than 1 or larger than sample size. It is going to be clipped
  warnings.warn(

/home/ryedida/.local/lib/python3.8/site-packages/sklearn/neural_network/_multilayer_perceptron.py:702: ConvergenceWarning: Stochastic Optimizer: Maximum iterations (200) reached and the optimization hasn't converged yet.
  warnings.warn(

function_evaluation time 2.680755 value 149.696088 suggestion {'alpha': 0.010691421512780845, 'batch_size': 234, 'beta_1': 0.9290402222931687, 'beta_2': 0.9999973789436222, 'epsilon': 8.521823151940406e-09, 'hidden_layer_sizes': 110, 'learning_rate_init': 0.0005274318816552385, 'tol': 9.739543095275464e-05, 'validation_fraction': 0.7121428573084635}
observation time 0.000005, current best 50.686734 at iter 24
suggestion time taken 17.307481 iter 25 next_points [{'alpha': 2.9857515410034793e-05, 'batch_size': 231, 'beta_1': 0.9785771315094801, 'beta_2': 0.999802936486427, 'epsilon': 5.476266288961076e-09, 'hidden_layer_sizes': 105, 'learning_rate_init': 0.00026622731509670666, 'tol': 0.00045560311702644735, 'validation_fraction': 0.8493174611068685}]
/home/ryedida/.local/lib/python3.8/site-packages/sklearn/neural_network/_multilayer_perceptron.py:621: UserWarning: Got `batch_size` less than 1 or larger than sample size. It is going to be clipped
  warnings.warn(

function_evaluation time 0.168018 value 151.547641 suggestion {'alpha': 2.9857515410034793e-05, 'batch_size': 231, 'beta_1': 0.9785771315094801, 'beta_2': 0.999802936486427, 'epsilon': 5.476266288961076e-09, 'hidden_layer_sizes': 105, 'learning_rate_init': 0.00026622731509670666, 'tol': 0.00045560311702644735, 'validation_fraction': 0.8493174611068685}
observation time 0.000006, current best 50.686734 at iter 25
suggestion time taken 16.189916 iter 26 next_points [{'alpha': 0.00045144990507913857, 'batch_size': 229, 'beta_1': 0.9777390456351873, 'beta_2': 0.9998564959128752, 'epsilon': 4.396000717756572e-08, 'hidden_layer_sizes': 137, 'learning_rate_init': 0.0011223128703882227, 'tol': 0.012392713535252583, 'validation_fraction': 0.873966707904001}]
/home/ryedida/.local/lib/python3.8/site-packages/sklearn/neural_network/_multilayer_perceptron.py:621: UserWarning: Got `batch_size` less than 1 or larger than sample size. It is going to be clipped
  warnings.warn(

function_evaluation time 0.166733 value 151.256772 suggestion {'alpha': 0.00045144990507913857, 'batch_size': 229, 'beta_1': 0.9777390456351873, 'beta_2': 0.9998564959128752, 'epsilon': 4.396000717756572e-08, 'hidden_layer_sizes': 137, 'learning_rate_init': 0.0011223128703882227, 'tol': 0.012392713535252583, 'validation_fraction': 0.873966707904001}
observation time 0.000005, current best 50.686734 at iter 26
suggestion time taken 17.538941 iter 27 next_points [{'alpha': 0.7579564904613545, 'batch_size': 237, 'beta_1': 0.5988458407733136, 'beta_2': 0.9997575819527307, 'epsilon': 2.362415716366344e-09, 'hidden_layer_sizes': 85, 'learning_rate_init': 0.000923601557029798, 'tol': 0.0009363308641028652, 'validation_fraction': 0.11876718517752848}]
/home/ryedida/.local/lib/python3.8/site-packages/sklearn/neural_network/_multilayer_perceptron.py:702: ConvergenceWarning: Stochastic Optimizer: Maximum iterations (200) reached and the optimization hasn't converged yet.
  warnings.warn(

function_evaluation time 3.954241 value 138.966948 suggestion {'alpha': 0.7579564904613545, 'batch_size': 237, 'beta_1': 0.5988458407733136, 'beta_2': 0.9997575819527307, 'epsilon': 2.362415716366344e-09, 'hidden_layer_sizes': 85, 'learning_rate_init': 0.000923601557029798, 'tol': 0.0009363308641028652, 'validation_fraction': 0.11876718517752848}
observation time 0.000006, current best 50.686734 at iter 27
suggestion time taken 16.716727 iter 28 next_points [{'alpha': 0.0027496555376170764, 'batch_size': 234, 'beta_1': 0.7144795032309684, 'beta_2': 0.9998827880698814, 'epsilon': 2.3163871826303186e-08, 'hidden_layer_sizes': 142, 'learning_rate_init': 0.045156636775644216, 'tol': 0.0006056914627586361, 'validation_fraction': 0.7433838493013724}]
/home/ryedida/.local/lib/python3.8/site-packages/sklearn/neural_network/_multilayer_perceptron.py:621: UserWarning: Got `batch_size` less than 1 or larger than sample size. It is going to be clipped
  warnings.warn(

function_evaluation time 1.415878 value 46.146154 suggestion {'alpha': 0.0027496555376170764, 'batch_size': 234, 'beta_1': 0.7144795032309684, 'beta_2': 0.9998827880698814, 'epsilon': 2.3163871826303186e-08, 'hidden_layer_sizes': 142, 'learning_rate_init': 0.045156636775644216, 'tol': 0.0006056914627586361, 'validation_fraction': 0.7433838493013724}
observation time 0.000005, current best 46.146154 at iter 28
suggestion time taken 17.430551 iter 29 next_points [{'alpha': 0.8811174274347047, 'batch_size': 247, 'beta_1': 0.8699017298855152, 'beta_2': 0.9999947962114976, 'epsilon': 5.390219485883188e-08, 'hidden_layer_sizes': 121, 'learning_rate_init': 0.000114644887437705, 'tol': 0.01236324466899783, 'validation_fraction': 0.19753898734836933}]
function_evaluation time 0.237222 value 151.550703 suggestion {'alpha': 0.8811174274347047, 'batch_size': 247, 'beta_1': 0.8699017298855152, 'beta_2': 0.9999947962114976, 'epsilon': 5.390219485883188e-08, 'hidden_layer_sizes': 121, 'learning_rate_init': 0.000114644887437705, 'tol': 0.01236324466899783, 'validation_fraction': 0.19753898734836933}
observation time 0.000005, current best 46.146154 at iter 29
suggestion time taken 16.607374 iter 30 next_points [{'alpha': 0.30169236883385625, 'batch_size': 244, 'beta_1': 0.9594915960878427, 'beta_2': 0.9998910628475561, 'epsilon': 2.638776849878512e-08, 'hidden_layer_sizes': 182, 'learning_rate_init': 1.7695034543416402e-05, 'tol': 0.0002874266485708519, 'validation_fraction': 0.7004005787082058}]
/home/ryedida/.local/lib/python3.8/site-packages/sklearn/neural_network/_multilayer_perceptron.py:621: UserWarning: Got `batch_size` less than 1 or larger than sample size. It is going to be clipped
  warnings.warn(

function_evaluation time 0.203233 value 151.608077 suggestion {'alpha': 0.30169236883385625, 'batch_size': 244, 'beta_1': 0.9594915960878427, 'beta_2': 0.9998910628475561, 'epsilon': 2.638776849878512e-08, 'hidden_layer_sizes': 182, 'learning_rate_init': 1.7695034543416402e-05, 'tol': 0.0002874266485708519, 'validation_fraction': 0.7004005787082058}
observation time 0.000005, current best 46.146154 at iter 30
suggestion time taken 17.597011 iter 31 next_points [{'alpha': 0.00023402802714139276, 'batch_size': 250, 'beta_1': 0.903170693949254, 'beta_2': 0.9995665075995365, 'epsilon': 2.2609400051021823e-08, 'hidden_layer_sizes': 88, 'learning_rate_init': 0.0012142796571042187, 'tol': 0.00022676872982980807, 'validation_fraction': 0.842170132967322}]
/home/ryedida/.local/lib/python3.8/site-packages/sklearn/neural_network/_multilayer_perceptron.py:621: UserWarning: Got `batch_size` less than 1 or larger than sample size. It is going to be clipped
  warnings.warn(

/home/ryedida/.local/lib/python3.8/site-packages/sklearn/neural_network/_multilayer_perceptron.py:702: ConvergenceWarning: Stochastic Optimizer: Maximum iterations (200) reached and the optimization hasn't converged yet.
  warnings.warn(

function_evaluation time 2.404170 value 145.929616 suggestion {'alpha': 0.00023402802714139276, 'batch_size': 250, 'beta_1': 0.903170693949254, 'beta_2': 0.9995665075995365, 'epsilon': 2.2609400051021823e-08, 'hidden_layer_sizes': 88, 'learning_rate_init': 0.0012142796571042187, 'tol': 0.00022676872982980807, 'validation_fraction': 0.842170132967322}
observation time 0.000005, current best 46.146154 at iter 31
suggestion time taken 16.769133 iter 32 next_points [{'alpha': 1.1277069717620676e-05, 'batch_size': 242, 'beta_1': 0.9760286222238933, 'beta_2': 0.9999981952974193, 'epsilon': 4.3467424642212503e-08, 'hidden_layer_sizes': 147, 'learning_rate_init': 0.07539223801302578, 'tol': 0.05170163685756119, 'validation_fraction': 0.3619309387521416}]
/home/ryedida/.local/lib/python3.8/site-packages/sklearn/neural_network/_multilayer_perceptron.py:621: UserWarning: Got `batch_size` less than 1 or larger than sample size. It is going to be clipped
  warnings.warn(

function_evaluation time 0.590128 value 56.402666 suggestion {'alpha': 1.1277069717620676e-05, 'batch_size': 242, 'beta_1': 0.9760286222238933, 'beta_2': 0.9999981952974193, 'epsilon': 4.3467424642212503e-08, 'hidden_layer_sizes': 147, 'learning_rate_init': 0.07539223801302578, 'tol': 0.05170163685756119, 'validation_fraction': 0.3619309387521416}
observation time 0.000005, current best 46.146154 at iter 32
suggestion time taken 17.243490 iter 33 next_points [{'alpha': 0.009490177251529402, 'batch_size': 250, 'beta_1': 0.9102130085033824, 'beta_2': 0.9935030282897358, 'epsilon': 4.845631076930192e-08, 'hidden_layer_sizes': 167, 'learning_rate_init': 0.01639689674009096, 'tol': 7.235798048200915e-05, 'validation_fraction': 0.7644011912738806}]
/home/ryedida/.local/lib/python3.8/site-packages/sklearn/neural_network/_multilayer_perceptron.py:621: UserWarning: Got `batch_size` less than 1 or larger than sample size. It is going to be clipped
  warnings.warn(

function_evaluation time 2.454698 value 49.057001 suggestion {'alpha': 0.009490177251529402, 'batch_size': 250, 'beta_1': 0.9102130085033824, 'beta_2': 0.9935030282897358, 'epsilon': 4.845631076930192e-08, 'hidden_layer_sizes': 167, 'learning_rate_init': 0.01639689674009096, 'tol': 7.235798048200915e-05, 'validation_fraction': 0.7644011912738806}
observation time 0.000006, current best 46.146154 at iter 33
suggestion time taken 16.932340 iter 34 next_points [{'alpha': 0.20261592559276914, 'batch_size': 221, 'beta_1': 0.98947201332361, 'beta_2': 0.9999976963548701, 'epsilon': 3.0623510243702957e-09, 'hidden_layer_sizes': 179, 'learning_rate_init': 0.0001259548026663505, 'tol': 0.0002878396507703401, 'validation_fraction': 0.5532957670986401}]
/home/ryedida/.local/lib/python3.8/site-packages/sklearn/neural_network/_multilayer_perceptron.py:621: UserWarning: Got `batch_size` less than 1 or larger than sample size. It is going to be clipped
  warnings.warn(

function_evaluation time 0.239830 value 151.486478 suggestion {'alpha': 0.20261592559276914, 'batch_size': 221, 'beta_1': 0.98947201332361, 'beta_2': 0.9999976963548701, 'epsilon': 3.0623510243702957e-09, 'hidden_layer_sizes': 179, 'learning_rate_init': 0.0001259548026663505, 'tol': 0.0002878396507703401, 'validation_fraction': 0.5532957670986401}
observation time 0.000005, current best 46.146154 at iter 34
suggestion time taken 16.437951 iter 35 next_points [{'alpha': 0.013555211106869677, 'batch_size': 242, 'beta_1': 0.884747205073174, 'beta_2': 0.999902353619079, 'epsilon': 2.0643435876342045e-07, 'hidden_layer_sizes': 196, 'learning_rate_init': 0.01062243689794131, 'tol': 0.08856390013130537, 'validation_fraction': 0.7534188866515427}]
/home/ryedida/.local/lib/python3.8/site-packages/sklearn/neural_network/_multilayer_perceptron.py:621: UserWarning: Got `batch_size` less than 1 or larger than sample size. It is going to be clipped
  warnings.warn(

function_evaluation time 0.206064 value 148.834339 suggestion {'alpha': 0.013555211106869677, 'batch_size': 242, 'beta_1': 0.884747205073174, 'beta_2': 0.999902353619079, 'epsilon': 2.0643435876342045e-07, 'hidden_layer_sizes': 196, 'learning_rate_init': 0.01062243689794131, 'tol': 0.08856390013130537, 'validation_fraction': 0.7534188866515427}
observation time 0.000004, current best 46.146154 at iter 35
suggestion time taken 17.694150 iter 36 next_points [{'alpha': 0.07035666570914167, 'batch_size': 248, 'beta_1': 0.9678632414349077, 'beta_2': 0.9992241308769383, 'epsilon': 1.549914608485608e-07, 'hidden_layer_sizes': 167, 'learning_rate_init': 0.022762869582454544, 'tol': 6.370345458100998e-05, 'validation_fraction': 0.10901722883126237}]
function_evaluation time 1.123222 value 60.256205 suggestion {'alpha': 0.07035666570914167, 'batch_size': 248, 'beta_1': 0.9678632414349077, 'beta_2': 0.9992241308769383, 'epsilon': 1.549914608485608e-07, 'hidden_layer_sizes': 167, 'learning_rate_init': 0.022762869582454544, 'tol': 6.370345458100998e-05, 'validation_fraction': 0.10901722883126237}
observation time 0.000005, current best 46.146154 at iter 36
suggestion time taken 16.319075 iter 37 next_points [{'alpha': 0.00038500813561614873, 'batch_size': 234, 'beta_1': 0.7096554320906205, 'beta_2': 0.9987786728951952, 'epsilon': 4.231169146462257e-09, 'hidden_layer_sizes': 188, 'learning_rate_init': 0.01574231844474966, 'tol': 0.0026864754734847417, 'validation_fraction': 0.24573818949733314}]
function_evaluation time 1.845994 value 50.536324 suggestion {'alpha': 0.00038500813561614873, 'batch_size': 234, 'beta_1': 0.7096554320906205, 'beta_2': 0.9987786728951952, 'epsilon': 4.231169146462257e-09, 'hidden_layer_sizes': 188, 'learning_rate_init': 0.01574231844474966, 'tol': 0.0026864754734847417, 'validation_fraction': 0.24573818949733314}
observation time 0.000005, current best 46.146154 at iter 37
suggestion time taken 17.535824 iter 38 next_points [{'alpha': 4.0001960114386845, 'batch_size': 237, 'beta_1': 0.8439962797892536, 'beta_2': 0.9338845234766046, 'epsilon': 5.204018104641897e-09, 'hidden_layer_sizes': 142, 'learning_rate_init': 0.0003298505825209669, 'tol': 0.026998940122611996, 'validation_fraction': 0.6600229436189353}]
/home/ryedida/.local/lib/python3.8/site-packages/sklearn/neural_network/_multilayer_perceptron.py:621: UserWarning: Got `batch_size` less than 1 or larger than sample size. It is going to be clipped
  warnings.warn(

function_evaluation time 0.211884 value 151.598822 suggestion {'alpha': 4.0001960114386845, 'batch_size': 237, 'beta_1': 0.8439962797892536, 'beta_2': 0.9338845234766046, 'epsilon': 5.204018104641897e-09, 'hidden_layer_sizes': 142, 'learning_rate_init': 0.0003298505825209669, 'tol': 0.026998940122611996, 'validation_fraction': 0.6600229436189353}
observation time 0.000005, current best 46.146154 at iter 38
suggestion time taken 16.994757 iter 39 next_points [{'alpha': 3.3118718576762956e-05, 'batch_size': 234, 'beta_1': 0.5556563935760234, 'beta_2': 0.9999902190303253, 'epsilon': 1.394072524921433e-08, 'hidden_layer_sizes': 117, 'learning_rate_init': 0.030304141517199477, 'tol': 2.5648228527883814e-05, 'validation_fraction': 0.4377445407628376}]
/home/ryedida/.local/lib/python3.8/site-packages/sklearn/neural_network/_multilayer_perceptron.py:621: UserWarning: Got `batch_size` less than 1 or larger than sample size. It is going to be clipped
  warnings.warn(

function_evaluation time 2.959930 value 44.326326 suggestion {'alpha': 3.3118718576762956e-05, 'batch_size': 234, 'beta_1': 0.5556563935760234, 'beta_2': 0.9999902190303253, 'epsilon': 1.394072524921433e-08, 'hidden_layer_sizes': 117, 'learning_rate_init': 0.030304141517199477, 'tol': 2.5648228527883814e-05, 'validation_fraction': 0.4377445407628376}
observation time 0.000005, current best 44.326326 at iter 39
suggestion time taken 16.508186 iter 40 next_points [{'alpha': 1.1537235518277604, 'batch_size': 241, 'beta_1': 0.7658440522143068, 'beta_2': 0.9821111083907961, 'epsilon': 2.017444217074072e-09, 'hidden_layer_sizes': 129, 'learning_rate_init': 0.0030590105837160373, 'tol': 0.040152703000192615, 'validation_fraction': 0.1384842279410025}]
function_evaluation time 0.278822 value 150.371597 suggestion {'alpha': 1.1537235518277604, 'batch_size': 241, 'beta_1': 0.7658440522143068, 'beta_2': 0.9821111083907961, 'epsilon': 2.017444217074072e-09, 'hidden_layer_sizes': 129, 'learning_rate_init': 0.0030590105837160373, 'tol': 0.040152703000192615, 'validation_fraction': 0.1384842279410025}
observation time 0.000006, current best 44.326326 at iter 40
suggestion time taken 17.587940 iter 41 next_points [{'alpha': 0.01958290203772895, 'batch_size': 231, 'beta_1': 0.9612236739893606, 'beta_2': 0.9999860403028613, 'epsilon': 4.857094755321896e-09, 'hidden_layer_sizes': 57, 'learning_rate_init': 1.4362966133931262e-05, 'tol': 0.0016240456490816853, 'validation_fraction': 0.7373676597152623}]
/home/ryedida/.local/lib/python3.8/site-packages/sklearn/neural_network/_multilayer_perceptron.py:621: UserWarning: Got `batch_size` less than 1 or larger than sample size. It is going to be clipped
  warnings.warn(

function_evaluation time 0.154056 value 151.555013 suggestion {'alpha': 0.01958290203772895, 'batch_size': 231, 'beta_1': 0.9612236739893606, 'beta_2': 0.9999860403028613, 'epsilon': 4.857094755321896e-09, 'hidden_layer_sizes': 57, 'learning_rate_init': 1.4362966133931262e-05, 'tol': 0.0016240456490816853, 'validation_fraction': 0.7373676597152623}
observation time 0.000005, current best 44.326326 at iter 41
suggestion time taken 16.438066 iter 42 next_points [{'alpha': 2.1530807869136797, 'batch_size': 234, 'beta_1': 0.8117279870933681, 'beta_2': 0.9989795524241492, 'epsilon': 2.0266785722412408e-07, 'hidden_layer_sizes': 129, 'learning_rate_init': 1.0369624068191946e-05, 'tol': 0.0005799184203907295, 'validation_fraction': 0.7357643956768831}]
/home/ryedida/.local/lib/python3.8/site-packages/sklearn/neural_network/_multilayer_perceptron.py:621: UserWarning: Got `batch_size` less than 1 or larger than sample size. It is going to be clipped
  warnings.warn(

function_evaluation time 0.181071 value 151.505045 suggestion {'alpha': 2.1530807869136797, 'batch_size': 234, 'beta_1': 0.8117279870933681, 'beta_2': 0.9989795524241492, 'epsilon': 2.0266785722412408e-07, 'hidden_layer_sizes': 129, 'learning_rate_init': 1.0369624068191946e-05, 'tol': 0.0005799184203907295, 'validation_fraction': 0.7357643956768831}
observation time 0.000005, current best 44.326326 at iter 42
suggestion time taken 17.496803 iter 43 next_points [{'alpha': 0.13681624954399857, 'batch_size': 242, 'beta_1': 0.9787688071855528, 'beta_2': 0.9991038737550718, 'epsilon': 2.0147542287770016e-07, 'hidden_layer_sizes': 59, 'learning_rate_init': 0.000565718674745277, 'tol': 0.0004460069394043926, 'validation_fraction': 0.5565440953661146}]
/home/ryedida/.local/lib/python3.8/site-packages/sklearn/neural_network/_multilayer_perceptron.py:621: UserWarning: Got `batch_size` less than 1 or larger than sample size. It is going to be clipped
  warnings.warn(

function_evaluation time 0.162916 value 151.657818 suggestion {'alpha': 0.13681624954399857, 'batch_size': 242, 'beta_1': 0.9787688071855528, 'beta_2': 0.9991038737550718, 'epsilon': 2.0147542287770016e-07, 'hidden_layer_sizes': 59, 'learning_rate_init': 0.000565718674745277, 'tol': 0.0004460069394043926, 'validation_fraction': 0.5565440953661146}
observation time 0.000005, current best 44.326326 at iter 43
suggestion time taken 16.747036 iter 44 next_points [{'alpha': 0.03182490755648207, 'batch_size': 225, 'beta_1': 0.9720450956550633, 'beta_2': 0.9999989588661057, 'epsilon': 4.745337489527335e-09, 'hidden_layer_sizes': 168, 'learning_rate_init': 0.045348059688498275, 'tol': 0.0016017303810386668, 'validation_fraction': 0.4347385426050531}]
/home/ryedida/.local/lib/python3.8/site-packages/sklearn/neural_network/_multilayer_perceptron.py:621: UserWarning: Got `batch_size` less than 1 or larger than sample size. It is going to be clipped
  warnings.warn(

function_evaluation time 0.781865 value 54.099631 suggestion {'alpha': 0.03182490755648207, 'batch_size': 225, 'beta_1': 0.9720450956550633, 'beta_2': 0.9999989588661057, 'epsilon': 4.745337489527335e-09, 'hidden_layer_sizes': 168, 'learning_rate_init': 0.045348059688498275, 'tol': 0.0016017303810386668, 'validation_fraction': 0.4347385426050531}
observation time 0.000006, current best 44.326326 at iter 44
saving meta data: {'args': {'--uuid': '6a7f1ffbff3155d4a4f94c3e4155e64c', '-db-root': '/home/ryedida/bbo_challenge_starter_kit/output', '--opt-root': '/home/ryedida/bbo_challenge_starter_kit/example_submissions', '--data-root': None, '--db': 'run_20231015_191245', '--opt': 'strongcvx', '--data': 'diabetes', '--classifier': 'MLP-adam', '--metric': 'mae', '--calls': 45, '--suggestions': 1, '--jobs-file': None, '--verbose': False, 'dry_run': False, 'rev': 'a376313', 'opt_rev': 'x.x.x'}, 'signature': ([{'alpha': 0.019628224813442792, 'batch_size': 182, 'beta_1': 0.9410202200271762, 'beta_2': 0.9998021557676793, 'epsilon': 1.8662266976518e-08, 'hidden_layer_sizes': 147, 'learning_rate_init': 0.0005627932047415167, 'tol': 0.03690557729213761, 'validation_fraction': 0.8846827852548593}, {'alpha': 0.001998246739232944, 'batch_size': 200, 'beta_1': 0.919111482530466, 'beta_2': 0.9998488260436156, 'epsilon': 5.981221901152555e-07, 'hidden_layer_sizes': 61, 'learning_rate_init': 2.2310905607443014e-05, 'tol': 1.2046852412030316e-05, 'validation_fraction': 0.8117896445826539}, {'alpha': 0.46659545670218433, 'batch_size': 219, 'beta_1': 0.9889789783750891, 'beta_2': 0.9999896868093284, 'epsilon': 2.4234724484675948e-08, 'hidden_layer_sizes': 167, 'learning_rate_init': 2.972334644335654e-05, 'tol': 0.0036281404040243792, 'validation_fraction': 0.17260651658522078}, {'alpha': 4.656005689076002, 'batch_size': 135, 'beta_1': 0.870503881627747, 'beta_2': 0.9948873266941017, 'epsilon': 2.1023308743480125e-07, 'hidden_layer_sizes': 118, 'learning_rate_init': 0.001878173875716191, 'tol': 1.1889379831773006e-05, 'validation_fraction': 0.6264327093752792}, {'alpha': 0.04705159350400542, 'batch_size': 158, 'beta_1': 0.9870884262730957, 'beta_2': 0.9999596874382349, 'epsilon': 1.1981845126013875e-08, 'hidden_layer_sizes': 116, 'learning_rate_init': 0.006173405204074311, 'tol': 1.7414134181586194e-05, 'validation_fraction': 0.6754299026638921}], [151.4971925380264, 151.42763539278994, 151.47026299046811, 136.86202504264318, 75.2055865763391])}
saving results
saving timing
saving suggest log
done
