running: {'--uuid': '70266a69633d5891956dfd399af2fa4f', '-db-root': '/home/ryedida/bbo_challenge_starter_kit/output', '--opt-root': '/home/ryedida/bbo_challenge_starter_kit/example_submissions', '--data-root': None, '--db': 'run_20231015_191245', '--opt': 'random', '--data': 'diabetes', '--classifier': 'MLP-adam', '--metric': 'mae', '--calls': 45, '--suggestions': 1, '--jobs-file': None, '--verbose': False, 'dry_run': False, 'rev': 'a376313', 'opt_rev': '0.0.8'}
cmd: python /home/ryedida/.local/bin/bayesmark-exp -c MLP-adam -d diabetes -o random -u 70266a69633d5891956dfd399af2fa4f -m mae -n 45 -p 1 -dir /home/ryedida/bbo_challenge_starter_kit/output -b run_20231015_191245
/home/ryedida/.local/lib/python3.8/site-packages/sklearn/neural_network/_multilayer_perceptron.py:621: UserWarning: Got `batch_size` less than 1 or larger than sample size. It is going to be clipped
  warnings.warn(

/home/ryedida/.local/lib/python3.8/site-packages/sklearn/neural_network/_multilayer_perceptron.py:621: UserWarning: Got `batch_size` less than 1 or larger than sample size. It is going to be clipped
  warnings.warn(

/home/ryedida/.local/lib/python3.8/site-packages/sklearn/neural_network/_multilayer_perceptron.py:621: UserWarning: Got `batch_size` less than 1 or larger than sample size. It is going to be clipped
  warnings.warn(

/home/ryedida/.local/lib/python3.8/site-packages/sklearn/neural_network/_multilayer_perceptron.py:702: ConvergenceWarning: Stochastic Optimizer: Maximum iterations (200) reached and the optimization hasn't converged yet.
  warnings.warn(

/home/ryedida/.local/lib/python3.8/site-packages/sklearn/neural_network/_multilayer_perceptron.py:621: UserWarning: Got `batch_size` less than 1 or larger than sample size. It is going to be clipped
  warnings.warn(

/home/ryedida/.local/lib/python3.8/site-packages/sklearn/neural_network/_multilayer_perceptron.py:702: ConvergenceWarning: Stochastic Optimizer: Maximum iterations (200) reached and the optimization hasn't converged yet.
  warnings.warn(

computed signature: ([{'alpha': 0.019628224813442792, 'batch_size': 182, 'beta_1': 0.9410202200271762, 'beta_2': 0.9998021557676793, 'epsilon': 1.8662266976518e-08, 'hidden_layer_sizes': 147, 'learning_rate_init': 0.0005627932047415167, 'tol': 0.03690557729213761, 'validation_fraction': 0.8846827852548593}, {'alpha': 0.001998246739232944, 'batch_size': 200, 'beta_1': 0.919111482530466, 'beta_2': 0.9998488260436156, 'epsilon': 5.981221901152555e-07, 'hidden_layer_sizes': 61, 'learning_rate_init': 2.2310905607443014e-05, 'tol': 1.2046852412030316e-05, 'validation_fraction': 0.8117896445826539}, {'alpha': 0.46659545670218433, 'batch_size': 219, 'beta_1': 0.9889789783750891, 'beta_2': 0.9999896868093284, 'epsilon': 2.4234724484675948e-08, 'hidden_layer_sizes': 167, 'learning_rate_init': 2.972334644335654e-05, 'tol': 0.0036281404040243792, 'validation_fraction': 0.17260651658522078}, {'alpha': 4.656005689076002, 'batch_size': 135, 'beta_1': 0.870503881627747, 'beta_2': 0.9948873266941017, 'epsilon': 2.1023308743480125e-07, 'hidden_layer_sizes': 118, 'learning_rate_init': 0.001878173875716191, 'tol': 1.1889379831773006e-05, 'validation_fraction': 0.6264327093752792}, {'alpha': 0.04705159350400542, 'batch_size': 158, 'beta_1': 0.9870884262730957, 'beta_2': 0.9999596874382349, 'epsilon': 1.1981845126013875e-08, 'hidden_layer_sizes': 116, 'learning_rate_init': 0.006173405204074311, 'tol': 1.7414134181586194e-05, 'validation_fraction': 0.6754299026638921}], [151.4971925380264, 151.42763539278994, 151.47026299046811, 136.86202504264318, 75.2055865763391])
/home/ryedida/.local/lib/python3.8/site-packages/bayesmark/experiment.py:470: UserWarning: Baselines not found. Will not log intermediate scores.
  warnings.warn("Baselines not found. Will not log intermediate scores.")

starting sklearn study random MLP-adam diabetes mae 45 1
with data root: None
suggestion time taken 0.010619 iter 0 next_points [{'alpha': 1.9291855551118857e-05, 'batch_size': 85, 'beta_1': 0.5002806415329927, 'beta_2': 0.9983963167636399, 'epsilon': 6.636058971427091e-09, 'hidden_layer_sizes': 135, 'learning_rate_init': 0.02097481478620301, 'tol': 0.00034664955372651536, 'validation_fraction': 0.14085347412870994}]
function_evaluation time 2.645009 value 43.648572 suggestion {'alpha': 1.9291855551118857e-05, 'batch_size': 85, 'beta_1': 0.5002806415329927, 'beta_2': 0.9983963167636399, 'epsilon': 6.636058971427091e-09, 'hidden_layer_sizes': 135, 'learning_rate_init': 0.02097481478620301, 'tol': 0.00034664955372651536, 'validation_fraction': 0.14085347412870994}
observation time 0.000004, current best 43.648572 at iter 0
suggestion time taken 0.010632 iter 1 next_points [{'alpha': 2.1441847245341132e-05, 'batch_size': 176, 'beta_1': 0.9541275311460171, 'beta_2': 0.9373606306628677, 'epsilon': 1.8741481833237336e-07, 'hidden_layer_sizes': 186, 'learning_rate_init': 0.0014007409043361948, 'tol': 0.00010401262154376861, 'validation_fraction': 0.16714425793651383}]
/home/ryedida/.local/lib/python3.8/site-packages/sklearn/neural_network/_multilayer_perceptron.py:702: ConvergenceWarning: Stochastic Optimizer: Maximum iterations (200) reached and the optimization hasn't converged yet.
  warnings.warn(

function_evaluation time 6.044443 value 124.253926 suggestion {'alpha': 2.1441847245341132e-05, 'batch_size': 176, 'beta_1': 0.9541275311460171, 'beta_2': 0.9373606306628677, 'epsilon': 1.8741481833237336e-07, 'hidden_layer_sizes': 186, 'learning_rate_init': 0.0014007409043361948, 'tol': 0.00010401262154376861, 'validation_fraction': 0.16714425793651383}
observation time 0.000002, current best 43.648572 at iter 1
suggestion time taken 0.006615 iter 2 next_points [{'alpha': 2.3595075667478116, 'batch_size': 250, 'beta_1': 0.966823639890281, 'beta_2': 0.999997810140165, 'epsilon': 2.230947635861811e-09, 'hidden_layer_sizes': 75, 'learning_rate_init': 0.003456520512784413, 'tol': 0.0005553043176174345, 'validation_fraction': 0.1277650179820141}]
/home/ryedida/.local/lib/python3.8/site-packages/sklearn/neural_network/_multilayer_perceptron.py:702: ConvergenceWarning: Stochastic Optimizer: Maximum iterations (200) reached and the optimization hasn't converged yet.
  warnings.warn(

function_evaluation time 2.806928 value 124.001295 suggestion {'alpha': 2.3595075667478116, 'batch_size': 250, 'beta_1': 0.966823639890281, 'beta_2': 0.999997810140165, 'epsilon': 2.230947635861811e-09, 'hidden_layer_sizes': 75, 'learning_rate_init': 0.003456520512784413, 'tol': 0.0005553043176174345, 'validation_fraction': 0.1277650179820141}
observation time 0.000004, current best 43.648572 at iter 2
suggestion time taken 0.020232 iter 3 next_points [{'alpha': 0.0444684514262091, 'batch_size': 146, 'beta_1': 0.6403911303334562, 'beta_2': 0.999997677780296, 'epsilon': 1.566858561470862e-07, 'hidden_layer_sizes': 178, 'learning_rate_init': 3.6575099569188426e-05, 'tol': 0.0011944934671537363, 'validation_fraction': 0.7153104479572725}]
/home/ryedida/.local/lib/python3.8/site-packages/sklearn/neural_network/_multilayer_perceptron.py:621: UserWarning: Got `batch_size` less than 1 or larger than sample size. It is going to be clipped
  warnings.warn(

function_evaluation time 0.322902 value 151.482399 suggestion {'alpha': 0.0444684514262091, 'batch_size': 146, 'beta_1': 0.6403911303334562, 'beta_2': 0.999997677780296, 'epsilon': 1.566858561470862e-07, 'hidden_layer_sizes': 178, 'learning_rate_init': 3.6575099569188426e-05, 'tol': 0.0011944934671537363, 'validation_fraction': 0.7153104479572725}
observation time 0.000003, current best 43.648572 at iter 3
suggestion time taken 0.019656 iter 4 next_points [{'alpha': 0.0038852838243136393, 'batch_size': 240, 'beta_1': 0.5813999696236565, 'beta_2': 0.9999988175615351, 'epsilon': 1.80602483929947e-08, 'hidden_layer_sizes': 80, 'learning_rate_init': 0.021375893866833088, 'tol': 0.00038743489254773974, 'validation_fraction': 0.8497445598922265}]
/home/ryedida/.local/lib/python3.8/site-packages/sklearn/neural_network/_multilayer_perceptron.py:621: UserWarning: Got `batch_size` less than 1 or larger than sample size. It is going to be clipped
  warnings.warn(

function_evaluation time 3.391327 value 49.128454 suggestion {'alpha': 0.0038852838243136393, 'batch_size': 240, 'beta_1': 0.5813999696236565, 'beta_2': 0.9999988175615351, 'epsilon': 1.80602483929947e-08, 'hidden_layer_sizes': 80, 'learning_rate_init': 0.021375893866833088, 'tol': 0.00038743489254773974, 'validation_fraction': 0.8497445598922265}
observation time 0.000005, current best 43.648572 at iter 4
suggestion time taken 0.010703 iter 5 next_points [{'alpha': 2.117492366117187, 'batch_size': 119, 'beta_1': 0.9527028260745989, 'beta_2': 0.9988318534294254, 'epsilon': 1.8760174231764948e-07, 'hidden_layer_sizes': 170, 'learning_rate_init': 0.0059161164897228715, 'tol': 0.06238092609592814, 'validation_fraction': 0.4239690958057164}]
function_evaluation time 0.446234 value 148.707222 suggestion {'alpha': 2.117492366117187, 'batch_size': 119, 'beta_1': 0.9527028260745989, 'beta_2': 0.9988318534294254, 'epsilon': 1.8760174231764948e-07, 'hidden_layer_sizes': 170, 'learning_rate_init': 0.0059161164897228715, 'tol': 0.06238092609592814, 'validation_fraction': 0.4239690958057164}
observation time 0.000003, current best 43.648572 at iter 5
suggestion time taken 0.019407 iter 6 next_points [{'alpha': 1.051409298249773, 'batch_size': 110, 'beta_1': 0.6066066494613146, 'beta_2': 0.9999049881178986, 'epsilon': 5.124150610814124e-07, 'hidden_layer_sizes': 138, 'learning_rate_init': 0.000233149285623057, 'tol': 3.298789415357213e-05, 'validation_fraction': 0.6567565920676482}]
/home/ryedida/.local/lib/python3.8/site-packages/sklearn/neural_network/_multilayer_perceptron.py:702: ConvergenceWarning: Stochastic Optimizer: Maximum iterations (200) reached and the optimization hasn't converged yet.
  warnings.warn(

function_evaluation time 4.847493 value 150.667881 suggestion {'alpha': 1.051409298249773, 'batch_size': 110, 'beta_1': 0.6066066494613146, 'beta_2': 0.9999049881178986, 'epsilon': 5.124150610814124e-07, 'hidden_layer_sizes': 138, 'learning_rate_init': 0.000233149285623057, 'tol': 3.298789415357213e-05, 'validation_fraction': 0.6567565920676482}
observation time 0.000003, current best 43.648572 at iter 6
suggestion time taken 0.020769 iter 7 next_points [{'alpha': 0.000120064528560596, 'batch_size': 154, 'beta_1': 0.8781267193461559, 'beta_2': 0.9996709590295871, 'epsilon': 3.289881684493585e-09, 'hidden_layer_sizes': 71, 'learning_rate_init': 1.2282587775084672e-05, 'tol': 0.003162383706978517, 'validation_fraction': 0.58473196878381}]
/home/ryedida/.local/lib/python3.8/site-packages/sklearn/neural_network/_multilayer_perceptron.py:621: UserWarning: Got `batch_size` less than 1 or larger than sample size. It is going to be clipped
  warnings.warn(

function_evaluation time 0.306802 value 151.408270 suggestion {'alpha': 0.000120064528560596, 'batch_size': 154, 'beta_1': 0.8781267193461559, 'beta_2': 0.9996709590295871, 'epsilon': 3.289881684493585e-09, 'hidden_layer_sizes': 71, 'learning_rate_init': 1.2282587775084672e-05, 'tol': 0.003162383706978517, 'validation_fraction': 0.58473196878381}
observation time 0.000003, current best 43.648572 at iter 7
suggestion time taken 0.010169 iter 8 next_points [{'alpha': 6.656721949523247, 'batch_size': 202, 'beta_1': 0.6944508204736775, 'beta_2': 0.9998421352921503, 'epsilon': 4.445561720628664e-09, 'hidden_layer_sizes': 160, 'learning_rate_init': 0.014644579837246255, 'tol': 0.020050786114555096, 'validation_fraction': 0.7603258343924485}]
/home/ryedida/.local/lib/python3.8/site-packages/sklearn/neural_network/_multilayer_perceptron.py:621: UserWarning: Got `batch_size` less than 1 or larger than sample size. It is going to be clipped
  warnings.warn(

function_evaluation time 1.869799 value 54.156037 suggestion {'alpha': 6.656721949523247, 'batch_size': 202, 'beta_1': 0.6944508204736775, 'beta_2': 0.9998421352921503, 'epsilon': 4.445561720628664e-09, 'hidden_layer_sizes': 160, 'learning_rate_init': 0.014644579837246255, 'tol': 0.020050786114555096, 'validation_fraction': 0.7603258343924485}
observation time 0.000003, current best 43.648572 at iter 8
suggestion time taken 0.010872 iter 9 next_points [{'alpha': 4.533728087663888, 'batch_size': 106, 'beta_1': 0.672464563155147, 'beta_2': 0.9996939799596504, 'epsilon': 1.1806240432115647e-07, 'hidden_layer_sizes': 53, 'learning_rate_init': 0.02763179877090107, 'tol': 0.0017511868561733196, 'validation_fraction': 0.8938595608489092}]
/home/ryedida/.local/lib/python3.8/site-packages/sklearn/neural_network/_multilayer_perceptron.py:621: UserWarning: Got `batch_size` less than 1 or larger than sample size. It is going to be clipped
  warnings.warn(

function_evaluation time 1.173967 value 50.403617 suggestion {'alpha': 4.533728087663888, 'batch_size': 106, 'beta_1': 0.672464563155147, 'beta_2': 0.9996939799596504, 'epsilon': 1.1806240432115647e-07, 'hidden_layer_sizes': 53, 'learning_rate_init': 0.02763179877090107, 'tol': 0.0017511868561733196, 'validation_fraction': 0.8938595608489092}
observation time 0.000003, current best 43.648572 at iter 9
suggestion time taken 0.010624 iter 10 next_points [{'alpha': 0.02330061788824177, 'batch_size': 153, 'beta_1': 0.9093235121216519, 'beta_2': 0.9999955412860387, 'epsilon': 1.3041990479408242e-09, 'hidden_layer_sizes': 79, 'learning_rate_init': 0.0002464876678335605, 'tol': 0.056837384293291195, 'validation_fraction': 0.6824220892415614}]
/home/ryedida/.local/lib/python3.8/site-packages/sklearn/neural_network/_multilayer_perceptron.py:621: UserWarning: Got `batch_size` less than 1 or larger than sample size. It is going to be clipped
  warnings.warn(

function_evaluation time 0.161994 value 151.533087 suggestion {'alpha': 0.02330061788824177, 'batch_size': 153, 'beta_1': 0.9093235121216519, 'beta_2': 0.9999955412860387, 'epsilon': 1.3041990479408242e-09, 'hidden_layer_sizes': 79, 'learning_rate_init': 0.0002464876678335605, 'tol': 0.056837384293291195, 'validation_fraction': 0.6824220892415614}
observation time 0.000003, current best 43.648572 at iter 10
suggestion time taken 0.010668 iter 11 next_points [{'alpha': 2.8772337221273233e-05, 'batch_size': 216, 'beta_1': 0.9885416006450232, 'beta_2': 0.9882859811185231, 'epsilon': 1.570780569428677e-08, 'hidden_layer_sizes': 142, 'learning_rate_init': 5.2479097039865574e-05, 'tol': 0.0024274508299610515, 'validation_fraction': 0.5047000777140305}]
/home/ryedida/.local/lib/python3.8/site-packages/sklearn/neural_network/_multilayer_perceptron.py:621: UserWarning: Got `batch_size` less than 1 or larger than sample size. It is going to be clipped
  warnings.warn(

function_evaluation time 0.205247 value 151.634252 suggestion {'alpha': 2.8772337221273233e-05, 'batch_size': 216, 'beta_1': 0.9885416006450232, 'beta_2': 0.9882859811185231, 'epsilon': 1.570780569428677e-08, 'hidden_layer_sizes': 142, 'learning_rate_init': 5.2479097039865574e-05, 'tol': 0.0024274508299610515, 'validation_fraction': 0.5047000777140305}
observation time 0.000004, current best 43.648572 at iter 11
suggestion time taken 0.010458 iter 12 next_points [{'alpha': 6.234521153770712, 'batch_size': 57, 'beta_1': 0.7993387644318292, 'beta_2': 0.9866339212823021, 'epsilon': 3.280320105439796e-09, 'hidden_layer_sizes': 79, 'learning_rate_init': 0.00033688267298188137, 'tol': 0.00037821601545189395, 'validation_fraction': 0.41845150011237403}]
/home/ryedida/.local/lib/python3.8/site-packages/sklearn/neural_network/_multilayer_perceptron.py:702: ConvergenceWarning: Stochastic Optimizer: Maximum iterations (200) reached and the optimization hasn't converged yet.
  warnings.warn(

function_evaluation time 4.230746 value 148.418704 suggestion {'alpha': 6.234521153770712, 'batch_size': 57, 'beta_1': 0.7993387644318292, 'beta_2': 0.9866339212823021, 'epsilon': 3.280320105439796e-09, 'hidden_layer_sizes': 79, 'learning_rate_init': 0.00033688267298188137, 'tol': 0.00037821601545189395, 'validation_fraction': 0.41845150011237403}
observation time 0.000003, current best 43.648572 at iter 12
suggestion time taken 0.010396 iter 13 next_points [{'alpha': 1.4606363629333785, 'batch_size': 42, 'beta_1': 0.9666238113841115, 'beta_2': 0.9993058806482064, 'epsilon': 5.536030727935518e-08, 'hidden_layer_sizes': 168, 'learning_rate_init': 0.00013449688302664622, 'tol': 0.002058954989278021, 'validation_fraction': 0.16106104705153032}]
function_evaluation time 0.488891 value 151.368494 suggestion {'alpha': 1.4606363629333785, 'batch_size': 42, 'beta_1': 0.9666238113841115, 'beta_2': 0.9993058806482064, 'epsilon': 5.536030727935518e-08, 'hidden_layer_sizes': 168, 'learning_rate_init': 0.00013449688302664622, 'tol': 0.002058954989278021, 'validation_fraction': 0.16106104705153032}
observation time 0.000003, current best 43.648572 at iter 13
suggestion time taken 0.011113 iter 14 next_points [{'alpha': 1.0835892489712493, 'batch_size': 211, 'beta_1': 0.989761322780735, 'beta_2': 0.9866115993146052, 'epsilon': 2.1155688678042561e-07, 'hidden_layer_sizes': 154, 'learning_rate_init': 1.8879778627681045e-05, 'tol': 4.942062256821996e-05, 'validation_fraction': 0.26883909874803863}]
function_evaluation time 0.232618 value 151.580089 suggestion {'alpha': 1.0835892489712493, 'batch_size': 211, 'beta_1': 0.989761322780735, 'beta_2': 0.9866115993146052, 'epsilon': 2.1155688678042561e-07, 'hidden_layer_sizes': 154, 'learning_rate_init': 1.8879778627681045e-05, 'tol': 4.942062256821996e-05, 'validation_fraction': 0.26883909874803863}
observation time 0.000003, current best 43.648572 at iter 14
suggestion time taken 0.010561 iter 15 next_points [{'alpha': 4.582675777256805e-05, 'batch_size': 244, 'beta_1': 0.9812471739878132, 'beta_2': 0.9848275174485636, 'epsilon': 4.1610313508120186e-08, 'hidden_layer_sizes': 51, 'learning_rate_init': 0.00020266595128029668, 'tol': 5.611053241680046e-05, 'validation_fraction': 0.3140881870260427}]
/home/ryedida/.local/lib/python3.8/site-packages/sklearn/neural_network/_multilayer_perceptron.py:621: UserWarning: Got `batch_size` less than 1 or larger than sample size. It is going to be clipped
  warnings.warn(

/home/ryedida/.local/lib/python3.8/site-packages/sklearn/neural_network/_multilayer_perceptron.py:702: ConvergenceWarning: Stochastic Optimizer: Maximum iterations (200) reached and the optimization hasn't converged yet.
  warnings.warn(

function_evaluation time 2.477724 value 151.152827 suggestion {'alpha': 4.582675777256805e-05, 'batch_size': 244, 'beta_1': 0.9812471739878132, 'beta_2': 0.9848275174485636, 'epsilon': 4.1610313508120186e-08, 'hidden_layer_sizes': 51, 'learning_rate_init': 0.00020266595128029668, 'tol': 5.611053241680046e-05, 'validation_fraction': 0.3140881870260427}
observation time 0.000004, current best 43.648572 at iter 15
suggestion time taken 0.010603 iter 16 next_points [{'alpha': 0.00849703799097835, 'batch_size': 106, 'beta_1': 0.8788087524692685, 'beta_2': 0.9999885015842149, 'epsilon': 2.6316471217201545e-08, 'hidden_layer_sizes': 147, 'learning_rate_init': 0.054579309751020974, 'tol': 8.63131318781037e-05, 'validation_fraction': 0.7599815640137433}]
/home/ryedida/.local/lib/python3.8/site-packages/sklearn/neural_network/_multilayer_perceptron.py:621: UserWarning: Got `batch_size` less than 1 or larger than sample size. It is going to be clipped
  warnings.warn(

function_evaluation time 1.140862 value 50.421074 suggestion {'alpha': 0.00849703799097835, 'batch_size': 106, 'beta_1': 0.8788087524692685, 'beta_2': 0.9999885015842149, 'epsilon': 2.6316471217201545e-08, 'hidden_layer_sizes': 147, 'learning_rate_init': 0.054579309751020974, 'tol': 8.63131318781037e-05, 'validation_fraction': 0.7599815640137433}
observation time 0.000003, current best 43.648572 at iter 16
suggestion time taken 0.010519 iter 17 next_points [{'alpha': 0.004972387832641619, 'batch_size': 12, 'beta_1': 0.8127912760526361, 'beta_2': 0.9718238790594714, 'epsilon': 3.3167329933804323e-09, 'hidden_layer_sizes': 109, 'learning_rate_init': 9.540553517613716e-05, 'tol': 0.036300412041103555, 'validation_fraction': 0.40862473262352667}]
function_evaluation time 0.788555 value 151.366559 suggestion {'alpha': 0.004972387832641619, 'batch_size': 12, 'beta_1': 0.8127912760526361, 'beta_2': 0.9718238790594714, 'epsilon': 3.3167329933804323e-09, 'hidden_layer_sizes': 109, 'learning_rate_init': 9.540553517613716e-05, 'tol': 0.036300412041103555, 'validation_fraction': 0.40862473262352667}
observation time 0.000003, current best 43.648572 at iter 17
suggestion time taken 0.010636 iter 18 next_points [{'alpha': 0.0525364795549313, 'batch_size': 100, 'beta_1': 0.9151794995277102, 'beta_2': 0.9994901090156758, 'epsilon': 1.1792635069235114e-08, 'hidden_layer_sizes': 159, 'learning_rate_init': 6.352755456094384e-05, 'tol': 0.003151676742454341, 'validation_fraction': 0.27811924195660254}]
function_evaluation time 0.324424 value 151.409488 suggestion {'alpha': 0.0525364795549313, 'batch_size': 100, 'beta_1': 0.9151794995277102, 'beta_2': 0.9994901090156758, 'epsilon': 1.1792635069235114e-08, 'hidden_layer_sizes': 159, 'learning_rate_init': 6.352755456094384e-05, 'tol': 0.003151676742454341, 'validation_fraction': 0.27811924195660254}
observation time 0.000003, current best 43.648572 at iter 18
suggestion time taken 0.010326 iter 19 next_points [{'alpha': 4.34452084810688e-05, 'batch_size': 88, 'beta_1': 0.5349797693636503, 'beta_2': 0.9991009143426933, 'epsilon': 1.0001634826549446e-08, 'hidden_layer_sizes': 124, 'learning_rate_init': 3.0107079384710832e-05, 'tol': 0.006784350767955862, 'validation_fraction': 0.31411621281280655}]
function_evaluation time 0.294236 value 151.618196 suggestion {'alpha': 4.34452084810688e-05, 'batch_size': 88, 'beta_1': 0.5349797693636503, 'beta_2': 0.9991009143426933, 'epsilon': 1.0001634826549446e-08, 'hidden_layer_sizes': 124, 'learning_rate_init': 3.0107079384710832e-05, 'tol': 0.006784350767955862, 'validation_fraction': 0.31411621281280655}
observation time 0.000004, current best 43.648572 at iter 19
suggestion time taken 0.010502 iter 20 next_points [{'alpha': 0.0006759348415101631, 'batch_size': 226, 'beta_1': 0.9892515191924371, 'beta_2': 0.9999814421674463, 'epsilon': 6.123048465469435e-08, 'hidden_layer_sizes': 160, 'learning_rate_init': 0.01125902554988618, 'tol': 8.410975006463172e-05, 'validation_fraction': 0.27432218579639883}]
function_evaluation time 2.391880 value 54.437122 suggestion {'alpha': 0.0006759348415101631, 'batch_size': 226, 'beta_1': 0.9892515191924371, 'beta_2': 0.9999814421674463, 'epsilon': 6.123048465469435e-08, 'hidden_layer_sizes': 160, 'learning_rate_init': 0.01125902554988618, 'tol': 8.410975006463172e-05, 'validation_fraction': 0.27432218579639883}
observation time 0.000003, current best 43.648572 at iter 20
suggestion time taken 0.010382 iter 21 next_points [{'alpha': 2.1345943044820358e-05, 'batch_size': 47, 'beta_1': 0.5822890858706935, 'beta_2': 0.9999969124380006, 'epsilon': 3.046253667603437e-08, 'hidden_layer_sizes': 172, 'learning_rate_init': 0.0015495200596047313, 'tol': 0.00015798397193365744, 'validation_fraction': 0.18554353315132388}]
/home/ryedida/.local/lib/python3.8/site-packages/sklearn/neural_network/_multilayer_perceptron.py:702: ConvergenceWarning: Stochastic Optimizer: Maximum iterations (200) reached and the optimization hasn't converged yet.
  warnings.warn(

function_evaluation time 4.009782 value 51.385618 suggestion {'alpha': 2.1345943044820358e-05, 'batch_size': 47, 'beta_1': 0.5822890858706935, 'beta_2': 0.9999969124380006, 'epsilon': 3.046253667603437e-08, 'hidden_layer_sizes': 172, 'learning_rate_init': 0.0015495200596047313, 'tol': 0.00015798397193365744, 'validation_fraction': 0.18554353315132388}
observation time 0.000003, current best 43.648572 at iter 21
suggestion time taken 0.010377 iter 22 next_points [{'alpha': 0.0030636710323912637, 'batch_size': 189, 'beta_1': 0.5049358409634184, 'beta_2': 0.9624891492887222, 'epsilon': 3.9716602900401594e-07, 'hidden_layer_sizes': 122, 'learning_rate_init': 0.0017054732506356974, 'tol': 0.0007637773110491942, 'validation_fraction': 0.8661382301181363}]
/home/ryedida/.local/lib/python3.8/site-packages/sklearn/neural_network/_multilayer_perceptron.py:621: UserWarning: Got `batch_size` less than 1 or larger than sample size. It is going to be clipped
  warnings.warn(

/home/ryedida/.local/lib/python3.8/site-packages/sklearn/neural_network/_multilayer_perceptron.py:702: ConvergenceWarning: Stochastic Optimizer: Maximum iterations (200) reached and the optimization hasn't converged yet.
  warnings.warn(

function_evaluation time 2.387253 value 140.141611 suggestion {'alpha': 0.0030636710323912637, 'batch_size': 189, 'beta_1': 0.5049358409634184, 'beta_2': 0.9624891492887222, 'epsilon': 3.9716602900401594e-07, 'hidden_layer_sizes': 122, 'learning_rate_init': 0.0017054732506356974, 'tol': 0.0007637773110491942, 'validation_fraction': 0.8661382301181363}
observation time 0.000003, current best 43.648572 at iter 22
suggestion time taken 0.010095 iter 23 next_points [{'alpha': 8.343173513347995e-05, 'batch_size': 22, 'beta_1': 0.9402836217247128, 'beta_2': 0.9700280911577122, 'epsilon': 9.263499030308394e-08, 'hidden_layer_sizes': 77, 'learning_rate_init': 4.1744805289406134e-05, 'tol': 0.00012457517035781304, 'validation_fraction': 0.713180111638205}]
function_evaluation time 0.303411 value 151.597982 suggestion {'alpha': 8.343173513347995e-05, 'batch_size': 22, 'beta_1': 0.9402836217247128, 'beta_2': 0.9700280911577122, 'epsilon': 9.263499030308394e-08, 'hidden_layer_sizes': 77, 'learning_rate_init': 4.1744805289406134e-05, 'tol': 0.00012457517035781304, 'validation_fraction': 0.713180111638205}
observation time 0.000003, current best 43.648572 at iter 23
suggestion time taken 0.010436 iter 24 next_points [{'alpha': 0.0035957456089875327, 'batch_size': 204, 'beta_1': 0.9835766922611133, 'beta_2': 0.9997676431002691, 'epsilon': 8.861492874251087e-09, 'hidden_layer_sizes': 120, 'learning_rate_init': 0.04158614657973552, 'tol': 4.341016977113181e-05, 'validation_fraction': 0.23690000392012614}]
function_evaluation time 0.676856 value 56.710794 suggestion {'alpha': 0.0035957456089875327, 'batch_size': 204, 'beta_1': 0.9835766922611133, 'beta_2': 0.9997676431002691, 'epsilon': 8.861492874251087e-09, 'hidden_layer_sizes': 120, 'learning_rate_init': 0.04158614657973552, 'tol': 4.341016977113181e-05, 'validation_fraction': 0.23690000392012614}
observation time 0.000003, current best 43.648572 at iter 24
suggestion time taken 0.010123 iter 25 next_points [{'alpha': 0.0021441751529208955, 'batch_size': 216, 'beta_1': 0.9735250687249875, 'beta_2': 0.999990821613296, 'epsilon': 7.705469395097199e-09, 'hidden_layer_sizes': 60, 'learning_rate_init': 1.663569605985141e-05, 'tol': 6.308311530751764e-05, 'validation_fraction': 0.8861141326362203}]
/home/ryedida/.local/lib/python3.8/site-packages/sklearn/neural_network/_multilayer_perceptron.py:621: UserWarning: Got `batch_size` less than 1 or larger than sample size. It is going to be clipped
  warnings.warn(

function_evaluation time 0.145669 value 151.759768 suggestion {'alpha': 0.0021441751529208955, 'batch_size': 216, 'beta_1': 0.9735250687249875, 'beta_2': 0.999990821613296, 'epsilon': 7.705469395097199e-09, 'hidden_layer_sizes': 60, 'learning_rate_init': 1.663569605985141e-05, 'tol': 6.308311530751764e-05, 'validation_fraction': 0.8861141326362203}
observation time 0.000003, current best 43.648572 at iter 25
suggestion time taken 0.010806 iter 26 next_points [{'alpha': 0.0012798062189707617, 'batch_size': 19, 'beta_1': 0.8755984963316837, 'beta_2': 0.9999856311038924, 'epsilon': 2.0603339427451623e-07, 'hidden_layer_sizes': 101, 'learning_rate_init': 0.023307292816487767, 'tol': 0.04799917162432883, 'validation_fraction': 0.28604640451069424}]
function_evaluation time 0.560306 value 47.351623 suggestion {'alpha': 0.0012798062189707617, 'batch_size': 19, 'beta_1': 0.8755984963316837, 'beta_2': 0.9999856311038924, 'epsilon': 2.0603339427451623e-07, 'hidden_layer_sizes': 101, 'learning_rate_init': 0.023307292816487767, 'tol': 0.04799917162432883, 'validation_fraction': 0.28604640451069424}
observation time 0.000003, current best 43.648572 at iter 26
suggestion time taken 0.010456 iter 27 next_points [{'alpha': 0.0018506649912035482, 'batch_size': 207, 'beta_1': 0.7614334885536843, 'beta_2': 0.9978413616881404, 'epsilon': 6.500544245039252e-09, 'hidden_layer_sizes': 142, 'learning_rate_init': 0.03640184803566502, 'tol': 0.0006350922262384572, 'validation_fraction': 0.46946497994259956}]
/home/ryedida/.local/lib/python3.8/site-packages/sklearn/neural_network/_multilayer_perceptron.py:621: UserWarning: Got `batch_size` less than 1 or larger than sample size. It is going to be clipped
  warnings.warn(

function_evaluation time 1.718156 value 44.930196 suggestion {'alpha': 0.0018506649912035482, 'batch_size': 207, 'beta_1': 0.7614334885536843, 'beta_2': 0.9978413616881404, 'epsilon': 6.500544245039252e-09, 'hidden_layer_sizes': 142, 'learning_rate_init': 0.03640184803566502, 'tol': 0.0006350922262384572, 'validation_fraction': 0.46946497994259956}
observation time 0.000003, current best 43.648572 at iter 27
suggestion time taken 0.010448 iter 28 next_points [{'alpha': 1.0645117243082885e-05, 'batch_size': 149, 'beta_1': 0.9370193846892636, 'beta_2': 0.9991381065699947, 'epsilon': 1.3154930687109668e-07, 'hidden_layer_sizes': 173, 'learning_rate_init': 0.00038454121519914644, 'tol': 0.006228935371092781, 'validation_fraction': 0.6919272974500023}]
/home/ryedida/.local/lib/python3.8/site-packages/sklearn/neural_network/_multilayer_perceptron.py:621: UserWarning: Got `batch_size` less than 1 or larger than sample size. It is going to be clipped
  warnings.warn(

function_evaluation time 0.196271 value 151.480753 suggestion {'alpha': 1.0645117243082885e-05, 'batch_size': 149, 'beta_1': 0.9370193846892636, 'beta_2': 0.9991381065699947, 'epsilon': 1.3154930687109668e-07, 'hidden_layer_sizes': 173, 'learning_rate_init': 0.00038454121519914644, 'tol': 0.006228935371092781, 'validation_fraction': 0.6919272974500023}
observation time 0.000003, current best 43.648572 at iter 28
suggestion time taken 0.010421 iter 29 next_points [{'alpha': 0.39635507505524237, 'batch_size': 167, 'beta_1': 0.9630702621283331, 'beta_2': 0.9999382762676614, 'epsilon': 9.63838261037823e-07, 'hidden_layer_sizes': 123, 'learning_rate_init': 1.8166633857506456e-05, 'tol': 1.806208919979456e-05, 'validation_fraction': 0.4193555556756222}]
/home/ryedida/.local/lib/python3.8/site-packages/sklearn/neural_network/_multilayer_perceptron.py:702: ConvergenceWarning: Stochastic Optimizer: Maximum iterations (200) reached and the optimization hasn't converged yet.
  warnings.warn(

function_evaluation time 0.845361 value 151.679756 suggestion {'alpha': 0.39635507505524237, 'batch_size': 167, 'beta_1': 0.9630702621283331, 'beta_2': 0.9999382762676614, 'epsilon': 9.63838261037823e-07, 'hidden_layer_sizes': 123, 'learning_rate_init': 1.8166633857506456e-05, 'tol': 1.806208919979456e-05, 'validation_fraction': 0.4193555556756222}
observation time 0.000004, current best 43.648572 at iter 29
suggestion time taken 0.010987 iter 30 next_points [{'alpha': 0.00010010636581385588, 'batch_size': 72, 'beta_1': 0.664487711681677, 'beta_2': 0.9465848579927472, 'epsilon': 1.7423763238095113e-09, 'hidden_layer_sizes': 97, 'learning_rate_init': 0.0005970542500866036, 'tol': 0.00021680629098965584, 'validation_fraction': 0.848824176395471}]
/home/ryedida/.local/lib/python3.8/site-packages/sklearn/neural_network/_multilayer_perceptron.py:621: UserWarning: Got `batch_size` less than 1 or larger than sample size. It is going to be clipped
  warnings.warn(

/home/ryedida/.local/lib/python3.8/site-packages/sklearn/neural_network/_multilayer_perceptron.py:702: ConvergenceWarning: Stochastic Optimizer: Maximum iterations (200) reached and the optimization hasn't converged yet.
  warnings.warn(

function_evaluation time 2.367019 value 149.764967 suggestion {'alpha': 0.00010010636581385588, 'batch_size': 72, 'beta_1': 0.664487711681677, 'beta_2': 0.9465848579927472, 'epsilon': 1.7423763238095113e-09, 'hidden_layer_sizes': 97, 'learning_rate_init': 0.0005970542500866036, 'tol': 0.00021680629098965584, 'validation_fraction': 0.848824176395471}
observation time 0.000005, current best 43.648572 at iter 30
suggestion time taken 0.011171 iter 31 next_points [{'alpha': 0.00039410553324164784, 'batch_size': 141, 'beta_1': 0.7822192958501761, 'beta_2': 0.9290328753869496, 'epsilon': 3.572025881649633e-07, 'hidden_layer_sizes': 179, 'learning_rate_init': 1.0117114222577902e-05, 'tol': 0.0010171931213674866, 'validation_fraction': 0.6875323150956244}]
/home/ryedida/.local/lib/python3.8/site-packages/sklearn/neural_network/_multilayer_perceptron.py:621: UserWarning: Got `batch_size` less than 1 or larger than sample size. It is going to be clipped
  warnings.warn(

function_evaluation time 0.217937 value 151.638536 suggestion {'alpha': 0.00039410553324164784, 'batch_size': 141, 'beta_1': 0.7822192958501761, 'beta_2': 0.9290328753869496, 'epsilon': 3.572025881649633e-07, 'hidden_layer_sizes': 179, 'learning_rate_init': 1.0117114222577902e-05, 'tol': 0.0010171931213674866, 'validation_fraction': 0.6875323150956244}
observation time 0.000003, current best 43.648572 at iter 31
suggestion time taken 0.012713 iter 32 next_points [{'alpha': 0.019960360177329092, 'batch_size': 232, 'beta_1': 0.8488619614950944, 'beta_2': 0.9920864025268288, 'epsilon': 9.770364763288867e-08, 'hidden_layer_sizes': 141, 'learning_rate_init': 9.193922202603466e-05, 'tol': 0.0015499229798975722, 'validation_fraction': 0.46757604312613943}]
/home/ryedida/.local/lib/python3.8/site-packages/sklearn/neural_network/_multilayer_perceptron.py:621: UserWarning: Got `batch_size` less than 1 or larger than sample size. It is going to be clipped
  warnings.warn(

function_evaluation time 0.219104 value 151.580003 suggestion {'alpha': 0.019960360177329092, 'batch_size': 232, 'beta_1': 0.8488619614950944, 'beta_2': 0.9920864025268288, 'epsilon': 9.770364763288867e-08, 'hidden_layer_sizes': 141, 'learning_rate_init': 9.193922202603466e-05, 'tol': 0.0015499229798975722, 'validation_fraction': 0.46757604312613943}
observation time 0.000004, current best 43.648572 at iter 32
suggestion time taken 0.010565 iter 33 next_points [{'alpha': 1.3199835215726735e-05, 'batch_size': 165, 'beta_1': 0.9712974511030227, 'beta_2': 0.9935178976167032, 'epsilon': 1.0946535576912966e-09, 'hidden_layer_sizes': 165, 'learning_rate_init': 0.00779747181977969, 'tol': 0.0007349872143305023, 'validation_fraction': 0.5724865407514849}]
/home/ryedida/.local/lib/python3.8/site-packages/sklearn/neural_network/_multilayer_perceptron.py:621: UserWarning: Got `batch_size` less than 1 or larger than sample size. It is going to be clipped
  warnings.warn(

function_evaluation time 2.883838 value 54.375613 suggestion {'alpha': 1.3199835215726735e-05, 'batch_size': 165, 'beta_1': 0.9712974511030227, 'beta_2': 0.9935178976167032, 'epsilon': 1.0946535576912966e-09, 'hidden_layer_sizes': 165, 'learning_rate_init': 0.00779747181977969, 'tol': 0.0007349872143305023, 'validation_fraction': 0.5724865407514849}
observation time 0.000003, current best 43.648572 at iter 33
suggestion time taken 0.010378 iter 34 next_points [{'alpha': 2.2005802763056326e-05, 'batch_size': 235, 'beta_1': 0.9845604893858683, 'beta_2': 0.9999305188773251, 'epsilon': 2.8692900310170815e-08, 'hidden_layer_sizes': 184, 'learning_rate_init': 8.850561507082604e-05, 'tol': 0.00019793696410955167, 'validation_fraction': 0.39651903969733215}]
/home/ryedida/.local/lib/python3.8/site-packages/sklearn/neural_network/_multilayer_perceptron.py:621: UserWarning: Got `batch_size` less than 1 or larger than sample size. It is going to be clipped
  warnings.warn(

function_evaluation time 0.223624 value 151.703979 suggestion {'alpha': 2.2005802763056326e-05, 'batch_size': 235, 'beta_1': 0.9845604893858683, 'beta_2': 0.9999305188773251, 'epsilon': 2.8692900310170815e-08, 'hidden_layer_sizes': 184, 'learning_rate_init': 8.850561507082604e-05, 'tol': 0.00019793696410955167, 'validation_fraction': 0.39651903969733215}
observation time 0.000003, current best 43.648572 at iter 34
suggestion time taken 0.010429 iter 35 next_points [{'alpha': 0.386518387952318, 'batch_size': 141, 'beta_1': 0.9633111328143139, 'beta_2': 0.9999796558102241, 'epsilon': 2.1431335151753363e-07, 'hidden_layer_sizes': 111, 'learning_rate_init': 0.012991168373586447, 'tol': 0.0001498261884276517, 'validation_fraction': 0.8909470731035513}]
/home/ryedida/.local/lib/python3.8/site-packages/sklearn/neural_network/_multilayer_perceptron.py:621: UserWarning: Got `batch_size` less than 1 or larger than sample size. It is going to be clipped
  warnings.warn(

function_evaluation time 1.764027 value 53.151739 suggestion {'alpha': 0.386518387952318, 'batch_size': 141, 'beta_1': 0.9633111328143139, 'beta_2': 0.9999796558102241, 'epsilon': 2.1431335151753363e-07, 'hidden_layer_sizes': 111, 'learning_rate_init': 0.012991168373586447, 'tol': 0.0001498261884276517, 'validation_fraction': 0.8909470731035513}
observation time 0.000003, current best 43.648572 at iter 35
suggestion time taken 0.010273 iter 36 next_points [{'alpha': 0.0022748182704241003, 'batch_size': 41, 'beta_1': 0.9687949447541158, 'beta_2': 0.9983476361426833, 'epsilon': 3.695787411398732e-09, 'hidden_layer_sizes': 62, 'learning_rate_init': 0.0002751991931101012, 'tol': 0.0011910194285336107, 'validation_fraction': 0.10736117338541465}]
function_evaluation time 0.237618 value 151.234940 suggestion {'alpha': 0.0022748182704241003, 'batch_size': 41, 'beta_1': 0.9687949447541158, 'beta_2': 0.9983476361426833, 'epsilon': 3.695787411398732e-09, 'hidden_layer_sizes': 62, 'learning_rate_init': 0.0002751991931101012, 'tol': 0.0011910194285336107, 'validation_fraction': 0.10736117338541465}
observation time 0.000002, current best 43.648572 at iter 36
suggestion time taken 0.003885 iter 37 next_points [{'alpha': 5.991236002861268, 'batch_size': 25, 'beta_1': 0.9426535452013403, 'beta_2': 0.9873296865352577, 'epsilon': 2.7805208854051088e-09, 'hidden_layer_sizes': 77, 'learning_rate_init': 3.630319386066364e-05, 'tol': 0.002625007316248593, 'validation_fraction': 0.6319144699302064}]
function_evaluation time 0.334691 value 151.605498 suggestion {'alpha': 5.991236002861268, 'batch_size': 25, 'beta_1': 0.9426535452013403, 'beta_2': 0.9873296865352577, 'epsilon': 2.7805208854051088e-09, 'hidden_layer_sizes': 77, 'learning_rate_init': 3.630319386066364e-05, 'tol': 0.002625007316248593, 'validation_fraction': 0.6319144699302064}
observation time 0.000003, current best 43.648572 at iter 37
suggestion time taken 0.010427 iter 38 next_points [{'alpha': 0.003165513387873715, 'batch_size': 209, 'beta_1': 0.9850727743565627, 'beta_2': 0.9994064836799301, 'epsilon': 3.954813357111903e-07, 'hidden_layer_sizes': 95, 'learning_rate_init': 0.0014051932504461982, 'tol': 0.07858922189783843, 'validation_fraction': 0.15707537888191206}]
function_evaluation time 0.238871 value 151.115346 suggestion {'alpha': 0.003165513387873715, 'batch_size': 209, 'beta_1': 0.9850727743565627, 'beta_2': 0.9994064836799301, 'epsilon': 3.954813357111903e-07, 'hidden_layer_sizes': 95, 'learning_rate_init': 0.0014051932504461982, 'tol': 0.07858922189783843, 'validation_fraction': 0.15707537888191206}
observation time 0.000003, current best 43.648572 at iter 38
suggestion time taken 0.010462 iter 39 next_points [{'alpha': 0.08498598208392678, 'batch_size': 213, 'beta_1': 0.9466560727354598, 'beta_2': 0.9997494949976975, 'epsilon': 1.65068760652991e-08, 'hidden_layer_sizes': 91, 'learning_rate_init': 0.02852233038202958, 'tol': 0.0008509597282823144, 'validation_fraction': 0.7156758415092784}]
/home/ryedida/.local/lib/python3.8/site-packages/sklearn/neural_network/_multilayer_perceptron.py:621: UserWarning: Got `batch_size` less than 1 or larger than sample size. It is going to be clipped
  warnings.warn(

function_evaluation time 0.977354 value 54.416861 suggestion {'alpha': 0.08498598208392678, 'batch_size': 213, 'beta_1': 0.9466560727354598, 'beta_2': 0.9997494949976975, 'epsilon': 1.65068760652991e-08, 'hidden_layer_sizes': 91, 'learning_rate_init': 0.02852233038202958, 'tol': 0.0008509597282823144, 'validation_fraction': 0.7156758415092784}
observation time 0.000003, current best 43.648572 at iter 39
suggestion time taken 0.010491 iter 40 next_points [{'alpha': 7.952689166816526e-05, 'batch_size': 82, 'beta_1': 0.691520129639057, 'beta_2': 0.9999459388456781, 'epsilon': 2.2613418958045376e-09, 'hidden_layer_sizes': 69, 'learning_rate_init': 0.0011817880693746174, 'tol': 0.005791536411796522, 'validation_fraction': 0.17917833352714824}]
function_evaluation time 0.174478 value 151.221435 suggestion {'alpha': 7.952689166816526e-05, 'batch_size': 82, 'beta_1': 0.691520129639057, 'beta_2': 0.9999459388456781, 'epsilon': 2.2613418958045376e-09, 'hidden_layer_sizes': 69, 'learning_rate_init': 0.0011817880693746174, 'tol': 0.005791536411796522, 'validation_fraction': 0.17917833352714824}
observation time 0.000002, current best 43.648572 at iter 40
suggestion time taken 0.003896 iter 41 next_points [{'alpha': 0.0025219805252762683, 'batch_size': 195, 'beta_1': 0.8918213148486702, 'beta_2': 0.9999944554623987, 'epsilon': 5.663360976644568e-09, 'hidden_layer_sizes': 153, 'learning_rate_init': 8.297228198500709e-05, 'tol': 0.00035435565363391836, 'validation_fraction': 0.37813423559065773}]
function_evaluation time 0.224133 value 151.615687 suggestion {'alpha': 0.0025219805252762683, 'batch_size': 195, 'beta_1': 0.8918213148486702, 'beta_2': 0.9999944554623987, 'epsilon': 5.663360976644568e-09, 'hidden_layer_sizes': 153, 'learning_rate_init': 8.297228198500709e-05, 'tol': 0.00035435565363391836, 'validation_fraction': 0.37813423559065773}
observation time 0.000003, current best 43.648572 at iter 41
suggestion time taken 0.010652 iter 42 next_points [{'alpha': 0.0012904130307635972, 'batch_size': 46, 'beta_1': 0.9575215014615736, 'beta_2': 0.9788367938026247, 'epsilon': 9.442577354220356e-09, 'hidden_layer_sizes': 112, 'learning_rate_init': 1.0498547256515435e-05, 'tol': 0.0009403298438232646, 'validation_fraction': 0.383360178173939}]
function_evaluation time 0.332448 value 151.632439 suggestion {'alpha': 0.0012904130307635972, 'batch_size': 46, 'beta_1': 0.9575215014615736, 'beta_2': 0.9788367938026247, 'epsilon': 9.442577354220356e-09, 'hidden_layer_sizes': 112, 'learning_rate_init': 1.0498547256515435e-05, 'tol': 0.0009403298438232646, 'validation_fraction': 0.383360178173939}
observation time 0.000004, current best 43.648572 at iter 42
suggestion time taken 0.010393 iter 43 next_points [{'alpha': 0.0006870487277299699, 'batch_size': 59, 'beta_1': 0.9512582039195969, 'beta_2': 0.9999751550588463, 'epsilon': 1.9705618587011023e-08, 'hidden_layer_sizes': 107, 'learning_rate_init': 4.9630295202746766e-05, 'tol': 0.00017709543053148064, 'validation_fraction': 0.19668023062393364}]
function_evaluation time 0.540144 value 151.488165 suggestion {'alpha': 0.0006870487277299699, 'batch_size': 59, 'beta_1': 0.9512582039195969, 'beta_2': 0.9999751550588463, 'epsilon': 1.9705618587011023e-08, 'hidden_layer_sizes': 107, 'learning_rate_init': 4.9630295202746766e-05, 'tol': 0.00017709543053148064, 'validation_fraction': 0.19668023062393364}
observation time 0.000005, current best 43.648572 at iter 43
suggestion time taken 0.010774 iter 44 next_points [{'alpha': 0.007899804194936647, 'batch_size': 65, 'beta_1': 0.7979913528691688, 'beta_2': 0.9999969378484216, 'epsilon': 3.192778856520193e-09, 'hidden_layer_sizes': 62, 'learning_rate_init': 0.00019563978125232211, 'tol': 1.682688312245381e-05, 'validation_fraction': 0.39118506562277694}]
/home/ryedida/.local/lib/python3.8/site-packages/sklearn/neural_network/_multilayer_perceptron.py:702: ConvergenceWarning: Stochastic Optimizer: Maximum iterations (200) reached and the optimization hasn't converged yet.
  warnings.warn(

function_evaluation time 1.735620 value 150.182531 suggestion {'alpha': 0.007899804194936647, 'batch_size': 65, 'beta_1': 0.7979913528691688, 'beta_2': 0.9999969378484216, 'epsilon': 3.192778856520193e-09, 'hidden_layer_sizes': 62, 'learning_rate_init': 0.00019563978125232211, 'tol': 1.682688312245381e-05, 'validation_fraction': 0.39118506562277694}
observation time 0.000002, current best 43.648572 at iter 44
saving meta data: {'args': {'--uuid': '70266a69633d5891956dfd399af2fa4f', '-db-root': '/home/ryedida/bbo_challenge_starter_kit/output', '--opt-root': '/home/ryedida/bbo_challenge_starter_kit/example_submissions', '--data-root': None, '--db': 'run_20231015_191245', '--opt': 'random', '--data': 'diabetes', '--classifier': 'MLP-adam', '--metric': 'mae', '--calls': 45, '--suggestions': 1, '--jobs-file': None, '--verbose': False, 'dry_run': False, 'rev': 'a376313', 'opt_rev': '0.0.8'}, 'signature': ([{'alpha': 0.019628224813442792, 'batch_size': 182, 'beta_1': 0.9410202200271762, 'beta_2': 0.9998021557676793, 'epsilon': 1.8662266976518e-08, 'hidden_layer_sizes': 147, 'learning_rate_init': 0.0005627932047415167, 'tol': 0.03690557729213761, 'validation_fraction': 0.8846827852548593}, {'alpha': 0.001998246739232944, 'batch_size': 200, 'beta_1': 0.919111482530466, 'beta_2': 0.9998488260436156, 'epsilon': 5.981221901152555e-07, 'hidden_layer_sizes': 61, 'learning_rate_init': 2.2310905607443014e-05, 'tol': 1.2046852412030316e-05, 'validation_fraction': 0.8117896445826539}, {'alpha': 0.46659545670218433, 'batch_size': 219, 'beta_1': 0.9889789783750891, 'beta_2': 0.9999896868093284, 'epsilon': 2.4234724484675948e-08, 'hidden_layer_sizes': 167, 'learning_rate_init': 2.972334644335654e-05, 'tol': 0.0036281404040243792, 'validation_fraction': 0.17260651658522078}, {'alpha': 4.656005689076002, 'batch_size': 135, 'beta_1': 0.870503881627747, 'beta_2': 0.9948873266941017, 'epsilon': 2.1023308743480125e-07, 'hidden_layer_sizes': 118, 'learning_rate_init': 0.001878173875716191, 'tol': 1.1889379831773006e-05, 'validation_fraction': 0.6264327093752792}, {'alpha': 0.04705159350400542, 'batch_size': 158, 'beta_1': 0.9870884262730957, 'beta_2': 0.9999596874382349, 'epsilon': 1.1981845126013875e-08, 'hidden_layer_sizes': 116, 'learning_rate_init': 0.006173405204074311, 'tol': 1.7414134181586194e-05, 'validation_fraction': 0.6754299026638921}], [151.4971925380264, 151.42763539278994, 151.47026299046811, 136.86202504264318, 75.2055865763391])}
saving results
saving timing
saving suggest log
done
