running: {'--uuid': '78c2f725989d5439aca2fc134f863cc8', '-db-root': '/home/ryedida/bbo_challenge_starter_kit/output', '--opt-root': '/home/ryedida/bbo_challenge_starter_kit/example_submissions', '--data-root': None, '--db': 'run_20231015_191245', '--opt': 'random', '--data': 'diabetes', '--classifier': 'MLP-adam', '--metric': 'mae', '--calls': 45, '--suggestions': 1, '--jobs-file': None, '--verbose': False, 'dry_run': False, 'rev': 'a376313', 'opt_rev': '0.0.8'}
cmd: python /home/ryedida/.local/bin/bayesmark-exp -c MLP-adam -d diabetes -o random -u 78c2f725989d5439aca2fc134f863cc8 -m mae -n 45 -p 1 -dir /home/ryedida/bbo_challenge_starter_kit/output -b run_20231015_191245
/home/ryedida/.local/lib/python3.8/site-packages/sklearn/neural_network/_multilayer_perceptron.py:621: UserWarning: Got `batch_size` less than 1 or larger than sample size. It is going to be clipped
  warnings.warn(

/home/ryedida/.local/lib/python3.8/site-packages/sklearn/neural_network/_multilayer_perceptron.py:621: UserWarning: Got `batch_size` less than 1 or larger than sample size. It is going to be clipped
  warnings.warn(

/home/ryedida/.local/lib/python3.8/site-packages/sklearn/neural_network/_multilayer_perceptron.py:621: UserWarning: Got `batch_size` less than 1 or larger than sample size. It is going to be clipped
  warnings.warn(

/home/ryedida/.local/lib/python3.8/site-packages/sklearn/neural_network/_multilayer_perceptron.py:702: ConvergenceWarning: Stochastic Optimizer: Maximum iterations (200) reached and the optimization hasn't converged yet.
  warnings.warn(

/home/ryedida/.local/lib/python3.8/site-packages/sklearn/neural_network/_multilayer_perceptron.py:621: UserWarning: Got `batch_size` less than 1 or larger than sample size. It is going to be clipped
  warnings.warn(

/home/ryedida/.local/lib/python3.8/site-packages/sklearn/neural_network/_multilayer_perceptron.py:702: ConvergenceWarning: Stochastic Optimizer: Maximum iterations (200) reached and the optimization hasn't converged yet.
  warnings.warn(

computed signature: ([{'alpha': 0.019628224813442792, 'batch_size': 182, 'beta_1': 0.9410202200271762, 'beta_2': 0.9998021557676793, 'epsilon': 1.8662266976518e-08, 'hidden_layer_sizes': 147, 'learning_rate_init': 0.0005627932047415167, 'tol': 0.03690557729213761, 'validation_fraction': 0.8846827852548593}, {'alpha': 0.001998246739232944, 'batch_size': 200, 'beta_1': 0.919111482530466, 'beta_2': 0.9998488260436156, 'epsilon': 5.981221901152555e-07, 'hidden_layer_sizes': 61, 'learning_rate_init': 2.2310905607443014e-05, 'tol': 1.2046852412030316e-05, 'validation_fraction': 0.8117896445826539}, {'alpha': 0.46659545670218433, 'batch_size': 219, 'beta_1': 0.9889789783750891, 'beta_2': 0.9999896868093284, 'epsilon': 2.4234724484675948e-08, 'hidden_layer_sizes': 167, 'learning_rate_init': 2.972334644335654e-05, 'tol': 0.0036281404040243792, 'validation_fraction': 0.17260651658522078}, {'alpha': 4.656005689076002, 'batch_size': 135, 'beta_1': 0.870503881627747, 'beta_2': 0.9948873266941017, 'epsilon': 2.1023308743480125e-07, 'hidden_layer_sizes': 118, 'learning_rate_init': 0.001878173875716191, 'tol': 1.1889379831773006e-05, 'validation_fraction': 0.6264327093752792}, {'alpha': 0.04705159350400542, 'batch_size': 158, 'beta_1': 0.9870884262730957, 'beta_2': 0.9999596874382349, 'epsilon': 1.1981845126013875e-08, 'hidden_layer_sizes': 116, 'learning_rate_init': 0.006173405204074311, 'tol': 1.7414134181586194e-05, 'validation_fraction': 0.6754299026638921}], [151.4971925380264, 151.42763539278994, 151.47026299046811, 136.86202504264318, 75.2055865763391])
/home/ryedida/.local/lib/python3.8/site-packages/bayesmark/experiment.py:470: UserWarning: Baselines not found. Will not log intermediate scores.
  warnings.warn("Baselines not found. Will not log intermediate scores.")

starting sklearn study random MLP-adam diabetes mae 45 1
with data root: None
suggestion time taken 0.010679 iter 0 next_points [{'alpha': 0.11512778795675976, 'batch_size': 198, 'beta_1': 0.9316061374843537, 'beta_2': 0.9763601944914981, 'epsilon': 1.8589249064321957e-07, 'hidden_layer_sizes': 178, 'learning_rate_init': 3.692624281358413e-05, 'tol': 0.0012994322434681986, 'validation_fraction': 0.7801497492980002}]
/home/ryedida/.local/lib/python3.8/site-packages/sklearn/neural_network/_multilayer_perceptron.py:621: UserWarning: Got `batch_size` less than 1 or larger than sample size. It is going to be clipped
  warnings.warn(

function_evaluation time 0.192410 value 151.684416 suggestion {'alpha': 0.11512778795675976, 'batch_size': 198, 'beta_1': 0.9316061374843537, 'beta_2': 0.9763601944914981, 'epsilon': 1.8589249064321957e-07, 'hidden_layer_sizes': 178, 'learning_rate_init': 3.692624281358413e-05, 'tol': 0.0012994322434681986, 'validation_fraction': 0.7801497492980002}
observation time 0.000005, current best 151.684416 at iter 0
suggestion time taken 0.010908 iter 1 next_points [{'alpha': 0.0005814347456654606, 'batch_size': 33, 'beta_1': 0.7716500210565338, 'beta_2': 0.9880187852638621, 'epsilon': 1.4128037512063061e-09, 'hidden_layer_sizes': 67, 'learning_rate_init': 0.008093250964464706, 'tol': 0.0007162241533879287, 'validation_fraction': 0.8479505634669134}]
/home/ryedida/.local/lib/python3.8/site-packages/sklearn/neural_network/_multilayer_perceptron.py:702: ConvergenceWarning: Stochastic Optimizer: Maximum iterations (200) reached and the optimization hasn't converged yet.
  warnings.warn(

function_evaluation time 2.783504 value 53.390177 suggestion {'alpha': 0.0005814347456654606, 'batch_size': 33, 'beta_1': 0.7716500210565338, 'beta_2': 0.9880187852638621, 'epsilon': 1.4128037512063061e-09, 'hidden_layer_sizes': 67, 'learning_rate_init': 0.008093250964464706, 'tol': 0.0007162241533879287, 'validation_fraction': 0.8479505634669134}
observation time 0.000003, current best 53.390177 at iter 1
suggestion time taken 0.010666 iter 2 next_points [{'alpha': 5.17304156425654, 'batch_size': 122, 'beta_1': 0.9288380497645481, 'beta_2': 0.9998522848914607, 'epsilon': 8.826910952491307e-08, 'hidden_layer_sizes': 152, 'learning_rate_init': 0.05567920028702049, 'tol': 0.0030684860099272804, 'validation_fraction': 0.2149101703991326}]
function_evaluation time 1.160696 value 45.471840 suggestion {'alpha': 5.17304156425654, 'batch_size': 122, 'beta_1': 0.9288380497645481, 'beta_2': 0.9998522848914607, 'epsilon': 8.826910952491307e-08, 'hidden_layer_sizes': 152, 'learning_rate_init': 0.05567920028702049, 'tol': 0.0030684860099272804, 'validation_fraction': 0.2149101703991326}
observation time 0.000004, current best 45.471840 at iter 2
suggestion time taken 0.011569 iter 3 next_points [{'alpha': 0.00018947630471525655, 'batch_size': 204, 'beta_1': 0.6202808747205927, 'beta_2': 0.9999884609457967, 'epsilon': 4.5493261148074696e-08, 'hidden_layer_sizes': 147, 'learning_rate_init': 0.00018376828551820384, 'tol': 0.03576593929307388, 'validation_fraction': 0.5195351403154806}]
/home/ryedida/.local/lib/python3.8/site-packages/sklearn/neural_network/_multilayer_perceptron.py:621: UserWarning: Got `batch_size` less than 1 or larger than sample size. It is going to be clipped
  warnings.warn(

function_evaluation time 0.208549 value 151.540466 suggestion {'alpha': 0.00018947630471525655, 'batch_size': 204, 'beta_1': 0.6202808747205927, 'beta_2': 0.9999884609457967, 'epsilon': 4.5493261148074696e-08, 'hidden_layer_sizes': 147, 'learning_rate_init': 0.00018376828551820384, 'tol': 0.03576593929307388, 'validation_fraction': 0.5195351403154806}
observation time 0.000004, current best 45.471840 at iter 3
suggestion time taken 0.010716 iter 4 next_points [{'alpha': 0.0007670790861505865, 'batch_size': 93, 'beta_1': 0.9769057731306952, 'beta_2': 0.964268114944144, 'epsilon': 3.922424200744901e-09, 'hidden_layer_sizes': 160, 'learning_rate_init': 0.06927761902155828, 'tol': 0.0020664177157134036, 'validation_fraction': 0.10993712540180657}]
function_evaluation time 1.011438 value 46.007260 suggestion {'alpha': 0.0007670790861505865, 'batch_size': 93, 'beta_1': 0.9769057731306952, 'beta_2': 0.964268114944144, 'epsilon': 3.922424200744901e-09, 'hidden_layer_sizes': 160, 'learning_rate_init': 0.06927761902155828, 'tol': 0.0020664177157134036, 'validation_fraction': 0.10993712540180657}
observation time 0.000004, current best 45.471840 at iter 4
suggestion time taken 0.010770 iter 5 next_points [{'alpha': 0.13123401350006034, 'batch_size': 103, 'beta_1': 0.9663304862608735, 'beta_2': 0.999930496836321, 'epsilon': 1.6818698634149793e-09, 'hidden_layer_sizes': 179, 'learning_rate_init': 0.0038088203717601497, 'tol': 0.002389140473569605, 'validation_fraction': 0.7538670233669266}]
/home/ryedida/.local/lib/python3.8/site-packages/sklearn/neural_network/_multilayer_perceptron.py:621: UserWarning: Got `batch_size` less than 1 or larger than sample size. It is going to be clipped
  warnings.warn(

/home/ryedida/.local/lib/python3.8/site-packages/sklearn/neural_network/_multilayer_perceptron.py:702: ConvergenceWarning: Stochastic Optimizer: Maximum iterations (200) reached and the optimization hasn't converged yet.
  warnings.warn(

function_evaluation time 2.914992 value 86.202502 suggestion {'alpha': 0.13123401350006034, 'batch_size': 103, 'beta_1': 0.9663304862608735, 'beta_2': 0.999930496836321, 'epsilon': 1.6818698634149793e-09, 'hidden_layer_sizes': 179, 'learning_rate_init': 0.0038088203717601497, 'tol': 0.002389140473569605, 'validation_fraction': 0.7538670233669266}
observation time 0.000005, current best 45.471840 at iter 5
suggestion time taken 0.011365 iter 6 next_points [{'alpha': 9.190165011267869, 'batch_size': 186, 'beta_1': 0.9873413224490271, 'beta_2': 0.9998215818023006, 'epsilon': 4.6944467272738066e-07, 'hidden_layer_sizes': 130, 'learning_rate_init': 0.011022456899572408, 'tol': 0.002824265080171692, 'validation_fraction': 0.2685077164969284}]
function_evaluation time 1.753233 value 56.985797 suggestion {'alpha': 9.190165011267869, 'batch_size': 186, 'beta_1': 0.9873413224490271, 'beta_2': 0.9998215818023006, 'epsilon': 4.6944467272738066e-07, 'hidden_layer_sizes': 130, 'learning_rate_init': 0.011022456899572408, 'tol': 0.002824265080171692, 'validation_fraction': 0.2685077164969284}
observation time 0.000005, current best 45.471840 at iter 6
suggestion time taken 0.011368 iter 7 next_points [{'alpha': 0.0008225851206346422, 'batch_size': 247, 'beta_1': 0.6294578807895697, 'beta_2': 0.9994929585865722, 'epsilon': 6.649153813298112e-07, 'hidden_layer_sizes': 189, 'learning_rate_init': 0.001989856802798795, 'tol': 0.007981072924373833, 'validation_fraction': 0.6722381722053732}]
/home/ryedida/.local/lib/python3.8/site-packages/sklearn/neural_network/_multilayer_perceptron.py:621: UserWarning: Got `batch_size` less than 1 or larger than sample size. It is going to be clipped
  warnings.warn(

function_evaluation time 0.207635 value 151.195973 suggestion {'alpha': 0.0008225851206346422, 'batch_size': 247, 'beta_1': 0.6294578807895697, 'beta_2': 0.9994929585865722, 'epsilon': 6.649153813298112e-07, 'hidden_layer_sizes': 189, 'learning_rate_init': 0.001989856802798795, 'tol': 0.007981072924373833, 'validation_fraction': 0.6722381722053732}
observation time 0.000004, current best 45.471840 at iter 7
suggestion time taken 0.010715 iter 8 next_points [{'alpha': 0.004089392359177862, 'batch_size': 21, 'beta_1': 0.9320842878438914, 'beta_2': 0.9889948659941843, 'epsilon': 5.501264642793489e-09, 'hidden_layer_sizes': 146, 'learning_rate_init': 0.028360179305420282, 'tol': 4.441943284135162e-05, 'validation_fraction': 0.3792369399677439}]
function_evaluation time 2.367450 value 44.589898 suggestion {'alpha': 0.004089392359177862, 'batch_size': 21, 'beta_1': 0.9320842878438914, 'beta_2': 0.9889948659941843, 'epsilon': 5.501264642793489e-09, 'hidden_layer_sizes': 146, 'learning_rate_init': 0.028360179305420282, 'tol': 4.441943284135162e-05, 'validation_fraction': 0.3792369399677439}
observation time 0.000004, current best 44.589898 at iter 8
suggestion time taken 0.010561 iter 9 next_points [{'alpha': 0.2039031234924932, 'batch_size': 85, 'beta_1': 0.9855247792606203, 'beta_2': 0.9996548056386306, 'epsilon': 1.0549267889111077e-07, 'hidden_layer_sizes': 144, 'learning_rate_init': 0.015899136982200576, 'tol': 0.001688022873572546, 'validation_fraction': 0.4471465565530967}]
function_evaluation time 1.219302 value 54.909241 suggestion {'alpha': 0.2039031234924932, 'batch_size': 85, 'beta_1': 0.9855247792606203, 'beta_2': 0.9996548056386306, 'epsilon': 1.0549267889111077e-07, 'hidden_layer_sizes': 144, 'learning_rate_init': 0.015899136982200576, 'tol': 0.001688022873572546, 'validation_fraction': 0.4471465565530967}
observation time 0.000004, current best 44.589898 at iter 9
suggestion time taken 0.010602 iter 10 next_points [{'alpha': 1.2015736477681387, 'batch_size': 190, 'beta_1': 0.7176528094394165, 'beta_2': 0.9904881366345046, 'epsilon': 5.156529955404075e-07, 'hidden_layer_sizes': 128, 'learning_rate_init': 0.0004745257624402774, 'tol': 4.742412511081506e-05, 'validation_fraction': 0.1952375449215755}]
/home/ryedida/.local/lib/python3.8/site-packages/sklearn/neural_network/_multilayer_perceptron.py:702: ConvergenceWarning: Stochastic Optimizer: Maximum iterations (200) reached and the optimization hasn't converged yet.
  warnings.warn(

function_evaluation time 4.159386 value 146.443722 suggestion {'alpha': 1.2015736477681387, 'batch_size': 190, 'beta_1': 0.7176528094394165, 'beta_2': 0.9904881366345046, 'epsilon': 5.156529955404075e-07, 'hidden_layer_sizes': 128, 'learning_rate_init': 0.0004745257624402774, 'tol': 4.742412511081506e-05, 'validation_fraction': 0.1952375449215755}
observation time 0.000004, current best 44.589898 at iter 10
suggestion time taken 0.010718 iter 11 next_points [{'alpha': 0.16675482064390473, 'batch_size': 107, 'beta_1': 0.9218574182175906, 'beta_2': 0.9998403198004914, 'epsilon': 5.602878137069456e-09, 'hidden_layer_sizes': 159, 'learning_rate_init': 0.05017272716152068, 'tol': 0.00947960991736501, 'validation_fraction': 0.7841461232011999}]
/home/ryedida/.local/lib/python3.8/site-packages/sklearn/neural_network/_multilayer_perceptron.py:621: UserWarning: Got `batch_size` less than 1 or larger than sample size. It is going to be clipped
  warnings.warn(

function_evaluation time 0.645700 value 56.519042 suggestion {'alpha': 0.16675482064390473, 'batch_size': 107, 'beta_1': 0.9218574182175906, 'beta_2': 0.9998403198004914, 'epsilon': 5.602878137069456e-09, 'hidden_layer_sizes': 159, 'learning_rate_init': 0.05017272716152068, 'tol': 0.00947960991736501, 'validation_fraction': 0.7841461232011999}
observation time 0.000003, current best 44.589898 at iter 11
suggestion time taken 0.010737 iter 12 next_points [{'alpha': 0.002310426562814561, 'batch_size': 216, 'beta_1': 0.61643187087539, 'beta_2': 0.9159869857150592, 'epsilon': 5.421231524325052e-07, 'hidden_layer_sizes': 135, 'learning_rate_init': 0.0175184811856004, 'tol': 0.0008753682031589953, 'validation_fraction': 0.888254154847578}]
/home/ryedida/.local/lib/python3.8/site-packages/sklearn/neural_network/_multilayer_perceptron.py:621: UserWarning: Got `batch_size` less than 1 or larger than sample size. It is going to be clipped
  warnings.warn(

function_evaluation time 1.882197 value 49.352025 suggestion {'alpha': 0.002310426562814561, 'batch_size': 216, 'beta_1': 0.61643187087539, 'beta_2': 0.9159869857150592, 'epsilon': 5.421231524325052e-07, 'hidden_layer_sizes': 135, 'learning_rate_init': 0.0175184811856004, 'tol': 0.0008753682031589953, 'validation_fraction': 0.888254154847578}
observation time 0.000004, current best 44.589898 at iter 12
suggestion time taken 0.011047 iter 13 next_points [{'alpha': 0.0003856164255495328, 'batch_size': 113, 'beta_1': 0.7477545806926424, 'beta_2': 0.9048705790445077, 'epsilon': 1.2737635564378968e-08, 'hidden_layer_sizes': 165, 'learning_rate_init': 2.913672838395258e-05, 'tol': 0.004109066213123621, 'validation_fraction': 0.11809026900733871}]
function_evaluation time 0.389752 value 151.529326 suggestion {'alpha': 0.0003856164255495328, 'batch_size': 113, 'beta_1': 0.7477545806926424, 'beta_2': 0.9048705790445077, 'epsilon': 1.2737635564378968e-08, 'hidden_layer_sizes': 165, 'learning_rate_init': 2.913672838395258e-05, 'tol': 0.004109066213123621, 'validation_fraction': 0.11809026900733871}
observation time 0.000004, current best 44.589898 at iter 13
suggestion time taken 0.012119 iter 14 next_points [{'alpha': 0.00025250279751552556, 'batch_size': 139, 'beta_1': 0.9631066645644765, 'beta_2': 0.9939292635224447, 'epsilon': 5.1717488624566006e-08, 'hidden_layer_sizes': 185, 'learning_rate_init': 0.03880085066282427, 'tol': 0.03310215241144055, 'validation_fraction': 0.8536341915332177}]
/home/ryedida/.local/lib/python3.8/site-packages/sklearn/neural_network/_multilayer_perceptron.py:621: UserWarning: Got `batch_size` less than 1 or larger than sample size. It is going to be clipped
  warnings.warn(

function_evaluation time 0.686049 value 57.115849 suggestion {'alpha': 0.00025250279751552556, 'batch_size': 139, 'beta_1': 0.9631066645644765, 'beta_2': 0.9939292635224447, 'epsilon': 5.1717488624566006e-08, 'hidden_layer_sizes': 185, 'learning_rate_init': 0.03880085066282427, 'tol': 0.03310215241144055, 'validation_fraction': 0.8536341915332177}
observation time 0.000004, current best 44.589898 at iter 14
suggestion time taken 0.011850 iter 15 next_points [{'alpha': 0.04512957251217285, 'batch_size': 165, 'beta_1': 0.9762849262161435, 'beta_2': 0.9990205542581928, 'epsilon': 1.3062777279128827e-09, 'hidden_layer_sizes': 144, 'learning_rate_init': 0.09591192434678887, 'tol': 1.521647273348827e-05, 'validation_fraction': 0.8749203439681641}]
/home/ryedida/.local/lib/python3.8/site-packages/sklearn/neural_network/_multilayer_perceptron.py:621: UserWarning: Got `batch_size` less than 1 or larger than sample size. It is going to be clipped
  warnings.warn(

function_evaluation time 0.397628 value 56.567243 suggestion {'alpha': 0.04512957251217285, 'batch_size': 165, 'beta_1': 0.9762849262161435, 'beta_2': 0.9990205542581928, 'epsilon': 1.3062777279128827e-09, 'hidden_layer_sizes': 144, 'learning_rate_init': 0.09591192434678887, 'tol': 1.521647273348827e-05, 'validation_fraction': 0.8749203439681641}
observation time 0.000003, current best 44.589898 at iter 15
suggestion time taken 0.011748 iter 16 next_points [{'alpha': 0.0035845866157750354, 'batch_size': 86, 'beta_1': 0.8629112741419985, 'beta_2': 0.9994872336326941, 'epsilon': 3.0577287420306244e-08, 'hidden_layer_sizes': 50, 'learning_rate_init': 0.0012377406535902765, 'tol': 0.001287165086052304, 'validation_fraction': 0.10108962845958942}]
/home/ryedida/.local/lib/python3.8/site-packages/sklearn/neural_network/_multilayer_perceptron.py:702: ConvergenceWarning: Stochastic Optimizer: Maximum iterations (200) reached and the optimization hasn't converged yet.
  warnings.warn(

function_evaluation time 1.764614 value 122.589307 suggestion {'alpha': 0.0035845866157750354, 'batch_size': 86, 'beta_1': 0.8629112741419985, 'beta_2': 0.9994872336326941, 'epsilon': 3.0577287420306244e-08, 'hidden_layer_sizes': 50, 'learning_rate_init': 0.0012377406535902765, 'tol': 0.001287165086052304, 'validation_fraction': 0.10108962845958942}
observation time 0.000003, current best 44.589898 at iter 16
suggestion time taken 0.003962 iter 17 next_points [{'alpha': 0.08188587730160396, 'batch_size': 193, 'beta_1': 0.9821403992045294, 'beta_2': 0.9998186998094041, 'epsilon': 1.1066101919555364e-08, 'hidden_layer_sizes': 66, 'learning_rate_init': 0.0003865130133934693, 'tol': 0.0012248719485334967, 'validation_fraction': 0.31376045003472275}]
function_evaluation time 0.193658 value 151.529136 suggestion {'alpha': 0.08188587730160396, 'batch_size': 193, 'beta_1': 0.9821403992045294, 'beta_2': 0.9998186998094041, 'epsilon': 1.1066101919555364e-08, 'hidden_layer_sizes': 66, 'learning_rate_init': 0.0003865130133934693, 'tol': 0.0012248719485334967, 'validation_fraction': 0.31376045003472275}
observation time 0.000004, current best 44.589898 at iter 17
suggestion time taken 0.010580 iter 18 next_points [{'alpha': 1.7680737980573564, 'batch_size': 153, 'beta_1': 0.8196851365779014, 'beta_2': 0.9459292005365523, 'epsilon': 2.755084197661663e-07, 'hidden_layer_sizes': 175, 'learning_rate_init': 0.00040066199311832685, 'tol': 0.013634996728818915, 'validation_fraction': 0.4993644266306657}]
function_evaluation time 0.233995 value 151.466257 suggestion {'alpha': 1.7680737980573564, 'batch_size': 153, 'beta_1': 0.8196851365779014, 'beta_2': 0.9459292005365523, 'epsilon': 2.755084197661663e-07, 'hidden_layer_sizes': 175, 'learning_rate_init': 0.00040066199311832685, 'tol': 0.013634996728818915, 'validation_fraction': 0.4993644266306657}
observation time 0.000004, current best 44.589898 at iter 18
suggestion time taken 0.010731 iter 19 next_points [{'alpha': 0.0038010730931781443, 'batch_size': 145, 'beta_1': 0.7381945728556479, 'beta_2': 0.9999987034743089, 'epsilon': 6.645546824267818e-09, 'hidden_layer_sizes': 163, 'learning_rate_init': 0.0031896910980665997, 'tol': 1.7182935696037568e-05, 'validation_fraction': 0.2677612800491899}]
/home/ryedida/.local/lib/python3.8/site-packages/sklearn/neural_network/_multilayer_perceptron.py:702: ConvergenceWarning: Stochastic Optimizer: Maximum iterations (200) reached and the optimization hasn't converged yet.
  warnings.warn(

function_evaluation time 4.495207 value 51.861670 suggestion {'alpha': 0.0038010730931781443, 'batch_size': 145, 'beta_1': 0.7381945728556479, 'beta_2': 0.9999987034743089, 'epsilon': 6.645546824267818e-09, 'hidden_layer_sizes': 163, 'learning_rate_init': 0.0031896910980665997, 'tol': 1.7182935696037568e-05, 'validation_fraction': 0.2677612800491899}
observation time 0.000004, current best 44.589898 at iter 19
suggestion time taken 0.011709 iter 20 next_points [{'alpha': 0.00039356641919528334, 'batch_size': 188, 'beta_1': 0.9438938312665106, 'beta_2': 0.9999374176119988, 'epsilon': 1.1843487736298222e-07, 'hidden_layer_sizes': 141, 'learning_rate_init': 0.00011019424363055949, 'tol': 9.856547846005515e-05, 'validation_fraction': 0.29573142425760623}]
/home/ryedida/.local/lib/python3.8/site-packages/sklearn/neural_network/_multilayer_perceptron.py:702: ConvergenceWarning: Stochastic Optimizer: Maximum iterations (200) reached and the optimization hasn't converged yet.
  warnings.warn(

function_evaluation time 4.273440 value 150.742380 suggestion {'alpha': 0.00039356641919528334, 'batch_size': 188, 'beta_1': 0.9438938312665106, 'beta_2': 0.9999374176119988, 'epsilon': 1.1843487736298222e-07, 'hidden_layer_sizes': 141, 'learning_rate_init': 0.00011019424363055949, 'tol': 9.856547846005515e-05, 'validation_fraction': 0.29573142425760623}
observation time 0.000004, current best 44.589898 at iter 20
suggestion time taken 0.011581 iter 21 next_points [{'alpha': 1.3095971073166695, 'batch_size': 186, 'beta_1': 0.9790392289372671, 'beta_2': 0.9999919974317626, 'epsilon': 6.017417706131009e-07, 'hidden_layer_sizes': 50, 'learning_rate_init': 0.0075565572002991195, 'tol': 0.0018198693972555876, 'validation_fraction': 0.3297864122545615}]
function_evaluation time 2.764616 value 57.934162 suggestion {'alpha': 1.3095971073166695, 'batch_size': 186, 'beta_1': 0.9790392289372671, 'beta_2': 0.9999919974317626, 'epsilon': 6.017417706131009e-07, 'hidden_layer_sizes': 50, 'learning_rate_init': 0.0075565572002991195, 'tol': 0.0018198693972555876, 'validation_fraction': 0.3297864122545615}
observation time 0.000004, current best 44.589898 at iter 21
suggestion time taken 0.010605 iter 22 next_points [{'alpha': 0.0015185757097309757, 'batch_size': 133, 'beta_1': 0.9880160516353854, 'beta_2': 0.9998997462819869, 'epsilon': 4.6434800665587796e-07, 'hidden_layer_sizes': 135, 'learning_rate_init': 0.00028128383259921083, 'tol': 0.0036591857333747417, 'validation_fraction': 0.7896424551634946}]
/home/ryedida/.local/lib/python3.8/site-packages/sklearn/neural_network/_multilayer_perceptron.py:621: UserWarning: Got `batch_size` less than 1 or larger than sample size. It is going to be clipped
  warnings.warn(

function_evaluation time 0.181912 value 151.508551 suggestion {'alpha': 0.0015185757097309757, 'batch_size': 133, 'beta_1': 0.9880160516353854, 'beta_2': 0.9998997462819869, 'epsilon': 4.6434800665587796e-07, 'hidden_layer_sizes': 135, 'learning_rate_init': 0.00028128383259921083, 'tol': 0.0036591857333747417, 'validation_fraction': 0.7896424551634946}
observation time 0.000004, current best 44.589898 at iter 22
suggestion time taken 0.010730 iter 23 next_points [{'alpha': 0.0005175962333906094, 'batch_size': 49, 'beta_1': 0.9369788459531329, 'beta_2': 0.9874114022123022, 'epsilon': 1.421442628483903e-07, 'hidden_layer_sizes': 94, 'learning_rate_init': 0.02106417543031677, 'tol': 0.07220663325054612, 'validation_fraction': 0.3156587006733373}]
function_evaluation time 0.488975 value 51.954780 suggestion {'alpha': 0.0005175962333906094, 'batch_size': 49, 'beta_1': 0.9369788459531329, 'beta_2': 0.9874114022123022, 'epsilon': 1.421442628483903e-07, 'hidden_layer_sizes': 94, 'learning_rate_init': 0.02106417543031677, 'tol': 0.07220663325054612, 'validation_fraction': 0.3156587006733373}
observation time 0.000004, current best 44.589898 at iter 23
suggestion time taken 0.010924 iter 24 next_points [{'alpha': 0.5238729430543488, 'batch_size': 176, 'beta_1': 0.8744746856298627, 'beta_2': 0.9989089917163586, 'epsilon': 2.337353375564304e-09, 'hidden_layer_sizes': 104, 'learning_rate_init': 0.0006421708865416813, 'tol': 0.007074362994774079, 'validation_fraction': 0.10356509665065701}]
function_evaluation time 0.262680 value 151.474335 suggestion {'alpha': 0.5238729430543488, 'batch_size': 176, 'beta_1': 0.8744746856298627, 'beta_2': 0.9989089917163586, 'epsilon': 2.337353375564304e-09, 'hidden_layer_sizes': 104, 'learning_rate_init': 0.0006421708865416813, 'tol': 0.007074362994774079, 'validation_fraction': 0.10356509665065701}
observation time 0.000004, current best 44.589898 at iter 24
suggestion time taken 0.010809 iter 25 next_points [{'alpha': 3.5272644863761427e-05, 'batch_size': 138, 'beta_1': 0.9565464829493353, 'beta_2': 0.9751795512742037, 'epsilon': 5.2503193095230785e-08, 'hidden_layer_sizes': 154, 'learning_rate_init': 0.0010671222272154682, 'tol': 0.002085431207836136, 'validation_fraction': 0.46803535954433406}]
function_evaluation time 0.270087 value 151.056609 suggestion {'alpha': 3.5272644863761427e-05, 'batch_size': 138, 'beta_1': 0.9565464829493353, 'beta_2': 0.9751795512742037, 'epsilon': 5.2503193095230785e-08, 'hidden_layer_sizes': 154, 'learning_rate_init': 0.0010671222272154682, 'tol': 0.002085431207836136, 'validation_fraction': 0.46803535954433406}
observation time 0.000004, current best 44.589898 at iter 25
suggestion time taken 0.011622 iter 26 next_points [{'alpha': 0.00021944967564455718, 'batch_size': 16, 'beta_1': 0.9879392039968264, 'beta_2': 0.9978814645174741, 'epsilon': 2.842688225762507e-09, 'hidden_layer_sizes': 191, 'learning_rate_init': 0.003538893659535834, 'tol': 0.006125315734900481, 'validation_fraction': 0.10640986245972907}]
function_evaluation time 2.073066 value 50.299708 suggestion {'alpha': 0.00021944967564455718, 'batch_size': 16, 'beta_1': 0.9879392039968264, 'beta_2': 0.9978814645174741, 'epsilon': 2.842688225762507e-09, 'hidden_layer_sizes': 191, 'learning_rate_init': 0.003538893659535834, 'tol': 0.006125315734900481, 'validation_fraction': 0.10640986245972907}
observation time 0.000005, current best 44.589898 at iter 26
suggestion time taken 0.013228 iter 27 next_points [{'alpha': 1.8772949252959337, 'batch_size': 185, 'beta_1': 0.9756924535937234, 'beta_2': 0.9091670505783545, 'epsilon': 2.0819502994538876e-07, 'hidden_layer_sizes': 56, 'learning_rate_init': 0.0001738240308717859, 'tol': 1.998186168075661e-05, 'validation_fraction': 0.5886788342522137}]
/home/ryedida/.local/lib/python3.8/site-packages/sklearn/neural_network/_multilayer_perceptron.py:621: UserWarning: Got `batch_size` less than 1 or larger than sample size. It is going to be clipped
  warnings.warn(

/home/ryedida/.local/lib/python3.8/site-packages/sklearn/neural_network/_multilayer_perceptron.py:702: ConvergenceWarning: Stochastic Optimizer: Maximum iterations (200) reached and the optimization hasn't converged yet.
  warnings.warn(

function_evaluation time 2.404781 value 151.233785 suggestion {'alpha': 1.8772949252959337, 'batch_size': 185, 'beta_1': 0.9756924535937234, 'beta_2': 0.9091670505783545, 'epsilon': 2.0819502994538876e-07, 'hidden_layer_sizes': 56, 'learning_rate_init': 0.0001738240308717859, 'tol': 1.998186168075661e-05, 'validation_fraction': 0.5886788342522137}
observation time 0.000004, current best 44.589898 at iter 27
suggestion time taken 0.010592 iter 28 next_points [{'alpha': 0.05040939743541747, 'batch_size': 192, 'beta_1': 0.6172514833556458, 'beta_2': 0.9999460857592453, 'epsilon': 1.614397390497413e-09, 'hidden_layer_sizes': 122, 'learning_rate_init': 4.9268168228219166e-05, 'tol': 0.00016192527063136703, 'validation_fraction': 0.6222792076460542}]
/home/ryedida/.local/lib/python3.8/site-packages/sklearn/neural_network/_multilayer_perceptron.py:621: UserWarning: Got `batch_size` less than 1 or larger than sample size. It is going to be clipped
  warnings.warn(

function_evaluation time 0.182281 value 151.474881 suggestion {'alpha': 0.05040939743541747, 'batch_size': 192, 'beta_1': 0.6172514833556458, 'beta_2': 0.9999460857592453, 'epsilon': 1.614397390497413e-09, 'hidden_layer_sizes': 122, 'learning_rate_init': 4.9268168228219166e-05, 'tol': 0.00016192527063136703, 'validation_fraction': 0.6222792076460542}
observation time 0.000004, current best 44.589898 at iter 28
suggestion time taken 0.010552 iter 29 next_points [{'alpha': 2.0226631925647466e-05, 'batch_size': 201, 'beta_1': 0.7697139086678042, 'beta_2': 0.9994421169921296, 'epsilon': 5.528006548595103e-07, 'hidden_layer_sizes': 109, 'learning_rate_init': 1.2168220811928817e-05, 'tol': 0.0036093182010338803, 'validation_fraction': 0.8785780737489776}]
/home/ryedida/.local/lib/python3.8/site-packages/sklearn/neural_network/_multilayer_perceptron.py:621: UserWarning: Got `batch_size` less than 1 or larger than sample size. It is going to be clipped
  warnings.warn(

function_evaluation time 0.160649 value 151.579707 suggestion {'alpha': 2.0226631925647466e-05, 'batch_size': 201, 'beta_1': 0.7697139086678042, 'beta_2': 0.9994421169921296, 'epsilon': 5.528006548595103e-07, 'hidden_layer_sizes': 109, 'learning_rate_init': 1.2168220811928817e-05, 'tol': 0.0036093182010338803, 'validation_fraction': 0.8785780737489776}
observation time 0.000004, current best 44.589898 at iter 29
suggestion time taken 0.010634 iter 30 next_points [{'alpha': 1.2296766538548407e-05, 'batch_size': 32, 'beta_1': 0.5880865226054828, 'beta_2': 0.9999925282284268, 'epsilon': 2.380958817922362e-07, 'hidden_layer_sizes': 141, 'learning_rate_init': 0.0007556876347097763, 'tol': 0.003328360676942066, 'validation_fraction': 0.42264322625406847}]
/home/ryedida/.local/lib/python3.8/site-packages/sklearn/neural_network/_multilayer_perceptron.py:702: ConvergenceWarning: Stochastic Optimizer: Maximum iterations (200) reached and the optimization hasn't converged yet.
  warnings.warn(

function_evaluation time 6.967237 value 66.818722 suggestion {'alpha': 1.2296766538548407e-05, 'batch_size': 32, 'beta_1': 0.5880865226054828, 'beta_2': 0.9999925282284268, 'epsilon': 2.380958817922362e-07, 'hidden_layer_sizes': 141, 'learning_rate_init': 0.0007556876347097763, 'tol': 0.003328360676942066, 'validation_fraction': 0.42264322625406847}
observation time 0.000004, current best 44.589898 at iter 30
suggestion time taken 0.010426 iter 31 next_points [{'alpha': 0.01994650047038508, 'batch_size': 78, 'beta_1': 0.9627443602712514, 'beta_2': 0.9999857494129912, 'epsilon': 2.7793999186419027e-07, 'hidden_layer_sizes': 179, 'learning_rate_init': 0.0035550486684174662, 'tol': 0.0034993482682225837, 'validation_fraction': 0.5567730232895387}]
function_evaluation time 3.462914 value 52.566511 suggestion {'alpha': 0.01994650047038508, 'batch_size': 78, 'beta_1': 0.9627443602712514, 'beta_2': 0.9999857494129912, 'epsilon': 2.7793999186419027e-07, 'hidden_layer_sizes': 179, 'learning_rate_init': 0.0035550486684174662, 'tol': 0.0034993482682225837, 'validation_fraction': 0.5567730232895387}
observation time 0.000004, current best 44.589898 at iter 31
suggestion time taken 0.010619 iter 32 next_points [{'alpha': 0.06759862612237301, 'batch_size': 105, 'beta_1': 0.7910069685212167, 'beta_2': 0.9980811472701522, 'epsilon': 1.2640162807096761e-08, 'hidden_layer_sizes': 195, 'learning_rate_init': 0.016432183672301287, 'tol': 0.00042374533953344975, 'validation_fraction': 0.2689509497514391}]
function_evaluation time 3.203372 value 44.596349 suggestion {'alpha': 0.06759862612237301, 'batch_size': 105, 'beta_1': 0.7910069685212167, 'beta_2': 0.9980811472701522, 'epsilon': 1.2640162807096761e-08, 'hidden_layer_sizes': 195, 'learning_rate_init': 0.016432183672301287, 'tol': 0.00042374533953344975, 'validation_fraction': 0.2689509497514391}
observation time 0.000003, current best 44.589898 at iter 32
suggestion time taken 0.010423 iter 33 next_points [{'alpha': 1.2890361417936131, 'batch_size': 226, 'beta_1': 0.7703375363796469, 'beta_2': 0.9999986248086461, 'epsilon': 8.802941206503325e-07, 'hidden_layer_sizes': 133, 'learning_rate_init': 8.457788216094911e-05, 'tol': 0.015840666694933475, 'validation_fraction': 0.5449357460847978}]
/home/ryedida/.local/lib/python3.8/site-packages/sklearn/neural_network/_multilayer_perceptron.py:621: UserWarning: Got `batch_size` less than 1 or larger than sample size. It is going to be clipped
  warnings.warn(

function_evaluation time 0.195657 value 151.534503 suggestion {'alpha': 1.2890361417936131, 'batch_size': 226, 'beta_1': 0.7703375363796469, 'beta_2': 0.9999986248086461, 'epsilon': 8.802941206503325e-07, 'hidden_layer_sizes': 133, 'learning_rate_init': 8.457788216094911e-05, 'tol': 0.015840666694933475, 'validation_fraction': 0.5449357460847978}
observation time 0.000004, current best 44.589898 at iter 33
suggestion time taken 0.010909 iter 34 next_points [{'alpha': 2.1340945906791875e-05, 'batch_size': 129, 'beta_1': 0.8413656839857179, 'beta_2': 0.9999986119273067, 'epsilon': 1.1274655643833565e-09, 'hidden_layer_sizes': 115, 'learning_rate_init': 0.0005832705660540731, 'tol': 1.6962369644128767e-05, 'validation_fraction': 0.6347501002501014}]
/home/ryedida/.local/lib/python3.8/site-packages/sklearn/neural_network/_multilayer_perceptron.py:621: UserWarning: Got `batch_size` less than 1 or larger than sample size. It is going to be clipped
  warnings.warn(

/home/ryedida/.local/lib/python3.8/site-packages/sklearn/neural_network/_multilayer_perceptron.py:702: ConvergenceWarning: Stochastic Optimizer: Maximum iterations (200) reached and the optimization hasn't converged yet.
  warnings.warn(

function_evaluation time 2.678984 value 149.185152 suggestion {'alpha': 2.1340945906791875e-05, 'batch_size': 129, 'beta_1': 0.8413656839857179, 'beta_2': 0.9999986119273067, 'epsilon': 1.1274655643833565e-09, 'hidden_layer_sizes': 115, 'learning_rate_init': 0.0005832705660540731, 'tol': 1.6962369644128767e-05, 'validation_fraction': 0.6347501002501014}
observation time 0.000004, current best 44.589898 at iter 34
suggestion time taken 0.010385 iter 35 next_points [{'alpha': 0.0002636027441383278, 'batch_size': 68, 'beta_1': 0.9798669648709292, 'beta_2': 0.9997686423982272, 'epsilon': 7.230391235101734e-08, 'hidden_layer_sizes': 143, 'learning_rate_init': 0.0006605958070218552, 'tol': 0.0007706238162278512, 'validation_fraction': 0.26236803129752284}]
/home/ryedida/.local/lib/python3.8/site-packages/sklearn/neural_network/_multilayer_perceptron.py:702: ConvergenceWarning: Stochastic Optimizer: Maximum iterations (200) reached and the optimization hasn't converged yet.
  warnings.warn(

function_evaluation time 5.700481 value 116.206249 suggestion {'alpha': 0.0002636027441383278, 'batch_size': 68, 'beta_1': 0.9798669648709292, 'beta_2': 0.9997686423982272, 'epsilon': 7.230391235101734e-08, 'hidden_layer_sizes': 143, 'learning_rate_init': 0.0006605958070218552, 'tol': 0.0007706238162278512, 'validation_fraction': 0.26236803129752284}
observation time 0.000004, current best 44.589898 at iter 35
suggestion time taken 0.010337 iter 36 next_points [{'alpha': 0.0021226341323316166, 'batch_size': 172, 'beta_1': 0.9792909342472793, 'beta_2': 0.9996786579758555, 'epsilon': 4.5743487952676455e-07, 'hidden_layer_sizes': 80, 'learning_rate_init': 0.00028356480566779483, 'tol': 0.01665741041334102, 'validation_fraction': 0.5235831613552206}]
/home/ryedida/.local/lib/python3.8/site-packages/sklearn/neural_network/_multilayer_perceptron.py:621: UserWarning: Got `batch_size` less than 1 or larger than sample size. It is going to be clipped
  warnings.warn(

function_evaluation time 0.168616 value 151.572564 suggestion {'alpha': 0.0021226341323316166, 'batch_size': 172, 'beta_1': 0.9792909342472793, 'beta_2': 0.9996786579758555, 'epsilon': 4.5743487952676455e-07, 'hidden_layer_sizes': 80, 'learning_rate_init': 0.00028356480566779483, 'tol': 0.01665741041334102, 'validation_fraction': 0.5235831613552206}
observation time 0.000004, current best 44.589898 at iter 36
suggestion time taken 0.010345 iter 37 next_points [{'alpha': 5.8227045822832775, 'batch_size': 150, 'beta_1': 0.9820522126690996, 'beta_2': 0.9974639616398878, 'epsilon': 2.275020298586324e-08, 'hidden_layer_sizes': 144, 'learning_rate_init': 5.411234247531458e-05, 'tol': 0.00011839698946002354, 'validation_fraction': 0.7749220283765631}]
/home/ryedida/.local/lib/python3.8/site-packages/sklearn/neural_network/_multilayer_perceptron.py:621: UserWarning: Got `batch_size` less than 1 or larger than sample size. It is going to be clipped
  warnings.warn(

function_evaluation time 0.173891 value 151.497752 suggestion {'alpha': 5.8227045822832775, 'batch_size': 150, 'beta_1': 0.9820522126690996, 'beta_2': 0.9974639616398878, 'epsilon': 2.275020298586324e-08, 'hidden_layer_sizes': 144, 'learning_rate_init': 5.411234247531458e-05, 'tol': 0.00011839698946002354, 'validation_fraction': 0.7749220283765631}
observation time 0.000003, current best 44.589898 at iter 37
suggestion time taken 0.010444 iter 38 next_points [{'alpha': 0.00038276545331217304, 'batch_size': 239, 'beta_1': 0.9795024863971633, 'beta_2': 0.9999740256200013, 'epsilon': 4.956994701941552e-07, 'hidden_layer_sizes': 199, 'learning_rate_init': 0.00018215783910611476, 'tol': 7.133009541187222e-05, 'validation_fraction': 0.21887761318686508}]
/home/ryedida/.local/lib/python3.8/site-packages/sklearn/neural_network/_multilayer_perceptron.py:702: ConvergenceWarning: Stochastic Optimizer: Maximum iterations (200) reached and the optimization hasn't converged yet.
  warnings.warn(

function_evaluation time 3.964866 value 150.908100 suggestion {'alpha': 0.00038276545331217304, 'batch_size': 239, 'beta_1': 0.9795024863971633, 'beta_2': 0.9999740256200013, 'epsilon': 4.956994701941552e-07, 'hidden_layer_sizes': 199, 'learning_rate_init': 0.00018215783910611476, 'tol': 7.133009541187222e-05, 'validation_fraction': 0.21887761318686508}
observation time 0.000004, current best 44.589898 at iter 38
suggestion time taken 0.010480 iter 39 next_points [{'alpha': 2.083764746323521, 'batch_size': 184, 'beta_1': 0.9895203194004105, 'beta_2': 0.9974963183973303, 'epsilon': 6.8693482535424576e-09, 'hidden_layer_sizes': 134, 'learning_rate_init': 0.005653358515277668, 'tol': 0.01725526508257079, 'validation_fraction': 0.18113301206221524}]
function_evaluation time 0.261896 value 149.114725 suggestion {'alpha': 2.083764746323521, 'batch_size': 184, 'beta_1': 0.9895203194004105, 'beta_2': 0.9974963183973303, 'epsilon': 6.8693482535424576e-09, 'hidden_layer_sizes': 134, 'learning_rate_init': 0.005653358515277668, 'tol': 0.01725526508257079, 'validation_fraction': 0.18113301206221524}
observation time 0.000004, current best 44.589898 at iter 39
suggestion time taken 0.010373 iter 40 next_points [{'alpha': 0.00047235082371485757, 'batch_size': 77, 'beta_1': 0.6167259132209344, 'beta_2': 0.9999989009870208, 'epsilon': 9.41185989822445e-09, 'hidden_layer_sizes': 108, 'learning_rate_init': 0.003643380290239532, 'tol': 0.0003823841897873948, 'validation_fraction': 0.7068906699011184}]
/home/ryedida/.local/lib/python3.8/site-packages/sklearn/neural_network/_multilayer_perceptron.py:702: ConvergenceWarning: Stochastic Optimizer: Maximum iterations (200) reached and the optimization hasn't converged yet.
  warnings.warn(

function_evaluation time 3.281113 value 56.982668 suggestion {'alpha': 0.00047235082371485757, 'batch_size': 77, 'beta_1': 0.6167259132209344, 'beta_2': 0.9999989009870208, 'epsilon': 9.41185989822445e-09, 'hidden_layer_sizes': 108, 'learning_rate_init': 0.003643380290239532, 'tol': 0.0003823841897873948, 'validation_fraction': 0.7068906699011184}
observation time 0.000004, current best 44.589898 at iter 40
suggestion time taken 0.010450 iter 41 next_points [{'alpha': 0.42312025496289746, 'batch_size': 75, 'beta_1': 0.8059653564162778, 'beta_2': 0.9998872318484241, 'epsilon': 3.2721399338563956e-09, 'hidden_layer_sizes': 118, 'learning_rate_init': 0.04850199867950081, 'tol': 0.001062688691541723, 'validation_fraction': 0.8730395450963246}]
/home/ryedida/.local/lib/python3.8/site-packages/sklearn/neural_network/_multilayer_perceptron.py:621: UserWarning: Got `batch_size` less than 1 or larger than sample size. It is going to be clipped
  warnings.warn(

function_evaluation time 0.804269 value 49.272443 suggestion {'alpha': 0.42312025496289746, 'batch_size': 75, 'beta_1': 0.8059653564162778, 'beta_2': 0.9998872318484241, 'epsilon': 3.2721399338563956e-09, 'hidden_layer_sizes': 118, 'learning_rate_init': 0.04850199867950081, 'tol': 0.001062688691541723, 'validation_fraction': 0.8730395450963246}
observation time 0.000004, current best 44.589898 at iter 41
suggestion time taken 0.010547 iter 42 next_points [{'alpha': 0.12062816956553975, 'batch_size': 234, 'beta_1': 0.9806428584924324, 'beta_2': 0.999985865438707, 'epsilon': 8.144760542683689e-07, 'hidden_layer_sizes': 59, 'learning_rate_init': 0.0008097635752783661, 'tol': 0.07977936738659079, 'validation_fraction': 0.24529224949091294}]
function_evaluation time 0.179172 value 151.501072 suggestion {'alpha': 0.12062816956553975, 'batch_size': 234, 'beta_1': 0.9806428584924324, 'beta_2': 0.999985865438707, 'epsilon': 8.144760542683689e-07, 'hidden_layer_sizes': 59, 'learning_rate_init': 0.0008097635752783661, 'tol': 0.07977936738659079, 'validation_fraction': 0.24529224949091294}
observation time 0.000004, current best 44.589898 at iter 42
suggestion time taken 0.010528 iter 43 next_points [{'alpha': 6.466913577591963e-05, 'batch_size': 156, 'beta_1': 0.9784806361997145, 'beta_2': 0.9833934592504218, 'epsilon': 2.330369110633282e-09, 'hidden_layer_sizes': 159, 'learning_rate_init': 0.06407260094859182, 'tol': 0.003143213492752729, 'validation_fraction': 0.637280935807067}]
/home/ryedida/.local/lib/python3.8/site-packages/sklearn/neural_network/_multilayer_perceptron.py:621: UserWarning: Got `batch_size` less than 1 or larger than sample size. It is going to be clipped
  warnings.warn(

function_evaluation time 0.554649 value 55.253138 suggestion {'alpha': 6.466913577591963e-05, 'batch_size': 156, 'beta_1': 0.9784806361997145, 'beta_2': 0.9833934592504218, 'epsilon': 2.330369110633282e-09, 'hidden_layer_sizes': 159, 'learning_rate_init': 0.06407260094859182, 'tol': 0.003143213492752729, 'validation_fraction': 0.637280935807067}
observation time 0.000004, current best 44.589898 at iter 43
suggestion time taken 0.010495 iter 44 next_points [{'alpha': 0.24153465348260697, 'batch_size': 99, 'beta_1': 0.8485716212836041, 'beta_2': 0.9997598007964534, 'epsilon': 4.973065757422759e-08, 'hidden_layer_sizes': 87, 'learning_rate_init': 0.000818710234807093, 'tol': 0.02010390380898153, 'validation_fraction': 0.12931599200452606}]
function_evaluation time 0.181522 value 151.155561 suggestion {'alpha': 0.24153465348260697, 'batch_size': 99, 'beta_1': 0.8485716212836041, 'beta_2': 0.9997598007964534, 'epsilon': 4.973065757422759e-08, 'hidden_layer_sizes': 87, 'learning_rate_init': 0.000818710234807093, 'tol': 0.02010390380898153, 'validation_fraction': 0.12931599200452606}
observation time 0.000002, current best 44.589898 at iter 44
saving meta data: {'args': {'--uuid': '78c2f725989d5439aca2fc134f863cc8', '-db-root': '/home/ryedida/bbo_challenge_starter_kit/output', '--opt-root': '/home/ryedida/bbo_challenge_starter_kit/example_submissions', '--data-root': None, '--db': 'run_20231015_191245', '--opt': 'random', '--data': 'diabetes', '--classifier': 'MLP-adam', '--metric': 'mae', '--calls': 45, '--suggestions': 1, '--jobs-file': None, '--verbose': False, 'dry_run': False, 'rev': 'a376313', 'opt_rev': '0.0.8'}, 'signature': ([{'alpha': 0.019628224813442792, 'batch_size': 182, 'beta_1': 0.9410202200271762, 'beta_2': 0.9998021557676793, 'epsilon': 1.8662266976518e-08, 'hidden_layer_sizes': 147, 'learning_rate_init': 0.0005627932047415167, 'tol': 0.03690557729213761, 'validation_fraction': 0.8846827852548593}, {'alpha': 0.001998246739232944, 'batch_size': 200, 'beta_1': 0.919111482530466, 'beta_2': 0.9998488260436156, 'epsilon': 5.981221901152555e-07, 'hidden_layer_sizes': 61, 'learning_rate_init': 2.2310905607443014e-05, 'tol': 1.2046852412030316e-05, 'validation_fraction': 0.8117896445826539}, {'alpha': 0.46659545670218433, 'batch_size': 219, 'beta_1': 0.9889789783750891, 'beta_2': 0.9999896868093284, 'epsilon': 2.4234724484675948e-08, 'hidden_layer_sizes': 167, 'learning_rate_init': 2.972334644335654e-05, 'tol': 0.0036281404040243792, 'validation_fraction': 0.17260651658522078}, {'alpha': 4.656005689076002, 'batch_size': 135, 'beta_1': 0.870503881627747, 'beta_2': 0.9948873266941017, 'epsilon': 2.1023308743480125e-07, 'hidden_layer_sizes': 118, 'learning_rate_init': 0.001878173875716191, 'tol': 1.1889379831773006e-05, 'validation_fraction': 0.6264327093752792}, {'alpha': 0.04705159350400542, 'batch_size': 158, 'beta_1': 0.9870884262730957, 'beta_2': 0.9999596874382349, 'epsilon': 1.1981845126013875e-08, 'hidden_layer_sizes': 116, 'learning_rate_init': 0.006173405204074311, 'tol': 1.7414134181586194e-05, 'validation_fraction': 0.6754299026638921}], [151.4971925380264, 151.42763539278994, 151.47026299046811, 136.86202504264318, 75.2055865763391])}
saving results
saving timing
saving suggest log
done
