running: {'--uuid': '7b3dabd9b032555f819a0f750fd558b4', '-db-root': '/home/ryedida/bbo_challenge_starter_kit/output', '--opt-root': '/home/ryedida/bbo_challenge_starter_kit/example_submissions', '--data-root': None, '--db': 'run_20231015_191245', '--opt': 'random', '--data': 'diabetes', '--classifier': 'MLP-adam', '--metric': 'mse', '--calls': 45, '--suggestions': 1, '--jobs-file': None, '--verbose': False, 'dry_run': False, 'rev': 'a376313', 'opt_rev': '0.0.8'}
cmd: python /home/ryedida/.local/bin/bayesmark-exp -c MLP-adam -d diabetes -o random -u 7b3dabd9b032555f819a0f750fd558b4 -m mse -n 45 -p 1 -dir /home/ryedida/bbo_challenge_starter_kit/output -b run_20231015_191245
/home/ryedida/.local/lib/python3.8/site-packages/sklearn/neural_network/_multilayer_perceptron.py:621: UserWarning: Got `batch_size` less than 1 or larger than sample size. It is going to be clipped
  warnings.warn(

/home/ryedida/.local/lib/python3.8/site-packages/sklearn/neural_network/_multilayer_perceptron.py:621: UserWarning: Got `batch_size` less than 1 or larger than sample size. It is going to be clipped
  warnings.warn(

/home/ryedida/.local/lib/python3.8/site-packages/sklearn/neural_network/_multilayer_perceptron.py:621: UserWarning: Got `batch_size` less than 1 or larger than sample size. It is going to be clipped
  warnings.warn(

/home/ryedida/.local/lib/python3.8/site-packages/sklearn/neural_network/_multilayer_perceptron.py:702: ConvergenceWarning: Stochastic Optimizer: Maximum iterations (200) reached and the optimization hasn't converged yet.
  warnings.warn(

/home/ryedida/.local/lib/python3.8/site-packages/sklearn/neural_network/_multilayer_perceptron.py:621: UserWarning: Got `batch_size` less than 1 or larger than sample size. It is going to be clipped
  warnings.warn(

/home/ryedida/.local/lib/python3.8/site-packages/sklearn/neural_network/_multilayer_perceptron.py:702: ConvergenceWarning: Stochastic Optimizer: Maximum iterations (200) reached and the optimization hasn't converged yet.
  warnings.warn(

computed signature: ([{'alpha': 0.019628224813442792, 'batch_size': 182, 'beta_1': 0.9410202200271762, 'beta_2': 0.9998021557676793, 'epsilon': 1.8662266976518e-08, 'hidden_layer_sizes': 147, 'learning_rate_init': 0.0005627932047415167, 'tol': 0.03690557729213761, 'validation_fraction': 0.8846827852548593}, {'alpha': 0.001998246739232944, 'batch_size': 200, 'beta_1': 0.919111482530466, 'beta_2': 0.9998488260436156, 'epsilon': 5.981221901152555e-07, 'hidden_layer_sizes': 61, 'learning_rate_init': 2.2310905607443014e-05, 'tol': 1.2046852412030316e-05, 'validation_fraction': 0.8117896445826539}, {'alpha': 0.46659545670218433, 'batch_size': 219, 'beta_1': 0.9889789783750891, 'beta_2': 0.9999896868093284, 'epsilon': 2.4234724484675948e-08, 'hidden_layer_sizes': 167, 'learning_rate_init': 2.972334644335654e-05, 'tol': 0.0036281404040243792, 'validation_fraction': 0.17260651658522078}, {'alpha': 4.656005689076002, 'batch_size': 135, 'beta_1': 0.870503881627747, 'beta_2': 0.9948873266941017, 'epsilon': 2.1023308743480125e-07, 'hidden_layer_sizes': 118, 'learning_rate_init': 0.001878173875716191, 'tol': 1.1889379831773006e-05, 'validation_fraction': 0.6264327093752792}, {'alpha': 0.04705159350400542, 'batch_size': 158, 'beta_1': 0.9870884262730957, 'beta_2': 0.9999596874382349, 'epsilon': 1.1981845126013875e-08, 'hidden_layer_sizes': 116, 'learning_rate_init': 0.006173405204074311, 'tol': 1.7414134181586194e-05, 'validation_fraction': 0.6754299026638921}], [29083.993548572587, 29062.423277324073, 29075.78987471409, 24626.32866834337, 9584.226858493173])
/home/ryedida/.local/lib/python3.8/site-packages/bayesmark/experiment.py:470: UserWarning: Baselines not found. Will not log intermediate scores.
  warnings.warn("Baselines not found. Will not log intermediate scores.")

starting sklearn study random MLP-adam diabetes mse 45 1
with data root: None
suggestion time taken 0.010839 iter 0 next_points [{'alpha': 3.221719499679947e-05, 'batch_size': 61, 'beta_1': 0.5810266322323612, 'beta_2': 0.9998848494636376, 'epsilon': 2.4289212830284483e-09, 'hidden_layer_sizes': 108, 'learning_rate_init': 9.49687666781116e-05, 'tol': 0.004650503981708293, 'validation_fraction': 0.8727189500149967}]
/home/ryedida/.local/lib/python3.8/site-packages/sklearn/neural_network/_multilayer_perceptron.py:621: UserWarning: Got `batch_size` less than 1 or larger than sample size. It is going to be clipped
  warnings.warn(

function_evaluation time 0.162435 value 29126.070673 suggestion {'alpha': 3.221719499679947e-05, 'batch_size': 61, 'beta_1': 0.5810266322323612, 'beta_2': 0.9998848494636376, 'epsilon': 2.4289212830284483e-09, 'hidden_layer_sizes': 108, 'learning_rate_init': 9.49687666781116e-05, 'tol': 0.004650503981708293, 'validation_fraction': 0.8727189500149967}
observation time 0.000005, current best 29126.070673 at iter 0
suggestion time taken 0.010321 iter 1 next_points [{'alpha': 0.0026811262173667616, 'batch_size': 18, 'beta_1': 0.5747294053020973, 'beta_2': 0.9955199470839526, 'epsilon': 7.971668140848839e-07, 'hidden_layer_sizes': 196, 'learning_rate_init': 0.04534840123600568, 'tol': 1.1413056426735406e-05, 'validation_fraction': 0.5887187612816653}]
function_evaluation time 2.139871 value 2939.396272 suggestion {'alpha': 0.0026811262173667616, 'batch_size': 18, 'beta_1': 0.5747294053020973, 'beta_2': 0.9955199470839526, 'epsilon': 7.971668140848839e-07, 'hidden_layer_sizes': 196, 'learning_rate_init': 0.04534840123600568, 'tol': 1.1413056426735406e-05, 'validation_fraction': 0.5887187612816653}
observation time 0.000004, current best 2939.396272 at iter 1
suggestion time taken 0.010678 iter 2 next_points [{'alpha': 2.9646194867780666, 'batch_size': 57, 'beta_1': 0.9813213274828164, 'beta_2': 0.9999935850949522, 'epsilon': 6.333621866295641e-09, 'hidden_layer_sizes': 135, 'learning_rate_init': 0.0006507041083593988, 'tol': 7.316023729423824e-05, 'validation_fraction': 0.11370953594639702}]
/home/ryedida/.local/lib/python3.8/site-packages/sklearn/neural_network/_multilayer_perceptron.py:702: ConvergenceWarning: Stochastic Optimizer: Maximum iterations (200) reached and the optimization hasn't converged yet.
  warnings.warn(

function_evaluation time 3.128603 value 15401.600191 suggestion {'alpha': 2.9646194867780666, 'batch_size': 57, 'beta_1': 0.9813213274828164, 'beta_2': 0.9999935850949522, 'epsilon': 6.333621866295641e-09, 'hidden_layer_sizes': 135, 'learning_rate_init': 0.0006507041083593988, 'tol': 7.316023729423824e-05, 'validation_fraction': 0.11370953594639702}
observation time 0.000003, current best 2939.396272 at iter 2
suggestion time taken 0.010749 iter 3 next_points [{'alpha': 0.8047516044479718, 'batch_size': 30, 'beta_1': 0.790041317197149, 'beta_2': 0.9999479677925373, 'epsilon': 3.854520279787027e-09, 'hidden_layer_sizes': 59, 'learning_rate_init': 0.012083057446464155, 'tol': 0.002238505030269418, 'validation_fraction': 0.34143289238314917}]
function_evaluation time 1.383735 value 3025.291968 suggestion {'alpha': 0.8047516044479718, 'batch_size': 30, 'beta_1': 0.790041317197149, 'beta_2': 0.9999479677925373, 'epsilon': 3.854520279787027e-09, 'hidden_layer_sizes': 59, 'learning_rate_init': 0.012083057446464155, 'tol': 0.002238505030269418, 'validation_fraction': 0.34143289238314917}
observation time 0.000002, current best 2939.396272 at iter 3
suggestion time taken 0.003926 iter 4 next_points [{'alpha': 2.9877049015318512e-05, 'batch_size': 200, 'beta_1': 0.98429528702833, 'beta_2': 0.9975218158803791, 'epsilon': 4.6869747023124745e-07, 'hidden_layer_sizes': 72, 'learning_rate_init': 0.00016409771517530161, 'tol': 0.00013051976510078267, 'validation_fraction': 0.8256634494056988}]
/home/ryedida/.local/lib/python3.8/site-packages/sklearn/neural_network/_multilayer_perceptron.py:621: UserWarning: Got `batch_size` less than 1 or larger than sample size. It is going to be clipped
  warnings.warn(

function_evaluation time 0.149240 value 29122.968954 suggestion {'alpha': 2.9877049015318512e-05, 'batch_size': 200, 'beta_1': 0.98429528702833, 'beta_2': 0.9975218158803791, 'epsilon': 4.6869747023124745e-07, 'hidden_layer_sizes': 72, 'learning_rate_init': 0.00016409771517530161, 'tol': 0.00013051976510078267, 'validation_fraction': 0.8256634494056988}
observation time 0.000003, current best 2939.396272 at iter 4
suggestion time taken 0.010801 iter 5 next_points [{'alpha': 0.08280459481424475, 'batch_size': 198, 'beta_1': 0.9419740002855784, 'beta_2': 0.9990291093556579, 'epsilon': 2.5782848605795828e-09, 'hidden_layer_sizes': 72, 'learning_rate_init': 0.00020389382971723849, 'tol': 0.0779155675585669, 'validation_fraction': 0.2756517707364868}]
function_evaluation time 0.221896 value 29032.774129 suggestion {'alpha': 0.08280459481424475, 'batch_size': 198, 'beta_1': 0.9419740002855784, 'beta_2': 0.9990291093556579, 'epsilon': 2.5782848605795828e-09, 'hidden_layer_sizes': 72, 'learning_rate_init': 0.00020389382971723849, 'tol': 0.0779155675585669, 'validation_fraction': 0.2756517707364868}
observation time 0.000004, current best 2939.396272 at iter 5
suggestion time taken 0.011327 iter 6 next_points [{'alpha': 0.014824083411373989, 'batch_size': 115, 'beta_1': 0.5176560777459335, 'beta_2': 0.9998784989218529, 'epsilon': 3.733315753086694e-07, 'hidden_layer_sizes': 82, 'learning_rate_init': 0.029815072557993223, 'tol': 0.011087387347108436, 'validation_fraction': 0.1680115712856851}]
function_evaluation time 0.947037 value 3404.313254 suggestion {'alpha': 0.014824083411373989, 'batch_size': 115, 'beta_1': 0.5176560777459335, 'beta_2': 0.9998784989218529, 'epsilon': 3.733315753086694e-07, 'hidden_layer_sizes': 82, 'learning_rate_init': 0.029815072557993223, 'tol': 0.011087387347108436, 'validation_fraction': 0.1680115712856851}
observation time 0.000004, current best 2939.396272 at iter 6
suggestion time taken 0.010529 iter 7 next_points [{'alpha': 0.00045582443033197895, 'batch_size': 208, 'beta_1': 0.6906824980547975, 'beta_2': 0.9963827632822225, 'epsilon': 6.010336436633791e-08, 'hidden_layer_sizes': 114, 'learning_rate_init': 9.737538976970719e-05, 'tol': 0.00025870125131706917, 'validation_fraction': 0.3708627456591984}]
function_evaluation time 0.207154 value 29109.162256 suggestion {'alpha': 0.00045582443033197895, 'batch_size': 208, 'beta_1': 0.6906824980547975, 'beta_2': 0.9963827632822225, 'epsilon': 6.010336436633791e-08, 'hidden_layer_sizes': 114, 'learning_rate_init': 9.737538976970719e-05, 'tol': 0.00025870125131706917, 'validation_fraction': 0.3708627456591984}
observation time 0.000004, current best 2939.396272 at iter 7
suggestion time taken 0.010659 iter 8 next_points [{'alpha': 0.0019905521398170616, 'batch_size': 130, 'beta_1': 0.9453197385720422, 'beta_2': 0.9999822976040463, 'epsilon': 1.8549790749998573e-08, 'hidden_layer_sizes': 199, 'learning_rate_init': 0.0002590498317596393, 'tol': 0.0014112719054716453, 'validation_fraction': 0.2564758969171041}]
function_evaluation time 0.325435 value 29086.698431 suggestion {'alpha': 0.0019905521398170616, 'batch_size': 130, 'beta_1': 0.9453197385720422, 'beta_2': 0.9999822976040463, 'epsilon': 1.8549790749998573e-08, 'hidden_layer_sizes': 199, 'learning_rate_init': 0.0002590498317596393, 'tol': 0.0014112719054716453, 'validation_fraction': 0.2564758969171041}
observation time 0.000003, current best 2939.396272 at iter 8
suggestion time taken 0.010477 iter 9 next_points [{'alpha': 0.4623221988861493, 'batch_size': 20, 'beta_1': 0.9705808203180251, 'beta_2': 0.9431836909653678, 'epsilon': 2.8490962816879476e-09, 'hidden_layer_sizes': 185, 'learning_rate_init': 0.09069477244132393, 'tol': 0.002384333574341751, 'validation_fraction': 0.27004588203267005}]
function_evaluation time 1.432356 value 3062.244723 suggestion {'alpha': 0.4623221988861493, 'batch_size': 20, 'beta_1': 0.9705808203180251, 'beta_2': 0.9431836909653678, 'epsilon': 2.8490962816879476e-09, 'hidden_layer_sizes': 185, 'learning_rate_init': 0.09069477244132393, 'tol': 0.002384333574341751, 'validation_fraction': 0.27004588203267005}
observation time 0.000003, current best 2939.396272 at iter 9
suggestion time taken 0.011248 iter 10 next_points [{'alpha': 5.524527706313081, 'batch_size': 21, 'beta_1': 0.9758247594571481, 'beta_2': 0.999983999131137, 'epsilon': 1.336243358115769e-08, 'hidden_layer_sizes': 166, 'learning_rate_init': 0.00596514495206141, 'tol': 0.00016465917096423913, 'validation_fraction': 0.7652051127831497}]
/home/ryedida/.local/lib/python3.8/site-packages/sklearn/neural_network/_multilayer_perceptron.py:702: ConvergenceWarning: Stochastic Optimizer: Maximum iterations (200) reached and the optimization hasn't converged yet.
  warnings.warn(

function_evaluation time 2.985425 value 4259.670217 suggestion {'alpha': 5.524527706313081, 'batch_size': 21, 'beta_1': 0.9758247594571481, 'beta_2': 0.999983999131137, 'epsilon': 1.336243358115769e-08, 'hidden_layer_sizes': 166, 'learning_rate_init': 0.00596514495206141, 'tol': 0.00016465917096423913, 'validation_fraction': 0.7652051127831497}
observation time 0.000004, current best 2939.396272 at iter 10
suggestion time taken 0.013010 iter 11 next_points [{'alpha': 0.00016513168821893624, 'batch_size': 242, 'beta_1': 0.9764445906143786, 'beta_2': 0.9179215796281974, 'epsilon': 4.9620807842792845e-08, 'hidden_layer_sizes': 65, 'learning_rate_init': 0.0004249400035986123, 'tol': 1.6710484300407697e-05, 'validation_fraction': 0.31755954380682755}]
/home/ryedida/.local/lib/python3.8/site-packages/sklearn/neural_network/_multilayer_perceptron.py:621: UserWarning: Got `batch_size` less than 1 or larger than sample size. It is going to be clipped
  warnings.warn(

/home/ryedida/.local/lib/python3.8/site-packages/sklearn/neural_network/_multilayer_perceptron.py:702: ConvergenceWarning: Stochastic Optimizer: Maximum iterations (200) reached and the optimization hasn't converged yet.
  warnings.warn(

function_evaluation time 2.609759 value 28839.296848 suggestion {'alpha': 0.00016513168821893624, 'batch_size': 242, 'beta_1': 0.9764445906143786, 'beta_2': 0.9179215796281974, 'epsilon': 4.9620807842792845e-08, 'hidden_layer_sizes': 65, 'learning_rate_init': 0.0004249400035986123, 'tol': 1.6710484300407697e-05, 'validation_fraction': 0.31755954380682755}
observation time 0.000004, current best 2939.396272 at iter 11
suggestion time taken 0.010551 iter 12 next_points [{'alpha': 1.340967313977002e-05, 'batch_size': 108, 'beta_1': 0.9571251188626182, 'beta_2': 0.9999509578395641, 'epsilon': 2.740725959134054e-08, 'hidden_layer_sizes': 133, 'learning_rate_init': 5.567500760663641e-05, 'tol': 0.001895921134399174, 'validation_fraction': 0.8226882493061025}]
/home/ryedida/.local/lib/python3.8/site-packages/sklearn/neural_network/_multilayer_perceptron.py:621: UserWarning: Got `batch_size` less than 1 or larger than sample size. It is going to be clipped
  warnings.warn(

function_evaluation time 0.170846 value 29112.643922 suggestion {'alpha': 1.340967313977002e-05, 'batch_size': 108, 'beta_1': 0.9571251188626182, 'beta_2': 0.9999509578395641, 'epsilon': 2.740725959134054e-08, 'hidden_layer_sizes': 133, 'learning_rate_init': 5.567500760663641e-05, 'tol': 0.001895921134399174, 'validation_fraction': 0.8226882493061025}
observation time 0.000004, current best 2939.396272 at iter 12
suggestion time taken 0.010631 iter 13 next_points [{'alpha': 8.91853690153771, 'batch_size': 72, 'beta_1': 0.8934638482340715, 'beta_2': 0.9951196416164045, 'epsilon': 5.307590313202692e-09, 'hidden_layer_sizes': 166, 'learning_rate_init': 0.05177678011730649, 'tol': 0.024521580019196364, 'validation_fraction': 0.8478131024091473}]
/home/ryedida/.local/lib/python3.8/site-packages/sklearn/neural_network/_multilayer_perceptron.py:621: UserWarning: Got `batch_size` less than 1 or larger than sample size. It is going to be clipped
  warnings.warn(

function_evaluation time 0.517929 value 4206.980514 suggestion {'alpha': 8.91853690153771, 'batch_size': 72, 'beta_1': 0.8934638482340715, 'beta_2': 0.9951196416164045, 'epsilon': 5.307590313202692e-09, 'hidden_layer_sizes': 166, 'learning_rate_init': 0.05177678011730649, 'tol': 0.024521580019196364, 'validation_fraction': 0.8478131024091473}
observation time 0.000003, current best 2939.396272 at iter 13
suggestion time taken 0.010610 iter 14 next_points [{'alpha': 0.00028048493860610127, 'batch_size': 62, 'beta_1': 0.9810871020992948, 'beta_2': 0.9996602058551384, 'epsilon': 1.013608096929178e-07, 'hidden_layer_sizes': 154, 'learning_rate_init': 0.0009872298258911329, 'tol': 0.09264465605992149, 'validation_fraction': 0.18662850710844014}]
function_evaluation time 0.386148 value 28873.787463 suggestion {'alpha': 0.00028048493860610127, 'batch_size': 62, 'beta_1': 0.9810871020992948, 'beta_2': 0.9996602058551384, 'epsilon': 1.013608096929178e-07, 'hidden_layer_sizes': 154, 'learning_rate_init': 0.0009872298258911329, 'tol': 0.09264465605992149, 'validation_fraction': 0.18662850710844014}
observation time 0.000003, current best 2939.396272 at iter 14
suggestion time taken 0.010442 iter 15 next_points [{'alpha': 0.00018325000108845236, 'batch_size': 18, 'beta_1': 0.9003093364747599, 'beta_2': 0.9997885779065325, 'epsilon': 1.084600251828519e-08, 'hidden_layer_sizes': 147, 'learning_rate_init': 0.0010229888378035835, 'tol': 0.0016383924325596212, 'validation_fraction': 0.4947305483641813}]
function_evaluation time 8.169463 value 3904.180098 suggestion {'alpha': 0.00018325000108845236, 'batch_size': 18, 'beta_1': 0.9003093364747599, 'beta_2': 0.9997885779065325, 'epsilon': 1.084600251828519e-08, 'hidden_layer_sizes': 147, 'learning_rate_init': 0.0010229888378035835, 'tol': 0.0016383924325596212, 'validation_fraction': 0.4947305483641813}
observation time 0.000004, current best 2939.396272 at iter 15
suggestion time taken 0.010267 iter 16 next_points [{'alpha': 0.0038422151622949157, 'batch_size': 34, 'beta_1': 0.9087706937562677, 'beta_2': 0.9196517833684479, 'epsilon': 5.015202480165087e-09, 'hidden_layer_sizes': 67, 'learning_rate_init': 0.04960758696745541, 'tol': 0.003737677370165307, 'validation_fraction': 0.2792365132929718}]
function_evaluation time 0.531136 value 2921.852681 suggestion {'alpha': 0.0038422151622949157, 'batch_size': 34, 'beta_1': 0.9087706937562677, 'beta_2': 0.9196517833684479, 'epsilon': 5.015202480165087e-09, 'hidden_layer_sizes': 67, 'learning_rate_init': 0.04960758696745541, 'tol': 0.003737677370165307, 'validation_fraction': 0.2792365132929718}
observation time 0.000002, current best 2921.852681 at iter 16
suggestion time taken 0.003877 iter 17 next_points [{'alpha': 2.5628541300829568e-05, 'batch_size': 248, 'beta_1': 0.9137275448029659, 'beta_2': 0.943831358502491, 'epsilon': 8.575706303278232e-09, 'hidden_layer_sizes': 105, 'learning_rate_init': 0.006500451547013604, 'tol': 0.00022816040192796035, 'validation_fraction': 0.15715045223661292}]
/home/ryedida/.local/lib/python3.8/site-packages/sklearn/neural_network/_multilayer_perceptron.py:702: ConvergenceWarning: Stochastic Optimizer: Maximum iterations (200) reached and the optimization hasn't converged yet.
  warnings.warn(

function_evaluation time 3.320379 value 9135.551023 suggestion {'alpha': 2.5628541300829568e-05, 'batch_size': 248, 'beta_1': 0.9137275448029659, 'beta_2': 0.943831358502491, 'epsilon': 8.575706303278232e-09, 'hidden_layer_sizes': 105, 'learning_rate_init': 0.006500451547013604, 'tol': 0.00022816040192796035, 'validation_fraction': 0.15715045223661292}
observation time 0.000003, current best 2921.852681 at iter 17
suggestion time taken 0.010615 iter 18 next_points [{'alpha': 1.0994870439314048e-05, 'batch_size': 74, 'beta_1': 0.9314446072818441, 'beta_2': 0.9999952147605344, 'epsilon': 5.377431778311678e-09, 'hidden_layer_sizes': 101, 'learning_rate_init': 0.04593123771928501, 'tol': 0.055561639565549666, 'validation_fraction': 0.3812270200222786}]
function_evaluation time 0.607879 value 3353.728611 suggestion {'alpha': 1.0994870439314048e-05, 'batch_size': 74, 'beta_1': 0.9314446072818441, 'beta_2': 0.9999952147605344, 'epsilon': 5.377431778311678e-09, 'hidden_layer_sizes': 101, 'learning_rate_init': 0.04593123771928501, 'tol': 0.055561639565549666, 'validation_fraction': 0.3812270200222786}
observation time 0.000003, current best 2921.852681 at iter 18
suggestion time taken 0.010580 iter 19 next_points [{'alpha': 8.067208699935661e-05, 'batch_size': 47, 'beta_1': 0.5321684910885933, 'beta_2': 0.9462827751716659, 'epsilon': 5.717521852865041e-08, 'hidden_layer_sizes': 90, 'learning_rate_init': 0.06171002657444488, 'tol': 0.003464668765153607, 'validation_fraction': 0.20340436362140726}]
function_evaluation time 0.463467 value 2952.027025 suggestion {'alpha': 8.067208699935661e-05, 'batch_size': 47, 'beta_1': 0.5321684910885933, 'beta_2': 0.9462827751716659, 'epsilon': 5.717521852865041e-08, 'hidden_layer_sizes': 90, 'learning_rate_init': 0.06171002657444488, 'tol': 0.003464668765153607, 'validation_fraction': 0.20340436362140726}
observation time 0.000002, current best 2921.852681 at iter 19
suggestion time taken 0.003852 iter 20 next_points [{'alpha': 0.18276924203490588, 'batch_size': 237, 'beta_1': 0.9450728981274183, 'beta_2': 0.9999978700372519, 'epsilon': 5.617382196663422e-07, 'hidden_layer_sizes': 148, 'learning_rate_init': 0.026847852327286897, 'tol': 3.7836694406280485e-05, 'validation_fraction': 0.8122133043657344}]
/home/ryedida/.local/lib/python3.8/site-packages/sklearn/neural_network/_multilayer_perceptron.py:621: UserWarning: Got `batch_size` less than 1 or larger than sample size. It is going to be clipped
  warnings.warn(

function_evaluation time 0.904454 value 4213.694152 suggestion {'alpha': 0.18276924203490588, 'batch_size': 237, 'beta_1': 0.9450728981274183, 'beta_2': 0.9999978700372519, 'epsilon': 5.617382196663422e-07, 'hidden_layer_sizes': 148, 'learning_rate_init': 0.026847852327286897, 'tol': 3.7836694406280485e-05, 'validation_fraction': 0.8122133043657344}
observation time 0.000004, current best 2921.852681 at iter 20
suggestion time taken 0.010603 iter 21 next_points [{'alpha': 0.7250110344041253, 'batch_size': 62, 'beta_1': 0.9290405401869424, 'beta_2': 0.984635139391966, 'epsilon': 2.320473591700765e-07, 'hidden_layer_sizes': 68, 'learning_rate_init': 7.227938703043287e-05, 'tol': 8.201164474611332e-05, 'validation_fraction': 0.12653911328811518}]
/home/ryedida/.local/lib/python3.8/site-packages/sklearn/neural_network/_multilayer_perceptron.py:702: ConvergenceWarning: Stochastic Optimizer: Maximum iterations (200) reached and the optimization hasn't converged yet.
  warnings.warn(

function_evaluation time 2.077586 value 28857.368228 suggestion {'alpha': 0.7250110344041253, 'batch_size': 62, 'beta_1': 0.9290405401869424, 'beta_2': 0.984635139391966, 'epsilon': 2.320473591700765e-07, 'hidden_layer_sizes': 68, 'learning_rate_init': 7.227938703043287e-05, 'tol': 8.201164474611332e-05, 'validation_fraction': 0.12653911328811518}
observation time 0.000002, current best 2921.852681 at iter 21
suggestion time taken 0.003853 iter 22 next_points [{'alpha': 0.8863070740434966, 'batch_size': 154, 'beta_1': 0.9758397267523642, 'beta_2': 0.9024261659734725, 'epsilon': 9.99198169748837e-07, 'hidden_layer_sizes': 164, 'learning_rate_init': 0.0007927817716725282, 'tol': 0.0003260046135554051, 'validation_fraction': 0.18662037351719377}]
/home/ryedida/.local/lib/python3.8/site-packages/sklearn/neural_network/_multilayer_perceptron.py:702: ConvergenceWarning: Stochastic Optimizer: Maximum iterations (200) reached and the optimization hasn't converged yet.
  warnings.warn(

function_evaluation time 4.510774 value 26356.251303 suggestion {'alpha': 0.8863070740434966, 'batch_size': 154, 'beta_1': 0.9758397267523642, 'beta_2': 0.9024261659734725, 'epsilon': 9.99198169748837e-07, 'hidden_layer_sizes': 164, 'learning_rate_init': 0.0007927817716725282, 'tol': 0.0003260046135554051, 'validation_fraction': 0.18662037351719377}
observation time 0.000003, current best 2921.852681 at iter 22
suggestion time taken 0.010481 iter 23 next_points [{'alpha': 0.0022360090907325493, 'batch_size': 90, 'beta_1': 0.8995282561940948, 'beta_2': 0.904389172591315, 'epsilon': 6.761346018417553e-09, 'hidden_layer_sizes': 171, 'learning_rate_init': 0.00041874558137463386, 'tol': 0.00782605203850497, 'validation_fraction': 0.2921546307019831}]
function_evaluation time 0.329352 value 29010.400066 suggestion {'alpha': 0.0022360090907325493, 'batch_size': 90, 'beta_1': 0.8995282561940948, 'beta_2': 0.904389172591315, 'epsilon': 6.761346018417553e-09, 'hidden_layer_sizes': 171, 'learning_rate_init': 0.00041874558137463386, 'tol': 0.00782605203850497, 'validation_fraction': 0.2921546307019831}
observation time 0.000004, current best 2921.852681 at iter 23
suggestion time taken 0.010554 iter 24 next_points [{'alpha': 0.0109468369550722, 'batch_size': 191, 'beta_1': 0.9140799320639625, 'beta_2': 0.9999905724100489, 'epsilon': 4.047187568464019e-07, 'hidden_layer_sizes': 111, 'learning_rate_init': 2.173478152957712e-05, 'tol': 0.0011853040538168445, 'validation_fraction': 0.3288596093866092}]
function_evaluation time 0.207459 value 29124.052566 suggestion {'alpha': 0.0109468369550722, 'batch_size': 191, 'beta_1': 0.9140799320639625, 'beta_2': 0.9999905724100489, 'epsilon': 4.047187568464019e-07, 'hidden_layer_sizes': 111, 'learning_rate_init': 2.173478152957712e-05, 'tol': 0.0011853040538168445, 'validation_fraction': 0.3288596093866092}
observation time 0.000004, current best 2921.852681 at iter 24
suggestion time taken 0.010687 iter 25 next_points [{'alpha': 0.00011348187841594634, 'batch_size': 120, 'beta_1': 0.9190997666708681, 'beta_2': 0.9999945860803717, 'epsilon': 1.0763052957577006e-09, 'hidden_layer_sizes': 133, 'learning_rate_init': 0.02344209049523169, 'tol': 0.018375852937194338, 'validation_fraction': 0.8485501289667541}]
/home/ryedida/.local/lib/python3.8/site-packages/sklearn/neural_network/_multilayer_perceptron.py:621: UserWarning: Got `batch_size` less than 1 or larger than sample size. It is going to be clipped
  warnings.warn(

function_evaluation time 0.944584 value 4214.325370 suggestion {'alpha': 0.00011348187841594634, 'batch_size': 120, 'beta_1': 0.9190997666708681, 'beta_2': 0.9999945860803717, 'epsilon': 1.0763052957577006e-09, 'hidden_layer_sizes': 133, 'learning_rate_init': 0.02344209049523169, 'tol': 0.018375852937194338, 'validation_fraction': 0.8485501289667541}
observation time 0.000004, current best 2921.852681 at iter 25
suggestion time taken 0.010626 iter 26 next_points [{'alpha': 0.013819464025636974, 'batch_size': 204, 'beta_1': 0.6601674053206337, 'beta_2': 0.9999967703333876, 'epsilon': 4.580143227512776e-08, 'hidden_layer_sizes': 148, 'learning_rate_init': 0.01326911428690899, 'tol': 0.003048485167286179, 'validation_fraction': 0.8694320465812688}]
/home/ryedida/.local/lib/python3.8/site-packages/sklearn/neural_network/_multilayer_perceptron.py:621: UserWarning: Got `batch_size` less than 1 or larger than sample size. It is going to be clipped
  warnings.warn(

function_evaluation time 1.483213 value 4190.364083 suggestion {'alpha': 0.013819464025636974, 'batch_size': 204, 'beta_1': 0.6601674053206337, 'beta_2': 0.9999967703333876, 'epsilon': 4.580143227512776e-08, 'hidden_layer_sizes': 148, 'learning_rate_init': 0.01326911428690899, 'tol': 0.003048485167286179, 'validation_fraction': 0.8694320465812688}
observation time 0.000003, current best 2921.852681 at iter 26
suggestion time taken 0.010522 iter 27 next_points [{'alpha': 2.336471682574776e-05, 'batch_size': 249, 'beta_1': 0.9124710636535767, 'beta_2': 0.9329421875119565, 'epsilon': 1.921631901993099e-07, 'hidden_layer_sizes': 119, 'learning_rate_init': 5.376390446314027e-05, 'tol': 0.021503896067401527, 'validation_fraction': 0.5613203290144408}]
/home/ryedida/.local/lib/python3.8/site-packages/sklearn/neural_network/_multilayer_perceptron.py:621: UserWarning: Got `batch_size` less than 1 or larger than sample size. It is going to be clipped
  warnings.warn(

function_evaluation time 0.186146 value 29087.188600 suggestion {'alpha': 2.336471682574776e-05, 'batch_size': 249, 'beta_1': 0.9124710636535767, 'beta_2': 0.9329421875119565, 'epsilon': 1.921631901993099e-07, 'hidden_layer_sizes': 119, 'learning_rate_init': 5.376390446314027e-05, 'tol': 0.021503896067401527, 'validation_fraction': 0.5613203290144408}
observation time 0.000004, current best 2921.852681 at iter 27
suggestion time taken 0.010568 iter 28 next_points [{'alpha': 0.0563584452427208, 'batch_size': 184, 'beta_1': 0.9893623863208825, 'beta_2': 0.9905395542219431, 'epsilon': 4.35381726867632e-07, 'hidden_layer_sizes': 81, 'learning_rate_init': 0.00274032477222017, 'tol': 0.033347005720767965, 'validation_fraction': 0.11871687216030284}]
function_evaluation time 0.238023 value 28846.533582 suggestion {'alpha': 0.0563584452427208, 'batch_size': 184, 'beta_1': 0.9893623863208825, 'beta_2': 0.9905395542219431, 'epsilon': 4.35381726867632e-07, 'hidden_layer_sizes': 81, 'learning_rate_init': 0.00274032477222017, 'tol': 0.033347005720767965, 'validation_fraction': 0.11871687216030284}
observation time 0.000004, current best 2921.852681 at iter 28
suggestion time taken 0.010545 iter 29 next_points [{'alpha': 5.978197938339038, 'batch_size': 160, 'beta_1': 0.9868519210675435, 'beta_2': 0.9851316144253401, 'epsilon': 7.29442122499542e-09, 'hidden_layer_sizes': 170, 'learning_rate_init': 0.02568064661383803, 'tol': 0.0016721106029996457, 'validation_fraction': 0.6406518944495588}]
/home/ryedida/.local/lib/python3.8/site-packages/sklearn/neural_network/_multilayer_perceptron.py:621: UserWarning: Got `batch_size` less than 1 or larger than sample size. It is going to be clipped
  warnings.warn(

function_evaluation time 1.104333 value 4191.633464 suggestion {'alpha': 5.978197938339038, 'batch_size': 160, 'beta_1': 0.9868519210675435, 'beta_2': 0.9851316144253401, 'epsilon': 7.29442122499542e-09, 'hidden_layer_sizes': 170, 'learning_rate_init': 0.02568064661383803, 'tol': 0.0016721106029996457, 'validation_fraction': 0.6406518944495588}
observation time 0.000003, current best 2921.852681 at iter 29
suggestion time taken 0.010656 iter 30 next_points [{'alpha': 0.04729077772930796, 'batch_size': 62, 'beta_1': 0.8769728658172915, 'beta_2': 0.9996527810929636, 'epsilon': 4.83851465406438e-07, 'hidden_layer_sizes': 97, 'learning_rate_init': 0.0018332062638615006, 'tol': 0.028702358543190806, 'validation_fraction': 0.8416151415183794}]
/home/ryedida/.local/lib/python3.8/site-packages/sklearn/neural_network/_multilayer_perceptron.py:621: UserWarning: Got `batch_size` less than 1 or larger than sample size. It is going to be clipped
  warnings.warn(

function_evaluation time 0.159740 value 29011.656602 suggestion {'alpha': 0.04729077772930796, 'batch_size': 62, 'beta_1': 0.8769728658172915, 'beta_2': 0.9996527810929636, 'epsilon': 4.83851465406438e-07, 'hidden_layer_sizes': 97, 'learning_rate_init': 0.0018332062638615006, 'tol': 0.028702358543190806, 'validation_fraction': 0.8416151415183794}
observation time 0.000003, current best 2921.852681 at iter 30
suggestion time taken 0.010576 iter 31 next_points [{'alpha': 0.00848624324996785, 'batch_size': 81, 'beta_1': 0.966494596578307, 'beta_2': 0.9999979104671138, 'epsilon': 2.599980588871905e-08, 'hidden_layer_sizes': 85, 'learning_rate_init': 0.008757882517796668, 'tol': 1.0690249605307397e-05, 'validation_fraction': 0.10409648689010878}]
function_evaluation time 1.407995 value 3213.380771 suggestion {'alpha': 0.00848624324996785, 'batch_size': 81, 'beta_1': 0.966494596578307, 'beta_2': 0.9999979104671138, 'epsilon': 2.599980588871905e-08, 'hidden_layer_sizes': 85, 'learning_rate_init': 0.008757882517796668, 'tol': 1.0690249605307397e-05, 'validation_fraction': 0.10409648689010878}
observation time 0.000003, current best 2921.852681 at iter 31
suggestion time taken 0.003880 iter 32 next_points [{'alpha': 0.0723306874955432, 'batch_size': 64, 'beta_1': 0.6583275988233364, 'beta_2': 0.9999849582887318, 'epsilon': 1.1459503216473146e-09, 'hidden_layer_sizes': 72, 'learning_rate_init': 0.0003248045266669603, 'tol': 0.020220489464301585, 'validation_fraction': 0.6479401259447821}]
function_evaluation time 0.200303 value 29049.439300 suggestion {'alpha': 0.0723306874955432, 'batch_size': 64, 'beta_1': 0.6583275988233364, 'beta_2': 0.9999849582887318, 'epsilon': 1.1459503216473146e-09, 'hidden_layer_sizes': 72, 'learning_rate_init': 0.0003248045266669603, 'tol': 0.020220489464301585, 'validation_fraction': 0.6479401259447821}
observation time 0.000004, current best 2921.852681 at iter 32
suggestion time taken 0.010534 iter 33 next_points [{'alpha': 0.013152291969507611, 'batch_size': 160, 'beta_1': 0.9157883560133386, 'beta_2': 0.9999260768938886, 'epsilon': 1.2778455734041096e-07, 'hidden_layer_sizes': 155, 'learning_rate_init': 0.0001059773365794956, 'tol': 0.0001456328667692821, 'validation_fraction': 0.8226403845025757}]
/home/ryedida/.local/lib/python3.8/site-packages/sklearn/neural_network/_multilayer_perceptron.py:621: UserWarning: Got `batch_size` less than 1 or larger than sample size. It is going to be clipped
  warnings.warn(

function_evaluation time 0.177290 value 29106.196066 suggestion {'alpha': 0.013152291969507611, 'batch_size': 160, 'beta_1': 0.9157883560133386, 'beta_2': 0.9999260768938886, 'epsilon': 1.2778455734041096e-07, 'hidden_layer_sizes': 155, 'learning_rate_init': 0.0001059773365794956, 'tol': 0.0001456328667692821, 'validation_fraction': 0.8226403845025757}
observation time 0.000004, current best 2921.852681 at iter 33
suggestion time taken 0.010389 iter 34 next_points [{'alpha': 0.0017978734984436748, 'batch_size': 47, 'beta_1': 0.9870335138759528, 'beta_2': 0.974951786300764, 'epsilon': 6.79888506291763e-08, 'hidden_layer_sizes': 190, 'learning_rate_init': 0.037725939822352596, 'tol': 0.0002055414450344206, 'validation_fraction': 0.11699231565689515}]
function_evaluation time 1.095541 value 3266.652038 suggestion {'alpha': 0.0017978734984436748, 'batch_size': 47, 'beta_1': 0.9870335138759528, 'beta_2': 0.974951786300764, 'epsilon': 6.79888506291763e-08, 'hidden_layer_sizes': 190, 'learning_rate_init': 0.037725939822352596, 'tol': 0.0002055414450344206, 'validation_fraction': 0.11699231565689515}
observation time 0.000005, current best 2921.852681 at iter 34
suggestion time taken 0.010502 iter 35 next_points [{'alpha': 1.4650886661142257e-05, 'batch_size': 173, 'beta_1': 0.9012822187973607, 'beta_2': 0.9997457928722151, 'epsilon': 5.23689741549142e-09, 'hidden_layer_sizes': 89, 'learning_rate_init': 6.569366495948183e-05, 'tol': 0.017641151547860227, 'validation_fraction': 0.18735068896137566}]
function_evaluation time 0.236297 value 29134.441587 suggestion {'alpha': 1.4650886661142257e-05, 'batch_size': 173, 'beta_1': 0.9012822187973607, 'beta_2': 0.9997457928722151, 'epsilon': 5.23689741549142e-09, 'hidden_layer_sizes': 89, 'learning_rate_init': 6.569366495948183e-05, 'tol': 0.017641151547860227, 'validation_fraction': 0.18735068896137566}
observation time 0.000004, current best 2921.852681 at iter 35
suggestion time taken 0.010607 iter 36 next_points [{'alpha': 2.0037180190678194, 'batch_size': 11, 'beta_1': 0.910629608134044, 'beta_2': 0.9870945191910757, 'epsilon': 3.657750025777702e-08, 'hidden_layer_sizes': 96, 'learning_rate_init': 0.014999785566060523, 'tol': 0.006484045026574057, 'validation_fraction': 0.3625940814026918}]
function_evaluation time 3.100083 value 2958.093084 suggestion {'alpha': 2.0037180190678194, 'batch_size': 11, 'beta_1': 0.910629608134044, 'beta_2': 0.9870945191910757, 'epsilon': 3.657750025777702e-08, 'hidden_layer_sizes': 96, 'learning_rate_init': 0.014999785566060523, 'tol': 0.006484045026574057, 'validation_fraction': 0.3625940814026918}
observation time 0.000003, current best 2921.852681 at iter 36
suggestion time taken 0.010548 iter 37 next_points [{'alpha': 4.161102397029949e-05, 'batch_size': 72, 'beta_1': 0.9874265985280318, 'beta_2': 0.9937365686171469, 'epsilon': 5.924175255296261e-09, 'hidden_layer_sizes': 171, 'learning_rate_init': 0.002828757847472037, 'tol': 0.002041362887101495, 'validation_fraction': 0.852298259525536}]
/home/ryedida/.local/lib/python3.8/site-packages/sklearn/neural_network/_multilayer_perceptron.py:621: UserWarning: Got `batch_size` less than 1 or larger than sample size. It is going to be clipped
  warnings.warn(

/home/ryedida/.local/lib/python3.8/site-packages/sklearn/neural_network/_multilayer_perceptron.py:702: ConvergenceWarning: Stochastic Optimizer: Maximum iterations (200) reached and the optimization hasn't converged yet.
  warnings.warn(

function_evaluation time 2.667426 value 22034.396314 suggestion {'alpha': 4.161102397029949e-05, 'batch_size': 72, 'beta_1': 0.9874265985280318, 'beta_2': 0.9937365686171469, 'epsilon': 5.924175255296261e-09, 'hidden_layer_sizes': 171, 'learning_rate_init': 0.002828757847472037, 'tol': 0.002041362887101495, 'validation_fraction': 0.852298259525536}
observation time 0.000003, current best 2921.852681 at iter 37
suggestion time taken 0.010657 iter 38 next_points [{'alpha': 0.014344919222848458, 'batch_size': 223, 'beta_1': 0.6761791754838911, 'beta_2': 0.9999970651272934, 'epsilon': 8.63540523973664e-07, 'hidden_layer_sizes': 187, 'learning_rate_init': 3.3551862146760495e-05, 'tol': 0.007770119881998874, 'validation_fraction': 0.4379797703451168}]
/home/ryedida/.local/lib/python3.8/site-packages/sklearn/neural_network/_multilayer_perceptron.py:621: UserWarning: Got `batch_size` less than 1 or larger than sample size. It is going to be clipped
  warnings.warn(

function_evaluation time 0.227844 value 29114.182646 suggestion {'alpha': 0.014344919222848458, 'batch_size': 223, 'beta_1': 0.6761791754838911, 'beta_2': 0.9999970651272934, 'epsilon': 8.63540523973664e-07, 'hidden_layer_sizes': 187, 'learning_rate_init': 3.3551862146760495e-05, 'tol': 0.007770119881998874, 'validation_fraction': 0.4379797703451168}
observation time 0.000003, current best 2921.852681 at iter 38
suggestion time taken 0.010505 iter 39 next_points [{'alpha': 0.00035645917568159205, 'batch_size': 143, 'beta_1': 0.9018821401330606, 'beta_2': 0.9991805828394673, 'epsilon': 7.077093138864288e-07, 'hidden_layer_sizes': 185, 'learning_rate_init': 7.621094168891266e-05, 'tol': 0.049693897063032386, 'validation_fraction': 0.866648606083259}]
/home/ryedida/.local/lib/python3.8/site-packages/sklearn/neural_network/_multilayer_perceptron.py:621: UserWarning: Got `batch_size` less than 1 or larger than sample size. It is going to be clipped
  warnings.warn(

function_evaluation time 0.185572 value 29112.663591 suggestion {'alpha': 0.00035645917568159205, 'batch_size': 143, 'beta_1': 0.9018821401330606, 'beta_2': 0.9991805828394673, 'epsilon': 7.077093138864288e-07, 'hidden_layer_sizes': 185, 'learning_rate_init': 7.621094168891266e-05, 'tol': 0.049693897063032386, 'validation_fraction': 0.866648606083259}
observation time 0.000004, current best 2921.852681 at iter 39
suggestion time taken 0.010504 iter 40 next_points [{'alpha': 0.03019760366998723, 'batch_size': 177, 'beta_1': 0.9061273387732378, 'beta_2': 0.999956177861542, 'epsilon': 1.832867231072715e-09, 'hidden_layer_sizes': 185, 'learning_rate_init': 0.00026919157820867463, 'tol': 0.0014747890774303904, 'validation_fraction': 0.5692819990723331}]
/home/ryedida/.local/lib/python3.8/site-packages/sklearn/neural_network/_multilayer_perceptron.py:621: UserWarning: Got `batch_size` less than 1 or larger than sample size. It is going to be clipped
  warnings.warn(

function_evaluation time 0.212730 value 29086.975285 suggestion {'alpha': 0.03019760366998723, 'batch_size': 177, 'beta_1': 0.9061273387732378, 'beta_2': 0.999956177861542, 'epsilon': 1.832867231072715e-09, 'hidden_layer_sizes': 185, 'learning_rate_init': 0.00026919157820867463, 'tol': 0.0014747890774303904, 'validation_fraction': 0.5692819990723331}
observation time 0.000003, current best 2921.852681 at iter 40
suggestion time taken 0.010463 iter 41 next_points [{'alpha': 3.123972462256294, 'batch_size': 109, 'beta_1': 0.988106498022179, 'beta_2': 0.9999988692338874, 'epsilon': 2.119245146456786e-08, 'hidden_layer_sizes': 181, 'learning_rate_init': 0.002709065982851687, 'tol': 5.0243912295637045e-05, 'validation_fraction': 0.8343867150404299}]
/home/ryedida/.local/lib/python3.8/site-packages/sklearn/neural_network/_multilayer_perceptron.py:621: UserWarning: Got `batch_size` less than 1 or larger than sample size. It is going to be clipped
  warnings.warn(

/home/ryedida/.local/lib/python3.8/site-packages/sklearn/neural_network/_multilayer_perceptron.py:702: ConvergenceWarning: Stochastic Optimizer: Maximum iterations (200) reached and the optimization hasn't converged yet.
  warnings.warn(

function_evaluation time 2.746978 value 21444.247407 suggestion {'alpha': 3.123972462256294, 'batch_size': 109, 'beta_1': 0.988106498022179, 'beta_2': 0.9999988692338874, 'epsilon': 2.119245146456786e-08, 'hidden_layer_sizes': 181, 'learning_rate_init': 0.002709065982851687, 'tol': 5.0243912295637045e-05, 'validation_fraction': 0.8343867150404299}
observation time 0.000004, current best 2921.852681 at iter 41
suggestion time taken 0.010511 iter 42 next_points [{'alpha': 1.4101475853233607e-05, 'batch_size': 226, 'beta_1': 0.9394940760807476, 'beta_2': 0.9998475520346697, 'epsilon': 1.359134765912035e-09, 'hidden_layer_sizes': 98, 'learning_rate_init': 7.161469733772013e-05, 'tol': 0.040251380143712996, 'validation_fraction': 0.4607408993136784}]
/home/ryedida/.local/lib/python3.8/site-packages/sklearn/neural_network/_multilayer_perceptron.py:621: UserWarning: Got `batch_size` less than 1 or larger than sample size. It is going to be clipped
  warnings.warn(

function_evaluation time 0.185200 value 29090.268801 suggestion {'alpha': 1.4101475853233607e-05, 'batch_size': 226, 'beta_1': 0.9394940760807476, 'beta_2': 0.9998475520346697, 'epsilon': 1.359134765912035e-09, 'hidden_layer_sizes': 98, 'learning_rate_init': 7.161469733772013e-05, 'tol': 0.040251380143712996, 'validation_fraction': 0.4607408993136784}
observation time 0.000003, current best 2921.852681 at iter 42
suggestion time taken 0.010589 iter 43 next_points [{'alpha': 1.2475213329346304e-05, 'batch_size': 114, 'beta_1': 0.8654162495317455, 'beta_2': 0.9046298347232187, 'epsilon': 2.1942253166159456e-08, 'hidden_layer_sizes': 58, 'learning_rate_init': 0.00010885903886849296, 'tol': 0.03426165715093644, 'validation_fraction': 0.5496902912357126}]
function_evaluation time 0.162954 value 29110.044540 suggestion {'alpha': 1.2475213329346304e-05, 'batch_size': 114, 'beta_1': 0.8654162495317455, 'beta_2': 0.9046298347232187, 'epsilon': 2.1942253166159456e-08, 'hidden_layer_sizes': 58, 'learning_rate_init': 0.00010885903886849296, 'tol': 0.03426165715093644, 'validation_fraction': 0.5496902912357126}
observation time 0.000004, current best 2921.852681 at iter 43
suggestion time taken 0.010650 iter 44 next_points [{'alpha': 0.2513266225747349, 'batch_size': 246, 'beta_1': 0.6280039181140493, 'beta_2': 0.9959515670297834, 'epsilon': 3.428215081725483e-07, 'hidden_layer_sizes': 118, 'learning_rate_init': 1.17521250906628e-05, 'tol': 2.1807151584658677e-05, 'validation_fraction': 0.10276977217839316}]
function_evaluation time 1.584437 value 29084.822294 suggestion {'alpha': 0.2513266225747349, 'batch_size': 246, 'beta_1': 0.6280039181140493, 'beta_2': 0.9959515670297834, 'epsilon': 3.428215081725483e-07, 'hidden_layer_sizes': 118, 'learning_rate_init': 1.17521250906628e-05, 'tol': 2.1807151584658677e-05, 'validation_fraction': 0.10276977217839316}
observation time 0.000003, current best 2921.852681 at iter 44
saving meta data: {'args': {'--uuid': '7b3dabd9b032555f819a0f750fd558b4', '-db-root': '/home/ryedida/bbo_challenge_starter_kit/output', '--opt-root': '/home/ryedida/bbo_challenge_starter_kit/example_submissions', '--data-root': None, '--db': 'run_20231015_191245', '--opt': 'random', '--data': 'diabetes', '--classifier': 'MLP-adam', '--metric': 'mse', '--calls': 45, '--suggestions': 1, '--jobs-file': None, '--verbose': False, 'dry_run': False, 'rev': 'a376313', 'opt_rev': '0.0.8'}, 'signature': ([{'alpha': 0.019628224813442792, 'batch_size': 182, 'beta_1': 0.9410202200271762, 'beta_2': 0.9998021557676793, 'epsilon': 1.8662266976518e-08, 'hidden_layer_sizes': 147, 'learning_rate_init': 0.0005627932047415167, 'tol': 0.03690557729213761, 'validation_fraction': 0.8846827852548593}, {'alpha': 0.001998246739232944, 'batch_size': 200, 'beta_1': 0.919111482530466, 'beta_2': 0.9998488260436156, 'epsilon': 5.981221901152555e-07, 'hidden_layer_sizes': 61, 'learning_rate_init': 2.2310905607443014e-05, 'tol': 1.2046852412030316e-05, 'validation_fraction': 0.8117896445826539}, {'alpha': 0.46659545670218433, 'batch_size': 219, 'beta_1': 0.9889789783750891, 'beta_2': 0.9999896868093284, 'epsilon': 2.4234724484675948e-08, 'hidden_layer_sizes': 167, 'learning_rate_init': 2.972334644335654e-05, 'tol': 0.0036281404040243792, 'validation_fraction': 0.17260651658522078}, {'alpha': 4.656005689076002, 'batch_size': 135, 'beta_1': 0.870503881627747, 'beta_2': 0.9948873266941017, 'epsilon': 2.1023308743480125e-07, 'hidden_layer_sizes': 118, 'learning_rate_init': 0.001878173875716191, 'tol': 1.1889379831773006e-05, 'validation_fraction': 0.6264327093752792}, {'alpha': 0.04705159350400542, 'batch_size': 158, 'beta_1': 0.9870884262730957, 'beta_2': 0.9999596874382349, 'epsilon': 1.1981845126013875e-08, 'hidden_layer_sizes': 116, 'learning_rate_init': 0.006173405204074311, 'tol': 1.7414134181586194e-05, 'validation_fraction': 0.6754299026638921}], [29083.993548572587, 29062.423277324073, 29075.78987471409, 24626.32866834337, 9584.226858493173])}
saving results
saving timing
saving suggest log
done
