running: {'--uuid': '86e286c5af775601afaa5338eab78390', '-db-root': '/home/ryedida/bbo_challenge_starter_kit/output', '--opt-root': '/home/ryedida/bbo_challenge_starter_kit/example_submissions', '--data-root': None, '--db': 'run_20231015_191245', '--opt': 'random', '--data': 'diabetes', '--classifier': 'MLP-adam', '--metric': 'mse', '--calls': 45, '--suggestions': 1, '--jobs-file': None, '--verbose': False, 'dry_run': False, 'rev': 'a376313', 'opt_rev': '0.0.8'}
cmd: python /home/ryedida/.local/bin/bayesmark-exp -c MLP-adam -d diabetes -o random -u 86e286c5af775601afaa5338eab78390 -m mse -n 45 -p 1 -dir /home/ryedida/bbo_challenge_starter_kit/output -b run_20231015_191245
/home/ryedida/.local/lib/python3.8/site-packages/sklearn/neural_network/_multilayer_perceptron.py:621: UserWarning: Got `batch_size` less than 1 or larger than sample size. It is going to be clipped
  warnings.warn(

/home/ryedida/.local/lib/python3.8/site-packages/sklearn/neural_network/_multilayer_perceptron.py:621: UserWarning: Got `batch_size` less than 1 or larger than sample size. It is going to be clipped
  warnings.warn(

/home/ryedida/.local/lib/python3.8/site-packages/sklearn/neural_network/_multilayer_perceptron.py:621: UserWarning: Got `batch_size` less than 1 or larger than sample size. It is going to be clipped
  warnings.warn(

/home/ryedida/.local/lib/python3.8/site-packages/sklearn/neural_network/_multilayer_perceptron.py:702: ConvergenceWarning: Stochastic Optimizer: Maximum iterations (200) reached and the optimization hasn't converged yet.
  warnings.warn(

/home/ryedida/.local/lib/python3.8/site-packages/sklearn/neural_network/_multilayer_perceptron.py:621: UserWarning: Got `batch_size` less than 1 or larger than sample size. It is going to be clipped
  warnings.warn(

/home/ryedida/.local/lib/python3.8/site-packages/sklearn/neural_network/_multilayer_perceptron.py:702: ConvergenceWarning: Stochastic Optimizer: Maximum iterations (200) reached and the optimization hasn't converged yet.
  warnings.warn(

computed signature: ([{'alpha': 0.019628224813442792, 'batch_size': 182, 'beta_1': 0.9410202200271762, 'beta_2': 0.9998021557676793, 'epsilon': 1.8662266976518e-08, 'hidden_layer_sizes': 147, 'learning_rate_init': 0.0005627932047415167, 'tol': 0.03690557729213761, 'validation_fraction': 0.8846827852548593}, {'alpha': 0.001998246739232944, 'batch_size': 200, 'beta_1': 0.919111482530466, 'beta_2': 0.9998488260436156, 'epsilon': 5.981221901152555e-07, 'hidden_layer_sizes': 61, 'learning_rate_init': 2.2310905607443014e-05, 'tol': 1.2046852412030316e-05, 'validation_fraction': 0.8117896445826539}, {'alpha': 0.46659545670218433, 'batch_size': 219, 'beta_1': 0.9889789783750891, 'beta_2': 0.9999896868093284, 'epsilon': 2.4234724484675948e-08, 'hidden_layer_sizes': 167, 'learning_rate_init': 2.972334644335654e-05, 'tol': 0.0036281404040243792, 'validation_fraction': 0.17260651658522078}, {'alpha': 4.656005689076002, 'batch_size': 135, 'beta_1': 0.870503881627747, 'beta_2': 0.9948873266941017, 'epsilon': 2.1023308743480125e-07, 'hidden_layer_sizes': 118, 'learning_rate_init': 0.001878173875716191, 'tol': 1.1889379831773006e-05, 'validation_fraction': 0.6264327093752792}, {'alpha': 0.04705159350400542, 'batch_size': 158, 'beta_1': 0.9870884262730957, 'beta_2': 0.9999596874382349, 'epsilon': 1.1981845126013875e-08, 'hidden_layer_sizes': 116, 'learning_rate_init': 0.006173405204074311, 'tol': 1.7414134181586194e-05, 'validation_fraction': 0.6754299026638921}], [29083.993548572587, 29062.423277324073, 29075.78987471409, 24626.32866834337, 9584.226858493173])
/home/ryedida/.local/lib/python3.8/site-packages/bayesmark/experiment.py:470: UserWarning: Baselines not found. Will not log intermediate scores.
  warnings.warn("Baselines not found. Will not log intermediate scores.")

starting sklearn study random MLP-adam diabetes mse 45 1
with data root: None
suggestion time taken 0.010340 iter 0 next_points [{'alpha': 0.005258639828275029, 'batch_size': 26, 'beta_1': 0.9825400062584598, 'beta_2': 0.9995830415965268, 'epsilon': 4.47742614655365e-08, 'hidden_layer_sizes': 90, 'learning_rate_init': 3.1725808523791984e-05, 'tol': 6.807388605565162e-05, 'validation_fraction': 0.7150793913165532}]
/home/ryedida/.local/lib/python3.8/site-packages/sklearn/neural_network/_multilayer_perceptron.py:702: ConvergenceWarning: Stochastic Optimizer: Maximum iterations (200) reached and the optimization hasn't converged yet.
  warnings.warn(

function_evaluation time 4.080269 value 29014.248093 suggestion {'alpha': 0.005258639828275029, 'batch_size': 26, 'beta_1': 0.9825400062584598, 'beta_2': 0.9995830415965268, 'epsilon': 4.47742614655365e-08, 'hidden_layer_sizes': 90, 'learning_rate_init': 3.1725808523791984e-05, 'tol': 6.807388605565162e-05, 'validation_fraction': 0.7150793913165532}
observation time 0.000004, current best 29014.248093 at iter 0
suggestion time taken 0.010414 iter 1 next_points [{'alpha': 1.8045833209669888, 'batch_size': 41, 'beta_1': 0.8534809399901213, 'beta_2': 0.9999951643591218, 'epsilon': 6.790882096497916e-08, 'hidden_layer_sizes': 90, 'learning_rate_init': 0.0002588095369298414, 'tol': 0.020087877940853722, 'validation_fraction': 0.26564592966340184}]
function_evaluation time 0.226724 value 29027.362243 suggestion {'alpha': 1.8045833209669888, 'batch_size': 41, 'beta_1': 0.8534809399901213, 'beta_2': 0.9999951643591218, 'epsilon': 6.790882096497916e-08, 'hidden_layer_sizes': 90, 'learning_rate_init': 0.0002588095369298414, 'tol': 0.020087877940853722, 'validation_fraction': 0.26564592966340184}
observation time 0.000002, current best 29014.248093 at iter 1
suggestion time taken 0.003855 iter 2 next_points [{'alpha': 0.003813519142719429, 'batch_size': 143, 'beta_1': 0.8091110019874557, 'beta_2': 0.9999142968014495, 'epsilon': 2.5357265217314746e-07, 'hidden_layer_sizes': 111, 'learning_rate_init': 0.0011199009001381132, 'tol': 0.06653102622718726, 'validation_fraction': 0.1804910236259905}]
function_evaluation time 0.296196 value 29051.512990 suggestion {'alpha': 0.003813519142719429, 'batch_size': 143, 'beta_1': 0.8091110019874557, 'beta_2': 0.9999142968014495, 'epsilon': 2.5357265217314746e-07, 'hidden_layer_sizes': 111, 'learning_rate_init': 0.0011199009001381132, 'tol': 0.06653102622718726, 'validation_fraction': 0.1804910236259905}
observation time 0.000004, current best 29014.248093 at iter 2
suggestion time taken 0.011868 iter 3 next_points [{'alpha': 0.17919746613473525, 'batch_size': 188, 'beta_1': 0.9283945563745263, 'beta_2': 0.9996506964066062, 'epsilon': 2.1491380729030047e-08, 'hidden_layer_sizes': 100, 'learning_rate_init': 0.005171972692821218, 'tol': 0.026539198496908285, 'validation_fraction': 0.7010456494574874}]
/home/ryedida/.local/lib/python3.8/site-packages/sklearn/neural_network/_multilayer_perceptron.py:621: UserWarning: Got `batch_size` less than 1 or larger than sample size. It is going to be clipped
  warnings.warn(

function_evaluation time 0.170243 value 28843.880869 suggestion {'alpha': 0.17919746613473525, 'batch_size': 188, 'beta_1': 0.9283945563745263, 'beta_2': 0.9996506964066062, 'epsilon': 2.1491380729030047e-08, 'hidden_layer_sizes': 100, 'learning_rate_init': 0.005171972692821218, 'tol': 0.026539198496908285, 'validation_fraction': 0.7010456494574874}
observation time 0.000004, current best 28843.880869 at iter 3
suggestion time taken 0.010371 iter 4 next_points [{'alpha': 0.0012442392721708786, 'batch_size': 88, 'beta_1': 0.8929867957806197, 'beta_2': 0.9935574377761799, 'epsilon': 4.379701433947966e-09, 'hidden_layer_sizes': 183, 'learning_rate_init': 0.0003765936008910581, 'tol': 0.0504604451301441, 'validation_fraction': 0.7764684681319299}]
/home/ryedida/.local/lib/python3.8/site-packages/sklearn/neural_network/_multilayer_perceptron.py:621: UserWarning: Got `batch_size` less than 1 or larger than sample size. It is going to be clipped
  warnings.warn(

function_evaluation time 0.212356 value 29090.746030 suggestion {'alpha': 0.0012442392721708786, 'batch_size': 88, 'beta_1': 0.8929867957806197, 'beta_2': 0.9935574377761799, 'epsilon': 4.379701433947966e-09, 'hidden_layer_sizes': 183, 'learning_rate_init': 0.0003765936008910581, 'tol': 0.0504604451301441, 'validation_fraction': 0.7764684681319299}
observation time 0.000004, current best 28843.880869 at iter 4
suggestion time taken 0.010582 iter 5 next_points [{'alpha': 0.0012820394092927525, 'batch_size': 31, 'beta_1': 0.8943539223220223, 'beta_2': 0.9865533057319857, 'epsilon': 3.0087113106197683e-09, 'hidden_layer_sizes': 110, 'learning_rate_init': 9.64751754489427e-05, 'tol': 0.004537154672825924, 'validation_fraction': 0.12499749931010064}]
function_evaluation time 0.286468 value 29075.829517 suggestion {'alpha': 0.0012820394092927525, 'batch_size': 31, 'beta_1': 0.8943539223220223, 'beta_2': 0.9865533057319857, 'epsilon': 3.0087113106197683e-09, 'hidden_layer_sizes': 110, 'learning_rate_init': 9.64751754489427e-05, 'tol': 0.004537154672825924, 'validation_fraction': 0.12499749931010064}
observation time 0.000004, current best 28843.880869 at iter 5
suggestion time taken 0.010362 iter 6 next_points [{'alpha': 6.864187042965221, 'batch_size': 64, 'beta_1': 0.9087983451765618, 'beta_2': 0.9976663726162268, 'epsilon': 4.493944397370734e-07, 'hidden_layer_sizes': 169, 'learning_rate_init': 0.011879816380950137, 'tol': 0.0007837949251944177, 'validation_fraction': 0.41193433537027163}]
function_evaluation time 2.648125 value 3224.776410 suggestion {'alpha': 6.864187042965221, 'batch_size': 64, 'beta_1': 0.9087983451765618, 'beta_2': 0.9976663726162268, 'epsilon': 4.493944397370734e-07, 'hidden_layer_sizes': 169, 'learning_rate_init': 0.011879816380950137, 'tol': 0.0007837949251944177, 'validation_fraction': 0.41193433537027163}
observation time 0.000003, current best 3224.776410 at iter 6
suggestion time taken 0.010235 iter 7 next_points [{'alpha': 0.03296838281501866, 'batch_size': 101, 'beta_1': 0.9425692805047444, 'beta_2': 0.9931571096689465, 'epsilon': 3.810121355484134e-07, 'hidden_layer_sizes': 101, 'learning_rate_init': 0.04967566021604001, 'tol': 4.5844964822735144e-05, 'validation_fraction': 0.4276414779935418}]
function_evaluation time 1.234836 value 3153.292360 suggestion {'alpha': 0.03296838281501866, 'batch_size': 101, 'beta_1': 0.9425692805047444, 'beta_2': 0.9931571096689465, 'epsilon': 3.810121355484134e-07, 'hidden_layer_sizes': 101, 'learning_rate_init': 0.04967566021604001, 'tol': 4.5844964822735144e-05, 'validation_fraction': 0.4276414779935418}
observation time 0.000004, current best 3153.292360 at iter 7
suggestion time taken 0.010384 iter 8 next_points [{'alpha': 0.008314561987997253, 'batch_size': 206, 'beta_1': 0.6713301219589692, 'beta_2': 0.9212732214268884, 'epsilon': 1.1396867225113142e-08, 'hidden_layer_sizes': 186, 'learning_rate_init': 0.0002685091903466676, 'tol': 0.04778659470330765, 'validation_fraction': 0.1047483300993981}]
function_evaluation time 0.304537 value 29054.829003 suggestion {'alpha': 0.008314561987997253, 'batch_size': 206, 'beta_1': 0.6713301219589692, 'beta_2': 0.9212732214268884, 'epsilon': 1.1396867225113142e-08, 'hidden_layer_sizes': 186, 'learning_rate_init': 0.0002685091903466676, 'tol': 0.04778659470330765, 'validation_fraction': 0.1047483300993981}
observation time 0.000004, current best 3153.292360 at iter 8
suggestion time taken 0.010417 iter 9 next_points [{'alpha': 8.103447484638553e-05, 'batch_size': 141, 'beta_1': 0.7023514871291022, 'beta_2': 0.999966127939935, 'epsilon': 2.5965328646505424e-08, 'hidden_layer_sizes': 158, 'learning_rate_init': 0.09530161398986417, 'tol': 0.0027224191173354844, 'validation_fraction': 0.1272467170858213}]
function_evaluation time 0.886059 value 2878.867407 suggestion {'alpha': 8.103447484638553e-05, 'batch_size': 141, 'beta_1': 0.7023514871291022, 'beta_2': 0.999966127939935, 'epsilon': 2.5965328646505424e-08, 'hidden_layer_sizes': 158, 'learning_rate_init': 0.09530161398986417, 'tol': 0.0027224191173354844, 'validation_fraction': 0.1272467170858213}
observation time 0.000004, current best 2878.867407 at iter 9
suggestion time taken 0.010437 iter 10 next_points [{'alpha': 2.7811540502560623, 'batch_size': 85, 'beta_1': 0.8792243988814764, 'beta_2': 0.999887526217823, 'epsilon': 3.404404965322455e-09, 'hidden_layer_sizes': 200, 'learning_rate_init': 0.0816624112822414, 'tol': 0.0002979214926733768, 'validation_fraction': 0.1484330246917269}]
function_evaluation time 1.186826 value 2990.193922 suggestion {'alpha': 2.7811540502560623, 'batch_size': 85, 'beta_1': 0.8792243988814764, 'beta_2': 0.999887526217823, 'epsilon': 3.404404965322455e-09, 'hidden_layer_sizes': 200, 'learning_rate_init': 0.0816624112822414, 'tol': 0.0002979214926733768, 'validation_fraction': 0.1484330246917269}
observation time 0.000003, current best 2878.867407 at iter 10
suggestion time taken 0.010623 iter 11 next_points [{'alpha': 0.016277609861285274, 'batch_size': 171, 'beta_1': 0.9283258240719507, 'beta_2': 0.9993044262260339, 'epsilon': 2.118627199982181e-08, 'hidden_layer_sizes': 138, 'learning_rate_init': 0.0003754481201990153, 'tol': 0.0002426692383411262, 'validation_fraction': 0.889586402571679}]
/home/ryedida/.local/lib/python3.8/site-packages/sklearn/neural_network/_multilayer_perceptron.py:621: UserWarning: Got `batch_size` less than 1 or larger than sample size. It is going to be clipped
  warnings.warn(

/home/ryedida/.local/lib/python3.8/site-packages/sklearn/neural_network/_multilayer_perceptron.py:702: ConvergenceWarning: Stochastic Optimizer: Maximum iterations (200) reached and the optimization hasn't converged yet.
  warnings.warn(

function_evaluation time 2.501019 value 28650.642658 suggestion {'alpha': 0.016277609861285274, 'batch_size': 171, 'beta_1': 0.9283258240719507, 'beta_2': 0.9993044262260339, 'epsilon': 2.118627199982181e-08, 'hidden_layer_sizes': 138, 'learning_rate_init': 0.0003754481201990153, 'tol': 0.0002426692383411262, 'validation_fraction': 0.889586402571679}
observation time 0.000003, current best 2878.867407 at iter 11
suggestion time taken 0.010361 iter 12 next_points [{'alpha': 0.01126518671421318, 'batch_size': 207, 'beta_1': 0.987805591986905, 'beta_2': 0.9985585423042381, 'epsilon': 3.5182032488076153e-07, 'hidden_layer_sizes': 146, 'learning_rate_init': 0.00547430101336104, 'tol': 0.0020558867562260772, 'validation_fraction': 0.7578928655186239}]
/home/ryedida/.local/lib/python3.8/site-packages/sklearn/neural_network/_multilayer_perceptron.py:621: UserWarning: Got `batch_size` less than 1 or larger than sample size. It is going to be clipped
  warnings.warn(

/home/ryedida/.local/lib/python3.8/site-packages/sklearn/neural_network/_multilayer_perceptron.py:702: ConvergenceWarning: Stochastic Optimizer: Maximum iterations (200) reached and the optimization hasn't converged yet.
  warnings.warn(

function_evaluation time 2.732090 value 9646.396788 suggestion {'alpha': 0.01126518671421318, 'batch_size': 207, 'beta_1': 0.987805591986905, 'beta_2': 0.9985585423042381, 'epsilon': 3.5182032488076153e-07, 'hidden_layer_sizes': 146, 'learning_rate_init': 0.00547430101336104, 'tol': 0.0020558867562260772, 'validation_fraction': 0.7578928655186239}
observation time 0.000003, current best 2878.867407 at iter 12
suggestion time taken 0.010437 iter 13 next_points [{'alpha': 0.005893081710781401, 'batch_size': 249, 'beta_1': 0.5094878791928964, 'beta_2': 0.9926952427526347, 'epsilon': 7.41104719799631e-08, 'hidden_layer_sizes': 94, 'learning_rate_init': 0.0021082987863031226, 'tol': 0.0007199999078114929, 'validation_fraction': 0.20599995645922992}]
/home/ryedida/.local/lib/python3.8/site-packages/sklearn/neural_network/_multilayer_perceptron.py:702: ConvergenceWarning: Stochastic Optimizer: Maximum iterations (200) reached and the optimization hasn't converged yet.
  warnings.warn(

function_evaluation time 3.087241 value 23896.240961 suggestion {'alpha': 0.005893081710781401, 'batch_size': 249, 'beta_1': 0.5094878791928964, 'beta_2': 0.9926952427526347, 'epsilon': 7.41104719799631e-08, 'hidden_layer_sizes': 94, 'learning_rate_init': 0.0021082987863031226, 'tol': 0.0007199999078114929, 'validation_fraction': 0.20599995645922992}
observation time 0.000004, current best 2878.867407 at iter 13
suggestion time taken 0.010408 iter 14 next_points [{'alpha': 0.2811208668848153, 'batch_size': 64, 'beta_1': 0.5519407926248919, 'beta_2': 0.9999654835032601, 'epsilon': 9.934270284663413e-07, 'hidden_layer_sizes': 196, 'learning_rate_init': 0.00011321266786517871, 'tol': 1.3596785543553794e-05, 'validation_fraction': 0.7690361217931516}]
/home/ryedida/.local/lib/python3.8/site-packages/sklearn/neural_network/_multilayer_perceptron.py:702: ConvergenceWarning: Stochastic Optimizer: Maximum iterations (200) reached and the optimization hasn't converged yet.
  warnings.warn(

function_evaluation time 3.770820 value 28830.306691 suggestion {'alpha': 0.2811208668848153, 'batch_size': 64, 'beta_1': 0.5519407926248919, 'beta_2': 0.9999654835032601, 'epsilon': 9.934270284663413e-07, 'hidden_layer_sizes': 196, 'learning_rate_init': 0.00011321266786517871, 'tol': 1.3596785543553794e-05, 'validation_fraction': 0.7690361217931516}
observation time 0.000004, current best 2878.867407 at iter 14
suggestion time taken 0.010339 iter 15 next_points [{'alpha': 0.005821242349931688, 'batch_size': 138, 'beta_1': 0.9137103544028304, 'beta_2': 0.9936849172787116, 'epsilon': 1.5341857789931985e-08, 'hidden_layer_sizes': 110, 'learning_rate_init': 0.07165261129983218, 'tol': 0.008301245970546706, 'validation_fraction': 0.11864978520048636}]
function_evaluation time 0.832830 value 3313.662952 suggestion {'alpha': 0.005821242349931688, 'batch_size': 138, 'beta_1': 0.9137103544028304, 'beta_2': 0.9936849172787116, 'epsilon': 1.5341857789931985e-08, 'hidden_layer_sizes': 110, 'learning_rate_init': 0.07165261129983218, 'tol': 0.008301245970546706, 'validation_fraction': 0.11864978520048636}
observation time 0.000004, current best 2878.867407 at iter 15
suggestion time taken 0.010941 iter 16 next_points [{'alpha': 0.768810148000915, 'batch_size': 235, 'beta_1': 0.7236631890877593, 'beta_2': 0.955264263589306, 'epsilon': 6.666928718650134e-07, 'hidden_layer_sizes': 83, 'learning_rate_init': 0.046980188060828154, 'tol': 0.020603587965145328, 'validation_fraction': 0.12551157830760387}]
function_evaluation time 0.634792 value 3732.134833 suggestion {'alpha': 0.768810148000915, 'batch_size': 235, 'beta_1': 0.7236631890877593, 'beta_2': 0.955264263589306, 'epsilon': 6.666928718650134e-07, 'hidden_layer_sizes': 83, 'learning_rate_init': 0.046980188060828154, 'tol': 0.020603587965145328, 'validation_fraction': 0.12551157830760387}
observation time 0.000003, current best 2878.867407 at iter 16
suggestion time taken 0.010426 iter 17 next_points [{'alpha': 5.884054933805391e-05, 'batch_size': 218, 'beta_1': 0.9651195045528986, 'beta_2': 0.9563383756115625, 'epsilon': 9.65489730969659e-09, 'hidden_layer_sizes': 180, 'learning_rate_init': 0.0004483137179165961, 'tol': 3.844915433363998e-05, 'validation_fraction': 0.889365359425765}]
/home/ryedida/.local/lib/python3.8/site-packages/sklearn/neural_network/_multilayer_perceptron.py:621: UserWarning: Got `batch_size` less than 1 or larger than sample size. It is going to be clipped
  warnings.warn(

/home/ryedida/.local/lib/python3.8/site-packages/sklearn/neural_network/_multilayer_perceptron.py:702: ConvergenceWarning: Stochastic Optimizer: Maximum iterations (200) reached and the optimization hasn't converged yet.
  warnings.warn(

function_evaluation time 2.705116 value 28605.407960 suggestion {'alpha': 5.884054933805391e-05, 'batch_size': 218, 'beta_1': 0.9651195045528986, 'beta_2': 0.9563383756115625, 'epsilon': 9.65489730969659e-09, 'hidden_layer_sizes': 180, 'learning_rate_init': 0.0004483137179165961, 'tol': 3.844915433363998e-05, 'validation_fraction': 0.889365359425765}
observation time 0.000004, current best 2878.867407 at iter 17
suggestion time taken 0.010405 iter 18 next_points [{'alpha': 1.4659892125947278, 'batch_size': 163, 'beta_1': 0.9534651603653912, 'beta_2': 0.9999681243825841, 'epsilon': 1.9224181234354848e-08, 'hidden_layer_sizes': 137, 'learning_rate_init': 0.00011076983959949413, 'tol': 0.0013898716003343191, 'validation_fraction': 0.8919046436039175}]
/home/ryedida/.local/lib/python3.8/site-packages/sklearn/neural_network/_multilayer_perceptron.py:621: UserWarning: Got `batch_size` less than 1 or larger than sample size. It is going to be clipped
  warnings.warn(

function_evaluation time 0.184744 value 29068.328333 suggestion {'alpha': 1.4659892125947278, 'batch_size': 163, 'beta_1': 0.9534651603653912, 'beta_2': 0.9999681243825841, 'epsilon': 1.9224181234354848e-08, 'hidden_layer_sizes': 137, 'learning_rate_init': 0.00011076983959949413, 'tol': 0.0013898716003343191, 'validation_fraction': 0.8919046436039175}
observation time 0.000003, current best 2878.867407 at iter 18
suggestion time taken 0.012860 iter 19 next_points [{'alpha': 0.04031956542388629, 'batch_size': 59, 'beta_1': 0.827036280216682, 'beta_2': 0.9999934950911264, 'epsilon': 6.1793129564060746e-09, 'hidden_layer_sizes': 157, 'learning_rate_init': 0.0979784556649136, 'tol': 1.626735189718326e-05, 'validation_fraction': 0.25639756240929157}]
function_evaluation time 0.961375 value 2956.129256 suggestion {'alpha': 0.04031956542388629, 'batch_size': 59, 'beta_1': 0.827036280216682, 'beta_2': 0.9999934950911264, 'epsilon': 6.1793129564060746e-09, 'hidden_layer_sizes': 157, 'learning_rate_init': 0.0979784556649136, 'tol': 1.626735189718326e-05, 'validation_fraction': 0.25639756240929157}
observation time 0.000004, current best 2878.867407 at iter 19
suggestion time taken 0.010458 iter 20 next_points [{'alpha': 0.0006392856739884303, 'batch_size': 49, 'beta_1': 0.860947512632047, 'beta_2': 0.9999492716700854, 'epsilon': 3.600893346302873e-07, 'hidden_layer_sizes': 51, 'learning_rate_init': 1.5105239405357702e-05, 'tol': 0.00015756854055653028, 'validation_fraction': 0.6811044371606764}]
function_evaluation time 0.204970 value 29066.276963 suggestion {'alpha': 0.0006392856739884303, 'batch_size': 49, 'beta_1': 0.860947512632047, 'beta_2': 0.9999492716700854, 'epsilon': 3.600893346302873e-07, 'hidden_layer_sizes': 51, 'learning_rate_init': 1.5105239405357702e-05, 'tol': 0.00015756854055653028, 'validation_fraction': 0.6811044371606764}
observation time 0.000004, current best 2878.867407 at iter 20
suggestion time taken 0.010347 iter 21 next_points [{'alpha': 6.687230719860983, 'batch_size': 42, 'beta_1': 0.879337017658012, 'beta_2': 0.99797319807971, 'epsilon': 1.2882092608254337e-07, 'hidden_layer_sizes': 103, 'learning_rate_init': 0.00034851982445049967, 'tol': 0.0006859056626996581, 'validation_fraction': 0.49439253829353513}]
/home/ryedida/.local/lib/python3.8/site-packages/sklearn/neural_network/_multilayer_perceptron.py:702: ConvergenceWarning: Stochastic Optimizer: Maximum iterations (200) reached and the optimization hasn't converged yet.
  warnings.warn(

function_evaluation time 5.282750 value 26575.328448 suggestion {'alpha': 6.687230719860983, 'batch_size': 42, 'beta_1': 0.879337017658012, 'beta_2': 0.99797319807971, 'epsilon': 1.2882092608254337e-07, 'hidden_layer_sizes': 103, 'learning_rate_init': 0.00034851982445049967, 'tol': 0.0006859056626996581, 'validation_fraction': 0.49439253829353513}
observation time 0.000005, current best 2878.867407 at iter 21
suggestion time taken 0.010281 iter 22 next_points [{'alpha': 0.01134450590018999, 'batch_size': 233, 'beta_1': 0.8713415306007731, 'beta_2': 0.9877900391708613, 'epsilon': 1.9708334447366487e-08, 'hidden_layer_sizes': 68, 'learning_rate_init': 0.0008329017920666878, 'tol': 2.8758808783952383e-05, 'validation_fraction': 0.16462346829401844}]
/home/ryedida/.local/lib/python3.8/site-packages/sklearn/neural_network/_multilayer_perceptron.py:702: ConvergenceWarning: Stochastic Optimizer: Maximum iterations (200) reached and the optimization hasn't converged yet.
  warnings.warn(

function_evaluation time 3.554276 value 26824.406863 suggestion {'alpha': 0.01134450590018999, 'batch_size': 233, 'beta_1': 0.8713415306007731, 'beta_2': 0.9877900391708613, 'epsilon': 1.9708334447366487e-08, 'hidden_layer_sizes': 68, 'learning_rate_init': 0.0008329017920666878, 'tol': 2.8758808783952383e-05, 'validation_fraction': 0.16462346829401844}
observation time 0.000003, current best 2878.867407 at iter 22
suggestion time taken 0.010606 iter 23 next_points [{'alpha': 0.0006983841663089871, 'batch_size': 55, 'beta_1': 0.9535900251966554, 'beta_2': 0.9811242575822674, 'epsilon': 1.07084687407082e-07, 'hidden_layer_sizes': 53, 'learning_rate_init': 3.94228682709682e-05, 'tol': 0.00864430184888496, 'validation_fraction': 0.8399522578362429}]
function_evaluation time 0.160950 value 29130.887804 suggestion {'alpha': 0.0006983841663089871, 'batch_size': 55, 'beta_1': 0.9535900251966554, 'beta_2': 0.9811242575822674, 'epsilon': 1.07084687407082e-07, 'hidden_layer_sizes': 53, 'learning_rate_init': 3.94228682709682e-05, 'tol': 0.00864430184888496, 'validation_fraction': 0.8399522578362429}
observation time 0.000005, current best 2878.867407 at iter 23
suggestion time taken 0.011724 iter 24 next_points [{'alpha': 0.05481393503526476, 'batch_size': 247, 'beta_1': 0.9173366675991509, 'beta_2': 0.9703805001012878, 'epsilon': 1.0084166364868431e-08, 'hidden_layer_sizes': 155, 'learning_rate_init': 0.004958318587677312, 'tol': 0.0004937506511379462, 'validation_fraction': 0.4844540981489238}]
/home/ryedida/.local/lib/python3.8/site-packages/sklearn/neural_network/_multilayer_perceptron.py:621: UserWarning: Got `batch_size` less than 1 or larger than sample size. It is going to be clipped
  warnings.warn(

/home/ryedida/.local/lib/python3.8/site-packages/sklearn/neural_network/_multilayer_perceptron.py:702: ConvergenceWarning: Stochastic Optimizer: Maximum iterations (200) reached and the optimization hasn't converged yet.
  warnings.warn(

function_evaluation time 3.327450 value 9597.454017 suggestion {'alpha': 0.05481393503526476, 'batch_size': 247, 'beta_1': 0.9173366675991509, 'beta_2': 0.9703805001012878, 'epsilon': 1.0084166364868431e-08, 'hidden_layer_sizes': 155, 'learning_rate_init': 0.004958318587677312, 'tol': 0.0004937506511379462, 'validation_fraction': 0.4844540981489238}
observation time 0.000004, current best 2878.867407 at iter 24
suggestion time taken 0.010674 iter 25 next_points [{'alpha': 0.008797210423517412, 'batch_size': 28, 'beta_1': 0.9482327990156364, 'beta_2': 0.9952486474010449, 'epsilon': 1.242800223525464e-07, 'hidden_layer_sizes': 85, 'learning_rate_init': 0.05627083311395062, 'tol': 0.0005782346780097866, 'validation_fraction': 0.5899019749700705}]
function_evaluation time 1.468548 value 2980.557913 suggestion {'alpha': 0.008797210423517412, 'batch_size': 28, 'beta_1': 0.9482327990156364, 'beta_2': 0.9952486474010449, 'epsilon': 1.242800223525464e-07, 'hidden_layer_sizes': 85, 'learning_rate_init': 0.05627083311395062, 'tol': 0.0005782346780097866, 'validation_fraction': 0.5899019749700705}
observation time 0.000004, current best 2878.867407 at iter 25
suggestion time taken 0.010516 iter 26 next_points [{'alpha': 0.7986666742868057, 'batch_size': 139, 'beta_1': 0.9307572397573942, 'beta_2': 0.9703950353585129, 'epsilon': 3.6456295042781974e-09, 'hidden_layer_sizes': 139, 'learning_rate_init': 0.013559145701756738, 'tol': 0.00012926984540920526, 'validation_fraction': 0.21188936094032}]
function_evaluation time 3.259055 value 3040.666952 suggestion {'alpha': 0.7986666742868057, 'batch_size': 139, 'beta_1': 0.9307572397573942, 'beta_2': 0.9703950353585129, 'epsilon': 3.6456295042781974e-09, 'hidden_layer_sizes': 139, 'learning_rate_init': 0.013559145701756738, 'tol': 0.00012926984540920526, 'validation_fraction': 0.21188936094032}
observation time 0.000005, current best 2878.867407 at iter 26
suggestion time taken 0.010521 iter 27 next_points [{'alpha': 0.00024420143433694053, 'batch_size': 99, 'beta_1': 0.7975598261155253, 'beta_2': 0.9975601346962963, 'epsilon': 1.8315090852637547e-08, 'hidden_layer_sizes': 194, 'learning_rate_init': 0.0014506212309706266, 'tol': 1.482486833572826e-05, 'validation_fraction': 0.10510334892115682}]
/home/ryedida/.local/lib/python3.8/site-packages/sklearn/neural_network/_multilayer_perceptron.py:702: ConvergenceWarning: Stochastic Optimizer: Maximum iterations (200) reached and the optimization hasn't converged yet.
  warnings.warn(

function_evaluation time 5.845568 value 5742.378978 suggestion {'alpha': 0.00024420143433694053, 'batch_size': 99, 'beta_1': 0.7975598261155253, 'beta_2': 0.9975601346962963, 'epsilon': 1.8315090852637547e-08, 'hidden_layer_sizes': 194, 'learning_rate_init': 0.0014506212309706266, 'tol': 1.482486833572826e-05, 'validation_fraction': 0.10510334892115682}
observation time 0.000003, current best 2878.867407 at iter 27
suggestion time taken 0.010287 iter 28 next_points [{'alpha': 0.06601297804543355, 'batch_size': 101, 'beta_1': 0.8154490932007203, 'beta_2': 0.9992971531536168, 'epsilon': 2.9296543033584627e-09, 'hidden_layer_sizes': 157, 'learning_rate_init': 5.806142694693552e-05, 'tol': 0.0005987892627417194, 'validation_fraction': 0.7592795840723843}]
/home/ryedida/.local/lib/python3.8/site-packages/sklearn/neural_network/_multilayer_perceptron.py:621: UserWarning: Got `batch_size` less than 1 or larger than sample size. It is going to be clipped
  warnings.warn(

function_evaluation time 0.180258 value 29148.139549 suggestion {'alpha': 0.06601297804543355, 'batch_size': 101, 'beta_1': 0.8154490932007203, 'beta_2': 0.9992971531536168, 'epsilon': 2.9296543033584627e-09, 'hidden_layer_sizes': 157, 'learning_rate_init': 5.806142694693552e-05, 'tol': 0.0005987892627417194, 'validation_fraction': 0.7592795840723843}
observation time 0.000003, current best 2878.867407 at iter 28
suggestion time taken 0.010170 iter 29 next_points [{'alpha': 0.002392200719710649, 'batch_size': 150, 'beta_1': 0.6611175066089133, 'beta_2': 0.9999957390491118, 'epsilon': 1.7775095785292035e-07, 'hidden_layer_sizes': 142, 'learning_rate_init': 0.00017101775795632442, 'tol': 0.022752559155353173, 'validation_fraction': 0.2742518356173351}]
function_evaluation time 0.262659 value 29104.797927 suggestion {'alpha': 0.002392200719710649, 'batch_size': 150, 'beta_1': 0.6611175066089133, 'beta_2': 0.9999957390491118, 'epsilon': 1.7775095785292035e-07, 'hidden_layer_sizes': 142, 'learning_rate_init': 0.00017101775795632442, 'tol': 0.022752559155353173, 'validation_fraction': 0.2742518356173351}
observation time 0.000003, current best 2878.867407 at iter 29
suggestion time taken 0.010367 iter 30 next_points [{'alpha': 0.03201391131371132, 'batch_size': 149, 'beta_1': 0.969784176744409, 'beta_2': 0.9999984812820432, 'epsilon': 7.385047525343832e-07, 'hidden_layer_sizes': 55, 'learning_rate_init': 0.00036384304008518775, 'tol': 2.2938711783854804e-05, 'validation_fraction': 0.6838446199447819}]
/home/ryedida/.local/lib/python3.8/site-packages/sklearn/neural_network/_multilayer_perceptron.py:621: UserWarning: Got `batch_size` less than 1 or larger than sample size. It is going to be clipped
  warnings.warn(

/home/ryedida/.local/lib/python3.8/site-packages/sklearn/neural_network/_multilayer_perceptron.py:702: ConvergenceWarning: Stochastic Optimizer: Maximum iterations (200) reached and the optimization hasn't converged yet.
  warnings.warn(

function_evaluation time 2.247388 value 28834.697557 suggestion {'alpha': 0.03201391131371132, 'batch_size': 149, 'beta_1': 0.969784176744409, 'beta_2': 0.9999984812820432, 'epsilon': 7.385047525343832e-07, 'hidden_layer_sizes': 55, 'learning_rate_init': 0.00036384304008518775, 'tol': 2.2938711783854804e-05, 'validation_fraction': 0.6838446199447819}
observation time 0.000004, current best 2878.867407 at iter 30
suggestion time taken 0.010349 iter 31 next_points [{'alpha': 0.001080573634518717, 'batch_size': 112, 'beta_1': 0.9890636427167464, 'beta_2': 0.9985482276701904, 'epsilon': 4.97321746628128e-07, 'hidden_layer_sizes': 84, 'learning_rate_init': 0.04991845301471635, 'tol': 0.00030746993863446225, 'validation_fraction': 0.5076632141269223}]
function_evaluation time 0.581540 value 4277.215241 suggestion {'alpha': 0.001080573634518717, 'batch_size': 112, 'beta_1': 0.9890636427167464, 'beta_2': 0.9985482276701904, 'epsilon': 4.97321746628128e-07, 'hidden_layer_sizes': 84, 'learning_rate_init': 0.04991845301471635, 'tol': 0.00030746993863446225, 'validation_fraction': 0.5076632141269223}
observation time 0.000004, current best 2878.867407 at iter 31
suggestion time taken 0.010299 iter 32 next_points [{'alpha': 0.00011767972072154872, 'batch_size': 142, 'beta_1': 0.6291397518932682, 'beta_2': 0.9984015092427853, 'epsilon': 4.031409417031363e-08, 'hidden_layer_sizes': 170, 'learning_rate_init': 0.05413947501147701, 'tol': 0.000517901573782095, 'validation_fraction': 0.5335691620578947}]
function_evaluation time 1.045292 value 2949.447566 suggestion {'alpha': 0.00011767972072154872, 'batch_size': 142, 'beta_1': 0.6291397518932682, 'beta_2': 0.9984015092427853, 'epsilon': 4.031409417031363e-08, 'hidden_layer_sizes': 170, 'learning_rate_init': 0.05413947501147701, 'tol': 0.000517901573782095, 'validation_fraction': 0.5335691620578947}
observation time 0.000004, current best 2878.867407 at iter 32
suggestion time taken 0.010417 iter 33 next_points [{'alpha': 0.25913499061607315, 'batch_size': 216, 'beta_1': 0.7526560616417656, 'beta_2': 0.9846080975954042, 'epsilon': 6.493720727460643e-09, 'hidden_layer_sizes': 85, 'learning_rate_init': 2.5098811827114308e-05, 'tol': 1.482302809626792e-05, 'validation_fraction': 0.5938132610113789}]
/home/ryedida/.local/lib/python3.8/site-packages/sklearn/neural_network/_multilayer_perceptron.py:621: UserWarning: Got `batch_size` less than 1 or larger than sample size. It is going to be clipped
  warnings.warn(

/home/ryedida/.local/lib/python3.8/site-packages/sklearn/neural_network/_multilayer_perceptron.py:702: ConvergenceWarning: Stochastic Optimizer: Maximum iterations (200) reached and the optimization hasn't converged yet.
  warnings.warn(

function_evaluation time 2.127760 value 29134.505445 suggestion {'alpha': 0.25913499061607315, 'batch_size': 216, 'beta_1': 0.7526560616417656, 'beta_2': 0.9846080975954042, 'epsilon': 6.493720727460643e-09, 'hidden_layer_sizes': 85, 'learning_rate_init': 2.5098811827114308e-05, 'tol': 1.482302809626792e-05, 'validation_fraction': 0.5938132610113789}
observation time 0.000003, current best 2878.867407 at iter 33
suggestion time taken 0.010359 iter 34 next_points [{'alpha': 0.000246275932027718, 'batch_size': 188, 'beta_1': 0.8093608279932829, 'beta_2': 0.9999946398120406, 'epsilon': 1.018465538380835e-08, 'hidden_layer_sizes': 66, 'learning_rate_init': 6.203475899467871e-05, 'tol': 0.00015942908625978146, 'validation_fraction': 0.833323808078759}]
/home/ryedida/.local/lib/python3.8/site-packages/sklearn/neural_network/_multilayer_perceptron.py:621: UserWarning: Got `batch_size` less than 1 or larger than sample size. It is going to be clipped
  warnings.warn(

function_evaluation time 0.150513 value 29143.319816 suggestion {'alpha': 0.000246275932027718, 'batch_size': 188, 'beta_1': 0.8093608279932829, 'beta_2': 0.9999946398120406, 'epsilon': 1.018465538380835e-08, 'hidden_layer_sizes': 66, 'learning_rate_init': 6.203475899467871e-05, 'tol': 0.00015942908625978146, 'validation_fraction': 0.833323808078759}
observation time 0.000004, current best 2878.867407 at iter 34
suggestion time taken 0.010195 iter 35 next_points [{'alpha': 0.02173088679528822, 'batch_size': 63, 'beta_1': 0.9767381133550493, 'beta_2': 0.9999773614101526, 'epsilon': 1.5246177519619862e-07, 'hidden_layer_sizes': 52, 'learning_rate_init': 0.034789093989816625, 'tol': 0.0004477017419527604, 'validation_fraction': 0.36596096603616796}]
function_evaluation time 0.353040 value 4266.446600 suggestion {'alpha': 0.02173088679528822, 'batch_size': 63, 'beta_1': 0.9767381133550493, 'beta_2': 0.9999773614101526, 'epsilon': 1.5246177519619862e-07, 'hidden_layer_sizes': 52, 'learning_rate_init': 0.034789093989816625, 'tol': 0.0004477017419527604, 'validation_fraction': 0.36596096603616796}
observation time 0.000002, current best 2878.867407 at iter 35
suggestion time taken 0.003815 iter 36 next_points [{'alpha': 0.043220835073739104, 'batch_size': 187, 'beta_1': 0.699116020077739, 'beta_2': 0.9960363393642012, 'epsilon': 1.0748052312556039e-08, 'hidden_layer_sizes': 88, 'learning_rate_init': 0.0004176410882461619, 'tol': 0.001841411160910201, 'validation_fraction': 0.15248490729802222}]
function_evaluation time 0.237714 value 29030.983658 suggestion {'alpha': 0.043220835073739104, 'batch_size': 187, 'beta_1': 0.699116020077739, 'beta_2': 0.9960363393642012, 'epsilon': 1.0748052312556039e-08, 'hidden_layer_sizes': 88, 'learning_rate_init': 0.0004176410882461619, 'tol': 0.001841411160910201, 'validation_fraction': 0.15248490729802222}
observation time 0.000003, current best 2878.867407 at iter 36
suggestion time taken 0.011217 iter 37 next_points [{'alpha': 0.06340437926361965, 'batch_size': 120, 'beta_1': 0.6766075336799974, 'beta_2': 0.998970438719301, 'epsilon': 4.5426288591440915e-07, 'hidden_layer_sizes': 105, 'learning_rate_init': 0.00313826481375298, 'tol': 0.00543755427118348, 'validation_fraction': 0.2166710908664832}]
function_evaluation time 3.050040 value 9627.346778 suggestion {'alpha': 0.06340437926361965, 'batch_size': 120, 'beta_1': 0.6766075336799974, 'beta_2': 0.998970438719301, 'epsilon': 4.5426288591440915e-07, 'hidden_layer_sizes': 105, 'learning_rate_init': 0.00313826481375298, 'tol': 0.00543755427118348, 'validation_fraction': 0.2166710908664832}
observation time 0.000003, current best 2878.867407 at iter 37
suggestion time taken 0.010417 iter 38 next_points [{'alpha': 2.2939364675748455, 'batch_size': 164, 'beta_1': 0.986003208975614, 'beta_2': 0.9996312832999535, 'epsilon': 1.2961131545073732e-08, 'hidden_layer_sizes': 69, 'learning_rate_init': 0.004374323017902434, 'tol': 0.0169978301394616, 'validation_fraction': 0.6334101374327705}]
/home/ryedida/.local/lib/python3.8/site-packages/sklearn/neural_network/_multilayer_perceptron.py:621: UserWarning: Got `batch_size` less than 1 or larger than sample size. It is going to be clipped
  warnings.warn(

function_evaluation time 0.160088 value 28957.799459 suggestion {'alpha': 2.2939364675748455, 'batch_size': 164, 'beta_1': 0.986003208975614, 'beta_2': 0.9996312832999535, 'epsilon': 1.2961131545073732e-08, 'hidden_layer_sizes': 69, 'learning_rate_init': 0.004374323017902434, 'tol': 0.0169978301394616, 'validation_fraction': 0.6334101374327705}
observation time 0.000003, current best 2878.867407 at iter 38
suggestion time taken 0.010314 iter 39 next_points [{'alpha': 0.0029375388995984187, 'batch_size': 120, 'beta_1': 0.7778697677592686, 'beta_2': 0.9354565549907752, 'epsilon': 1.5230238014632802e-07, 'hidden_layer_sizes': 82, 'learning_rate_init': 0.0028489885572877396, 'tol': 0.0019496599036065963, 'validation_fraction': 0.7433477090117004}]
/home/ryedida/.local/lib/python3.8/site-packages/sklearn/neural_network/_multilayer_perceptron.py:621: UserWarning: Got `batch_size` less than 1 or larger than sample size. It is going to be clipped
  warnings.warn(

function_evaluation time 0.516694 value 27645.066821 suggestion {'alpha': 0.0029375388995984187, 'batch_size': 120, 'beta_1': 0.7778697677592686, 'beta_2': 0.9354565549907752, 'epsilon': 1.5230238014632802e-07, 'hidden_layer_sizes': 82, 'learning_rate_init': 0.0028489885572877396, 'tol': 0.0019496599036065963, 'validation_fraction': 0.7433477090117004}
observation time 0.000003, current best 2878.867407 at iter 39
suggestion time taken 0.010392 iter 40 next_points [{'alpha': 0.03007274644832751, 'batch_size': 235, 'beta_1': 0.862642371924351, 'beta_2': 0.999952691379911, 'epsilon': 1.7212857593805427e-08, 'hidden_layer_sizes': 59, 'learning_rate_init': 0.004873467562447839, 'tol': 0.0529611204310965, 'validation_fraction': 0.7806177707166354}]
/home/ryedida/.local/lib/python3.8/site-packages/sklearn/neural_network/_multilayer_perceptron.py:621: UserWarning: Got `batch_size` less than 1 or larger than sample size. It is going to be clipped
  warnings.warn(

function_evaluation time 0.153377 value 28941.830245 suggestion {'alpha': 0.03007274644832751, 'batch_size': 235, 'beta_1': 0.862642371924351, 'beta_2': 0.999952691379911, 'epsilon': 1.7212857593805427e-08, 'hidden_layer_sizes': 59, 'learning_rate_init': 0.004873467562447839, 'tol': 0.0529611204310965, 'validation_fraction': 0.7806177707166354}
observation time 0.000003, current best 2878.867407 at iter 40
suggestion time taken 0.010238 iter 41 next_points [{'alpha': 0.0017418544577026875, 'batch_size': 59, 'beta_1': 0.9798162832132639, 'beta_2': 0.9999888191202596, 'epsilon': 1.2372073113378764e-07, 'hidden_layer_sizes': 97, 'learning_rate_init': 3.805689979539322e-05, 'tol': 0.012106450484607205, 'validation_fraction': 0.5015961805812098}]
function_evaluation time 0.263271 value 29079.722903 suggestion {'alpha': 0.0017418544577026875, 'batch_size': 59, 'beta_1': 0.9798162832132639, 'beta_2': 0.9999888191202596, 'epsilon': 1.2372073113378764e-07, 'hidden_layer_sizes': 97, 'learning_rate_init': 3.805689979539322e-05, 'tol': 0.012106450484607205, 'validation_fraction': 0.5015961805812098}
observation time 0.000004, current best 2878.867407 at iter 41
suggestion time taken 0.010218 iter 42 next_points [{'alpha': 0.09148439244542465, 'batch_size': 36, 'beta_1': 0.9052477405890701, 'beta_2': 0.9999967421432557, 'epsilon': 3.48301917184118e-07, 'hidden_layer_sizes': 73, 'learning_rate_init': 0.0001086460654157997, 'tol': 0.0017322269984403954, 'validation_fraction': 0.8722160534752551}]
function_evaluation time 0.154473 value 29119.951296 suggestion {'alpha': 0.09148439244542465, 'batch_size': 36, 'beta_1': 0.9052477405890701, 'beta_2': 0.9999967421432557, 'epsilon': 3.48301917184118e-07, 'hidden_layer_sizes': 73, 'learning_rate_init': 0.0001086460654157997, 'tol': 0.0017322269984403954, 'validation_fraction': 0.8722160534752551}
observation time 0.000004, current best 2878.867407 at iter 42
suggestion time taken 0.010149 iter 43 next_points [{'alpha': 0.06741065114446233, 'batch_size': 118, 'beta_1': 0.9724250951284708, 'beta_2': 0.9996800290875149, 'epsilon': 3.537966970307053e-08, 'hidden_layer_sizes': 124, 'learning_rate_init': 9.183773497518378e-05, 'tol': 0.00030537779382637596, 'validation_fraction': 0.25289463879580604}]
function_evaluation time 0.256302 value 29102.990977 suggestion {'alpha': 0.06741065114446233, 'batch_size': 118, 'beta_1': 0.9724250951284708, 'beta_2': 0.9996800290875149, 'epsilon': 3.537966970307053e-08, 'hidden_layer_sizes': 124, 'learning_rate_init': 9.183773497518378e-05, 'tol': 0.00030537779382637596, 'validation_fraction': 0.25289463879580604}
observation time 0.000003, current best 2878.867407 at iter 43
suggestion time taken 0.010236 iter 44 next_points [{'alpha': 0.4015775752775717, 'batch_size': 174, 'beta_1': 0.5232515648846443, 'beta_2': 0.9861243670288362, 'epsilon': 4.955724448474415e-09, 'hidden_layer_sizes': 101, 'learning_rate_init': 0.00011340309165372364, 'tol': 0.0016082127689493583, 'validation_fraction': 0.7295973991697252}]
/home/ryedida/.local/lib/python3.8/site-packages/sklearn/neural_network/_multilayer_perceptron.py:621: UserWarning: Got `batch_size` less than 1 or larger than sample size. It is going to be clipped
  warnings.warn(

function_evaluation time 0.173731 value 29089.515980 suggestion {'alpha': 0.4015775752775717, 'batch_size': 174, 'beta_1': 0.5232515648846443, 'beta_2': 0.9861243670288362, 'epsilon': 4.955724448474415e-09, 'hidden_layer_sizes': 101, 'learning_rate_init': 0.00011340309165372364, 'tol': 0.0016082127689493583, 'validation_fraction': 0.7295973991697252}
observation time 0.000004, current best 2878.867407 at iter 44
saving meta data: {'args': {'--uuid': '86e286c5af775601afaa5338eab78390', '-db-root': '/home/ryedida/bbo_challenge_starter_kit/output', '--opt-root': '/home/ryedida/bbo_challenge_starter_kit/example_submissions', '--data-root': None, '--db': 'run_20231015_191245', '--opt': 'random', '--data': 'diabetes', '--classifier': 'MLP-adam', '--metric': 'mse', '--calls': 45, '--suggestions': 1, '--jobs-file': None, '--verbose': False, 'dry_run': False, 'rev': 'a376313', 'opt_rev': '0.0.8'}, 'signature': ([{'alpha': 0.019628224813442792, 'batch_size': 182, 'beta_1': 0.9410202200271762, 'beta_2': 0.9998021557676793, 'epsilon': 1.8662266976518e-08, 'hidden_layer_sizes': 147, 'learning_rate_init': 0.0005627932047415167, 'tol': 0.03690557729213761, 'validation_fraction': 0.8846827852548593}, {'alpha': 0.001998246739232944, 'batch_size': 200, 'beta_1': 0.919111482530466, 'beta_2': 0.9998488260436156, 'epsilon': 5.981221901152555e-07, 'hidden_layer_sizes': 61, 'learning_rate_init': 2.2310905607443014e-05, 'tol': 1.2046852412030316e-05, 'validation_fraction': 0.8117896445826539}, {'alpha': 0.46659545670218433, 'batch_size': 219, 'beta_1': 0.9889789783750891, 'beta_2': 0.9999896868093284, 'epsilon': 2.4234724484675948e-08, 'hidden_layer_sizes': 167, 'learning_rate_init': 2.972334644335654e-05, 'tol': 0.0036281404040243792, 'validation_fraction': 0.17260651658522078}, {'alpha': 4.656005689076002, 'batch_size': 135, 'beta_1': 0.870503881627747, 'beta_2': 0.9948873266941017, 'epsilon': 2.1023308743480125e-07, 'hidden_layer_sizes': 118, 'learning_rate_init': 0.001878173875716191, 'tol': 1.1889379831773006e-05, 'validation_fraction': 0.6264327093752792}, {'alpha': 0.04705159350400542, 'batch_size': 158, 'beta_1': 0.9870884262730957, 'beta_2': 0.9999596874382349, 'epsilon': 1.1981845126013875e-08, 'hidden_layer_sizes': 116, 'learning_rate_init': 0.006173405204074311, 'tol': 1.7414134181586194e-05, 'validation_fraction': 0.6754299026638921}], [29083.993548572587, 29062.423277324073, 29075.78987471409, 24626.32866834337, 9584.226858493173])}
saving results
saving timing
saving suggest log
done
