running: {'--uuid': 'bb9ccac7c0185ca6be2c03ef712ff9c1', '-db-root': '/home/ryedida/bbo_challenge_starter_kit/output', '--opt-root': '/home/ryedida/bbo_challenge_starter_kit/example_submissions', '--data-root': None, '--db': 'run_20231015_191245', '--opt': 'strongcvx', '--data': 'diabetes', '--classifier': 'MLP-adam', '--metric': 'mae', '--calls': 45, '--suggestions': 1, '--jobs-file': None, '--verbose': False, 'dry_run': False, 'rev': 'a376313', 'opt_rev': 'x.x.x'}
cmd: python strongcvx/optimizer.py -c MLP-adam -d diabetes -o strongcvx -u bb9ccac7c0185ca6be2c03ef712ff9c1 -m mae -n 45 -p 1 -dir /home/ryedida/bbo_challenge_starter_kit/output -b run_20231015_191245
/home/ryedida/.local/lib/python3.8/site-packages/sklearn/neural_network/_multilayer_perceptron.py:621: UserWarning: Got `batch_size` less than 1 or larger than sample size. It is going to be clipped
  warnings.warn(

/home/ryedida/.local/lib/python3.8/site-packages/sklearn/neural_network/_multilayer_perceptron.py:621: UserWarning: Got `batch_size` less than 1 or larger than sample size. It is going to be clipped
  warnings.warn(

/home/ryedida/.local/lib/python3.8/site-packages/sklearn/neural_network/_multilayer_perceptron.py:621: UserWarning: Got `batch_size` less than 1 or larger than sample size. It is going to be clipped
  warnings.warn(

/home/ryedida/.local/lib/python3.8/site-packages/sklearn/neural_network/_multilayer_perceptron.py:702: ConvergenceWarning: Stochastic Optimizer: Maximum iterations (200) reached and the optimization hasn't converged yet.
  warnings.warn(

/home/ryedida/.local/lib/python3.8/site-packages/sklearn/neural_network/_multilayer_perceptron.py:621: UserWarning: Got `batch_size` less than 1 or larger than sample size. It is going to be clipped
  warnings.warn(

/home/ryedida/.local/lib/python3.8/site-packages/sklearn/neural_network/_multilayer_perceptron.py:702: ConvergenceWarning: Stochastic Optimizer: Maximum iterations (200) reached and the optimization hasn't converged yet.
  warnings.warn(

computed signature: ([{'alpha': 0.019628224813442792, 'batch_size': 182, 'beta_1': 0.9410202200271762, 'beta_2': 0.9998021557676793, 'epsilon': 1.8662266976518e-08, 'hidden_layer_sizes': 147, 'learning_rate_init': 0.0005627932047415167, 'tol': 0.03690557729213761, 'validation_fraction': 0.8846827852548593}, {'alpha': 0.001998246739232944, 'batch_size': 200, 'beta_1': 0.919111482530466, 'beta_2': 0.9998488260436156, 'epsilon': 5.981221901152555e-07, 'hidden_layer_sizes': 61, 'learning_rate_init': 2.2310905607443014e-05, 'tol': 1.2046852412030316e-05, 'validation_fraction': 0.8117896445826539}, {'alpha': 0.46659545670218433, 'batch_size': 219, 'beta_1': 0.9889789783750891, 'beta_2': 0.9999896868093284, 'epsilon': 2.4234724484675948e-08, 'hidden_layer_sizes': 167, 'learning_rate_init': 2.972334644335654e-05, 'tol': 0.0036281404040243792, 'validation_fraction': 0.17260651658522078}, {'alpha': 4.656005689076002, 'batch_size': 135, 'beta_1': 0.870503881627747, 'beta_2': 0.9948873266941017, 'epsilon': 2.1023308743480125e-07, 'hidden_layer_sizes': 118, 'learning_rate_init': 0.001878173875716191, 'tol': 1.1889379831773006e-05, 'validation_fraction': 0.6264327093752792}, {'alpha': 0.04705159350400542, 'batch_size': 158, 'beta_1': 0.9870884262730957, 'beta_2': 0.9999596874382349, 'epsilon': 1.1981845126013875e-08, 'hidden_layer_sizes': 116, 'learning_rate_init': 0.006173405204074311, 'tol': 1.7414134181586194e-05, 'validation_fraction': 0.6754299026638921}], [151.4971925380264, 151.42763539278994, 151.47026299046811, 136.86202504264318, 75.2055865763391])
/home/ryedida/.local/lib/python3.8/site-packages/bayesmark/experiment.py:470: UserWarning: Baselines not found. Will not log intermediate scores.
  warnings.warn("Baselines not found. Will not log intermediate scores.")

starting sklearn study strongcvx MLP-adam diabetes mae 45 1
with data root: None
suggestion time taken 16.432488 iter 0 next_points [{'alpha': 0.30295192932185566, 'batch_size': 248, 'beta_1': 0.9119682110202216, 'beta_2': 0.9999978412738589, 'epsilon': 1.633424550852258e-08, 'hidden_layer_sizes': 135, 'learning_rate_init': 0.018644167190917563, 'tol': 0.03168596790829289, 'validation_fraction': 0.1500148273982273}]
function_evaluation time 0.931904 value 92.217288 suggestion {'alpha': 0.30295192932185566, 'batch_size': 248, 'beta_1': 0.9119682110202216, 'beta_2': 0.9999978412738589, 'epsilon': 1.633424550852258e-08, 'hidden_layer_sizes': 135, 'learning_rate_init': 0.018644167190917563, 'tol': 0.03168596790829289, 'validation_fraction': 0.1500148273982273}
observation time 0.000007, current best 92.217288 at iter 0
suggestion time taken 16.397647 iter 1 next_points [{'alpha': 5.568532886921092e-05, 'batch_size': 223, 'beta_1': 0.7619658425206721, 'beta_2': 0.9987080713142328, 'epsilon': 7.453986622066533e-09, 'hidden_layer_sizes': 166, 'learning_rate_init': 0.00020271251190518514, 'tol': 0.0011102785849704138, 'validation_fraction': 0.2415454234051527}]
function_evaluation time 0.254526 value 151.497564 suggestion {'alpha': 5.568532886921092e-05, 'batch_size': 223, 'beta_1': 0.7619658425206721, 'beta_2': 0.9987080713142328, 'epsilon': 7.453986622066533e-09, 'hidden_layer_sizes': 166, 'learning_rate_init': 0.00020271251190518514, 'tol': 0.0011102785849704138, 'validation_fraction': 0.2415454234051527}
observation time 0.000005, current best 92.217288 at iter 1
suggestion time taken 15.803190 iter 2 next_points [{'alpha': 0.00047660617625747424, 'batch_size': 240, 'beta_1': 0.9452308384656064, 'beta_2': 0.9999348761266152, 'epsilon': 3.3329591901600563e-08, 'hidden_layer_sizes': 138, 'learning_rate_init': 0.0052182790635739995, 'tol': 0.011253775156430973, 'validation_fraction': 0.8126223056260592}]
/home/ryedida/.local/lib/python3.8/site-packages/sklearn/neural_network/_multilayer_perceptron.py:621: UserWarning: Got `batch_size` less than 1 or larger than sample size. It is going to be clipped
  warnings.warn(

function_evaluation time 0.171723 value 150.645832 suggestion {'alpha': 0.00047660617625747424, 'batch_size': 240, 'beta_1': 0.9452308384656064, 'beta_2': 0.9999348761266152, 'epsilon': 3.3329591901600563e-08, 'hidden_layer_sizes': 138, 'learning_rate_init': 0.0052182790635739995, 'tol': 0.011253775156430973, 'validation_fraction': 0.8126223056260592}
observation time 0.000005, current best 92.217288 at iter 2
suggestion time taken 17.637726 iter 3 next_points [{'alpha': 5.869737144389778, 'batch_size': 241, 'beta_1': 0.9868730383267112, 'beta_2': 0.9948075948374694, 'epsilon': 2.4108015828414746e-09, 'hidden_layer_sizes': 113, 'learning_rate_init': 1.1385985430288102e-05, 'tol': 0.004431892003169056, 'validation_fraction': 0.4287728500410647}]
/home/ryedida/.local/lib/python3.8/site-packages/sklearn/neural_network/_multilayer_perceptron.py:621: UserWarning: Got `batch_size` less than 1 or larger than sample size. It is going to be clipped
  warnings.warn(

function_evaluation time 0.200952 value 151.550753 suggestion {'alpha': 5.869737144389778, 'batch_size': 241, 'beta_1': 0.9868730383267112, 'beta_2': 0.9948075948374694, 'epsilon': 2.4108015828414746e-09, 'hidden_layer_sizes': 113, 'learning_rate_init': 1.1385985430288102e-05, 'tol': 0.004431892003169056, 'validation_fraction': 0.4287728500410647}
observation time 0.000006, current best 92.217288 at iter 3
suggestion time taken 16.525488 iter 4 next_points [{'alpha': 0.4309905700784652, 'batch_size': 240, 'beta_1': 0.9875024786347113, 'beta_2': 0.9997893627598642, 'epsilon': 6.7060849099913736e-09, 'hidden_layer_sizes': 88, 'learning_rate_init': 0.0006977477193314624, 'tol': 0.00027353648932527296, 'validation_fraction': 0.14402680154245592}]
/home/ryedida/.local/lib/python3.8/site-packages/sklearn/neural_network/_multilayer_perceptron.py:702: ConvergenceWarning: Stochastic Optimizer: Maximum iterations (200) reached and the optimization hasn't converged yet.
  warnings.warn(

function_evaluation time 3.938934 value 146.682896 suggestion {'alpha': 0.4309905700784652, 'batch_size': 240, 'beta_1': 0.9875024786347113, 'beta_2': 0.9997893627598642, 'epsilon': 6.7060849099913736e-09, 'hidden_layer_sizes': 88, 'learning_rate_init': 0.0006977477193314624, 'tol': 0.00027353648932527296, 'validation_fraction': 0.14402680154245592}
observation time 0.000005, current best 92.217288 at iter 4
suggestion time taken 16.422620 iter 5 next_points [{'alpha': 0.003650094236213051, 'batch_size': 232, 'beta_1': 0.9142950740206556, 'beta_2': 0.9962370851182288, 'epsilon': 7.344384894532593e-07, 'hidden_layer_sizes': 192, 'learning_rate_init': 0.004751086131010109, 'tol': 0.0001725644902341971, 'validation_fraction': 0.7700893983564027}]
/home/ryedida/.local/lib/python3.8/site-packages/sklearn/neural_network/_multilayer_perceptron.py:621: UserWarning: Got `batch_size` less than 1 or larger than sample size. It is going to be clipped
  warnings.warn(

/home/ryedida/.local/lib/python3.8/site-packages/sklearn/neural_network/_multilayer_perceptron.py:702: ConvergenceWarning: Stochastic Optimizer: Maximum iterations (200) reached and the optimization hasn't converged yet.
  warnings.warn(

function_evaluation time 3.069411 value 60.280997 suggestion {'alpha': 0.003650094236213051, 'batch_size': 232, 'beta_1': 0.9142950740206556, 'beta_2': 0.9962370851182288, 'epsilon': 7.344384894532593e-07, 'hidden_layer_sizes': 192, 'learning_rate_init': 0.004751086131010109, 'tol': 0.0001725644902341971, 'validation_fraction': 0.7700893983564027}
observation time 0.000005, current best 60.280997 at iter 5
suggestion time taken 16.651025 iter 6 next_points [{'alpha': 0.15901246487521925, 'batch_size': 248, 'beta_1': 0.5421854902662016, 'beta_2': 0.9999960270282492, 'epsilon': 5.5259954733713475e-09, 'hidden_layer_sizes': 161, 'learning_rate_init': 0.0066862065477013895, 'tol': 5.2517160049911996e-05, 'validation_fraction': 0.8399367227120388}]
/home/ryedida/.local/lib/python3.8/site-packages/sklearn/neural_network/_multilayer_perceptron.py:621: UserWarning: Got `batch_size` less than 1 or larger than sample size. It is going to be clipped
  warnings.warn(

/home/ryedida/.local/lib/python3.8/site-packages/sklearn/neural_network/_multilayer_perceptron.py:702: ConvergenceWarning: Stochastic Optimizer: Maximum iterations (200) reached and the optimization hasn't converged yet.
  warnings.warn(

function_evaluation time 2.786430 value 52.410525 suggestion {'alpha': 0.15901246487521925, 'batch_size': 248, 'beta_1': 0.5421854902662016, 'beta_2': 0.9999960270282492, 'epsilon': 5.5259954733713475e-09, 'hidden_layer_sizes': 161, 'learning_rate_init': 0.0066862065477013895, 'tol': 5.2517160049911996e-05, 'validation_fraction': 0.8399367227120388}
observation time 0.000004, current best 52.410525 at iter 6
suggestion time taken 16.275798 iter 7 next_points [{'alpha': 0.0005454041240265726, 'batch_size': 248, 'beta_1': 0.9620975215481048, 'beta_2': 0.9723679851381275, 'epsilon': 2.426474641911191e-07, 'hidden_layer_sizes': 150, 'learning_rate_init': 0.0016604327948182146, 'tol': 2.2946640618060298e-05, 'validation_fraction': 0.1105163996924061}]
/home/ryedida/.local/lib/python3.8/site-packages/sklearn/neural_network/_multilayer_perceptron.py:702: ConvergenceWarning: Stochastic Optimizer: Maximum iterations (200) reached and the optimization hasn't converged yet.
  warnings.warn(

function_evaluation time 4.437407 value 120.822322 suggestion {'alpha': 0.0005454041240265726, 'batch_size': 248, 'beta_1': 0.9620975215481048, 'beta_2': 0.9723679851381275, 'epsilon': 2.426474641911191e-07, 'hidden_layer_sizes': 150, 'learning_rate_init': 0.0016604327948182146, 'tol': 2.2946640618060298e-05, 'validation_fraction': 0.1105163996924061}
observation time 0.000005, current best 52.410525 at iter 7
suggestion time taken 16.531843 iter 8 next_points [{'alpha': 0.012351576558347892, 'batch_size': 237, 'beta_1': 0.9883337750887742, 'beta_2': 0.9997549694807437, 'epsilon': 8.527234281631802e-08, 'hidden_layer_sizes': 193, 'learning_rate_init': 2.5754060629425777e-05, 'tol': 0.00020789436741928453, 'validation_fraction': 0.612348080507104}]
/home/ryedida/.local/lib/python3.8/site-packages/sklearn/neural_network/_multilayer_perceptron.py:621: UserWarning: Got `batch_size` less than 1 or larger than sample size. It is going to be clipped
  warnings.warn(

function_evaluation time 0.221067 value 151.608806 suggestion {'alpha': 0.012351576558347892, 'batch_size': 237, 'beta_1': 0.9883337750887742, 'beta_2': 0.9997549694807437, 'epsilon': 8.527234281631802e-08, 'hidden_layer_sizes': 193, 'learning_rate_init': 2.5754060629425777e-05, 'tol': 0.00020789436741928453, 'validation_fraction': 0.612348080507104}
observation time 0.000006, current best 52.410525 at iter 8
suggestion time taken 16.454681 iter 9 next_points [{'alpha': 0.003022238125275407, 'batch_size': 235, 'beta_1': 0.9474098612041466, 'beta_2': 0.9999989346147764, 'epsilon': 1.2917179887457673e-07, 'hidden_layer_sizes': 180, 'learning_rate_init': 0.003748480253666614, 'tol': 0.06174659950149375, 'validation_fraction': 0.13668608039551589}]
function_evaluation time 0.344058 value 149.892141 suggestion {'alpha': 0.003022238125275407, 'batch_size': 235, 'beta_1': 0.9474098612041466, 'beta_2': 0.9999989346147764, 'epsilon': 1.2917179887457673e-07, 'hidden_layer_sizes': 180, 'learning_rate_init': 0.003748480253666614, 'tol': 0.06174659950149375, 'validation_fraction': 0.13668608039551589}
observation time 0.000006, current best 52.410525 at iter 9
suggestion time taken 18.302611 iter 10 next_points [{'alpha': 1.9742137182758284, 'batch_size': 247, 'beta_1': 0.9884470345300232, 'beta_2': 0.9488402086900457, 'epsilon': 5.126844365161288e-07, 'hidden_layer_sizes': 110, 'learning_rate_init': 0.017975020306605898, 'tol': 4.091874970363073e-05, 'validation_fraction': 0.11320143488587808}]
function_evaluation time 1.484014 value 60.132558 suggestion {'alpha': 1.9742137182758284, 'batch_size': 247, 'beta_1': 0.9884470345300232, 'beta_2': 0.9488402086900457, 'epsilon': 5.126844365161288e-07, 'hidden_layer_sizes': 110, 'learning_rate_init': 0.017975020306605898, 'tol': 4.091874970363073e-05, 'validation_fraction': 0.11320143488587808}
observation time 0.000005, current best 52.410525 at iter 10
suggestion time taken 17.006886 iter 11 next_points [{'alpha': 1.5617517948143843e-05, 'batch_size': 245, 'beta_1': 0.949930329496287, 'beta_2': 0.9976898379688979, 'epsilon': 2.729908811921733e-09, 'hidden_layer_sizes': 149, 'learning_rate_init': 0.00015274973328270597, 'tol': 0.000271559886290873, 'validation_fraction': 0.7709947324045034}]
/home/ryedida/.local/lib/python3.8/site-packages/sklearn/neural_network/_multilayer_perceptron.py:621: UserWarning: Got `batch_size` less than 1 or larger than sample size. It is going to be clipped
  warnings.warn(

function_evaluation time 0.184567 value 151.633777 suggestion {'alpha': 1.5617517948143843e-05, 'batch_size': 245, 'beta_1': 0.949930329496287, 'beta_2': 0.9976898379688979, 'epsilon': 2.729908811921733e-09, 'hidden_layer_sizes': 149, 'learning_rate_init': 0.00015274973328270597, 'tol': 0.000271559886290873, 'validation_fraction': 0.7709947324045034}
observation time 0.000005, current best 52.410525 at iter 11
suggestion time taken 18.488600 iter 12 next_points [{'alpha': 0.02482321596786838, 'batch_size': 248, 'beta_1': 0.7601679116462233, 'beta_2': 0.9975147292980017, 'epsilon': 3.361978717193351e-08, 'hidden_layer_sizes': 79, 'learning_rate_init': 0.0013395403151688393, 'tol': 0.005318462354298328, 'validation_fraction': 0.6667707588705811}]
/home/ryedida/.local/lib/python3.8/site-packages/sklearn/neural_network/_multilayer_perceptron.py:621: UserWarning: Got `batch_size` less than 1 or larger than sample size. It is going to be clipped
  warnings.warn(

function_evaluation time 0.179662 value 151.504656 suggestion {'alpha': 0.02482321596786838, 'batch_size': 248, 'beta_1': 0.7601679116462233, 'beta_2': 0.9975147292980017, 'epsilon': 3.361978717193351e-08, 'hidden_layer_sizes': 79, 'learning_rate_init': 0.0013395403151688393, 'tol': 0.005318462354298328, 'validation_fraction': 0.6667707588705811}
observation time 0.000005, current best 52.410525 at iter 12
suggestion time taken 18.410288 iter 13 next_points [{'alpha': 5.688285420190391, 'batch_size': 244, 'beta_1': 0.5904201110478902, 'beta_2': 0.9998612691132824, 'epsilon': 1.5760654142172304e-09, 'hidden_layer_sizes': 183, 'learning_rate_init': 0.0003463615765882186, 'tol': 0.001014053292370611, 'validation_fraction': 0.6799252316909487}]
/home/ryedida/.local/lib/python3.8/site-packages/sklearn/neural_network/_multilayer_perceptron.py:621: UserWarning: Got `batch_size` less than 1 or larger than sample size. It is going to be clipped
  warnings.warn(

function_evaluation time 0.234867 value 151.520078 suggestion {'alpha': 5.688285420190391, 'batch_size': 244, 'beta_1': 0.5904201110478902, 'beta_2': 0.9998612691132824, 'epsilon': 1.5760654142172304e-09, 'hidden_layer_sizes': 183, 'learning_rate_init': 0.0003463615765882186, 'tol': 0.001014053292370611, 'validation_fraction': 0.6799252316909487}
observation time 0.000006, current best 52.410525 at iter 13
suggestion time taken 17.853208 iter 14 next_points [{'alpha': 1.5474577274480698e-05, 'batch_size': 248, 'beta_1': 0.6557211594204702, 'beta_2': 0.9989061672935894, 'epsilon': 2.913739252204461e-09, 'hidden_layer_sizes': 193, 'learning_rate_init': 0.003034395216554806, 'tol': 8.708677152556952e-05, 'validation_fraction': 0.819070373327203}]
/home/ryedida/.local/lib/python3.8/site-packages/sklearn/neural_network/_multilayer_perceptron.py:621: UserWarning: Got `batch_size` less than 1 or larger than sample size. It is going to be clipped
  warnings.warn(

/home/ryedida/.local/lib/python3.8/site-packages/sklearn/neural_network/_multilayer_perceptron.py:702: ConvergenceWarning: Stochastic Optimizer: Maximum iterations (200) reached and the optimization hasn't converged yet.
  warnings.warn(

function_evaluation time 3.113435 value 84.807358 suggestion {'alpha': 1.5474577274480698e-05, 'batch_size': 248, 'beta_1': 0.6557211594204702, 'beta_2': 0.9989061672935894, 'epsilon': 2.913739252204461e-09, 'hidden_layer_sizes': 193, 'learning_rate_init': 0.003034395216554806, 'tol': 8.708677152556952e-05, 'validation_fraction': 0.819070373327203}
observation time 0.000006, current best 52.410525 at iter 14
suggestion time taken 18.332735 iter 15 next_points [{'alpha': 6.448913201843106, 'batch_size': 239, 'beta_1': 0.5695838364975925, 'beta_2': 0.9999970744189889, 'epsilon': 4.0596577698193327e-07, 'hidden_layer_sizes': 115, 'learning_rate_init': 0.00017008466624323686, 'tol': 0.002811468731829065, 'validation_fraction': 0.30481117352000214}]
function_evaluation time 0.243412 value 151.526970 suggestion {'alpha': 6.448913201843106, 'batch_size': 239, 'beta_1': 0.5695838364975925, 'beta_2': 0.9999970744189889, 'epsilon': 4.0596577698193327e-07, 'hidden_layer_sizes': 115, 'learning_rate_init': 0.00017008466624323686, 'tol': 0.002811468731829065, 'validation_fraction': 0.30481117352000214}
observation time 0.000006, current best 52.410525 at iter 15
suggestion time taken 17.228116 iter 16 next_points [{'alpha': 0.00015786004014891643, 'batch_size': 232, 'beta_1': 0.549762705026214, 'beta_2': 0.9999957226926203, 'epsilon': 7.158999245457821e-08, 'hidden_layer_sizes': 160, 'learning_rate_init': 6.997079857475757e-05, 'tol': 1.0212387259434449e-05, 'validation_fraction': 0.5965599724170507}]
/home/ryedida/.local/lib/python3.8/site-packages/sklearn/neural_network/_multilayer_perceptron.py:621: UserWarning: Got `batch_size` less than 1 or larger than sample size. It is going to be clipped
  warnings.warn(

/home/ryedida/.local/lib/python3.8/site-packages/sklearn/neural_network/_multilayer_perceptron.py:702: ConvergenceWarning: Stochastic Optimizer: Maximum iterations (200) reached and the optimization hasn't converged yet.
  warnings.warn(

function_evaluation time 3.199896 value 151.480557 suggestion {'alpha': 0.00015786004014891643, 'batch_size': 232, 'beta_1': 0.549762705026214, 'beta_2': 0.9999957226926203, 'epsilon': 7.158999245457821e-08, 'hidden_layer_sizes': 160, 'learning_rate_init': 6.997079857475757e-05, 'tol': 1.0212387259434449e-05, 'validation_fraction': 0.5965599724170507}
observation time 0.000005, current best 52.410525 at iter 16
suggestion time taken 17.626664 iter 17 next_points [{'alpha': 2.1183613798952756e-05, 'batch_size': 239, 'beta_1': 0.9334902456132063, 'beta_2': 0.9979418011472093, 'epsilon': 3.1325497255125297e-07, 'hidden_layer_sizes': 50, 'learning_rate_init': 0.0026718150312756723, 'tol': 0.0017269774340360462, 'validation_fraction': 0.2906626716618028}]
/home/ryedida/.local/lib/python3.8/site-packages/sklearn/neural_network/_multilayer_perceptron.py:702: ConvergenceWarning: Stochastic Optimizer: Maximum iterations (200) reached and the optimization hasn't converged yet.
  warnings.warn(

function_evaluation time 0.737424 value 151.366565 suggestion {'alpha': 2.1183613798952756e-05, 'batch_size': 239, 'beta_1': 0.9334902456132063, 'beta_2': 0.9979418011472093, 'epsilon': 3.1325497255125297e-07, 'hidden_layer_sizes': 50, 'learning_rate_init': 0.0026718150312756723, 'tol': 0.0017269774340360462, 'validation_fraction': 0.2906626716618028}
observation time 0.000005, current best 52.410525 at iter 17
suggestion time taken 17.307401 iter 18 next_points [{'alpha': 0.006003591251637864, 'batch_size': 241, 'beta_1': 0.6233897084126921, 'beta_2': 0.991737653035378, 'epsilon': 4.2375299735010893e-07, 'hidden_layer_sizes': 145, 'learning_rate_init': 0.0025405979470311583, 'tol': 1.754079968519518e-05, 'validation_fraction': 0.12844481408890548}]
/home/ryedida/.local/lib/python3.8/site-packages/sklearn/neural_network/_multilayer_perceptron.py:702: ConvergenceWarning: Stochastic Optimizer: Maximum iterations (200) reached and the optimization hasn't converged yet.
  warnings.warn(

function_evaluation time 4.550472 value 65.906880 suggestion {'alpha': 0.006003591251637864, 'batch_size': 241, 'beta_1': 0.6233897084126921, 'beta_2': 0.991737653035378, 'epsilon': 4.2375299735010893e-07, 'hidden_layer_sizes': 145, 'learning_rate_init': 0.0025405979470311583, 'tol': 1.754079968519518e-05, 'validation_fraction': 0.12844481408890548}
observation time 0.000006, current best 52.410525 at iter 18
suggestion time taken 18.495411 iter 19 next_points [{'alpha': 0.0038265659126779936, 'batch_size': 213, 'beta_1': 0.9420732648886215, 'beta_2': 0.9999989514459592, 'epsilon': 4.0585001521816863e-07, 'hidden_layer_sizes': 192, 'learning_rate_init': 0.000379445522416646, 'tol': 0.04837675387427945, 'validation_fraction': 0.45268991367629335}]
/home/ryedida/.local/lib/python3.8/site-packages/sklearn/neural_network/_multilayer_perceptron.py:621: UserWarning: Got `batch_size` less than 1 or larger than sample size. It is going to be clipped
  warnings.warn(

function_evaluation time 0.239441 value 151.437308 suggestion {'alpha': 0.0038265659126779936, 'batch_size': 213, 'beta_1': 0.9420732648886215, 'beta_2': 0.9999989514459592, 'epsilon': 4.0585001521816863e-07, 'hidden_layer_sizes': 192, 'learning_rate_init': 0.000379445522416646, 'tol': 0.04837675387427945, 'validation_fraction': 0.45268991367629335}
observation time 0.000006, current best 52.410525 at iter 19
suggestion time taken 17.148453 iter 20 next_points [{'alpha': 1.1994677715280599e-05, 'batch_size': 242, 'beta_1': 0.9611708859451585, 'beta_2': 0.9999632408088671, 'epsilon': 2.839649332745947e-09, 'hidden_layer_sizes': 146, 'learning_rate_init': 0.00031926957416074077, 'tol': 0.060857473612961614, 'validation_fraction': 0.7944330889306203}]
/home/ryedida/.local/lib/python3.8/site-packages/sklearn/neural_network/_multilayer_perceptron.py:621: UserWarning: Got `batch_size` less than 1 or larger than sample size. It is going to be clipped
  warnings.warn(

function_evaluation time 0.181752 value 151.548159 suggestion {'alpha': 1.1994677715280599e-05, 'batch_size': 242, 'beta_1': 0.9611708859451585, 'beta_2': 0.9999632408088671, 'epsilon': 2.839649332745947e-09, 'hidden_layer_sizes': 146, 'learning_rate_init': 0.00031926957416074077, 'tol': 0.060857473612961614, 'validation_fraction': 0.7944330889306203}
observation time 0.000006, current best 52.410525 at iter 20
suggestion time taken 18.219162 iter 21 next_points [{'alpha': 1.1377032938111493, 'batch_size': 238, 'beta_1': 0.9860318949722632, 'beta_2': 0.9999852339449122, 'epsilon': 5.725309279457309e-08, 'hidden_layer_sizes': 153, 'learning_rate_init': 0.006563475607166965, 'tol': 0.013578669935730307, 'validation_fraction': 0.13655461813379197}]
function_evaluation time 1.562193 value 96.046771 suggestion {'alpha': 1.1377032938111493, 'batch_size': 238, 'beta_1': 0.9860318949722632, 'beta_2': 0.9999852339449122, 'epsilon': 5.725309279457309e-08, 'hidden_layer_sizes': 153, 'learning_rate_init': 0.006563475607166965, 'tol': 0.013578669935730307, 'validation_fraction': 0.13655461813379197}
observation time 0.000005, current best 52.410525 at iter 21
suggestion time taken 17.377093 iter 22 next_points [{'alpha': 4.58367870842049e-05, 'batch_size': 231, 'beta_1': 0.9383134192127486, 'beta_2': 0.9999976545428619, 'epsilon': 2.4201637687343808e-08, 'hidden_layer_sizes': 103, 'learning_rate_init': 0.017018449725482655, 'tol': 8.014255068827988e-05, 'validation_fraction': 0.6752772018667409}]
/home/ryedida/.local/lib/python3.8/site-packages/sklearn/neural_network/_multilayer_perceptron.py:621: UserWarning: Got `batch_size` less than 1 or larger than sample size. It is going to be clipped
  warnings.warn(

function_evaluation time 1.778220 value 51.833166 suggestion {'alpha': 4.58367870842049e-05, 'batch_size': 231, 'beta_1': 0.9383134192127486, 'beta_2': 0.9999976545428619, 'epsilon': 2.4201637687343808e-08, 'hidden_layer_sizes': 103, 'learning_rate_init': 0.017018449725482655, 'tol': 8.014255068827988e-05, 'validation_fraction': 0.6752772018667409}
observation time 0.000005, current best 51.833166 at iter 22
suggestion time taken 18.076486 iter 23 next_points [{'alpha': 0.0033963793466255986, 'batch_size': 237, 'beta_1': 0.9528441423375339, 'beta_2': 0.999701793649308, 'epsilon': 1.4966565855660254e-07, 'hidden_layer_sizes': 166, 'learning_rate_init': 0.0006930990667382402, 'tol': 3.9609191156736605e-05, 'validation_fraction': 0.6671531151307576}]
/home/ryedida/.local/lib/python3.8/site-packages/sklearn/neural_network/_multilayer_perceptron.py:621: UserWarning: Got `batch_size` less than 1 or larger than sample size. It is going to be clipped
  warnings.warn(

/home/ryedida/.local/lib/python3.8/site-packages/sklearn/neural_network/_multilayer_perceptron.py:702: ConvergenceWarning: Stochastic Optimizer: Maximum iterations (200) reached and the optimization hasn't converged yet.
  warnings.warn(

function_evaluation time 3.104182 value 147.771967 suggestion {'alpha': 0.0033963793466255986, 'batch_size': 237, 'beta_1': 0.9528441423375339, 'beta_2': 0.999701793649308, 'epsilon': 1.4966565855660254e-07, 'hidden_layer_sizes': 166, 'learning_rate_init': 0.0006930990667382402, 'tol': 3.9609191156736605e-05, 'validation_fraction': 0.6671531151307576}
observation time 0.000005, current best 51.833166 at iter 23
suggestion time taken 16.748222 iter 24 next_points [{'alpha': 0.002465424179474887, 'batch_size': 246, 'beta_1': 0.5980736928407668, 'beta_2': 0.9999836969981531, 'epsilon': 9.166274641348517e-08, 'hidden_layer_sizes': 69, 'learning_rate_init': 2.741452589309629e-05, 'tol': 0.020786635650635085, 'validation_fraction': 0.3969948246629154}]
/home/ryedida/.local/lib/python3.8/site-packages/sklearn/neural_network/_multilayer_perceptron.py:621: UserWarning: Got `batch_size` less than 1 or larger than sample size. It is going to be clipped
  warnings.warn(

function_evaluation time 0.194498 value 151.585293 suggestion {'alpha': 0.002465424179474887, 'batch_size': 246, 'beta_1': 0.5980736928407668, 'beta_2': 0.9999836969981531, 'epsilon': 9.166274641348517e-08, 'hidden_layer_sizes': 69, 'learning_rate_init': 2.741452589309629e-05, 'tol': 0.020786635650635085, 'validation_fraction': 0.3969948246629154}
observation time 0.000006, current best 51.833166 at iter 24
suggestion time taken 18.233675 iter 25 next_points [{'alpha': 9.537238469621242, 'batch_size': 250, 'beta_1': 0.9826993724584836, 'beta_2': 0.9999968781428552, 'epsilon': 9.119935037510984e-07, 'hidden_layer_sizes': 160, 'learning_rate_init': 2.111837634733043e-05, 'tol': 1.9822932460088545e-05, 'validation_fraction': 0.8782588510774223}]
/home/ryedida/.local/lib/python3.8/site-packages/sklearn/neural_network/_multilayer_perceptron.py:621: UserWarning: Got `batch_size` less than 1 or larger than sample size. It is going to be clipped
  warnings.warn(

function_evaluation time 0.186406 value 151.565293 suggestion {'alpha': 9.537238469621242, 'batch_size': 250, 'beta_1': 0.9826993724584836, 'beta_2': 0.9999968781428552, 'epsilon': 9.119935037510984e-07, 'hidden_layer_sizes': 160, 'learning_rate_init': 2.111837634733043e-05, 'tol': 1.9822932460088545e-05, 'validation_fraction': 0.8782588510774223}
observation time 0.000006, current best 51.833166 at iter 25
suggestion time taken 17.630075 iter 26 next_points [{'alpha': 3.9974381433293066e-05, 'batch_size': 222, 'beta_1': 0.6898929129716267, 'beta_2': 0.9999738984921159, 'epsilon': 2.3999573273477136e-08, 'hidden_layer_sizes': 65, 'learning_rate_init': 0.03434636555816168, 'tol': 0.015775815311228857, 'validation_fraction': 0.4669202708292675}]
/home/ryedida/.local/lib/python3.8/site-packages/sklearn/neural_network/_multilayer_perceptron.py:621: UserWarning: Got `batch_size` less than 1 or larger than sample size. It is going to be clipped
  warnings.warn(

function_evaluation time 0.843735 value 50.342131 suggestion {'alpha': 3.9974381433293066e-05, 'batch_size': 222, 'beta_1': 0.6898929129716267, 'beta_2': 0.9999738984921159, 'epsilon': 2.3999573273477136e-08, 'hidden_layer_sizes': 65, 'learning_rate_init': 0.03434636555816168, 'tol': 0.015775815311228857, 'validation_fraction': 0.4669202708292675}
observation time 0.000005, current best 50.342131 at iter 26
suggestion time taken 18.253607 iter 27 next_points [{'alpha': 0.035410384032460794, 'batch_size': 227, 'beta_1': 0.7865430999510176, 'beta_2': 0.9999871209311176, 'epsilon': 7.446520494852605e-08, 'hidden_layer_sizes': 197, 'learning_rate_init': 0.012935375889533854, 'tol': 1.0348098396489898e-05, 'validation_fraction': 0.3135253962125759}]
function_evaluation time 3.875268 value 45.589555 suggestion {'alpha': 0.035410384032460794, 'batch_size': 227, 'beta_1': 0.7865430999510176, 'beta_2': 0.9999871209311176, 'epsilon': 7.446520494852605e-08, 'hidden_layer_sizes': 197, 'learning_rate_init': 0.012935375889533854, 'tol': 1.0348098396489898e-05, 'validation_fraction': 0.3135253962125759}
observation time 0.000005, current best 45.589555 at iter 27
suggestion time taken 17.550536 iter 28 next_points [{'alpha': 2.1180259184835348e-05, 'batch_size': 234, 'beta_1': 0.91418767449539, 'beta_2': 0.9126667095561793, 'epsilon': 4.27030283795726e-08, 'hidden_layer_sizes': 170, 'learning_rate_init': 0.0005772773363787556, 'tol': 0.00020579057808549096, 'validation_fraction': 0.8380721644442212}]
/home/ryedida/.local/lib/python3.8/site-packages/sklearn/neural_network/_multilayer_perceptron.py:621: UserWarning: Got `batch_size` less than 1 or larger than sample size. It is going to be clipped
  warnings.warn(

/home/ryedida/.local/lib/python3.8/site-packages/sklearn/neural_network/_multilayer_perceptron.py:702: ConvergenceWarning: Stochastic Optimizer: Maximum iterations (200) reached and the optimization hasn't converged yet.
  warnings.warn(

function_evaluation time 2.953287 value 149.381754 suggestion {'alpha': 2.1180259184835348e-05, 'batch_size': 234, 'beta_1': 0.91418767449539, 'beta_2': 0.9126667095561793, 'epsilon': 4.27030283795726e-08, 'hidden_layer_sizes': 170, 'learning_rate_init': 0.0005772773363787556, 'tol': 0.00020579057808549096, 'validation_fraction': 0.8380721644442212}
observation time 0.000006, current best 45.589555 at iter 28
suggestion time taken 17.881758 iter 29 next_points [{'alpha': 0.00066055055711867, 'batch_size': 235, 'beta_1': 0.9741672008678152, 'beta_2': 0.9999901012370611, 'epsilon': 3.7240480812672716e-09, 'hidden_layer_sizes': 145, 'learning_rate_init': 0.003318393775203281, 'tol': 0.004082071428887789, 'validation_fraction': 0.5838899218920173}]
/home/ryedida/.local/lib/python3.8/site-packages/sklearn/neural_network/_multilayer_perceptron.py:621: UserWarning: Got `batch_size` less than 1 or larger than sample size. It is going to be clipped
  warnings.warn(

function_evaluation time 0.203874 value 150.980815 suggestion {'alpha': 0.00066055055711867, 'batch_size': 235, 'beta_1': 0.9741672008678152, 'beta_2': 0.9999901012370611, 'epsilon': 3.7240480812672716e-09, 'hidden_layer_sizes': 145, 'learning_rate_init': 0.003318393775203281, 'tol': 0.004082071428887789, 'validation_fraction': 0.5838899218920173}
observation time 0.000005, current best 45.589555 at iter 29
suggestion time taken 17.095478 iter 30 next_points [{'alpha': 0.14489704338517392, 'batch_size': 225, 'beta_1': 0.9892821171164666, 'beta_2': 0.9999973910717905, 'epsilon': 2.5383789452792165e-08, 'hidden_layer_sizes': 145, 'learning_rate_init': 8.25044875178015e-05, 'tol': 0.0014383242228633028, 'validation_fraction': 0.5876666312006582}]
/home/ryedida/.local/lib/python3.8/site-packages/sklearn/neural_network/_multilayer_perceptron.py:621: UserWarning: Got `batch_size` less than 1 or larger than sample size. It is going to be clipped
  warnings.warn(

function_evaluation time 0.203768 value 151.442838 suggestion {'alpha': 0.14489704338517392, 'batch_size': 225, 'beta_1': 0.9892821171164666, 'beta_2': 0.9999973910717905, 'epsilon': 2.5383789452792165e-08, 'hidden_layer_sizes': 145, 'learning_rate_init': 8.25044875178015e-05, 'tol': 0.0014383242228633028, 'validation_fraction': 0.5876666312006582}
observation time 0.000005, current best 45.589555 at iter 30
suggestion time taken 17.324934 iter 31 next_points [{'alpha': 0.0002710731828288925, 'batch_size': 220, 'beta_1': 0.8124774026414703, 'beta_2': 0.9999724983001625, 'epsilon': 5.370444644613961e-09, 'hidden_layer_sizes': 141, 'learning_rate_init': 1.2403424671138058e-05, 'tol': 0.00019011603318813488, 'validation_fraction': 0.845863303028795}]
/home/ryedida/.local/lib/python3.8/site-packages/sklearn/neural_network/_multilayer_perceptron.py:621: UserWarning: Got `batch_size` less than 1 or larger than sample size. It is going to be clipped
  warnings.warn(

function_evaluation time 0.180263 value 151.547120 suggestion {'alpha': 0.0002710731828288925, 'batch_size': 220, 'beta_1': 0.8124774026414703, 'beta_2': 0.9999724983001625, 'epsilon': 5.370444644613961e-09, 'hidden_layer_sizes': 141, 'learning_rate_init': 1.2403424671138058e-05, 'tol': 0.00019011603318813488, 'validation_fraction': 0.845863303028795}
observation time 0.000005, current best 45.589555 at iter 31
suggestion time taken 17.525075 iter 32 next_points [{'alpha': 8.521486581339737, 'batch_size': 245, 'beta_1': 0.7830064902602666, 'beta_2': 0.9995259278206046, 'epsilon': 3.189655656844744e-09, 'hidden_layer_sizes': 124, 'learning_rate_init': 0.0001634944438510301, 'tol': 0.003281843255061553, 'validation_fraction': 0.4151975176281646}]
/home/ryedida/.local/lib/python3.8/site-packages/sklearn/neural_network/_multilayer_perceptron.py:621: UserWarning: Got `batch_size` less than 1 or larger than sample size. It is going to be clipped
  warnings.warn(

function_evaluation time 0.217558 value 151.658491 suggestion {'alpha': 8.521486581339737, 'batch_size': 245, 'beta_1': 0.7830064902602666, 'beta_2': 0.9995259278206046, 'epsilon': 3.189655656844744e-09, 'hidden_layer_sizes': 124, 'learning_rate_init': 0.0001634944438510301, 'tol': 0.003281843255061553, 'validation_fraction': 0.4151975176281646}
observation time 0.000007, current best 45.589555 at iter 32
suggestion time taken 17.185762 iter 33 next_points [{'alpha': 9.760462572946249, 'batch_size': 242, 'beta_1': 0.9825811884044512, 'beta_2': 0.9848385606927462, 'epsilon': 4.228388473192731e-09, 'hidden_layer_sizes': 96, 'learning_rate_init': 0.008179389171502726, 'tol': 0.00038303240119384665, 'validation_fraction': 0.25981321390444617}]
function_evaluation time 2.997918 value 60.093539 suggestion {'alpha': 9.760462572946249, 'batch_size': 242, 'beta_1': 0.9825811884044512, 'beta_2': 0.9848385606927462, 'epsilon': 4.228388473192731e-09, 'hidden_layer_sizes': 96, 'learning_rate_init': 0.008179389171502726, 'tol': 0.00038303240119384665, 'validation_fraction': 0.25981321390444617}
observation time 0.000006, current best 45.589555 at iter 33
suggestion time taken 18.435885 iter 34 next_points [{'alpha': 0.003570473694319637, 'batch_size': 237, 'beta_1': 0.9231481807953328, 'beta_2': 0.9999721308774159, 'epsilon': 8.146908419227841e-07, 'hidden_layer_sizes': 178, 'learning_rate_init': 0.005223824757083915, 'tol': 0.0022875236026656527, 'validation_fraction': 0.24717942731080988}]
function_evaluation time 3.708802 value 54.991575 suggestion {'alpha': 0.003570473694319637, 'batch_size': 237, 'beta_1': 0.9231481807953328, 'beta_2': 0.9999721308774159, 'epsilon': 8.146908419227841e-07, 'hidden_layer_sizes': 178, 'learning_rate_init': 0.005223824757083915, 'tol': 0.0022875236026656527, 'validation_fraction': 0.24717942731080988}
observation time 0.000006, current best 45.589555 at iter 34
suggestion time taken 17.240188 iter 35 next_points [{'alpha': 1.2147872595800766, 'batch_size': 241, 'beta_1': 0.770334784664459, 'beta_2': 0.9999976741225438, 'epsilon': 7.317467162220414e-07, 'hidden_layer_sizes': 175, 'learning_rate_init': 1.6245764241372536e-05, 'tol': 5.00007680222227e-05, 'validation_fraction': 0.8301511880491104}]
/home/ryedida/.local/lib/python3.8/site-packages/sklearn/neural_network/_multilayer_perceptron.py:621: UserWarning: Got `batch_size` less than 1 or larger than sample size. It is going to be clipped
  warnings.warn(

function_evaluation time 0.199431 value 151.575148 suggestion {'alpha': 1.2147872595800766, 'batch_size': 241, 'beta_1': 0.770334784664459, 'beta_2': 0.9999976741225438, 'epsilon': 7.317467162220414e-07, 'hidden_layer_sizes': 175, 'learning_rate_init': 1.6245764241372536e-05, 'tol': 5.00007680222227e-05, 'validation_fraction': 0.8301511880491104}
observation time 0.000006, current best 45.589555 at iter 35
suggestion time taken 18.498909 iter 36 next_points [{'alpha': 0.001789310116686157, 'batch_size': 241, 'beta_1': 0.9769972341072636, 'beta_2': 0.9996197963607162, 'epsilon': 2.425799154728862e-09, 'hidden_layer_sizes': 63, 'learning_rate_init': 0.003597197745559092, 'tol': 0.09546684447090407, 'validation_fraction': 0.2022970420767007}]
function_evaluation time 0.208445 value 151.015583 suggestion {'alpha': 0.001789310116686157, 'batch_size': 241, 'beta_1': 0.9769972341072636, 'beta_2': 0.9996197963607162, 'epsilon': 2.425799154728862e-09, 'hidden_layer_sizes': 63, 'learning_rate_init': 0.003597197745559092, 'tol': 0.09546684447090407, 'validation_fraction': 0.2022970420767007}
observation time 0.000006, current best 45.589555 at iter 36
suggestion time taken 17.516091 iter 37 next_points [{'alpha': 0.1805558660269595, 'batch_size': 247, 'beta_1': 0.6921549142810999, 'beta_2': 0.9998361491763931, 'epsilon': 1.8624332187799544e-08, 'hidden_layer_sizes': 95, 'learning_rate_init': 0.08470193268133808, 'tol': 0.03933657760030514, 'validation_fraction': 0.10283333322530411}]
function_evaluation time 0.443005 value 50.071904 suggestion {'alpha': 0.1805558660269595, 'batch_size': 247, 'beta_1': 0.6921549142810999, 'beta_2': 0.9998361491763931, 'epsilon': 1.8624332187799544e-08, 'hidden_layer_sizes': 95, 'learning_rate_init': 0.08470193268133808, 'tol': 0.03933657760030514, 'validation_fraction': 0.10283333322530411}
observation time 0.000006, current best 45.589555 at iter 37
suggestion time taken 17.259797 iter 38 next_points [{'alpha': 0.8400319142669651, 'batch_size': 231, 'beta_1': 0.984642212967968, 'beta_2': 0.9999986596717959, 'epsilon': 1.3908911536207455e-08, 'hidden_layer_sizes': 52, 'learning_rate_init': 0.00022127559601009043, 'tol': 0.000914124186487076, 'validation_fraction': 0.3585727187159981}]
/home/ryedida/.local/lib/python3.8/site-packages/sklearn/neural_network/_multilayer_perceptron.py:621: UserWarning: Got `batch_size` less than 1 or larger than sample size. It is going to be clipped
  warnings.warn(

function_evaluation time 0.164083 value 151.616787 suggestion {'alpha': 0.8400319142669651, 'batch_size': 231, 'beta_1': 0.984642212967968, 'beta_2': 0.9999986596717959, 'epsilon': 1.3908911536207455e-08, 'hidden_layer_sizes': 52, 'learning_rate_init': 0.00022127559601009043, 'tol': 0.000914124186487076, 'validation_fraction': 0.3585727187159981}
observation time 0.000005, current best 45.589555 at iter 38
suggestion time taken 18.105519 iter 39 next_points [{'alpha': 0.00010159826864891217, 'batch_size': 224, 'beta_1': 0.842155254438018, 'beta_2': 0.9641899804825702, 'epsilon': 5.321355308964627e-07, 'hidden_layer_sizes': 156, 'learning_rate_init': 0.0010864552305035052, 'tol': 0.0004155426148421518, 'validation_fraction': 0.5152558914491053}]
/home/ryedida/.local/lib/python3.8/site-packages/sklearn/neural_network/_multilayer_perceptron.py:621: UserWarning: Got `batch_size` less than 1 or larger than sample size. It is going to be clipped
  warnings.warn(

/home/ryedida/.local/lib/python3.8/site-packages/sklearn/neural_network/_multilayer_perceptron.py:702: ConvergenceWarning: Stochastic Optimizer: Maximum iterations (200) reached and the optimization hasn't converged yet.
  warnings.warn(

function_evaluation time 3.323001 value 145.362115 suggestion {'alpha': 0.00010159826864891217, 'batch_size': 224, 'beta_1': 0.842155254438018, 'beta_2': 0.9641899804825702, 'epsilon': 5.321355308964627e-07, 'hidden_layer_sizes': 156, 'learning_rate_init': 0.0010864552305035052, 'tol': 0.0004155426148421518, 'validation_fraction': 0.5152558914491053}
observation time 0.000005, current best 45.589555 at iter 39
suggestion time taken 17.004986 iter 40 next_points [{'alpha': 0.02370509224347111, 'batch_size': 239, 'beta_1': 0.8785288774298611, 'beta_2': 0.999976309414523, 'epsilon': 3.382722203065295e-08, 'hidden_layer_sizes': 187, 'learning_rate_init': 0.00034344094407741485, 'tol': 0.0015167397140417238, 'validation_fraction': 0.1779049247478265}]
function_evaluation time 0.263469 value 151.671177 suggestion {'alpha': 0.02370509224347111, 'batch_size': 239, 'beta_1': 0.8785288774298611, 'beta_2': 0.999976309414523, 'epsilon': 3.382722203065295e-08, 'hidden_layer_sizes': 187, 'learning_rate_init': 0.00034344094407741485, 'tol': 0.0015167397140417238, 'validation_fraction': 0.1779049247478265}
observation time 0.000006, current best 45.589555 at iter 40
suggestion time taken 18.005029 iter 41 next_points [{'alpha': 0.009477748996558321, 'batch_size': 248, 'beta_1': 0.8939707630387898, 'beta_2': 0.9031225456792683, 'epsilon': 4.400874990794265e-08, 'hidden_layer_sizes': 186, 'learning_rate_init': 6.424155826050528e-05, 'tol': 0.0024283734250661786, 'validation_fraction': 0.30944339867278625}]
/home/ryedida/.local/lib/python3.8/site-packages/sklearn/neural_network/_multilayer_perceptron.py:621: UserWarning: Got `batch_size` less than 1 or larger than sample size. It is going to be clipped
  warnings.warn(

function_evaluation time 0.260528 value 151.565268 suggestion {'alpha': 0.009477748996558321, 'batch_size': 248, 'beta_1': 0.8939707630387898, 'beta_2': 0.9031225456792683, 'epsilon': 4.400874990794265e-08, 'hidden_layer_sizes': 186, 'learning_rate_init': 6.424155826050528e-05, 'tol': 0.0024283734250661786, 'validation_fraction': 0.30944339867278625}
observation time 0.000005, current best 45.589555 at iter 41
suggestion time taken 18.379229 iter 42 next_points [{'alpha': 0.0006273175333654607, 'batch_size': 245, 'beta_1': 0.6257835697324002, 'beta_2': 0.9976951427216906, 'epsilon': 1.096007469692643e-08, 'hidden_layer_sizes': 113, 'learning_rate_init': 0.013656193014298091, 'tol': 1.0855849274451803e-05, 'validation_fraction': 0.6328862301964842}]
/home/ryedida/.local/lib/python3.8/site-packages/sklearn/neural_network/_multilayer_perceptron.py:621: UserWarning: Got `batch_size` less than 1 or larger than sample size. It is going to be clipped
  warnings.warn(

/home/ryedida/.local/lib/python3.8/site-packages/sklearn/neural_network/_multilayer_perceptron.py:702: ConvergenceWarning: Stochastic Optimizer: Maximum iterations (200) reached and the optimization hasn't converged yet.
  warnings.warn(

function_evaluation time 2.961422 value 46.326643 suggestion {'alpha': 0.0006273175333654607, 'batch_size': 245, 'beta_1': 0.6257835697324002, 'beta_2': 0.9976951427216906, 'epsilon': 1.096007469692643e-08, 'hidden_layer_sizes': 113, 'learning_rate_init': 0.013656193014298091, 'tol': 1.0855849274451803e-05, 'validation_fraction': 0.6328862301964842}
observation time 0.000006, current best 45.589555 at iter 42
suggestion time taken 17.895416 iter 43 next_points [{'alpha': 2.248981511434152e-05, 'batch_size': 237, 'beta_1': 0.6703858210697239, 'beta_2': 0.9999174976242847, 'epsilon': 4.450012866690031e-07, 'hidden_layer_sizes': 75, 'learning_rate_init': 0.014987635674339904, 'tol': 1.0514483303572753e-05, 'validation_fraction': 0.7288082958425132}]
/home/ryedida/.local/lib/python3.8/site-packages/sklearn/neural_network/_multilayer_perceptron.py:621: UserWarning: Got `batch_size` less than 1 or larger than sample size. It is going to be clipped
  warnings.warn(

/home/ryedida/.local/lib/python3.8/site-packages/sklearn/neural_network/_multilayer_perceptron.py:702: ConvergenceWarning: Stochastic Optimizer: Maximum iterations (200) reached and the optimization hasn't converged yet.
  warnings.warn(

function_evaluation time 2.468619 value 48.305183 suggestion {'alpha': 2.248981511434152e-05, 'batch_size': 237, 'beta_1': 0.6703858210697239, 'beta_2': 0.9999174976242847, 'epsilon': 4.450012866690031e-07, 'hidden_layer_sizes': 75, 'learning_rate_init': 0.014987635674339904, 'tol': 1.0514483303572753e-05, 'validation_fraction': 0.7288082958425132}
observation time 0.000006, current best 45.589555 at iter 43
suggestion time taken 19.224162 iter 44 next_points [{'alpha': 3.909791303248502e-05, 'batch_size': 238, 'beta_1': 0.8649414726969069, 'beta_2': 0.9695701870159447, 'epsilon': 1.1262938051094132e-09, 'hidden_layer_sizes': 193, 'learning_rate_init': 2.8726057271450165e-05, 'tol': 0.0022702180434501793, 'validation_fraction': 0.1677093371567847}]
function_evaluation time 0.286944 value 151.574149 suggestion {'alpha': 3.909791303248502e-05, 'batch_size': 238, 'beta_1': 0.8649414726969069, 'beta_2': 0.9695701870159447, 'epsilon': 1.1262938051094132e-09, 'hidden_layer_sizes': 193, 'learning_rate_init': 2.8726057271450165e-05, 'tol': 0.0022702180434501793, 'validation_fraction': 0.1677093371567847}
observation time 0.000006, current best 45.589555 at iter 44
saving meta data: {'args': {'--uuid': 'bb9ccac7c0185ca6be2c03ef712ff9c1', '-db-root': '/home/ryedida/bbo_challenge_starter_kit/output', '--opt-root': '/home/ryedida/bbo_challenge_starter_kit/example_submissions', '--data-root': None, '--db': 'run_20231015_191245', '--opt': 'strongcvx', '--data': 'diabetes', '--classifier': 'MLP-adam', '--metric': 'mae', '--calls': 45, '--suggestions': 1, '--jobs-file': None, '--verbose': False, 'dry_run': False, 'rev': 'a376313', 'opt_rev': 'x.x.x'}, 'signature': ([{'alpha': 0.019628224813442792, 'batch_size': 182, 'beta_1': 0.9410202200271762, 'beta_2': 0.9998021557676793, 'epsilon': 1.8662266976518e-08, 'hidden_layer_sizes': 147, 'learning_rate_init': 0.0005627932047415167, 'tol': 0.03690557729213761, 'validation_fraction': 0.8846827852548593}, {'alpha': 0.001998246739232944, 'batch_size': 200, 'beta_1': 0.919111482530466, 'beta_2': 0.9998488260436156, 'epsilon': 5.981221901152555e-07, 'hidden_layer_sizes': 61, 'learning_rate_init': 2.2310905607443014e-05, 'tol': 1.2046852412030316e-05, 'validation_fraction': 0.8117896445826539}, {'alpha': 0.46659545670218433, 'batch_size': 219, 'beta_1': 0.9889789783750891, 'beta_2': 0.9999896868093284, 'epsilon': 2.4234724484675948e-08, 'hidden_layer_sizes': 167, 'learning_rate_init': 2.972334644335654e-05, 'tol': 0.0036281404040243792, 'validation_fraction': 0.17260651658522078}, {'alpha': 4.656005689076002, 'batch_size': 135, 'beta_1': 0.870503881627747, 'beta_2': 0.9948873266941017, 'epsilon': 2.1023308743480125e-07, 'hidden_layer_sizes': 118, 'learning_rate_init': 0.001878173875716191, 'tol': 1.1889379831773006e-05, 'validation_fraction': 0.6264327093752792}, {'alpha': 0.04705159350400542, 'batch_size': 158, 'beta_1': 0.9870884262730957, 'beta_2': 0.9999596874382349, 'epsilon': 1.1981845126013875e-08, 'hidden_layer_sizes': 116, 'learning_rate_init': 0.006173405204074311, 'tol': 1.7414134181586194e-05, 'validation_fraction': 0.6754299026638921}], [151.4971925380264, 151.42763539278994, 151.47026299046811, 136.86202504264318, 75.2055865763391])}
saving results
saving timing
saving suggest log
done
