running: {'--uuid': 'ccd305406c695ed384e4ddfc47c831be', '-db-root': '/home/ryedida/bbo_challenge_starter_kit/output', '--opt-root': '/home/ryedida/bbo_challenge_starter_kit/example_submissions', '--data-root': None, '--db': 'run_20231015_191245', '--opt': 'random', '--data': 'diabetes', '--classifier': 'MLP-adam', '--metric': 'mae', '--calls': 45, '--suggestions': 1, '--jobs-file': None, '--verbose': False, 'dry_run': False, 'rev': 'a376313', 'opt_rev': '0.0.8'}
cmd: python /home/ryedida/.local/bin/bayesmark-exp -c MLP-adam -d diabetes -o random -u ccd305406c695ed384e4ddfc47c831be -m mae -n 45 -p 1 -dir /home/ryedida/bbo_challenge_starter_kit/output -b run_20231015_191245
/home/ryedida/.local/lib/python3.8/site-packages/sklearn/neural_network/_multilayer_perceptron.py:621: UserWarning: Got `batch_size` less than 1 or larger than sample size. It is going to be clipped
  warnings.warn(

/home/ryedida/.local/lib/python3.8/site-packages/sklearn/neural_network/_multilayer_perceptron.py:621: UserWarning: Got `batch_size` less than 1 or larger than sample size. It is going to be clipped
  warnings.warn(

/home/ryedida/.local/lib/python3.8/site-packages/sklearn/neural_network/_multilayer_perceptron.py:621: UserWarning: Got `batch_size` less than 1 or larger than sample size. It is going to be clipped
  warnings.warn(

/home/ryedida/.local/lib/python3.8/site-packages/sklearn/neural_network/_multilayer_perceptron.py:702: ConvergenceWarning: Stochastic Optimizer: Maximum iterations (200) reached and the optimization hasn't converged yet.
  warnings.warn(

/home/ryedida/.local/lib/python3.8/site-packages/sklearn/neural_network/_multilayer_perceptron.py:621: UserWarning: Got `batch_size` less than 1 or larger than sample size. It is going to be clipped
  warnings.warn(

/home/ryedida/.local/lib/python3.8/site-packages/sklearn/neural_network/_multilayer_perceptron.py:702: ConvergenceWarning: Stochastic Optimizer: Maximum iterations (200) reached and the optimization hasn't converged yet.
  warnings.warn(

computed signature: ([{'alpha': 0.019628224813442792, 'batch_size': 182, 'beta_1': 0.9410202200271762, 'beta_2': 0.9998021557676793, 'epsilon': 1.8662266976518e-08, 'hidden_layer_sizes': 147, 'learning_rate_init': 0.0005627932047415167, 'tol': 0.03690557729213761, 'validation_fraction': 0.8846827852548593}, {'alpha': 0.001998246739232944, 'batch_size': 200, 'beta_1': 0.919111482530466, 'beta_2': 0.9998488260436156, 'epsilon': 5.981221901152555e-07, 'hidden_layer_sizes': 61, 'learning_rate_init': 2.2310905607443014e-05, 'tol': 1.2046852412030316e-05, 'validation_fraction': 0.8117896445826539}, {'alpha': 0.46659545670218433, 'batch_size': 219, 'beta_1': 0.9889789783750891, 'beta_2': 0.9999896868093284, 'epsilon': 2.4234724484675948e-08, 'hidden_layer_sizes': 167, 'learning_rate_init': 2.972334644335654e-05, 'tol': 0.0036281404040243792, 'validation_fraction': 0.17260651658522078}, {'alpha': 4.656005689076002, 'batch_size': 135, 'beta_1': 0.870503881627747, 'beta_2': 0.9948873266941017, 'epsilon': 2.1023308743480125e-07, 'hidden_layer_sizes': 118, 'learning_rate_init': 0.001878173875716191, 'tol': 1.1889379831773006e-05, 'validation_fraction': 0.6264327093752792}, {'alpha': 0.04705159350400542, 'batch_size': 158, 'beta_1': 0.9870884262730957, 'beta_2': 0.9999596874382349, 'epsilon': 1.1981845126013875e-08, 'hidden_layer_sizes': 116, 'learning_rate_init': 0.006173405204074311, 'tol': 1.7414134181586194e-05, 'validation_fraction': 0.6754299026638921}], [151.4971925380264, 151.42763539278994, 151.47026299046811, 136.86202504264318, 75.2055865763391])
/home/ryedida/.local/lib/python3.8/site-packages/bayesmark/experiment.py:470: UserWarning: Baselines not found. Will not log intermediate scores.
  warnings.warn("Baselines not found. Will not log intermediate scores.")

starting sklearn study random MLP-adam diabetes mae 45 1
with data root: None
suggestion time taken 0.010767 iter 0 next_points [{'alpha': 0.48577745646815423, 'batch_size': 11, 'beta_1': 0.973801885534921, 'beta_2': 0.9914449678170392, 'epsilon': 5.791576275862984e-07, 'hidden_layer_sizes': 152, 'learning_rate_init': 0.022364353093767223, 'tol': 0.000116379883428861, 'validation_fraction': 0.7339206958946676}]
function_evaluation time 2.331668 value 45.451248 suggestion {'alpha': 0.48577745646815423, 'batch_size': 11, 'beta_1': 0.973801885534921, 'beta_2': 0.9914449678170392, 'epsilon': 5.791576275862984e-07, 'hidden_layer_sizes': 152, 'learning_rate_init': 0.022364353093767223, 'tol': 0.000116379883428861, 'validation_fraction': 0.7339206958946676}
observation time 0.000005, current best 45.451248 at iter 0
suggestion time taken 0.010694 iter 1 next_points [{'alpha': 0.00010662218997282913, 'batch_size': 75, 'beta_1': 0.9721704073061913, 'beta_2': 0.9973346074857727, 'epsilon': 1.467777093106793e-07, 'hidden_layer_sizes': 155, 'learning_rate_init': 0.0009480436088836206, 'tol': 0.09125192341848337, 'validation_fraction': 0.3616286729417251}]
function_evaluation time 0.307530 value 150.998402 suggestion {'alpha': 0.00010662218997282913, 'batch_size': 75, 'beta_1': 0.9721704073061913, 'beta_2': 0.9973346074857727, 'epsilon': 1.467777093106793e-07, 'hidden_layer_sizes': 155, 'learning_rate_init': 0.0009480436088836206, 'tol': 0.09125192341848337, 'validation_fraction': 0.3616286729417251}
observation time 0.000005, current best 45.451248 at iter 1
suggestion time taken 0.010505 iter 2 next_points [{'alpha': 1.229106844977871, 'batch_size': 196, 'beta_1': 0.9877300552908582, 'beta_2': 0.9777946315370908, 'epsilon': 1.8257205764843104e-09, 'hidden_layer_sizes': 121, 'learning_rate_init': 1.7016964872534285e-05, 'tol': 0.00067232233241365, 'validation_fraction': 0.2696890208440227}]
function_evaluation time 0.261672 value 151.644435 suggestion {'alpha': 1.229106844977871, 'batch_size': 196, 'beta_1': 0.9877300552908582, 'beta_2': 0.9777946315370908, 'epsilon': 1.8257205764843104e-09, 'hidden_layer_sizes': 121, 'learning_rate_init': 1.7016964872534285e-05, 'tol': 0.00067232233241365, 'validation_fraction': 0.2696890208440227}
observation time 0.000004, current best 45.451248 at iter 2
suggestion time taken 0.010558 iter 3 next_points [{'alpha': 0.000699875058499926, 'batch_size': 121, 'beta_1': 0.7232128847167167, 'beta_2': 0.9671883621032185, 'epsilon': 1.9312955351156356e-08, 'hidden_layer_sizes': 109, 'learning_rate_init': 1.0140319065244268e-05, 'tol': 0.00012485080310417203, 'validation_fraction': 0.7667582855529116}]
/home/ryedida/.local/lib/python3.8/site-packages/sklearn/neural_network/_multilayer_perceptron.py:621: UserWarning: Got `batch_size` less than 1 or larger than sample size. It is going to be clipped
  warnings.warn(

function_evaluation time 0.164984 value 151.404239 suggestion {'alpha': 0.000699875058499926, 'batch_size': 121, 'beta_1': 0.7232128847167167, 'beta_2': 0.9671883621032185, 'epsilon': 1.9312955351156356e-08, 'hidden_layer_sizes': 109, 'learning_rate_init': 1.0140319065244268e-05, 'tol': 0.00012485080310417203, 'validation_fraction': 0.7667582855529116}
observation time 0.000004, current best 45.451248 at iter 3
suggestion time taken 0.010556 iter 4 next_points [{'alpha': 8.25115961282976e-05, 'batch_size': 199, 'beta_1': 0.9720023538945212, 'beta_2': 0.9999988963566412, 'epsilon': 9.461155771872992e-09, 'hidden_layer_sizes': 87, 'learning_rate_init': 0.00025822906014263215, 'tol': 0.00017191023685341386, 'validation_fraction': 0.6104213277777636}]
/home/ryedida/.local/lib/python3.8/site-packages/sklearn/neural_network/_multilayer_perceptron.py:621: UserWarning: Got `batch_size` less than 1 or larger than sample size. It is going to be clipped
  warnings.warn(

function_evaluation time 0.938443 value 151.113793 suggestion {'alpha': 8.25115961282976e-05, 'batch_size': 199, 'beta_1': 0.9720023538945212, 'beta_2': 0.9999988963566412, 'epsilon': 9.461155771872992e-09, 'hidden_layer_sizes': 87, 'learning_rate_init': 0.00025822906014263215, 'tol': 0.00017191023685341386, 'validation_fraction': 0.6104213277777636}
observation time 0.000004, current best 45.451248 at iter 4
suggestion time taken 0.010708 iter 5 next_points [{'alpha': 0.09546987379980289, 'batch_size': 95, 'beta_1': 0.9086133432850079, 'beta_2': 0.9556314864623655, 'epsilon': 1.921922303864981e-09, 'hidden_layer_sizes': 64, 'learning_rate_init': 9.148575435836071e-05, 'tol': 3.393315334465493e-05, 'validation_fraction': 0.5738344419635537}]
/home/ryedida/.local/lib/python3.8/site-packages/sklearn/neural_network/_multilayer_perceptron.py:702: ConvergenceWarning: Stochastic Optimizer: Maximum iterations (200) reached and the optimization hasn't converged yet.
  warnings.warn(

function_evaluation time 3.127970 value 151.027176 suggestion {'alpha': 0.09546987379980289, 'batch_size': 95, 'beta_1': 0.9086133432850079, 'beta_2': 0.9556314864623655, 'epsilon': 1.921922303864981e-09, 'hidden_layer_sizes': 64, 'learning_rate_init': 9.148575435836071e-05, 'tol': 3.393315334465493e-05, 'validation_fraction': 0.5738344419635537}
observation time 0.000004, current best 45.451248 at iter 5
suggestion time taken 0.010683 iter 6 next_points [{'alpha': 0.001223848250266202, 'batch_size': 247, 'beta_1': 0.984453245496485, 'beta_2': 0.9999919012735711, 'epsilon': 5.365657289878721e-09, 'hidden_layer_sizes': 59, 'learning_rate_init': 0.04503234402707561, 'tol': 0.00030388424553544466, 'validation_fraction': 0.2039227390845827}]
function_evaluation time 0.811901 value 54.964861 suggestion {'alpha': 0.001223848250266202, 'batch_size': 247, 'beta_1': 0.984453245496485, 'beta_2': 0.9999919012735711, 'epsilon': 5.365657289878721e-09, 'hidden_layer_sizes': 59, 'learning_rate_init': 0.04503234402707561, 'tol': 0.00030388424553544466, 'validation_fraction': 0.2039227390845827}
observation time 0.000004, current best 45.451248 at iter 6
suggestion time taken 0.010498 iter 7 next_points [{'alpha': 0.0007247021005422687, 'batch_size': 189, 'beta_1': 0.9239787319309946, 'beta_2': 0.9999914819692206, 'epsilon': 1.2392406833357203e-07, 'hidden_layer_sizes': 74, 'learning_rate_init': 0.000538615655256792, 'tol': 0.0009671871005670965, 'validation_fraction': 0.4391958902944118}]
function_evaluation time 0.179260 value 151.371419 suggestion {'alpha': 0.0007247021005422687, 'batch_size': 189, 'beta_1': 0.9239787319309946, 'beta_2': 0.9999914819692206, 'epsilon': 1.2392406833357203e-07, 'hidden_layer_sizes': 74, 'learning_rate_init': 0.000538615655256792, 'tol': 0.0009671871005670965, 'validation_fraction': 0.4391958902944118}
observation time 0.000005, current best 45.451248 at iter 7
suggestion time taken 0.010680 iter 8 next_points [{'alpha': 0.02077971070306228, 'batch_size': 119, 'beta_1': 0.55217477536314, 'beta_2': 0.9997714734880371, 'epsilon': 6.782657162134782e-09, 'hidden_layer_sizes': 68, 'learning_rate_init': 0.029509696104108876, 'tol': 0.00048107760718168243, 'validation_fraction': 0.3368824695478537}]
function_evaluation time 0.905464 value 44.224671 suggestion {'alpha': 0.02077971070306228, 'batch_size': 119, 'beta_1': 0.55217477536314, 'beta_2': 0.9997714734880371, 'epsilon': 6.782657162134782e-09, 'hidden_layer_sizes': 68, 'learning_rate_init': 0.029509696104108876, 'tol': 0.00048107760718168243, 'validation_fraction': 0.3368824695478537}
observation time 0.000002, current best 44.224671 at iter 8
suggestion time taken 0.004008 iter 9 next_points [{'alpha': 1.398203871869781e-05, 'batch_size': 189, 'beta_1': 0.9559891278086722, 'beta_2': 0.9552694153654424, 'epsilon': 1.2407294000011158e-08, 'hidden_layer_sizes': 178, 'learning_rate_init': 0.007513277048134984, 'tol': 0.0045848811369302795, 'validation_fraction': 0.22928692947894927}]
function_evaluation time 2.380757 value 55.730171 suggestion {'alpha': 1.398203871869781e-05, 'batch_size': 189, 'beta_1': 0.9559891278086722, 'beta_2': 0.9552694153654424, 'epsilon': 1.2407294000011158e-08, 'hidden_layer_sizes': 178, 'learning_rate_init': 0.007513277048134984, 'tol': 0.0045848811369302795, 'validation_fraction': 0.22928692947894927}
observation time 0.000004, current best 44.224671 at iter 9
suggestion time taken 0.010629 iter 10 next_points [{'alpha': 1.5863290690313448e-05, 'batch_size': 49, 'beta_1': 0.5377278204982693, 'beta_2': 0.9998535306453556, 'epsilon': 1.895253381376367e-09, 'hidden_layer_sizes': 198, 'learning_rate_init': 0.0038914880618644634, 'tol': 0.0002749837292746825, 'validation_fraction': 0.7448186796162315}]
/home/ryedida/.local/lib/python3.8/site-packages/sklearn/neural_network/_multilayer_perceptron.py:702: ConvergenceWarning: Stochastic Optimizer: Maximum iterations (200) reached and the optimization hasn't converged yet.
  warnings.warn(

function_evaluation time 3.805469 value 52.015527 suggestion {'alpha': 1.5863290690313448e-05, 'batch_size': 49, 'beta_1': 0.5377278204982693, 'beta_2': 0.9998535306453556, 'epsilon': 1.895253381376367e-09, 'hidden_layer_sizes': 198, 'learning_rate_init': 0.0038914880618644634, 'tol': 0.0002749837292746825, 'validation_fraction': 0.7448186796162315}
observation time 0.000005, current best 44.224671 at iter 10
suggestion time taken 0.010553 iter 11 next_points [{'alpha': 0.0001898844409519237, 'batch_size': 244, 'beta_1': 0.8476306389071692, 'beta_2': 0.9975773767154235, 'epsilon': 1.4589896969710836e-09, 'hidden_layer_sizes': 58, 'learning_rate_init': 0.00647191287402631, 'tol': 0.00011224006722812066, 'validation_fraction': 0.18769383125052963}]
/home/ryedida/.local/lib/python3.8/site-packages/sklearn/neural_network/_multilayer_perceptron.py:702: ConvergenceWarning: Stochastic Optimizer: Maximum iterations (200) reached and the optimization hasn't converged yet.
  warnings.warn(

function_evaluation time 2.686370 value 78.444841 suggestion {'alpha': 0.0001898844409519237, 'batch_size': 244, 'beta_1': 0.8476306389071692, 'beta_2': 0.9975773767154235, 'epsilon': 1.4589896969710836e-09, 'hidden_layer_sizes': 58, 'learning_rate_init': 0.00647191287402631, 'tol': 0.00011224006722812066, 'validation_fraction': 0.18769383125052963}
observation time 0.000004, current best 44.224671 at iter 11
suggestion time taken 0.011049 iter 12 next_points [{'alpha': 0.0008641592319012615, 'batch_size': 132, 'beta_1': 0.8304416800746461, 'beta_2': 0.999876020612672, 'epsilon': 3.0830997199485254e-08, 'hidden_layer_sizes': 193, 'learning_rate_init': 0.0037538762662120435, 'tol': 0.01831216438089923, 'validation_fraction': 0.8852557477196397}]
/home/ryedida/.local/lib/python3.8/site-packages/sklearn/neural_network/_multilayer_perceptron.py:621: UserWarning: Got `batch_size` less than 1 or larger than sample size. It is going to be clipped
  warnings.warn(

function_evaluation time 0.178541 value 150.712259 suggestion {'alpha': 0.0008641592319012615, 'batch_size': 132, 'beta_1': 0.8304416800746461, 'beta_2': 0.999876020612672, 'epsilon': 3.0830997199485254e-08, 'hidden_layer_sizes': 193, 'learning_rate_init': 0.0037538762662120435, 'tol': 0.01831216438089923, 'validation_fraction': 0.8852557477196397}
observation time 0.000004, current best 44.224671 at iter 12
suggestion time taken 0.010495 iter 13 next_points [{'alpha': 0.12489052958995991, 'batch_size': 42, 'beta_1': 0.9872862186412971, 'beta_2': 0.9996174032557849, 'epsilon': 1.9688839275930006e-08, 'hidden_layer_sizes': 154, 'learning_rate_init': 0.05159914126415504, 'tol': 0.0001605683795790054, 'validation_fraction': 0.8382288794889067}]
function_evaluation time 0.489774 value 61.853925 suggestion {'alpha': 0.12489052958995991, 'batch_size': 42, 'beta_1': 0.9872862186412971, 'beta_2': 0.9996174032557849, 'epsilon': 1.9688839275930006e-08, 'hidden_layer_sizes': 154, 'learning_rate_init': 0.05159914126415504, 'tol': 0.0001605683795790054, 'validation_fraction': 0.8382288794889067}
observation time 0.000004, current best 44.224671 at iter 13
suggestion time taken 0.010594 iter 14 next_points [{'alpha': 0.054311180277732136, 'batch_size': 175, 'beta_1': 0.957012620349357, 'beta_2': 0.9999513948338874, 'epsilon': 3.786314153326033e-07, 'hidden_layer_sizes': 102, 'learning_rate_init': 0.0003519693036746237, 'tol': 0.00026376729206738914, 'validation_fraction': 0.12551301143233762}]
/home/ryedida/.local/lib/python3.8/site-packages/sklearn/neural_network/_multilayer_perceptron.py:702: ConvergenceWarning: Stochastic Optimizer: Maximum iterations (200) reached and the optimization hasn't converged yet.
  warnings.warn(

function_evaluation time 3.851207 value 148.882233 suggestion {'alpha': 0.054311180277732136, 'batch_size': 175, 'beta_1': 0.957012620349357, 'beta_2': 0.9999513948338874, 'epsilon': 3.786314153326033e-07, 'hidden_layer_sizes': 102, 'learning_rate_init': 0.0003519693036746237, 'tol': 0.00026376729206738914, 'validation_fraction': 0.12551301143233762}
observation time 0.000005, current best 44.224671 at iter 14
suggestion time taken 0.010681 iter 15 next_points [{'alpha': 8.039499292929682, 'batch_size': 238, 'beta_1': 0.9873761862929571, 'beta_2': 0.9891700898415065, 'epsilon': 1.246610781879213e-09, 'hidden_layer_sizes': 111, 'learning_rate_init': 0.08571800009044397, 'tol': 3.200817782935238e-05, 'validation_fraction': 0.4073910783886721}]
/home/ryedida/.local/lib/python3.8/site-packages/sklearn/neural_network/_multilayer_perceptron.py:621: UserWarning: Got `batch_size` less than 1 or larger than sample size. It is going to be clipped
  warnings.warn(

function_evaluation time 0.521654 value 54.339766 suggestion {'alpha': 8.039499292929682, 'batch_size': 238, 'beta_1': 0.9873761862929571, 'beta_2': 0.9891700898415065, 'epsilon': 1.246610781879213e-09, 'hidden_layer_sizes': 111, 'learning_rate_init': 0.08571800009044397, 'tol': 3.200817782935238e-05, 'validation_fraction': 0.4073910783886721}
observation time 0.000005, current best 44.224671 at iter 15
suggestion time taken 0.010430 iter 16 next_points [{'alpha': 0.003622325881598128, 'batch_size': 144, 'beta_1': 0.9744960040958227, 'beta_2': 0.9999887980933657, 'epsilon': 1.0332738104082389e-07, 'hidden_layer_sizes': 167, 'learning_rate_init': 0.06634189513685189, 'tol': 3.611742618973067e-05, 'validation_fraction': 0.3109773990845196}]
function_evaluation time 0.671794 value 49.006531 suggestion {'alpha': 0.003622325881598128, 'batch_size': 144, 'beta_1': 0.9744960040958227, 'beta_2': 0.9999887980933657, 'epsilon': 1.0332738104082389e-07, 'hidden_layer_sizes': 167, 'learning_rate_init': 0.06634189513685189, 'tol': 3.611742618973067e-05, 'validation_fraction': 0.3109773990845196}
observation time 0.000004, current best 44.224671 at iter 16
suggestion time taken 0.010371 iter 17 next_points [{'alpha': 0.00030730370842801296, 'batch_size': 236, 'beta_1': 0.8431133933524287, 'beta_2': 0.9999874626061007, 'epsilon': 2.1670256138231478e-07, 'hidden_layer_sizes': 76, 'learning_rate_init': 0.02009594644676626, 'tol': 0.01151486676097202, 'validation_fraction': 0.33697961106166185}]
/home/ryedida/.local/lib/python3.8/site-packages/sklearn/neural_network/_multilayer_perceptron.py:621: UserWarning: Got `batch_size` less than 1 or larger than sample size. It is going to be clipped
  warnings.warn(

function_evaluation time 1.256113 value 52.388543 suggestion {'alpha': 0.00030730370842801296, 'batch_size': 236, 'beta_1': 0.8431133933524287, 'beta_2': 0.9999874626061007, 'epsilon': 2.1670256138231478e-07, 'hidden_layer_sizes': 76, 'learning_rate_init': 0.02009594644676626, 'tol': 0.01151486676097202, 'validation_fraction': 0.33697961106166185}
observation time 0.000004, current best 44.224671 at iter 17
suggestion time taken 0.012696 iter 18 next_points [{'alpha': 0.000791947934366779, 'batch_size': 155, 'beta_1': 0.6305643832709119, 'beta_2': 0.9960104607784523, 'epsilon': 3.801569767723292e-08, 'hidden_layer_sizes': 91, 'learning_rate_init': 0.002547477878461957, 'tol': 0.05881752954742882, 'validation_fraction': 0.29559885008652476}]
function_evaluation time 0.248120 value 150.699323 suggestion {'alpha': 0.000791947934366779, 'batch_size': 155, 'beta_1': 0.6305643832709119, 'beta_2': 0.9960104607784523, 'epsilon': 3.801569767723292e-08, 'hidden_layer_sizes': 91, 'learning_rate_init': 0.002547477878461957, 'tol': 0.05881752954742882, 'validation_fraction': 0.29559885008652476}
observation time 0.000004, current best 44.224671 at iter 18
suggestion time taken 0.010353 iter 19 next_points [{'alpha': 0.0007996671577529592, 'batch_size': 166, 'beta_1': 0.9182136727174237, 'beta_2': 0.9999906845683907, 'epsilon': 4.830864743816511e-07, 'hidden_layer_sizes': 53, 'learning_rate_init': 1.0129370775980591e-05, 'tol': 0.02310708801844202, 'validation_fraction': 0.8602504475740909}]
/home/ryedida/.local/lib/python3.8/site-packages/sklearn/neural_network/_multilayer_perceptron.py:621: UserWarning: Got `batch_size` less than 1 or larger than sample size. It is going to be clipped
  warnings.warn(

function_evaluation time 0.144674 value 151.392096 suggestion {'alpha': 0.0007996671577529592, 'batch_size': 166, 'beta_1': 0.9182136727174237, 'beta_2': 0.9999906845683907, 'epsilon': 4.830864743816511e-07, 'hidden_layer_sizes': 53, 'learning_rate_init': 1.0129370775980591e-05, 'tol': 0.02310708801844202, 'validation_fraction': 0.8602504475740909}
observation time 0.000004, current best 44.224671 at iter 19
suggestion time taken 0.010420 iter 20 next_points [{'alpha': 0.0003600133440060021, 'batch_size': 45, 'beta_1': 0.9537853867849037, 'beta_2': 0.9910326304282161, 'epsilon': 5.527048633931808e-09, 'hidden_layer_sizes': 190, 'learning_rate_init': 0.00499361023196075, 'tol': 7.539775863169904e-05, 'validation_fraction': 0.40690857165960953}]
/home/ryedida/.local/lib/python3.8/site-packages/sklearn/neural_network/_multilayer_perceptron.py:702: ConvergenceWarning: Stochastic Optimizer: Maximum iterations (200) reached and the optimization hasn't converged yet.
  warnings.warn(

function_evaluation time 5.863994 value 44.979677 suggestion {'alpha': 0.0003600133440060021, 'batch_size': 45, 'beta_1': 0.9537853867849037, 'beta_2': 0.9910326304282161, 'epsilon': 5.527048633931808e-09, 'hidden_layer_sizes': 190, 'learning_rate_init': 0.00499361023196075, 'tol': 7.539775863169904e-05, 'validation_fraction': 0.40690857165960953}
observation time 0.000005, current best 44.224671 at iter 20
suggestion time taken 0.010341 iter 21 next_points [{'alpha': 0.47904691973443864, 'batch_size': 63, 'beta_1': 0.9171066969457664, 'beta_2': 0.9999926599488503, 'epsilon': 7.30483347646577e-09, 'hidden_layer_sizes': 182, 'learning_rate_init': 0.012129832926231937, 'tol': 0.00012438776041087782, 'validation_fraction': 0.1330824724349615}]
function_evaluation time 4.052970 value 44.405303 suggestion {'alpha': 0.47904691973443864, 'batch_size': 63, 'beta_1': 0.9171066969457664, 'beta_2': 0.9999926599488503, 'epsilon': 7.30483347646577e-09, 'hidden_layer_sizes': 182, 'learning_rate_init': 0.012129832926231937, 'tol': 0.00012438776041087782, 'validation_fraction': 0.1330824724349615}
observation time 0.000004, current best 44.224671 at iter 21
suggestion time taken 0.010326 iter 22 next_points [{'alpha': 0.015255211050172362, 'batch_size': 196, 'beta_1': 0.5511404917832153, 'beta_2': 0.987685327079543, 'epsilon': 1.7776499809640016e-08, 'hidden_layer_sizes': 100, 'learning_rate_init': 2.160823387183573e-05, 'tol': 8.54294644350566e-05, 'validation_fraction': 0.8078238709941906}]
/home/ryedida/.local/lib/python3.8/site-packages/sklearn/neural_network/_multilayer_perceptron.py:621: UserWarning: Got `batch_size` less than 1 or larger than sample size. It is going to be clipped
  warnings.warn(

function_evaluation time 0.159937 value 151.577517 suggestion {'alpha': 0.015255211050172362, 'batch_size': 196, 'beta_1': 0.5511404917832153, 'beta_2': 0.987685327079543, 'epsilon': 1.7776499809640016e-08, 'hidden_layer_sizes': 100, 'learning_rate_init': 2.160823387183573e-05, 'tol': 8.54294644350566e-05, 'validation_fraction': 0.8078238709941906}
observation time 0.000005, current best 44.224671 at iter 22
suggestion time taken 0.010397 iter 23 next_points [{'alpha': 0.0065027867688967796, 'batch_size': 63, 'beta_1': 0.7600989233609375, 'beta_2': 0.9999915683988783, 'epsilon': 3.6887580864571304e-09, 'hidden_layer_sizes': 178, 'learning_rate_init': 2.8832382433591113e-05, 'tol': 1.3897098577143302e-05, 'validation_fraction': 0.8053921628629023}]
/home/ryedida/.local/lib/python3.8/site-packages/sklearn/neural_network/_multilayer_perceptron.py:702: ConvergenceWarning: Stochastic Optimizer: Maximum iterations (200) reached and the optimization hasn't converged yet.
  warnings.warn(

function_evaluation time 2.874284 value 151.509562 suggestion {'alpha': 0.0065027867688967796, 'batch_size': 63, 'beta_1': 0.7600989233609375, 'beta_2': 0.9999915683988783, 'epsilon': 3.6887580864571304e-09, 'hidden_layer_sizes': 178, 'learning_rate_init': 2.8832382433591113e-05, 'tol': 1.3897098577143302e-05, 'validation_fraction': 0.8053921628629023}
observation time 0.000004, current best 44.224671 at iter 23
suggestion time taken 0.010385 iter 24 next_points [{'alpha': 2.3517798310079385, 'batch_size': 210, 'beta_1': 0.9720771568254117, 'beta_2': 0.9799742720051434, 'epsilon': 3.1366607157406664e-09, 'hidden_layer_sizes': 144, 'learning_rate_init': 2.1614381127249308e-05, 'tol': 0.00684914797548274, 'validation_fraction': 0.8315309048786222}]
/home/ryedida/.local/lib/python3.8/site-packages/sklearn/neural_network/_multilayer_perceptron.py:621: UserWarning: Got `batch_size` less than 1 or larger than sample size. It is going to be clipped
  warnings.warn(

function_evaluation time 0.169993 value 151.562103 suggestion {'alpha': 2.3517798310079385, 'batch_size': 210, 'beta_1': 0.9720771568254117, 'beta_2': 0.9799742720051434, 'epsilon': 3.1366607157406664e-09, 'hidden_layer_sizes': 144, 'learning_rate_init': 2.1614381127249308e-05, 'tol': 0.00684914797548274, 'validation_fraction': 0.8315309048786222}
observation time 0.000004, current best 44.224671 at iter 24
suggestion time taken 0.011715 iter 25 next_points [{'alpha': 0.031502071881559436, 'batch_size': 137, 'beta_1': 0.9717236205100532, 'beta_2': 0.9993195305658538, 'epsilon': 1.721273816020813e-07, 'hidden_layer_sizes': 79, 'learning_rate_init': 0.009862868666579159, 'tol': 0.011656779175415449, 'validation_fraction': 0.4514243935236098}]
function_evaluation time 1.757666 value 55.484731 suggestion {'alpha': 0.031502071881559436, 'batch_size': 137, 'beta_1': 0.9717236205100532, 'beta_2': 0.9993195305658538, 'epsilon': 1.721273816020813e-07, 'hidden_layer_sizes': 79, 'learning_rate_init': 0.009862868666579159, 'tol': 0.011656779175415449, 'validation_fraction': 0.4514243935236098}
observation time 0.000004, current best 44.224671 at iter 25
suggestion time taken 0.010441 iter 26 next_points [{'alpha': 0.06245173258174933, 'batch_size': 19, 'beta_1': 0.9688219279150906, 'beta_2': 0.9999934900303106, 'epsilon': 2.8896035753608124e-09, 'hidden_layer_sizes': 177, 'learning_rate_init': 0.00041476731405582043, 'tol': 0.0083506644910339, 'validation_fraction': 0.2741252409437945}]
function_evaluation time 0.711787 value 150.810972 suggestion {'alpha': 0.06245173258174933, 'batch_size': 19, 'beta_1': 0.9688219279150906, 'beta_2': 0.9999934900303106, 'epsilon': 2.8896035753608124e-09, 'hidden_layer_sizes': 177, 'learning_rate_init': 0.00041476731405582043, 'tol': 0.0083506644910339, 'validation_fraction': 0.2741252409437945}
observation time 0.000004, current best 44.224671 at iter 26
suggestion time taken 0.010506 iter 27 next_points [{'alpha': 0.003162285066170162, 'batch_size': 203, 'beta_1': 0.9187257569253781, 'beta_2': 0.9999141754705063, 'epsilon': 1.6533948647216963e-08, 'hidden_layer_sizes': 92, 'learning_rate_init': 0.025918679931566498, 'tol': 1.0830042923043698e-05, 'validation_fraction': 0.8579992626467857}]
/home/ryedida/.local/lib/python3.8/site-packages/sklearn/neural_network/_multilayer_perceptron.py:621: UserWarning: Got `batch_size` less than 1 or larger than sample size. It is going to be clipped
  warnings.warn(

function_evaluation time 0.940449 value 53.722484 suggestion {'alpha': 0.003162285066170162, 'batch_size': 203, 'beta_1': 0.9187257569253781, 'beta_2': 0.9999141754705063, 'epsilon': 1.6533948647216963e-08, 'hidden_layer_sizes': 92, 'learning_rate_init': 0.025918679931566498, 'tol': 1.0830042923043698e-05, 'validation_fraction': 0.8579992626467857}
observation time 0.000005, current best 44.224671 at iter 27
suggestion time taken 0.010369 iter 28 next_points [{'alpha': 1.0493050045141374, 'batch_size': 33, 'beta_1': 0.9096861234490315, 'beta_2': 0.9943023779947405, 'epsilon': 3.406569585960649e-07, 'hidden_layer_sizes': 190, 'learning_rate_init': 0.0003113203344590723, 'tol': 0.00014826004306001234, 'validation_fraction': 0.5427105397509221}]
/home/ryedida/.local/lib/python3.8/site-packages/sklearn/neural_network/_multilayer_perceptron.py:702: ConvergenceWarning: Stochastic Optimizer: Maximum iterations (200) reached and the optimization hasn't converged yet.
  warnings.warn(

function_evaluation time 5.793661 value 141.682345 suggestion {'alpha': 1.0493050045141374, 'batch_size': 33, 'beta_1': 0.9096861234490315, 'beta_2': 0.9943023779947405, 'epsilon': 3.406569585960649e-07, 'hidden_layer_sizes': 190, 'learning_rate_init': 0.0003113203344590723, 'tol': 0.00014826004306001234, 'validation_fraction': 0.5427105397509221}
observation time 0.000004, current best 44.224671 at iter 28
suggestion time taken 0.010530 iter 29 next_points [{'alpha': 0.00013401221261839948, 'batch_size': 183, 'beta_1': 0.9745348857700519, 'beta_2': 0.9246658795923383, 'epsilon': 2.3165995488329676e-09, 'hidden_layer_sizes': 198, 'learning_rate_init': 0.08688463440469163, 'tol': 7.403455894533129e-05, 'validation_fraction': 0.22899090918048262}]
function_evaluation time 0.726201 value 48.071880 suggestion {'alpha': 0.00013401221261839948, 'batch_size': 183, 'beta_1': 0.9745348857700519, 'beta_2': 0.9246658795923383, 'epsilon': 2.3165995488329676e-09, 'hidden_layer_sizes': 198, 'learning_rate_init': 0.08688463440469163, 'tol': 7.403455894533129e-05, 'validation_fraction': 0.22899090918048262}
observation time 0.000004, current best 44.224671 at iter 29
suggestion time taken 0.010990 iter 30 next_points [{'alpha': 0.000597989663906603, 'batch_size': 27, 'beta_1': 0.9013969436667568, 'beta_2': 0.9997090520611213, 'epsilon': 4.537504318130794e-09, 'hidden_layer_sizes': 172, 'learning_rate_init': 0.00010832563644841978, 'tol': 7.016531744495201e-05, 'validation_fraction': 0.2028491744195719}]
/home/ryedida/.local/lib/python3.8/site-packages/sklearn/neural_network/_multilayer_perceptron.py:702: ConvergenceWarning: Stochastic Optimizer: Maximum iterations (200) reached and the optimization hasn't converged yet.
  warnings.warn(

function_evaluation time 10.116705 value 143.982822 suggestion {'alpha': 0.000597989663906603, 'batch_size': 27, 'beta_1': 0.9013969436667568, 'beta_2': 0.9997090520611213, 'epsilon': 4.537504318130794e-09, 'hidden_layer_sizes': 172, 'learning_rate_init': 0.00010832563644841978, 'tol': 7.016531744495201e-05, 'validation_fraction': 0.2028491744195719}
observation time 0.000004, current best 44.224671 at iter 30
suggestion time taken 0.010430 iter 31 next_points [{'alpha': 0.0013925160971217027, 'batch_size': 17, 'beta_1': 0.928068406837372, 'beta_2': 0.999030764170806, 'epsilon': 7.697614573669738e-09, 'hidden_layer_sizes': 168, 'learning_rate_init': 0.02096600728043599, 'tol': 0.0004168105806939563, 'validation_fraction': 0.5735347331092786}]
function_evaluation time 2.924657 value 44.822360 suggestion {'alpha': 0.0013925160971217027, 'batch_size': 17, 'beta_1': 0.928068406837372, 'beta_2': 0.999030764170806, 'epsilon': 7.697614573669738e-09, 'hidden_layer_sizes': 168, 'learning_rate_init': 0.02096600728043599, 'tol': 0.0004168105806939563, 'validation_fraction': 0.5735347331092786}
observation time 0.000004, current best 44.224671 at iter 31
suggestion time taken 0.010405 iter 32 next_points [{'alpha': 0.0004417183624144695, 'batch_size': 76, 'beta_1': 0.6638302360839592, 'beta_2': 0.9990697156694858, 'epsilon': 8.754065045321701e-08, 'hidden_layer_sizes': 151, 'learning_rate_init': 8.567716057880542e-05, 'tol': 0.054714166564516956, 'validation_fraction': 0.8237296823392315}]
/home/ryedida/.local/lib/python3.8/site-packages/sklearn/neural_network/_multilayer_perceptron.py:621: UserWarning: Got `batch_size` less than 1 or larger than sample size. It is going to be clipped
  warnings.warn(

function_evaluation time 0.175571 value 151.550657 suggestion {'alpha': 0.0004417183624144695, 'batch_size': 76, 'beta_1': 0.6638302360839592, 'beta_2': 0.9990697156694858, 'epsilon': 8.754065045321701e-08, 'hidden_layer_sizes': 151, 'learning_rate_init': 8.567716057880542e-05, 'tol': 0.054714166564516956, 'validation_fraction': 0.8237296823392315}
observation time 0.000004, current best 44.224671 at iter 32
suggestion time taken 0.010464 iter 33 next_points [{'alpha': 0.0029365892407035537, 'batch_size': 155, 'beta_1': 0.8446964793659787, 'beta_2': 0.9305841725921279, 'epsilon': 2.826500431010773e-09, 'hidden_layer_sizes': 92, 'learning_rate_init': 0.01403269892685848, 'tol': 0.0004130360667625558, 'validation_fraction': 0.6127772170925566}]
/home/ryedida/.local/lib/python3.8/site-packages/sklearn/neural_network/_multilayer_perceptron.py:621: UserWarning: Got `batch_size` less than 1 or larger than sample size. It is going to be clipped
  warnings.warn(

/home/ryedida/.local/lib/python3.8/site-packages/sklearn/neural_network/_multilayer_perceptron.py:702: ConvergenceWarning: Stochastic Optimizer: Maximum iterations (200) reached and the optimization hasn't converged yet.
  warnings.warn(

function_evaluation time 2.449028 value 50.632131 suggestion {'alpha': 0.0029365892407035537, 'batch_size': 155, 'beta_1': 0.8446964793659787, 'beta_2': 0.9305841725921279, 'epsilon': 2.826500431010773e-09, 'hidden_layer_sizes': 92, 'learning_rate_init': 0.01403269892685848, 'tol': 0.0004130360667625558, 'validation_fraction': 0.6127772170925566}
observation time 0.000003, current best 44.224671 at iter 33
suggestion time taken 0.010361 iter 34 next_points [{'alpha': 3.6669921691889917, 'batch_size': 114, 'beta_1': 0.8070339830492813, 'beta_2': 0.9991300597367739, 'epsilon': 7.436443905539747e-07, 'hidden_layer_sizes': 181, 'learning_rate_init': 1.0086840400940653e-05, 'tol': 1.3825845105946504e-05, 'validation_fraction': 0.49115713808412825}]
/home/ryedida/.local/lib/python3.8/site-packages/sklearn/neural_network/_multilayer_perceptron.py:702: ConvergenceWarning: Stochastic Optimizer: Maximum iterations (200) reached and the optimization hasn't converged yet.
  warnings.warn(

function_evaluation time 4.221064 value 151.498510 suggestion {'alpha': 3.6669921691889917, 'batch_size': 114, 'beta_1': 0.8070339830492813, 'beta_2': 0.9991300597367739, 'epsilon': 7.436443905539747e-07, 'hidden_layer_sizes': 181, 'learning_rate_init': 1.0086840400940653e-05, 'tol': 1.3825845105946504e-05, 'validation_fraction': 0.49115713808412825}
observation time 0.000004, current best 44.224671 at iter 34
suggestion time taken 0.011228 iter 35 next_points [{'alpha': 2.1975651432054576e-05, 'batch_size': 243, 'beta_1': 0.8828568723792294, 'beta_2': 0.9837412877779463, 'epsilon': 4.5582866873902335e-09, 'hidden_layer_sizes': 113, 'learning_rate_init': 0.0001501786164754727, 'tol': 1.3720434593907037e-05, 'validation_fraction': 0.12412289587271336}]
/home/ryedida/.local/lib/python3.8/site-packages/sklearn/neural_network/_multilayer_perceptron.py:702: ConvergenceWarning: Stochastic Optimizer: Maximum iterations (200) reached and the optimization hasn't converged yet.
  warnings.warn(

function_evaluation time 3.887349 value 150.755741 suggestion {'alpha': 2.1975651432054576e-05, 'batch_size': 243, 'beta_1': 0.8828568723792294, 'beta_2': 0.9837412877779463, 'epsilon': 4.5582866873902335e-09, 'hidden_layer_sizes': 113, 'learning_rate_init': 0.0001501786164754727, 'tol': 1.3720434593907037e-05, 'validation_fraction': 0.12412289587271336}
observation time 0.000005, current best 44.224671 at iter 35
suggestion time taken 0.010630 iter 36 next_points [{'alpha': 0.04421330685105878, 'batch_size': 37, 'beta_1': 0.761935293060579, 'beta_2': 0.9981619454024777, 'epsilon': 1.1296916978231053e-07, 'hidden_layer_sizes': 100, 'learning_rate_init': 6.812423203255665e-05, 'tol': 8.499199793547843e-05, 'validation_fraction': 0.7471302780004535}]
/home/ryedida/.local/lib/python3.8/site-packages/sklearn/neural_network/_multilayer_perceptron.py:702: ConvergenceWarning: Stochastic Optimizer: Maximum iterations (200) reached and the optimization hasn't converged yet.
  warnings.warn(

function_evaluation time 2.323974 value 151.326824 suggestion {'alpha': 0.04421330685105878, 'batch_size': 37, 'beta_1': 0.761935293060579, 'beta_2': 0.9981619454024777, 'epsilon': 1.1296916978231053e-07, 'hidden_layer_sizes': 100, 'learning_rate_init': 6.812423203255665e-05, 'tol': 8.499199793547843e-05, 'validation_fraction': 0.7471302780004535}
observation time 0.000005, current best 44.224671 at iter 36
suggestion time taken 0.010402 iter 37 next_points [{'alpha': 0.01406470843734385, 'batch_size': 178, 'beta_1': 0.9648937461482389, 'beta_2': 0.9999808368591011, 'epsilon': 1.4621578979164291e-07, 'hidden_layer_sizes': 172, 'learning_rate_init': 8.174528333710974e-05, 'tol': 0.004373777882275544, 'validation_fraction': 0.5129276913799663}]
/home/ryedida/.local/lib/python3.8/site-packages/sklearn/neural_network/_multilayer_perceptron.py:621: UserWarning: Got `batch_size` less than 1 or larger than sample size. It is going to be clipped
  warnings.warn(

function_evaluation time 0.213850 value 151.588841 suggestion {'alpha': 0.01406470843734385, 'batch_size': 178, 'beta_1': 0.9648937461482389, 'beta_2': 0.9999808368591011, 'epsilon': 1.4621578979164291e-07, 'hidden_layer_sizes': 172, 'learning_rate_init': 8.174528333710974e-05, 'tol': 0.004373777882275544, 'validation_fraction': 0.5129276913799663}
observation time 0.000004, current best 44.224671 at iter 37
suggestion time taken 0.010395 iter 38 next_points [{'alpha': 0.5087154827903867, 'batch_size': 212, 'beta_1': 0.711834332871677, 'beta_2': 0.9999989918594676, 'epsilon': 4.484274617393864e-09, 'hidden_layer_sizes': 59, 'learning_rate_init': 0.0628302767584497, 'tol': 0.0009411091102429427, 'validation_fraction': 0.7150523320396698}]
/home/ryedida/.local/lib/python3.8/site-packages/sklearn/neural_network/_multilayer_perceptron.py:621: UserWarning: Got `batch_size` less than 1 or larger than sample size. It is going to be clipped
  warnings.warn(

function_evaluation time 0.994899 value 47.587143 suggestion {'alpha': 0.5087154827903867, 'batch_size': 212, 'beta_1': 0.711834332871677, 'beta_2': 0.9999989918594676, 'epsilon': 4.484274617393864e-09, 'hidden_layer_sizes': 59, 'learning_rate_init': 0.0628302767584497, 'tol': 0.0009411091102429427, 'validation_fraction': 0.7150523320396698}
observation time 0.000004, current best 44.224671 at iter 38
suggestion time taken 0.010498 iter 39 next_points [{'alpha': 0.6502048771226285, 'batch_size': 33, 'beta_1': 0.9846123566302407, 'beta_2': 0.999938671653531, 'epsilon': 8.673105561303168e-07, 'hidden_layer_sizes': 56, 'learning_rate_init': 2.5620242026680115e-05, 'tol': 0.0017350061433539631, 'validation_fraction': 0.4107354835698291}]
function_evaluation time 0.228099 value 151.612477 suggestion {'alpha': 0.6502048771226285, 'batch_size': 33, 'beta_1': 0.9846123566302407, 'beta_2': 0.999938671653531, 'epsilon': 8.673105561303168e-07, 'hidden_layer_sizes': 56, 'learning_rate_init': 2.5620242026680115e-05, 'tol': 0.0017350061433539631, 'validation_fraction': 0.4107354835698291}
observation time 0.000003, current best 44.224671 at iter 39
suggestion time taken 0.003916 iter 40 next_points [{'alpha': 0.02318826622122634, 'batch_size': 206, 'beta_1': 0.9816351109203887, 'beta_2': 0.9999981963586073, 'epsilon': 1.728223524482952e-07, 'hidden_layer_sizes': 98, 'learning_rate_init': 0.02757689183206198, 'tol': 0.0013397262289904506, 'validation_fraction': 0.348064271992456}]
function_evaluation time 1.148543 value 55.031669 suggestion {'alpha': 0.02318826622122634, 'batch_size': 206, 'beta_1': 0.9816351109203887, 'beta_2': 0.9999981963586073, 'epsilon': 1.728223524482952e-07, 'hidden_layer_sizes': 98, 'learning_rate_init': 0.02757689183206198, 'tol': 0.0013397262289904506, 'validation_fraction': 0.348064271992456}
observation time 0.000004, current best 44.224671 at iter 40
suggestion time taken 0.010456 iter 41 next_points [{'alpha': 0.004485570953974142, 'batch_size': 189, 'beta_1': 0.9891526736758794, 'beta_2': 0.9991594970931116, 'epsilon': 1.612315705979269e-08, 'hidden_layer_sizes': 151, 'learning_rate_init': 0.0031992347148916424, 'tol': 0.009223246482042737, 'validation_fraction': 0.872195434198406}]
/home/ryedida/.local/lib/python3.8/site-packages/sklearn/neural_network/_multilayer_perceptron.py:621: UserWarning: Got `batch_size` less than 1 or larger than sample size. It is going to be clipped
  warnings.warn(

function_evaluation time 0.171310 value 151.083217 suggestion {'alpha': 0.004485570953974142, 'batch_size': 189, 'beta_1': 0.9891526736758794, 'beta_2': 0.9991594970931116, 'epsilon': 1.612315705979269e-08, 'hidden_layer_sizes': 151, 'learning_rate_init': 0.0031992347148916424, 'tol': 0.009223246482042737, 'validation_fraction': 0.872195434198406}
observation time 0.000004, current best 44.224671 at iter 41
suggestion time taken 0.010785 iter 42 next_points [{'alpha': 0.002212781589982078, 'batch_size': 164, 'beta_1': 0.8851632673669675, 'beta_2': 0.9999100580163846, 'epsilon': 2.144531498419591e-07, 'hidden_layer_sizes': 182, 'learning_rate_init': 0.0007305362322399659, 'tol': 2.3849400899771762e-05, 'validation_fraction': 0.3864330186957371}]
/home/ryedida/.local/lib/python3.8/site-packages/sklearn/neural_network/_multilayer_perceptron.py:702: ConvergenceWarning: Stochastic Optimizer: Maximum iterations (200) reached and the optimization hasn't converged yet.
  warnings.warn(

function_evaluation time 4.273272 value 134.324882 suggestion {'alpha': 0.002212781589982078, 'batch_size': 164, 'beta_1': 0.8851632673669675, 'beta_2': 0.9999100580163846, 'epsilon': 2.144531498419591e-07, 'hidden_layer_sizes': 182, 'learning_rate_init': 0.0007305362322399659, 'tol': 2.3849400899771762e-05, 'validation_fraction': 0.3864330186957371}
observation time 0.000004, current best 44.224671 at iter 42
suggestion time taken 0.010774 iter 43 next_points [{'alpha': 0.3970633740784043, 'batch_size': 185, 'beta_1': 0.9576327843487875, 'beta_2': 0.9999972918179353, 'epsilon': 1.7430119721368923e-09, 'hidden_layer_sizes': 63, 'learning_rate_init': 1.5580744560154867e-05, 'tol': 0.0008933890604733457, 'validation_fraction': 0.20696898875306238}]
function_evaluation time 0.218255 value 151.737375 suggestion {'alpha': 0.3970633740784043, 'batch_size': 185, 'beta_1': 0.9576327843487875, 'beta_2': 0.9999972918179353, 'epsilon': 1.7430119721368923e-09, 'hidden_layer_sizes': 63, 'learning_rate_init': 1.5580744560154867e-05, 'tol': 0.0008933890604733457, 'validation_fraction': 0.20696898875306238}
observation time 0.000003, current best 44.224671 at iter 43
suggestion time taken 0.010484 iter 44 next_points [{'alpha': 2.6550215247050596e-05, 'batch_size': 28, 'beta_1': 0.8795584556127458, 'beta_2': 0.9913668876777777, 'epsilon': 2.1029227947813876e-07, 'hidden_layer_sizes': 100, 'learning_rate_init': 0.0010883910846780605, 'tol': 0.00014533904942505896, 'validation_fraction': 0.5083410825372617}]
/home/ryedida/.local/lib/python3.8/site-packages/sklearn/neural_network/_multilayer_perceptron.py:702: ConvergenceWarning: Stochastic Optimizer: Maximum iterations (200) reached and the optimization hasn't converged yet.
  warnings.warn(

function_evaluation time 5.854983 value 81.855883 suggestion {'alpha': 2.6550215247050596e-05, 'batch_size': 28, 'beta_1': 0.8795584556127458, 'beta_2': 0.9913668876777777, 'epsilon': 2.1029227947813876e-07, 'hidden_layer_sizes': 100, 'learning_rate_init': 0.0010883910846780605, 'tol': 0.00014533904942505896, 'validation_fraction': 0.5083410825372617}
observation time 0.000005, current best 44.224671 at iter 44
saving meta data: {'args': {'--uuid': 'ccd305406c695ed384e4ddfc47c831be', '-db-root': '/home/ryedida/bbo_challenge_starter_kit/output', '--opt-root': '/home/ryedida/bbo_challenge_starter_kit/example_submissions', '--data-root': None, '--db': 'run_20231015_191245', '--opt': 'random', '--data': 'diabetes', '--classifier': 'MLP-adam', '--metric': 'mae', '--calls': 45, '--suggestions': 1, '--jobs-file': None, '--verbose': False, 'dry_run': False, 'rev': 'a376313', 'opt_rev': '0.0.8'}, 'signature': ([{'alpha': 0.019628224813442792, 'batch_size': 182, 'beta_1': 0.9410202200271762, 'beta_2': 0.9998021557676793, 'epsilon': 1.8662266976518e-08, 'hidden_layer_sizes': 147, 'learning_rate_init': 0.0005627932047415167, 'tol': 0.03690557729213761, 'validation_fraction': 0.8846827852548593}, {'alpha': 0.001998246739232944, 'batch_size': 200, 'beta_1': 0.919111482530466, 'beta_2': 0.9998488260436156, 'epsilon': 5.981221901152555e-07, 'hidden_layer_sizes': 61, 'learning_rate_init': 2.2310905607443014e-05, 'tol': 1.2046852412030316e-05, 'validation_fraction': 0.8117896445826539}, {'alpha': 0.46659545670218433, 'batch_size': 219, 'beta_1': 0.9889789783750891, 'beta_2': 0.9999896868093284, 'epsilon': 2.4234724484675948e-08, 'hidden_layer_sizes': 167, 'learning_rate_init': 2.972334644335654e-05, 'tol': 0.0036281404040243792, 'validation_fraction': 0.17260651658522078}, {'alpha': 4.656005689076002, 'batch_size': 135, 'beta_1': 0.870503881627747, 'beta_2': 0.9948873266941017, 'epsilon': 2.1023308743480125e-07, 'hidden_layer_sizes': 118, 'learning_rate_init': 0.001878173875716191, 'tol': 1.1889379831773006e-05, 'validation_fraction': 0.6264327093752792}, {'alpha': 0.04705159350400542, 'batch_size': 158, 'beta_1': 0.9870884262730957, 'beta_2': 0.9999596874382349, 'epsilon': 1.1981845126013875e-08, 'hidden_layer_sizes': 116, 'learning_rate_init': 0.006173405204074311, 'tol': 1.7414134181586194e-05, 'validation_fraction': 0.6754299026638921}], [151.4971925380264, 151.42763539278994, 151.47026299046811, 136.86202504264318, 75.2055865763391])}
saving results
saving timing
saving suggest log
done
