running: {'--uuid': '3ad42305420f55239163fcd4fedee43c', '-db-root': '/home/ryedida/smoothness-hpo/bbo_challenge_starter_kit/output', '--opt-root': '/home/ryedida/smoothness-hpo/bbo_challenge_starter_kit/example_submissions', '--data-root': None, '--db': 'run_20240113_043333', '--opt': 'random', '--data': 'breast', '--classifier': 'MLP-adam', '--metric': 'acc', '--calls': 15, '--suggestions': 1, '--jobs-file': None, '--verbose': False, 'dry_run': False, 'rev': 'a376313', 'opt_rev': '0.0.8'}
cmd: python /home/ryedida/.local/bin/bayesmark-exp -c MLP-adam -d breast -o random -u 3ad42305420f55239163fcd4fedee43c -m acc -n 15 -p 1 -dir /home/ryedida/smoothness-hpo/bbo_challenge_starter_kit/output -b run_20240113_043333
/home/ryedida/.local/lib/python3.8/site-packages/sklearn/neural_network/_multilayer_perceptron.py:603: UserWarning: Got `batch_size` less than 1 or larger than sample size. It is going to be clipped
  warnings.warn(

/home/ryedida/.local/lib/python3.8/site-packages/sklearn/neural_network/_multilayer_perceptron.py:603: UserWarning: Got `batch_size` less than 1 or larger than sample size. It is going to be clipped
  warnings.warn(

/home/ryedida/.local/lib/python3.8/site-packages/sklearn/neural_network/_multilayer_perceptron.py:603: UserWarning: Got `batch_size` less than 1 or larger than sample size. It is going to be clipped
  warnings.warn(

computed signature: ([{'alpha': 0.019628224813442792, 'batch_size': 182, 'beta_1': 0.9410202200271762, 'beta_2': 0.9998021557676793, 'epsilon': 1.8662266976518e-08, 'hidden_layer_sizes': 147, 'learning_rate_init': 0.0005627932047415167, 'tol': 0.03690557729213761, 'validation_fraction': 0.8846827852548593}, {'alpha': 0.001998246739232944, 'batch_size': 200, 'beta_1': 0.919111482530466, 'beta_2': 0.9998488260436156, 'epsilon': 5.981221901152555e-07, 'hidden_layer_sizes': 61, 'learning_rate_init': 2.2310905607443014e-05, 'tol': 1.2046852412030316e-05, 'validation_fraction': 0.8117896445826539}, {'alpha': 0.46659545670218433, 'batch_size': 219, 'beta_1': 0.9889789783750891, 'beta_2': 0.9999896868093284, 'epsilon': 2.4234724484675948e-08, 'hidden_layer_sizes': 167, 'learning_rate_init': 2.972334644335654e-05, 'tol': 0.0036281404040243792, 'validation_fraction': 0.17260651658522078}, {'alpha': 4.656005689076002, 'batch_size': 135, 'beta_1': 0.870503881627747, 'beta_2': 0.9948873266941017, 'epsilon': 2.1023308743480125e-07, 'hidden_layer_sizes': 118, 'learning_rate_init': 0.001878173875716191, 'tol': 1.1889379831773006e-05, 'validation_fraction': 0.6264327093752792}, {'alpha': 0.04705159350400542, 'batch_size': 158, 'beta_1': 0.9870884262730957, 'beta_2': 0.9999596874382349, 'epsilon': 1.1981845126013875e-08, 'hidden_layer_sizes': 116, 'learning_rate_init': 0.006173405204074311, 'tol': 1.7414134181586194e-05, 'validation_fraction': 0.6754299026638921}], [-0.676923076923077, -0.567032967032967, -0.545054945054945, -0.7824175824175824, -0.843956043956044])
/home/ryedida/.local/lib/python3.8/site-packages/bayesmark/experiment.py:469: UserWarning: Baselines not found. Will not log intermediate scores.
  warnings.warn("Baselines not found. Will not log intermediate scores.")

starting sklearn study random MLP-adam breast acc 15 1
with data root: None
suggestion time taken 0.004289 iter 0 next_points [{'alpha': 0.017673578515094976, 'batch_size': 198, 'beta_1': 0.8965070991615491, 'beta_2': 0.9870408179668904, 'epsilon': 4.101715108924585e-07, 'hidden_layer_sizes': 197, 'learning_rate_init': 0.0003442451402373117, 'tol': 0.00037900988736363177, 'validation_fraction': 0.8170764371848911}]
/home/ryedida/.local/lib/python3.8/site-packages/sklearn/neural_network/_multilayer_perceptron.py:603: UserWarning: Got `batch_size` less than 1 or larger than sample size. It is going to be clipped
  warnings.warn(

function_evaluation time 0.295183 value -0.734066 suggestion {'alpha': 0.017673578515094976, 'batch_size': 198, 'beta_1': 0.8965070991615491, 'beta_2': 0.9870408179668904, 'epsilon': 4.101715108924585e-07, 'hidden_layer_sizes': 197, 'learning_rate_init': 0.0003442451402373117, 'tol': 0.00037900988736363177, 'validation_fraction': 0.8170764371848911}
observation time 0.000001, current best -0.734066 at iter 0
suggestion time taken 0.004211 iter 1 next_points [{'alpha': 0.0029413310514531704, 'batch_size': 245, 'beta_1': 0.8271225144147999, 'beta_2': 0.9999844092977928, 'epsilon': 1.615224311643079e-08, 'hidden_layer_sizes': 175, 'learning_rate_init': 0.003352838152915191, 'tol': 0.002427531394440422, 'validation_fraction': 0.3778122725673093}]
function_evaluation time 0.471758 value -0.901099 suggestion {'alpha': 0.0029413310514531704, 'batch_size': 245, 'beta_1': 0.8271225144147999, 'beta_2': 0.9999844092977928, 'epsilon': 1.615224311643079e-08, 'hidden_layer_sizes': 175, 'learning_rate_init': 0.003352838152915191, 'tol': 0.002427531394440422, 'validation_fraction': 0.3778122725673093}
observation time 0.000000, current best -0.901099 at iter 1
suggestion time taken 0.004233 iter 2 next_points [{'alpha': 2.0085231795665037, 'batch_size': 118, 'beta_1': 0.7536889811918244, 'beta_2': 0.9999988926000167, 'epsilon': 2.2525196017546787e-09, 'hidden_layer_sizes': 118, 'learning_rate_init': 0.0001334932365719766, 'tol': 0.005286209300508142, 'validation_fraction': 0.44596640163006146}]
function_evaluation time 0.197769 value -0.674725 suggestion {'alpha': 2.0085231795665037, 'batch_size': 118, 'beta_1': 0.7536889811918244, 'beta_2': 0.9999988926000167, 'epsilon': 2.2525196017546787e-09, 'hidden_layer_sizes': 118, 'learning_rate_init': 0.0001334932365719766, 'tol': 0.005286209300508142, 'validation_fraction': 0.44596640163006146}
observation time 0.000000, current best -0.901099 at iter 2
suggestion time taken 0.004202 iter 3 next_points [{'alpha': 2.5055489958710946, 'batch_size': 95, 'beta_1': 0.988715018232197, 'beta_2': 0.932798870479146, 'epsilon': 4.831965504281544e-07, 'hidden_layer_sizes': 197, 'learning_rate_init': 0.07430703604906504, 'tol': 0.031233901553253125, 'validation_fraction': 0.31769407877850375}]
function_evaluation time 0.353790 value -0.828571 suggestion {'alpha': 2.5055489958710946, 'batch_size': 95, 'beta_1': 0.988715018232197, 'beta_2': 0.932798870479146, 'epsilon': 4.831965504281544e-07, 'hidden_layer_sizes': 197, 'learning_rate_init': 0.07430703604906504, 'tol': 0.031233901553253125, 'validation_fraction': 0.31769407877850375}
observation time 0.000003, current best -0.901099 at iter 3
suggestion time taken 0.004323 iter 4 next_points [{'alpha': 0.045869833904980915, 'batch_size': 203, 'beta_1': 0.5063777372616715, 'beta_2': 0.9999255208489959, 'epsilon': 9.045242430833226e-09, 'hidden_layer_sizes': 60, 'learning_rate_init': 0.00023561483341888066, 'tol': 1.9800603435415318e-05, 'validation_fraction': 0.773651894379067}]
/home/ryedida/.local/lib/python3.8/site-packages/sklearn/neural_network/_multilayer_perceptron.py:603: UserWarning: Got `batch_size` less than 1 or larger than sample size. It is going to be clipped
  warnings.warn(

function_evaluation time 0.095465 value -0.696703 suggestion {'alpha': 0.045869833904980915, 'batch_size': 203, 'beta_1': 0.5063777372616715, 'beta_2': 0.9999255208489959, 'epsilon': 9.045242430833226e-09, 'hidden_layer_sizes': 60, 'learning_rate_init': 0.00023561483341888066, 'tol': 1.9800603435415318e-05, 'validation_fraction': 0.773651894379067}
observation time 0.000000, current best -0.901099 at iter 4
suggestion time taken 0.004173 iter 5 next_points [{'alpha': 0.012022665924564377, 'batch_size': 118, 'beta_1': 0.8172965246639403, 'beta_2': 0.9963990367079232, 'epsilon': 1.0398092688807008e-08, 'hidden_layer_sizes': 184, 'learning_rate_init': 0.031314622858893054, 'tol': 0.005965628257241442, 'validation_fraction': 0.870714506585732}]
/home/ryedida/.local/lib/python3.8/site-packages/sklearn/neural_network/_multilayer_perceptron.py:603: UserWarning: Got `batch_size` less than 1 or larger than sample size. It is going to be clipped
  warnings.warn(

function_evaluation time 0.197588 value -0.909890 suggestion {'alpha': 0.012022665924564377, 'batch_size': 118, 'beta_1': 0.8172965246639403, 'beta_2': 0.9963990367079232, 'epsilon': 1.0398092688807008e-08, 'hidden_layer_sizes': 184, 'learning_rate_init': 0.031314622858893054, 'tol': 0.005965628257241442, 'validation_fraction': 0.870714506585732}
observation time 0.000000, current best -0.909890 at iter 5
suggestion time taken 0.004178 iter 6 next_points [{'alpha': 1.1568187085197452, 'batch_size': 89, 'beta_1': 0.8367844180739853, 'beta_2': 0.9999742449216595, 'epsilon': 5.069967378046774e-07, 'hidden_layer_sizes': 124, 'learning_rate_init': 0.02388590752545886, 'tol': 1.4841359036710934e-05, 'validation_fraction': 0.2871536265469841}]
function_evaluation time 0.376783 value -0.905495 suggestion {'alpha': 1.1568187085197452, 'batch_size': 89, 'beta_1': 0.8367844180739853, 'beta_2': 0.9999742449216595, 'epsilon': 5.069967378046774e-07, 'hidden_layer_sizes': 124, 'learning_rate_init': 0.02388590752545886, 'tol': 1.4841359036710934e-05, 'validation_fraction': 0.2871536265469841}
observation time 0.000000, current best -0.909890 at iter 6
suggestion time taken 0.004182 iter 7 next_points [{'alpha': 1.1732460931164468e-05, 'batch_size': 230, 'beta_1': 0.7237707866245943, 'beta_2': 0.9999949560712947, 'epsilon': 3.043982213818325e-07, 'hidden_layer_sizes': 190, 'learning_rate_init': 0.006303834993349768, 'tol': 0.08039950909104326, 'validation_fraction': 0.7107797009093294}]
/home/ryedida/.local/lib/python3.8/site-packages/sklearn/neural_network/_multilayer_perceptron.py:603: UserWarning: Got `batch_size` less than 1 or larger than sample size. It is going to be clipped
  warnings.warn(

function_evaluation time 0.185951 value -0.907692 suggestion {'alpha': 1.1732460931164468e-05, 'batch_size': 230, 'beta_1': 0.7237707866245943, 'beta_2': 0.9999949560712947, 'epsilon': 3.043982213818325e-07, 'hidden_layer_sizes': 190, 'learning_rate_init': 0.006303834993349768, 'tol': 0.08039950909104326, 'validation_fraction': 0.7107797009093294}
observation time 0.000000, current best -0.909890 at iter 7
suggestion time taken 0.004205 iter 8 next_points [{'alpha': 0.011355741699743519, 'batch_size': 74, 'beta_1': 0.9788984512294341, 'beta_2': 0.9900960409343355, 'epsilon': 1.1975938974756527e-07, 'hidden_layer_sizes': 185, 'learning_rate_init': 0.013064702135249674, 'tol': 0.0002217261314863013, 'validation_fraction': 0.20049553906630557}]
function_evaluation time 0.418573 value -0.907692 suggestion {'alpha': 0.011355741699743519, 'batch_size': 74, 'beta_1': 0.9788984512294341, 'beta_2': 0.9900960409343355, 'epsilon': 1.1975938974756527e-07, 'hidden_layer_sizes': 185, 'learning_rate_init': 0.013064702135249674, 'tol': 0.0002217261314863013, 'validation_fraction': 0.20049553906630557}
observation time 0.000000, current best -0.909890 at iter 8
suggestion time taken 0.004188 iter 9 next_points [{'alpha': 5.6080095674749785e-05, 'batch_size': 141, 'beta_1': 0.672388487638074, 'beta_2': 0.9997363225146634, 'epsilon': 3.0376858705061857e-08, 'hidden_layer_sizes': 198, 'learning_rate_init': 1.0931853406284026e-05, 'tol': 0.00019107722942582158, 'validation_fraction': 0.4148501857763207}]
function_evaluation time 0.371022 value -0.514286 suggestion {'alpha': 5.6080095674749785e-05, 'batch_size': 141, 'beta_1': 0.672388487638074, 'beta_2': 0.9997363225146634, 'epsilon': 3.0376858705061857e-08, 'hidden_layer_sizes': 198, 'learning_rate_init': 1.0931853406284026e-05, 'tol': 0.00019107722942582158, 'validation_fraction': 0.4148501857763207}
observation time 0.000001, current best -0.909890 at iter 9
suggestion time taken 0.004197 iter 10 next_points [{'alpha': 0.00040837666801714443, 'batch_size': 142, 'beta_1': 0.5848295648886677, 'beta_2': 0.9972619199886718, 'epsilon': 1.397828686943069e-07, 'hidden_layer_sizes': 76, 'learning_rate_init': 0.006092341916177916, 'tol': 0.04261813799057383, 'validation_fraction': 0.2629897136832773}]
function_evaluation time 0.180859 value -0.894505 suggestion {'alpha': 0.00040837666801714443, 'batch_size': 142, 'beta_1': 0.5848295648886677, 'beta_2': 0.9972619199886718, 'epsilon': 1.397828686943069e-07, 'hidden_layer_sizes': 76, 'learning_rate_init': 0.006092341916177916, 'tol': 0.04261813799057383, 'validation_fraction': 0.2629897136832773}
observation time 0.000000, current best -0.909890 at iter 10
suggestion time taken 0.004187 iter 11 next_points [{'alpha': 0.0015580819832536953, 'batch_size': 109, 'beta_1': 0.8991150753297917, 'beta_2': 0.918665944814557, 'epsilon': 4.182641255460383e-09, 'hidden_layer_sizes': 190, 'learning_rate_init': 1.4012254534183865e-05, 'tol': 1.9275073443947444e-05, 'validation_fraction': 0.12914230163976365}]
function_evaluation time 0.233021 value -0.582418 suggestion {'alpha': 0.0015580819832536953, 'batch_size': 109, 'beta_1': 0.8991150753297917, 'beta_2': 0.918665944814557, 'epsilon': 4.182641255460383e-09, 'hidden_layer_sizes': 190, 'learning_rate_init': 1.4012254534183865e-05, 'tol': 1.9275073443947444e-05, 'validation_fraction': 0.12914230163976365}
observation time 0.000000, current best -0.909890 at iter 11
suggestion time taken 0.004186 iter 12 next_points [{'alpha': 2.0311175198843525, 'batch_size': 70, 'beta_1': 0.6734266299145698, 'beta_2': 0.9920897572671924, 'epsilon': 1.198318428871694e-08, 'hidden_layer_sizes': 76, 'learning_rate_init': 0.00012236784999453997, 'tol': 0.0027318464949436525, 'validation_fraction': 0.1737400288007628}]
function_evaluation time 0.238655 value -0.501099 suggestion {'alpha': 2.0311175198843525, 'batch_size': 70, 'beta_1': 0.6734266299145698, 'beta_2': 0.9920897572671924, 'epsilon': 1.198318428871694e-08, 'hidden_layer_sizes': 76, 'learning_rate_init': 0.00012236784999453997, 'tol': 0.0027318464949436525, 'validation_fraction': 0.1737400288007628}
observation time 0.000000, current best -0.909890 at iter 12
suggestion time taken 0.003327 iter 13 next_points [{'alpha': 0.00043806199072043907, 'batch_size': 227, 'beta_1': 0.8093598186574951, 'beta_2': 0.9999976474029004, 'epsilon': 2.5347317428796864e-08, 'hidden_layer_sizes': 78, 'learning_rate_init': 9.171722428057078e-05, 'tol': 0.09529753051613517, 'validation_fraction': 0.19904568088436028}]
function_evaluation time 0.138951 value -0.527473 suggestion {'alpha': 0.00043806199072043907, 'batch_size': 227, 'beta_1': 0.8093598186574951, 'beta_2': 0.9999976474029004, 'epsilon': 2.5347317428796864e-08, 'hidden_layer_sizes': 78, 'learning_rate_init': 9.171722428057078e-05, 'tol': 0.09529753051613517, 'validation_fraction': 0.19904568088436028}
observation time 0.000001, current best -0.909890 at iter 13
suggestion time taken 0.004188 iter 14 next_points [{'alpha': 2.938101287127415e-05, 'batch_size': 151, 'beta_1': 0.880657852622909, 'beta_2': 0.9396433730700854, 'epsilon': 7.81521941688474e-07, 'hidden_layer_sizes': 128, 'learning_rate_init': 0.029198655577639416, 'tol': 0.0004690009481738345, 'validation_fraction': 0.8682382259546452}]
/home/ryedida/.local/lib/python3.8/site-packages/sklearn/neural_network/_multilayer_perceptron.py:603: UserWarning: Got `batch_size` less than 1 or larger than sample size. It is going to be clipped
  warnings.warn(

function_evaluation time 0.248647 value -0.905495 suggestion {'alpha': 2.938101287127415e-05, 'batch_size': 151, 'beta_1': 0.880657852622909, 'beta_2': 0.9396433730700854, 'epsilon': 7.81521941688474e-07, 'hidden_layer_sizes': 128, 'learning_rate_init': 0.029198655577639416, 'tol': 0.0004690009481738345, 'validation_fraction': 0.8682382259546452}
observation time 0.000002, current best -0.909890 at iter 14
saving meta data: {'args': {'--uuid': '3ad42305420f55239163fcd4fedee43c', '-db-root': '/home/ryedida/smoothness-hpo/bbo_challenge_starter_kit/output', '--opt-root': '/home/ryedida/smoothness-hpo/bbo_challenge_starter_kit/example_submissions', '--data-root': None, '--db': 'run_20240113_043333', '--opt': 'random', '--data': 'breast', '--classifier': 'MLP-adam', '--metric': 'acc', '--calls': 15, '--suggestions': 1, '--jobs-file': None, '--verbose': False, 'dry_run': False, 'rev': 'a376313', 'opt_rev': '0.0.8'}, 'signature': ([{'alpha': 0.019628224813442792, 'batch_size': 182, 'beta_1': 0.9410202200271762, 'beta_2': 0.9998021557676793, 'epsilon': 1.8662266976518e-08, 'hidden_layer_sizes': 147, 'learning_rate_init': 0.0005627932047415167, 'tol': 0.03690557729213761, 'validation_fraction': 0.8846827852548593}, {'alpha': 0.001998246739232944, 'batch_size': 200, 'beta_1': 0.919111482530466, 'beta_2': 0.9998488260436156, 'epsilon': 5.981221901152555e-07, 'hidden_layer_sizes': 61, 'learning_rate_init': 2.2310905607443014e-05, 'tol': 1.2046852412030316e-05, 'validation_fraction': 0.8117896445826539}, {'alpha': 0.46659545670218433, 'batch_size': 219, 'beta_1': 0.9889789783750891, 'beta_2': 0.9999896868093284, 'epsilon': 2.4234724484675948e-08, 'hidden_layer_sizes': 167, 'learning_rate_init': 2.972334644335654e-05, 'tol': 0.0036281404040243792, 'validation_fraction': 0.17260651658522078}, {'alpha': 4.656005689076002, 'batch_size': 135, 'beta_1': 0.870503881627747, 'beta_2': 0.9948873266941017, 'epsilon': 2.1023308743480125e-07, 'hidden_layer_sizes': 118, 'learning_rate_init': 0.001878173875716191, 'tol': 1.1889379831773006e-05, 'validation_fraction': 0.6264327093752792}, {'alpha': 0.04705159350400542, 'batch_size': 158, 'beta_1': 0.9870884262730957, 'beta_2': 0.9999596874382349, 'epsilon': 1.1981845126013875e-08, 'hidden_layer_sizes': 116, 'learning_rate_init': 0.006173405204074311, 'tol': 1.7414134181586194e-05, 'validation_fraction': 0.6754299026638921}], [-0.676923076923077, -0.567032967032967, -0.545054945054945, -0.7824175824175824, -0.843956043956044])}
saving results
saving timing
saving suggest log
done
