running: {'--uuid': '4969f6af7874525dbb4b345224959c37', '-db-root': '/home/ryedida/smoothness-hpo/bbo_challenge_starter_kit/output', '--opt-root': '/home/ryedida/smoothness-hpo/bbo_challenge_starter_kit/example_submissions', '--data-root': None, '--db': 'run_20240113_043333', '--opt': 'stcvx', '--data': 'breast', '--classifier': 'MLP-adam', '--metric': 'acc', '--calls': 15, '--suggestions': 1, '--jobs-file': None, '--verbose': False, 'dry_run': False, 'rev': 'a376313', 'opt_rev': 'x.x.x'}
cmd: python stcvx/optimizer.py -c MLP-adam -d breast -o stcvx -u 4969f6af7874525dbb4b345224959c37 -m acc -n 15 -p 1 -dir /home/ryedida/smoothness-hpo/bbo_challenge_starter_kit/output -b run_20240113_043333
/home/ryedida/.local/lib/python3.8/site-packages/sklearn/neural_network/_multilayer_perceptron.py:603: UserWarning: Got `batch_size` less than 1 or larger than sample size. It is going to be clipped
  warnings.warn(

/home/ryedida/.local/lib/python3.8/site-packages/sklearn/neural_network/_multilayer_perceptron.py:603: UserWarning: Got `batch_size` less than 1 or larger than sample size. It is going to be clipped
  warnings.warn(

/home/ryedida/.local/lib/python3.8/site-packages/sklearn/neural_network/_multilayer_perceptron.py:603: UserWarning: Got `batch_size` less than 1 or larger than sample size. It is going to be clipped
  warnings.warn(

computed signature: ([{'alpha': 0.019628224813442792, 'batch_size': 182, 'beta_1': 0.9410202200271762, 'beta_2': 0.9998021557676793, 'epsilon': 1.8662266976518e-08, 'hidden_layer_sizes': 147, 'learning_rate_init': 0.0005627932047415167, 'tol': 0.03690557729213761, 'validation_fraction': 0.8846827852548593}, {'alpha': 0.001998246739232944, 'batch_size': 200, 'beta_1': 0.919111482530466, 'beta_2': 0.9998488260436156, 'epsilon': 5.981221901152555e-07, 'hidden_layer_sizes': 61, 'learning_rate_init': 2.2310905607443014e-05, 'tol': 1.2046852412030316e-05, 'validation_fraction': 0.8117896445826539}, {'alpha': 0.46659545670218433, 'batch_size': 219, 'beta_1': 0.9889789783750891, 'beta_2': 0.9999896868093284, 'epsilon': 2.4234724484675948e-08, 'hidden_layer_sizes': 167, 'learning_rate_init': 2.972334644335654e-05, 'tol': 0.0036281404040243792, 'validation_fraction': 0.17260651658522078}, {'alpha': 4.656005689076002, 'batch_size': 135, 'beta_1': 0.870503881627747, 'beta_2': 0.9948873266941017, 'epsilon': 2.1023308743480125e-07, 'hidden_layer_sizes': 118, 'learning_rate_init': 0.001878173875716191, 'tol': 1.1889379831773006e-05, 'validation_fraction': 0.6264327093752792}, {'alpha': 0.04705159350400542, 'batch_size': 158, 'beta_1': 0.9870884262730957, 'beta_2': 0.9999596874382349, 'epsilon': 1.1981845126013875e-08, 'hidden_layer_sizes': 116, 'learning_rate_init': 0.006173405204074311, 'tol': 1.7414134181586194e-05, 'validation_fraction': 0.6754299026638921}], [-0.676923076923077, -0.567032967032967, -0.545054945054945, -0.7824175824175824, -0.843956043956044])
/home/ryedida/.local/lib/python3.8/site-packages/bayesmark/experiment.py:469: UserWarning: Baselines not found. Will not log intermediate scores.
  warnings.warn("Baselines not found. Will not log intermediate scores.")

starting sklearn study stcvx MLP-adam breast acc 15 1
with data root: None
suggestion time taken 28.552839 iter 0 next_points [{'alpha': 1.160770463852674, 'batch_size': 14, 'beta_1': 0.8931751738704008, 'beta_2': 0.999583065671774, 'epsilon': 1.3708550559962617e-09, 'hidden_layer_sizes': 176, 'learning_rate_init': 1.7997116811367264e-05, 'tol': 0.002468290086274064, 'validation_fraction': 0.39032301030139926}]
function_evaluation time 1.822069 value -0.725275 suggestion {'alpha': 1.160770463852674, 'batch_size': 14, 'beta_1': 0.8931751738704008, 'beta_2': 0.999583065671774, 'epsilon': 1.3708550559962617e-09, 'hidden_layer_sizes': 176, 'learning_rate_init': 1.7997116811367264e-05, 'tol': 0.002468290086274064, 'validation_fraction': 0.39032301030139926}
observation time 0.000002, current best -0.725275 at iter 0
suggestion time taken 24.967673 iter 1 next_points [{'alpha': 0.20647819590736527, 'batch_size': 14, 'beta_1': 0.7183062356062456, 'beta_2': 0.9999977923546863, 'epsilon': 5.494940578900887e-07, 'hidden_layer_sizes': 165, 'learning_rate_init': 0.017113217162543604, 'tol': 0.01826415370873656, 'validation_fraction': 0.6949143291442849}]
function_evaluation time 0.332762 value -0.914286 suggestion {'alpha': 0.20647819590736527, 'batch_size': 14, 'beta_1': 0.7183062356062456, 'beta_2': 0.9999977923546863, 'epsilon': 5.494940578900887e-07, 'hidden_layer_sizes': 165, 'learning_rate_init': 0.017113217162543604, 'tol': 0.01826415370873656, 'validation_fraction': 0.6949143291442849}
observation time 0.000001, current best -0.914286 at iter 1
suggestion time taken 24.490258 iter 2 next_points [{'alpha': 2.2844025258040315e-05, 'batch_size': 22, 'beta_1': 0.5628565077430608, 'beta_2': 0.9212873029167583, 'epsilon': 4.241270908632993e-07, 'hidden_layer_sizes': 65, 'learning_rate_init': 0.004932523854900882, 'tol': 0.07056040184405907, 'validation_fraction': 0.2848759323459372}]
function_evaluation time 0.272694 value -0.918681 suggestion {'alpha': 2.2844025258040315e-05, 'batch_size': 22, 'beta_1': 0.5628565077430608, 'beta_2': 0.9212873029167583, 'epsilon': 4.241270908632993e-07, 'hidden_layer_sizes': 65, 'learning_rate_init': 0.004932523854900882, 'tol': 0.07056040184405907, 'validation_fraction': 0.2848759323459372}
observation time 0.000001, current best -0.918681 at iter 2
suggestion time taken 25.401115 iter 3 next_points [{'alpha': 0.007695748631939187, 'batch_size': 51, 'beta_1': 0.9140685884366966, 'beta_2': 0.9998734253892342, 'epsilon': 1.9089648921780927e-07, 'hidden_layer_sizes': 78, 'learning_rate_init': 5.757761774244682e-05, 'tol': 0.004449577292039794, 'validation_fraction': 0.7275120858856938}]
function_evaluation time 0.119184 value -0.459341 suggestion {'alpha': 0.007695748631939187, 'batch_size': 51, 'beta_1': 0.9140685884366966, 'beta_2': 0.9998734253892342, 'epsilon': 1.9089648921780927e-07, 'hidden_layer_sizes': 78, 'learning_rate_init': 5.757761774244682e-05, 'tol': 0.004449577292039794, 'validation_fraction': 0.7275120858856938}
observation time 0.000004, current best -0.918681 at iter 3
suggestion time taken 21.825792 iter 4 next_points [{'alpha': 2.812029770654049, 'batch_size': 15, 'beta_1': 0.9361168030223167, 'beta_2': 0.999216275621758, 'epsilon': 1.2331177170355327e-09, 'hidden_layer_sizes': 109, 'learning_rate_init': 1.9088417817078303e-05, 'tol': 0.03291726334810444, 'validation_fraction': 0.8821026535547911}]
function_evaluation time 0.142106 value -0.419780 suggestion {'alpha': 2.812029770654049, 'batch_size': 15, 'beta_1': 0.9361168030223167, 'beta_2': 0.999216275621758, 'epsilon': 1.2331177170355327e-09, 'hidden_layer_sizes': 109, 'learning_rate_init': 1.9088417817078303e-05, 'tol': 0.03291726334810444, 'validation_fraction': 0.8821026535547911}
observation time 0.000002, current best -0.918681 at iter 4
suggestion time taken 24.676953 iter 5 next_points [{'alpha': 5.731884460197352e-05, 'batch_size': 40, 'beta_1': 0.9847017340811706, 'beta_2': 0.9992839399747159, 'epsilon': 3.9625744324268794e-08, 'hidden_layer_sizes': 172, 'learning_rate_init': 0.09440101644483957, 'tol': 0.043399895237859774, 'validation_fraction': 0.3539025315763278}]
function_evaluation time 0.277777 value -0.742857 suggestion {'alpha': 5.731884460197352e-05, 'batch_size': 40, 'beta_1': 0.9847017340811706, 'beta_2': 0.9992839399747159, 'epsilon': 3.9625744324268794e-08, 'hidden_layer_sizes': 172, 'learning_rate_init': 0.09440101644483957, 'tol': 0.043399895237859774, 'validation_fraction': 0.3539025315763278}
observation time 0.000001, current best -0.918681 at iter 5
suggestion time taken 23.821823 iter 6 next_points [{'alpha': 1.685924191677623e-05, 'batch_size': 12, 'beta_1': 0.9660964410548376, 'beta_2': 0.9951069361389814, 'epsilon': 2.4888995793180727e-08, 'hidden_layer_sizes': 112, 'learning_rate_init': 0.0021319200692008324, 'tol': 0.0042615859525934685, 'validation_fraction': 0.8099648342354641}]
function_evaluation time 0.441960 value -0.898901 suggestion {'alpha': 1.685924191677623e-05, 'batch_size': 12, 'beta_1': 0.9660964410548376, 'beta_2': 0.9951069361389814, 'epsilon': 2.4888995793180727e-08, 'hidden_layer_sizes': 112, 'learning_rate_init': 0.0021319200692008324, 'tol': 0.0042615859525934685, 'validation_fraction': 0.8099648342354641}
observation time 0.000001, current best -0.918681 at iter 6
suggestion time taken 21.845410 iter 7 next_points [{'alpha': 0.6000603191190715, 'batch_size': 14, 'beta_1': 0.9897268512783526, 'beta_2': 0.9682242838460405, 'epsilon': 1.636483626763414e-08, 'hidden_layer_sizes': 112, 'learning_rate_init': 1.794367345920324e-05, 'tol': 2.2535950401905433e-05, 'validation_fraction': 0.8277169673607482}]
function_evaluation time 0.238289 value -0.512088 suggestion {'alpha': 0.6000603191190715, 'batch_size': 14, 'beta_1': 0.9897268512783526, 'beta_2': 0.9682242838460405, 'epsilon': 1.636483626763414e-08, 'hidden_layer_sizes': 112, 'learning_rate_init': 1.794367345920324e-05, 'tol': 2.2535950401905433e-05, 'validation_fraction': 0.8277169673607482}
observation time 0.000001, current best -0.918681 at iter 7
suggestion time taken 25.774622 iter 8 next_points [{'alpha': 0.0034067316706781355, 'batch_size': 12, 'beta_1': 0.5123880582138614, 'beta_2': 0.9994108831038703, 'epsilon': 4.392004051428452e-09, 'hidden_layer_sizes': 108, 'learning_rate_init': 0.00021699130893629813, 'tol': 0.0028904565730940657, 'validation_fraction': 0.7941382673024315}]
function_evaluation time 0.457655 value -0.852747 suggestion {'alpha': 0.0034067316706781355, 'batch_size': 12, 'beta_1': 0.5123880582138614, 'beta_2': 0.9994108831038703, 'epsilon': 4.392004051428452e-09, 'hidden_layer_sizes': 108, 'learning_rate_init': 0.00021699130893629813, 'tol': 0.0028904565730940657, 'validation_fraction': 0.7941382673024315}
observation time 0.000002, current best -0.918681 at iter 8
suggestion time taken 22.534547 iter 9 next_points [{'alpha': 8.297536370598635e-05, 'batch_size': 19, 'beta_1': 0.9822983109885967, 'beta_2': 0.9997983888042526, 'epsilon': 2.4463830247117828e-08, 'hidden_layer_sizes': 164, 'learning_rate_init': 2.144115181380243e-05, 'tol': 0.0017483609430772014, 'validation_fraction': 0.2001642517261539}]
function_evaluation time 0.616528 value -0.621978 suggestion {'alpha': 8.297536370598635e-05, 'batch_size': 19, 'beta_1': 0.9822983109885967, 'beta_2': 0.9997983888042526, 'epsilon': 2.4463830247117828e-08, 'hidden_layer_sizes': 164, 'learning_rate_init': 2.144115181380243e-05, 'tol': 0.0017483609430772014, 'validation_fraction': 0.2001642517261539}
observation time 0.000001, current best -0.918681 at iter 9
suggestion time taken 22.820709 iter 10 next_points [{'alpha': 5.9343454951930985, 'batch_size': 26, 'beta_1': 0.9708603259123894, 'beta_2': 0.9962346576987473, 'epsilon': 4.8265797328745274e-08, 'hidden_layer_sizes': 90, 'learning_rate_init': 1.821988314575387e-05, 'tol': 0.0027050435773429207, 'validation_fraction': 0.8210161764191991}]
function_evaluation time 0.163952 value -0.494505 suggestion {'alpha': 5.9343454951930985, 'batch_size': 26, 'beta_1': 0.9708603259123894, 'beta_2': 0.9962346576987473, 'epsilon': 4.8265797328745274e-08, 'hidden_layer_sizes': 90, 'learning_rate_init': 1.821988314575387e-05, 'tol': 0.0027050435773429207, 'validation_fraction': 0.8210161764191991}
observation time 0.000002, current best -0.918681 at iter 10
suggestion time taken 21.275373 iter 11 next_points [{'alpha': 5.833173127875101e-05, 'batch_size': 15, 'beta_1': 0.8795756318877622, 'beta_2': 0.9900971735773982, 'epsilon': 7.156716149170583e-09, 'hidden_layer_sizes': 75, 'learning_rate_init': 2.5304368383337134e-05, 'tol': 0.0001724718833884472, 'validation_fraction': 0.4764932349075306}]
function_evaluation time 0.340545 value -0.472527 suggestion {'alpha': 5.833173127875101e-05, 'batch_size': 15, 'beta_1': 0.8795756318877622, 'beta_2': 0.9900971735773982, 'epsilon': 7.156716149170583e-09, 'hidden_layer_sizes': 75, 'learning_rate_init': 2.5304368383337134e-05, 'tol': 0.0001724718833884472, 'validation_fraction': 0.4764932349075306}
observation time 0.000001, current best -0.918681 at iter 11
suggestion time taken 21.254231 iter 12 next_points [{'alpha': 0.12524731468541414, 'batch_size': 31, 'beta_1': 0.8179903487151184, 'beta_2': 0.999982758512459, 'epsilon': 4.339286979419e-07, 'hidden_layer_sizes': 189, 'learning_rate_init': 0.0071348041466204205, 'tol': 0.05608361196264332, 'validation_fraction': 0.7494128482084536}]
function_evaluation time 0.192607 value -0.909890 suggestion {'alpha': 0.12524731468541414, 'batch_size': 31, 'beta_1': 0.8179903487151184, 'beta_2': 0.999982758512459, 'epsilon': 4.339286979419e-07, 'hidden_layer_sizes': 189, 'learning_rate_init': 0.0071348041466204205, 'tol': 0.05608361196264332, 'validation_fraction': 0.7494128482084536}
observation time 0.000002, current best -0.918681 at iter 12
suggestion time taken 19.623570 iter 13 next_points [{'alpha': 4.3905328470569457e-05, 'batch_size': 15, 'beta_1': 0.6028404864586336, 'beta_2': 0.9997744140537803, 'epsilon': 2.029908434626912e-07, 'hidden_layer_sizes': 134, 'learning_rate_init': 0.006604725216693303, 'tol': 0.00014695733017634495, 'validation_fraction': 0.3832905772659185}]
function_evaluation time 0.691128 value -0.912088 suggestion {'alpha': 4.3905328470569457e-05, 'batch_size': 15, 'beta_1': 0.6028404864586336, 'beta_2': 0.9997744140537803, 'epsilon': 2.029908434626912e-07, 'hidden_layer_sizes': 134, 'learning_rate_init': 0.006604725216693303, 'tol': 0.00014695733017634495, 'validation_fraction': 0.3832905772659185}
observation time 0.000001, current best -0.918681 at iter 13
suggestion time taken 20.981499 iter 14 next_points [{'alpha': 5.169765086815824, 'batch_size': 18, 'beta_1': 0.9763630749252096, 'beta_2': 0.9788503830659222, 'epsilon': 3.075501403584605e-08, 'hidden_layer_sizes': 86, 'learning_rate_init': 0.06553742176295435, 'tol': 0.0007453049581518096, 'validation_fraction': 0.3072671881620652}]
function_evaluation time 0.562349 value -0.903297 suggestion {'alpha': 5.169765086815824, 'batch_size': 18, 'beta_1': 0.9763630749252096, 'beta_2': 0.9788503830659222, 'epsilon': 3.075501403584605e-08, 'hidden_layer_sizes': 86, 'learning_rate_init': 0.06553742176295435, 'tol': 0.0007453049581518096, 'validation_fraction': 0.3072671881620652}
observation time 0.000002, current best -0.918681 at iter 14
saving meta data: {'args': {'--uuid': '4969f6af7874525dbb4b345224959c37', '-db-root': '/home/ryedida/smoothness-hpo/bbo_challenge_starter_kit/output', '--opt-root': '/home/ryedida/smoothness-hpo/bbo_challenge_starter_kit/example_submissions', '--data-root': None, '--db': 'run_20240113_043333', '--opt': 'stcvx', '--data': 'breast', '--classifier': 'MLP-adam', '--metric': 'acc', '--calls': 15, '--suggestions': 1, '--jobs-file': None, '--verbose': False, 'dry_run': False, 'rev': 'a376313', 'opt_rev': 'x.x.x'}, 'signature': ([{'alpha': 0.019628224813442792, 'batch_size': 182, 'beta_1': 0.9410202200271762, 'beta_2': 0.9998021557676793, 'epsilon': 1.8662266976518e-08, 'hidden_layer_sizes': 147, 'learning_rate_init': 0.0005627932047415167, 'tol': 0.03690557729213761, 'validation_fraction': 0.8846827852548593}, {'alpha': 0.001998246739232944, 'batch_size': 200, 'beta_1': 0.919111482530466, 'beta_2': 0.9998488260436156, 'epsilon': 5.981221901152555e-07, 'hidden_layer_sizes': 61, 'learning_rate_init': 2.2310905607443014e-05, 'tol': 1.2046852412030316e-05, 'validation_fraction': 0.8117896445826539}, {'alpha': 0.46659545670218433, 'batch_size': 219, 'beta_1': 0.9889789783750891, 'beta_2': 0.9999896868093284, 'epsilon': 2.4234724484675948e-08, 'hidden_layer_sizes': 167, 'learning_rate_init': 2.972334644335654e-05, 'tol': 0.0036281404040243792, 'validation_fraction': 0.17260651658522078}, {'alpha': 4.656005689076002, 'batch_size': 135, 'beta_1': 0.870503881627747, 'beta_2': 0.9948873266941017, 'epsilon': 2.1023308743480125e-07, 'hidden_layer_sizes': 118, 'learning_rate_init': 0.001878173875716191, 'tol': 1.1889379831773006e-05, 'validation_fraction': 0.6264327093752792}, {'alpha': 0.04705159350400542, 'batch_size': 158, 'beta_1': 0.9870884262730957, 'beta_2': 0.9999596874382349, 'epsilon': 1.1981845126013875e-08, 'hidden_layer_sizes': 116, 'learning_rate_init': 0.006173405204074311, 'tol': 1.7414134181586194e-05, 'validation_fraction': 0.6754299026638921}], [-0.676923076923077, -0.567032967032967, -0.545054945054945, -0.7824175824175824, -0.843956043956044])}
saving results
saving timing
saving suggest log
done
