running: {'--uuid': '681313f0e57d5d1a987f5e35bc3c2f94', '-db-root': '/home/ryedida/smoothness-hpo/bbo_challenge_starter_kit/output', '--opt-root': '/home/ryedida/smoothness-hpo/bbo_challenge_starter_kit/example_submissions', '--data-root': None, '--db': 'run_20240113_043333', '--opt': 'stcvx', '--data': 'breast', '--classifier': 'MLP-adam', '--metric': 'acc', '--calls': 15, '--suggestions': 1, '--jobs-file': None, '--verbose': False, 'dry_run': False, 'rev': 'a376313', 'opt_rev': 'x.x.x'}
cmd: python stcvx/optimizer.py -c MLP-adam -d breast -o stcvx -u 681313f0e57d5d1a987f5e35bc3c2f94 -m acc -n 15 -p 1 -dir /home/ryedida/smoothness-hpo/bbo_challenge_starter_kit/output -b run_20240113_043333
/home/ryedida/.local/lib/python3.8/site-packages/sklearn/neural_network/_multilayer_perceptron.py:603: UserWarning: Got `batch_size` less than 1 or larger than sample size. It is going to be clipped
  warnings.warn(

/home/ryedida/.local/lib/python3.8/site-packages/sklearn/neural_network/_multilayer_perceptron.py:603: UserWarning: Got `batch_size` less than 1 or larger than sample size. It is going to be clipped
  warnings.warn(

/home/ryedida/.local/lib/python3.8/site-packages/sklearn/neural_network/_multilayer_perceptron.py:603: UserWarning: Got `batch_size` less than 1 or larger than sample size. It is going to be clipped
  warnings.warn(

computed signature: ([{'alpha': 0.019628224813442792, 'batch_size': 182, 'beta_1': 0.9410202200271762, 'beta_2': 0.9998021557676793, 'epsilon': 1.8662266976518e-08, 'hidden_layer_sizes': 147, 'learning_rate_init': 0.0005627932047415167, 'tol': 0.03690557729213761, 'validation_fraction': 0.8846827852548593}, {'alpha': 0.001998246739232944, 'batch_size': 200, 'beta_1': 0.919111482530466, 'beta_2': 0.9998488260436156, 'epsilon': 5.981221901152555e-07, 'hidden_layer_sizes': 61, 'learning_rate_init': 2.2310905607443014e-05, 'tol': 1.2046852412030316e-05, 'validation_fraction': 0.8117896445826539}, {'alpha': 0.46659545670218433, 'batch_size': 219, 'beta_1': 0.9889789783750891, 'beta_2': 0.9999896868093284, 'epsilon': 2.4234724484675948e-08, 'hidden_layer_sizes': 167, 'learning_rate_init': 2.972334644335654e-05, 'tol': 0.0036281404040243792, 'validation_fraction': 0.17260651658522078}, {'alpha': 4.656005689076002, 'batch_size': 135, 'beta_1': 0.870503881627747, 'beta_2': 0.9948873266941017, 'epsilon': 2.1023308743480125e-07, 'hidden_layer_sizes': 118, 'learning_rate_init': 0.001878173875716191, 'tol': 1.1889379831773006e-05, 'validation_fraction': 0.6264327093752792}, {'alpha': 0.04705159350400542, 'batch_size': 158, 'beta_1': 0.9870884262730957, 'beta_2': 0.9999596874382349, 'epsilon': 1.1981845126013875e-08, 'hidden_layer_sizes': 116, 'learning_rate_init': 0.006173405204074311, 'tol': 1.7414134181586194e-05, 'validation_fraction': 0.6754299026638921}], [-0.676923076923077, -0.567032967032967, -0.545054945054945, -0.7824175824175824, -0.843956043956044])
/home/ryedida/.local/lib/python3.8/site-packages/bayesmark/experiment.py:469: UserWarning: Baselines not found. Will not log intermediate scores.
  warnings.warn("Baselines not found. Will not log intermediate scores.")

starting sklearn study stcvx MLP-adam breast acc 15 1
with data root: None
suggestion time taken 23.409786 iter 0 next_points [{'alpha': 9.988952623485119, 'batch_size': 24, 'beta_1': 0.8447149924443419, 'beta_2': 0.9951367541403612, 'epsilon': 4.586361944866597e-07, 'hidden_layer_sizes': 125, 'learning_rate_init': 0.0018196257801193544, 'tol': 0.00015289931013486268, 'validation_fraction': 0.2170382943223959}]
function_evaluation time 0.598771 value -0.914286 suggestion {'alpha': 9.988952623485119, 'batch_size': 24, 'beta_1': 0.8447149924443419, 'beta_2': 0.9951367541403612, 'epsilon': 4.586361944866597e-07, 'hidden_layer_sizes': 125, 'learning_rate_init': 0.0018196257801193544, 'tol': 0.00015289931013486268, 'validation_fraction': 0.2170382943223959}
observation time 0.000003, current best -0.914286 at iter 0
suggestion time taken 22.833589 iter 1 next_points [{'alpha': 0.0004559975506057665, 'batch_size': 17, 'beta_1': 0.9285987485145202, 'beta_2': 0.9999988396033315, 'epsilon': 2.4241653613630517e-09, 'hidden_layer_sizes': 129, 'learning_rate_init': 6.275938561166123e-05, 'tol': 0.02182829356778945, 'validation_fraction': 0.7706503544500698}]
function_evaluation time 0.199478 value -0.617582 suggestion {'alpha': 0.0004559975506057665, 'batch_size': 17, 'beta_1': 0.9285987485145202, 'beta_2': 0.9999988396033315, 'epsilon': 2.4241653613630517e-09, 'hidden_layer_sizes': 129, 'learning_rate_init': 6.275938561166123e-05, 'tol': 0.02182829356778945, 'validation_fraction': 0.7706503544500698}
observation time 0.000002, current best -0.914286 at iter 1
suggestion time taken 21.335720 iter 2 next_points [{'alpha': 0.19689763799929896, 'batch_size': 18, 'beta_1': 0.9768270133586826, 'beta_2': 0.9575588856609223, 'epsilon': 8.913034830602154e-09, 'hidden_layer_sizes': 171, 'learning_rate_init': 2.2192832332272617e-05, 'tol': 0.0005236919783669849, 'validation_fraction': 0.36856085716188647}]
function_evaluation time 0.634012 value -0.637363 suggestion {'alpha': 0.19689763799929896, 'batch_size': 18, 'beta_1': 0.9768270133586826, 'beta_2': 0.9575588856609223, 'epsilon': 8.913034830602154e-09, 'hidden_layer_sizes': 171, 'learning_rate_init': 2.2192832332272617e-05, 'tol': 0.0005236919783669849, 'validation_fraction': 0.36856085716188647}
observation time 0.000002, current best -0.914286 at iter 2
suggestion time taken 21.373849 iter 3 next_points [{'alpha': 0.0020035582909737584, 'batch_size': 10, 'beta_1': 0.6992415027207625, 'beta_2': 0.9320540135245812, 'epsilon': 2.0298013538391026e-09, 'hidden_layer_sizes': 196, 'learning_rate_init': 0.00017532143395169924, 'tol': 7.615515953264635e-05, 'validation_fraction': 0.7451258989375408}]
function_evaluation time 0.993983 value -0.892308 suggestion {'alpha': 0.0020035582909737584, 'batch_size': 10, 'beta_1': 0.6992415027207625, 'beta_2': 0.9320540135245812, 'epsilon': 2.0298013538391026e-09, 'hidden_layer_sizes': 196, 'learning_rate_init': 0.00017532143395169924, 'tol': 7.615515953264635e-05, 'validation_fraction': 0.7451258989375408}
observation time 0.000004, current best -0.914286 at iter 3
suggestion time taken 21.547529 iter 4 next_points [{'alpha': 1.3060870136440726e-05, 'batch_size': 15, 'beta_1': 0.6432489579101911, 'beta_2': 0.9989768764953892, 'epsilon': 1.3245193891175586e-07, 'hidden_layer_sizes': 178, 'learning_rate_init': 0.01428004936450199, 'tol': 0.0009584598700629636, 'validation_fraction': 0.18400140807134308}]
function_evaluation time 0.978619 value -0.909890 suggestion {'alpha': 1.3060870136440726e-05, 'batch_size': 15, 'beta_1': 0.6432489579101911, 'beta_2': 0.9989768764953892, 'epsilon': 1.3245193891175586e-07, 'hidden_layer_sizes': 178, 'learning_rate_init': 0.01428004936450199, 'tol': 0.0009584598700629636, 'validation_fraction': 0.18400140807134308}
observation time 0.000002, current best -0.914286 at iter 4
suggestion time taken 20.730262 iter 5 next_points [{'alpha': 0.00046918589281151, 'batch_size': 14, 'beta_1': 0.9886885752272653, 'beta_2': 0.999998087810941, 'epsilon': 5.277648429879395e-09, 'hidden_layer_sizes': 61, 'learning_rate_init': 0.019565270882278038, 'tol': 0.002352281725667849, 'validation_fraction': 0.20025777644659648}]
function_evaluation time 0.648118 value -0.912088 suggestion {'alpha': 0.00046918589281151, 'batch_size': 14, 'beta_1': 0.9886885752272653, 'beta_2': 0.999998087810941, 'epsilon': 5.277648429879395e-09, 'hidden_layer_sizes': 61, 'learning_rate_init': 0.019565270882278038, 'tol': 0.002352281725667849, 'validation_fraction': 0.20025777644659648}
observation time 0.000001, current best -0.914286 at iter 5
suggestion time taken 20.731776 iter 6 next_points [{'alpha': 0.22155585357880844, 'batch_size': 15, 'beta_1': 0.9442095380754206, 'beta_2': 0.9996074913231455, 'epsilon': 1.623702101212742e-07, 'hidden_layer_sizes': 63, 'learning_rate_init': 0.00010439085276819491, 'tol': 0.0027699231507551, 'validation_fraction': 0.35912338005262157}]
function_evaluation time 0.962312 value -0.883516 suggestion {'alpha': 0.22155585357880844, 'batch_size': 15, 'beta_1': 0.9442095380754206, 'beta_2': 0.9996074913231455, 'epsilon': 1.623702101212742e-07, 'hidden_layer_sizes': 63, 'learning_rate_init': 0.00010439085276819491, 'tol': 0.0027699231507551, 'validation_fraction': 0.35912338005262157}
observation time 0.000002, current best -0.914286 at iter 6
suggestion time taken 21.029267 iter 7 next_points [{'alpha': 0.08687973179578583, 'batch_size': 12, 'beta_1': 0.880757918287056, 'beta_2': 0.9999913672850529, 'epsilon': 1.367199894233172e-07, 'hidden_layer_sizes': 74, 'learning_rate_init': 0.0037354053785410004, 'tol': 0.00033419433142345547, 'validation_fraction': 0.23058964410787275}]
function_evaluation time 0.619493 value -0.912088 suggestion {'alpha': 0.08687973179578583, 'batch_size': 12, 'beta_1': 0.880757918287056, 'beta_2': 0.9999913672850529, 'epsilon': 1.367199894233172e-07, 'hidden_layer_sizes': 74, 'learning_rate_init': 0.0037354053785410004, 'tol': 0.00033419433142345547, 'validation_fraction': 0.23058964410787275}
observation time 0.000001, current best -0.914286 at iter 7
suggestion time taken 20.295382 iter 8 next_points [{'alpha': 0.0035188306679708624, 'batch_size': 18, 'beta_1': 0.8761041626397147, 'beta_2': 0.9530395241366149, 'epsilon': 3.8243681857401e-08, 'hidden_layer_sizes': 56, 'learning_rate_init': 2.0625855087621522e-05, 'tol': 0.07257574951154099, 'validation_fraction': 0.4985832585048905}]
function_evaluation time 0.289262 value -0.472527 suggestion {'alpha': 0.0035188306679708624, 'batch_size': 18, 'beta_1': 0.8761041626397147, 'beta_2': 0.9530395241366149, 'epsilon': 3.8243681857401e-08, 'hidden_layer_sizes': 56, 'learning_rate_init': 2.0625855087621522e-05, 'tol': 0.07257574951154099, 'validation_fraction': 0.4985832585048905}
observation time 0.000001, current best -0.914286 at iter 8
suggestion time taken 20.048552 iter 9 next_points [{'alpha': 7.41114125656649e-05, 'batch_size': 15, 'beta_1': 0.5664184101583327, 'beta_2': 0.9392148122140294, 'epsilon': 1.0829625503613578e-08, 'hidden_layer_sizes': 122, 'learning_rate_init': 0.012354301967536988, 'tol': 1.3963937727946788e-05, 'validation_fraction': 0.8204291106690123}]
function_evaluation time 0.298403 value -0.905495 suggestion {'alpha': 7.41114125656649e-05, 'batch_size': 15, 'beta_1': 0.5664184101583327, 'beta_2': 0.9392148122140294, 'epsilon': 1.0829625503613578e-08, 'hidden_layer_sizes': 122, 'learning_rate_init': 0.012354301967536988, 'tol': 1.3963937727946788e-05, 'validation_fraction': 0.8204291106690123}
observation time 0.000002, current best -0.914286 at iter 9
suggestion time taken 20.653516 iter 10 next_points [{'alpha': 2.798122169256022, 'batch_size': 16, 'beta_1': 0.8236506153696975, 'beta_2': 0.9999970301202975, 'epsilon': 9.370193372619996e-08, 'hidden_layer_sizes': 180, 'learning_rate_init': 0.0011918182784130163, 'tol': 0.06144005717532111, 'validation_fraction': 0.7144748594610375}]
function_evaluation time 0.296208 value -0.905495 suggestion {'alpha': 2.798122169256022, 'batch_size': 16, 'beta_1': 0.8236506153696975, 'beta_2': 0.9999970301202975, 'epsilon': 9.370193372619996e-08, 'hidden_layer_sizes': 180, 'learning_rate_init': 0.0011918182784130163, 'tol': 0.06144005717532111, 'validation_fraction': 0.7144748594610375}
observation time 0.000002, current best -0.914286 at iter 10
suggestion time taken 19.710223 iter 11 next_points [{'alpha': 0.0022213200713614334, 'batch_size': 21, 'beta_1': 0.6401075526414445, 'beta_2': 0.9169625780176478, 'epsilon': 1.1152764468114823e-07, 'hidden_layer_sizes': 59, 'learning_rate_init': 0.0001531240697587889, 'tol': 0.048966429347964455, 'validation_fraction': 0.870351573598222}]
function_evaluation time 0.141024 value -0.674725 suggestion {'alpha': 0.0022213200713614334, 'batch_size': 21, 'beta_1': 0.6401075526414445, 'beta_2': 0.9169625780176478, 'epsilon': 1.1152764468114823e-07, 'hidden_layer_sizes': 59, 'learning_rate_init': 0.0001531240697587889, 'tol': 0.048966429347964455, 'validation_fraction': 0.870351573598222}
observation time 0.000001, current best -0.914286 at iter 11
suggestion time taken 20.448625 iter 12 next_points [{'alpha': 0.21053848960926166, 'batch_size': 69, 'beta_1': 0.896266483098127, 'beta_2': 0.997098711674966, 'epsilon': 5.2446804719968704e-08, 'hidden_layer_sizes': 58, 'learning_rate_init': 0.011160629048414797, 'tol': 0.0008715241846507771, 'validation_fraction': 0.4285568136848981}]
function_evaluation time 0.293448 value -0.907692 suggestion {'alpha': 0.21053848960926166, 'batch_size': 69, 'beta_1': 0.896266483098127, 'beta_2': 0.997098711674966, 'epsilon': 5.2446804719968704e-08, 'hidden_layer_sizes': 58, 'learning_rate_init': 0.011160629048414797, 'tol': 0.0008715241846507771, 'validation_fraction': 0.4285568136848981}
observation time 0.000005, current best -0.914286 at iter 12
suggestion time taken 19.996881 iter 13 next_points [{'alpha': 0.4152275342710148, 'batch_size': 22, 'beta_1': 0.7920770358837379, 'beta_2': 0.9998994923775292, 'epsilon': 1.0097783838301607e-07, 'hidden_layer_sizes': 64, 'learning_rate_init': 1.436373704946154e-05, 'tol': 0.003162019089715306, 'validation_fraction': 0.3205250630974146}]
function_evaluation time 0.333256 value -0.560440 suggestion {'alpha': 0.4152275342710148, 'batch_size': 22, 'beta_1': 0.7920770358837379, 'beta_2': 0.9998994923775292, 'epsilon': 1.0097783838301607e-07, 'hidden_layer_sizes': 64, 'learning_rate_init': 1.436373704946154e-05, 'tol': 0.003162019089715306, 'validation_fraction': 0.3205250630974146}
observation time 0.000001, current best -0.914286 at iter 13
suggestion time taken 19.994126 iter 14 next_points [{'alpha': 0.2620644533520223, 'batch_size': 22, 'beta_1': 0.96087483753142, 'beta_2': 0.9797302994086962, 'epsilon': 1.2129932457016958e-07, 'hidden_layer_sizes': 160, 'learning_rate_init': 0.0005231680415985379, 'tol': 0.0012685144090739497, 'validation_fraction': 0.6008472893498276}]
function_evaluation time 0.647248 value -0.914286 suggestion {'alpha': 0.2620644533520223, 'batch_size': 22, 'beta_1': 0.96087483753142, 'beta_2': 0.9797302994086962, 'epsilon': 1.2129932457016958e-07, 'hidden_layer_sizes': 160, 'learning_rate_init': 0.0005231680415985379, 'tol': 0.0012685144090739497, 'validation_fraction': 0.6008472893498276}
observation time 0.000002, current best -0.914286 at iter 14
saving meta data: {'args': {'--uuid': '681313f0e57d5d1a987f5e35bc3c2f94', '-db-root': '/home/ryedida/smoothness-hpo/bbo_challenge_starter_kit/output', '--opt-root': '/home/ryedida/smoothness-hpo/bbo_challenge_starter_kit/example_submissions', '--data-root': None, '--db': 'run_20240113_043333', '--opt': 'stcvx', '--data': 'breast', '--classifier': 'MLP-adam', '--metric': 'acc', '--calls': 15, '--suggestions': 1, '--jobs-file': None, '--verbose': False, 'dry_run': False, 'rev': 'a376313', 'opt_rev': 'x.x.x'}, 'signature': ([{'alpha': 0.019628224813442792, 'batch_size': 182, 'beta_1': 0.9410202200271762, 'beta_2': 0.9998021557676793, 'epsilon': 1.8662266976518e-08, 'hidden_layer_sizes': 147, 'learning_rate_init': 0.0005627932047415167, 'tol': 0.03690557729213761, 'validation_fraction': 0.8846827852548593}, {'alpha': 0.001998246739232944, 'batch_size': 200, 'beta_1': 0.919111482530466, 'beta_2': 0.9998488260436156, 'epsilon': 5.981221901152555e-07, 'hidden_layer_sizes': 61, 'learning_rate_init': 2.2310905607443014e-05, 'tol': 1.2046852412030316e-05, 'validation_fraction': 0.8117896445826539}, {'alpha': 0.46659545670218433, 'batch_size': 219, 'beta_1': 0.9889789783750891, 'beta_2': 0.9999896868093284, 'epsilon': 2.4234724484675948e-08, 'hidden_layer_sizes': 167, 'learning_rate_init': 2.972334644335654e-05, 'tol': 0.0036281404040243792, 'validation_fraction': 0.17260651658522078}, {'alpha': 4.656005689076002, 'batch_size': 135, 'beta_1': 0.870503881627747, 'beta_2': 0.9948873266941017, 'epsilon': 2.1023308743480125e-07, 'hidden_layer_sizes': 118, 'learning_rate_init': 0.001878173875716191, 'tol': 1.1889379831773006e-05, 'validation_fraction': 0.6264327093752792}, {'alpha': 0.04705159350400542, 'batch_size': 158, 'beta_1': 0.9870884262730957, 'beta_2': 0.9999596874382349, 'epsilon': 1.1981845126013875e-08, 'hidden_layer_sizes': 116, 'learning_rate_init': 0.006173405204074311, 'tol': 1.7414134181586194e-05, 'validation_fraction': 0.6754299026638921}], [-0.676923076923077, -0.567032967032967, -0.545054945054945, -0.7824175824175824, -0.843956043956044])}
saving results
saving timing
saving suggest log
done
