running: {'--uuid': '8e49ca8682495356b6378a49340a6242', '-db-root': '/home/ryedida/smoothness-hpo/bbo_challenge_starter_kit/output', '--opt-root': '/home/ryedida/smoothness-hpo/bbo_challenge_starter_kit/example_submissions', '--data-root': None, '--db': 'run_20240113_043333', '--opt': 'stcvx', '--data': 'breast', '--classifier': 'MLP-adam', '--metric': 'nll', '--calls': 15, '--suggestions': 1, '--jobs-file': None, '--verbose': False, 'dry_run': False, 'rev': 'a376313', 'opt_rev': 'x.x.x'}
cmd: python stcvx/optimizer.py -c MLP-adam -d breast -o stcvx -u 8e49ca8682495356b6378a49340a6242 -m nll -n 15 -p 1 -dir /home/ryedida/smoothness-hpo/bbo_challenge_starter_kit/output -b run_20240113_043333
/home/ryedida/.local/lib/python3.8/site-packages/sklearn/neural_network/_multilayer_perceptron.py:603: UserWarning: Got `batch_size` less than 1 or larger than sample size. It is going to be clipped
  warnings.warn(

/home/ryedida/.local/lib/python3.8/site-packages/sklearn/neural_network/_multilayer_perceptron.py:603: UserWarning: Got `batch_size` less than 1 or larger than sample size. It is going to be clipped
  warnings.warn(

/home/ryedida/.local/lib/python3.8/site-packages/sklearn/neural_network/_multilayer_perceptron.py:603: UserWarning: Got `batch_size` less than 1 or larger than sample size. It is going to be clipped
  warnings.warn(

computed signature: ([{'alpha': 0.019628224813442792, 'batch_size': 182, 'beta_1': 0.9410202200271762, 'beta_2': 0.9998021557676793, 'epsilon': 1.8662266976518e-08, 'hidden_layer_sizes': 147, 'learning_rate_init': 0.0005627932047415167, 'tol': 0.03690557729213761, 'validation_fraction': 0.8846827852548593}, {'alpha': 0.001998246739232944, 'batch_size': 200, 'beta_1': 0.919111482530466, 'beta_2': 0.9998488260436156, 'epsilon': 5.981221901152555e-07, 'hidden_layer_sizes': 61, 'learning_rate_init': 2.2310905607443014e-05, 'tol': 1.2046852412030316e-05, 'validation_fraction': 0.8117896445826539}, {'alpha': 0.46659545670218433, 'batch_size': 219, 'beta_1': 0.9889789783750891, 'beta_2': 0.9999896868093284, 'epsilon': 2.4234724484675948e-08, 'hidden_layer_sizes': 167, 'learning_rate_init': 2.972334644335654e-05, 'tol': 0.0036281404040243792, 'validation_fraction': 0.17260651658522078}, {'alpha': 4.656005689076002, 'batch_size': 135, 'beta_1': 0.870503881627747, 'beta_2': 0.9948873266941017, 'epsilon': 2.1023308743480125e-07, 'hidden_layer_sizes': 118, 'learning_rate_init': 0.001878173875716191, 'tol': 1.1889379831773006e-05, 'validation_fraction': 0.6264327093752792}, {'alpha': 0.04705159350400542, 'batch_size': 158, 'beta_1': 0.9870884262730957, 'beta_2': 0.9999596874382349, 'epsilon': 1.1981845126013875e-08, 'hidden_layer_sizes': 116, 'learning_rate_init': 0.006173405204074311, 'tol': 1.7414134181586194e-05, 'validation_fraction': 0.6754299026638921}], [8.104566516477803, 14.643876498263253, 12.332285721418042, 5.269783589486869, 3.4904310816393633])
/home/ryedida/.local/lib/python3.8/site-packages/bayesmark/experiment.py:469: UserWarning: Baselines not found. Will not log intermediate scores.
  warnings.warn("Baselines not found. Will not log intermediate scores.")

starting sklearn study stcvx MLP-adam breast nll 15 1
with data root: None
suggestion time taken 23.680730 iter 0 next_points [{'alpha': 0.0344591830497548, 'batch_size': 11, 'beta_1': 0.8122527995822683, 'beta_2': 0.9999963885104581, 'epsilon': 8.589029769205013e-09, 'hidden_layer_sizes': 117, 'learning_rate_init': 0.06870205813820142, 'tol': 0.0012151354897082397, 'validation_fraction': 0.5506146697394773}]
function_evaluation time 1.054289 value 0.227398 suggestion {'alpha': 0.0344591830497548, 'batch_size': 11, 'beta_1': 0.8122527995822683, 'beta_2': 0.9999963885104581, 'epsilon': 8.589029769205013e-09, 'hidden_layer_sizes': 117, 'learning_rate_init': 0.06870205813820142, 'tol': 0.0012151354897082397, 'validation_fraction': 0.5506146697394773}
observation time 0.000002, current best 0.227398 at iter 0
suggestion time taken 23.078371 iter 1 next_points [{'alpha': 0.01056284145457752, 'batch_size': 12, 'beta_1': 0.6021084783210598, 'beta_2': 0.9999834791351512, 'epsilon': 3.053360311892301e-08, 'hidden_layer_sizes': 170, 'learning_rate_init': 0.00016422319943651848, 'tol': 0.0094891487617301, 'validation_fraction': 0.5027565116611832}]
function_evaluation time 1.049716 value 0.230416 suggestion {'alpha': 0.01056284145457752, 'batch_size': 12, 'beta_1': 0.6021084783210598, 'beta_2': 0.9999834791351512, 'epsilon': 3.053360311892301e-08, 'hidden_layer_sizes': 170, 'learning_rate_init': 0.00016422319943651848, 'tol': 0.0094891487617301, 'validation_fraction': 0.5027565116611832}
observation time 0.000005, current best 0.227398 at iter 1
suggestion time taken 22.093251 iter 2 next_points [{'alpha': 1.3236650703790958, 'batch_size': 160, 'beta_1': 0.9246307678987512, 'beta_2': 0.9999977439754899, 'epsilon': 5.331492595141196e-09, 'hidden_layer_sizes': 50, 'learning_rate_init': 0.007857106529072419, 'tol': 8.866453929696786e-05, 'validation_fraction': 0.6280706927463701}]
function_evaluation time 0.204915 value 5.677307 suggestion {'alpha': 1.3236650703790958, 'batch_size': 160, 'beta_1': 0.9246307678987512, 'beta_2': 0.9999977439754899, 'epsilon': 5.331492595141196e-09, 'hidden_layer_sizes': 50, 'learning_rate_init': 0.007857106529072419, 'tol': 8.866453929696786e-05, 'validation_fraction': 0.6280706927463701}
observation time 0.000003, current best 0.227398 at iter 2
suggestion time taken 22.141674 iter 3 next_points [{'alpha': 0.007077273533110007, 'batch_size': 18, 'beta_1': 0.9860822649717245, 'beta_2': 0.9986424540290075, 'epsilon': 2.8759854533090565e-09, 'hidden_layer_sizes': 133, 'learning_rate_init': 0.0026442937903237602, 'tol': 0.00039094216828655643, 'validation_fraction': 0.3872416957942729}]
function_evaluation time 0.618624 value 0.993921 suggestion {'alpha': 0.007077273533110007, 'batch_size': 18, 'beta_1': 0.9860822649717245, 'beta_2': 0.9986424540290075, 'epsilon': 2.8759854533090565e-09, 'hidden_layer_sizes': 133, 'learning_rate_init': 0.0026442937903237602, 'tol': 0.00039094216828655643, 'validation_fraction': 0.3872416957942729}
observation time 0.000004, current best 0.227398 at iter 3
suggestion time taken 21.387595 iter 4 next_points [{'alpha': 4.1884791301784894e-05, 'batch_size': 11, 'beta_1': 0.7463667298768448, 'beta_2': 0.9944476070398591, 'epsilon': 4.651223805756522e-07, 'hidden_layer_sizes': 166, 'learning_rate_init': 0.02589884137246892, 'tol': 5.468193275598337e-05, 'validation_fraction': 0.346510350434716}]
function_evaluation time 0.942714 value 0.476915 suggestion {'alpha': 4.1884791301784894e-05, 'batch_size': 11, 'beta_1': 0.7463667298768448, 'beta_2': 0.9944476070398591, 'epsilon': 4.651223805756522e-07, 'hidden_layer_sizes': 166, 'learning_rate_init': 0.02589884137246892, 'tol': 5.468193275598337e-05, 'validation_fraction': 0.346510350434716}
observation time 0.000002, current best 0.227398 at iter 4
suggestion time taken 20.496443 iter 5 next_points [{'alpha': 0.03196056537067611, 'batch_size': 16, 'beta_1': 0.7414979957007711, 'beta_2': 0.9982176994339315, 'epsilon': 3.199817046315192e-08, 'hidden_layer_sizes': 130, 'learning_rate_init': 0.02110259649178702, 'tol': 0.0003962767976836654, 'validation_fraction': 0.12015189851407078}]
function_evaluation time 0.711841 value 0.837865 suggestion {'alpha': 0.03196056537067611, 'batch_size': 16, 'beta_1': 0.7414979957007711, 'beta_2': 0.9982176994339315, 'epsilon': 3.199817046315192e-08, 'hidden_layer_sizes': 130, 'learning_rate_init': 0.02110259649178702, 'tol': 0.0003962767976836654, 'validation_fraction': 0.12015189851407078}
observation time 0.000007, current best 0.227398 at iter 5
suggestion time taken 20.770376 iter 6 next_points [{'alpha': 2.7901924901484847e-05, 'batch_size': 36, 'beta_1': 0.6385004711493347, 'beta_2': 0.9999942097233104, 'epsilon': 4.6794936504734876e-09, 'hidden_layer_sizes': 118, 'learning_rate_init': 0.00010655901791938467, 'tol': 4.511983223575291e-05, 'validation_fraction': 0.814498965116858}]
function_evaluation time 0.302640 value 2.963119 suggestion {'alpha': 2.7901924901484847e-05, 'batch_size': 36, 'beta_1': 0.6385004711493347, 'beta_2': 0.9999942097233104, 'epsilon': 4.6794936504734876e-09, 'hidden_layer_sizes': 118, 'learning_rate_init': 0.00010655901791938467, 'tol': 4.511983223575291e-05, 'validation_fraction': 0.814498965116858}
observation time 0.000002, current best 0.227398 at iter 6
suggestion time taken 20.624662 iter 7 next_points [{'alpha': 1.8976688603947762, 'batch_size': 40, 'beta_1': 0.5050337770266828, 'beta_2': 0.999997318789891, 'epsilon': 9.203868486930302e-07, 'hidden_layer_sizes': 72, 'learning_rate_init': 0.00021045841996829908, 'tol': 0.0020130237734735834, 'validation_fraction': 0.8497267087084706}]
function_evaluation time 0.175937 value 12.533478 suggestion {'alpha': 1.8976688603947762, 'batch_size': 40, 'beta_1': 0.5050337770266828, 'beta_2': 0.999997318789891, 'epsilon': 9.203868486930302e-07, 'hidden_layer_sizes': 72, 'learning_rate_init': 0.00021045841996829908, 'tol': 0.0020130237734735834, 'validation_fraction': 0.8497267087084706}
observation time 0.000002, current best 0.227398 at iter 7
suggestion time taken 20.479801 iter 8 next_points [{'alpha': 0.015228510708980287, 'batch_size': 12, 'beta_1': 0.7790986692683165, 'beta_2': 0.991526279696914, 'epsilon': 4.324509981656072e-09, 'hidden_layer_sizes': 157, 'learning_rate_init': 0.00011620986183481095, 'tol': 0.0831869111469805, 'validation_fraction': 0.58428170356374}]
function_evaluation time 0.423572 value 2.912722 suggestion {'alpha': 0.015228510708980287, 'batch_size': 12, 'beta_1': 0.7790986692683165, 'beta_2': 0.991526279696914, 'epsilon': 4.324509981656072e-09, 'hidden_layer_sizes': 157, 'learning_rate_init': 0.00011620986183481095, 'tol': 0.0831869111469805, 'validation_fraction': 0.58428170356374}
observation time 0.000011, current best 0.227398 at iter 8
suggestion time taken 20.787727 iter 9 next_points [{'alpha': 0.018086396402331752, 'batch_size': 26, 'beta_1': 0.9575631426580747, 'beta_2': 0.9994140305100914, 'epsilon': 1.122527271371538e-07, 'hidden_layer_sizes': 191, 'learning_rate_init': 0.00010397115014965475, 'tol': 3.019669284758655e-05, 'validation_fraction': 0.14449170304287234}]
function_evaluation time 0.835385 value 2.823415 suggestion {'alpha': 0.018086396402331752, 'batch_size': 26, 'beta_1': 0.9575631426580747, 'beta_2': 0.9994140305100914, 'epsilon': 1.122527271371538e-07, 'hidden_layer_sizes': 191, 'learning_rate_init': 0.00010397115014965475, 'tol': 3.019669284758655e-05, 'validation_fraction': 0.14449170304287234}
observation time 0.000001, current best 0.227398 at iter 9
suggestion time taken 19.910491 iter 10 next_points [{'alpha': 0.2955050875239256, 'batch_size': 21, 'beta_1': 0.9888689145708408, 'beta_2': 0.9998695672376012, 'epsilon': 4.680244602377959e-09, 'hidden_layer_sizes': 198, 'learning_rate_init': 0.0010146446183028318, 'tol': 0.005058491369993576, 'validation_fraction': 0.10278905501022241}]
function_evaluation time 0.873693 value 0.547003 suggestion {'alpha': 0.2955050875239256, 'batch_size': 21, 'beta_1': 0.9888689145708408, 'beta_2': 0.9998695672376012, 'epsilon': 4.680244602377959e-09, 'hidden_layer_sizes': 198, 'learning_rate_init': 0.0010146446183028318, 'tol': 0.005058491369993576, 'validation_fraction': 0.10278905501022241}
observation time 0.000011, current best 0.227398 at iter 10
suggestion time taken 20.280862 iter 11 next_points [{'alpha': 0.010172181129696452, 'batch_size': 25, 'beta_1': 0.9424156480156387, 'beta_2': 0.9958445434243647, 'epsilon': 2.9300114310256854e-08, 'hidden_layer_sizes': 115, 'learning_rate_init': 0.04592464100698119, 'tol': 3.588279631916564e-05, 'validation_fraction': 0.5090537727861949}]
function_evaluation time 0.567084 value 0.304610 suggestion {'alpha': 0.010172181129696452, 'batch_size': 25, 'beta_1': 0.9424156480156387, 'beta_2': 0.9958445434243647, 'epsilon': 2.9300114310256854e-08, 'hidden_layer_sizes': 115, 'learning_rate_init': 0.04592464100698119, 'tol': 3.588279631916564e-05, 'validation_fraction': 0.5090537727861949}
observation time 0.000002, current best 0.227398 at iter 11
suggestion time taken 20.377601 iter 12 next_points [{'alpha': 1.6067861362938867, 'batch_size': 15, 'beta_1': 0.985640786325574, 'beta_2': 0.928783872597495, 'epsilon': 3.80696911150156e-09, 'hidden_layer_sizes': 182, 'learning_rate_init': 0.004701493140352425, 'tol': 0.000524427161118369, 'validation_fraction': 0.7730402732506528}]
function_evaluation time 0.356178 value 1.120301 suggestion {'alpha': 1.6067861362938867, 'batch_size': 15, 'beta_1': 0.985640786325574, 'beta_2': 0.928783872597495, 'epsilon': 3.80696911150156e-09, 'hidden_layer_sizes': 182, 'learning_rate_init': 0.004701493140352425, 'tol': 0.000524427161118369, 'validation_fraction': 0.7730402732506528}
observation time 0.000002, current best 0.227398 at iter 12
suggestion time taken 19.689306 iter 13 next_points [{'alpha': 0.03459993443120579, 'batch_size': 21, 'beta_1': 0.9877551844766747, 'beta_2': 0.9997647222745972, 'epsilon': 8.749000871987462e-09, 'hidden_layer_sizes': 91, 'learning_rate_init': 1.032350620376554e-05, 'tol': 0.00031709885042029644, 'validation_fraction': 0.2992105888872212}]
function_evaluation time 0.804995 value 10.642827 suggestion {'alpha': 0.03459993443120579, 'batch_size': 21, 'beta_1': 0.9877551844766747, 'beta_2': 0.9997647222745972, 'epsilon': 8.749000871987462e-09, 'hidden_layer_sizes': 91, 'learning_rate_init': 1.032350620376554e-05, 'tol': 0.00031709885042029644, 'validation_fraction': 0.2992105888872212}
observation time 0.000002, current best 0.227398 at iter 13
suggestion time taken 20.114849 iter 14 next_points [{'alpha': 0.008124446454002033, 'batch_size': 16, 'beta_1': 0.5344387128250729, 'beta_2': 0.999996878129992, 'epsilon': 1.6117068583297092e-09, 'hidden_layer_sizes': 140, 'learning_rate_init': 0.07041787005408036, 'tol': 4.894970358282432e-05, 'validation_fraction': 0.5983292780137849}]
function_evaluation time 0.528346 value 0.283641 suggestion {'alpha': 0.008124446454002033, 'batch_size': 16, 'beta_1': 0.5344387128250729, 'beta_2': 0.999996878129992, 'epsilon': 1.6117068583297092e-09, 'hidden_layer_sizes': 140, 'learning_rate_init': 0.07041787005408036, 'tol': 4.894970358282432e-05, 'validation_fraction': 0.5983292780137849}
observation time 0.000002, current best 0.227398 at iter 14
saving meta data: {'args': {'--uuid': '8e49ca8682495356b6378a49340a6242', '-db-root': '/home/ryedida/smoothness-hpo/bbo_challenge_starter_kit/output', '--opt-root': '/home/ryedida/smoothness-hpo/bbo_challenge_starter_kit/example_submissions', '--data-root': None, '--db': 'run_20240113_043333', '--opt': 'stcvx', '--data': 'breast', '--classifier': 'MLP-adam', '--metric': 'nll', '--calls': 15, '--suggestions': 1, '--jobs-file': None, '--verbose': False, 'dry_run': False, 'rev': 'a376313', 'opt_rev': 'x.x.x'}, 'signature': ([{'alpha': 0.019628224813442792, 'batch_size': 182, 'beta_1': 0.9410202200271762, 'beta_2': 0.9998021557676793, 'epsilon': 1.8662266976518e-08, 'hidden_layer_sizes': 147, 'learning_rate_init': 0.0005627932047415167, 'tol': 0.03690557729213761, 'validation_fraction': 0.8846827852548593}, {'alpha': 0.001998246739232944, 'batch_size': 200, 'beta_1': 0.919111482530466, 'beta_2': 0.9998488260436156, 'epsilon': 5.981221901152555e-07, 'hidden_layer_sizes': 61, 'learning_rate_init': 2.2310905607443014e-05, 'tol': 1.2046852412030316e-05, 'validation_fraction': 0.8117896445826539}, {'alpha': 0.46659545670218433, 'batch_size': 219, 'beta_1': 0.9889789783750891, 'beta_2': 0.9999896868093284, 'epsilon': 2.4234724484675948e-08, 'hidden_layer_sizes': 167, 'learning_rate_init': 2.972334644335654e-05, 'tol': 0.0036281404040243792, 'validation_fraction': 0.17260651658522078}, {'alpha': 4.656005689076002, 'batch_size': 135, 'beta_1': 0.870503881627747, 'beta_2': 0.9948873266941017, 'epsilon': 2.1023308743480125e-07, 'hidden_layer_sizes': 118, 'learning_rate_init': 0.001878173875716191, 'tol': 1.1889379831773006e-05, 'validation_fraction': 0.6264327093752792}, {'alpha': 0.04705159350400542, 'batch_size': 158, 'beta_1': 0.9870884262730957, 'beta_2': 0.9999596874382349, 'epsilon': 1.1981845126013875e-08, 'hidden_layer_sizes': 116, 'learning_rate_init': 0.006173405204074311, 'tol': 1.7414134181586194e-05, 'validation_fraction': 0.6754299026638921}], [8.104566516477803, 14.643876498263253, 12.332285721418042, 5.269783589486869, 3.4904310816393633])}
saving results
saving timing
saving suggest log
done
