running: {'--uuid': 'a4df91ee1e755a2ea7b4f9dd36384eca', '-db-root': '/home/ryedida/smoothness-hpo/bbo_challenge_starter_kit/output', '--opt-root': '/home/ryedida/smoothness-hpo/bbo_challenge_starter_kit/example_submissions', '--data-root': None, '--db': 'run_20240113_043333', '--opt': 'stcvx', '--data': 'breast', '--classifier': 'MLP-adam', '--metric': 'acc', '--calls': 15, '--suggestions': 1, '--jobs-file': None, '--verbose': False, 'dry_run': False, 'rev': 'a376313', 'opt_rev': 'x.x.x'}
cmd: python stcvx/optimizer.py -c MLP-adam -d breast -o stcvx -u a4df91ee1e755a2ea7b4f9dd36384eca -m acc -n 15 -p 1 -dir /home/ryedida/smoothness-hpo/bbo_challenge_starter_kit/output -b run_20240113_043333
/home/ryedida/.local/lib/python3.8/site-packages/sklearn/neural_network/_multilayer_perceptron.py:603: UserWarning: Got `batch_size` less than 1 or larger than sample size. It is going to be clipped
  warnings.warn(

/home/ryedida/.local/lib/python3.8/site-packages/sklearn/neural_network/_multilayer_perceptron.py:603: UserWarning: Got `batch_size` less than 1 or larger than sample size. It is going to be clipped
  warnings.warn(

/home/ryedida/.local/lib/python3.8/site-packages/sklearn/neural_network/_multilayer_perceptron.py:603: UserWarning: Got `batch_size` less than 1 or larger than sample size. It is going to be clipped
  warnings.warn(

computed signature: ([{'alpha': 0.019628224813442792, 'batch_size': 182, 'beta_1': 0.9410202200271762, 'beta_2': 0.9998021557676793, 'epsilon': 1.8662266976518e-08, 'hidden_layer_sizes': 147, 'learning_rate_init': 0.0005627932047415167, 'tol': 0.03690557729213761, 'validation_fraction': 0.8846827852548593}, {'alpha': 0.001998246739232944, 'batch_size': 200, 'beta_1': 0.919111482530466, 'beta_2': 0.9998488260436156, 'epsilon': 5.981221901152555e-07, 'hidden_layer_sizes': 61, 'learning_rate_init': 2.2310905607443014e-05, 'tol': 1.2046852412030316e-05, 'validation_fraction': 0.8117896445826539}, {'alpha': 0.46659545670218433, 'batch_size': 219, 'beta_1': 0.9889789783750891, 'beta_2': 0.9999896868093284, 'epsilon': 2.4234724484675948e-08, 'hidden_layer_sizes': 167, 'learning_rate_init': 2.972334644335654e-05, 'tol': 0.0036281404040243792, 'validation_fraction': 0.17260651658522078}, {'alpha': 4.656005689076002, 'batch_size': 135, 'beta_1': 0.870503881627747, 'beta_2': 0.9948873266941017, 'epsilon': 2.1023308743480125e-07, 'hidden_layer_sizes': 118, 'learning_rate_init': 0.001878173875716191, 'tol': 1.1889379831773006e-05, 'validation_fraction': 0.6264327093752792}, {'alpha': 0.04705159350400542, 'batch_size': 158, 'beta_1': 0.9870884262730957, 'beta_2': 0.9999596874382349, 'epsilon': 1.1981845126013875e-08, 'hidden_layer_sizes': 116, 'learning_rate_init': 0.006173405204074311, 'tol': 1.7414134181586194e-05, 'validation_fraction': 0.6754299026638921}], [-0.676923076923077, -0.567032967032967, -0.545054945054945, -0.7824175824175824, -0.843956043956044])
/home/ryedida/.local/lib/python3.8/site-packages/bayesmark/experiment.py:469: UserWarning: Baselines not found. Will not log intermediate scores.
  warnings.warn("Baselines not found. Will not log intermediate scores.")

starting sklearn study stcvx MLP-adam breast acc 15 1
with data root: None
suggestion time taken 25.248888 iter 0 next_points [{'alpha': 1.2166972513945757e-05, 'batch_size': 11, 'beta_1': 0.9362795344027337, 'beta_2': 0.9966861459537336, 'epsilon': 1.0117294303007066e-08, 'hidden_layer_sizes': 62, 'learning_rate_init': 0.0019278090613499403, 'tol': 0.00018094994132505934, 'validation_fraction': 0.11964328953052124}]
function_evaluation time 0.824217 value -0.894505 suggestion {'alpha': 1.2166972513945757e-05, 'batch_size': 11, 'beta_1': 0.9362795344027337, 'beta_2': 0.9966861459537336, 'epsilon': 1.0117294303007066e-08, 'hidden_layer_sizes': 62, 'learning_rate_init': 0.0019278090613499403, 'tol': 0.00018094994132505934, 'validation_fraction': 0.11964328953052124}
observation time 0.000002, current best -0.894505 at iter 0
suggestion time taken 24.253070 iter 1 next_points [{'alpha': 1.0749636352649166, 'batch_size': 16, 'beta_1': 0.6845741087879713, 'beta_2': 0.9860852653988251, 'epsilon': 4.128893039740383e-09, 'hidden_layer_sizes': 56, 'learning_rate_init': 0.047817296456774204, 'tol': 1.4938508246065173e-05, 'validation_fraction': 0.40392041015090874}]
function_evaluation time 0.566992 value -0.901099 suggestion {'alpha': 1.0749636352649166, 'batch_size': 16, 'beta_1': 0.6845741087879713, 'beta_2': 0.9860852653988251, 'epsilon': 4.128893039740383e-09, 'hidden_layer_sizes': 56, 'learning_rate_init': 0.047817296456774204, 'tol': 1.4938508246065173e-05, 'validation_fraction': 0.40392041015090874}
observation time 0.000002, current best -0.901099 at iter 1
suggestion time taken 22.978923 iter 2 next_points [{'alpha': 2.033440784918179e-05, 'batch_size': 29, 'beta_1': 0.9616853305692705, 'beta_2': 0.9998272823846921, 'epsilon': 6.334129611087098e-09, 'hidden_layer_sizes': 132, 'learning_rate_init': 0.0011548644803002133, 'tol': 0.000395870335443467, 'validation_fraction': 0.30975042948208986}]
function_evaluation time 0.560352 value -0.909890 suggestion {'alpha': 2.033440784918179e-05, 'batch_size': 29, 'beta_1': 0.9616853305692705, 'beta_2': 0.9998272823846921, 'epsilon': 6.334129611087098e-09, 'hidden_layer_sizes': 132, 'learning_rate_init': 0.0011548644803002133, 'tol': 0.000395870335443467, 'validation_fraction': 0.30975042948208986}
observation time 0.000002, current best -0.909890 at iter 2
suggestion time taken 21.267933 iter 3 next_points [{'alpha': 9.376834784796431, 'batch_size': 22, 'beta_1': 0.9565973448715017, 'beta_2': 0.9998853210028554, 'epsilon': 5.872593680196102e-09, 'hidden_layer_sizes': 70, 'learning_rate_init': 2.4413144428049305e-05, 'tol': 0.007796389004917505, 'validation_fraction': 0.42013719507960534}]
function_evaluation time 0.305807 value -0.512088 suggestion {'alpha': 9.376834784796431, 'batch_size': 22, 'beta_1': 0.9565973448715017, 'beta_2': 0.9998853210028554, 'epsilon': 5.872593680196102e-09, 'hidden_layer_sizes': 70, 'learning_rate_init': 2.4413144428049305e-05, 'tol': 0.007796389004917505, 'validation_fraction': 0.42013719507960534}
observation time 0.000001, current best -0.909890 at iter 3
suggestion time taken 21.133156 iter 4 next_points [{'alpha': 0.00123704533705803, 'batch_size': 28, 'beta_1': 0.9898493686266204, 'beta_2': 0.997928956823548, 'epsilon': 7.71582953757853e-08, 'hidden_layer_sizes': 143, 'learning_rate_init': 0.00010420229605461693, 'tol': 3.5526226928327656e-05, 'validation_fraction': 0.12740379497147333}]
function_evaluation time 0.711988 value -0.841758 suggestion {'alpha': 0.00123704533705803, 'batch_size': 28, 'beta_1': 0.9898493686266204, 'beta_2': 0.997928956823548, 'epsilon': 7.71582953757853e-08, 'hidden_layer_sizes': 143, 'learning_rate_init': 0.00010420229605461693, 'tol': 3.5526226928327656e-05, 'validation_fraction': 0.12740379497147333}
observation time 0.000004, current best -0.909890 at iter 4
suggestion time taken 20.733782 iter 5 next_points [{'alpha': 0.32275078287069914, 'batch_size': 23, 'beta_1': 0.7028602948098355, 'beta_2': 0.9998867597388705, 'epsilon': 8.748473195875519e-07, 'hidden_layer_sizes': 171, 'learning_rate_init': 1.8610937894364186e-05, 'tol': 0.003947387880327556, 'validation_fraction': 0.6608250476431498}]
function_evaluation time 0.356695 value -0.547253 suggestion {'alpha': 0.32275078287069914, 'batch_size': 23, 'beta_1': 0.7028602948098355, 'beta_2': 0.9998867597388705, 'epsilon': 8.748473195875519e-07, 'hidden_layer_sizes': 171, 'learning_rate_init': 1.8610937894364186e-05, 'tol': 0.003947387880327556, 'validation_fraction': 0.6608250476431498}
observation time 0.000001, current best -0.909890 at iter 5
suggestion time taken 21.236127 iter 6 next_points [{'alpha': 1.3098405394315888, 'batch_size': 11, 'beta_1': 0.5135472925864035, 'beta_2': 0.9893718599921149, 'epsilon': 1.3299507137078632e-09, 'hidden_layer_sizes': 103, 'learning_rate_init': 0.00014600195487184052, 'tol': 7.696566913498339e-05, 'validation_fraction': 0.5713917818181121}]
function_evaluation time 1.038934 value -0.852747 suggestion {'alpha': 1.3098405394315888, 'batch_size': 11, 'beta_1': 0.5135472925864035, 'beta_2': 0.9893718599921149, 'epsilon': 1.3299507137078632e-09, 'hidden_layer_sizes': 103, 'learning_rate_init': 0.00014600195487184052, 'tol': 7.696566913498339e-05, 'validation_fraction': 0.5713917818181121}
observation time 0.000002, current best -0.909890 at iter 6
suggestion time taken 20.376949 iter 7 next_points [{'alpha': 0.0012930386755092707, 'batch_size': 16, 'beta_1': 0.8924634091271049, 'beta_2': 0.9997825095068745, 'epsilon': 2.9050095054427115e-07, 'hidden_layer_sizes': 162, 'learning_rate_init': 0.0006502020514711146, 'tol': 0.008421152996212497, 'validation_fraction': 0.8301612181459165}]
function_evaluation time 0.343899 value -0.905495 suggestion {'alpha': 0.0012930386755092707, 'batch_size': 16, 'beta_1': 0.8924634091271049, 'beta_2': 0.9997825095068745, 'epsilon': 2.9050095054427115e-07, 'hidden_layer_sizes': 162, 'learning_rate_init': 0.0006502020514711146, 'tol': 0.008421152996212497, 'validation_fraction': 0.8301612181459165}
observation time 0.000002, current best -0.909890 at iter 7
suggestion time taken 20.555561 iter 8 next_points [{'alpha': 0.0011239027340359288, 'batch_size': 35, 'beta_1': 0.8169050478281781, 'beta_2': 0.9997211183687876, 'epsilon': 2.788230577625605e-07, 'hidden_layer_sizes': 166, 'learning_rate_init': 0.03812806695450647, 'tol': 0.007231607931494628, 'validation_fraction': 0.7471494429043443}]
function_evaluation time 0.284012 value -0.907692 suggestion {'alpha': 0.0011239027340359288, 'batch_size': 35, 'beta_1': 0.8169050478281781, 'beta_2': 0.9997211183687876, 'epsilon': 2.788230577625605e-07, 'hidden_layer_sizes': 166, 'learning_rate_init': 0.03812806695450647, 'tol': 0.007231607931494628, 'validation_fraction': 0.7471494429043443}
observation time 0.000007, current best -0.909890 at iter 8
suggestion time taken 20.413036 iter 9 next_points [{'alpha': 0.0005849152796291656, 'batch_size': 16, 'beta_1': 0.6518885183299902, 'beta_2': 0.9998305589555864, 'epsilon': 2.9325981510202435e-08, 'hidden_layer_sizes': 65, 'learning_rate_init': 0.003690112263582213, 'tol': 1.80020380379456e-05, 'validation_fraction': 0.7183024187315152}]
function_evaluation time 0.359988 value -0.905495 suggestion {'alpha': 0.0005849152796291656, 'batch_size': 16, 'beta_1': 0.6518885183299902, 'beta_2': 0.9998305589555864, 'epsilon': 2.9325981510202435e-08, 'hidden_layer_sizes': 65, 'learning_rate_init': 0.003690112263582213, 'tol': 1.80020380379456e-05, 'validation_fraction': 0.7183024187315152}
observation time 0.000007, current best -0.909890 at iter 9
suggestion time taken 20.435335 iter 10 next_points [{'alpha': 0.13911767491805388, 'batch_size': 13, 'beta_1': 0.724129150626099, 'beta_2': 0.9999975445201275, 'epsilon': 2.7452752987750803e-08, 'hidden_layer_sizes': 82, 'learning_rate_init': 4.547365695643657e-05, 'tol': 0.003653919759357178, 'validation_fraction': 0.697517799203084}]
function_evaluation time 0.821269 value -0.709890 suggestion {'alpha': 0.13911767491805388, 'batch_size': 13, 'beta_1': 0.724129150626099, 'beta_2': 0.9999975445201275, 'epsilon': 2.7452752987750803e-08, 'hidden_layer_sizes': 82, 'learning_rate_init': 4.547365695643657e-05, 'tol': 0.003653919759357178, 'validation_fraction': 0.697517799203084}
observation time 0.000001, current best -0.909890 at iter 10
suggestion time taken 20.395186 iter 11 next_points [{'alpha': 3.0098078712433134, 'batch_size': 20, 'beta_1': 0.6265946331831793, 'beta_2': 0.9999820854836684, 'epsilon': 1.0962246699450114e-09, 'hidden_layer_sizes': 100, 'learning_rate_init': 0.004778260249582131, 'tol': 0.0001029611148511414, 'validation_fraction': 0.8696098477824898}]
function_evaluation time 0.293459 value -0.898901 suggestion {'alpha': 3.0098078712433134, 'batch_size': 20, 'beta_1': 0.6265946331831793, 'beta_2': 0.9999820854836684, 'epsilon': 1.0962246699450114e-09, 'hidden_layer_sizes': 100, 'learning_rate_init': 0.004778260249582131, 'tol': 0.0001029611148511414, 'validation_fraction': 0.8696098477824898}
observation time 0.000002, current best -0.909890 at iter 11
suggestion time taken 19.993629 iter 12 next_points [{'alpha': 0.5752877130909121, 'batch_size': 42, 'beta_1': 0.9343503073969308, 'beta_2': 0.9977154284120969, 'epsilon': 8.732463382728976e-09, 'hidden_layer_sizes': 77, 'learning_rate_init': 1.3258358373438983e-05, 'tol': 0.046151963839843435, 'validation_fraction': 0.31947257335370643}]
function_evaluation time 0.208627 value -0.413187 suggestion {'alpha': 0.5752877130909121, 'batch_size': 42, 'beta_1': 0.9343503073969308, 'beta_2': 0.9977154284120969, 'epsilon': 8.732463382728976e-09, 'hidden_layer_sizes': 77, 'learning_rate_init': 1.3258358373438983e-05, 'tol': 0.046151963839843435, 'validation_fraction': 0.31947257335370643}
observation time 0.000002, current best -0.909890 at iter 12
suggestion time taken 20.026917 iter 13 next_points [{'alpha': 3.1144821088285033, 'batch_size': 11, 'beta_1': 0.9326677388686874, 'beta_2': 0.9110934897911309, 'epsilon': 1.3989747554452095e-07, 'hidden_layer_sizes': 189, 'learning_rate_init': 4.652416844990773e-05, 'tol': 1.5018213364315074e-05, 'validation_fraction': 0.6172631978963433}]
function_evaluation time 1.153567 value -0.857143 suggestion {'alpha': 3.1144821088285033, 'batch_size': 11, 'beta_1': 0.9326677388686874, 'beta_2': 0.9110934897911309, 'epsilon': 1.3989747554452095e-07, 'hidden_layer_sizes': 189, 'learning_rate_init': 4.652416844990773e-05, 'tol': 1.5018213364315074e-05, 'validation_fraction': 0.6172631978963433}
observation time 0.000002, current best -0.909890 at iter 13
suggestion time taken 20.147996 iter 14 next_points [{'alpha': 0.002200840648879242, 'batch_size': 22, 'beta_1': 0.9601422299875962, 'beta_2': 0.9999917370560655, 'epsilon': 1.825393470111373e-09, 'hidden_layer_sizes': 62, 'learning_rate_init': 3.400652941687554e-05, 'tol': 0.00014071971805140404, 'validation_fraction': 0.8204966597438346}]
function_evaluation time 0.227728 value -0.571429 suggestion {'alpha': 0.002200840648879242, 'batch_size': 22, 'beta_1': 0.9601422299875962, 'beta_2': 0.9999917370560655, 'epsilon': 1.825393470111373e-09, 'hidden_layer_sizes': 62, 'learning_rate_init': 3.400652941687554e-05, 'tol': 0.00014071971805140404, 'validation_fraction': 0.8204966597438346}
observation time 0.000002, current best -0.909890 at iter 14
saving meta data: {'args': {'--uuid': 'a4df91ee1e755a2ea7b4f9dd36384eca', '-db-root': '/home/ryedida/smoothness-hpo/bbo_challenge_starter_kit/output', '--opt-root': '/home/ryedida/smoothness-hpo/bbo_challenge_starter_kit/example_submissions', '--data-root': None, '--db': 'run_20240113_043333', '--opt': 'stcvx', '--data': 'breast', '--classifier': 'MLP-adam', '--metric': 'acc', '--calls': 15, '--suggestions': 1, '--jobs-file': None, '--verbose': False, 'dry_run': False, 'rev': 'a376313', 'opt_rev': 'x.x.x'}, 'signature': ([{'alpha': 0.019628224813442792, 'batch_size': 182, 'beta_1': 0.9410202200271762, 'beta_2': 0.9998021557676793, 'epsilon': 1.8662266976518e-08, 'hidden_layer_sizes': 147, 'learning_rate_init': 0.0005627932047415167, 'tol': 0.03690557729213761, 'validation_fraction': 0.8846827852548593}, {'alpha': 0.001998246739232944, 'batch_size': 200, 'beta_1': 0.919111482530466, 'beta_2': 0.9998488260436156, 'epsilon': 5.981221901152555e-07, 'hidden_layer_sizes': 61, 'learning_rate_init': 2.2310905607443014e-05, 'tol': 1.2046852412030316e-05, 'validation_fraction': 0.8117896445826539}, {'alpha': 0.46659545670218433, 'batch_size': 219, 'beta_1': 0.9889789783750891, 'beta_2': 0.9999896868093284, 'epsilon': 2.4234724484675948e-08, 'hidden_layer_sizes': 167, 'learning_rate_init': 2.972334644335654e-05, 'tol': 0.0036281404040243792, 'validation_fraction': 0.17260651658522078}, {'alpha': 4.656005689076002, 'batch_size': 135, 'beta_1': 0.870503881627747, 'beta_2': 0.9948873266941017, 'epsilon': 2.1023308743480125e-07, 'hidden_layer_sizes': 118, 'learning_rate_init': 0.001878173875716191, 'tol': 1.1889379831773006e-05, 'validation_fraction': 0.6264327093752792}, {'alpha': 0.04705159350400542, 'batch_size': 158, 'beta_1': 0.9870884262730957, 'beta_2': 0.9999596874382349, 'epsilon': 1.1981845126013875e-08, 'hidden_layer_sizes': 116, 'learning_rate_init': 0.006173405204074311, 'tol': 1.7414134181586194e-05, 'validation_fraction': 0.6754299026638921}], [-0.676923076923077, -0.567032967032967, -0.545054945054945, -0.7824175824175824, -0.843956043956044])}
saving results
saving timing
saving suggest log
done
