running: {'--uuid': 'a89ff50ec21058c6937e9d01b3262353', '-db-root': '/home/ryedida/smoothness-hpo/bbo_challenge_starter_kit/output', '--opt-root': '/home/ryedida/smoothness-hpo/bbo_challenge_starter_kit/example_submissions', '--data-root': None, '--db': 'run_20240113_043333', '--opt': 'stcvx', '--data': 'breast', '--classifier': 'MLP-adam', '--metric': 'nll', '--calls': 15, '--suggestions': 1, '--jobs-file': None, '--verbose': False, 'dry_run': False, 'rev': 'a376313', 'opt_rev': 'x.x.x'}
cmd: python stcvx/optimizer.py -c MLP-adam -d breast -o stcvx -u a89ff50ec21058c6937e9d01b3262353 -m nll -n 15 -p 1 -dir /home/ryedida/smoothness-hpo/bbo_challenge_starter_kit/output -b run_20240113_043333
/home/ryedida/.local/lib/python3.8/site-packages/sklearn/neural_network/_multilayer_perceptron.py:603: UserWarning: Got `batch_size` less than 1 or larger than sample size. It is going to be clipped
  warnings.warn(

/home/ryedida/.local/lib/python3.8/site-packages/sklearn/neural_network/_multilayer_perceptron.py:603: UserWarning: Got `batch_size` less than 1 or larger than sample size. It is going to be clipped
  warnings.warn(

/home/ryedida/.local/lib/python3.8/site-packages/sklearn/neural_network/_multilayer_perceptron.py:603: UserWarning: Got `batch_size` less than 1 or larger than sample size. It is going to be clipped
  warnings.warn(

computed signature: ([{'alpha': 0.019628224813442792, 'batch_size': 182, 'beta_1': 0.9410202200271762, 'beta_2': 0.9998021557676793, 'epsilon': 1.8662266976518e-08, 'hidden_layer_sizes': 147, 'learning_rate_init': 0.0005627932047415167, 'tol': 0.03690557729213761, 'validation_fraction': 0.8846827852548593}, {'alpha': 0.001998246739232944, 'batch_size': 200, 'beta_1': 0.919111482530466, 'beta_2': 0.9998488260436156, 'epsilon': 5.981221901152555e-07, 'hidden_layer_sizes': 61, 'learning_rate_init': 2.2310905607443014e-05, 'tol': 1.2046852412030316e-05, 'validation_fraction': 0.8117896445826539}, {'alpha': 0.46659545670218433, 'batch_size': 219, 'beta_1': 0.9889789783750891, 'beta_2': 0.9999896868093284, 'epsilon': 2.4234724484675948e-08, 'hidden_layer_sizes': 167, 'learning_rate_init': 2.972334644335654e-05, 'tol': 0.0036281404040243792, 'validation_fraction': 0.17260651658522078}, {'alpha': 4.656005689076002, 'batch_size': 135, 'beta_1': 0.870503881627747, 'beta_2': 0.9948873266941017, 'epsilon': 2.1023308743480125e-07, 'hidden_layer_sizes': 118, 'learning_rate_init': 0.001878173875716191, 'tol': 1.1889379831773006e-05, 'validation_fraction': 0.6264327093752792}, {'alpha': 0.04705159350400542, 'batch_size': 158, 'beta_1': 0.9870884262730957, 'beta_2': 0.9999596874382349, 'epsilon': 1.1981845126013875e-08, 'hidden_layer_sizes': 116, 'learning_rate_init': 0.006173405204074311, 'tol': 1.7414134181586194e-05, 'validation_fraction': 0.6754299026638921}], [8.104566516477803, 14.643876498263253, 12.332285721418042, 5.269783589486869, 3.4904310816393633])
/home/ryedida/.local/lib/python3.8/site-packages/bayesmark/experiment.py:469: UserWarning: Baselines not found. Will not log intermediate scores.
  warnings.warn("Baselines not found. Will not log intermediate scores.")

starting sklearn study stcvx MLP-adam breast nll 15 1
with data root: None
suggestion time taken 24.571448 iter 0 next_points [{'alpha': 0.9005858689174963, 'batch_size': 12, 'beta_1': 0.8618105331100218, 'beta_2': 0.9999925721292517, 'epsilon': 6.913438361767215e-07, 'hidden_layer_sizes': 169, 'learning_rate_init': 0.00018508161085673415, 'tol': 0.0004460552731715311, 'validation_fraction': 0.4751972856037222}]
function_evaluation time 1.369392 value 0.295840 suggestion {'alpha': 0.9005858689174963, 'batch_size': 12, 'beta_1': 0.8618105331100218, 'beta_2': 0.9999925721292517, 'epsilon': 6.913438361767215e-07, 'hidden_layer_sizes': 169, 'learning_rate_init': 0.00018508161085673415, 'tol': 0.0004460552731715311, 'validation_fraction': 0.4751972856037222}
observation time 0.000002, current best 0.295840 at iter 0
suggestion time taken 22.550534 iter 1 next_points [{'alpha': 0.04057757700526215, 'batch_size': 16, 'beta_1': 0.6374072929279565, 'beta_2': 0.9998741632957359, 'epsilon': 2.3075794675327383e-07, 'hidden_layer_sizes': 103, 'learning_rate_init': 0.0016443640977949195, 'tol': 7.177422820859305e-05, 'validation_fraction': 0.2832877912557337}]
function_evaluation time 0.653175 value 0.371111 suggestion {'alpha': 0.04057757700526215, 'batch_size': 16, 'beta_1': 0.6374072929279565, 'beta_2': 0.9998741632957359, 'epsilon': 2.3075794675327383e-07, 'hidden_layer_sizes': 103, 'learning_rate_init': 0.0016443640977949195, 'tol': 7.177422820859305e-05, 'validation_fraction': 0.2832877912557337}
observation time 0.000002, current best 0.295840 at iter 1
suggestion time taken 22.452539 iter 2 next_points [{'alpha': 0.1508623629693529, 'batch_size': 11, 'beta_1': 0.9568664295932121, 'beta_2': 0.9999981392968741, 'epsilon': 5.616790052689314e-07, 'hidden_layer_sizes': 127, 'learning_rate_init': 0.0016817798363010208, 'tol': 0.000827124022898295, 'validation_fraction': 0.1627903225473487}]
function_evaluation time 0.843279 value 0.481029 suggestion {'alpha': 0.1508623629693529, 'batch_size': 11, 'beta_1': 0.9568664295932121, 'beta_2': 0.9999981392968741, 'epsilon': 5.616790052689314e-07, 'hidden_layer_sizes': 127, 'learning_rate_init': 0.0016817798363010208, 'tol': 0.000827124022898295, 'validation_fraction': 0.1627903225473487}
observation time 0.000002, current best 0.295840 at iter 2
suggestion time taken 21.433228 iter 3 next_points [{'alpha': 0.5306717929219041, 'batch_size': 16, 'beta_1': 0.7340889257058387, 'beta_2': 0.9996858829446955, 'epsilon': 3.83953527772528e-09, 'hidden_layer_sizes': 170, 'learning_rate_init': 0.0010503762560593536, 'tol': 0.0005857440606217769, 'validation_fraction': 0.5188547410789512}]
function_evaluation time 0.774876 value 0.328662 suggestion {'alpha': 0.5306717929219041, 'batch_size': 16, 'beta_1': 0.7340889257058387, 'beta_2': 0.9996858829446955, 'epsilon': 3.83953527772528e-09, 'hidden_layer_sizes': 170, 'learning_rate_init': 0.0010503762560593536, 'tol': 0.0005857440606217769, 'validation_fraction': 0.5188547410789512}
observation time 0.000001, current best 0.295840 at iter 3
suggestion time taken 22.134192 iter 4 next_points [{'alpha': 1.7525170920035238e-05, 'batch_size': 31, 'beta_1': 0.8340666467031691, 'beta_2': 0.9999775609517773, 'epsilon': 1.8142472058009671e-09, 'hidden_layer_sizes': 144, 'learning_rate_init': 0.0014910248681333587, 'tol': 0.000380622569709915, 'validation_fraction': 0.11271846051174124}]
function_evaluation time 0.466739 value 0.440838 suggestion {'alpha': 1.7525170920035238e-05, 'batch_size': 31, 'beta_1': 0.8340666467031691, 'beta_2': 0.9999775609517773, 'epsilon': 1.8142472058009671e-09, 'hidden_layer_sizes': 144, 'learning_rate_init': 0.0014910248681333587, 'tol': 0.000380622569709915, 'validation_fraction': 0.11271846051174124}
observation time 0.000002, current best 0.295840 at iter 4
suggestion time taken 20.715193 iter 5 next_points [{'alpha': 0.2991738239430349, 'batch_size': 18, 'beta_1': 0.9888264299760691, 'beta_2': 0.9870959140313177, 'epsilon': 1.6324451333820161e-09, 'hidden_layer_sizes': 126, 'learning_rate_init': 0.005678605131108457, 'tol': 1.9229612653570245e-05, 'validation_fraction': 0.8762758866340429}]
function_evaluation time 0.304957 value 1.116264 suggestion {'alpha': 0.2991738239430349, 'batch_size': 18, 'beta_1': 0.9888264299760691, 'beta_2': 0.9870959140313177, 'epsilon': 1.6324451333820161e-09, 'hidden_layer_sizes': 126, 'learning_rate_init': 0.005678605131108457, 'tol': 1.9229612653570245e-05, 'validation_fraction': 0.8762758866340429}
observation time 0.000007, current best 0.295840 at iter 5
suggestion time taken 20.732157 iter 6 next_points [{'alpha': 2.9298439709612105e-05, 'batch_size': 18, 'beta_1': 0.872842554166525, 'beta_2': 0.9989274224194284, 'epsilon': 2.0516219161140066e-07, 'hidden_layer_sizes': 148, 'learning_rate_init': 0.012663022419699056, 'tol': 2.964431678680766e-05, 'validation_fraction': 0.1577617764946342}]
function_evaluation time 0.592426 value 0.749381 suggestion {'alpha': 2.9298439709612105e-05, 'batch_size': 18, 'beta_1': 0.872842554166525, 'beta_2': 0.9989274224194284, 'epsilon': 2.0516219161140066e-07, 'hidden_layer_sizes': 148, 'learning_rate_init': 0.012663022419699056, 'tol': 2.964431678680766e-05, 'validation_fraction': 0.1577617764946342}
observation time 0.000002, current best 0.295840 at iter 6
suggestion time taken 21.044453 iter 7 next_points [{'alpha': 0.00015797722190917252, 'batch_size': 26, 'beta_1': 0.9043141093609579, 'beta_2': 0.9186072207569501, 'epsilon': 1.6480466622786227e-07, 'hidden_layer_sizes': 177, 'learning_rate_init': 9.637511307530076e-05, 'tol': 0.0028367122444414423, 'validation_fraction': 0.675683994889913}]
function_evaluation time 0.379041 value 7.425819 suggestion {'alpha': 0.00015797722190917252, 'batch_size': 26, 'beta_1': 0.9043141093609579, 'beta_2': 0.9186072207569501, 'epsilon': 1.6480466622786227e-07, 'hidden_layer_sizes': 177, 'learning_rate_init': 9.637511307530076e-05, 'tol': 0.0028367122444414423, 'validation_fraction': 0.675683994889913}
observation time 0.000002, current best 0.295840 at iter 7
suggestion time taken 20.531050 iter 8 next_points [{'alpha': 1.4858145760866179e-05, 'batch_size': 42, 'beta_1': 0.5010745093474122, 'beta_2': 0.9999500371399915, 'epsilon': 8.974480235185963e-08, 'hidden_layer_sizes': 105, 'learning_rate_init': 0.0038368475533994985, 'tol': 0.000497504988253535, 'validation_fraction': 0.6363882002007253}]
function_evaluation time 0.284897 value 0.426216 suggestion {'alpha': 1.4858145760866179e-05, 'batch_size': 42, 'beta_1': 0.5010745093474122, 'beta_2': 0.9999500371399915, 'epsilon': 8.974480235185963e-08, 'hidden_layer_sizes': 105, 'learning_rate_init': 0.0038368475533994985, 'tol': 0.000497504988253535, 'validation_fraction': 0.6363882002007253}
observation time 0.000002, current best 0.295840 at iter 8
suggestion time taken 21.026829 iter 9 next_points [{'alpha': 0.1731773284176914, 'batch_size': 19, 'beta_1': 0.9789457566084295, 'beta_2': 0.9998660107800827, 'epsilon': 9.306905943473462e-08, 'hidden_layer_sizes': 130, 'learning_rate_init': 0.010281346059638133, 'tol': 0.00031923959359989046, 'validation_fraction': 0.7089560828510719}]
function_evaluation time 0.427648 value 1.373089 suggestion {'alpha': 0.1731773284176914, 'batch_size': 19, 'beta_1': 0.9789457566084295, 'beta_2': 0.9998660107800827, 'epsilon': 9.306905943473462e-08, 'hidden_layer_sizes': 130, 'learning_rate_init': 0.010281346059638133, 'tol': 0.00031923959359989046, 'validation_fraction': 0.7089560828510719}
observation time 0.000002, current best 0.295840 at iter 9
suggestion time taken 19.877471 iter 10 next_points [{'alpha': 0.00010491974468845903, 'batch_size': 16, 'beta_1': 0.8038276266595876, 'beta_2': 0.9999960149194821, 'epsilon': 2.3546153626578812e-08, 'hidden_layer_sizes': 151, 'learning_rate_init': 1.8672407809637103e-05, 'tol': 0.018345589057923255, 'validation_fraction': 0.66991114588906}]
function_evaluation time 0.289996 value 14.531942 suggestion {'alpha': 0.00010491974468845903, 'batch_size': 16, 'beta_1': 0.8038276266595876, 'beta_2': 0.9999960149194821, 'epsilon': 2.3546153626578812e-08, 'hidden_layer_sizes': 151, 'learning_rate_init': 1.8672407809637103e-05, 'tol': 0.018345589057923255, 'validation_fraction': 0.66991114588906}
observation time 0.000002, current best 0.295840 at iter 10
suggestion time taken 19.966438 iter 11 next_points [{'alpha': 0.002382492329965673, 'batch_size': 20, 'beta_1': 0.906742599464845, 'beta_2': 0.9999981642699091, 'epsilon': 3.412598838514407e-07, 'hidden_layer_sizes': 59, 'learning_rate_init': 0.00011366544805847859, 'tol': 0.0027766981432868613, 'validation_fraction': 0.5486057901411036}]
function_evaluation time 0.790039 value 12.036777 suggestion {'alpha': 0.002382492329965673, 'batch_size': 20, 'beta_1': 0.906742599464845, 'beta_2': 0.9999981642699091, 'epsilon': 3.412598838514407e-07, 'hidden_layer_sizes': 59, 'learning_rate_init': 0.00011366544805847859, 'tol': 0.0027766981432868613, 'validation_fraction': 0.5486057901411036}
observation time 0.000001, current best 0.295840 at iter 11
suggestion time taken 21.617878 iter 12 next_points [{'alpha': 0.004063662119518879, 'batch_size': 11, 'beta_1': 0.644863172556734, 'beta_2': 0.9999971813136039, 'epsilon': 1.3576588028427848e-08, 'hidden_layer_sizes': 66, 'learning_rate_init': 3.608803466842632e-05, 'tol': 0.000977865509664032, 'validation_fraction': 0.26525971035861146}]
function_evaluation time 1.192854 value 9.383941 suggestion {'alpha': 0.004063662119518879, 'batch_size': 11, 'beta_1': 0.644863172556734, 'beta_2': 0.9999971813136039, 'epsilon': 1.3576588028427848e-08, 'hidden_layer_sizes': 66, 'learning_rate_init': 3.608803466842632e-05, 'tol': 0.000977865509664032, 'validation_fraction': 0.26525971035861146}
observation time 0.000001, current best 0.295840 at iter 12
suggestion time taken 19.317852 iter 13 next_points [{'alpha': 4.2525675588407585, 'batch_size': 25, 'beta_1': 0.9628572001918656, 'beta_2': 0.9998326781870123, 'epsilon': 2.221300363759583e-07, 'hidden_layer_sizes': 185, 'learning_rate_init': 3.889531477831644e-05, 'tol': 0.014482471169893619, 'validation_fraction': 0.3059481219391881}]
function_evaluation time 0.428997 value 8.179367 suggestion {'alpha': 4.2525675588407585, 'batch_size': 25, 'beta_1': 0.9628572001918656, 'beta_2': 0.9998326781870123, 'epsilon': 2.221300363759583e-07, 'hidden_layer_sizes': 185, 'learning_rate_init': 3.889531477831644e-05, 'tol': 0.014482471169893619, 'validation_fraction': 0.3059481219391881}
observation time 0.000001, current best 0.295840 at iter 13
suggestion time taken 22.604497 iter 14 next_points [{'alpha': 0.025153793392656276, 'batch_size': 11, 'beta_1': 0.9633299453221335, 'beta_2': 0.9996666745615905, 'epsilon': 3.9720880812706365e-08, 'hidden_layer_sizes': 68, 'learning_rate_init': 0.00043419453285041895, 'tol': 0.07585748301907332, 'validation_fraction': 0.3288546515540089}]
function_evaluation time 0.556036 value 0.377670 suggestion {'alpha': 0.025153793392656276, 'batch_size': 11, 'beta_1': 0.9633299453221335, 'beta_2': 0.9996666745615905, 'epsilon': 3.9720880812706365e-08, 'hidden_layer_sizes': 68, 'learning_rate_init': 0.00043419453285041895, 'tol': 0.07585748301907332, 'validation_fraction': 0.3288546515540089}
observation time 0.000002, current best 0.295840 at iter 14
saving meta data: {'args': {'--uuid': 'a89ff50ec21058c6937e9d01b3262353', '-db-root': '/home/ryedida/smoothness-hpo/bbo_challenge_starter_kit/output', '--opt-root': '/home/ryedida/smoothness-hpo/bbo_challenge_starter_kit/example_submissions', '--data-root': None, '--db': 'run_20240113_043333', '--opt': 'stcvx', '--data': 'breast', '--classifier': 'MLP-adam', '--metric': 'nll', '--calls': 15, '--suggestions': 1, '--jobs-file': None, '--verbose': False, 'dry_run': False, 'rev': 'a376313', 'opt_rev': 'x.x.x'}, 'signature': ([{'alpha': 0.019628224813442792, 'batch_size': 182, 'beta_1': 0.9410202200271762, 'beta_2': 0.9998021557676793, 'epsilon': 1.8662266976518e-08, 'hidden_layer_sizes': 147, 'learning_rate_init': 0.0005627932047415167, 'tol': 0.03690557729213761, 'validation_fraction': 0.8846827852548593}, {'alpha': 0.001998246739232944, 'batch_size': 200, 'beta_1': 0.919111482530466, 'beta_2': 0.9998488260436156, 'epsilon': 5.981221901152555e-07, 'hidden_layer_sizes': 61, 'learning_rate_init': 2.2310905607443014e-05, 'tol': 1.2046852412030316e-05, 'validation_fraction': 0.8117896445826539}, {'alpha': 0.46659545670218433, 'batch_size': 219, 'beta_1': 0.9889789783750891, 'beta_2': 0.9999896868093284, 'epsilon': 2.4234724484675948e-08, 'hidden_layer_sizes': 167, 'learning_rate_init': 2.972334644335654e-05, 'tol': 0.0036281404040243792, 'validation_fraction': 0.17260651658522078}, {'alpha': 4.656005689076002, 'batch_size': 135, 'beta_1': 0.870503881627747, 'beta_2': 0.9948873266941017, 'epsilon': 2.1023308743480125e-07, 'hidden_layer_sizes': 118, 'learning_rate_init': 0.001878173875716191, 'tol': 1.1889379831773006e-05, 'validation_fraction': 0.6264327093752792}, {'alpha': 0.04705159350400542, 'batch_size': 158, 'beta_1': 0.9870884262730957, 'beta_2': 0.9999596874382349, 'epsilon': 1.1981845126013875e-08, 'hidden_layer_sizes': 116, 'learning_rate_init': 0.006173405204074311, 'tol': 1.7414134181586194e-05, 'validation_fraction': 0.6754299026638921}], [8.104566516477803, 14.643876498263253, 12.332285721418042, 5.269783589486869, 3.4904310816393633])}
saving results
saving timing
saving suggest log
done
