running: {'--uuid': 'b1e4995d2f35504db15601b11764bffe', '-db-root': '/home/ryedida/smoothness-hpo/bbo_challenge_starter_kit/output', '--opt-root': '/home/ryedida/smoothness-hpo/bbo_challenge_starter_kit/example_submissions', '--data-root': None, '--db': 'run_20240113_043333', '--opt': 'stcvx', '--data': 'breast', '--classifier': 'MLP-adam', '--metric': 'acc', '--calls': 15, '--suggestions': 1, '--jobs-file': None, '--verbose': False, 'dry_run': False, 'rev': 'a376313', 'opt_rev': 'x.x.x'}
cmd: python stcvx/optimizer.py -c MLP-adam -d breast -o stcvx -u b1e4995d2f35504db15601b11764bffe -m acc -n 15 -p 1 -dir /home/ryedida/smoothness-hpo/bbo_challenge_starter_kit/output -b run_20240113_043333
/home/ryedida/.local/lib/python3.8/site-packages/sklearn/neural_network/_multilayer_perceptron.py:603: UserWarning: Got `batch_size` less than 1 or larger than sample size. It is going to be clipped
  warnings.warn(

/home/ryedida/.local/lib/python3.8/site-packages/sklearn/neural_network/_multilayer_perceptron.py:603: UserWarning: Got `batch_size` less than 1 or larger than sample size. It is going to be clipped
  warnings.warn(

/home/ryedida/.local/lib/python3.8/site-packages/sklearn/neural_network/_multilayer_perceptron.py:603: UserWarning: Got `batch_size` less than 1 or larger than sample size. It is going to be clipped
  warnings.warn(

computed signature: ([{'alpha': 0.019628224813442792, 'batch_size': 182, 'beta_1': 0.9410202200271762, 'beta_2': 0.9998021557676793, 'epsilon': 1.8662266976518e-08, 'hidden_layer_sizes': 147, 'learning_rate_init': 0.0005627932047415167, 'tol': 0.03690557729213761, 'validation_fraction': 0.8846827852548593}, {'alpha': 0.001998246739232944, 'batch_size': 200, 'beta_1': 0.919111482530466, 'beta_2': 0.9998488260436156, 'epsilon': 5.981221901152555e-07, 'hidden_layer_sizes': 61, 'learning_rate_init': 2.2310905607443014e-05, 'tol': 1.2046852412030316e-05, 'validation_fraction': 0.8117896445826539}, {'alpha': 0.46659545670218433, 'batch_size': 219, 'beta_1': 0.9889789783750891, 'beta_2': 0.9999896868093284, 'epsilon': 2.4234724484675948e-08, 'hidden_layer_sizes': 167, 'learning_rate_init': 2.972334644335654e-05, 'tol': 0.0036281404040243792, 'validation_fraction': 0.17260651658522078}, {'alpha': 4.656005689076002, 'batch_size': 135, 'beta_1': 0.870503881627747, 'beta_2': 0.9948873266941017, 'epsilon': 2.1023308743480125e-07, 'hidden_layer_sizes': 118, 'learning_rate_init': 0.001878173875716191, 'tol': 1.1889379831773006e-05, 'validation_fraction': 0.6264327093752792}, {'alpha': 0.04705159350400542, 'batch_size': 158, 'beta_1': 0.9870884262730957, 'beta_2': 0.9999596874382349, 'epsilon': 1.1981845126013875e-08, 'hidden_layer_sizes': 116, 'learning_rate_init': 0.006173405204074311, 'tol': 1.7414134181586194e-05, 'validation_fraction': 0.6754299026638921}], [-0.676923076923077, -0.567032967032967, -0.545054945054945, -0.7824175824175824, -0.843956043956044])
/home/ryedida/.local/lib/python3.8/site-packages/bayesmark/experiment.py:469: UserWarning: Baselines not found. Will not log intermediate scores.
  warnings.warn("Baselines not found. Will not log intermediate scores.")

starting sklearn study stcvx MLP-adam breast acc 15 1
with data root: None
suggestion time taken 25.886881 iter 0 next_points [{'alpha': 0.0008547049183096256, 'batch_size': 28, 'beta_1': 0.9819158692557067, 'beta_2': 0.9997402377660324, 'epsilon': 7.842438140055712e-09, 'hidden_layer_sizes': 66, 'learning_rate_init': 0.00284248010713846, 'tol': 1.2495729392837198e-05, 'validation_fraction': 0.3526623281646109}]
function_evaluation time 0.617776 value -0.925275 suggestion {'alpha': 0.0008547049183096256, 'batch_size': 28, 'beta_1': 0.9819158692557067, 'beta_2': 0.9997402377660324, 'epsilon': 7.842438140055712e-09, 'hidden_layer_sizes': 66, 'learning_rate_init': 0.00284248010713846, 'tol': 1.2495729392837198e-05, 'validation_fraction': 0.3526623281646109}
observation time 0.000003, current best -0.925275 at iter 0
suggestion time taken 24.627642 iter 1 next_points [{'alpha': 0.005108218727289754, 'batch_size': 19, 'beta_1': 0.506777386934011, 'beta_2': 0.9999791614704031, 'epsilon': 2.6599321825073033e-09, 'hidden_layer_sizes': 168, 'learning_rate_init': 0.00011090077459162391, 'tol': 0.0012937609608352919, 'validation_fraction': 0.658125097995814}]
function_evaluation time 0.608095 value -0.806593 suggestion {'alpha': 0.005108218727289754, 'batch_size': 19, 'beta_1': 0.506777386934011, 'beta_2': 0.9999791614704031, 'epsilon': 2.6599321825073033e-09, 'hidden_layer_sizes': 168, 'learning_rate_init': 0.00011090077459162391, 'tol': 0.0012937609608352919, 'validation_fraction': 0.658125097995814}
observation time 0.000002, current best -0.925275 at iter 1
suggestion time taken 22.278128 iter 2 next_points [{'alpha': 5.271779043064796, 'batch_size': 17, 'beta_1': 0.9822857898544498, 'beta_2': 0.9999901538513247, 'epsilon': 8.503358202052134e-09, 'hidden_layer_sizes': 85, 'learning_rate_init': 8.781309368602512e-05, 'tol': 0.006538112942814608, 'validation_fraction': 0.15199587709635398}]
function_evaluation time 0.876260 value -0.832967 suggestion {'alpha': 5.271779043064796, 'batch_size': 17, 'beta_1': 0.9822857898544498, 'beta_2': 0.9999901538513247, 'epsilon': 8.503358202052134e-09, 'hidden_layer_sizes': 85, 'learning_rate_init': 8.781309368602512e-05, 'tol': 0.006538112942814608, 'validation_fraction': 0.15199587709635398}
observation time 0.000002, current best -0.925275 at iter 2
suggestion time taken 24.524681 iter 3 next_points [{'alpha': 7.104575485305143e-05, 'batch_size': 16, 'beta_1': 0.9487416930282129, 'beta_2': 0.9985737303426139, 'epsilon': 1.0227066613670953e-09, 'hidden_layer_sizes': 153, 'learning_rate_init': 0.0054514861596743095, 'tol': 0.00020884266394127052, 'validation_fraction': 0.2143040696316868}]
function_evaluation time 0.967717 value -0.909890 suggestion {'alpha': 7.104575485305143e-05, 'batch_size': 16, 'beta_1': 0.9487416930282129, 'beta_2': 0.9985737303426139, 'epsilon': 1.0227066613670953e-09, 'hidden_layer_sizes': 153, 'learning_rate_init': 0.0054514861596743095, 'tol': 0.00020884266394127052, 'validation_fraction': 0.2143040696316868}
observation time 0.000001, current best -0.925275 at iter 3
suggestion time taken 21.646603 iter 4 next_points [{'alpha': 0.5383647940821555, 'batch_size': 27, 'beta_1': 0.634387166123729, 'beta_2': 0.9337161550874912, 'epsilon': 1.6242591673611174e-08, 'hidden_layer_sizes': 106, 'learning_rate_init': 0.021041672912293436, 'tol': 0.00029855293646614416, 'validation_fraction': 0.7533314209339737}]
function_evaluation time 0.316022 value -0.914286 suggestion {'alpha': 0.5383647940821555, 'batch_size': 27, 'beta_1': 0.634387166123729, 'beta_2': 0.9337161550874912, 'epsilon': 1.6242591673611174e-08, 'hidden_layer_sizes': 106, 'learning_rate_init': 0.021041672912293436, 'tol': 0.00029855293646614416, 'validation_fraction': 0.7533314209339737}
observation time 0.000002, current best -0.925275 at iter 4
suggestion time taken 22.066095 iter 5 next_points [{'alpha': 0.002891883123360135, 'batch_size': 10, 'beta_1': 0.9799470899888905, 'beta_2': 0.9993008664834879, 'epsilon': 2.016770220105474e-07, 'hidden_layer_sizes': 160, 'learning_rate_init': 0.0018007349431704246, 'tol': 1.368140133181745e-05, 'validation_fraction': 0.7952385896527978}]
function_evaluation time 0.569726 value -0.909890 suggestion {'alpha': 0.002891883123360135, 'batch_size': 10, 'beta_1': 0.9799470899888905, 'beta_2': 0.9993008664834879, 'epsilon': 2.016770220105474e-07, 'hidden_layer_sizes': 160, 'learning_rate_init': 0.0018007349431704246, 'tol': 1.368140133181745e-05, 'validation_fraction': 0.7952385896527978}
observation time 0.000002, current best -0.925275 at iter 5
suggestion time taken 24.434859 iter 6 next_points [{'alpha': 1.5949627501228258e-05, 'batch_size': 13, 'beta_1': 0.8921025491373648, 'beta_2': 0.9999979290571626, 'epsilon': 2.686858720159176e-08, 'hidden_layer_sizes': 159, 'learning_rate_init': 0.0036214741832501624, 'tol': 0.018113156013014137, 'validation_fraction': 0.4586354444525423}]
function_evaluation time 0.619450 value -0.896703 suggestion {'alpha': 1.5949627501228258e-05, 'batch_size': 13, 'beta_1': 0.8921025491373648, 'beta_2': 0.9999979290571626, 'epsilon': 2.686858720159176e-08, 'hidden_layer_sizes': 159, 'learning_rate_init': 0.0036214741832501624, 'tol': 0.018113156013014137, 'validation_fraction': 0.4586354444525423}
observation time 0.000005, current best -0.925275 at iter 6
suggestion time taken 23.675456 iter 7 next_points [{'alpha': 1.1992903463212747e-05, 'batch_size': 23, 'beta_1': 0.9429098217455986, 'beta_2': 0.9999097386412411, 'epsilon': 4.562697805259244e-08, 'hidden_layer_sizes': 51, 'learning_rate_init': 0.00020337749988076493, 'tol': 0.00025025399930743154, 'validation_fraction': 0.8385153563203795}]
function_evaluation time 0.222351 value -0.523077 suggestion {'alpha': 1.1992903463212747e-05, 'batch_size': 23, 'beta_1': 0.9429098217455986, 'beta_2': 0.9999097386412411, 'epsilon': 4.562697805259244e-08, 'hidden_layer_sizes': 51, 'learning_rate_init': 0.00020337749988076493, 'tol': 0.00025025399930743154, 'validation_fraction': 0.8385153563203795}
observation time 0.000002, current best -0.925275 at iter 7
suggestion time taken 21.386368 iter 8 next_points [{'alpha': 0.00016620418274898777, 'batch_size': 10, 'beta_1': 0.9615821573399277, 'beta_2': 0.9931867673334045, 'epsilon': 8.98382415048807e-07, 'hidden_layer_sizes': 152, 'learning_rate_init': 1.111449570618019e-05, 'tol': 0.0003186244333035541, 'validation_fraction': 0.4422485563205923}]
function_evaluation time 1.055244 value -0.578022 suggestion {'alpha': 0.00016620418274898777, 'batch_size': 10, 'beta_1': 0.9615821573399277, 'beta_2': 0.9931867673334045, 'epsilon': 8.98382415048807e-07, 'hidden_layer_sizes': 152, 'learning_rate_init': 1.111449570618019e-05, 'tol': 0.0003186244333035541, 'validation_fraction': 0.4422485563205923}
observation time 0.000002, current best -0.925275 at iter 8
suggestion time taken 20.546897 iter 9 next_points [{'alpha': 1.5899265657763974e-05, 'batch_size': 14, 'beta_1': 0.8605821264996474, 'beta_2': 0.9910484500822602, 'epsilon': 6.290650906750478e-08, 'hidden_layer_sizes': 132, 'learning_rate_init': 0.04486263741429075, 'tol': 0.0012170589131810976, 'validation_fraction': 0.8354997209092391}]
function_evaluation time 0.260158 value -0.894505 suggestion {'alpha': 1.5899265657763974e-05, 'batch_size': 14, 'beta_1': 0.8605821264996474, 'beta_2': 0.9910484500822602, 'epsilon': 6.290650906750478e-08, 'hidden_layer_sizes': 132, 'learning_rate_init': 0.04486263741429075, 'tol': 0.0012170589131810976, 'validation_fraction': 0.8354997209092391}
observation time 0.000001, current best -0.925275 at iter 9
suggestion time taken 22.656958 iter 10 next_points [{'alpha': 0.01985693618627162, 'batch_size': 12, 'beta_1': 0.9585553299114538, 'beta_2': 0.9999867153383839, 'epsilon': 2.3131285143232127e-07, 'hidden_layer_sizes': 155, 'learning_rate_init': 0.0040898478569177995, 'tol': 0.0780434540745579, 'validation_fraction': 0.8919888425938165}]
function_evaluation time 0.219190 value -0.905495 suggestion {'alpha': 0.01985693618627162, 'batch_size': 12, 'beta_1': 0.9585553299114538, 'beta_2': 0.9999867153383839, 'epsilon': 2.3131285143232127e-07, 'hidden_layer_sizes': 155, 'learning_rate_init': 0.0040898478569177995, 'tol': 0.0780434540745579, 'validation_fraction': 0.8919888425938165}
observation time 0.000003, current best -0.925275 at iter 10
suggestion time taken 20.912443 iter 11 next_points [{'alpha': 0.6266285813643374, 'batch_size': 13, 'beta_1': 0.5021330072203083, 'beta_2': 0.9994727303961157, 'epsilon': 2.9049881287360293e-07, 'hidden_layer_sizes': 104, 'learning_rate_init': 0.04489034011117294, 'tol': 0.02210558370529589, 'validation_fraction': 0.8966549854044742}]
function_evaluation time 0.211776 value -0.909890 suggestion {'alpha': 0.6266285813643374, 'batch_size': 13, 'beta_1': 0.5021330072203083, 'beta_2': 0.9994727303961157, 'epsilon': 2.9049881287360293e-07, 'hidden_layer_sizes': 104, 'learning_rate_init': 0.04489034011117294, 'tol': 0.02210558370529589, 'validation_fraction': 0.8966549854044742}
observation time 0.000002, current best -0.925275 at iter 11
suggestion time taken 21.949806 iter 12 next_points [{'alpha': 0.0004860020704526997, 'batch_size': 40, 'beta_1': 0.9826450873486423, 'beta_2': 0.9828149000500866, 'epsilon': 1.478414794959327e-07, 'hidden_layer_sizes': 174, 'learning_rate_init': 0.0003204480913307563, 'tol': 0.0001117496113401143, 'validation_fraction': 0.8892715383736218}]
function_evaluation time 0.180515 value -0.762637 suggestion {'alpha': 0.0004860020704526997, 'batch_size': 40, 'beta_1': 0.9826450873486423, 'beta_2': 0.9828149000500866, 'epsilon': 1.478414794959327e-07, 'hidden_layer_sizes': 174, 'learning_rate_init': 0.0003204480913307563, 'tol': 0.0001117496113401143, 'validation_fraction': 0.8892715383736218}
observation time 0.000001, current best -0.925275 at iter 12
suggestion time taken 19.655976 iter 13 next_points [{'alpha': 0.0009949680977240961, 'batch_size': 11, 'beta_1': 0.9155614427211671, 'beta_2': 0.9999932032078306, 'epsilon': 6.7129879467707834e-09, 'hidden_layer_sizes': 191, 'learning_rate_init': 0.015396978504445906, 'tol': 0.0005780417501304675, 'validation_fraction': 0.22952354975062236}]
function_evaluation time 1.401637 value -0.901099 suggestion {'alpha': 0.0009949680977240961, 'batch_size': 11, 'beta_1': 0.9155614427211671, 'beta_2': 0.9999932032078306, 'epsilon': 6.7129879467707834e-09, 'hidden_layer_sizes': 191, 'learning_rate_init': 0.015396978504445906, 'tol': 0.0005780417501304675, 'validation_fraction': 0.22952354975062236}
observation time 0.000005, current best -0.925275 at iter 13
suggestion time taken 20.581336 iter 14 next_points [{'alpha': 1.5670443612040181, 'batch_size': 24, 'beta_1': 0.9795918370399818, 'beta_2': 0.9994281231201698, 'epsilon': 2.379478750763628e-07, 'hidden_layer_sizes': 59, 'learning_rate_init': 0.0016304060692210005, 'tol': 0.006913602734359959, 'validation_fraction': 0.8960304730415092}]
function_evaluation time 0.219539 value -0.731868 suggestion {'alpha': 1.5670443612040181, 'batch_size': 24, 'beta_1': 0.9795918370399818, 'beta_2': 0.9994281231201698, 'epsilon': 2.379478750763628e-07, 'hidden_layer_sizes': 59, 'learning_rate_init': 0.0016304060692210005, 'tol': 0.006913602734359959, 'validation_fraction': 0.8960304730415092}
observation time 0.000002, current best -0.925275 at iter 14
saving meta data: {'args': {'--uuid': 'b1e4995d2f35504db15601b11764bffe', '-db-root': '/home/ryedida/smoothness-hpo/bbo_challenge_starter_kit/output', '--opt-root': '/home/ryedida/smoothness-hpo/bbo_challenge_starter_kit/example_submissions', '--data-root': None, '--db': 'run_20240113_043333', '--opt': 'stcvx', '--data': 'breast', '--classifier': 'MLP-adam', '--metric': 'acc', '--calls': 15, '--suggestions': 1, '--jobs-file': None, '--verbose': False, 'dry_run': False, 'rev': 'a376313', 'opt_rev': 'x.x.x'}, 'signature': ([{'alpha': 0.019628224813442792, 'batch_size': 182, 'beta_1': 0.9410202200271762, 'beta_2': 0.9998021557676793, 'epsilon': 1.8662266976518e-08, 'hidden_layer_sizes': 147, 'learning_rate_init': 0.0005627932047415167, 'tol': 0.03690557729213761, 'validation_fraction': 0.8846827852548593}, {'alpha': 0.001998246739232944, 'batch_size': 200, 'beta_1': 0.919111482530466, 'beta_2': 0.9998488260436156, 'epsilon': 5.981221901152555e-07, 'hidden_layer_sizes': 61, 'learning_rate_init': 2.2310905607443014e-05, 'tol': 1.2046852412030316e-05, 'validation_fraction': 0.8117896445826539}, {'alpha': 0.46659545670218433, 'batch_size': 219, 'beta_1': 0.9889789783750891, 'beta_2': 0.9999896868093284, 'epsilon': 2.4234724484675948e-08, 'hidden_layer_sizes': 167, 'learning_rate_init': 2.972334644335654e-05, 'tol': 0.0036281404040243792, 'validation_fraction': 0.17260651658522078}, {'alpha': 4.656005689076002, 'batch_size': 135, 'beta_1': 0.870503881627747, 'beta_2': 0.9948873266941017, 'epsilon': 2.1023308743480125e-07, 'hidden_layer_sizes': 118, 'learning_rate_init': 0.001878173875716191, 'tol': 1.1889379831773006e-05, 'validation_fraction': 0.6264327093752792}, {'alpha': 0.04705159350400542, 'batch_size': 158, 'beta_1': 0.9870884262730957, 'beta_2': 0.9999596874382349, 'epsilon': 1.1981845126013875e-08, 'hidden_layer_sizes': 116, 'learning_rate_init': 0.006173405204074311, 'tol': 1.7414134181586194e-05, 'validation_fraction': 0.6754299026638921}], [-0.676923076923077, -0.567032967032967, -0.545054945054945, -0.7824175824175824, -0.843956043956044])}
saving results
saving timing
saving suggest log
done
