running: {'--uuid': 'd5b7d1f775f65105a8c92c754ab86cc1', '-db-root': '/home/ryedida/smoothness-hpo/bbo_challenge_starter_kit/output', '--opt-root': '/home/ryedida/smoothness-hpo/bbo_challenge_starter_kit/example_submissions', '--data-root': None, '--db': 'run_20240113_043333', '--opt': 'random', '--data': 'breast', '--classifier': 'MLP-adam', '--metric': 'nll', '--calls': 15, '--suggestions': 1, '--jobs-file': None, '--verbose': False, 'dry_run': False, 'rev': 'a376313', 'opt_rev': '0.0.8'}
cmd: python /home/ryedida/.local/bin/bayesmark-exp -c MLP-adam -d breast -o random -u d5b7d1f775f65105a8c92c754ab86cc1 -m nll -n 15 -p 1 -dir /home/ryedida/smoothness-hpo/bbo_challenge_starter_kit/output -b run_20240113_043333
/home/ryedida/.local/lib/python3.8/site-packages/sklearn/neural_network/_multilayer_perceptron.py:603: UserWarning: Got `batch_size` less than 1 or larger than sample size. It is going to be clipped
  warnings.warn(

/home/ryedida/.local/lib/python3.8/site-packages/sklearn/neural_network/_multilayer_perceptron.py:603: UserWarning: Got `batch_size` less than 1 or larger than sample size. It is going to be clipped
  warnings.warn(

/home/ryedida/.local/lib/python3.8/site-packages/sklearn/neural_network/_multilayer_perceptron.py:603: UserWarning: Got `batch_size` less than 1 or larger than sample size. It is going to be clipped
  warnings.warn(

computed signature: ([{'alpha': 0.019628224813442792, 'batch_size': 182, 'beta_1': 0.9410202200271762, 'beta_2': 0.9998021557676793, 'epsilon': 1.8662266976518e-08, 'hidden_layer_sizes': 147, 'learning_rate_init': 0.0005627932047415167, 'tol': 0.03690557729213761, 'validation_fraction': 0.8846827852548593}, {'alpha': 0.001998246739232944, 'batch_size': 200, 'beta_1': 0.919111482530466, 'beta_2': 0.9998488260436156, 'epsilon': 5.981221901152555e-07, 'hidden_layer_sizes': 61, 'learning_rate_init': 2.2310905607443014e-05, 'tol': 1.2046852412030316e-05, 'validation_fraction': 0.8117896445826539}, {'alpha': 0.46659545670218433, 'batch_size': 219, 'beta_1': 0.9889789783750891, 'beta_2': 0.9999896868093284, 'epsilon': 2.4234724484675948e-08, 'hidden_layer_sizes': 167, 'learning_rate_init': 2.972334644335654e-05, 'tol': 0.0036281404040243792, 'validation_fraction': 0.17260651658522078}, {'alpha': 4.656005689076002, 'batch_size': 135, 'beta_1': 0.870503881627747, 'beta_2': 0.9948873266941017, 'epsilon': 2.1023308743480125e-07, 'hidden_layer_sizes': 118, 'learning_rate_init': 0.001878173875716191, 'tol': 1.1889379831773006e-05, 'validation_fraction': 0.6264327093752792}, {'alpha': 0.04705159350400542, 'batch_size': 158, 'beta_1': 0.9870884262730957, 'beta_2': 0.9999596874382349, 'epsilon': 1.1981845126013875e-08, 'hidden_layer_sizes': 116, 'learning_rate_init': 0.006173405204074311, 'tol': 1.7414134181586194e-05, 'validation_fraction': 0.6754299026638921}], [8.104566516477803, 14.643876498263253, 12.332285721418042, 5.269783589486869, 3.4904310816393633])
/home/ryedida/.local/lib/python3.8/site-packages/bayesmark/experiment.py:469: UserWarning: Baselines not found. Will not log intermediate scores.
  warnings.warn("Baselines not found. Will not log intermediate scores.")

starting sklearn study random MLP-adam breast nll 15 1
with data root: None
suggestion time taken 0.004465 iter 0 next_points [{'alpha': 0.026802297256882338, 'batch_size': 19, 'beta_1': 0.8670460761906873, 'beta_2': 0.989284765597058, 'epsilon': 2.466197443744703e-08, 'hidden_layer_sizes': 196, 'learning_rate_init': 1.04043804785483e-05, 'tol': 0.02082073788680258, 'validation_fraction': 0.8368290339472734}]
function_evaluation time 0.177788 value 15.204706 suggestion {'alpha': 0.026802297256882338, 'batch_size': 19, 'beta_1': 0.8670460761906873, 'beta_2': 0.989284765597058, 'epsilon': 2.466197443744703e-08, 'hidden_layer_sizes': 196, 'learning_rate_init': 1.04043804785483e-05, 'tol': 0.02082073788680258, 'validation_fraction': 0.8368290339472734}
observation time 0.000000, current best 15.204706 at iter 0
suggestion time taken 0.004195 iter 1 next_points [{'alpha': 0.00042035430353985857, 'batch_size': 55, 'beta_1': 0.7522588256149708, 'beta_2': 0.9985534381139827, 'epsilon': 2.094649840617817e-07, 'hidden_layer_sizes': 148, 'learning_rate_init': 0.0002264211569181492, 'tol': 1.056918521022503e-05, 'validation_fraction': 0.7022476293685254}]
function_evaluation time 0.204113 value 18.415165 suggestion {'alpha': 0.00042035430353985857, 'batch_size': 55, 'beta_1': 0.7522588256149708, 'beta_2': 0.9985534381139827, 'epsilon': 2.094649840617817e-07, 'hidden_layer_sizes': 148, 'learning_rate_init': 0.0002264211569181492, 'tol': 1.056918521022503e-05, 'validation_fraction': 0.7022476293685254}
observation time 0.000000, current best 15.204706 at iter 1
suggestion time taken 0.004161 iter 2 next_points [{'alpha': 0.013676750597181696, 'batch_size': 85, 'beta_1': 0.9810534880502669, 'beta_2': 0.9999958857101615, 'epsilon': 5.282044386034343e-07, 'hidden_layer_sizes': 182, 'learning_rate_init': 0.0009017147290101663, 'tol': 0.0014386495186668846, 'validation_fraction': 0.8231973232022428}]
/home/ryedida/.local/lib/python3.8/site-packages/sklearn/neural_network/_multilayer_perceptron.py:603: UserWarning: Got `batch_size` less than 1 or larger than sample size. It is going to be clipped
  warnings.warn(

function_evaluation time 0.175210 value 5.379586 suggestion {'alpha': 0.013676750597181696, 'batch_size': 85, 'beta_1': 0.9810534880502669, 'beta_2': 0.9999958857101615, 'epsilon': 5.282044386034343e-07, 'hidden_layer_sizes': 182, 'learning_rate_init': 0.0009017147290101663, 'tol': 0.0014386495186668846, 'validation_fraction': 0.8231973232022428}
observation time 0.000001, current best 5.379586 at iter 2
suggestion time taken 0.004144 iter 3 next_points [{'alpha': 0.9307709217542683, 'batch_size': 221, 'beta_1': 0.7586161558736904, 'beta_2': 0.9999027883141423, 'epsilon': 1.8020336630251883e-09, 'hidden_layer_sizes': 168, 'learning_rate_init': 0.0027935586491645683, 'tol': 2.1059689886563786e-05, 'validation_fraction': 0.6014818382597956}]
/home/ryedida/.local/lib/python3.8/site-packages/sklearn/neural_network/_multilayer_perceptron.py:603: UserWarning: Got `batch_size` less than 1 or larger than sample size. It is going to be clipped
  warnings.warn(

function_evaluation time 0.305951 value 0.437127 suggestion {'alpha': 0.9307709217542683, 'batch_size': 221, 'beta_1': 0.7586161558736904, 'beta_2': 0.9999027883141423, 'epsilon': 1.8020336630251883e-09, 'hidden_layer_sizes': 168, 'learning_rate_init': 0.0027935586491645683, 'tol': 2.1059689886563786e-05, 'validation_fraction': 0.6014818382597956}
observation time 0.000001, current best 0.437127 at iter 3
suggestion time taken 0.004144 iter 4 next_points [{'alpha': 0.013840484010260803, 'batch_size': 170, 'beta_1': 0.9085364440420304, 'beta_2': 0.9395077645816317, 'epsilon': 8.464381535061301e-07, 'hidden_layer_sizes': 64, 'learning_rate_init': 0.040583933001309754, 'tol': 0.00926128559184218, 'validation_fraction': 0.8129809574436346}]
/home/ryedida/.local/lib/python3.8/site-packages/sklearn/neural_network/_multilayer_perceptron.py:603: UserWarning: Got `batch_size` less than 1 or larger than sample size. It is going to be clipped
  warnings.warn(

function_evaluation time 0.155048 value 0.789445 suggestion {'alpha': 0.013840484010260803, 'batch_size': 170, 'beta_1': 0.9085364440420304, 'beta_2': 0.9395077645816317, 'epsilon': 8.464381535061301e-07, 'hidden_layer_sizes': 64, 'learning_rate_init': 0.040583933001309754, 'tol': 0.00926128559184218, 'validation_fraction': 0.8129809574436346}
observation time 0.000001, current best 0.437127 at iter 4
suggestion time taken 0.004129 iter 5 next_points [{'alpha': 0.004616352387147554, 'batch_size': 150, 'beta_1': 0.6887470309076147, 'beta_2': 0.9873393185047539, 'epsilon': 5.0838744260415125e-08, 'hidden_layer_sizes': 51, 'learning_rate_init': 0.03764787141287637, 'tol': 0.0028140039726031268, 'validation_fraction': 0.10410146392802219}]
function_evaluation time 0.177178 value 1.097648 suggestion {'alpha': 0.004616352387147554, 'batch_size': 150, 'beta_1': 0.6887470309076147, 'beta_2': 0.9873393185047539, 'epsilon': 5.0838744260415125e-08, 'hidden_layer_sizes': 51, 'learning_rate_init': 0.03764787141287637, 'tol': 0.0028140039726031268, 'validation_fraction': 0.10410146392802219}
observation time 0.000003, current best 0.437127 at iter 5
suggestion time taken 0.003490 iter 6 next_points [{'alpha': 0.00026536031633429255, 'batch_size': 243, 'beta_1': 0.6627631043152714, 'beta_2': 0.9999534638479901, 'epsilon': 4.231529752348237e-07, 'hidden_layer_sizes': 106, 'learning_rate_init': 0.06687618986102402, 'tol': 5.1238899626008975e-05, 'validation_fraction': 0.5605084064972683}]
/home/ryedida/.local/lib/python3.8/site-packages/sklearn/neural_network/_multilayer_perceptron.py:603: UserWarning: Got `batch_size` less than 1 or larger than sample size. It is going to be clipped
  warnings.warn(

function_evaluation time 0.277472 value 0.406859 suggestion {'alpha': 0.00026536031633429255, 'batch_size': 243, 'beta_1': 0.6627631043152714, 'beta_2': 0.9999534638479901, 'epsilon': 4.231529752348237e-07, 'hidden_layer_sizes': 106, 'learning_rate_init': 0.06687618986102402, 'tol': 5.1238899626008975e-05, 'validation_fraction': 0.5605084064972683}
observation time 0.000001, current best 0.406859 at iter 6
suggestion time taken 0.004171 iter 7 next_points [{'alpha': 2.4722064553413543e-05, 'batch_size': 153, 'beta_1': 0.6093115416454065, 'beta_2': 0.9999827446189872, 'epsilon': 1.2358199074641282e-08, 'hidden_layer_sizes': 90, 'learning_rate_init': 3.802511148645669e-05, 'tol': 0.012906895590964305, 'validation_fraction': 0.46159573499523815}]
function_evaluation time 0.131286 value 14.601342 suggestion {'alpha': 2.4722064553413543e-05, 'batch_size': 153, 'beta_1': 0.6093115416454065, 'beta_2': 0.9999827446189872, 'epsilon': 1.2358199074641282e-08, 'hidden_layer_sizes': 90, 'learning_rate_init': 3.802511148645669e-05, 'tol': 0.012906895590964305, 'validation_fraction': 0.46159573499523815}
observation time 0.000001, current best 0.406859 at iter 7
suggestion time taken 0.004156 iter 8 next_points [{'alpha': 1.866794505238172, 'batch_size': 146, 'beta_1': 0.8788240075293932, 'beta_2': 0.9987785479610801, 'epsilon': 1.701713209512331e-09, 'hidden_layer_sizes': 56, 'learning_rate_init': 0.0006620233047674663, 'tol': 0.0028607450666523226, 'validation_fraction': 0.5120257469258419}]
function_evaluation time 0.368223 value 5.585355 suggestion {'alpha': 1.866794505238172, 'batch_size': 146, 'beta_1': 0.8788240075293932, 'beta_2': 0.9987785479610801, 'epsilon': 1.701713209512331e-09, 'hidden_layer_sizes': 56, 'learning_rate_init': 0.0006620233047674663, 'tol': 0.0028607450666523226, 'validation_fraction': 0.5120257469258419}
observation time 0.000000, current best 0.406859 at iter 8
suggestion time taken 0.004144 iter 9 next_points [{'alpha': 0.8725419035721299, 'batch_size': 190, 'beta_1': 0.9708298894897276, 'beta_2': 0.9971328237565271, 'epsilon': 1.2113317449807218e-07, 'hidden_layer_sizes': 75, 'learning_rate_init': 0.07868486611921703, 'tol': 9.90079912314743e-05, 'validation_fraction': 0.6486896519658967}]
/home/ryedida/.local/lib/python3.8/site-packages/sklearn/neural_network/_multilayer_perceptron.py:603: UserWarning: Got `batch_size` less than 1 or larger than sample size. It is going to be clipped
  warnings.warn(

function_evaluation time 0.161936 value 3.105402 suggestion {'alpha': 0.8725419035721299, 'batch_size': 190, 'beta_1': 0.9708298894897276, 'beta_2': 0.9971328237565271, 'epsilon': 1.2113317449807218e-07, 'hidden_layer_sizes': 75, 'learning_rate_init': 0.07868486611921703, 'tol': 9.90079912314743e-05, 'validation_fraction': 0.6486896519658967}
observation time 0.000001, current best 0.406859 at iter 9
suggestion time taken 0.004137 iter 10 next_points [{'alpha': 0.0017755836674551348, 'batch_size': 207, 'beta_1': 0.9806728785064066, 'beta_2': 0.9998671145453573, 'epsilon': 1.3803898842449574e-08, 'hidden_layer_sizes': 131, 'learning_rate_init': 0.0006161935192021006, 'tol': 6.0564918022892396e-05, 'validation_fraction': 0.7705909191333614}]
/home/ryedida/.local/lib/python3.8/site-packages/sklearn/neural_network/_multilayer_perceptron.py:603: UserWarning: Got `batch_size` less than 1 or larger than sample size. It is going to be clipped
  warnings.warn(

function_evaluation time 0.143108 value 7.868568 suggestion {'alpha': 0.0017755836674551348, 'batch_size': 207, 'beta_1': 0.9806728785064066, 'beta_2': 0.9998671145453573, 'epsilon': 1.3803898842449574e-08, 'hidden_layer_sizes': 131, 'learning_rate_init': 0.0006161935192021006, 'tol': 6.0564918022892396e-05, 'validation_fraction': 0.7705909191333614}
observation time 0.000001, current best 0.406859 at iter 10
suggestion time taken 0.004148 iter 11 next_points [{'alpha': 1.2417426579713584e-05, 'batch_size': 58, 'beta_1': 0.97195282393451, 'beta_2': 0.9989683661430235, 'epsilon': 2.70329328009213e-08, 'hidden_layer_sizes': 132, 'learning_rate_init': 0.00048110709992915755, 'tol': 0.00869270210285187, 'validation_fraction': 0.826611224491856}]
function_evaluation time 0.276146 value 4.211065 suggestion {'alpha': 1.2417426579713584e-05, 'batch_size': 58, 'beta_1': 0.97195282393451, 'beta_2': 0.9989683661430235, 'epsilon': 2.70329328009213e-08, 'hidden_layer_sizes': 132, 'learning_rate_init': 0.00048110709992915755, 'tol': 0.00869270210285187, 'validation_fraction': 0.826611224491856}
observation time 0.000001, current best 0.406859 at iter 11
suggestion time taken 0.004142 iter 12 next_points [{'alpha': 3.0215164839118716, 'batch_size': 29, 'beta_1': 0.8483469284633012, 'beta_2': 0.9999986770474307, 'epsilon': 2.615189100557161e-08, 'hidden_layer_sizes': 67, 'learning_rate_init': 0.00038205200891505155, 'tol': 1.3869586311375209e-05, 'validation_fraction': 0.8311354993101365}]
function_evaluation time 0.325537 value 7.193487 suggestion {'alpha': 3.0215164839118716, 'batch_size': 29, 'beta_1': 0.8483469284633012, 'beta_2': 0.9999986770474307, 'epsilon': 2.615189100557161e-08, 'hidden_layer_sizes': 67, 'learning_rate_init': 0.00038205200891505155, 'tol': 1.3869586311375209e-05, 'validation_fraction': 0.8311354993101365}
observation time 0.000001, current best 0.406859 at iter 12
suggestion time taken 0.004163 iter 13 next_points [{'alpha': 8.08152322491445, 'batch_size': 38, 'beta_1': 0.9829923792813413, 'beta_2': 0.9896848019050655, 'epsilon': 7.107827428051605e-07, 'hidden_layer_sizes': 108, 'learning_rate_init': 0.015461597733466188, 'tol': 1.146589208930709e-05, 'validation_fraction': 0.11364453647058419}]
function_evaluation time 0.487501 value 1.582048 suggestion {'alpha': 8.08152322491445, 'batch_size': 38, 'beta_1': 0.9829923792813413, 'beta_2': 0.9896848019050655, 'epsilon': 7.107827428051605e-07, 'hidden_layer_sizes': 108, 'learning_rate_init': 0.015461597733466188, 'tol': 1.146589208930709e-05, 'validation_fraction': 0.11364453647058419}
observation time 0.000001, current best 0.406859 at iter 13
suggestion time taken 0.004145 iter 14 next_points [{'alpha': 0.09197601374748983, 'batch_size': 64, 'beta_1': 0.9748062210989514, 'beta_2': 0.9999888827059276, 'epsilon': 9.402830744889574e-07, 'hidden_layer_sizes': 200, 'learning_rate_init': 0.03588204972701, 'tol': 0.03288807294480628, 'validation_fraction': 0.8050612748666761}]
function_evaluation time 0.213397 value 2.627557 suggestion {'alpha': 0.09197601374748983, 'batch_size': 64, 'beta_1': 0.9748062210989514, 'beta_2': 0.9999888827059276, 'epsilon': 9.402830744889574e-07, 'hidden_layer_sizes': 200, 'learning_rate_init': 0.03588204972701, 'tol': 0.03288807294480628, 'validation_fraction': 0.8050612748666761}
observation time 0.000000, current best 0.406859 at iter 14
saving meta data: {'args': {'--uuid': 'd5b7d1f775f65105a8c92c754ab86cc1', '-db-root': '/home/ryedida/smoothness-hpo/bbo_challenge_starter_kit/output', '--opt-root': '/home/ryedida/smoothness-hpo/bbo_challenge_starter_kit/example_submissions', '--data-root': None, '--db': 'run_20240113_043333', '--opt': 'random', '--data': 'breast', '--classifier': 'MLP-adam', '--metric': 'nll', '--calls': 15, '--suggestions': 1, '--jobs-file': None, '--verbose': False, 'dry_run': False, 'rev': 'a376313', 'opt_rev': '0.0.8'}, 'signature': ([{'alpha': 0.019628224813442792, 'batch_size': 182, 'beta_1': 0.9410202200271762, 'beta_2': 0.9998021557676793, 'epsilon': 1.8662266976518e-08, 'hidden_layer_sizes': 147, 'learning_rate_init': 0.0005627932047415167, 'tol': 0.03690557729213761, 'validation_fraction': 0.8846827852548593}, {'alpha': 0.001998246739232944, 'batch_size': 200, 'beta_1': 0.919111482530466, 'beta_2': 0.9998488260436156, 'epsilon': 5.981221901152555e-07, 'hidden_layer_sizes': 61, 'learning_rate_init': 2.2310905607443014e-05, 'tol': 1.2046852412030316e-05, 'validation_fraction': 0.8117896445826539}, {'alpha': 0.46659545670218433, 'batch_size': 219, 'beta_1': 0.9889789783750891, 'beta_2': 0.9999896868093284, 'epsilon': 2.4234724484675948e-08, 'hidden_layer_sizes': 167, 'learning_rate_init': 2.972334644335654e-05, 'tol': 0.0036281404040243792, 'validation_fraction': 0.17260651658522078}, {'alpha': 4.656005689076002, 'batch_size': 135, 'beta_1': 0.870503881627747, 'beta_2': 0.9948873266941017, 'epsilon': 2.1023308743480125e-07, 'hidden_layer_sizes': 118, 'learning_rate_init': 0.001878173875716191, 'tol': 1.1889379831773006e-05, 'validation_fraction': 0.6264327093752792}, {'alpha': 0.04705159350400542, 'batch_size': 158, 'beta_1': 0.9870884262730957, 'beta_2': 0.9999596874382349, 'epsilon': 1.1981845126013875e-08, 'hidden_layer_sizes': 116, 'learning_rate_init': 0.006173405204074311, 'tol': 1.7414134181586194e-05, 'validation_fraction': 0.6754299026638921}], [8.104566516477803, 14.643876498263253, 12.332285721418042, 5.269783589486869, 3.4904310816393633])}
saving results
saving timing
saving suggest log
done
