running: {'--uuid': 'e34b3450eeee5e8e997fc02c3249003a', '-db-root': '/home/ryedida/smoothness-hpo/bbo_challenge_starter_kit/output', '--opt-root': '/home/ryedida/smoothness-hpo/bbo_challenge_starter_kit/example_submissions', '--data-root': None, '--db': 'run_20240113_043333', '--opt': 'stcvx', '--data': 'breast', '--classifier': 'MLP-adam', '--metric': 'nll', '--calls': 15, '--suggestions': 1, '--jobs-file': None, '--verbose': False, 'dry_run': False, 'rev': 'a376313', 'opt_rev': 'x.x.x'}
cmd: python stcvx/optimizer.py -c MLP-adam -d breast -o stcvx -u e34b3450eeee5e8e997fc02c3249003a -m nll -n 15 -p 1 -dir /home/ryedida/smoothness-hpo/bbo_challenge_starter_kit/output -b run_20240113_043333
/home/ryedida/.local/lib/python3.8/site-packages/sklearn/neural_network/_multilayer_perceptron.py:603: UserWarning: Got `batch_size` less than 1 or larger than sample size. It is going to be clipped
  warnings.warn(

/home/ryedida/.local/lib/python3.8/site-packages/sklearn/neural_network/_multilayer_perceptron.py:603: UserWarning: Got `batch_size` less than 1 or larger than sample size. It is going to be clipped
  warnings.warn(

/home/ryedida/.local/lib/python3.8/site-packages/sklearn/neural_network/_multilayer_perceptron.py:603: UserWarning: Got `batch_size` less than 1 or larger than sample size. It is going to be clipped
  warnings.warn(

computed signature: ([{'alpha': 0.019628224813442792, 'batch_size': 182, 'beta_1': 0.9410202200271762, 'beta_2': 0.9998021557676793, 'epsilon': 1.8662266976518e-08, 'hidden_layer_sizes': 147, 'learning_rate_init': 0.0005627932047415167, 'tol': 0.03690557729213761, 'validation_fraction': 0.8846827852548593}, {'alpha': 0.001998246739232944, 'batch_size': 200, 'beta_1': 0.919111482530466, 'beta_2': 0.9998488260436156, 'epsilon': 5.981221901152555e-07, 'hidden_layer_sizes': 61, 'learning_rate_init': 2.2310905607443014e-05, 'tol': 1.2046852412030316e-05, 'validation_fraction': 0.8117896445826539}, {'alpha': 0.46659545670218433, 'batch_size': 219, 'beta_1': 0.9889789783750891, 'beta_2': 0.9999896868093284, 'epsilon': 2.4234724484675948e-08, 'hidden_layer_sizes': 167, 'learning_rate_init': 2.972334644335654e-05, 'tol': 0.0036281404040243792, 'validation_fraction': 0.17260651658522078}, {'alpha': 4.656005689076002, 'batch_size': 135, 'beta_1': 0.870503881627747, 'beta_2': 0.9948873266941017, 'epsilon': 2.1023308743480125e-07, 'hidden_layer_sizes': 118, 'learning_rate_init': 0.001878173875716191, 'tol': 1.1889379831773006e-05, 'validation_fraction': 0.6264327093752792}, {'alpha': 0.04705159350400542, 'batch_size': 158, 'beta_1': 0.9870884262730957, 'beta_2': 0.9999596874382349, 'epsilon': 1.1981845126013875e-08, 'hidden_layer_sizes': 116, 'learning_rate_init': 0.006173405204074311, 'tol': 1.7414134181586194e-05, 'validation_fraction': 0.6754299026638921}], [8.104566516477803, 14.643876498263253, 12.332285721418042, 5.269783589486869, 3.4904310816393633])
/home/ryedida/.local/lib/python3.8/site-packages/bayesmark/experiment.py:469: UserWarning: Baselines not found. Will not log intermediate scores.
  warnings.warn("Baselines not found. Will not log intermediate scores.")

starting sklearn study stcvx MLP-adam breast nll 15 1
with data root: None
suggestion time taken 25.357139 iter 0 next_points [{'alpha': 0.0001671168135991258, 'batch_size': 27, 'beta_1': 0.5805996608753989, 'beta_2': 0.9440797651960692, 'epsilon': 3.932301027803243e-09, 'hidden_layer_sizes': 104, 'learning_rate_init': 0.00019147189615398576, 'tol': 0.008676535900045702, 'validation_fraction': 0.6378531582364595}]
function_evaluation time 0.569864 value 5.273361 suggestion {'alpha': 0.0001671168135991258, 'batch_size': 27, 'beta_1': 0.5805996608753989, 'beta_2': 0.9440797651960692, 'epsilon': 3.932301027803243e-09, 'hidden_layer_sizes': 104, 'learning_rate_init': 0.00019147189615398576, 'tol': 0.008676535900045702, 'validation_fraction': 0.6378531582364595}
observation time 0.000002, current best 5.273361 at iter 0
suggestion time taken 23.546376 iter 1 next_points [{'alpha': 0.00964391690015417, 'batch_size': 11, 'beta_1': 0.9866825617819281, 'beta_2': 0.9999964206145869, 'epsilon': 2.2860430523683303e-08, 'hidden_layer_sizes': 62, 'learning_rate_init': 0.053884706603487965, 'tol': 1.3716384865977987e-05, 'validation_fraction': 0.8932314275506934}]
function_evaluation time 0.277271 value 1.327784 suggestion {'alpha': 0.00964391690015417, 'batch_size': 11, 'beta_1': 0.9866825617819281, 'beta_2': 0.9999964206145869, 'epsilon': 2.2860430523683303e-08, 'hidden_layer_sizes': 62, 'learning_rate_init': 0.053884706603487965, 'tol': 1.3716384865977987e-05, 'validation_fraction': 0.8932314275506934}
observation time 0.000005, current best 1.327784 at iter 1
suggestion time taken 21.815538 iter 2 next_points [{'alpha': 1.3498759270925518, 'batch_size': 12, 'beta_1': 0.9858943638949609, 'beta_2': 0.9916787717199288, 'epsilon': 2.9245979865345915e-07, 'hidden_layer_sizes': 178, 'learning_rate_init': 0.00022182065370719502, 'tol': 0.08306417105457667, 'validation_fraction': 0.8658143579959924}]
function_evaluation time 0.228660 value 0.968657 suggestion {'alpha': 1.3498759270925518, 'batch_size': 12, 'beta_1': 0.9858943638949609, 'beta_2': 0.9916787717199288, 'epsilon': 2.9245979865345915e-07, 'hidden_layer_sizes': 178, 'learning_rate_init': 0.00022182065370719502, 'tol': 0.08306417105457667, 'validation_fraction': 0.8658143579959924}
observation time 0.000001, current best 0.968657 at iter 2
suggestion time taken 22.804704 iter 3 next_points [{'alpha': 0.6293771088244335, 'batch_size': 11, 'beta_1': 0.9864741553520439, 'beta_2': 0.9999743874616337, 'epsilon': 1.2815487809299108e-09, 'hidden_layer_sizes': 151, 'learning_rate_init': 0.00010455596578842537, 'tol': 0.0021963426969444986, 'validation_fraction': 0.32103975620315756}]
function_evaluation time 1.594341 value 0.363104 suggestion {'alpha': 0.6293771088244335, 'batch_size': 11, 'beta_1': 0.9864741553520439, 'beta_2': 0.9999743874616337, 'epsilon': 1.2815487809299108e-09, 'hidden_layer_sizes': 151, 'learning_rate_init': 0.00010455596578842537, 'tol': 0.0021963426969444986, 'validation_fraction': 0.32103975620315756}
observation time 0.000009, current best 0.363104 at iter 3
suggestion time taken 22.664223 iter 4 next_points [{'alpha': 0.07484672340285821, 'batch_size': 50, 'beta_1': 0.9380977902631882, 'beta_2': 0.9999802889940963, 'epsilon': 4.7033323211448156e-07, 'hidden_layer_sizes': 54, 'learning_rate_init': 5.4018244575382255e-05, 'tol': 0.0020406764036423933, 'validation_fraction': 0.21016223624433691}]
function_evaluation time 0.163454 value 16.472344 suggestion {'alpha': 0.07484672340285821, 'batch_size': 50, 'beta_1': 0.9380977902631882, 'beta_2': 0.9999802889940963, 'epsilon': 4.7033323211448156e-07, 'hidden_layer_sizes': 54, 'learning_rate_init': 5.4018244575382255e-05, 'tol': 0.0020406764036423933, 'validation_fraction': 0.21016223624433691}
observation time 0.000001, current best 0.363104 at iter 4
suggestion time taken 21.218892 iter 5 next_points [{'alpha': 0.0059682199439530315, 'batch_size': 15, 'beta_1': 0.6821954357464911, 'beta_2': 0.9999967049843762, 'epsilon': 8.730080875676544e-07, 'hidden_layer_sizes': 123, 'learning_rate_init': 0.08154083481843839, 'tol': 0.01892913081503976, 'validation_fraction': 0.1615657199534219}]
function_evaluation time 0.623727 value 0.419005 suggestion {'alpha': 0.0059682199439530315, 'batch_size': 15, 'beta_1': 0.6821954357464911, 'beta_2': 0.9999967049843762, 'epsilon': 8.730080875676544e-07, 'hidden_layer_sizes': 123, 'learning_rate_init': 0.08154083481843839, 'tol': 0.01892913081503976, 'validation_fraction': 0.1615657199534219}
observation time 0.000002, current best 0.363104 at iter 5
suggestion time taken 21.903574 iter 6 next_points [{'alpha': 0.8887129827407574, 'batch_size': 11, 'beta_1': 0.9877559291746818, 'beta_2': 0.999901243721417, 'epsilon': 5.518851940030004e-09, 'hidden_layer_sizes': 74, 'learning_rate_init': 1.3222480621918564e-05, 'tol': 0.000878576768778146, 'validation_fraction': 0.21548632756876532}]
function_evaluation time 0.527471 value 8.342953 suggestion {'alpha': 0.8887129827407574, 'batch_size': 11, 'beta_1': 0.9877559291746818, 'beta_2': 0.999901243721417, 'epsilon': 5.518851940030004e-09, 'hidden_layer_sizes': 74, 'learning_rate_init': 1.3222480621918564e-05, 'tol': 0.000878576768778146, 'validation_fraction': 0.21548632756876532}
observation time 0.000001, current best 0.363104 at iter 6
suggestion time taken 20.482511 iter 7 next_points [{'alpha': 2.0891982075661004, 'batch_size': 15, 'beta_1': 0.9474854271411288, 'beta_2': 0.9999565211295303, 'epsilon': 6.03183236136561e-07, 'hidden_layer_sizes': 51, 'learning_rate_init': 0.028569886315497953, 'tol': 0.011925450801765162, 'validation_fraction': 0.7017360454010187}]
function_evaluation time 0.305363 value 0.734973 suggestion {'alpha': 2.0891982075661004, 'batch_size': 15, 'beta_1': 0.9474854271411288, 'beta_2': 0.9999565211295303, 'epsilon': 6.03183236136561e-07, 'hidden_layer_sizes': 51, 'learning_rate_init': 0.028569886315497953, 'tol': 0.011925450801765162, 'validation_fraction': 0.7017360454010187}
observation time 0.000002, current best 0.363104 at iter 7
suggestion time taken 20.937347 iter 8 next_points [{'alpha': 0.003366764740335697, 'batch_size': 18, 'beta_1': 0.9415618746202729, 'beta_2': 0.9969913408235793, 'epsilon': 7.763457133036111e-08, 'hidden_layer_sizes': 125, 'learning_rate_init': 0.033999001663930516, 'tol': 0.023739504895311934, 'validation_fraction': 0.5936228732060793}]
function_evaluation time 0.356097 value 0.411171 suggestion {'alpha': 0.003366764740335697, 'batch_size': 18, 'beta_1': 0.9415618746202729, 'beta_2': 0.9969913408235793, 'epsilon': 7.763457133036111e-08, 'hidden_layer_sizes': 125, 'learning_rate_init': 0.033999001663930516, 'tol': 0.023739504895311934, 'validation_fraction': 0.5936228732060793}
observation time 0.000002, current best 0.363104 at iter 8
suggestion time taken 20.092342 iter 9 next_points [{'alpha': 0.058294187443502225, 'batch_size': 14, 'beta_1': 0.7046033058295831, 'beta_2': 0.999997200318503, 'epsilon': 1.3230922099481576e-09, 'hidden_layer_sizes': 98, 'learning_rate_init': 2.707441635620038e-05, 'tol': 0.006905759734173198, 'validation_fraction': 0.1950551547811615}]
function_evaluation time 0.666150 value 11.910989 suggestion {'alpha': 0.058294187443502225, 'batch_size': 14, 'beta_1': 0.7046033058295831, 'beta_2': 0.999997200318503, 'epsilon': 1.3230922099481576e-09, 'hidden_layer_sizes': 98, 'learning_rate_init': 2.707441635620038e-05, 'tol': 0.006905759734173198, 'validation_fraction': 0.1950551547811615}
observation time 0.000001, current best 0.363104 at iter 9
suggestion time taken 20.129352 iter 10 next_points [{'alpha': 3.4538300991841413, 'batch_size': 13, 'beta_1': 0.5889186549777929, 'beta_2': 0.9994572768772088, 'epsilon': 6.3453709619703845e-09, 'hidden_layer_sizes': 171, 'learning_rate_init': 0.0017331539839218948, 'tol': 0.001829297585280203, 'validation_fraction': 0.7066790732104039}]
function_evaluation time 0.614422 value 0.387821 suggestion {'alpha': 3.4538300991841413, 'batch_size': 13, 'beta_1': 0.5889186549777929, 'beta_2': 0.9994572768772088, 'epsilon': 6.3453709619703845e-09, 'hidden_layer_sizes': 171, 'learning_rate_init': 0.0017331539839218948, 'tol': 0.001829297585280203, 'validation_fraction': 0.7066790732104039}
observation time 0.000002, current best 0.363104 at iter 10
suggestion time taken 20.500645 iter 11 next_points [{'alpha': 0.1310839061423972, 'batch_size': 13, 'beta_1': 0.9049089383510102, 'beta_2': 0.9447295375793132, 'epsilon': 6.012496937964669e-08, 'hidden_layer_sizes': 126, 'learning_rate_init': 1.491196300131574e-05, 'tol': 0.0007752593803443895, 'validation_fraction': 0.36202168330795104}]
function_evaluation time 0.861900 value 14.389613 suggestion {'alpha': 0.1310839061423972, 'batch_size': 13, 'beta_1': 0.9049089383510102, 'beta_2': 0.9447295375793132, 'epsilon': 6.012496937964669e-08, 'hidden_layer_sizes': 126, 'learning_rate_init': 1.491196300131574e-05, 'tol': 0.0007752593803443895, 'validation_fraction': 0.36202168330795104}
observation time 0.000002, current best 0.363104 at iter 11
suggestion time taken 20.067029 iter 12 next_points [{'alpha': 0.0014676206508093578, 'batch_size': 16, 'beta_1': 0.8597894079964234, 'beta_2': 0.9999440317705416, 'epsilon': 7.475109900803467e-07, 'hidden_layer_sizes': 53, 'learning_rate_init': 0.010009036123421291, 'tol': 0.00026812354844079516, 'validation_fraction': 0.12109652229995654}]
function_evaluation time 0.554543 value 0.519114 suggestion {'alpha': 0.0014676206508093578, 'batch_size': 16, 'beta_1': 0.8597894079964234, 'beta_2': 0.9999440317705416, 'epsilon': 7.475109900803467e-07, 'hidden_layer_sizes': 53, 'learning_rate_init': 0.010009036123421291, 'tol': 0.00026812354844079516, 'validation_fraction': 0.12109652229995654}
observation time 0.000004, current best 0.363104 at iter 12
suggestion time taken 20.242469 iter 13 next_points [{'alpha': 0.04839833902821307, 'batch_size': 11, 'beta_1': 0.9883782275931298, 'beta_2': 0.9999160618557831, 'epsilon': 6.059851412930966e-07, 'hidden_layer_sizes': 58, 'learning_rate_init': 0.012217159732544626, 'tol': 0.002560081025389144, 'validation_fraction': 0.8704149531335981}]
function_evaluation time 0.293518 value 1.097293 suggestion {'alpha': 0.04839833902821307, 'batch_size': 11, 'beta_1': 0.9883782275931298, 'beta_2': 0.9999160618557831, 'epsilon': 6.059851412930966e-07, 'hidden_layer_sizes': 58, 'learning_rate_init': 0.012217159732544626, 'tol': 0.002560081025389144, 'validation_fraction': 0.8704149531335981}
observation time 0.000002, current best 0.363104 at iter 13
suggestion time taken 20.140708 iter 14 next_points [{'alpha': 0.00013023643949563592, 'batch_size': 17, 'beta_1': 0.7839581303608592, 'beta_2': 0.9972973402186919, 'epsilon': 2.1934768800859293e-07, 'hidden_layer_sizes': 67, 'learning_rate_init': 0.0013515854809691772, 'tol': 0.05682260669456479, 'validation_fraction': 0.12082079594048328}]
function_evaluation time 0.431211 value 1.090176 suggestion {'alpha': 0.00013023643949563592, 'batch_size': 17, 'beta_1': 0.7839581303608592, 'beta_2': 0.9972973402186919, 'epsilon': 2.1934768800859293e-07, 'hidden_layer_sizes': 67, 'learning_rate_init': 0.0013515854809691772, 'tol': 0.05682260669456479, 'validation_fraction': 0.12082079594048328}
observation time 0.000001, current best 0.363104 at iter 14
saving meta data: {'args': {'--uuid': 'e34b3450eeee5e8e997fc02c3249003a', '-db-root': '/home/ryedida/smoothness-hpo/bbo_challenge_starter_kit/output', '--opt-root': '/home/ryedida/smoothness-hpo/bbo_challenge_starter_kit/example_submissions', '--data-root': None, '--db': 'run_20240113_043333', '--opt': 'stcvx', '--data': 'breast', '--classifier': 'MLP-adam', '--metric': 'nll', '--calls': 15, '--suggestions': 1, '--jobs-file': None, '--verbose': False, 'dry_run': False, 'rev': 'a376313', 'opt_rev': 'x.x.x'}, 'signature': ([{'alpha': 0.019628224813442792, 'batch_size': 182, 'beta_1': 0.9410202200271762, 'beta_2': 0.9998021557676793, 'epsilon': 1.8662266976518e-08, 'hidden_layer_sizes': 147, 'learning_rate_init': 0.0005627932047415167, 'tol': 0.03690557729213761, 'validation_fraction': 0.8846827852548593}, {'alpha': 0.001998246739232944, 'batch_size': 200, 'beta_1': 0.919111482530466, 'beta_2': 0.9998488260436156, 'epsilon': 5.981221901152555e-07, 'hidden_layer_sizes': 61, 'learning_rate_init': 2.2310905607443014e-05, 'tol': 1.2046852412030316e-05, 'validation_fraction': 0.8117896445826539}, {'alpha': 0.46659545670218433, 'batch_size': 219, 'beta_1': 0.9889789783750891, 'beta_2': 0.9999896868093284, 'epsilon': 2.4234724484675948e-08, 'hidden_layer_sizes': 167, 'learning_rate_init': 2.972334644335654e-05, 'tol': 0.0036281404040243792, 'validation_fraction': 0.17260651658522078}, {'alpha': 4.656005689076002, 'batch_size': 135, 'beta_1': 0.870503881627747, 'beta_2': 0.9948873266941017, 'epsilon': 2.1023308743480125e-07, 'hidden_layer_sizes': 118, 'learning_rate_init': 0.001878173875716191, 'tol': 1.1889379831773006e-05, 'validation_fraction': 0.6264327093752792}, {'alpha': 0.04705159350400542, 'batch_size': 158, 'beta_1': 0.9870884262730957, 'beta_2': 0.9999596874382349, 'epsilon': 1.1981845126013875e-08, 'hidden_layer_sizes': 116, 'learning_rate_init': 0.006173405204074311, 'tol': 1.7414134181586194e-05, 'validation_fraction': 0.6754299026638921}], [8.104566516477803, 14.643876498263253, 12.332285721418042, 5.269783589486869, 3.4904310816393633])}
saving results
saving timing
saving suggest log
done
