running: {'--uuid': 'fd80114bb6125dcebba02ef61d9e8294', '-db-root': '/home/ryedida/smoothness-hpo/bbo_challenge_starter_kit/output', '--opt-root': '/home/ryedida/smoothness-hpo/bbo_challenge_starter_kit/example_submissions', '--data-root': None, '--db': 'run_20240113_043333', '--opt': 'stcvx', '--data': 'breast', '--classifier': 'MLP-adam', '--metric': 'nll', '--calls': 15, '--suggestions': 1, '--jobs-file': None, '--verbose': False, 'dry_run': False, 'rev': 'a376313', 'opt_rev': 'x.x.x'}
cmd: python stcvx/optimizer.py -c MLP-adam -d breast -o stcvx -u fd80114bb6125dcebba02ef61d9e8294 -m nll -n 15 -p 1 -dir /home/ryedida/smoothness-hpo/bbo_challenge_starter_kit/output -b run_20240113_043333
/home/ryedida/.local/lib/python3.8/site-packages/sklearn/neural_network/_multilayer_perceptron.py:603: UserWarning: Got `batch_size` less than 1 or larger than sample size. It is going to be clipped
  warnings.warn(

/home/ryedida/.local/lib/python3.8/site-packages/sklearn/neural_network/_multilayer_perceptron.py:603: UserWarning: Got `batch_size` less than 1 or larger than sample size. It is going to be clipped
  warnings.warn(

/home/ryedida/.local/lib/python3.8/site-packages/sklearn/neural_network/_multilayer_perceptron.py:603: UserWarning: Got `batch_size` less than 1 or larger than sample size. It is going to be clipped
  warnings.warn(

computed signature: ([{'alpha': 0.019628224813442792, 'batch_size': 182, 'beta_1': 0.9410202200271762, 'beta_2': 0.9998021557676793, 'epsilon': 1.8662266976518e-08, 'hidden_layer_sizes': 147, 'learning_rate_init': 0.0005627932047415167, 'tol': 0.03690557729213761, 'validation_fraction': 0.8846827852548593}, {'alpha': 0.001998246739232944, 'batch_size': 200, 'beta_1': 0.919111482530466, 'beta_2': 0.9998488260436156, 'epsilon': 5.981221901152555e-07, 'hidden_layer_sizes': 61, 'learning_rate_init': 2.2310905607443014e-05, 'tol': 1.2046852412030316e-05, 'validation_fraction': 0.8117896445826539}, {'alpha': 0.46659545670218433, 'batch_size': 219, 'beta_1': 0.9889789783750891, 'beta_2': 0.9999896868093284, 'epsilon': 2.4234724484675948e-08, 'hidden_layer_sizes': 167, 'learning_rate_init': 2.972334644335654e-05, 'tol': 0.0036281404040243792, 'validation_fraction': 0.17260651658522078}, {'alpha': 4.656005689076002, 'batch_size': 135, 'beta_1': 0.870503881627747, 'beta_2': 0.9948873266941017, 'epsilon': 2.1023308743480125e-07, 'hidden_layer_sizes': 118, 'learning_rate_init': 0.001878173875716191, 'tol': 1.1889379831773006e-05, 'validation_fraction': 0.6264327093752792}, {'alpha': 0.04705159350400542, 'batch_size': 158, 'beta_1': 0.9870884262730957, 'beta_2': 0.9999596874382349, 'epsilon': 1.1981845126013875e-08, 'hidden_layer_sizes': 116, 'learning_rate_init': 0.006173405204074311, 'tol': 1.7414134181586194e-05, 'validation_fraction': 0.6754299026638921}], [8.104566516477803, 14.643876498263253, 12.332285721418042, 5.269783589486869, 3.4904310816393633])
/home/ryedida/.local/lib/python3.8/site-packages/bayesmark/experiment.py:469: UserWarning: Baselines not found. Will not log intermediate scores.
  warnings.warn("Baselines not found. Will not log intermediate scores.")

starting sklearn study stcvx MLP-adam breast nll 15 1
with data root: None
suggestion time taken 29.971048 iter 0 next_points [{'alpha': 2.349727223945892e-05, 'batch_size': 67, 'beta_1': 0.7292712721902297, 'beta_2': 0.9999518753031266, 'epsilon': 9.489082000449066e-07, 'hidden_layer_sizes': 52, 'learning_rate_init': 0.00016380678992566075, 'tol': 3.224208885259559e-05, 'validation_fraction': 0.6662372383530367}]
function_evaluation time 0.126797 value 17.015890 suggestion {'alpha': 2.349727223945892e-05, 'batch_size': 67, 'beta_1': 0.7292712721902297, 'beta_2': 0.9999518753031266, 'epsilon': 9.489082000449066e-07, 'hidden_layer_sizes': 52, 'learning_rate_init': 0.00016380678992566075, 'tol': 3.224208885259559e-05, 'validation_fraction': 0.6662372383530367}
observation time 0.000002, current best 17.015890 at iter 0
suggestion time taken 24.685077 iter 1 next_points [{'alpha': 2.0563134280412085, 'batch_size': 16, 'beta_1': 0.8134886575837094, 'beta_2': 0.9999830947586086, 'epsilon': 5.280174941082431e-07, 'hidden_layer_sizes': 145, 'learning_rate_init': 0.0033674151641035163, 'tol': 0.0071464705257796, 'validation_fraction': 0.6901421012546066}]
function_evaluation time 0.378173 value 0.449371 suggestion {'alpha': 2.0563134280412085, 'batch_size': 16, 'beta_1': 0.8134886575837094, 'beta_2': 0.9999830947586086, 'epsilon': 5.280174941082431e-07, 'hidden_layer_sizes': 145, 'learning_rate_init': 0.0033674151641035163, 'tol': 0.0071464705257796, 'validation_fraction': 0.6901421012546066}
observation time 0.000005, current best 0.449371 at iter 1
suggestion time taken 24.776089 iter 2 next_points [{'alpha': 0.00016999041642169085, 'batch_size': 13, 'beta_1': 0.9427221623137808, 'beta_2': 0.9999983290590436, 'epsilon': 3.6463917654676754e-07, 'hidden_layer_sizes': 87, 'learning_rate_init': 0.06336741005616753, 'tol': 0.06844921878043154, 'validation_fraction': 0.7346138798561136}]
function_evaluation time 0.328114 value 0.340052 suggestion {'alpha': 0.00016999041642169085, 'batch_size': 13, 'beta_1': 0.9427221623137808, 'beta_2': 0.9999983290590436, 'epsilon': 3.6463917654676754e-07, 'hidden_layer_sizes': 87, 'learning_rate_init': 0.06336741005616753, 'tol': 0.06844921878043154, 'validation_fraction': 0.7346138798561136}
observation time 0.000002, current best 0.340052 at iter 2
suggestion time taken 26.525058 iter 3 next_points [{'alpha': 2.1625337237943002e-05, 'batch_size': 26, 'beta_1': 0.6965971943946856, 'beta_2': 0.9999928619903432, 'epsilon': 5.32907308094475e-07, 'hidden_layer_sizes': 133, 'learning_rate_init': 0.011336466533246591, 'tol': 0.011885484884426204, 'validation_fraction': 0.2801182265228943}]
function_evaluation time 0.573025 value 0.748911 suggestion {'alpha': 2.1625337237943002e-05, 'batch_size': 26, 'beta_1': 0.6965971943946856, 'beta_2': 0.9999928619903432, 'epsilon': 5.32907308094475e-07, 'hidden_layer_sizes': 133, 'learning_rate_init': 0.011336466533246591, 'tol': 0.011885484884426204, 'validation_fraction': 0.2801182265228943}
observation time 0.000002, current best 0.340052 at iter 3
suggestion time taken 27.866724 iter 4 next_points [{'alpha': 0.03576529988975516, 'batch_size': 11, 'beta_1': 0.9850103163149707, 'beta_2': 0.9843436766425253, 'epsilon': 4.198470508593398e-09, 'hidden_layer_sizes': 63, 'learning_rate_init': 2.1652187593848504e-05, 'tol': 0.0019111166799293383, 'validation_fraction': 0.6971597822570266}]
function_evaluation time 0.433713 value 16.311189 suggestion {'alpha': 0.03576529988975516, 'batch_size': 11, 'beta_1': 0.9850103163149707, 'beta_2': 0.9843436766425253, 'epsilon': 4.198470508593398e-09, 'hidden_layer_sizes': 63, 'learning_rate_init': 2.1652187593848504e-05, 'tol': 0.0019111166799293383, 'validation_fraction': 0.6971597822570266}
observation time 0.000002, current best 0.340052 at iter 4
suggestion time taken 22.827975 iter 5 next_points [{'alpha': 2.526766099351862e-05, 'batch_size': 25, 'beta_1': 0.9508586043164956, 'beta_2': 0.9999947825558265, 'epsilon': 9.733353441956324e-07, 'hidden_layer_sizes': 70, 'learning_rate_init': 0.07500762561270514, 'tol': 0.011354621646668688, 'validation_fraction': 0.7803773541118213}]
function_evaluation time 0.175278 value 3.022776 suggestion {'alpha': 2.526766099351862e-05, 'batch_size': 25, 'beta_1': 0.9508586043164956, 'beta_2': 0.9999947825558265, 'epsilon': 9.733353441956324e-07, 'hidden_layer_sizes': 70, 'learning_rate_init': 0.07500762561270514, 'tol': 0.011354621646668688, 'validation_fraction': 0.7803773541118213}
observation time 0.000002, current best 0.340052 at iter 5
suggestion time taken 21.118127 iter 6 next_points [{'alpha': 0.04433304962028875, 'batch_size': 16, 'beta_1': 0.9397289969587231, 'beta_2': 0.9982748165515156, 'epsilon': 1.9996687897260642e-07, 'hidden_layer_sizes': 98, 'learning_rate_init': 2.1040362838456226e-05, 'tol': 0.044263104156322126, 'validation_fraction': 0.10591988665575279}]
function_evaluation time 0.641811 value 18.533495 suggestion {'alpha': 0.04433304962028875, 'batch_size': 16, 'beta_1': 0.9397289969587231, 'beta_2': 0.9982748165515156, 'epsilon': 1.9996687897260642e-07, 'hidden_layer_sizes': 98, 'learning_rate_init': 2.1040362838456226e-05, 'tol': 0.044263104156322126, 'validation_fraction': 0.10591988665575279}
observation time 0.000002, current best 0.340052 at iter 6
suggestion time taken 22.941770 iter 7 next_points [{'alpha': 0.006183508797863606, 'batch_size': 20, 'beta_1': 0.9127399132015802, 'beta_2': 0.9967537748567765, 'epsilon': 3.6463714111745232e-09, 'hidden_layer_sizes': 80, 'learning_rate_init': 0.00026409936671684315, 'tol': 0.012364689673728156, 'validation_fraction': 0.618006946141475}]
function_evaluation time 0.488501 value 0.632877 suggestion {'alpha': 0.006183508797863606, 'batch_size': 20, 'beta_1': 0.9127399132015802, 'beta_2': 0.9967537748567765, 'epsilon': 3.6463714111745232e-09, 'hidden_layer_sizes': 80, 'learning_rate_init': 0.00026409936671684315, 'tol': 0.012364689673728156, 'validation_fraction': 0.618006946141475}
observation time 0.000002, current best 0.340052 at iter 7
suggestion time taken 20.958366 iter 8 next_points [{'alpha': 0.053860154012930817, 'batch_size': 20, 'beta_1': 0.7824802938796785, 'beta_2': 0.9999756841555426, 'epsilon': 2.3846744356192872e-08, 'hidden_layer_sizes': 168, 'learning_rate_init': 3.345157702311159e-05, 'tol': 4.1582952911222676e-05, 'validation_fraction': 0.39505333481587473}]
function_evaluation time 0.571786 value 10.129016 suggestion {'alpha': 0.053860154012930817, 'batch_size': 20, 'beta_1': 0.7824802938796785, 'beta_2': 0.9999756841555426, 'epsilon': 2.3846744356192872e-08, 'hidden_layer_sizes': 168, 'learning_rate_init': 3.345157702311159e-05, 'tol': 4.1582952911222676e-05, 'validation_fraction': 0.39505333481587473}
observation time 0.000001, current best 0.340052 at iter 8
suggestion time taken 22.129550 iter 9 next_points [{'alpha': 0.0001977221395767185, 'batch_size': 12, 'beta_1': 0.6373420712348674, 'beta_2': 0.9463526678429701, 'epsilon': 2.057932948563575e-09, 'hidden_layer_sizes': 53, 'learning_rate_init': 0.00011368969152835995, 'tol': 0.004297458185355369, 'validation_fraction': 0.37532104842165603}]
function_evaluation time 0.992641 value 0.390808 suggestion {'alpha': 0.0001977221395767185, 'batch_size': 12, 'beta_1': 0.6373420712348674, 'beta_2': 0.9463526678429701, 'epsilon': 2.057932948563575e-09, 'hidden_layer_sizes': 53, 'learning_rate_init': 0.00011368969152835995, 'tol': 0.004297458185355369, 'validation_fraction': 0.37532104842165603}
observation time 0.000002, current best 0.340052 at iter 9
suggestion time taken 20.227274 iter 10 next_points [{'alpha': 0.007175527737807269, 'batch_size': 20, 'beta_1': 0.6528999578875132, 'beta_2': 0.996786493617986, 'epsilon': 1.97054582791277e-09, 'hidden_layer_sizes': 88, 'learning_rate_init': 2.6504228451675944e-05, 'tol': 2.6014726254623584e-05, 'validation_fraction': 0.3798699739094106}]
function_evaluation time 0.469879 value 14.437332 suggestion {'alpha': 0.007175527737807269, 'batch_size': 20, 'beta_1': 0.6528999578875132, 'beta_2': 0.996786493617986, 'epsilon': 1.97054582791277e-09, 'hidden_layer_sizes': 88, 'learning_rate_init': 2.6504228451675944e-05, 'tol': 2.6014726254623584e-05, 'validation_fraction': 0.3798699739094106}
observation time 0.000002, current best 0.340052 at iter 10
suggestion time taken 22.805990 iter 11 next_points [{'alpha': 0.123324144689976, 'batch_size': 46, 'beta_1': 0.8495114825568164, 'beta_2': 0.9206668155568677, 'epsilon': 2.4751574711332583e-08, 'hidden_layer_sizes': 66, 'learning_rate_init': 5.587102638813977e-05, 'tol': 0.005172630997143618, 'validation_fraction': 0.26358349186822816}]
function_evaluation time 0.320348 value 10.420486 suggestion {'alpha': 0.123324144689976, 'batch_size': 46, 'beta_1': 0.8495114825568164, 'beta_2': 0.9206668155568677, 'epsilon': 2.4751574711332583e-08, 'hidden_layer_sizes': 66, 'learning_rate_init': 5.587102638813977e-05, 'tol': 0.005172630997143618, 'validation_fraction': 0.26358349186822816}
observation time 0.000001, current best 0.340052 at iter 11
suggestion time taken 21.953003 iter 12 next_points [{'alpha': 0.0020775001772842883, 'batch_size': 14, 'beta_1': 0.9793035432908602, 'beta_2': 0.9999678327674754, 'epsilon': 1.951026555907709e-09, 'hidden_layer_sizes': 197, 'learning_rate_init': 0.0053828087157046164, 'tol': 0.0005293749438789624, 'validation_fraction': 0.6764309743446181}]
function_evaluation time 0.733181 value 0.857704 suggestion {'alpha': 0.0020775001772842883, 'batch_size': 14, 'beta_1': 0.9793035432908602, 'beta_2': 0.9999678327674754, 'epsilon': 1.951026555907709e-09, 'hidden_layer_sizes': 197, 'learning_rate_init': 0.0053828087157046164, 'tol': 0.0005293749438789624, 'validation_fraction': 0.6764309743446181}
observation time 0.000002, current best 0.340052 at iter 12
suggestion time taken 20.445021 iter 13 next_points [{'alpha': 0.001394067870105991, 'batch_size': 36, 'beta_1': 0.677550635389016, 'beta_2': 0.9997691974669125, 'epsilon': 1.0941884353613929e-07, 'hidden_layer_sizes': 89, 'learning_rate_init': 7.34938595324185e-05, 'tol': 0.047421943899212095, 'validation_fraction': 0.5845126991069232}]
function_evaluation time 0.221850 value 6.136526 suggestion {'alpha': 0.001394067870105991, 'batch_size': 36, 'beta_1': 0.677550635389016, 'beta_2': 0.9997691974669125, 'epsilon': 1.0941884353613929e-07, 'hidden_layer_sizes': 89, 'learning_rate_init': 7.34938595324185e-05, 'tol': 0.047421943899212095, 'validation_fraction': 0.5845126991069232}
observation time 0.000002, current best 0.340052 at iter 13
suggestion time taken 20.480308 iter 14 next_points [{'alpha': 0.5970739555292232, 'batch_size': 33, 'beta_1': 0.9442615040256102, 'beta_2': 0.9442380158644239, 'epsilon': 1.1948459516495715e-09, 'hidden_layer_sizes': 107, 'learning_rate_init': 0.013723003973680509, 'tol': 1.0291246740859866e-05, 'validation_fraction': 0.31829260033518103}]
function_evaluation time 0.502636 value 1.091656 suggestion {'alpha': 0.5970739555292232, 'batch_size': 33, 'beta_1': 0.9442615040256102, 'beta_2': 0.9442380158644239, 'epsilon': 1.1948459516495715e-09, 'hidden_layer_sizes': 107, 'learning_rate_init': 0.013723003973680509, 'tol': 1.0291246740859866e-05, 'validation_fraction': 0.31829260033518103}
observation time 0.000001, current best 0.340052 at iter 14
saving meta data: {'args': {'--uuid': 'fd80114bb6125dcebba02ef61d9e8294', '-db-root': '/home/ryedida/smoothness-hpo/bbo_challenge_starter_kit/output', '--opt-root': '/home/ryedida/smoothness-hpo/bbo_challenge_starter_kit/example_submissions', '--data-root': None, '--db': 'run_20240113_043333', '--opt': 'stcvx', '--data': 'breast', '--classifier': 'MLP-adam', '--metric': 'nll', '--calls': 15, '--suggestions': 1, '--jobs-file': None, '--verbose': False, 'dry_run': False, 'rev': 'a376313', 'opt_rev': 'x.x.x'}, 'signature': ([{'alpha': 0.019628224813442792, 'batch_size': 182, 'beta_1': 0.9410202200271762, 'beta_2': 0.9998021557676793, 'epsilon': 1.8662266976518e-08, 'hidden_layer_sizes': 147, 'learning_rate_init': 0.0005627932047415167, 'tol': 0.03690557729213761, 'validation_fraction': 0.8846827852548593}, {'alpha': 0.001998246739232944, 'batch_size': 200, 'beta_1': 0.919111482530466, 'beta_2': 0.9998488260436156, 'epsilon': 5.981221901152555e-07, 'hidden_layer_sizes': 61, 'learning_rate_init': 2.2310905607443014e-05, 'tol': 1.2046852412030316e-05, 'validation_fraction': 0.8117896445826539}, {'alpha': 0.46659545670218433, 'batch_size': 219, 'beta_1': 0.9889789783750891, 'beta_2': 0.9999896868093284, 'epsilon': 2.4234724484675948e-08, 'hidden_layer_sizes': 167, 'learning_rate_init': 2.972334644335654e-05, 'tol': 0.0036281404040243792, 'validation_fraction': 0.17260651658522078}, {'alpha': 4.656005689076002, 'batch_size': 135, 'beta_1': 0.870503881627747, 'beta_2': 0.9948873266941017, 'epsilon': 2.1023308743480125e-07, 'hidden_layer_sizes': 118, 'learning_rate_init': 0.001878173875716191, 'tol': 1.1889379831773006e-05, 'validation_fraction': 0.6264327093752792}, {'alpha': 0.04705159350400542, 'batch_size': 158, 'beta_1': 0.9870884262730957, 'beta_2': 0.9999596874382349, 'epsilon': 1.1981845126013875e-08, 'hidden_layer_sizes': 116, 'learning_rate_init': 0.006173405204074311, 'tol': 1.7414134181586194e-05, 'validation_fraction': 0.6754299026638921}], [8.104566516477803, 14.643876498263253, 12.332285721418042, 5.269783589486869, 3.4904310816393633])}
saving results
saving timing
saving suggest log
done
