running: {'--uuid': '01ad50d0dfba5b02a2fb56b881b1fc09', '-db-root': '/home/ryedida/smoothness-hpo/bbo_challenge_starter_kit/output', '--opt-root': '/home/ryedida/smoothness-hpo/bbo_challenge_starter_kit/example_submissions', '--data-root': None, '--db': 'run_20240113_114336', '--opt': 'random', '--data': 'digits', '--classifier': 'MLP-adam', '--metric': 'acc', '--calls': 15, '--suggestions': 1, '--jobs-file': None, '--verbose': False, 'dry_run': False, 'rev': 'a376313', 'opt_rev': '0.0.8'}
cmd: python /home/ryedida/.local/bin/bayesmark-exp -c MLP-adam -d digits -o random -u 01ad50d0dfba5b02a2fb56b881b1fc09 -m acc -n 15 -p 1 -dir /home/ryedida/smoothness-hpo/bbo_challenge_starter_kit/output -b run_20240113_114336
/home/ryedida/.local/lib/python3.8/site-packages/sklearn/neural_network/_multilayer_perceptron.py:603: UserWarning: Got `batch_size` less than 1 or larger than sample size. It is going to be clipped
  warnings.warn(

/home/ryedida/.local/lib/python3.8/site-packages/sklearn/neural_network/_multilayer_perceptron.py:684: ConvergenceWarning: Stochastic Optimizer: Maximum iterations (200) reached and the optimization hasn't converged yet.
  warnings.warn(

computed signature: ([{'alpha': 0.019628224813442792, 'batch_size': 182, 'beta_1': 0.9410202200271762, 'beta_2': 0.9998021557676793, 'epsilon': 1.8662266976518e-08, 'hidden_layer_sizes': 147, 'learning_rate_init': 0.0005627932047415167, 'tol': 0.03690557729213761, 'validation_fraction': 0.8846827852548593}, {'alpha': 0.0019982467392329444, 'batch_size': 200, 'beta_1': 0.919111482530466, 'beta_2': 0.9998488260436156, 'epsilon': 5.981221901152555e-07, 'hidden_layer_sizes': 61, 'learning_rate_init': 2.2310905607443014e-05, 'tol': 1.2046852412030316e-05, 'validation_fraction': 0.8117896445826539}, {'alpha': 0.46659545670218433, 'batch_size': 219, 'beta_1': 0.9889789783750891, 'beta_2': 0.9999896868093284, 'epsilon': 2.4234724484675948e-08, 'hidden_layer_sizes': 167, 'learning_rate_init': 2.972334644335654e-05, 'tol': 0.0036281404040243792, 'validation_fraction': 0.17260651658522078}, {'alpha': 4.656005689076002, 'batch_size': 135, 'beta_1': 0.870503881627747, 'beta_2': 0.9948873266941017, 'epsilon': 2.1023308743480125e-07, 'hidden_layer_sizes': 118, 'learning_rate_init': 0.0018781738757161913, 'tol': 1.1889379831773004e-05, 'validation_fraction': 0.6264327093752792}, {'alpha': 0.04705159350400542, 'batch_size': 158, 'beta_1': 0.9870884262730957, 'beta_2': 0.9999596874382349, 'epsilon': 1.1981845126013875e-08, 'hidden_layer_sizes': 116, 'learning_rate_init': 0.00617340520407431, 'tol': 1.741413418158619e-05, 'validation_fraction': 0.6754299026638921}], [-0.21081107239643826, -0.1295489740611692, -0.27999177313201706, -0.9422522260936896, -0.9332050909794812])
/home/ryedida/.local/lib/python3.8/site-packages/bayesmark/experiment.py:469: UserWarning: Baselines not found. Will not log intermediate scores.
  warnings.warn("Baselines not found. Will not log intermediate scores.")

starting sklearn study random MLP-adam digits acc 15 1
with data root: None
suggestion time taken 0.004815 iter 0 next_points [{'alpha': 5.41864304288573, 'batch_size': 183, 'beta_1': 0.9822403116663379, 'beta_2': 0.9951197468200931, 'epsilon': 2.747319425851539e-09, 'hidden_layer_sizes': 183, 'learning_rate_init': 1.127088576733958e-05, 'tol': 0.007134627190700499, 'validation_fraction': 0.8346337529584897}]
function_evaluation time 0.412129 value -0.091836 suggestion {'alpha': 5.41864304288573, 'batch_size': 183, 'beta_1': 0.9822403116663379, 'beta_2': 0.9951197468200931, 'epsilon': 2.747319425851539e-09, 'hidden_layer_sizes': 183, 'learning_rate_init': 1.127088576733958e-05, 'tol': 0.007134627190700499, 'validation_fraction': 0.8346337529584897}
observation time 0.000002, current best -0.091836 at iter 0
suggestion time taken 0.004734 iter 1 next_points [{'alpha': 0.006072897869371861, 'batch_size': 234, 'beta_1': 0.5930787645313633, 'beta_2': 0.9584697174710743, 'epsilon': 1.025926617202593e-08, 'hidden_layer_sizes': 171, 'learning_rate_init': 0.00017952695233136554, 'tol': 0.004524145525180948, 'validation_fraction': 0.7156234528223852}]
function_evaluation time 3.041169 value -0.891468 suggestion {'alpha': 0.006072897869371861, 'batch_size': 234, 'beta_1': 0.5930787645313633, 'beta_2': 0.9584697174710743, 'epsilon': 1.025926617202593e-08, 'hidden_layer_sizes': 171, 'learning_rate_init': 0.00017952695233136554, 'tol': 0.004524145525180948, 'validation_fraction': 0.7156234528223852}
observation time 0.000002, current best -0.891468 at iter 1
suggestion time taken 0.004729 iter 2 next_points [{'alpha': 0.011084167920632213, 'batch_size': 196, 'beta_1': 0.7363112931478534, 'beta_2': 0.9393999190295892, 'epsilon': 1.138683307333732e-07, 'hidden_layer_sizes': 146, 'learning_rate_init': 0.0003365928400019864, 'tol': 0.00020699196343644733, 'validation_fraction': 0.5468037288065729}]
function_evaluation time 4.110400 value -0.958256 suggestion {'alpha': 0.011084167920632213, 'batch_size': 196, 'beta_1': 0.7363112931478534, 'beta_2': 0.9393999190295892, 'epsilon': 1.138683307333732e-07, 'hidden_layer_sizes': 146, 'learning_rate_init': 0.0003365928400019864, 'tol': 0.00020699196343644733, 'validation_fraction': 0.5468037288065729}
observation time 0.000002, current best -0.958256 at iter 2
suggestion time taken 0.004714 iter 3 next_points [{'alpha': 0.27630927938923905, 'batch_size': 185, 'beta_1': 0.979476820962685, 'beta_2': 0.9998707185659645, 'epsilon': 3.377621574032254e-08, 'hidden_layer_sizes': 155, 'learning_rate_init': 4.6429251822115446e-05, 'tol': 2.1996583231916217e-05, 'validation_fraction': 0.333031142844646}]
function_evaluation time 2.672425 value -0.265517 suggestion {'alpha': 0.27630927938923905, 'batch_size': 185, 'beta_1': 0.979476820962685, 'beta_2': 0.9998707185659645, 'epsilon': 3.377621574032254e-08, 'hidden_layer_sizes': 155, 'learning_rate_init': 4.6429251822115446e-05, 'tol': 2.1996583231916217e-05, 'validation_fraction': 0.333031142844646}
observation time 0.000001, current best -0.958256 at iter 3
suggestion time taken 0.004714 iter 4 next_points [{'alpha': 3.7824190847973325e-05, 'batch_size': 203, 'beta_1': 0.8335130831062707, 'beta_2': 0.9999927431318536, 'epsilon': 1.6316979462879176e-08, 'hidden_layer_sizes': 82, 'learning_rate_init': 6.233683017913024e-05, 'tol': 0.0016108981494408474, 'validation_fraction': 0.10959373223342819}]
function_evaluation time 6.555491 value -0.558919 suggestion {'alpha': 3.7824190847973325e-05, 'batch_size': 203, 'beta_1': 0.8335130831062707, 'beta_2': 0.9999927431318536, 'epsilon': 1.6316979462879176e-08, 'hidden_layer_sizes': 82, 'learning_rate_init': 6.233683017913024e-05, 'tol': 0.0016108981494408474, 'validation_fraction': 0.10959373223342819}
observation time 0.000020, current best -0.958256 at iter 4
suggestion time taken 0.005888 iter 5 next_points [{'alpha': 0.20831331708057488, 'batch_size': 77, 'beta_1': 0.6877147037574727, 'beta_2': 0.9612221295985145, 'epsilon': 2.5715909193945985e-08, 'hidden_layer_sizes': 186, 'learning_rate_init': 0.00014249132820321744, 'tol': 0.0005703011931003663, 'validation_fraction': 0.7864211594003424}]
function_evaluation time 6.176333 value -0.922786 suggestion {'alpha': 0.20831331708057488, 'batch_size': 77, 'beta_1': 0.6877147037574727, 'beta_2': 0.9612221295985145, 'epsilon': 2.5715909193945985e-08, 'hidden_layer_sizes': 186, 'learning_rate_init': 0.00014249132820321744, 'tol': 0.0005703011931003663, 'validation_fraction': 0.7864211594003424}
observation time 0.000002, current best -0.958256 at iter 5
suggestion time taken 0.004686 iter 6 next_points [{'alpha': 0.0011444351503988109, 'batch_size': 94, 'beta_1': 0.9886293267831479, 'beta_2': 0.9999455237571476, 'epsilon': 3.6306588696025464e-09, 'hidden_layer_sizes': 175, 'learning_rate_init': 0.07830025521315098, 'tol': 0.0022076624779499175, 'validation_fraction': 0.6099199064983172}]
function_evaluation time 1.938054 value -0.502412 suggestion {'alpha': 0.0011444351503988109, 'batch_size': 94, 'beta_1': 0.9886293267831479, 'beta_2': 0.9999455237571476, 'epsilon': 3.6306588696025464e-09, 'hidden_layer_sizes': 175, 'learning_rate_init': 0.07830025521315098, 'tol': 0.0022076624779499175, 'validation_fraction': 0.6099199064983172}
observation time 0.000002, current best -0.958256 at iter 6
suggestion time taken 0.004698 iter 7 next_points [{'alpha': 5.462566653348561e-05, 'batch_size': 245, 'beta_1': 0.8746141708712479, 'beta_2': 0.9999983917135715, 'epsilon': 4.6216085704070534e-08, 'hidden_layer_sizes': 67, 'learning_rate_init': 3.989171152355365e-05, 'tol': 0.08357630904557811, 'validation_fraction': 0.1003376619100736}]
function_evaluation time 0.586379 value -0.072377 suggestion {'alpha': 5.462566653348561e-05, 'batch_size': 245, 'beta_1': 0.8746141708712479, 'beta_2': 0.9999983917135715, 'epsilon': 4.6216085704070534e-08, 'hidden_layer_sizes': 67, 'learning_rate_init': 3.989171152355365e-05, 'tol': 0.08357630904557811, 'validation_fraction': 0.1003376619100736}
observation time 0.000001, current best -0.958256 at iter 7
suggestion time taken 0.004694 iter 8 next_points [{'alpha': 2.7265185670996694, 'batch_size': 64, 'beta_1': 0.5707773753833563, 'beta_2': 0.9807299467303456, 'epsilon': 3.3408724387167605e-07, 'hidden_layer_sizes': 129, 'learning_rate_init': 0.0005803592078763126, 'tol': 0.0001526028910962879, 'validation_fraction': 0.14092690414356673}]
function_evaluation time 3.838214 value -0.963117 suggestion {'alpha': 2.7265185670996694, 'batch_size': 64, 'beta_1': 0.5707773753833563, 'beta_2': 0.9807299467303456, 'epsilon': 3.3408724387167605e-07, 'hidden_layer_sizes': 129, 'learning_rate_init': 0.0005803592078763126, 'tol': 0.0001526028910962879, 'validation_fraction': 0.14092690414356673}
observation time 0.000001, current best -0.963117 at iter 8
suggestion time taken 0.004662 iter 9 next_points [{'alpha': 0.47704444090843234, 'batch_size': 87, 'beta_1': 0.9743401667875945, 'beta_2': 0.9497192977161926, 'epsilon': 1.2170422807060468e-08, 'hidden_layer_sizes': 192, 'learning_rate_init': 0.09474561526302432, 'tol': 0.042335950092598246, 'validation_fraction': 0.6725482678669565}]
function_evaluation time 1.219624 value -0.879612 suggestion {'alpha': 0.47704444090843234, 'batch_size': 87, 'beta_1': 0.9743401667875945, 'beta_2': 0.9497192977161926, 'epsilon': 1.2170422807060468e-08, 'hidden_layer_sizes': 192, 'learning_rate_init': 0.09474561526302432, 'tol': 0.042335950092598246, 'validation_fraction': 0.6725482678669565}
observation time 0.000001, current best -0.963117 at iter 9
suggestion time taken 0.004666 iter 10 next_points [{'alpha': 5.199249496652348, 'batch_size': 202, 'beta_1': 0.9078778944146594, 'beta_2': 0.9996367213972929, 'epsilon': 5.440226842339967e-09, 'hidden_layer_sizes': 181, 'learning_rate_init': 0.0025235765236491666, 'tol': 0.0022194177411543506, 'validation_fraction': 0.41673148195259546}]
function_evaluation time 1.913339 value -0.960339 suggestion {'alpha': 5.199249496652348, 'batch_size': 202, 'beta_1': 0.9078778944146594, 'beta_2': 0.9996367213972929, 'epsilon': 5.440226842339967e-09, 'hidden_layer_sizes': 181, 'learning_rate_init': 0.0025235765236491666, 'tol': 0.0022194177411543506, 'validation_fraction': 0.41673148195259546}
observation time 0.000001, current best -0.963117 at iter 10
suggestion time taken 0.004684 iter 11 next_points [{'alpha': 0.0027511641333177726, 'batch_size': 61, 'beta_1': 0.9191642572485358, 'beta_2': 0.9999926414390036, 'epsilon': 1.8909305229360917e-09, 'hidden_layer_sizes': 174, 'learning_rate_init': 3.203018106641974e-05, 'tol': 0.051669708656995966, 'validation_fraction': 0.7354449105463106}]
function_evaluation time 0.624509 value -0.125244 suggestion {'alpha': 0.0027511641333177726, 'batch_size': 61, 'beta_1': 0.9191642572485358, 'beta_2': 0.9999926414390036, 'epsilon': 1.8909305229360917e-09, 'hidden_layer_sizes': 174, 'learning_rate_init': 3.203018106641974e-05, 'tol': 0.051669708656995966, 'validation_fraction': 0.7354449105463106}
observation time 0.000001, current best -0.963117 at iter 11
suggestion time taken 0.004645 iter 12 next_points [{'alpha': 0.0006720116772764668, 'batch_size': 150, 'beta_1': 0.7575509733129424, 'beta_2': 0.9999677995771696, 'epsilon': 7.253536800256546e-09, 'hidden_layer_sizes': 120, 'learning_rate_init': 4.678931051233155e-05, 'tol': 0.046069646762291076, 'validation_fraction': 0.3689360973658785}]
function_evaluation time 0.681093 value -0.116858 suggestion {'alpha': 0.0006720116772764668, 'batch_size': 150, 'beta_1': 0.7575509733129424, 'beta_2': 0.9999677995771696, 'epsilon': 7.253536800256546e-09, 'hidden_layer_sizes': 120, 'learning_rate_init': 4.678931051233155e-05, 'tol': 0.046069646762291076, 'validation_fraction': 0.3689360973658785}
observation time 0.000008, current best -0.963117 at iter 12
suggestion time taken 0.005003 iter 13 next_points [{'alpha': 4.513135832753022e-05, 'batch_size': 85, 'beta_1': 0.9454069606001667, 'beta_2': 0.9998874164441917, 'epsilon': 1.8956249466051945e-08, 'hidden_layer_sizes': 124, 'learning_rate_init': 0.0017495501391132976, 'tol': 6.888320184632227e-05, 'validation_fraction': 0.8904984237607819}]
function_evaluation time 1.830011 value -0.870567 suggestion {'alpha': 4.513135832753022e-05, 'batch_size': 85, 'beta_1': 0.9454069606001667, 'beta_2': 0.9998874164441917, 'epsilon': 1.8956249466051945e-08, 'hidden_layer_sizes': 124, 'learning_rate_init': 0.0017495501391132976, 'tol': 6.888320184632227e-05, 'validation_fraction': 0.8904984237607819}
observation time 0.000002, current best -0.963117 at iter 13
suggestion time taken 0.004680 iter 14 next_points [{'alpha': 0.002099693651531375, 'batch_size': 240, 'beta_1': 0.6158928080743867, 'beta_2': 0.9999989160143226, 'epsilon': 7.311798367586734e-09, 'hidden_layer_sizes': 186, 'learning_rate_init': 0.003183360191969283, 'tol': 5.321602911530178e-05, 'validation_fraction': 0.7233159890930597}]
function_evaluation time 1.840732 value -0.929024 suggestion {'alpha': 0.002099693651531375, 'batch_size': 240, 'beta_1': 0.6158928080743867, 'beta_2': 0.9999989160143226, 'epsilon': 7.311798367586734e-09, 'hidden_layer_sizes': 186, 'learning_rate_init': 0.003183360191969283, 'tol': 5.321602911530178e-05, 'validation_fraction': 0.7233159890930597}
observation time 0.000002, current best -0.963117 at iter 14
saving meta data: {'args': {'--uuid': '01ad50d0dfba5b02a2fb56b881b1fc09', '-db-root': '/home/ryedida/smoothness-hpo/bbo_challenge_starter_kit/output', '--opt-root': '/home/ryedida/smoothness-hpo/bbo_challenge_starter_kit/example_submissions', '--data-root': None, '--db': 'run_20240113_114336', '--opt': 'random', '--data': 'digits', '--classifier': 'MLP-adam', '--metric': 'acc', '--calls': 15, '--suggestions': 1, '--jobs-file': None, '--verbose': False, 'dry_run': False, 'rev': 'a376313', 'opt_rev': '0.0.8'}, 'signature': ([{'alpha': 0.019628224813442792, 'batch_size': 182, 'beta_1': 0.9410202200271762, 'beta_2': 0.9998021557676793, 'epsilon': 1.8662266976518e-08, 'hidden_layer_sizes': 147, 'learning_rate_init': 0.0005627932047415167, 'tol': 0.03690557729213761, 'validation_fraction': 0.8846827852548593}, {'alpha': 0.0019982467392329444, 'batch_size': 200, 'beta_1': 0.919111482530466, 'beta_2': 0.9998488260436156, 'epsilon': 5.981221901152555e-07, 'hidden_layer_sizes': 61, 'learning_rate_init': 2.2310905607443014e-05, 'tol': 1.2046852412030316e-05, 'validation_fraction': 0.8117896445826539}, {'alpha': 0.46659545670218433, 'batch_size': 219, 'beta_1': 0.9889789783750891, 'beta_2': 0.9999896868093284, 'epsilon': 2.4234724484675948e-08, 'hidden_layer_sizes': 167, 'learning_rate_init': 2.972334644335654e-05, 'tol': 0.0036281404040243792, 'validation_fraction': 0.17260651658522078}, {'alpha': 4.656005689076002, 'batch_size': 135, 'beta_1': 0.870503881627747, 'beta_2': 0.9948873266941017, 'epsilon': 2.1023308743480125e-07, 'hidden_layer_sizes': 118, 'learning_rate_init': 0.0018781738757161913, 'tol': 1.1889379831773004e-05, 'validation_fraction': 0.6264327093752792}, {'alpha': 0.04705159350400542, 'batch_size': 158, 'beta_1': 0.9870884262730957, 'beta_2': 0.9999596874382349, 'epsilon': 1.1981845126013875e-08, 'hidden_layer_sizes': 116, 'learning_rate_init': 0.00617340520407431, 'tol': 1.741413418158619e-05, 'validation_fraction': 0.6754299026638921}], [-0.21081107239643826, -0.1295489740611692, -0.27999177313201706, -0.9422522260936896, -0.9332050909794812])}
saving results
saving timing
saving suggest log
done
