running: {'--uuid': '42536e462670581f97132dfab24d154a', '-db-root': '/home/ryedida/smoothness-hpo/bbo_challenge_starter_kit/output', '--opt-root': '/home/ryedida/smoothness-hpo/bbo_challenge_starter_kit/example_submissions', '--data-root': None, '--db': 'run_20240113_114336', '--opt': 'stcvx', '--data': 'digits', '--classifier': 'MLP-adam', '--metric': 'acc', '--calls': 15, '--suggestions': 1, '--jobs-file': None, '--verbose': False, 'dry_run': False, 'rev': 'a376313', 'opt_rev': 'x.x.x'}
cmd: python stcvx/optimizer.py -c MLP-adam -d digits -o stcvx -u 42536e462670581f97132dfab24d154a -m acc -n 15 -p 1 -dir /home/ryedida/smoothness-hpo/bbo_challenge_starter_kit/output -b run_20240113_114336
/home/ryedida/.local/lib/python3.8/site-packages/sklearn/neural_network/_multilayer_perceptron.py:603: UserWarning: Got `batch_size` less than 1 or larger than sample size. It is going to be clipped
  warnings.warn(

/home/ryedida/.local/lib/python3.8/site-packages/sklearn/neural_network/_multilayer_perceptron.py:684: ConvergenceWarning: Stochastic Optimizer: Maximum iterations (200) reached and the optimization hasn't converged yet.
  warnings.warn(

computed signature: ([{'alpha': 0.019628224813442792, 'batch_size': 182, 'beta_1': 0.9410202200271762, 'beta_2': 0.9998021557676793, 'epsilon': 1.8662266976518e-08, 'hidden_layer_sizes': 147, 'learning_rate_init': 0.0005627932047415167, 'tol': 0.03690557729213761, 'validation_fraction': 0.8846827852548593}, {'alpha': 0.0019982467392329444, 'batch_size': 200, 'beta_1': 0.919111482530466, 'beta_2': 0.9998488260436156, 'epsilon': 5.981221901152555e-07, 'hidden_layer_sizes': 61, 'learning_rate_init': 2.2310905607443014e-05, 'tol': 1.2046852412030316e-05, 'validation_fraction': 0.8117896445826539}, {'alpha': 0.46659545670218433, 'batch_size': 219, 'beta_1': 0.9889789783750891, 'beta_2': 0.9999896868093284, 'epsilon': 2.4234724484675948e-08, 'hidden_layer_sizes': 167, 'learning_rate_init': 2.972334644335654e-05, 'tol': 0.0036281404040243792, 'validation_fraction': 0.17260651658522078}, {'alpha': 4.656005689076002, 'batch_size': 135, 'beta_1': 0.870503881627747, 'beta_2': 0.9948873266941017, 'epsilon': 2.1023308743480125e-07, 'hidden_layer_sizes': 118, 'learning_rate_init': 0.0018781738757161913, 'tol': 1.1889379831773004e-05, 'validation_fraction': 0.6264327093752792}, {'alpha': 0.04705159350400542, 'batch_size': 158, 'beta_1': 0.9870884262730957, 'beta_2': 0.9999596874382349, 'epsilon': 1.1981845126013875e-08, 'hidden_layer_sizes': 116, 'learning_rate_init': 0.00617340520407431, 'tol': 1.741413418158619e-05, 'validation_fraction': 0.6754299026638921}], [-0.21081107239643826, -0.1295489740611692, -0.27999177313201706, -0.9422522260936896, -0.9332050909794812])
/home/ryedida/.local/lib/python3.8/site-packages/bayesmark/experiment.py:469: UserWarning: Baselines not found. Will not log intermediate scores.
  warnings.warn("Baselines not found. Will not log intermediate scores.")

starting sklearn study stcvx MLP-adam digits acc 15 1
with data root: None
suggestion time taken 31.459277 iter 0 next_points [{'alpha': 6.950217022185192, 'batch_size': 10, 'beta_1': 0.7276127031571891, 'beta_2': 0.9999048879328435, 'epsilon': 6.114716891425254e-09, 'hidden_layer_sizes': 175, 'learning_rate_init': 0.031695167899603555, 'tol': 0.001029513134068169, 'validation_fraction': 0.6945738769708348}]
function_evaluation time 2.698784 value -0.514695 suggestion {'alpha': 6.950217022185192, 'batch_size': 10, 'beta_1': 0.7276127031571891, 'beta_2': 0.9999048879328435, 'epsilon': 6.114716891425254e-09, 'hidden_layer_sizes': 175, 'learning_rate_init': 0.031695167899603555, 'tol': 0.001029513134068169, 'validation_fraction': 0.6945738769708348}
observation time 0.000003, current best -0.514695 at iter 0
suggestion time taken 31.787602 iter 1 next_points [{'alpha': 0.024277011480227494, 'batch_size': 27, 'beta_1': 0.9769150623274013, 'beta_2': 0.9987551967972783, 'epsilon': 1.8772262397550953e-07, 'hidden_layer_sizes': 52, 'learning_rate_init': 0.0925485610401785, 'tol': 5.365519970516633e-05, 'validation_fraction': 0.6793097531846038}]
function_evaluation time 1.924055 value -0.359955 suggestion {'alpha': 0.024277011480227494, 'batch_size': 27, 'beta_1': 0.9769150623274013, 'beta_2': 0.9987551967972783, 'epsilon': 1.8772262397550953e-07, 'hidden_layer_sizes': 52, 'learning_rate_init': 0.0925485610401785, 'tol': 5.365519970516633e-05, 'validation_fraction': 0.6793097531846038}
observation time 0.000002, current best -0.514695 at iter 1
suggestion time taken 31.880685 iter 2 next_points [{'alpha': 0.007374326561489375, 'batch_size': 18, 'beta_1': 0.8844623816995363, 'beta_2': 0.9923862025460033, 'epsilon': 6.690680183607059e-08, 'hidden_layer_sizes': 114, 'learning_rate_init': 4.610587209413487e-05, 'tol': 0.01875783394655114, 'validation_fraction': 0.14391033123084565}]
function_evaluation time 8.800114 value -0.900491 suggestion {'alpha': 0.007374326561489375, 'batch_size': 18, 'beta_1': 0.8844623816995363, 'beta_2': 0.9923862025460033, 'epsilon': 6.690680183607059e-08, 'hidden_layer_sizes': 114, 'learning_rate_init': 4.610587209413487e-05, 'tol': 0.01875783394655114, 'validation_fraction': 0.14391033123084565}
observation time 0.000014, current best -0.900491 at iter 2
suggestion time taken 28.170046 iter 3 next_points [{'alpha': 0.008120125156697935, 'batch_size': 21, 'beta_1': 0.9522752317945805, 'beta_2': 0.957070125773787, 'epsilon': 1.2979719330812773e-09, 'hidden_layer_sizes': 74, 'learning_rate_init': 7.9825734061121e-05, 'tol': 0.033501308865127664, 'validation_fraction': 0.776352399222349}]
function_evaluation time 0.874606 value -0.169089 suggestion {'alpha': 0.008120125156697935, 'batch_size': 21, 'beta_1': 0.9522752317945805, 'beta_2': 0.957070125773787, 'epsilon': 1.2979719330812773e-09, 'hidden_layer_sizes': 74, 'learning_rate_init': 7.9825734061121e-05, 'tol': 0.033501308865127664, 'validation_fraction': 0.776352399222349}
observation time 0.000002, current best -0.900491 at iter 3
suggestion time taken 30.100582 iter 4 next_points [{'alpha': 2.812552953819573e-05, 'batch_size': 13, 'beta_1': 0.9553354922046589, 'beta_2': 0.9613207228564183, 'epsilon': 9.432117240893714e-07, 'hidden_layer_sizes': 168, 'learning_rate_init': 0.0006293935685888476, 'tol': 6.88795520656431e-05, 'validation_fraction': 0.7253538041167832}]
function_evaluation time 7.939115 value -0.954087 suggestion {'alpha': 2.812552953819573e-05, 'batch_size': 13, 'beta_1': 0.9553354922046589, 'beta_2': 0.9613207228564183, 'epsilon': 9.432117240893714e-07, 'hidden_layer_sizes': 168, 'learning_rate_init': 0.0006293935685888476, 'tol': 6.88795520656431e-05, 'validation_fraction': 0.7253538041167832}
observation time 0.000016, current best -0.954087 at iter 4
suggestion time taken 29.117485 iter 5 next_points [{'alpha': 0.005367197219969556, 'batch_size': 18, 'beta_1': 0.5983574980289772, 'beta_2': 0.9999845895589197, 'epsilon': 3.402792317487753e-07, 'hidden_layer_sizes': 187, 'learning_rate_init': 0.00014788099327546072, 'tol': 0.005231264031231047, 'validation_fraction': 0.19519640552095446}]
function_evaluation time 8.739181 value -0.951989 suggestion {'alpha': 0.005367197219969556, 'batch_size': 18, 'beta_1': 0.5983574980289772, 'beta_2': 0.9999845895589197, 'epsilon': 3.402792317487753e-07, 'hidden_layer_sizes': 187, 'learning_rate_init': 0.00014788099327546072, 'tol': 0.005231264031231047, 'validation_fraction': 0.19519640552095446}
observation time 0.000010, current best -0.954087 at iter 5
suggestion time taken 27.584316 iter 6 next_points [{'alpha': 0.07199025639197328, 'batch_size': 19, 'beta_1': 0.9732698718268433, 'beta_2': 0.9549056326703145, 'epsilon': 1.817919561758676e-07, 'hidden_layer_sizes': 102, 'learning_rate_init': 0.0015764200613044277, 'tol': 0.012062524646308052, 'validation_fraction': 0.8539247585316485}]
function_evaluation time 1.198862 value -0.894256 suggestion {'alpha': 0.07199025639197328, 'batch_size': 19, 'beta_1': 0.9732698718268433, 'beta_2': 0.9549056326703145, 'epsilon': 1.817919561758676e-07, 'hidden_layer_sizes': 102, 'learning_rate_init': 0.0015764200613044277, 'tol': 0.012062524646308052, 'validation_fraction': 0.8539247585316485}
observation time 0.000003, current best -0.954087 at iter 6
suggestion time taken 28.166859 iter 7 next_points [{'alpha': 0.00020619965725072082, 'batch_size': 27, 'beta_1': 0.5272780250604377, 'beta_2': 0.999952911952033, 'epsilon': 6.718715762462019e-07, 'hidden_layer_sizes': 132, 'learning_rate_init': 1.2736448547519365e-05, 'tol': 0.00021179535306531703, 'validation_fraction': 0.32365936496705194}]
function_evaluation time 31.394921 value -0.869863 suggestion {'alpha': 0.00020619965725072082, 'batch_size': 27, 'beta_1': 0.5272780250604377, 'beta_2': 0.999952911952033, 'epsilon': 6.718715762462019e-07, 'hidden_layer_sizes': 132, 'learning_rate_init': 1.2736448547519365e-05, 'tol': 0.00021179535306531703, 'validation_fraction': 0.32365936496705194}
observation time 0.000015, current best -0.954087 at iter 7
suggestion time taken 25.988425 iter 8 next_points [{'alpha': 0.001051450178776918, 'batch_size': 19, 'beta_1': 0.9882596005648612, 'beta_2': 0.9995651563895797, 'epsilon': 1.0484208230896494e-07, 'hidden_layer_sizes': 199, 'learning_rate_init': 0.043428170246263456, 'tol': 0.03588589418598858, 'validation_fraction': 0.20720895657604188}]
function_evaluation time 4.425843 value -0.701974 suggestion {'alpha': 0.001051450178776918, 'batch_size': 19, 'beta_1': 0.9882596005648612, 'beta_2': 0.9995651563895797, 'epsilon': 1.0484208230896494e-07, 'hidden_layer_sizes': 199, 'learning_rate_init': 0.043428170246263456, 'tol': 0.03588589418598858, 'validation_fraction': 0.20720895657604188}
observation time 0.000004, current best -0.954087 at iter 8
suggestion time taken 28.508630 iter 9 next_points [{'alpha': 0.14163472925889933, 'batch_size': 13, 'beta_1': 0.9256746164774678, 'beta_2': 0.9999989821570712, 'epsilon': 1.2279384875750091e-08, 'hidden_layer_sizes': 117, 'learning_rate_init': 0.04640197275478021, 'tol': 0.000302743636183814, 'validation_fraction': 0.45698868755243527}]
function_evaluation time 3.396425 value -0.767022 suggestion {'alpha': 0.14163472925889933, 'batch_size': 13, 'beta_1': 0.9256746164774678, 'beta_2': 0.9999989821570712, 'epsilon': 1.2279384875750091e-08, 'hidden_layer_sizes': 117, 'learning_rate_init': 0.04640197275478021, 'tol': 0.000302743636183814, 'validation_fraction': 0.45698868755243527}
observation time 0.000003, current best -0.954087 at iter 9
suggestion time taken 28.086261 iter 10 next_points [{'alpha': 0.0003918793409150944, 'batch_size': 11, 'beta_1': 0.9585392153260516, 'beta_2': 0.9995625359795423, 'epsilon': 1.7962599031143604e-09, 'hidden_layer_sizes': 62, 'learning_rate_init': 0.0005066196898014391, 'tol': 4.1859202484281526e-05, 'validation_fraction': 0.20388018462692303}]
function_evaluation time 9.369986 value -0.950610 suggestion {'alpha': 0.0003918793409150944, 'batch_size': 11, 'beta_1': 0.9585392153260516, 'beta_2': 0.9995625359795423, 'epsilon': 1.7962599031143604e-09, 'hidden_layer_sizes': 62, 'learning_rate_init': 0.0005066196898014391, 'tol': 4.1859202484281526e-05, 'validation_fraction': 0.20388018462692303}
observation time 0.000018, current best -0.954087 at iter 10
suggestion time taken 26.668093 iter 11 next_points [{'alpha': 0.0016309259643185522, 'batch_size': 11, 'beta_1': 0.7999468044075722, 'beta_2': 0.998877723935769, 'epsilon': 2.4779367204318992e-08, 'hidden_layer_sizes': 92, 'learning_rate_init': 0.0002690456539470981, 'tol': 0.0027791076316908267, 'validation_fraction': 0.879834104337839}]
function_evaluation time 4.569978 value -0.836469 suggestion {'alpha': 0.0016309259643185522, 'batch_size': 11, 'beta_1': 0.7999468044075722, 'beta_2': 0.998877723935769, 'epsilon': 2.4779367204318992e-08, 'hidden_layer_sizes': 92, 'learning_rate_init': 0.0002690456539470981, 'tol': 0.0027791076316908267, 'validation_fraction': 0.879834104337839}
observation time 0.000002, current best -0.954087 at iter 11
suggestion time taken 26.730277 iter 12 next_points [{'alpha': 0.456795250483818, 'batch_size': 16, 'beta_1': 0.8960246579572595, 'beta_2': 0.9675104535380253, 'epsilon': 1.1197276021306908e-08, 'hidden_layer_sizes': 102, 'learning_rate_init': 6.213563203638474e-05, 'tol': 0.0006069041702826491, 'validation_fraction': 0.1414660867389368}]
function_evaluation time 15.756806 value -0.957561 suggestion {'alpha': 0.456795250483818, 'batch_size': 16, 'beta_1': 0.8960246579572595, 'beta_2': 0.9675104535380253, 'epsilon': 1.1197276021306908e-08, 'hidden_layer_sizes': 102, 'learning_rate_init': 6.213563203638474e-05, 'tol': 0.0006069041702826491, 'validation_fraction': 0.1414660867389368}
observation time 0.000017, current best -0.957561 at iter 12
suggestion time taken 27.469715 iter 13 next_points [{'alpha': 1.0800131379686337e-05, 'batch_size': 14, 'beta_1': 0.740298361256938, 'beta_2': 0.9999968179950491, 'epsilon': 5.464578548255647e-09, 'hidden_layer_sizes': 103, 'learning_rate_init': 0.0014727349673378527, 'tol': 0.0031493768999287823, 'validation_fraction': 0.7188794447559429}]
function_evaluation time 3.954217 value -0.929740 suggestion {'alpha': 1.0800131379686337e-05, 'batch_size': 14, 'beta_1': 0.740298361256938, 'beta_2': 0.9999968179950491, 'epsilon': 5.464578548255647e-09, 'hidden_layer_sizes': 103, 'learning_rate_init': 0.0014727349673378527, 'tol': 0.0031493768999287823, 'validation_fraction': 0.7188794447559429}
observation time 0.000002, current best -0.957561 at iter 13
suggestion time taken 26.653451 iter 14 next_points [{'alpha': 4.789742371988455, 'batch_size': 12, 'beta_1': 0.9660467613603261, 'beta_2': 0.9999835647930228, 'epsilon': 5.434937092848161e-09, 'hidden_layer_sizes': 75, 'learning_rate_init': 0.001941254512749546, 'tol': 0.0037440974606515157, 'validation_fraction': 0.3756111950636018}]
function_evaluation time 4.671518 value -0.934606 suggestion {'alpha': 4.789742371988455, 'batch_size': 12, 'beta_1': 0.9660467613603261, 'beta_2': 0.9999835647930228, 'epsilon': 5.434937092848161e-09, 'hidden_layer_sizes': 75, 'learning_rate_init': 0.001941254512749546, 'tol': 0.0037440974606515157, 'validation_fraction': 0.3756111950636018}
observation time 0.000002, current best -0.957561 at iter 14
saving meta data: {'args': {'--uuid': '42536e462670581f97132dfab24d154a', '-db-root': '/home/ryedida/smoothness-hpo/bbo_challenge_starter_kit/output', '--opt-root': '/home/ryedida/smoothness-hpo/bbo_challenge_starter_kit/example_submissions', '--data-root': None, '--db': 'run_20240113_114336', '--opt': 'stcvx', '--data': 'digits', '--classifier': 'MLP-adam', '--metric': 'acc', '--calls': 15, '--suggestions': 1, '--jobs-file': None, '--verbose': False, 'dry_run': False, 'rev': 'a376313', 'opt_rev': 'x.x.x'}, 'signature': ([{'alpha': 0.019628224813442792, 'batch_size': 182, 'beta_1': 0.9410202200271762, 'beta_2': 0.9998021557676793, 'epsilon': 1.8662266976518e-08, 'hidden_layer_sizes': 147, 'learning_rate_init': 0.0005627932047415167, 'tol': 0.03690557729213761, 'validation_fraction': 0.8846827852548593}, {'alpha': 0.0019982467392329444, 'batch_size': 200, 'beta_1': 0.919111482530466, 'beta_2': 0.9998488260436156, 'epsilon': 5.981221901152555e-07, 'hidden_layer_sizes': 61, 'learning_rate_init': 2.2310905607443014e-05, 'tol': 1.2046852412030316e-05, 'validation_fraction': 0.8117896445826539}, {'alpha': 0.46659545670218433, 'batch_size': 219, 'beta_1': 0.9889789783750891, 'beta_2': 0.9999896868093284, 'epsilon': 2.4234724484675948e-08, 'hidden_layer_sizes': 167, 'learning_rate_init': 2.972334644335654e-05, 'tol': 0.0036281404040243792, 'validation_fraction': 0.17260651658522078}, {'alpha': 4.656005689076002, 'batch_size': 135, 'beta_1': 0.870503881627747, 'beta_2': 0.9948873266941017, 'epsilon': 2.1023308743480125e-07, 'hidden_layer_sizes': 118, 'learning_rate_init': 0.0018781738757161913, 'tol': 1.1889379831773004e-05, 'validation_fraction': 0.6264327093752792}, {'alpha': 0.04705159350400542, 'batch_size': 158, 'beta_1': 0.9870884262730957, 'beta_2': 0.9999596874382349, 'epsilon': 1.1981845126013875e-08, 'hidden_layer_sizes': 116, 'learning_rate_init': 0.00617340520407431, 'tol': 1.741413418158619e-05, 'validation_fraction': 0.6754299026638921}], [-0.21081107239643826, -0.1295489740611692, -0.27999177313201706, -0.9422522260936896, -0.9332050909794812])}
saving results
saving timing
saving suggest log
done
