running: {'--uuid': '534bf964d9f05f509370fec5b9916ffe', '-db-root': '/home/ryedida/smoothness-hpo/bbo_challenge_starter_kit/output', '--opt-root': '/home/ryedida/smoothness-hpo/bbo_challenge_starter_kit/example_submissions', '--data-root': None, '--db': 'run_20240113_114336', '--opt': 'random', '--data': 'digits', '--classifier': 'MLP-adam', '--metric': 'nll', '--calls': 15, '--suggestions': 1, '--jobs-file': None, '--verbose': False, 'dry_run': False, 'rev': 'a376313', 'opt_rev': '0.0.8'}
cmd: python /home/ryedida/.local/bin/bayesmark-exp -c MLP-adam -d digits -o random -u 534bf964d9f05f509370fec5b9916ffe -m nll -n 15 -p 1 -dir /home/ryedida/smoothness-hpo/bbo_challenge_starter_kit/output -b run_20240113_114336
/home/ryedida/.local/lib/python3.8/site-packages/sklearn/neural_network/_multilayer_perceptron.py:603: UserWarning: Got `batch_size` less than 1 or larger than sample size. It is going to be clipped
  warnings.warn(

/home/ryedida/.local/lib/python3.8/site-packages/sklearn/neural_network/_multilayer_perceptron.py:684: ConvergenceWarning: Stochastic Optimizer: Maximum iterations (200) reached and the optimization hasn't converged yet.
  warnings.warn(

computed signature: ([{'alpha': 0.019628224813442792, 'batch_size': 182, 'beta_1': 0.9410202200271762, 'beta_2': 0.9998021557676793, 'epsilon': 1.8662266976518e-08, 'hidden_layer_sizes': 147, 'learning_rate_init': 0.0005627932047415167, 'tol': 0.03690557729213761, 'validation_fraction': 0.8846827852548593}, {'alpha': 0.0019982467392329444, 'batch_size': 200, 'beta_1': 0.919111482530466, 'beta_2': 0.9998488260436156, 'epsilon': 5.981221901152555e-07, 'hidden_layer_sizes': 61, 'learning_rate_init': 2.2310905607443014e-05, 'tol': 1.2046852412030316e-05, 'validation_fraction': 0.8117896445826539}, {'alpha': 0.46659545670218433, 'batch_size': 219, 'beta_1': 0.9889789783750891, 'beta_2': 0.9999896868093284, 'epsilon': 2.4234724484675948e-08, 'hidden_layer_sizes': 167, 'learning_rate_init': 2.972334644335654e-05, 'tol': 0.0036281404040243792, 'validation_fraction': 0.17260651658522078}, {'alpha': 4.656005689076002, 'batch_size': 135, 'beta_1': 0.870503881627747, 'beta_2': 0.9948873266941017, 'epsilon': 2.1023308743480125e-07, 'hidden_layer_sizes': 118, 'learning_rate_init': 0.0018781738757161913, 'tol': 1.1889379831773004e-05, 'validation_fraction': 0.6264327093752792}, {'alpha': 0.04705159350400542, 'batch_size': 158, 'beta_1': 0.9870884262730957, 'beta_2': 0.9999596874382349, 'epsilon': 1.1981845126013875e-08, 'hidden_layer_sizes': 116, 'learning_rate_init': 0.00617340520407431, 'tol': 1.741413418158619e-05, 'validation_fraction': 0.6754299026638921}], [4.8709522768835765, 9.712622772033223, 5.950791832993735, 0.19438427080405424, 0.25190216699945595])
/home/ryedida/.local/lib/python3.8/site-packages/bayesmark/experiment.py:469: UserWarning: Baselines not found. Will not log intermediate scores.
  warnings.warn("Baselines not found. Will not log intermediate scores.")

starting sklearn study random MLP-adam digits nll 15 1
with data root: None
suggestion time taken 0.004682 iter 0 next_points [{'alpha': 3.865596504035232e-05, 'batch_size': 86, 'beta_1': 0.5945015820145643, 'beta_2': 0.9999798646450372, 'epsilon': 4.671514328708731e-07, 'hidden_layer_sizes': 63, 'learning_rate_init': 0.03531936703981384, 'tol': 0.0006688590940613022, 'validation_fraction': 0.8914334974986653}]
function_evaluation time 1.048000 value 0.552087 suggestion {'alpha': 3.865596504035232e-05, 'batch_size': 86, 'beta_1': 0.5945015820145643, 'beta_2': 0.9999798646450372, 'epsilon': 4.671514328708731e-07, 'hidden_layer_sizes': 63, 'learning_rate_init': 0.03531936703981384, 'tol': 0.0006688590940613022, 'validation_fraction': 0.8914334974986653}
observation time 0.000002, current best 0.552087 at iter 0
suggestion time taken 0.004603 iter 1 next_points [{'alpha': 0.017778150960279286, 'batch_size': 158, 'beta_1': 0.6146939063158648, 'beta_2': 0.9989816681225228, 'epsilon': 3.745221941017356e-08, 'hidden_layer_sizes': 53, 'learning_rate_init': 0.05454401309679251, 'tol': 0.07015461708767, 'validation_fraction': 0.7333774781060162}]
function_evaluation time 0.440586 value 0.413453 suggestion {'alpha': 0.017778150960279286, 'batch_size': 158, 'beta_1': 0.6146939063158648, 'beta_2': 0.9989816681225228, 'epsilon': 3.745221941017356e-08, 'hidden_layer_sizes': 53, 'learning_rate_init': 0.05454401309679251, 'tol': 0.07015461708767, 'validation_fraction': 0.7333774781060162}
observation time 0.000002, current best 0.413453 at iter 1
suggestion time taken 0.004590 iter 2 next_points [{'alpha': 0.002740067505298547, 'batch_size': 175, 'beta_1': 0.9512097831355836, 'beta_2': 0.9998349308113047, 'epsilon': 3.110500435672548e-08, 'hidden_layer_sizes': 78, 'learning_rate_init': 7.474296813843808e-05, 'tol': 0.00015632352944148275, 'validation_fraction': 0.6951476622051644}]
/home/ryedida/.local/lib/python3.8/site-packages/sklearn/neural_network/_multilayer_perceptron.py:684: ConvergenceWarning: Stochastic Optimizer: Maximum iterations (200) reached and the optimization hasn't converged yet.
  warnings.warn(

function_evaluation time 3.682262 value 5.046884 suggestion {'alpha': 0.002740067505298547, 'batch_size': 175, 'beta_1': 0.9512097831355836, 'beta_2': 0.9998349308113047, 'epsilon': 3.110500435672548e-08, 'hidden_layer_sizes': 78, 'learning_rate_init': 7.474296813843808e-05, 'tol': 0.00015632352944148275, 'validation_fraction': 0.6951476622051644}
observation time 0.000002, current best 0.413453 at iter 2
suggestion time taken 0.004566 iter 3 next_points [{'alpha': 0.010162205620602886, 'batch_size': 26, 'beta_1': 0.9795933463513277, 'beta_2': 0.9998681675180626, 'epsilon': 1.5198191210485642e-08, 'hidden_layer_sizes': 115, 'learning_rate_init': 0.008044642526869253, 'tol': 0.00901647949623739, 'validation_fraction': 0.14644034945783824}]
function_evaluation time 3.487711 value 0.124426 suggestion {'alpha': 0.010162205620602886, 'batch_size': 26, 'beta_1': 0.9795933463513277, 'beta_2': 0.9998681675180626, 'epsilon': 1.5198191210485642e-08, 'hidden_layer_sizes': 115, 'learning_rate_init': 0.008044642526869253, 'tol': 0.00901647949623739, 'validation_fraction': 0.14644034945783824}
observation time 0.000001, current best 0.124426 at iter 3
suggestion time taken 0.004535 iter 4 next_points [{'alpha': 6.935200371702309e-05, 'batch_size': 155, 'beta_1': 0.9816818875927901, 'beta_2': 0.9836531581003817, 'epsilon': 3.667409322614151e-08, 'hidden_layer_sizes': 124, 'learning_rate_init': 1.7703732523684925e-05, 'tol': 1.927627828964819e-05, 'validation_fraction': 0.5041888753294717}]
function_evaluation time 3.486825 value 6.503242 suggestion {'alpha': 6.935200371702309e-05, 'batch_size': 155, 'beta_1': 0.9816818875927901, 'beta_2': 0.9836531581003817, 'epsilon': 3.667409322614151e-08, 'hidden_layer_sizes': 124, 'learning_rate_init': 1.7703732523684925e-05, 'tol': 1.927627828964819e-05, 'validation_fraction': 0.5041888753294717}
observation time 0.000002, current best 0.124426 at iter 4
suggestion time taken 0.004542 iter 5 next_points [{'alpha': 0.0019456628170409864, 'batch_size': 248, 'beta_1': 0.9724680221858593, 'beta_2': 0.9027053845781949, 'epsilon': 6.748956940590307e-09, 'hidden_layer_sizes': 157, 'learning_rate_init': 3.725816819442845e-05, 'tol': 2.425444161285276e-05, 'validation_fraction': 0.2920540840296848}]
function_evaluation time 7.928166 value 2.015277 suggestion {'alpha': 0.0019456628170409864, 'batch_size': 248, 'beta_1': 0.9724680221858593, 'beta_2': 0.9027053845781949, 'epsilon': 6.748956940590307e-09, 'hidden_layer_sizes': 157, 'learning_rate_init': 3.725816819442845e-05, 'tol': 2.425444161285276e-05, 'validation_fraction': 0.2920540840296848}
observation time 0.000004, current best 0.124426 at iter 5
suggestion time taken 0.005436 iter 6 next_points [{'alpha': 0.5207993166446387, 'batch_size': 120, 'beta_1': 0.9337938162451039, 'beta_2': 0.9343877040969751, 'epsilon': 3.560717858661858e-08, 'hidden_layer_sizes': 164, 'learning_rate_init': 0.004764302928506811, 'tol': 0.009916722414110892, 'validation_fraction': 0.842644769168638}]
function_evaluation time 0.819586 value 0.450104 suggestion {'alpha': 0.5207993166446387, 'batch_size': 120, 'beta_1': 0.9337938162451039, 'beta_2': 0.9343877040969751, 'epsilon': 3.560717858661858e-08, 'hidden_layer_sizes': 164, 'learning_rate_init': 0.004764302928506811, 'tol': 0.009916722414110892, 'validation_fraction': 0.842644769168638}
observation time 0.000001, current best 0.124426 at iter 6
suggestion time taken 0.004571 iter 7 next_points [{'alpha': 0.00020558250295667414, 'batch_size': 229, 'beta_1': 0.8774549456704122, 'beta_2': 0.9998661988865464, 'epsilon': 1.662558419631858e-07, 'hidden_layer_sizes': 131, 'learning_rate_init': 0.0034452189539190335, 'tol': 0.00014941473477721867, 'validation_fraction': 0.8937238361051201}]
/home/ryedida/.local/lib/python3.8/site-packages/sklearn/neural_network/_multilayer_perceptron.py:603: UserWarning: Got `batch_size` less than 1 or larger than sample size. It is going to be clipped
  warnings.warn(

function_evaluation time 1.323339 value 0.453938 suggestion {'alpha': 0.00020558250295667414, 'batch_size': 229, 'beta_1': 0.8774549456704122, 'beta_2': 0.9998661988865464, 'epsilon': 1.662558419631858e-07, 'hidden_layer_sizes': 131, 'learning_rate_init': 0.0034452189539190335, 'tol': 0.00014941473477721867, 'validation_fraction': 0.8937238361051201}
observation time 0.000002, current best 0.124426 at iter 7
suggestion time taken 0.004579 iter 8 next_points [{'alpha': 0.016856732312405042, 'batch_size': 233, 'beta_1': 0.9767647509474487, 'beta_2': 0.9942149571162754, 'epsilon': 6.2603903148010014e-09, 'hidden_layer_sizes': 172, 'learning_rate_init': 0.0001964810354838305, 'tol': 0.0013297384071814654, 'validation_fraction': 0.8033081793054613}]
function_evaluation time 3.902827 value 1.779721 suggestion {'alpha': 0.016856732312405042, 'batch_size': 233, 'beta_1': 0.9767647509474487, 'beta_2': 0.9942149571162754, 'epsilon': 6.2603903148010014e-09, 'hidden_layer_sizes': 172, 'learning_rate_init': 0.0001964810354838305, 'tol': 0.0013297384071814654, 'validation_fraction': 0.8033081793054613}
observation time 0.000004, current best 0.124426 at iter 8
suggestion time taken 0.004832 iter 9 next_points [{'alpha': 0.6660980610415713, 'batch_size': 191, 'beta_1': 0.9445237029042332, 'beta_2': 0.9775887097431377, 'epsilon': 1.5024393243403334e-09, 'hidden_layer_sizes': 180, 'learning_rate_init': 4.3737431999661634e-05, 'tol': 0.0006748034794288729, 'validation_fraction': 0.8560098529885027}]
/home/ryedida/.local/lib/python3.8/site-packages/sklearn/neural_network/_multilayer_perceptron.py:684: ConvergenceWarning: Stochastic Optimizer: Maximum iterations (200) reached and the optimization hasn't converged yet.
  warnings.warn(

function_evaluation time 3.238901 value 5.195857 suggestion {'alpha': 0.6660980610415713, 'batch_size': 191, 'beta_1': 0.9445237029042332, 'beta_2': 0.9775887097431377, 'epsilon': 1.5024393243403334e-09, 'hidden_layer_sizes': 180, 'learning_rate_init': 4.3737431999661634e-05, 'tol': 0.0006748034794288729, 'validation_fraction': 0.8560098529885027}
observation time 0.000002, current best 0.124426 at iter 9
suggestion time taken 0.004556 iter 10 next_points [{'alpha': 1.3921643793594267, 'batch_size': 215, 'beta_1': 0.9527647401499468, 'beta_2': 0.9361039784775921, 'epsilon': 2.528599747350176e-07, 'hidden_layer_sizes': 199, 'learning_rate_init': 0.00040730825953275173, 'tol': 0.05280235158036187, 'validation_fraction': 0.13109293941188915}]
function_evaluation time 1.674711 value 0.200926 suggestion {'alpha': 1.3921643793594267, 'batch_size': 215, 'beta_1': 0.9527647401499468, 'beta_2': 0.9361039784775921, 'epsilon': 2.528599747350176e-07, 'hidden_layer_sizes': 199, 'learning_rate_init': 0.00040730825953275173, 'tol': 0.05280235158036187, 'validation_fraction': 0.13109293941188915}
observation time 0.000001, current best 0.124426 at iter 10
suggestion time taken 0.004534 iter 11 next_points [{'alpha': 0.0027336291570147766, 'batch_size': 244, 'beta_1': 0.5194693697524467, 'beta_2': 0.999532361483814, 'epsilon': 6.75266770960498e-08, 'hidden_layer_sizes': 132, 'learning_rate_init': 0.04398476640830677, 'tol': 0.020708938687596014, 'validation_fraction': 0.3038348795242229}]
function_evaluation time 1.022487 value 0.138530 suggestion {'alpha': 0.0027336291570147766, 'batch_size': 244, 'beta_1': 0.5194693697524467, 'beta_2': 0.999532361483814, 'epsilon': 6.75266770960498e-08, 'hidden_layer_sizes': 132, 'learning_rate_init': 0.04398476640830677, 'tol': 0.020708938687596014, 'validation_fraction': 0.3038348795242229}
observation time 0.000002, current best 0.124426 at iter 11
suggestion time taken 0.004530 iter 12 next_points [{'alpha': 7.763415352421491, 'batch_size': 38, 'beta_1': 0.8673256645653677, 'beta_2': 0.9340650099805878, 'epsilon': 2.1840564105119372e-07, 'hidden_layer_sizes': 72, 'learning_rate_init': 2.8332747223904844e-05, 'tol': 0.0031738298331035492, 'validation_fraction': 0.10365003600716378}]
function_evaluation time 8.787558 value 3.762931 suggestion {'alpha': 7.763415352421491, 'batch_size': 38, 'beta_1': 0.8673256645653677, 'beta_2': 0.9340650099805878, 'epsilon': 2.1840564105119372e-07, 'hidden_layer_sizes': 72, 'learning_rate_init': 2.8332747223904844e-05, 'tol': 0.0031738298331035492, 'validation_fraction': 0.10365003600716378}
observation time 0.000002, current best 0.124426 at iter 12
suggestion time taken 0.004536 iter 13 next_points [{'alpha': 0.01806966628008124, 'batch_size': 195, 'beta_1': 0.9512534750270866, 'beta_2': 0.9998439912997186, 'epsilon': 2.483101983593575e-08, 'hidden_layer_sizes': 153, 'learning_rate_init': 0.0014671151703364621, 'tol': 0.00010176613399141483, 'validation_fraction': 0.4714159748811492}]
function_evaluation time 2.674119 value 0.185392 suggestion {'alpha': 0.01806966628008124, 'batch_size': 195, 'beta_1': 0.9512534750270866, 'beta_2': 0.9998439912997186, 'epsilon': 2.483101983593575e-08, 'hidden_layer_sizes': 153, 'learning_rate_init': 0.0014671151703364621, 'tol': 0.00010176613399141483, 'validation_fraction': 0.4714159748811492}
observation time 0.000002, current best 0.124426 at iter 13
suggestion time taken 0.004550 iter 14 next_points [{'alpha': 0.06210841019305597, 'batch_size': 51, 'beta_1': 0.989565653933708, 'beta_2': 0.999995491936822, 'epsilon': 1.1394667390677774e-07, 'hidden_layer_sizes': 118, 'learning_rate_init': 0.0012394594540295315, 'tol': 0.07242685840571016, 'validation_fraction': 0.8240705889547538}]
function_evaluation time 0.637624 value 0.576304 suggestion {'alpha': 0.06210841019305597, 'batch_size': 51, 'beta_1': 0.989565653933708, 'beta_2': 0.999995491936822, 'epsilon': 1.1394667390677774e-07, 'hidden_layer_sizes': 118, 'learning_rate_init': 0.0012394594540295315, 'tol': 0.07242685840571016, 'validation_fraction': 0.8240705889547538}
observation time 0.000001, current best 0.124426 at iter 14
saving meta data: {'args': {'--uuid': '534bf964d9f05f509370fec5b9916ffe', '-db-root': '/home/ryedida/smoothness-hpo/bbo_challenge_starter_kit/output', '--opt-root': '/home/ryedida/smoothness-hpo/bbo_challenge_starter_kit/example_submissions', '--data-root': None, '--db': 'run_20240113_114336', '--opt': 'random', '--data': 'digits', '--classifier': 'MLP-adam', '--metric': 'nll', '--calls': 15, '--suggestions': 1, '--jobs-file': None, '--verbose': False, 'dry_run': False, 'rev': 'a376313', 'opt_rev': '0.0.8'}, 'signature': ([{'alpha': 0.019628224813442792, 'batch_size': 182, 'beta_1': 0.9410202200271762, 'beta_2': 0.9998021557676793, 'epsilon': 1.8662266976518e-08, 'hidden_layer_sizes': 147, 'learning_rate_init': 0.0005627932047415167, 'tol': 0.03690557729213761, 'validation_fraction': 0.8846827852548593}, {'alpha': 0.0019982467392329444, 'batch_size': 200, 'beta_1': 0.919111482530466, 'beta_2': 0.9998488260436156, 'epsilon': 5.981221901152555e-07, 'hidden_layer_sizes': 61, 'learning_rate_init': 2.2310905607443014e-05, 'tol': 1.2046852412030316e-05, 'validation_fraction': 0.8117896445826539}, {'alpha': 0.46659545670218433, 'batch_size': 219, 'beta_1': 0.9889789783750891, 'beta_2': 0.9999896868093284, 'epsilon': 2.4234724484675948e-08, 'hidden_layer_sizes': 167, 'learning_rate_init': 2.972334644335654e-05, 'tol': 0.0036281404040243792, 'validation_fraction': 0.17260651658522078}, {'alpha': 4.656005689076002, 'batch_size': 135, 'beta_1': 0.870503881627747, 'beta_2': 0.9948873266941017, 'epsilon': 2.1023308743480125e-07, 'hidden_layer_sizes': 118, 'learning_rate_init': 0.0018781738757161913, 'tol': 1.1889379831773004e-05, 'validation_fraction': 0.6264327093752792}, {'alpha': 0.04705159350400542, 'batch_size': 158, 'beta_1': 0.9870884262730957, 'beta_2': 0.9999596874382349, 'epsilon': 1.1981845126013875e-08, 'hidden_layer_sizes': 116, 'learning_rate_init': 0.00617340520407431, 'tol': 1.741413418158619e-05, 'validation_fraction': 0.6754299026638921}], [4.8709522768835765, 9.712622772033223, 5.950791832993735, 0.19438427080405424, 0.25190216699945595])}
saving results
saving timing
saving suggest log
done
