running: {'--uuid': '587f2ecc21ae5d56abd30de7f5047e10', '-db-root': '/home/ryedida/smoothness-hpo/bbo_challenge_starter_kit/output', '--opt-root': '/home/ryedida/smoothness-hpo/bbo_challenge_starter_kit/example_submissions', '--data-root': None, '--db': 'run_20240113_114336', '--opt': 'stcvx', '--data': 'digits', '--classifier': 'MLP-adam', '--metric': 'nll', '--calls': 15, '--suggestions': 1, '--jobs-file': None, '--verbose': False, 'dry_run': False, 'rev': 'a376313', 'opt_rev': 'x.x.x'}
cmd: python stcvx/optimizer.py -c MLP-adam -d digits -o stcvx -u 587f2ecc21ae5d56abd30de7f5047e10 -m nll -n 15 -p 1 -dir /home/ryedida/smoothness-hpo/bbo_challenge_starter_kit/output -b run_20240113_114336
/home/ryedida/.local/lib/python3.8/site-packages/sklearn/neural_network/_multilayer_perceptron.py:603: UserWarning: Got `batch_size` less than 1 or larger than sample size. It is going to be clipped
  warnings.warn(

/home/ryedida/.local/lib/python3.8/site-packages/sklearn/neural_network/_multilayer_perceptron.py:684: ConvergenceWarning: Stochastic Optimizer: Maximum iterations (200) reached and the optimization hasn't converged yet.
  warnings.warn(

computed signature: ([{'alpha': 0.019628224813442792, 'batch_size': 182, 'beta_1': 0.9410202200271762, 'beta_2': 0.9998021557676793, 'epsilon': 1.8662266976518e-08, 'hidden_layer_sizes': 147, 'learning_rate_init': 0.0005627932047415167, 'tol': 0.03690557729213761, 'validation_fraction': 0.8846827852548593}, {'alpha': 0.0019982467392329444, 'batch_size': 200, 'beta_1': 0.919111482530466, 'beta_2': 0.9998488260436156, 'epsilon': 5.981221901152555e-07, 'hidden_layer_sizes': 61, 'learning_rate_init': 2.2310905607443014e-05, 'tol': 1.2046852412030316e-05, 'validation_fraction': 0.8117896445826539}, {'alpha': 0.46659545670218433, 'batch_size': 219, 'beta_1': 0.9889789783750891, 'beta_2': 0.9999896868093284, 'epsilon': 2.4234724484675948e-08, 'hidden_layer_sizes': 167, 'learning_rate_init': 2.972334644335654e-05, 'tol': 0.0036281404040243792, 'validation_fraction': 0.17260651658522078}, {'alpha': 4.656005689076002, 'batch_size': 135, 'beta_1': 0.870503881627747, 'beta_2': 0.9948873266941017, 'epsilon': 2.1023308743480125e-07, 'hidden_layer_sizes': 118, 'learning_rate_init': 0.0018781738757161913, 'tol': 1.1889379831773004e-05, 'validation_fraction': 0.6264327093752792}, {'alpha': 0.04705159350400542, 'batch_size': 158, 'beta_1': 0.9870884262730957, 'beta_2': 0.9999596874382349, 'epsilon': 1.1981845126013875e-08, 'hidden_layer_sizes': 116, 'learning_rate_init': 0.00617340520407431, 'tol': 1.741413418158619e-05, 'validation_fraction': 0.6754299026638921}], [4.8709522768835765, 9.712622772033223, 5.950791832993735, 0.19438427080405424, 0.25190216699945595])
/home/ryedida/.local/lib/python3.8/site-packages/bayesmark/experiment.py:469: UserWarning: Baselines not found. Will not log intermediate scores.
  warnings.warn("Baselines not found. Will not log intermediate scores.")

starting sklearn study stcvx MLP-adam digits nll 15 1
with data root: None
suggestion time taken 32.686804 iter 0 next_points [{'alpha': 0.00056922866609948, 'batch_size': 18, 'beta_1': 0.9661089112752973, 'beta_2': 0.9999721080663433, 'epsilon': 3.2617804370823592e-09, 'hidden_layer_sizes': 127, 'learning_rate_init': 0.0023129869620063543, 'tol': 0.0034404678501233805, 'validation_fraction': 0.7161413366221617}]
function_evaluation time 2.410367 value 0.217352 suggestion {'alpha': 0.00056922866609948, 'batch_size': 18, 'beta_1': 0.9661089112752973, 'beta_2': 0.9999721080663433, 'epsilon': 3.2617804370823592e-09, 'hidden_layer_sizes': 127, 'learning_rate_init': 0.0023129869620063543, 'tol': 0.0034404678501233805, 'validation_fraction': 0.7161413366221617}
observation time 0.000002, current best 0.217352 at iter 0
suggestion time taken 30.251999 iter 1 next_points [{'alpha': 0.0034969279697731723, 'batch_size': 23, 'beta_1': 0.8482753651129039, 'beta_2': 0.9999873798824043, 'epsilon': 4.145145271035142e-07, 'hidden_layer_sizes': 87, 'learning_rate_init': 6.78090309012118e-05, 'tol': 0.031005065094590476, 'validation_fraction': 0.4770682186857646}]
function_evaluation time 3.760096 value 0.942449 suggestion {'alpha': 0.0034969279697731723, 'batch_size': 23, 'beta_1': 0.8482753651129039, 'beta_2': 0.9999873798824043, 'epsilon': 4.145145271035142e-07, 'hidden_layer_sizes': 87, 'learning_rate_init': 6.78090309012118e-05, 'tol': 0.031005065094590476, 'validation_fraction': 0.4770682186857646}
observation time 0.000016, current best 0.217352 at iter 1
suggestion time taken 30.716109 iter 2 next_points [{'alpha': 7.55958484810509e-05, 'batch_size': 11, 'beta_1': 0.90868668728009, 'beta_2': 0.9662697948780407, 'epsilon': 5.394076363495033e-07, 'hidden_layer_sizes': 167, 'learning_rate_init': 0.005048262165968791, 'tol': 0.00013323225778650137, 'validation_fraction': 0.8747985875737588}]
function_evaluation time 2.012461 value 0.402598 suggestion {'alpha': 7.55958484810509e-05, 'batch_size': 11, 'beta_1': 0.90868668728009, 'beta_2': 0.9662697948780407, 'epsilon': 5.394076363495033e-07, 'hidden_layer_sizes': 167, 'learning_rate_init': 0.005048262165968791, 'tol': 0.00013323225778650137, 'validation_fraction': 0.8747985875737588}
observation time 0.000004, current best 0.217352 at iter 2
suggestion time taken 29.100086 iter 3 next_points [{'alpha': 7.295682276173251, 'batch_size': 14, 'beta_1': 0.9850447913675846, 'beta_2': 0.9695807788435201, 'epsilon': 1.4819339040440232e-08, 'hidden_layer_sizes': 161, 'learning_rate_init': 0.0002514758571879595, 'tol': 0.003041620555421582, 'validation_fraction': 0.851627532298164}]
function_evaluation time 4.431095 value 0.498457 suggestion {'alpha': 7.295682276173251, 'batch_size': 14, 'beta_1': 0.9850447913675846, 'beta_2': 0.9695807788435201, 'epsilon': 1.4819339040440232e-08, 'hidden_layer_sizes': 161, 'learning_rate_init': 0.0002514758571879595, 'tol': 0.003041620555421582, 'validation_fraction': 0.851627532298164}
observation time 0.000003, current best 0.217352 at iter 3
suggestion time taken 27.563626 iter 4 next_points [{'alpha': 0.010721595431450164, 'batch_size': 31, 'beta_1': 0.9883926746601535, 'beta_2': 0.9641612353182298, 'epsilon': 2.7073782456715792e-08, 'hidden_layer_sizes': 178, 'learning_rate_init': 0.0348935484633027, 'tol': 0.0867844631141195, 'validation_fraction': 0.8303021337234971}]
function_evaluation time 0.798906 value 1.283459 suggestion {'alpha': 0.010721595431450164, 'batch_size': 31, 'beta_1': 0.9883926746601535, 'beta_2': 0.9641612353182298, 'epsilon': 2.7073782456715792e-08, 'hidden_layer_sizes': 178, 'learning_rate_init': 0.0348935484633027, 'tol': 0.0867844631141195, 'validation_fraction': 0.8303021337234971}
observation time 0.000002, current best 0.217352 at iter 4
suggestion time taken 28.606220 iter 5 next_points [{'alpha': 6.946661811888629e-05, 'batch_size': 24, 'beta_1': 0.962182675834409, 'beta_2': 0.9955528571407762, 'epsilon': 3.5176682267807005e-08, 'hidden_layer_sizes': 60, 'learning_rate_init': 6.447510624047175e-05, 'tol': 0.01060160760230319, 'validation_fraction': 0.8585025489142877}]
function_evaluation time 0.515363 value 9.677704 suggestion {'alpha': 6.946661811888629e-05, 'batch_size': 24, 'beta_1': 0.962182675834409, 'beta_2': 0.9955528571407762, 'epsilon': 3.5176682267807005e-08, 'hidden_layer_sizes': 60, 'learning_rate_init': 6.447510624047175e-05, 'tol': 0.01060160760230319, 'validation_fraction': 0.8585025489142877}
observation time 0.000004, current best 0.217352 at iter 5
suggestion time taken 29.286918 iter 6 next_points [{'alpha': 0.14379843591043784, 'batch_size': 13, 'beta_1': 0.9848051509792195, 'beta_2': 0.9195703942335924, 'epsilon': 6.778265212528181e-07, 'hidden_layer_sizes': 185, 'learning_rate_init': 0.003600464998761246, 'tol': 0.09272966183277233, 'validation_fraction': 0.42660767568611796}]
function_evaluation time 3.751460 value 0.240976 suggestion {'alpha': 0.14379843591043784, 'batch_size': 13, 'beta_1': 0.9848051509792195, 'beta_2': 0.9195703942335924, 'epsilon': 6.778265212528181e-07, 'hidden_layer_sizes': 185, 'learning_rate_init': 0.003600464998761246, 'tol': 0.09272966183277233, 'validation_fraction': 0.42660767568611796}
observation time 0.000031, current best 0.217352 at iter 6
suggestion time taken 26.616272 iter 7 next_points [{'alpha': 0.00014805313145810876, 'batch_size': 16, 'beta_1': 0.9862546977460219, 'beta_2': 0.9996550708016754, 'epsilon': 8.368721748333321e-07, 'hidden_layer_sizes': 78, 'learning_rate_init': 1.2531547315516527e-05, 'tol': 0.04285132569951712, 'validation_fraction': 0.5639025357534239}]
function_evaluation time 1.730028 value 9.485086 suggestion {'alpha': 0.00014805313145810876, 'batch_size': 16, 'beta_1': 0.9862546977460219, 'beta_2': 0.9996550708016754, 'epsilon': 8.368721748333321e-07, 'hidden_layer_sizes': 78, 'learning_rate_init': 1.2531547315516527e-05, 'tol': 0.04285132569951712, 'validation_fraction': 0.5639025357534239}
observation time 0.000003, current best 0.217352 at iter 7
suggestion time taken 28.974191 iter 8 next_points [{'alpha': 4.971420817326062e-05, 'batch_size': 14, 'beta_1': 0.8514349597429646, 'beta_2': 0.9522390304546674, 'epsilon': 6.683989203264645e-08, 'hidden_layer_sizes': 185, 'learning_rate_init': 8.184868184339519e-05, 'tol': 0.008181903670799365, 'validation_fraction': 0.7483794278895233}]
function_evaluation time 5.270411 value 0.314454 suggestion {'alpha': 4.971420817326062e-05, 'batch_size': 14, 'beta_1': 0.8514349597429646, 'beta_2': 0.9522390304546674, 'epsilon': 6.683989203264645e-08, 'hidden_layer_sizes': 185, 'learning_rate_init': 8.184868184339519e-05, 'tol': 0.008181903670799365, 'validation_fraction': 0.7483794278895233}
observation time 0.000003, current best 0.217352 at iter 8
suggestion time taken 28.031832 iter 9 next_points [{'alpha': 0.1560056696976506, 'batch_size': 11, 'beta_1': 0.9000930844711735, 'beta_2': 0.9999981929324037, 'epsilon': 4.064414747887055e-09, 'hidden_layer_sizes': 74, 'learning_rate_init': 0.018467322298712494, 'tol': 0.016648342415957283, 'validation_fraction': 0.3513124973604836}]
function_evaluation time 4.980185 value 0.166704 suggestion {'alpha': 0.1560056696976506, 'batch_size': 11, 'beta_1': 0.9000930844711735, 'beta_2': 0.9999981929324037, 'epsilon': 4.064414747887055e-09, 'hidden_layer_sizes': 74, 'learning_rate_init': 0.018467322298712494, 'tol': 0.016648342415957283, 'validation_fraction': 0.3513124973604836}
observation time 0.000014, current best 0.166704 at iter 9
suggestion time taken 25.729323 iter 10 next_points [{'alpha': 0.9304648936623977, 'batch_size': 40, 'beta_1': 0.9481129817717785, 'beta_2': 0.9842463899337466, 'epsilon': 1.8179284221144874e-09, 'hidden_layer_sizes': 81, 'learning_rate_init': 5.1139991234568404e-05, 'tol': 0.000581371700840187, 'validation_fraction': 0.8661805089817323}]
function_evaluation time 4.136316 value 3.613810 suggestion {'alpha': 0.9304648936623977, 'batch_size': 40, 'beta_1': 0.9481129817717785, 'beta_2': 0.9842463899337466, 'epsilon': 1.8179284221144874e-09, 'hidden_layer_sizes': 81, 'learning_rate_init': 5.1139991234568404e-05, 'tol': 0.000581371700840187, 'validation_fraction': 0.8661805089817323}
observation time 0.000015, current best 0.166704 at iter 10
suggestion time taken 27.231003 iter 11 next_points [{'alpha': 2.8438934433153584e-05, 'batch_size': 12, 'beta_1': 0.9758887681787125, 'beta_2': 0.9998841485407504, 'epsilon': 4.793097514454201e-07, 'hidden_layer_sizes': 143, 'learning_rate_init': 0.0004780930283173531, 'tol': 0.00013985139524374087, 'validation_fraction': 0.26079703035030755}]
function_evaluation time 10.772754 value 0.127945 suggestion {'alpha': 2.8438934433153584e-05, 'batch_size': 12, 'beta_1': 0.9758887681787125, 'beta_2': 0.9998841485407504, 'epsilon': 4.793097514454201e-07, 'hidden_layer_sizes': 143, 'learning_rate_init': 0.0004780930283173531, 'tol': 0.00013985139524374087, 'validation_fraction': 0.26079703035030755}
observation time 0.000016, current best 0.127945 at iter 11
suggestion time taken 26.548664 iter 12 next_points [{'alpha': 4.9951767368719215, 'batch_size': 22, 'beta_1': 0.9889316291601391, 'beta_2': 0.9609937017893575, 'epsilon': 1.0846894830135508e-09, 'hidden_layer_sizes': 166, 'learning_rate_init': 0.00012142928346766696, 'tol': 0.003012954759438475, 'validation_fraction': 0.24398506951971294}]
function_evaluation time 10.201310 value 0.237454 suggestion {'alpha': 4.9951767368719215, 'batch_size': 22, 'beta_1': 0.9889316291601391, 'beta_2': 0.9609937017893575, 'epsilon': 1.0846894830135508e-09, 'hidden_layer_sizes': 166, 'learning_rate_init': 0.00012142928346766696, 'tol': 0.003012954759438475, 'validation_fraction': 0.24398506951971294}
observation time 0.000011, current best 0.127945 at iter 12
suggestion time taken 25.934920 iter 13 next_points [{'alpha': 2.5116431987654937, 'batch_size': 18, 'beta_1': 0.5963060250985905, 'beta_2': 0.9676876718796054, 'epsilon': 1.0815919036326966e-09, 'hidden_layer_sizes': 99, 'learning_rate_init': 0.0006093541776940855, 'tol': 0.05849636944303783, 'validation_fraction': 0.19201849936612198}]
function_evaluation time 3.338215 value 0.182226 suggestion {'alpha': 2.5116431987654937, 'batch_size': 18, 'beta_1': 0.5963060250985905, 'beta_2': 0.9676876718796054, 'epsilon': 1.0815919036326966e-09, 'hidden_layer_sizes': 99, 'learning_rate_init': 0.0006093541776940855, 'tol': 0.05849636944303783, 'validation_fraction': 0.19201849936612198}
observation time 0.000002, current best 0.127945 at iter 13
suggestion time taken 25.592484 iter 14 next_points [{'alpha': 0.14306183689845323, 'batch_size': 14, 'beta_1': 0.8027355996597142, 'beta_2': 0.9999745007950197, 'epsilon': 1.4215858069709534e-07, 'hidden_layer_sizes': 76, 'learning_rate_init': 3.6015614183905564e-05, 'tol': 9.02067538277722e-05, 'validation_fraction': 0.4039262058461778}]
function_evaluation time 29.310307 value 0.290256 suggestion {'alpha': 0.14306183689845323, 'batch_size': 14, 'beta_1': 0.8027355996597142, 'beta_2': 0.9999745007950197, 'epsilon': 1.4215858069709534e-07, 'hidden_layer_sizes': 76, 'learning_rate_init': 3.6015614183905564e-05, 'tol': 9.02067538277722e-05, 'validation_fraction': 0.4039262058461778}
observation time 0.000014, current best 0.127945 at iter 14
saving meta data: {'args': {'--uuid': '587f2ecc21ae5d56abd30de7f5047e10', '-db-root': '/home/ryedida/smoothness-hpo/bbo_challenge_starter_kit/output', '--opt-root': '/home/ryedida/smoothness-hpo/bbo_challenge_starter_kit/example_submissions', '--data-root': None, '--db': 'run_20240113_114336', '--opt': 'stcvx', '--data': 'digits', '--classifier': 'MLP-adam', '--metric': 'nll', '--calls': 15, '--suggestions': 1, '--jobs-file': None, '--verbose': False, 'dry_run': False, 'rev': 'a376313', 'opt_rev': 'x.x.x'}, 'signature': ([{'alpha': 0.019628224813442792, 'batch_size': 182, 'beta_1': 0.9410202200271762, 'beta_2': 0.9998021557676793, 'epsilon': 1.8662266976518e-08, 'hidden_layer_sizes': 147, 'learning_rate_init': 0.0005627932047415167, 'tol': 0.03690557729213761, 'validation_fraction': 0.8846827852548593}, {'alpha': 0.0019982467392329444, 'batch_size': 200, 'beta_1': 0.919111482530466, 'beta_2': 0.9998488260436156, 'epsilon': 5.981221901152555e-07, 'hidden_layer_sizes': 61, 'learning_rate_init': 2.2310905607443014e-05, 'tol': 1.2046852412030316e-05, 'validation_fraction': 0.8117896445826539}, {'alpha': 0.46659545670218433, 'batch_size': 219, 'beta_1': 0.9889789783750891, 'beta_2': 0.9999896868093284, 'epsilon': 2.4234724484675948e-08, 'hidden_layer_sizes': 167, 'learning_rate_init': 2.972334644335654e-05, 'tol': 0.0036281404040243792, 'validation_fraction': 0.17260651658522078}, {'alpha': 4.656005689076002, 'batch_size': 135, 'beta_1': 0.870503881627747, 'beta_2': 0.9948873266941017, 'epsilon': 2.1023308743480125e-07, 'hidden_layer_sizes': 118, 'learning_rate_init': 0.0018781738757161913, 'tol': 1.1889379831773004e-05, 'validation_fraction': 0.6264327093752792}, {'alpha': 0.04705159350400542, 'batch_size': 158, 'beta_1': 0.9870884262730957, 'beta_2': 0.9999596874382349, 'epsilon': 1.1981845126013875e-08, 'hidden_layer_sizes': 116, 'learning_rate_init': 0.00617340520407431, 'tol': 1.741413418158619e-05, 'validation_fraction': 0.6754299026638921}], [4.8709522768835765, 9.712622772033223, 5.950791832993735, 0.19438427080405424, 0.25190216699945595])}
saving results
saving timing
saving suggest log
done
