running: {'--uuid': '5a43074776985aa8b22460f0cd573664', '-db-root': '/home/ryedida/smoothness-hpo/bbo_challenge_starter_kit/output', '--opt-root': '/home/ryedida/smoothness-hpo/bbo_challenge_starter_kit/example_submissions', '--data-root': None, '--db': 'run_20240113_114336', '--opt': 'stcvx', '--data': 'digits', '--classifier': 'MLP-adam', '--metric': 'acc', '--calls': 15, '--suggestions': 1, '--jobs-file': None, '--verbose': False, 'dry_run': False, 'rev': 'a376313', 'opt_rev': 'x.x.x'}
cmd: python stcvx/optimizer.py -c MLP-adam -d digits -o stcvx -u 5a43074776985aa8b22460f0cd573664 -m acc -n 15 -p 1 -dir /home/ryedida/smoothness-hpo/bbo_challenge_starter_kit/output -b run_20240113_114336
/home/ryedida/.local/lib/python3.8/site-packages/sklearn/neural_network/_multilayer_perceptron.py:603: UserWarning: Got `batch_size` less than 1 or larger than sample size. It is going to be clipped
  warnings.warn(

/home/ryedida/.local/lib/python3.8/site-packages/sklearn/neural_network/_multilayer_perceptron.py:684: ConvergenceWarning: Stochastic Optimizer: Maximum iterations (200) reached and the optimization hasn't converged yet.
  warnings.warn(

computed signature: ([{'alpha': 0.019628224813442792, 'batch_size': 182, 'beta_1': 0.9410202200271762, 'beta_2': 0.9998021557676793, 'epsilon': 1.8662266976518e-08, 'hidden_layer_sizes': 147, 'learning_rate_init': 0.0005627932047415167, 'tol': 0.03690557729213761, 'validation_fraction': 0.8846827852548593}, {'alpha': 0.0019982467392329444, 'batch_size': 200, 'beta_1': 0.919111482530466, 'beta_2': 0.9998488260436156, 'epsilon': 5.981221901152555e-07, 'hidden_layer_sizes': 61, 'learning_rate_init': 2.2310905607443014e-05, 'tol': 1.2046852412030316e-05, 'validation_fraction': 0.8117896445826539}, {'alpha': 0.46659545670218433, 'batch_size': 219, 'beta_1': 0.9889789783750891, 'beta_2': 0.9999896868093284, 'epsilon': 2.4234724484675948e-08, 'hidden_layer_sizes': 167, 'learning_rate_init': 2.972334644335654e-05, 'tol': 0.0036281404040243792, 'validation_fraction': 0.17260651658522078}, {'alpha': 4.656005689076002, 'batch_size': 135, 'beta_1': 0.870503881627747, 'beta_2': 0.9948873266941017, 'epsilon': 2.1023308743480125e-07, 'hidden_layer_sizes': 118, 'learning_rate_init': 0.0018781738757161913, 'tol': 1.1889379831773004e-05, 'validation_fraction': 0.6264327093752792}, {'alpha': 0.04705159350400542, 'batch_size': 158, 'beta_1': 0.9870884262730957, 'beta_2': 0.9999596874382349, 'epsilon': 1.1981845126013875e-08, 'hidden_layer_sizes': 116, 'learning_rate_init': 0.00617340520407431, 'tol': 1.741413418158619e-05, 'validation_fraction': 0.6754299026638921}], [-0.21081107239643826, -0.1295489740611692, -0.27999177313201706, -0.9422522260936896, -0.9332050909794812])
/home/ryedida/.local/lib/python3.8/site-packages/bayesmark/experiment.py:469: UserWarning: Baselines not found. Will not log intermediate scores.
  warnings.warn("Baselines not found. Will not log intermediate scores.")

starting sklearn study stcvx MLP-adam digits acc 15 1
with data root: None
suggestion time taken 30.151601 iter 0 next_points [{'alpha': 2.1127992459109028e-05, 'batch_size': 14, 'beta_1': 0.9502744833812113, 'beta_2': 0.9997915142365366, 'epsilon': 2.8649594159506243e-07, 'hidden_layer_sizes': 51, 'learning_rate_init': 0.0038374043557795156, 'tol': 1.6188702339031434e-05, 'validation_fraction': 0.38744019982782213}]
function_evaluation time 5.087160 value -0.958953 suggestion {'alpha': 2.1127992459109028e-05, 'batch_size': 14, 'beta_1': 0.9502744833812113, 'beta_2': 0.9997915142365366, 'epsilon': 2.8649594159506243e-07, 'hidden_layer_sizes': 51, 'learning_rate_init': 0.0038374043557795156, 'tol': 1.6188702339031434e-05, 'validation_fraction': 0.38744019982782213}
observation time 0.000009, current best -0.958953 at iter 0
suggestion time taken 27.808429 iter 1 next_points [{'alpha': 0.00010722468887614397, 'batch_size': 36, 'beta_1': 0.6383924646526064, 'beta_2': 0.9999774729233845, 'epsilon': 5.225197916955922e-07, 'hidden_layer_sizes': 67, 'learning_rate_init': 1.7050612430944748e-05, 'tol': 0.004410446493982039, 'validation_fraction': 0.22493750668176718}]
function_evaluation time 12.723732 value -0.564818 suggestion {'alpha': 0.00010722468887614397, 'batch_size': 36, 'beta_1': 0.6383924646526064, 'beta_2': 0.9999774729233845, 'epsilon': 5.225197916955922e-07, 'hidden_layer_sizes': 67, 'learning_rate_init': 1.7050612430944748e-05, 'tol': 0.004410446493982039, 'validation_fraction': 0.22493750668176718}
observation time 0.000012, current best -0.958953 at iter 1
suggestion time taken 27.916912 iter 2 next_points [{'alpha': 0.13831117780264804, 'batch_size': 15, 'beta_1': 0.8469532636960576, 'beta_2': 0.9980495655090131, 'epsilon': 2.3310414390034207e-09, 'hidden_layer_sizes': 60, 'learning_rate_init': 0.014847125963742628, 'tol': 0.0008006241405889082, 'validation_fraction': 0.4482732983372321}]
function_evaluation time 4.039026 value -0.947808 suggestion {'alpha': 0.13831117780264804, 'batch_size': 15, 'beta_1': 0.8469532636960576, 'beta_2': 0.9980495655090131, 'epsilon': 2.3310414390034207e-09, 'hidden_layer_sizes': 60, 'learning_rate_init': 0.014847125963742628, 'tol': 0.0008006241405889082, 'validation_fraction': 0.4482732983372321}
observation time 0.000012, current best -0.958953 at iter 2
suggestion time taken 27.887110 iter 3 next_points [{'alpha': 0.9863462855573373, 'batch_size': 16, 'beta_1': 0.8222048674365289, 'beta_2': 0.9993366824136356, 'epsilon': 1.9441689759128216e-07, 'hidden_layer_sizes': 66, 'learning_rate_init': 1.5067829008672114e-05, 'tol': 0.00022325827828920843, 'validation_fraction': 0.6008444687705433}]
/home/ryedida/.local/lib/python3.8/site-packages/sklearn/neural_network/_multilayer_perceptron.py:684: ConvergenceWarning: Stochastic Optimizer: Maximum iterations (200) reached and the optimization hasn't converged yet.
  warnings.warn(

function_evaluation time 13.198152 value -0.382910 suggestion {'alpha': 0.9863462855573373, 'batch_size': 16, 'beta_1': 0.8222048674365289, 'beta_2': 0.9993366824136356, 'epsilon': 1.9441689759128216e-07, 'hidden_layer_sizes': 66, 'learning_rate_init': 1.5067829008672114e-05, 'tol': 0.00022325827828920843, 'validation_fraction': 0.6008444687705433}
observation time 0.000012, current best -0.958953 at iter 3
suggestion time taken 27.802319 iter 4 next_points [{'alpha': 4.169088205637909, 'batch_size': 24, 'beta_1': 0.8733998695160698, 'beta_2': 0.9999424493051234, 'epsilon': 1.2433432561627308e-07, 'hidden_layer_sizes': 91, 'learning_rate_init': 0.005179437979241219, 'tol': 0.00020949227669091964, 'validation_fraction': 0.11699473059866468}]
function_evaluation time 2.537097 value -0.951295 suggestion {'alpha': 4.169088205637909, 'batch_size': 24, 'beta_1': 0.8733998695160698, 'beta_2': 0.9999424493051234, 'epsilon': 1.2433432561627308e-07, 'hidden_layer_sizes': 91, 'learning_rate_init': 0.005179437979241219, 'tol': 0.00020949227669091964, 'validation_fraction': 0.11699473059866468}
observation time 0.000002, current best -0.958953 at iter 4
suggestion time taken 27.467351 iter 5 next_points [{'alpha': 0.00864789281841225, 'batch_size': 43, 'beta_1': 0.9795810215907937, 'beta_2': 0.9999471738920988, 'epsilon': 6.16152256891281e-09, 'hidden_layer_sizes': 51, 'learning_rate_init': 0.01322476125477998, 'tol': 3.2931481421699726e-05, 'validation_fraction': 0.13766760631243216}]
function_evaluation time 2.032672 value -0.955473 suggestion {'alpha': 0.00864789281841225, 'batch_size': 43, 'beta_1': 0.9795810215907937, 'beta_2': 0.9999471738920988, 'epsilon': 6.16152256891281e-09, 'hidden_layer_sizes': 51, 'learning_rate_init': 0.01322476125477998, 'tol': 3.2931481421699726e-05, 'validation_fraction': 0.13766760631243216}
observation time 0.000002, current best -0.958953 at iter 5
suggestion time taken 28.264577 iter 6 next_points [{'alpha': 0.01717756257990914, 'batch_size': 23, 'beta_1': 0.6268450978351046, 'beta_2': 0.9507279343905379, 'epsilon': 1.881953297141477e-09, 'hidden_layer_sizes': 54, 'learning_rate_init': 0.00011091356228284435, 'tol': 0.047688626228432736, 'validation_fraction': 0.852900790821694}]
function_evaluation time 0.550359 value -0.153085 suggestion {'alpha': 0.01717756257990914, 'batch_size': 23, 'beta_1': 0.6268450978351046, 'beta_2': 0.9507279343905379, 'epsilon': 1.881953297141477e-09, 'hidden_layer_sizes': 54, 'learning_rate_init': 0.00011091356228284435, 'tol': 0.047688626228432736, 'validation_fraction': 0.852900790821694}
observation time 0.000004, current best -0.958953 at iter 6
suggestion time taken 27.395710 iter 7 next_points [{'alpha': 0.0013621253504569049, 'batch_size': 53, 'beta_1': 0.869775330553084, 'beta_2': 0.9002326058848137, 'epsilon': 8.518099688818171e-08, 'hidden_layer_sizes': 89, 'learning_rate_init': 0.010751510211075638, 'tol': 9.444650897919013e-05, 'validation_fraction': 0.32240130976144793}]
function_evaluation time 2.173093 value -0.956151 suggestion {'alpha': 0.0013621253504569049, 'batch_size': 53, 'beta_1': 0.869775330553084, 'beta_2': 0.9002326058848137, 'epsilon': 8.518099688818171e-08, 'hidden_layer_sizes': 89, 'learning_rate_init': 0.010751510211075638, 'tol': 9.444650897919013e-05, 'validation_fraction': 0.32240130976144793}
observation time 0.000003, current best -0.958953 at iter 7
suggestion time taken 26.745286 iter 8 next_points [{'alpha': 6.41486809069173, 'batch_size': 22, 'beta_1': 0.5535030660301792, 'beta_2': 0.9916423379100596, 'epsilon': 2.148189654866374e-08, 'hidden_layer_sizes': 145, 'learning_rate_init': 0.00041153680132131133, 'tol': 3.5914098173032206e-05, 'validation_fraction': 0.1812304417385698}]
function_evaluation time 5.399535 value -0.954774 suggestion {'alpha': 6.41486809069173, 'batch_size': 22, 'beta_1': 0.5535030660301792, 'beta_2': 0.9916423379100596, 'epsilon': 2.148189654866374e-08, 'hidden_layer_sizes': 145, 'learning_rate_init': 0.00041153680132131133, 'tol': 3.5914098173032206e-05, 'validation_fraction': 0.1812304417385698}
observation time 0.000004, current best -0.958953 at iter 8
suggestion time taken 28.918293 iter 9 next_points [{'alpha': 0.0012010384991498475, 'batch_size': 16, 'beta_1': 0.973308757673706, 'beta_2': 0.9999624703386664, 'epsilon': 9.105940288860036e-08, 'hidden_layer_sizes': 165, 'learning_rate_init': 0.0614844147630515, 'tol': 0.003174499910159662, 'validation_fraction': 0.2987655261648689}]
function_evaluation time 5.059384 value -0.544202 suggestion {'alpha': 0.0012010384991498475, 'batch_size': 16, 'beta_1': 0.973308757673706, 'beta_2': 0.9999624703386664, 'epsilon': 9.105940288860036e-08, 'hidden_layer_sizes': 165, 'learning_rate_init': 0.0614844147630515, 'tol': 0.003174499910159662, 'validation_fraction': 0.2987655261648689}
observation time 0.000003, current best -0.958953 at iter 9
suggestion time taken 27.841940 iter 10 next_points [{'alpha': 3.731338770757316e-05, 'batch_size': 12, 'beta_1': 0.8116331774329232, 'beta_2': 0.9999989599311777, 'epsilon': 1.8848001162415207e-08, 'hidden_layer_sizes': 149, 'learning_rate_init': 0.0020511304903618, 'tol': 1.9781138686155e-05, 'validation_fraction': 0.8924968900689756}]
function_evaluation time 4.193978 value -0.871958 suggestion {'alpha': 3.731338770757316e-05, 'batch_size': 12, 'beta_1': 0.8116331774329232, 'beta_2': 0.9999989599311777, 'epsilon': 1.8848001162415207e-08, 'hidden_layer_sizes': 149, 'learning_rate_init': 0.0020511304903618, 'tol': 1.9781138686155e-05, 'validation_fraction': 0.8924968900689756}
observation time 0.000003, current best -0.958953 at iter 10
suggestion time taken 26.871313 iter 11 next_points [{'alpha': 2.6972502083940232e-05, 'batch_size': 11, 'beta_1': 0.7516117427439666, 'beta_2': 0.9922352313709509, 'epsilon': 1.0515168786340935e-09, 'hidden_layer_sizes': 112, 'learning_rate_init': 0.001721734587476846, 'tol': 0.016795652349318162, 'validation_fraction': 0.6672887473654249}]
function_evaluation time 2.656961 value -0.933892 suggestion {'alpha': 2.6972502083940232e-05, 'batch_size': 11, 'beta_1': 0.7516117427439666, 'beta_2': 0.9922352313709509, 'epsilon': 1.0515168786340935e-09, 'hidden_layer_sizes': 112, 'learning_rate_init': 0.001721734587476846, 'tol': 0.016795652349318162, 'validation_fraction': 0.6672887473654249}
observation time 0.000003, current best -0.958953 at iter 11
suggestion time taken 27.363790 iter 12 next_points [{'alpha': 4.8396297972087154, 'batch_size': 15, 'beta_1': 0.8376744856133685, 'beta_2': 0.9173578467379275, 'epsilon': 1.2520570335554576e-07, 'hidden_layer_sizes': 67, 'learning_rate_init': 0.003401901371949325, 'tol': 0.00022453828416894278, 'validation_fraction': 0.8038778748563322}]
function_evaluation time 2.037989 value -0.904687 suggestion {'alpha': 4.8396297972087154, 'batch_size': 15, 'beta_1': 0.8376744856133685, 'beta_2': 0.9173578467379275, 'epsilon': 1.2520570335554576e-07, 'hidden_layer_sizes': 67, 'learning_rate_init': 0.003401901371949325, 'tol': 0.00022453828416894278, 'validation_fraction': 0.8038778748563322}
observation time 0.000003, current best -0.958953 at iter 12
suggestion time taken 27.440538 iter 13 next_points [{'alpha': 5.0772539198117295e-05, 'batch_size': 17, 'beta_1': 0.8718834548459015, 'beta_2': 0.9986176707222271, 'epsilon': 1.2011276459011878e-07, 'hidden_layer_sizes': 58, 'learning_rate_init': 3.856507287302452e-05, 'tol': 0.053468220971711326, 'validation_fraction': 0.15197489958439991}]
function_evaluation time 2.389510 value -0.363862 suggestion {'alpha': 5.0772539198117295e-05, 'batch_size': 17, 'beta_1': 0.8718834548459015, 'beta_2': 0.9986176707222271, 'epsilon': 1.2011276459011878e-07, 'hidden_layer_sizes': 58, 'learning_rate_init': 3.856507287302452e-05, 'tol': 0.053468220971711326, 'validation_fraction': 0.15197489958439991}
observation time 0.000003, current best -0.958953 at iter 13
suggestion time taken 26.950283 iter 14 next_points [{'alpha': 0.0001360301932483664, 'batch_size': 20, 'beta_1': 0.9835640507564074, 'beta_2': 0.9930605674339585, 'epsilon': 2.673331693517655e-08, 'hidden_layer_sizes': 54, 'learning_rate_init': 3.293765661805126e-05, 'tol': 3.46109438869026e-05, 'validation_fraction': 0.4349356017823978}]
/home/ryedida/.local/lib/python3.8/site-packages/sklearn/neural_network/_multilayer_perceptron.py:684: ConvergenceWarning: Stochastic Optimizer: Maximum iterations (200) reached and the optimization hasn't converged yet.
  warnings.warn(

function_evaluation time 24.409028 value -0.905362 suggestion {'alpha': 0.0001360301932483664, 'batch_size': 20, 'beta_1': 0.9835640507564074, 'beta_2': 0.9930605674339585, 'epsilon': 2.673331693517655e-08, 'hidden_layer_sizes': 54, 'learning_rate_init': 3.293765661805126e-05, 'tol': 3.46109438869026e-05, 'validation_fraction': 0.4349356017823978}
observation time 0.000012, current best -0.958953 at iter 14
saving meta data: {'args': {'--uuid': '5a43074776985aa8b22460f0cd573664', '-db-root': '/home/ryedida/smoothness-hpo/bbo_challenge_starter_kit/output', '--opt-root': '/home/ryedida/smoothness-hpo/bbo_challenge_starter_kit/example_submissions', '--data-root': None, '--db': 'run_20240113_114336', '--opt': 'stcvx', '--data': 'digits', '--classifier': 'MLP-adam', '--metric': 'acc', '--calls': 15, '--suggestions': 1, '--jobs-file': None, '--verbose': False, 'dry_run': False, 'rev': 'a376313', 'opt_rev': 'x.x.x'}, 'signature': ([{'alpha': 0.019628224813442792, 'batch_size': 182, 'beta_1': 0.9410202200271762, 'beta_2': 0.9998021557676793, 'epsilon': 1.8662266976518e-08, 'hidden_layer_sizes': 147, 'learning_rate_init': 0.0005627932047415167, 'tol': 0.03690557729213761, 'validation_fraction': 0.8846827852548593}, {'alpha': 0.0019982467392329444, 'batch_size': 200, 'beta_1': 0.919111482530466, 'beta_2': 0.9998488260436156, 'epsilon': 5.981221901152555e-07, 'hidden_layer_sizes': 61, 'learning_rate_init': 2.2310905607443014e-05, 'tol': 1.2046852412030316e-05, 'validation_fraction': 0.8117896445826539}, {'alpha': 0.46659545670218433, 'batch_size': 219, 'beta_1': 0.9889789783750891, 'beta_2': 0.9999896868093284, 'epsilon': 2.4234724484675948e-08, 'hidden_layer_sizes': 167, 'learning_rate_init': 2.972334644335654e-05, 'tol': 0.0036281404040243792, 'validation_fraction': 0.17260651658522078}, {'alpha': 4.656005689076002, 'batch_size': 135, 'beta_1': 0.870503881627747, 'beta_2': 0.9948873266941017, 'epsilon': 2.1023308743480125e-07, 'hidden_layer_sizes': 118, 'learning_rate_init': 0.0018781738757161913, 'tol': 1.1889379831773004e-05, 'validation_fraction': 0.6264327093752792}, {'alpha': 0.04705159350400542, 'batch_size': 158, 'beta_1': 0.9870884262730957, 'beta_2': 0.9999596874382349, 'epsilon': 1.1981845126013875e-08, 'hidden_layer_sizes': 116, 'learning_rate_init': 0.00617340520407431, 'tol': 1.741413418158619e-05, 'validation_fraction': 0.6754299026638921}], [-0.21081107239643826, -0.1295489740611692, -0.27999177313201706, -0.9422522260936896, -0.9332050909794812])}
saving results
saving timing
saving suggest log
done
