running: {'--uuid': '5bac744ac34a5f33a8294750a2e62cd3', '-db-root': '/home/ryedida/smoothness-hpo/bbo_challenge_starter_kit/output', '--opt-root': '/home/ryedida/smoothness-hpo/bbo_challenge_starter_kit/example_submissions', '--data-root': None, '--db': 'run_20240113_114336', '--opt': 'stcvx', '--data': 'digits', '--classifier': 'MLP-adam', '--metric': 'acc', '--calls': 15, '--suggestions': 1, '--jobs-file': None, '--verbose': False, 'dry_run': False, 'rev': 'a376313', 'opt_rev': 'x.x.x'}
cmd: python stcvx/optimizer.py -c MLP-adam -d digits -o stcvx -u 5bac744ac34a5f33a8294750a2e62cd3 -m acc -n 15 -p 1 -dir /home/ryedida/smoothness-hpo/bbo_challenge_starter_kit/output -b run_20240113_114336
/home/ryedida/.local/lib/python3.8/site-packages/sklearn/neural_network/_multilayer_perceptron.py:603: UserWarning: Got `batch_size` less than 1 or larger than sample size. It is going to be clipped
  warnings.warn(

/home/ryedida/.local/lib/python3.8/site-packages/sklearn/neural_network/_multilayer_perceptron.py:684: ConvergenceWarning: Stochastic Optimizer: Maximum iterations (200) reached and the optimization hasn't converged yet.
  warnings.warn(

computed signature: ([{'alpha': 0.019628224813442792, 'batch_size': 182, 'beta_1': 0.9410202200271762, 'beta_2': 0.9998021557676793, 'epsilon': 1.8662266976518e-08, 'hidden_layer_sizes': 147, 'learning_rate_init': 0.0005627932047415167, 'tol': 0.03690557729213761, 'validation_fraction': 0.8846827852548593}, {'alpha': 0.0019982467392329444, 'batch_size': 200, 'beta_1': 0.919111482530466, 'beta_2': 0.9998488260436156, 'epsilon': 5.981221901152555e-07, 'hidden_layer_sizes': 61, 'learning_rate_init': 2.2310905607443014e-05, 'tol': 1.2046852412030316e-05, 'validation_fraction': 0.8117896445826539}, {'alpha': 0.46659545670218433, 'batch_size': 219, 'beta_1': 0.9889789783750891, 'beta_2': 0.9999896868093284, 'epsilon': 2.4234724484675948e-08, 'hidden_layer_sizes': 167, 'learning_rate_init': 2.972334644335654e-05, 'tol': 0.0036281404040243792, 'validation_fraction': 0.17260651658522078}, {'alpha': 4.656005689076002, 'batch_size': 135, 'beta_1': 0.870503881627747, 'beta_2': 0.9948873266941017, 'epsilon': 2.1023308743480125e-07, 'hidden_layer_sizes': 118, 'learning_rate_init': 0.0018781738757161913, 'tol': 1.1889379831773004e-05, 'validation_fraction': 0.6264327093752792}, {'alpha': 0.04705159350400542, 'batch_size': 158, 'beta_1': 0.9870884262730957, 'beta_2': 0.9999596874382349, 'epsilon': 1.1981845126013875e-08, 'hidden_layer_sizes': 116, 'learning_rate_init': 0.00617340520407431, 'tol': 1.741413418158619e-05, 'validation_fraction': 0.6754299026638921}], [-0.21081107239643826, -0.1295489740611692, -0.27999177313201706, -0.9422522260936896, -0.9332050909794812])
/home/ryedida/.local/lib/python3.8/site-packages/bayesmark/experiment.py:469: UserWarning: Baselines not found. Will not log intermediate scores.
  warnings.warn("Baselines not found. Will not log intermediate scores.")

starting sklearn study stcvx MLP-adam digits acc 15 1
with data root: None
suggestion time taken 33.863408 iter 0 next_points [{'alpha': 0.8509476896160671, 'batch_size': 10, 'beta_1': 0.9861414159358134, 'beta_2': 0.9972376159100643, 'epsilon': 5.296797945636278e-09, 'hidden_layer_sizes': 83, 'learning_rate_init': 0.0016594386755076208, 'tol': 0.0038200463308510554, 'validation_fraction': 0.5081354677854761}]
function_evaluation time 5.192197 value -0.955466 suggestion {'alpha': 0.8509476896160671, 'batch_size': 10, 'beta_1': 0.9861414159358134, 'beta_2': 0.9972376159100643, 'epsilon': 5.296797945636278e-09, 'hidden_layer_sizes': 83, 'learning_rate_init': 0.0016594386755076208, 'tol': 0.0038200463308510554, 'validation_fraction': 0.5081354677854761}
observation time 0.000066, current best -0.955466 at iter 0
suggestion time taken 30.794030 iter 1 next_points [{'alpha': 0.0006495106027062224, 'batch_size': 16, 'beta_1': 0.7282165142790227, 'beta_2': 0.9993962879068337, 'epsilon': 1.1148992630584104e-07, 'hidden_layer_sizes': 105, 'learning_rate_init': 0.0022002449478839303, 'tol': 0.0003417285424072202, 'validation_fraction': 0.8107344073425555}]
function_evaluation time 3.996064 value -0.931811 suggestion {'alpha': 0.0006495106027062224, 'batch_size': 16, 'beta_1': 0.7282165142790227, 'beta_2': 0.9993962879068337, 'epsilon': 1.1148992630584104e-07, 'hidden_layer_sizes': 105, 'learning_rate_init': 0.0022002449478839303, 'tol': 0.0003417285424072202, 'validation_fraction': 0.8107344073425555}
observation time 0.000017, current best -0.955466 at iter 1
suggestion time taken 30.002391 iter 2 next_points [{'alpha': 9.286484650832745e-05, 'batch_size': 16, 'beta_1': 0.9289494854134545, 'beta_2': 0.999990156131306, 'epsilon': 1.2427603508759432e-09, 'hidden_layer_sizes': 69, 'learning_rate_init': 2.228149100824384e-05, 'tol': 5.1425025646685543e-05, 'validation_fraction': 0.10648563961939435}]
function_evaluation time 21.098700 value -0.851757 suggestion {'alpha': 9.286484650832745e-05, 'batch_size': 16, 'beta_1': 0.9289494854134545, 'beta_2': 0.999990156131306, 'epsilon': 1.2427603508759432e-09, 'hidden_layer_sizes': 69, 'learning_rate_init': 2.228149100824384e-05, 'tol': 5.1425025646685543e-05, 'validation_fraction': 0.10648563961939435}
observation time 0.000014, current best -0.955466 at iter 2
suggestion time taken 28.980260 iter 3 next_points [{'alpha': 0.00022363136971947217, 'batch_size': 28, 'beta_1': 0.5537586343733594, 'beta_2': 0.9921443597646077, 'epsilon': 1.0102964710888644e-07, 'hidden_layer_sizes': 67, 'learning_rate_init': 0.003997871228635604, 'tol': 0.0005577431896383371, 'validation_fraction': 0.10347235165976222}]
function_evaluation time 2.771867 value -0.966606 suggestion {'alpha': 0.00022363136971947217, 'batch_size': 28, 'beta_1': 0.5537586343733594, 'beta_2': 0.9921443597646077, 'epsilon': 1.0102964710888644e-07, 'hidden_layer_sizes': 67, 'learning_rate_init': 0.003997871228635604, 'tol': 0.0005577431896383371, 'validation_fraction': 0.10347235165976222}
observation time 0.000003, current best -0.966606 at iter 3
suggestion time taken 29.501035 iter 4 next_points [{'alpha': 7.511819727108274, 'batch_size': 21, 'beta_1': 0.5906721787185382, 'beta_2': 0.9918727695981743, 'epsilon': 2.2216173182779924e-07, 'hidden_layer_sizes': 86, 'learning_rate_init': 1.728487444753701e-05, 'tol': 0.019029397808699423, 'validation_fraction': 0.729607898043606}]
function_evaluation time 1.011214 value -0.140505 suggestion {'alpha': 7.511819727108274, 'batch_size': 21, 'beta_1': 0.5906721787185382, 'beta_2': 0.9918727695981743, 'epsilon': 2.2216173182779924e-07, 'hidden_layer_sizes': 86, 'learning_rate_init': 1.728487444753701e-05, 'tol': 0.019029397808699423, 'validation_fraction': 0.729607898043606}
observation time 0.000003, current best -0.966606 at iter 4
suggestion time taken 28.792021 iter 5 next_points [{'alpha': 5.45200244676499e-05, 'batch_size': 13, 'beta_1': 0.9215452839139695, 'beta_2': 0.9999970582341713, 'epsilon': 2.497238406811345e-07, 'hidden_layer_sizes': 120, 'learning_rate_init': 0.009705368244943835, 'tol': 0.0009134658614637473, 'validation_fraction': 0.24517780649610613}]
function_evaluation time 6.414092 value -0.959647 suggestion {'alpha': 5.45200244676499e-05, 'batch_size': 13, 'beta_1': 0.9215452839139695, 'beta_2': 0.9999970582341713, 'epsilon': 2.497238406811345e-07, 'hidden_layer_sizes': 120, 'learning_rate_init': 0.009705368244943835, 'tol': 0.0009134658614637473, 'validation_fraction': 0.24517780649610613}
observation time 0.000015, current best -0.966606 at iter 5
suggestion time taken 28.841320 iter 6 next_points [{'alpha': 1.7695580621020512, 'batch_size': 11, 'beta_1': 0.8846431879130233, 'beta_2': 0.9999953084489915, 'epsilon': 7.835205655210564e-07, 'hidden_layer_sizes': 106, 'learning_rate_init': 0.00014512583946816546, 'tol': 0.0019250394010754633, 'validation_fraction': 0.10774369465809333}]
function_evaluation time 13.886885 value -0.943631 suggestion {'alpha': 1.7695580621020512, 'batch_size': 11, 'beta_1': 0.8846431879130233, 'beta_2': 0.9999953084489915, 'epsilon': 7.835205655210564e-07, 'hidden_layer_sizes': 106, 'learning_rate_init': 0.00014512583946816546, 'tol': 0.0019250394010754633, 'validation_fraction': 0.10774369465809333}
observation time 0.000015, current best -0.966606 at iter 6
suggestion time taken 28.452984 iter 7 next_points [{'alpha': 0.028402414021784256, 'batch_size': 29, 'beta_1': 0.9690479261549696, 'beta_2': 0.9998535552084161, 'epsilon': 1.8969836040130888e-07, 'hidden_layer_sizes': 57, 'learning_rate_init': 0.0010330816523542047, 'tol': 0.0011360585356453353, 'validation_fraction': 0.10987596393833074}]
function_evaluation time 3.671756 value -0.948514 suggestion {'alpha': 0.028402414021784256, 'batch_size': 29, 'beta_1': 0.9690479261549696, 'beta_2': 0.9998535552084161, 'epsilon': 1.8969836040130888e-07, 'hidden_layer_sizes': 57, 'learning_rate_init': 0.0010330816523542047, 'tol': 0.0011360585356453353, 'validation_fraction': 0.10987596393833074}
observation time 0.000012, current best -0.966606 at iter 7
suggestion time taken 28.926381 iter 8 next_points [{'alpha': 0.22356155865887734, 'batch_size': 18, 'beta_1': 0.9726316973306909, 'beta_2': 0.9904696709447602, 'epsilon': 1.2853034998123372e-07, 'hidden_layer_sizes': 182, 'learning_rate_init': 0.0026564855563761896, 'tol': 0.0003796644873775411, 'validation_fraction': 0.5952004749252318}]
function_evaluation time 4.387783 value -0.949216 suggestion {'alpha': 0.22356155865887734, 'batch_size': 18, 'beta_1': 0.9726316973306909, 'beta_2': 0.9904696709447602, 'epsilon': 1.2853034998123372e-07, 'hidden_layer_sizes': 182, 'learning_rate_init': 0.0026564855563761896, 'tol': 0.0003796644873775411, 'validation_fraction': 0.5952004749252318}
observation time 0.000008, current best -0.966606 at iter 8
suggestion time taken 27.080439 iter 9 next_points [{'alpha': 4.406167198423198e-05, 'batch_size': 19, 'beta_1': 0.9844143898418113, 'beta_2': 0.9998881025768237, 'epsilon': 5.408644314896869e-07, 'hidden_layer_sizes': 79, 'learning_rate_init': 0.0007088289695291496, 'tol': 2.9792828106678518e-05, 'validation_fraction': 0.3451117245463502}]
function_evaluation time 7.804323 value -0.950588 suggestion {'alpha': 4.406167198423198e-05, 'batch_size': 19, 'beta_1': 0.9844143898418113, 'beta_2': 0.9998881025768237, 'epsilon': 5.408644314896869e-07, 'hidden_layer_sizes': 79, 'learning_rate_init': 0.0007088289695291496, 'tol': 2.9792828106678518e-05, 'validation_fraction': 0.3451117245463502}
observation time 0.000023, current best -0.966606 at iter 9
suggestion time taken 26.787880 iter 10 next_points [{'alpha': 0.6574419866080943, 'batch_size': 11, 'beta_1': 0.5119841629592113, 'beta_2': 0.9999975034027553, 'epsilon': 8.34436606236842e-08, 'hidden_layer_sizes': 53, 'learning_rate_init': 0.00340977315486422, 'tol': 0.057968231132670876, 'validation_fraction': 0.840977750956496}]
function_evaluation time 1.057277 value -0.898389 suggestion {'alpha': 0.6574419866080943, 'batch_size': 11, 'beta_1': 0.5119841629592113, 'beta_2': 0.9999975034027553, 'epsilon': 8.34436606236842e-08, 'hidden_layer_sizes': 53, 'learning_rate_init': 0.00340977315486422, 'tol': 0.057968231132670876, 'validation_fraction': 0.840977750956496}
observation time 0.000002, current best -0.966606 at iter 10
suggestion time taken 26.542506 iter 11 next_points [{'alpha': 1.9061900838699845e-05, 'batch_size': 40, 'beta_1': 0.9705243784369875, 'beta_2': 0.9999925177416268, 'epsilon': 9.127605881749807e-09, 'hidden_layer_sizes': 84, 'learning_rate_init': 9.591932089736929e-05, 'tol': 0.039589603897418564, 'validation_fraction': 0.7567249601830337}]
function_evaluation time 0.643595 value -0.158629 suggestion {'alpha': 1.9061900838699845e-05, 'batch_size': 40, 'beta_1': 0.9705243784369875, 'beta_2': 0.9999925177416268, 'epsilon': 9.127605881749807e-09, 'hidden_layer_sizes': 84, 'learning_rate_init': 9.591932089736929e-05, 'tol': 0.039589603897418564, 'validation_fraction': 0.7567249601830337}
observation time 0.000004, current best -0.966606 at iter 11
suggestion time taken 27.842518 iter 12 next_points [{'alpha': 1.9284482361743787, 'batch_size': 11, 'beta_1': 0.5100651170948153, 'beta_2': 0.9999985226558515, 'epsilon': 2.0093032231447367e-09, 'hidden_layer_sizes': 187, 'learning_rate_init': 0.012593042577294733, 'tol': 0.049929428778717644, 'validation_fraction': 0.17231718659292344}]
function_evaluation time 7.717537 value -0.926236 suggestion {'alpha': 1.9284482361743787, 'batch_size': 11, 'beta_1': 0.5100651170948153, 'beta_2': 0.9999985226558515, 'epsilon': 2.0093032231447367e-09, 'hidden_layer_sizes': 187, 'learning_rate_init': 0.012593042577294733, 'tol': 0.049929428778717644, 'validation_fraction': 0.17231718659292344}
observation time 0.000009, current best -0.966606 at iter 12
suggestion time taken 26.787974 iter 13 next_points [{'alpha': 0.0005942874080031346, 'batch_size': 17, 'beta_1': 0.8041244153275359, 'beta_2': 0.9999973809200808, 'epsilon': 2.5543836291401456e-09, 'hidden_layer_sizes': 149, 'learning_rate_init': 0.01982993429929308, 'tol': 0.018294355752922625, 'validation_fraction': 0.7993915323297258}]
function_evaluation time 1.421859 value -0.919302 suggestion {'alpha': 0.0005942874080031346, 'batch_size': 17, 'beta_1': 0.8041244153275359, 'beta_2': 0.9999973809200808, 'epsilon': 2.5543836291401456e-09, 'hidden_layer_sizes': 149, 'learning_rate_init': 0.01982993429929308, 'tol': 0.018294355752922625, 'validation_fraction': 0.7993915323297258}
observation time 0.000002, current best -0.966606 at iter 13
suggestion time taken 26.482132 iter 14 next_points [{'alpha': 0.28326316031786225, 'batch_size': 11, 'beta_1': 0.9366852782909089, 'beta_2': 0.9999968590649727, 'epsilon': 8.604578998079102e-07, 'hidden_layer_sizes': 190, 'learning_rate_init': 0.0040315985090493564, 'tol': 3.803098777626437e-05, 'validation_fraction': 0.7404696395873678}]
function_evaluation time 4.557123 value -0.945030 suggestion {'alpha': 0.28326316031786225, 'batch_size': 11, 'beta_1': 0.9366852782909089, 'beta_2': 0.9999968590649727, 'epsilon': 8.604578998079102e-07, 'hidden_layer_sizes': 190, 'learning_rate_init': 0.0040315985090493564, 'tol': 3.803098777626437e-05, 'validation_fraction': 0.7404696395873678}
observation time 0.000004, current best -0.966606 at iter 14
saving meta data: {'args': {'--uuid': '5bac744ac34a5f33a8294750a2e62cd3', '-db-root': '/home/ryedida/smoothness-hpo/bbo_challenge_starter_kit/output', '--opt-root': '/home/ryedida/smoothness-hpo/bbo_challenge_starter_kit/example_submissions', '--data-root': None, '--db': 'run_20240113_114336', '--opt': 'stcvx', '--data': 'digits', '--classifier': 'MLP-adam', '--metric': 'acc', '--calls': 15, '--suggestions': 1, '--jobs-file': None, '--verbose': False, 'dry_run': False, 'rev': 'a376313', 'opt_rev': 'x.x.x'}, 'signature': ([{'alpha': 0.019628224813442792, 'batch_size': 182, 'beta_1': 0.9410202200271762, 'beta_2': 0.9998021557676793, 'epsilon': 1.8662266976518e-08, 'hidden_layer_sizes': 147, 'learning_rate_init': 0.0005627932047415167, 'tol': 0.03690557729213761, 'validation_fraction': 0.8846827852548593}, {'alpha': 0.0019982467392329444, 'batch_size': 200, 'beta_1': 0.919111482530466, 'beta_2': 0.9998488260436156, 'epsilon': 5.981221901152555e-07, 'hidden_layer_sizes': 61, 'learning_rate_init': 2.2310905607443014e-05, 'tol': 1.2046852412030316e-05, 'validation_fraction': 0.8117896445826539}, {'alpha': 0.46659545670218433, 'batch_size': 219, 'beta_1': 0.9889789783750891, 'beta_2': 0.9999896868093284, 'epsilon': 2.4234724484675948e-08, 'hidden_layer_sizes': 167, 'learning_rate_init': 2.972334644335654e-05, 'tol': 0.0036281404040243792, 'validation_fraction': 0.17260651658522078}, {'alpha': 4.656005689076002, 'batch_size': 135, 'beta_1': 0.870503881627747, 'beta_2': 0.9948873266941017, 'epsilon': 2.1023308743480125e-07, 'hidden_layer_sizes': 118, 'learning_rate_init': 0.0018781738757161913, 'tol': 1.1889379831773004e-05, 'validation_fraction': 0.6264327093752792}, {'alpha': 0.04705159350400542, 'batch_size': 158, 'beta_1': 0.9870884262730957, 'beta_2': 0.9999596874382349, 'epsilon': 1.1981845126013875e-08, 'hidden_layer_sizes': 116, 'learning_rate_init': 0.00617340520407431, 'tol': 1.741413418158619e-05, 'validation_fraction': 0.6754299026638921}], [-0.21081107239643826, -0.1295489740611692, -0.27999177313201706, -0.9422522260936896, -0.9332050909794812])}
saving results
saving timing
saving suggest log
done
