running: {'--uuid': '5bde8a80a8d65367ac122fd505982618', '-db-root': '/home/ryedida/smoothness-hpo/bbo_challenge_starter_kit/output', '--opt-root': '/home/ryedida/smoothness-hpo/bbo_challenge_starter_kit/example_submissions', '--data-root': None, '--db': 'run_20240113_114336', '--opt': 'stcvx', '--data': 'digits', '--classifier': 'MLP-adam', '--metric': 'acc', '--calls': 15, '--suggestions': 1, '--jobs-file': None, '--verbose': False, 'dry_run': False, 'rev': 'a376313', 'opt_rev': 'x.x.x'}
cmd: python stcvx/optimizer.py -c MLP-adam -d digits -o stcvx -u 5bde8a80a8d65367ac122fd505982618 -m acc -n 15 -p 1 -dir /home/ryedida/smoothness-hpo/bbo_challenge_starter_kit/output -b run_20240113_114336
/home/ryedida/.local/lib/python3.8/site-packages/sklearn/neural_network/_multilayer_perceptron.py:603: UserWarning: Got `batch_size` less than 1 or larger than sample size. It is going to be clipped
  warnings.warn(

/home/ryedida/.local/lib/python3.8/site-packages/sklearn/neural_network/_multilayer_perceptron.py:684: ConvergenceWarning: Stochastic Optimizer: Maximum iterations (200) reached and the optimization hasn't converged yet.
  warnings.warn(

computed signature: ([{'alpha': 0.019628224813442792, 'batch_size': 182, 'beta_1': 0.9410202200271762, 'beta_2': 0.9998021557676793, 'epsilon': 1.8662266976518e-08, 'hidden_layer_sizes': 147, 'learning_rate_init': 0.0005627932047415167, 'tol': 0.03690557729213761, 'validation_fraction': 0.8846827852548593}, {'alpha': 0.0019982467392329444, 'batch_size': 200, 'beta_1': 0.919111482530466, 'beta_2': 0.9998488260436156, 'epsilon': 5.981221901152555e-07, 'hidden_layer_sizes': 61, 'learning_rate_init': 2.2310905607443014e-05, 'tol': 1.2046852412030316e-05, 'validation_fraction': 0.8117896445826539}, {'alpha': 0.46659545670218433, 'batch_size': 219, 'beta_1': 0.9889789783750891, 'beta_2': 0.9999896868093284, 'epsilon': 2.4234724484675948e-08, 'hidden_layer_sizes': 167, 'learning_rate_init': 2.972334644335654e-05, 'tol': 0.0036281404040243792, 'validation_fraction': 0.17260651658522078}, {'alpha': 4.656005689076002, 'batch_size': 135, 'beta_1': 0.870503881627747, 'beta_2': 0.9948873266941017, 'epsilon': 2.1023308743480125e-07, 'hidden_layer_sizes': 118, 'learning_rate_init': 0.0018781738757161913, 'tol': 1.1889379831773004e-05, 'validation_fraction': 0.6264327093752792}, {'alpha': 0.04705159350400542, 'batch_size': 158, 'beta_1': 0.9870884262730957, 'beta_2': 0.9999596874382349, 'epsilon': 1.1981845126013875e-08, 'hidden_layer_sizes': 116, 'learning_rate_init': 0.00617340520407431, 'tol': 1.741413418158619e-05, 'validation_fraction': 0.6754299026638921}], [-0.21081107239643826, -0.1295489740611692, -0.27999177313201706, -0.9422522260936896, -0.9332050909794812])
/home/ryedida/.local/lib/python3.8/site-packages/bayesmark/experiment.py:469: UserWarning: Baselines not found. Will not log intermediate scores.
  warnings.warn("Baselines not found. Will not log intermediate scores.")

starting sklearn study stcvx MLP-adam digits acc 15 1
with data root: None
suggestion time taken 30.397592 iter 0 next_points [{'alpha': 0.04269028617165028, 'batch_size': 10, 'beta_1': 0.9688858534938094, 'beta_2': 0.9954752833598345, 'epsilon': 5.703122687191114e-08, 'hidden_layer_sizes': 52, 'learning_rate_init': 1.012490078242427e-05, 'tol': 1.789918402314156e-05, 'validation_fraction': 0.6143807323056886}]
function_evaluation time 17.368392 value -0.491420 suggestion {'alpha': 0.04269028617165028, 'batch_size': 10, 'beta_1': 0.9688858534938094, 'beta_2': 0.9954752833598345, 'epsilon': 5.703122687191114e-08, 'hidden_layer_sizes': 52, 'learning_rate_init': 1.012490078242427e-05, 'tol': 1.789918402314156e-05, 'validation_fraction': 0.6143807323056886}
observation time 0.000012, current best -0.491420 at iter 0
suggestion time taken 29.404480 iter 1 next_points [{'alpha': 0.4251891454205977, 'batch_size': 18, 'beta_1': 0.6682019706126637, 'beta_2': 0.9930410684021421, 'epsilon': 2.314335705967704e-09, 'hidden_layer_sizes': 103, 'learning_rate_init': 0.003225828812113511, 'tol': 1.5965705649647154e-05, 'validation_fraction': 0.6579745715415027}]
function_evaluation time 3.962823 value -0.954767 suggestion {'alpha': 0.4251891454205977, 'batch_size': 18, 'beta_1': 0.6682019706126637, 'beta_2': 0.9930410684021421, 'epsilon': 2.314335705967704e-09, 'hidden_layer_sizes': 103, 'learning_rate_init': 0.003225828812113511, 'tol': 1.5965705649647154e-05, 'validation_fraction': 0.6579745715415027}
observation time 0.000018, current best -0.954767 at iter 1
suggestion time taken 29.281108 iter 2 next_points [{'alpha': 1.1702382825034556, 'batch_size': 15, 'beta_1': 0.9550460571981699, 'beta_2': 0.9998660172653873, 'epsilon': 3.881731022735976e-09, 'hidden_layer_sizes': 59, 'learning_rate_init': 0.0019144008300870205, 'tol': 0.0011692441315478753, 'validation_fraction': 0.48932438521518473}]
function_evaluation time 6.539135 value -0.956165 suggestion {'alpha': 1.1702382825034556, 'batch_size': 15, 'beta_1': 0.9550460571981699, 'beta_2': 0.9998660172653873, 'epsilon': 3.881731022735976e-09, 'hidden_layer_sizes': 59, 'learning_rate_init': 0.0019144008300870205, 'tol': 0.0011692441315478753, 'validation_fraction': 0.48932438521518473}
observation time 0.000018, current best -0.956165 at iter 2
suggestion time taken 28.384008 iter 3 next_points [{'alpha': 1.0058160890217498, 'batch_size': 12, 'beta_1': 0.9714135867260163, 'beta_2': 0.9392109290494368, 'epsilon': 9.387785316791467e-09, 'hidden_layer_sizes': 140, 'learning_rate_init': 0.02485366997637209, 'tol': 0.05012983800946394, 'validation_fraction': 0.5809974333088511}]
function_evaluation time 3.081499 value -0.906078 suggestion {'alpha': 1.0058160890217498, 'batch_size': 12, 'beta_1': 0.9714135867260163, 'beta_2': 0.9392109290494368, 'epsilon': 9.387785316791467e-09, 'hidden_layer_sizes': 140, 'learning_rate_init': 0.02485366997637209, 'tol': 0.05012983800946394, 'validation_fraction': 0.5809974333088511}
observation time 0.000006, current best -0.956165 at iter 3
suggestion time taken 28.199734 iter 4 next_points [{'alpha': 1.6961496116684087, 'batch_size': 11, 'beta_1': 0.989268569024306, 'beta_2': 0.9803607216851594, 'epsilon': 7.543253653506006e-09, 'hidden_layer_sizes': 57, 'learning_rate_init': 0.0012667885969501966, 'tol': 2.6439667721687138e-05, 'validation_fraction': 0.8838090834641292}]
function_evaluation time 3.304750 value -0.917206 suggestion {'alpha': 1.6961496116684087, 'batch_size': 11, 'beta_1': 0.989268569024306, 'beta_2': 0.9803607216851594, 'epsilon': 7.543253653506006e-09, 'hidden_layer_sizes': 57, 'learning_rate_init': 0.0012667885969501966, 'tol': 2.6439667721687138e-05, 'validation_fraction': 0.8838090834641292}
observation time 0.000030, current best -0.956165 at iter 4
suggestion time taken 26.809902 iter 5 next_points [{'alpha': 0.0011442543836642672, 'batch_size': 19, 'beta_1': 0.8419550637026912, 'beta_2': 0.9999237573610064, 'epsilon': 4.008621052638717e-07, 'hidden_layer_sizes': 131, 'learning_rate_init': 0.0009109817944783039, 'tol': 1.2449528868782205e-05, 'validation_fraction': 0.6367026983920265}]
function_evaluation time 5.867303 value -0.947121 suggestion {'alpha': 0.0011442543836642672, 'batch_size': 19, 'beta_1': 0.8419550637026912, 'beta_2': 0.9999237573610064, 'epsilon': 4.008621052638717e-07, 'hidden_layer_sizes': 131, 'learning_rate_init': 0.0009109817944783039, 'tol': 1.2449528868782205e-05, 'validation_fraction': 0.6367026983920265}
observation time 0.000003, current best -0.956165 at iter 5
suggestion time taken 28.842679 iter 6 next_points [{'alpha': 2.167347540048166e-05, 'batch_size': 13, 'beta_1': 0.929118355709047, 'beta_2': 0.9902607635977385, 'epsilon': 1.8788678162848307e-09, 'hidden_layer_sizes': 119, 'learning_rate_init': 1.6641754237976913e-05, 'tol': 5.7274962593296746e-05, 'validation_fraction': 0.12186774140023858}]
function_evaluation time 33.180284 value -0.926950 suggestion {'alpha': 2.167347540048166e-05, 'batch_size': 13, 'beta_1': 0.929118355709047, 'beta_2': 0.9902607635977385, 'epsilon': 1.8788678162848307e-09, 'hidden_layer_sizes': 119, 'learning_rate_init': 1.6641754237976913e-05, 'tol': 5.7274962593296746e-05, 'validation_fraction': 0.12186774140023858}
observation time 0.000015, current best -0.956165 at iter 6
suggestion time taken 26.564144 iter 7 next_points [{'alpha': 5.7195771379965386e-05, 'batch_size': 27, 'beta_1': 0.8042675883121598, 'beta_2': 0.9998984181807199, 'epsilon': 6.574237340013575e-09, 'hidden_layer_sizes': 137, 'learning_rate_init': 2.825400005326509e-05, 'tol': 0.0003066027653946958, 'validation_fraction': 0.3551244499970451}]
function_evaluation time 23.139473 value -0.919292 suggestion {'alpha': 5.7195771379965386e-05, 'batch_size': 27, 'beta_1': 0.8042675883121598, 'beta_2': 0.9998984181807199, 'epsilon': 6.574237340013575e-09, 'hidden_layer_sizes': 137, 'learning_rate_init': 2.825400005326509e-05, 'tol': 0.0003066027653946958, 'validation_fraction': 0.3551244499970451}
observation time 0.000017, current best -0.956165 at iter 7
suggestion time taken 27.237679 iter 8 next_points [{'alpha': 0.7515710179297982, 'batch_size': 15, 'beta_1': 0.970096840246906, 'beta_2': 0.9596605985192362, 'epsilon': 2.5360938653060346e-07, 'hidden_layer_sizes': 120, 'learning_rate_init': 0.0003069035242940776, 'tol': 2.8339942147959317e-05, 'validation_fraction': 0.416558216949834}]
function_evaluation time 8.800945 value -0.958261 suggestion {'alpha': 0.7515710179297982, 'batch_size': 15, 'beta_1': 0.970096840246906, 'beta_2': 0.9596605985192362, 'epsilon': 2.5360938653060346e-07, 'hidden_layer_sizes': 120, 'learning_rate_init': 0.0003069035242940776, 'tol': 2.8339942147959317e-05, 'validation_fraction': 0.416558216949834}
observation time 0.000003, current best -0.958261 at iter 8
suggestion time taken 27.055244 iter 9 next_points [{'alpha': 0.000995059853200456, 'batch_size': 18, 'beta_1': 0.9887175374747024, 'beta_2': 0.9995081216707115, 'epsilon': 3.026965359320949e-07, 'hidden_layer_sizes': 179, 'learning_rate_init': 2.9902659843523885e-05, 'tol': 0.017169127675955295, 'validation_fraction': 0.6654970886395599}]
function_evaluation time 3.687324 value -0.469449 suggestion {'alpha': 0.000995059853200456, 'batch_size': 18, 'beta_1': 0.9887175374747024, 'beta_2': 0.9995081216707115, 'epsilon': 3.026965359320949e-07, 'hidden_layer_sizes': 179, 'learning_rate_init': 2.9902659843523885e-05, 'tol': 0.017169127675955295, 'validation_fraction': 0.6654970886395599}
observation time 0.000003, current best -0.958261 at iter 9
suggestion time taken 26.929974 iter 10 next_points [{'alpha': 0.00011412818308685793, 'batch_size': 16, 'beta_1': 0.9777040595358025, 'beta_2': 0.9999940808044128, 'epsilon': 6.40251275064443e-08, 'hidden_layer_sizes': 59, 'learning_rate_init': 0.07015830160495178, 'tol': 1.637044494879355e-05, 'validation_fraction': 0.6846071549729204}]
function_evaluation time 2.417487 value -0.284608 suggestion {'alpha': 0.00011412818308685793, 'batch_size': 16, 'beta_1': 0.9777040595358025, 'beta_2': 0.9999940808044128, 'epsilon': 6.40251275064443e-08, 'hidden_layer_sizes': 59, 'learning_rate_init': 0.07015830160495178, 'tol': 1.637044494879355e-05, 'validation_fraction': 0.6846071549729204}
observation time 0.000008, current best -0.958261 at iter 10
suggestion time taken 26.576048 iter 11 next_points [{'alpha': 2.1501428106816287, 'batch_size': 14, 'beta_1': 0.9742981170785754, 'beta_2': 0.9999818729653509, 'epsilon': 1.0696132509011624e-09, 'hidden_layer_sizes': 178, 'learning_rate_init': 0.00023885555999110186, 'tol': 6.609350137032277e-05, 'validation_fraction': 0.15617239561510346}]
function_evaluation time 13.199934 value -0.961723 suggestion {'alpha': 2.1501428106816287, 'batch_size': 14, 'beta_1': 0.9742981170785754, 'beta_2': 0.9999818729653509, 'epsilon': 1.0696132509011624e-09, 'hidden_layer_sizes': 178, 'learning_rate_init': 0.00023885555999110186, 'tol': 6.609350137032277e-05, 'validation_fraction': 0.15617239561510346}
observation time 0.000011, current best -0.961723 at iter 11
suggestion time taken 26.020319 iter 12 next_points [{'alpha': 0.703538892659012, 'batch_size': 14, 'beta_1': 0.7999135771988937, 'beta_2': 0.9999585583137743, 'epsilon': 5.865088933893517e-07, 'hidden_layer_sizes': 89, 'learning_rate_init': 0.027849732596027958, 'tol': 0.0007344755927192212, 'validation_fraction': 0.5581290911376136}]
function_evaluation time 3.116371 value -0.928354 suggestion {'alpha': 0.703538892659012, 'batch_size': 14, 'beta_1': 0.7999135771988937, 'beta_2': 0.9999585583137743, 'epsilon': 5.865088933893517e-07, 'hidden_layer_sizes': 89, 'learning_rate_init': 0.027849732596027958, 'tol': 0.0007344755927192212, 'validation_fraction': 0.5581290911376136}
observation time 0.000003, current best -0.961723 at iter 12
suggestion time taken 27.493798 iter 13 next_points [{'alpha': 0.1796384603577209, 'batch_size': 13, 'beta_1': 0.9824019680521755, 'beta_2': 0.9642014937235778, 'epsilon': 4.1237183651993335e-09, 'hidden_layer_sizes': 96, 'learning_rate_init': 0.0005720941418329135, 'tol': 0.002639513379907648, 'validation_fraction': 0.7005407332790566}]
function_evaluation time 4.155279 value -0.947805 suggestion {'alpha': 0.1796384603577209, 'batch_size': 13, 'beta_1': 0.9824019680521755, 'beta_2': 0.9642014937235778, 'epsilon': 4.1237183651993335e-09, 'hidden_layer_sizes': 96, 'learning_rate_init': 0.0005720941418329135, 'tol': 0.002639513379907648, 'validation_fraction': 0.7005407332790566}
observation time 0.000017, current best -0.961723 at iter 13
suggestion time taken 26.177026 iter 14 next_points [{'alpha': 0.9691202267908807, 'batch_size': 13, 'beta_1': 0.9184880703953896, 'beta_2': 0.9702692085531699, 'epsilon': 5.940519096032589e-07, 'hidden_layer_sizes': 121, 'learning_rate_init': 0.002949903308921031, 'tol': 0.0005777438969126137, 'validation_fraction': 0.13437599439804054}]
function_evaluation time 7.451972 value -0.957561 suggestion {'alpha': 0.9691202267908807, 'batch_size': 13, 'beta_1': 0.9184880703953896, 'beta_2': 0.9702692085531699, 'epsilon': 5.940519096032589e-07, 'hidden_layer_sizes': 121, 'learning_rate_init': 0.002949903308921031, 'tol': 0.0005777438969126137, 'validation_fraction': 0.13437599439804054}
observation time 0.000002, current best -0.961723 at iter 14
saving meta data: {'args': {'--uuid': '5bde8a80a8d65367ac122fd505982618', '-db-root': '/home/ryedida/smoothness-hpo/bbo_challenge_starter_kit/output', '--opt-root': '/home/ryedida/smoothness-hpo/bbo_challenge_starter_kit/example_submissions', '--data-root': None, '--db': 'run_20240113_114336', '--opt': 'stcvx', '--data': 'digits', '--classifier': 'MLP-adam', '--metric': 'acc', '--calls': 15, '--suggestions': 1, '--jobs-file': None, '--verbose': False, 'dry_run': False, 'rev': 'a376313', 'opt_rev': 'x.x.x'}, 'signature': ([{'alpha': 0.019628224813442792, 'batch_size': 182, 'beta_1': 0.9410202200271762, 'beta_2': 0.9998021557676793, 'epsilon': 1.8662266976518e-08, 'hidden_layer_sizes': 147, 'learning_rate_init': 0.0005627932047415167, 'tol': 0.03690557729213761, 'validation_fraction': 0.8846827852548593}, {'alpha': 0.0019982467392329444, 'batch_size': 200, 'beta_1': 0.919111482530466, 'beta_2': 0.9998488260436156, 'epsilon': 5.981221901152555e-07, 'hidden_layer_sizes': 61, 'learning_rate_init': 2.2310905607443014e-05, 'tol': 1.2046852412030316e-05, 'validation_fraction': 0.8117896445826539}, {'alpha': 0.46659545670218433, 'batch_size': 219, 'beta_1': 0.9889789783750891, 'beta_2': 0.9999896868093284, 'epsilon': 2.4234724484675948e-08, 'hidden_layer_sizes': 167, 'learning_rate_init': 2.972334644335654e-05, 'tol': 0.0036281404040243792, 'validation_fraction': 0.17260651658522078}, {'alpha': 4.656005689076002, 'batch_size': 135, 'beta_1': 0.870503881627747, 'beta_2': 0.9948873266941017, 'epsilon': 2.1023308743480125e-07, 'hidden_layer_sizes': 118, 'learning_rate_init': 0.0018781738757161913, 'tol': 1.1889379831773004e-05, 'validation_fraction': 0.6264327093752792}, {'alpha': 0.04705159350400542, 'batch_size': 158, 'beta_1': 0.9870884262730957, 'beta_2': 0.9999596874382349, 'epsilon': 1.1981845126013875e-08, 'hidden_layer_sizes': 116, 'learning_rate_init': 0.00617340520407431, 'tol': 1.741413418158619e-05, 'validation_fraction': 0.6754299026638921}], [-0.21081107239643826, -0.1295489740611692, -0.27999177313201706, -0.9422522260936896, -0.9332050909794812])}
saving results
saving timing
saving suggest log
done
