running: {'--uuid': '8ba50e44df5b5ac791899123d6ea790c', '-db-root': '/home/ryedida/smoothness-hpo/bbo_challenge_starter_kit/output', '--opt-root': '/home/ryedida/smoothness-hpo/bbo_challenge_starter_kit/example_submissions', '--data-root': None, '--db': 'run_20240113_114336', '--opt': 'stcvx', '--data': 'digits', '--classifier': 'MLP-adam', '--metric': 'acc', '--calls': 15, '--suggestions': 1, '--jobs-file': None, '--verbose': False, 'dry_run': False, 'rev': 'a376313', 'opt_rev': 'x.x.x'}
cmd: python stcvx/optimizer.py -c MLP-adam -d digits -o stcvx -u 8ba50e44df5b5ac791899123d6ea790c -m acc -n 15 -p 1 -dir /home/ryedida/smoothness-hpo/bbo_challenge_starter_kit/output -b run_20240113_114336
/home/ryedida/.local/lib/python3.8/site-packages/sklearn/neural_network/_multilayer_perceptron.py:603: UserWarning: Got `batch_size` less than 1 or larger than sample size. It is going to be clipped
  warnings.warn(

/home/ryedida/.local/lib/python3.8/site-packages/sklearn/neural_network/_multilayer_perceptron.py:684: ConvergenceWarning: Stochastic Optimizer: Maximum iterations (200) reached and the optimization hasn't converged yet.
  warnings.warn(

computed signature: ([{'alpha': 0.019628224813442792, 'batch_size': 182, 'beta_1': 0.9410202200271762, 'beta_2': 0.9998021557676793, 'epsilon': 1.8662266976518e-08, 'hidden_layer_sizes': 147, 'learning_rate_init': 0.0005627932047415167, 'tol': 0.03690557729213761, 'validation_fraction': 0.8846827852548593}, {'alpha': 0.0019982467392329444, 'batch_size': 200, 'beta_1': 0.919111482530466, 'beta_2': 0.9998488260436156, 'epsilon': 5.981221901152555e-07, 'hidden_layer_sizes': 61, 'learning_rate_init': 2.2310905607443014e-05, 'tol': 1.2046852412030316e-05, 'validation_fraction': 0.8117896445826539}, {'alpha': 0.46659545670218433, 'batch_size': 219, 'beta_1': 0.9889789783750891, 'beta_2': 0.9999896868093284, 'epsilon': 2.4234724484675948e-08, 'hidden_layer_sizes': 167, 'learning_rate_init': 2.972334644335654e-05, 'tol': 0.0036281404040243792, 'validation_fraction': 0.17260651658522078}, {'alpha': 4.656005689076002, 'batch_size': 135, 'beta_1': 0.870503881627747, 'beta_2': 0.9948873266941017, 'epsilon': 2.1023308743480125e-07, 'hidden_layer_sizes': 118, 'learning_rate_init': 0.0018781738757161913, 'tol': 1.1889379831773004e-05, 'validation_fraction': 0.6264327093752792}, {'alpha': 0.04705159350400542, 'batch_size': 158, 'beta_1': 0.9870884262730957, 'beta_2': 0.9999596874382349, 'epsilon': 1.1981845126013875e-08, 'hidden_layer_sizes': 116, 'learning_rate_init': 0.00617340520407431, 'tol': 1.741413418158619e-05, 'validation_fraction': 0.6754299026638921}], [-0.21081107239643826, -0.1295489740611692, -0.27999177313201706, -0.9422522260936896, -0.9332050909794812])
/home/ryedida/.local/lib/python3.8/site-packages/bayesmark/experiment.py:469: UserWarning: Baselines not found. Will not log intermediate scores.
  warnings.warn("Baselines not found. Will not log intermediate scores.")

starting sklearn study stcvx MLP-adam digits acc 15 1
with data root: None
suggestion time taken 29.653774 iter 0 next_points [{'alpha': 0.0037198973649224566, 'batch_size': 10, 'beta_1': 0.989667758469698, 'beta_2': 0.9615827670877494, 'epsilon': 8.798914095080594e-08, 'hidden_layer_sizes': 59, 'learning_rate_init': 3.597885688050629e-05, 'tol': 0.02678208331224185, 'validation_fraction': 0.25684264669314416}]
function_evaluation time 10.712909 value -0.828126 suggestion {'alpha': 0.0037198973649224566, 'batch_size': 10, 'beta_1': 0.989667758469698, 'beta_2': 0.9615827670877494, 'epsilon': 8.798914095080594e-08, 'hidden_layer_sizes': 59, 'learning_rate_init': 3.597885688050629e-05, 'tol': 0.02678208331224185, 'validation_fraction': 0.25684264669314416}
observation time 0.000015, current best -0.828126 at iter 0
suggestion time taken 28.056391 iter 1 next_points [{'alpha': 1.3352266012082227e-05, 'batch_size': 23, 'beta_1': 0.9413093089930953, 'beta_2': 0.9998716208726521, 'epsilon': 1.2977582535022847e-07, 'hidden_layer_sizes': 177, 'learning_rate_init': 1.3047371923746365e-05, 'tol': 1.700001644397686e-05, 'validation_fraction': 0.8780501802153708}]
/home/ryedida/.local/lib/python3.8/site-packages/sklearn/neural_network/_multilayer_perceptron.py:684: ConvergenceWarning: Stochastic Optimizer: Maximum iterations (200) reached and the optimization hasn't converged yet.
  warnings.warn(

function_evaluation time 9.114369 value -0.329721 suggestion {'alpha': 1.3352266012082227e-05, 'batch_size': 23, 'beta_1': 0.9413093089930953, 'beta_2': 0.9998716208726521, 'epsilon': 1.2977582535022847e-07, 'hidden_layer_sizes': 177, 'learning_rate_init': 1.3047371923746365e-05, 'tol': 1.700001644397686e-05, 'validation_fraction': 0.8780501802153708}
observation time 0.000011, current best -0.828126 at iter 1
suggestion time taken 27.176192 iter 2 next_points [{'alpha': 0.024737056175857104, 'batch_size': 28, 'beta_1': 0.6145709797243535, 'beta_2': 0.9997437216283876, 'epsilon': 9.96498874032934e-07, 'hidden_layer_sizes': 77, 'learning_rate_init': 0.006749910010315828, 'tol': 0.04060760920087377, 'validation_fraction': 0.6843363918675444}]
function_evaluation time 0.962082 value -0.922747 suggestion {'alpha': 0.024737056175857104, 'batch_size': 28, 'beta_1': 0.6145709797243535, 'beta_2': 0.9997437216283876, 'epsilon': 9.96498874032934e-07, 'hidden_layer_sizes': 77, 'learning_rate_init': 0.006749910010315828, 'tol': 0.04060760920087377, 'validation_fraction': 0.6843363918675444}
observation time 0.000002, current best -0.922747 at iter 2
suggestion time taken 28.915999 iter 3 next_points [{'alpha': 6.412336390226408, 'batch_size': 10, 'beta_1': 0.5661207055447972, 'beta_2': 0.998311789387906, 'epsilon': 2.6905193336382688e-09, 'hidden_layer_sizes': 165, 'learning_rate_init': 0.00700007349692827, 'tol': 1.4316099527164716e-05, 'validation_fraction': 0.5841605313357641}]
function_evaluation time 4.386121 value -0.853850 suggestion {'alpha': 6.412336390226408, 'batch_size': 10, 'beta_1': 0.5661207055447972, 'beta_2': 0.998311789387906, 'epsilon': 2.6905193336382688e-09, 'hidden_layer_sizes': 165, 'learning_rate_init': 0.00700007349692827, 'tol': 1.4316099527164716e-05, 'validation_fraction': 0.5841605313357641}
observation time 0.000010, current best -0.922747 at iter 3
suggestion time taken 28.752596 iter 4 next_points [{'alpha': 0.9628914166361803, 'batch_size': 11, 'beta_1': 0.9324435947330076, 'beta_2': 0.9999876381040277, 'epsilon': 3.0056292532216094e-07, 'hidden_layer_sizes': 93, 'learning_rate_init': 1.4526325815286166e-05, 'tol': 7.482132367357786e-05, 'validation_fraction': 0.4335360823382281}]
/home/ryedida/.local/lib/python3.8/site-packages/sklearn/neural_network/_multilayer_perceptron.py:684: ConvergenceWarning: Stochastic Optimizer: Maximum iterations (200) reached and the optimization hasn't converged yet.
  warnings.warn(

function_evaluation time 46.241744 value -0.875411 suggestion {'alpha': 0.9628914166361803, 'batch_size': 11, 'beta_1': 0.9324435947330076, 'beta_2': 0.9999876381040277, 'epsilon': 3.0056292532216094e-07, 'hidden_layer_sizes': 93, 'learning_rate_init': 1.4526325815286166e-05, 'tol': 7.482132367357786e-05, 'validation_fraction': 0.4335360823382281}
observation time 0.000012, current best -0.922747 at iter 4
suggestion time taken 26.827808 iter 5 next_points [{'alpha': 0.005415089574002895, 'batch_size': 22, 'beta_1': 0.6729512339515441, 'beta_2': 0.9975061054006331, 'epsilon': 8.924764157076553e-07, 'hidden_layer_sizes': 86, 'learning_rate_init': 0.003320834810045049, 'tol': 0.00016274473841524232, 'validation_fraction': 0.39131743151390963}]
function_evaluation time 5.629643 value -0.969391 suggestion {'alpha': 0.005415089574002895, 'batch_size': 22, 'beta_1': 0.6729512339515441, 'beta_2': 0.9975061054006331, 'epsilon': 8.924764157076553e-07, 'hidden_layer_sizes': 86, 'learning_rate_init': 0.003320834810045049, 'tol': 0.00016274473841524232, 'validation_fraction': 0.39131743151390963}
observation time 0.000006, current best -0.969391 at iter 5
suggestion time taken 27.425515 iter 6 next_points [{'alpha': 0.07882598586878775, 'batch_size': 14, 'beta_1': 0.9799177011749656, 'beta_2': 0.999998806304617, 'epsilon': 1.0811826228007048e-07, 'hidden_layer_sizes': 51, 'learning_rate_init': 0.04531452603994104, 'tol': 0.0053419707912857, 'validation_fraction': 0.12389851647534703}]
function_evaluation time 3.504490 value -0.737638 suggestion {'alpha': 0.07882598586878775, 'batch_size': 14, 'beta_1': 0.9799177011749656, 'beta_2': 0.999998806304617, 'epsilon': 1.0811826228007048e-07, 'hidden_layer_sizes': 51, 'learning_rate_init': 0.04531452603994104, 'tol': 0.0053419707912857, 'validation_fraction': 0.12389851647534703}
observation time 0.000017, current best -0.969391 at iter 6
suggestion time taken 27.574794 iter 7 next_points [{'alpha': 0.003723010754123231, 'batch_size': 22, 'beta_1': 0.980476783355318, 'beta_2': 0.9999915451657713, 'epsilon': 1.9206499413134173e-08, 'hidden_layer_sizes': 57, 'learning_rate_init': 0.00010618804665394296, 'tol': 1.0492108459121733e-05, 'validation_fraction': 0.8259929696432522}]
/home/ryedida/.local/lib/python3.8/site-packages/sklearn/neural_network/_multilayer_perceptron.py:684: ConvergenceWarning: Stochastic Optimizer: Maximum iterations (200) reached and the optimization hasn't converged yet.
  warnings.warn(

function_evaluation time 9.450717 value -0.805802 suggestion {'alpha': 0.003723010754123231, 'batch_size': 22, 'beta_1': 0.980476783355318, 'beta_2': 0.9999915451657713, 'epsilon': 1.9206499413134173e-08, 'hidden_layer_sizes': 57, 'learning_rate_init': 0.00010618804665394296, 'tol': 1.0492108459121733e-05, 'validation_fraction': 0.8259929696432522}
observation time 0.000028, current best -0.969391 at iter 7
suggestion time taken 26.894836 iter 8 next_points [{'alpha': 7.949640741613465, 'batch_size': 12, 'beta_1': 0.83497640273808, 'beta_2': 0.9999579116561713, 'epsilon': 2.5948475532968e-08, 'hidden_layer_sizes': 94, 'learning_rate_init': 0.009806760371093053, 'tol': 0.02356724195489379, 'validation_fraction': 0.6638490723411002}]
function_evaluation time 2.326204 value -0.866396 suggestion {'alpha': 7.949640741613465, 'batch_size': 12, 'beta_1': 0.83497640273808, 'beta_2': 0.9999579116561713, 'epsilon': 2.5948475532968e-08, 'hidden_layer_sizes': 94, 'learning_rate_init': 0.009806760371093053, 'tol': 0.02356724195489379, 'validation_fraction': 0.6638490723411002}
observation time 0.000006, current best -0.969391 at iter 8
suggestion time taken 26.686576 iter 9 next_points [{'alpha': 2.402900092343812, 'batch_size': 12, 'beta_1': 0.8051355623424084, 'beta_2': 0.9708874119987391, 'epsilon': 1.5629117997330336e-08, 'hidden_layer_sizes': 82, 'learning_rate_init': 8.120334538680692e-05, 'tol': 0.00054275050129718, 'validation_fraction': 0.4486099991546055}]
function_evaluation time 17.175763 value -0.951292 suggestion {'alpha': 2.402900092343812, 'batch_size': 12, 'beta_1': 0.8051355623424084, 'beta_2': 0.9708874119987391, 'epsilon': 1.5629117997330336e-08, 'hidden_layer_sizes': 82, 'learning_rate_init': 8.120334538680692e-05, 'tol': 0.00054275050129718, 'validation_fraction': 0.4486099991546055}
observation time 0.000016, current best -0.969391 at iter 9
suggestion time taken 26.826158 iter 10 next_points [{'alpha': 4.6621196388905754e-05, 'batch_size': 15, 'beta_1': 0.9420284060712076, 'beta_2': 0.9999921831893525, 'epsilon': 7.3341883336745e-07, 'hidden_layer_sizes': 50, 'learning_rate_init': 2.776938521940288e-05, 'tol': 0.0002387382302619021, 'validation_fraction': 0.47667432949729777}]
/home/ryedida/.local/lib/python3.8/site-packages/sklearn/neural_network/_multilayer_perceptron.py:684: ConvergenceWarning: Stochastic Optimizer: Maximum iterations (200) reached and the optimization hasn't converged yet.
  warnings.warn(

function_evaluation time 24.409410 value -0.701791 suggestion {'alpha': 4.6621196388905754e-05, 'batch_size': 15, 'beta_1': 0.9420284060712076, 'beta_2': 0.9999921831893525, 'epsilon': 7.3341883336745e-07, 'hidden_layer_sizes': 50, 'learning_rate_init': 2.776938521940288e-05, 'tol': 0.0002387382302619021, 'validation_fraction': 0.47667432949729777}
observation time 0.000012, current best -0.969391 at iter 10
suggestion time taken 26.547934 iter 11 next_points [{'alpha': 0.011977935164654016, 'batch_size': 18, 'beta_1': 0.9735288253025486, 'beta_2': 0.9991659484327556, 'epsilon': 1.5765564878214491e-09, 'hidden_layer_sizes': 94, 'learning_rate_init': 0.05699594541339084, 'tol': 0.00020568044941895672, 'validation_fraction': 0.43652451488491023}]
function_evaluation time 4.221051 value -0.577550 suggestion {'alpha': 0.011977935164654016, 'batch_size': 18, 'beta_1': 0.9735288253025486, 'beta_2': 0.9991659484327556, 'epsilon': 1.5765564878214491e-09, 'hidden_layer_sizes': 94, 'learning_rate_init': 0.05699594541339084, 'tol': 0.00020568044941895672, 'validation_fraction': 0.43652451488491023}
observation time 0.000006, current best -0.969391 at iter 11
suggestion time taken 26.225650 iter 12 next_points [{'alpha': 4.742768271480037, 'batch_size': 17, 'beta_1': 0.8552151901811471, 'beta_2': 0.9999886092896888, 'epsilon': 2.7494181876603284e-08, 'hidden_layer_sizes': 120, 'learning_rate_init': 1.4748360182130322e-05, 'tol': 0.0008393842930649667, 'validation_fraction': 0.11509748321534062}]
function_evaluation time 26.838862 value -0.701728 suggestion {'alpha': 4.742768271480037, 'batch_size': 17, 'beta_1': 0.8552151901811471, 'beta_2': 0.9999886092896888, 'epsilon': 2.7494181876603284e-08, 'hidden_layer_sizes': 120, 'learning_rate_init': 1.4748360182130322e-05, 'tol': 0.0008393842930649667, 'validation_fraction': 0.11509748321534062}
observation time 0.000009, current best -0.969391 at iter 12
suggestion time taken 26.724518 iter 13 next_points [{'alpha': 0.042786620079997346, 'batch_size': 20, 'beta_1': 0.5609917319799336, 'beta_2': 0.9904050070571686, 'epsilon': 5.6290422355360754e-08, 'hidden_layer_sizes': 184, 'learning_rate_init': 2.0272809910616442e-05, 'tol': 0.0034587183444169736, 'validation_fraction': 0.43886325753414385}]
function_evaluation time 17.217152 value -0.912998 suggestion {'alpha': 0.042786620079997346, 'batch_size': 20, 'beta_1': 0.5609917319799336, 'beta_2': 0.9904050070571686, 'epsilon': 5.6290422355360754e-08, 'hidden_layer_sizes': 184, 'learning_rate_init': 2.0272809910616442e-05, 'tol': 0.0034587183444169736, 'validation_fraction': 0.43886325753414385}
observation time 0.000014, current best -0.969391 at iter 13
suggestion time taken 26.762222 iter 14 next_points [{'alpha': 0.03368185308244868, 'batch_size': 14, 'beta_1': 0.959366664328462, 'beta_2': 0.9999400626418041, 'epsilon': 6.094207780912249e-09, 'hidden_layer_sizes': 52, 'learning_rate_init': 0.013400862320879755, 'tol': 0.0006129958334843752, 'validation_fraction': 0.457073988175821}]
function_evaluation time 5.380942 value -0.940849 suggestion {'alpha': 0.03368185308244868, 'batch_size': 14, 'beta_1': 0.959366664328462, 'beta_2': 0.9999400626418041, 'epsilon': 6.094207780912249e-09, 'hidden_layer_sizes': 52, 'learning_rate_init': 0.013400862320879755, 'tol': 0.0006129958334843752, 'validation_fraction': 0.457073988175821}
observation time 0.000003, current best -0.969391 at iter 14
saving meta data: {'args': {'--uuid': '8ba50e44df5b5ac791899123d6ea790c', '-db-root': '/home/ryedida/smoothness-hpo/bbo_challenge_starter_kit/output', '--opt-root': '/home/ryedida/smoothness-hpo/bbo_challenge_starter_kit/example_submissions', '--data-root': None, '--db': 'run_20240113_114336', '--opt': 'stcvx', '--data': 'digits', '--classifier': 'MLP-adam', '--metric': 'acc', '--calls': 15, '--suggestions': 1, '--jobs-file': None, '--verbose': False, 'dry_run': False, 'rev': 'a376313', 'opt_rev': 'x.x.x'}, 'signature': ([{'alpha': 0.019628224813442792, 'batch_size': 182, 'beta_1': 0.9410202200271762, 'beta_2': 0.9998021557676793, 'epsilon': 1.8662266976518e-08, 'hidden_layer_sizes': 147, 'learning_rate_init': 0.0005627932047415167, 'tol': 0.03690557729213761, 'validation_fraction': 0.8846827852548593}, {'alpha': 0.0019982467392329444, 'batch_size': 200, 'beta_1': 0.919111482530466, 'beta_2': 0.9998488260436156, 'epsilon': 5.981221901152555e-07, 'hidden_layer_sizes': 61, 'learning_rate_init': 2.2310905607443014e-05, 'tol': 1.2046852412030316e-05, 'validation_fraction': 0.8117896445826539}, {'alpha': 0.46659545670218433, 'batch_size': 219, 'beta_1': 0.9889789783750891, 'beta_2': 0.9999896868093284, 'epsilon': 2.4234724484675948e-08, 'hidden_layer_sizes': 167, 'learning_rate_init': 2.972334644335654e-05, 'tol': 0.0036281404040243792, 'validation_fraction': 0.17260651658522078}, {'alpha': 4.656005689076002, 'batch_size': 135, 'beta_1': 0.870503881627747, 'beta_2': 0.9948873266941017, 'epsilon': 2.1023308743480125e-07, 'hidden_layer_sizes': 118, 'learning_rate_init': 0.0018781738757161913, 'tol': 1.1889379831773004e-05, 'validation_fraction': 0.6264327093752792}, {'alpha': 0.04705159350400542, 'batch_size': 158, 'beta_1': 0.9870884262730957, 'beta_2': 0.9999596874382349, 'epsilon': 1.1981845126013875e-08, 'hidden_layer_sizes': 116, 'learning_rate_init': 0.00617340520407431, 'tol': 1.741413418158619e-05, 'validation_fraction': 0.6754299026638921}], [-0.21081107239643826, -0.1295489740611692, -0.27999177313201706, -0.9422522260936896, -0.9332050909794812])}
saving results
saving timing
saving suggest log
done
