running: {'--uuid': 'a7712630df485ba0a9a88bd917eee06b', '-db-root': '/home/ryedida/smoothness-hpo/bbo_challenge_starter_kit/output', '--opt-root': '/home/ryedida/smoothness-hpo/bbo_challenge_starter_kit/example_submissions', '--data-root': None, '--db': 'run_20240113_114336', '--opt': 'stcvx', '--data': 'digits', '--classifier': 'MLP-adam', '--metric': 'nll', '--calls': 15, '--suggestions': 1, '--jobs-file': None, '--verbose': False, 'dry_run': False, 'rev': 'a376313', 'opt_rev': 'x.x.x'}
cmd: python stcvx/optimizer.py -c MLP-adam -d digits -o stcvx -u a7712630df485ba0a9a88bd917eee06b -m nll -n 15 -p 1 -dir /home/ryedida/smoothness-hpo/bbo_challenge_starter_kit/output -b run_20240113_114336
/home/ryedida/.local/lib/python3.8/site-packages/sklearn/neural_network/_multilayer_perceptron.py:603: UserWarning: Got `batch_size` less than 1 or larger than sample size. It is going to be clipped
  warnings.warn(

/home/ryedida/.local/lib/python3.8/site-packages/sklearn/neural_network/_multilayer_perceptron.py:684: ConvergenceWarning: Stochastic Optimizer: Maximum iterations (200) reached and the optimization hasn't converged yet.
  warnings.warn(

computed signature: ([{'alpha': 0.019628224813442792, 'batch_size': 182, 'beta_1': 0.9410202200271762, 'beta_2': 0.9998021557676793, 'epsilon': 1.8662266976518e-08, 'hidden_layer_sizes': 147, 'learning_rate_init': 0.0005627932047415167, 'tol': 0.03690557729213761, 'validation_fraction': 0.8846827852548593}, {'alpha': 0.0019982467392329444, 'batch_size': 200, 'beta_1': 0.919111482530466, 'beta_2': 0.9998488260436156, 'epsilon': 5.981221901152555e-07, 'hidden_layer_sizes': 61, 'learning_rate_init': 2.2310905607443014e-05, 'tol': 1.2046852412030316e-05, 'validation_fraction': 0.8117896445826539}, {'alpha': 0.46659545670218433, 'batch_size': 219, 'beta_1': 0.9889789783750891, 'beta_2': 0.9999896868093284, 'epsilon': 2.4234724484675948e-08, 'hidden_layer_sizes': 167, 'learning_rate_init': 2.972334644335654e-05, 'tol': 0.0036281404040243792, 'validation_fraction': 0.17260651658522078}, {'alpha': 4.656005689076002, 'batch_size': 135, 'beta_1': 0.870503881627747, 'beta_2': 0.9948873266941017, 'epsilon': 2.1023308743480125e-07, 'hidden_layer_sizes': 118, 'learning_rate_init': 0.0018781738757161913, 'tol': 1.1889379831773004e-05, 'validation_fraction': 0.6264327093752792}, {'alpha': 0.04705159350400542, 'batch_size': 158, 'beta_1': 0.9870884262730957, 'beta_2': 0.9999596874382349, 'epsilon': 1.1981845126013875e-08, 'hidden_layer_sizes': 116, 'learning_rate_init': 0.00617340520407431, 'tol': 1.741413418158619e-05, 'validation_fraction': 0.6754299026638921}], [4.8709522768835765, 9.712622772033223, 5.950791832993735, 0.19438427080405424, 0.25190216699945595])
/home/ryedida/.local/lib/python3.8/site-packages/bayesmark/experiment.py:469: UserWarning: Baselines not found. Will not log intermediate scores.
  warnings.warn("Baselines not found. Will not log intermediate scores.")

starting sklearn study stcvx MLP-adam digits nll 15 1
with data root: None
suggestion time taken 30.612867 iter 0 next_points [{'alpha': 0.001815821300561049, 'batch_size': 15, 'beta_1': 0.5844212144931957, 'beta_2': 0.9998671826360968, 'epsilon': 1.5443059820720141e-09, 'hidden_layer_sizes': 165, 'learning_rate_init': 1.8749342586321998e-05, 'tol': 0.017525942232982736, 'validation_fraction': 0.8790363966064302}]
function_evaluation time 0.975365 value 6.717809 suggestion {'alpha': 0.001815821300561049, 'batch_size': 15, 'beta_1': 0.5844212144931957, 'beta_2': 0.9998671826360968, 'epsilon': 1.5443059820720141e-09, 'hidden_layer_sizes': 165, 'learning_rate_init': 1.8749342586321998e-05, 'tol': 0.017525942232982736, 'validation_fraction': 0.8790363966064302}
observation time 0.000005, current best 6.717809 at iter 0
suggestion time taken 30.410854 iter 1 next_points [{'alpha': 2.3637090846584523, 'batch_size': 12, 'beta_1': 0.590182539006164, 'beta_2': 0.9976681938243234, 'epsilon': 5.503946992135435e-08, 'hidden_layer_sizes': 80, 'learning_rate_init': 0.0004401088037978661, 'tol': 0.00930575450244263, 'validation_fraction': 0.8512021442735975}]
function_evaluation time 2.622493 value 0.462338 suggestion {'alpha': 2.3637090846584523, 'batch_size': 12, 'beta_1': 0.590182539006164, 'beta_2': 0.9976681938243234, 'epsilon': 5.503946992135435e-08, 'hidden_layer_sizes': 80, 'learning_rate_init': 0.0004401088037978661, 'tol': 0.00930575450244263, 'validation_fraction': 0.8512021442735975}
observation time 0.000003, current best 0.462338 at iter 1
suggestion time taken 30.552413 iter 2 next_points [{'alpha': 6.974985442410852e-05, 'batch_size': 13, 'beta_1': 0.8333474779525775, 'beta_2': 0.998356935668223, 'epsilon': 2.9646372064942195e-07, 'hidden_layer_sizes': 122, 'learning_rate_init': 0.0002185593504013315, 'tol': 0.001963828532310926, 'validation_fraction': 0.27321999112115525}]
function_evaluation time 15.745863 value 0.129178 suggestion {'alpha': 6.974985442410852e-05, 'batch_size': 13, 'beta_1': 0.8333474779525775, 'beta_2': 0.998356935668223, 'epsilon': 2.9646372064942195e-07, 'hidden_layer_sizes': 122, 'learning_rate_init': 0.0002185593504013315, 'tol': 0.001963828532310926, 'validation_fraction': 0.27321999112115525}
observation time 0.000018, current best 0.129178 at iter 2
suggestion time taken 30.017266 iter 3 next_points [{'alpha': 0.03784718649442975, 'batch_size': 21, 'beta_1': 0.9229239253171976, 'beta_2': 0.9998514961736863, 'epsilon': 2.507413501048438e-09, 'hidden_layer_sizes': 69, 'learning_rate_init': 3.615061960875661e-05, 'tol': 0.039479110340687844, 'validation_fraction': 0.5460496897519189}]
function_evaluation time 1.408767 value 4.996179 suggestion {'alpha': 0.03784718649442975, 'batch_size': 21, 'beta_1': 0.9229239253171976, 'beta_2': 0.9998514961736863, 'epsilon': 2.507413501048438e-09, 'hidden_layer_sizes': 69, 'learning_rate_init': 3.615061960875661e-05, 'tol': 0.039479110340687844, 'validation_fraction': 0.5460496897519189}
observation time 0.000011, current best 0.129178 at iter 3
suggestion time taken 27.381948 iter 4 next_points [{'alpha': 0.0005188211057353166, 'batch_size': 57, 'beta_1': 0.9495223454946571, 'beta_2': 0.9999938272768923, 'epsilon': 3.896743591691226e-08, 'hidden_layer_sizes': 59, 'learning_rate_init': 7.231232340587479e-05, 'tol': 9.309335407976934e-05, 'validation_fraction': 0.359858058573579}]
function_evaluation time 11.560291 value 0.359746 suggestion {'alpha': 0.0005188211057353166, 'batch_size': 57, 'beta_1': 0.9495223454946571, 'beta_2': 0.9999938272768923, 'epsilon': 3.896743591691226e-08, 'hidden_layer_sizes': 59, 'learning_rate_init': 7.231232340587479e-05, 'tol': 9.309335407976934e-05, 'validation_fraction': 0.359858058573579}
observation time 0.000022, current best 0.129178 at iter 4
suggestion time taken 28.069020 iter 5 next_points [{'alpha': 2.9212781356434375e-05, 'batch_size': 18, 'beta_1': 0.9397951417875522, 'beta_2': 0.979214765554237, 'epsilon': 2.4147238522450333e-08, 'hidden_layer_sizes': 74, 'learning_rate_init': 0.04226697174375432, 'tol': 2.051871637126805e-05, 'validation_fraction': 0.5633952387345889}]
function_evaluation time 3.121785 value 0.629424 suggestion {'alpha': 2.9212781356434375e-05, 'batch_size': 18, 'beta_1': 0.9397951417875522, 'beta_2': 0.979214765554237, 'epsilon': 2.4147238522450333e-08, 'hidden_layer_sizes': 74, 'learning_rate_init': 0.04226697174375432, 'tol': 2.051871637126805e-05, 'validation_fraction': 0.5633952387345889}
observation time 0.000009, current best 0.129178 at iter 5
suggestion time taken 26.779071 iter 6 next_points [{'alpha': 0.000421168235020797, 'batch_size': 30, 'beta_1': 0.8035746969016088, 'beta_2': 0.9916934895686904, 'epsilon': 1.6323445688464503e-07, 'hidden_layer_sizes': 182, 'learning_rate_init': 0.0003182736563289603, 'tol': 1.2896388668658382e-05, 'validation_fraction': 0.8311143468415537}]
function_evaluation time 7.765827 value 0.262693 suggestion {'alpha': 0.000421168235020797, 'batch_size': 30, 'beta_1': 0.8035746969016088, 'beta_2': 0.9916934895686904, 'epsilon': 1.6323445688464503e-07, 'hidden_layer_sizes': 182, 'learning_rate_init': 0.0003182736563289603, 'tol': 1.2896388668658382e-05, 'validation_fraction': 0.8311143468415537}
observation time 0.000018, current best 0.129178 at iter 6
suggestion time taken 26.794310 iter 7 next_points [{'alpha': 2.407486578394323, 'batch_size': 28, 'beta_1': 0.9861813733644599, 'beta_2': 0.9955012510595401, 'epsilon': 1.955909244971327e-09, 'hidden_layer_sizes': 100, 'learning_rate_init': 2.299291906776752e-05, 'tol': 0.04440059955801158, 'validation_fraction': 0.7221196709188278}]
function_evaluation time 0.853140 value 8.308241 suggestion {'alpha': 2.407486578394323, 'batch_size': 28, 'beta_1': 0.9861813733644599, 'beta_2': 0.9955012510595401, 'epsilon': 1.955909244971327e-09, 'hidden_layer_sizes': 100, 'learning_rate_init': 2.299291906776752e-05, 'tol': 0.04440059955801158, 'validation_fraction': 0.7221196709188278}
observation time 0.000003, current best 0.129178 at iter 7
suggestion time taken 28.459678 iter 8 next_points [{'alpha': 0.06188094662800347, 'batch_size': 11, 'beta_1': 0.5388332242449374, 'beta_2': 0.9137424686768075, 'epsilon': 4.57268655758099e-08, 'hidden_layer_sizes': 107, 'learning_rate_init': 3.6270950846442005e-05, 'tol': 7.12672222567223e-05, 'validation_fraction': 0.7670734938184512}]
/home/ryedida/.local/lib/python3.8/site-packages/sklearn/neural_network/_multilayer_perceptron.py:684: ConvergenceWarning: Stochastic Optimizer: Maximum iterations (200) reached and the optimization hasn't converged yet.
  warnings.warn(

function_evaluation time 24.284342 value 0.323380 suggestion {'alpha': 0.06188094662800347, 'batch_size': 11, 'beta_1': 0.5388332242449374, 'beta_2': 0.9137424686768075, 'epsilon': 4.57268655758099e-08, 'hidden_layer_sizes': 107, 'learning_rate_init': 3.6270950846442005e-05, 'tol': 7.12672222567223e-05, 'validation_fraction': 0.7670734938184512}
observation time 0.000014, current best 0.129178 at iter 8
suggestion time taken 26.964615 iter 9 next_points [{'alpha': 0.38614201660712155, 'batch_size': 14, 'beta_1': 0.583418157190069, 'beta_2': 0.9866217770301812, 'epsilon': 2.752955598270434e-07, 'hidden_layer_sizes': 70, 'learning_rate_init': 0.006891434387121533, 'tol': 0.003247423031523495, 'validation_fraction': 0.7038750472277999}]
function_evaluation time 3.548095 value 0.191794 suggestion {'alpha': 0.38614201660712155, 'batch_size': 14, 'beta_1': 0.583418157190069, 'beta_2': 0.9866217770301812, 'epsilon': 2.752955598270434e-07, 'hidden_layer_sizes': 70, 'learning_rate_init': 0.006891434387121533, 'tol': 0.003247423031523495, 'validation_fraction': 0.7038750472277999}
observation time 0.000003, current best 0.129178 at iter 9
suggestion time taken 26.448496 iter 10 next_points [{'alpha': 0.00010315104061240315, 'batch_size': 14, 'beta_1': 0.9304328044992484, 'beta_2': 0.9999443249810738, 'epsilon': 5.682277149172834e-08, 'hidden_layer_sizes': 157, 'learning_rate_init': 0.0023853793431009677, 'tol': 0.00012566969839109153, 'validation_fraction': 0.7948905130767508}]
function_evaluation time 4.768992 value 0.261609 suggestion {'alpha': 0.00010315104061240315, 'batch_size': 14, 'beta_1': 0.9304328044992484, 'beta_2': 0.9999443249810738, 'epsilon': 5.682277149172834e-08, 'hidden_layer_sizes': 157, 'learning_rate_init': 0.0023853793431009677, 'tol': 0.00012566969839109153, 'validation_fraction': 0.7948905130767508}
observation time 0.000016, current best 0.129178 at iter 10
suggestion time taken 28.091293 iter 11 next_points [{'alpha': 0.00011315897521593926, 'batch_size': 17, 'beta_1': 0.7458892235518559, 'beta_2': 0.9648831294598214, 'epsilon': 6.036320069076019e-07, 'hidden_layer_sizes': 76, 'learning_rate_init': 0.00031911976802940166, 'tol': 0.024095052400541606, 'validation_fraction': 0.19772002258038637}]
function_evaluation time 4.023652 value 0.186638 suggestion {'alpha': 0.00011315897521593926, 'batch_size': 17, 'beta_1': 0.7458892235518559, 'beta_2': 0.9648831294598214, 'epsilon': 6.036320069076019e-07, 'hidden_layer_sizes': 76, 'learning_rate_init': 0.00031911976802940166, 'tol': 0.024095052400541606, 'validation_fraction': 0.19772002258038637}
observation time 0.000003, current best 0.129178 at iter 11
suggestion time taken 27.225336 iter 12 next_points [{'alpha': 4.9918776513397285, 'batch_size': 12, 'beta_1': 0.9534470987136563, 'beta_2': 0.9995949243527948, 'epsilon': 4.4923888556207724e-07, 'hidden_layer_sizes': 69, 'learning_rate_init': 0.00028507548321222265, 'tol': 1.3374048390844514e-05, 'validation_fraction': 0.27103561712537205}]
function_evaluation time 10.367135 value 0.356974 suggestion {'alpha': 4.9918776513397285, 'batch_size': 12, 'beta_1': 0.9534470987136563, 'beta_2': 0.9995949243527948, 'epsilon': 4.4923888556207724e-07, 'hidden_layer_sizes': 69, 'learning_rate_init': 0.00028507548321222265, 'tol': 1.3374048390844514e-05, 'validation_fraction': 0.27103561712537205}
observation time 0.000016, current best 0.129178 at iter 12
suggestion time taken 26.128594 iter 13 next_points [{'alpha': 0.44438266539831683, 'batch_size': 16, 'beta_1': 0.9356089765399591, 'beta_2': 0.9999760375352439, 'epsilon': 1.24556688973075e-09, 'hidden_layer_sizes': 138, 'learning_rate_init': 0.0059385640939022205, 'tol': 0.006990710201112499, 'validation_fraction': 0.8482820042389008}]
function_evaluation time 1.204906 value 0.287698 suggestion {'alpha': 0.44438266539831683, 'batch_size': 16, 'beta_1': 0.9356089765399591, 'beta_2': 0.9999760375352439, 'epsilon': 1.24556688973075e-09, 'hidden_layer_sizes': 138, 'learning_rate_init': 0.0059385640939022205, 'tol': 0.006990710201112499, 'validation_fraction': 0.8482820042389008}
observation time 0.000003, current best 0.129178 at iter 13
suggestion time taken 27.170625 iter 14 next_points [{'alpha': 0.030212046718101175, 'batch_size': 16, 'beta_1': 0.6231915834141252, 'beta_2': 0.9962105875139293, 'epsilon': 9.76628816863498e-09, 'hidden_layer_sizes': 99, 'learning_rate_init': 0.0006347515744918071, 'tol': 0.0072684437995787715, 'validation_fraction': 0.3579123431918585}]
function_evaluation time 5.381245 value 0.137525 suggestion {'alpha': 0.030212046718101175, 'batch_size': 16, 'beta_1': 0.6231915834141252, 'beta_2': 0.9962105875139293, 'epsilon': 9.76628816863498e-09, 'hidden_layer_sizes': 99, 'learning_rate_init': 0.0006347515744918071, 'tol': 0.0072684437995787715, 'validation_fraction': 0.3579123431918585}
observation time 0.000003, current best 0.129178 at iter 14
saving meta data: {'args': {'--uuid': 'a7712630df485ba0a9a88bd917eee06b', '-db-root': '/home/ryedida/smoothness-hpo/bbo_challenge_starter_kit/output', '--opt-root': '/home/ryedida/smoothness-hpo/bbo_challenge_starter_kit/example_submissions', '--data-root': None, '--db': 'run_20240113_114336', '--opt': 'stcvx', '--data': 'digits', '--classifier': 'MLP-adam', '--metric': 'nll', '--calls': 15, '--suggestions': 1, '--jobs-file': None, '--verbose': False, 'dry_run': False, 'rev': 'a376313', 'opt_rev': 'x.x.x'}, 'signature': ([{'alpha': 0.019628224813442792, 'batch_size': 182, 'beta_1': 0.9410202200271762, 'beta_2': 0.9998021557676793, 'epsilon': 1.8662266976518e-08, 'hidden_layer_sizes': 147, 'learning_rate_init': 0.0005627932047415167, 'tol': 0.03690557729213761, 'validation_fraction': 0.8846827852548593}, {'alpha': 0.0019982467392329444, 'batch_size': 200, 'beta_1': 0.919111482530466, 'beta_2': 0.9998488260436156, 'epsilon': 5.981221901152555e-07, 'hidden_layer_sizes': 61, 'learning_rate_init': 2.2310905607443014e-05, 'tol': 1.2046852412030316e-05, 'validation_fraction': 0.8117896445826539}, {'alpha': 0.46659545670218433, 'batch_size': 219, 'beta_1': 0.9889789783750891, 'beta_2': 0.9999896868093284, 'epsilon': 2.4234724484675948e-08, 'hidden_layer_sizes': 167, 'learning_rate_init': 2.972334644335654e-05, 'tol': 0.0036281404040243792, 'validation_fraction': 0.17260651658522078}, {'alpha': 4.656005689076002, 'batch_size': 135, 'beta_1': 0.870503881627747, 'beta_2': 0.9948873266941017, 'epsilon': 2.1023308743480125e-07, 'hidden_layer_sizes': 118, 'learning_rate_init': 0.0018781738757161913, 'tol': 1.1889379831773004e-05, 'validation_fraction': 0.6264327093752792}, {'alpha': 0.04705159350400542, 'batch_size': 158, 'beta_1': 0.9870884262730957, 'beta_2': 0.9999596874382349, 'epsilon': 1.1981845126013875e-08, 'hidden_layer_sizes': 116, 'learning_rate_init': 0.00617340520407431, 'tol': 1.741413418158619e-05, 'validation_fraction': 0.6754299026638921}], [4.8709522768835765, 9.712622772033223, 5.950791832993735, 0.19438427080405424, 0.25190216699945595])}
saving results
saving timing
saving suggest log
done
