running: {'--uuid': 'bf015113d8bb519ea1ad337d6d1daf6c', '-db-root': '/home/ryedida/smoothness-hpo/bbo_challenge_starter_kit/output', '--opt-root': '/home/ryedida/smoothness-hpo/bbo_challenge_starter_kit/example_submissions', '--data-root': None, '--db': 'run_20240113_114336', '--opt': 'stcvx', '--data': 'digits', '--classifier': 'MLP-adam', '--metric': 'nll', '--calls': 15, '--suggestions': 1, '--jobs-file': None, '--verbose': False, 'dry_run': False, 'rev': 'a376313', 'opt_rev': 'x.x.x'}
cmd: python stcvx/optimizer.py -c MLP-adam -d digits -o stcvx -u bf015113d8bb519ea1ad337d6d1daf6c -m nll -n 15 -p 1 -dir /home/ryedida/smoothness-hpo/bbo_challenge_starter_kit/output -b run_20240113_114336
/home/ryedida/.local/lib/python3.8/site-packages/sklearn/neural_network/_multilayer_perceptron.py:603: UserWarning: Got `batch_size` less than 1 or larger than sample size. It is going to be clipped
  warnings.warn(

/home/ryedida/.local/lib/python3.8/site-packages/sklearn/neural_network/_multilayer_perceptron.py:684: ConvergenceWarning: Stochastic Optimizer: Maximum iterations (200) reached and the optimization hasn't converged yet.
  warnings.warn(

computed signature: ([{'alpha': 0.019628224813442792, 'batch_size': 182, 'beta_1': 0.9410202200271762, 'beta_2': 0.9998021557676793, 'epsilon': 1.8662266976518e-08, 'hidden_layer_sizes': 147, 'learning_rate_init': 0.0005627932047415167, 'tol': 0.03690557729213761, 'validation_fraction': 0.8846827852548593}, {'alpha': 0.0019982467392329444, 'batch_size': 200, 'beta_1': 0.919111482530466, 'beta_2': 0.9998488260436156, 'epsilon': 5.981221901152555e-07, 'hidden_layer_sizes': 61, 'learning_rate_init': 2.2310905607443014e-05, 'tol': 1.2046852412030316e-05, 'validation_fraction': 0.8117896445826539}, {'alpha': 0.46659545670218433, 'batch_size': 219, 'beta_1': 0.9889789783750891, 'beta_2': 0.9999896868093284, 'epsilon': 2.4234724484675948e-08, 'hidden_layer_sizes': 167, 'learning_rate_init': 2.972334644335654e-05, 'tol': 0.0036281404040243792, 'validation_fraction': 0.17260651658522078}, {'alpha': 4.656005689076002, 'batch_size': 135, 'beta_1': 0.870503881627747, 'beta_2': 0.9948873266941017, 'epsilon': 2.1023308743480125e-07, 'hidden_layer_sizes': 118, 'learning_rate_init': 0.0018781738757161913, 'tol': 1.1889379831773004e-05, 'validation_fraction': 0.6264327093752792}, {'alpha': 0.04705159350400542, 'batch_size': 158, 'beta_1': 0.9870884262730957, 'beta_2': 0.9999596874382349, 'epsilon': 1.1981845126013875e-08, 'hidden_layer_sizes': 116, 'learning_rate_init': 0.00617340520407431, 'tol': 1.741413418158619e-05, 'validation_fraction': 0.6754299026638921}], [4.8709522768835765, 9.712622772033223, 5.950791832993735, 0.19438427080405424, 0.25190216699945595])
/home/ryedida/.local/lib/python3.8/site-packages/bayesmark/experiment.py:469: UserWarning: Baselines not found. Will not log intermediate scores.
  warnings.warn("Baselines not found. Will not log intermediate scores.")

starting sklearn study stcvx MLP-adam digits nll 15 1
with data root: None
suggestion time taken 30.961077 iter 0 next_points [{'alpha': 0.009177243425100689, 'batch_size': 20, 'beta_1': 0.9182240510499211, 'beta_2': 0.9710518450999679, 'epsilon': 1.6048529133730782e-08, 'hidden_layer_sizes': 95, 'learning_rate_init': 5.2779250838453724e-05, 'tol': 8.812840239425956e-05, 'validation_fraction': 0.2675120175301964}]
function_evaluation time 20.244795 value 0.169062 suggestion {'alpha': 0.009177243425100689, 'batch_size': 20, 'beta_1': 0.9182240510499211, 'beta_2': 0.9710518450999679, 'epsilon': 1.6048529133730782e-08, 'hidden_layer_sizes': 95, 'learning_rate_init': 5.2779250838453724e-05, 'tol': 8.812840239425956e-05, 'validation_fraction': 0.2675120175301964}
observation time 0.000012, current best 0.169062 at iter 0
suggestion time taken 30.677541 iter 1 next_points [{'alpha': 7.778014742879417e-05, 'batch_size': 14, 'beta_1': 0.9747788777843249, 'beta_2': 0.9999445927736497, 'epsilon': 6.385039442917333e-07, 'hidden_layer_sizes': 124, 'learning_rate_init': 0.0010471539558460793, 'tol': 5.574936497397693e-05, 'validation_fraction': 0.21322768962156427}]
function_evaluation time 10.288595 value 0.108661 suggestion {'alpha': 7.778014742879417e-05, 'batch_size': 14, 'beta_1': 0.9747788777843249, 'beta_2': 0.9999445927736497, 'epsilon': 6.385039442917333e-07, 'hidden_layer_sizes': 124, 'learning_rate_init': 0.0010471539558460793, 'tol': 5.574936497397693e-05, 'validation_fraction': 0.21322768962156427}
observation time 0.000014, current best 0.108661 at iter 1
suggestion time taken 29.876491 iter 2 next_points [{'alpha': 6.673320621812077, 'batch_size': 12, 'beta_1': 0.972941123371013, 'beta_2': 0.9986621710855959, 'epsilon': 1.9159246740396172e-09, 'hidden_layer_sizes': 92, 'learning_rate_init': 0.0036200584608062944, 'tol': 1.645030863988984e-05, 'validation_fraction': 0.863089749139972}]
function_evaluation time 1.513239 value 0.761111 suggestion {'alpha': 6.673320621812077, 'batch_size': 12, 'beta_1': 0.972941123371013, 'beta_2': 0.9986621710855959, 'epsilon': 1.9159246740396172e-09, 'hidden_layer_sizes': 92, 'learning_rate_init': 0.0036200584608062944, 'tol': 1.645030863988984e-05, 'validation_fraction': 0.863089749139972}
observation time 0.000014, current best 0.108661 at iter 2
suggestion time taken 29.437061 iter 3 next_points [{'alpha': 0.19589787717676507, 'batch_size': 23, 'beta_1': 0.5269491644077993, 'beta_2': 0.999821644859788, 'epsilon': 4.865604528724609e-07, 'hidden_layer_sizes': 97, 'learning_rate_init': 0.00860117018222334, 'tol': 0.0006355752523581299, 'validation_fraction': 0.25225275138055564}]
function_evaluation time 4.620182 value 0.091437 suggestion {'alpha': 0.19589787717676507, 'batch_size': 23, 'beta_1': 0.5269491644077993, 'beta_2': 0.999821644859788, 'epsilon': 4.865604528724609e-07, 'hidden_layer_sizes': 97, 'learning_rate_init': 0.00860117018222334, 'tol': 0.0006355752523581299, 'validation_fraction': 0.25225275138055564}
observation time 0.000014, current best 0.091437 at iter 3
suggestion time taken 28.095715 iter 4 next_points [{'alpha': 2.8372575078454134, 'batch_size': 19, 'beta_1': 0.9822278117888353, 'beta_2': 0.9999969817710076, 'epsilon': 1.0082384544706166e-08, 'hidden_layer_sizes': 73, 'learning_rate_init': 0.0006469058695898667, 'tol': 0.011822846297210962, 'validation_fraction': 0.2823369285369033}]
function_evaluation time 3.529605 value 0.215400 suggestion {'alpha': 2.8372575078454134, 'batch_size': 19, 'beta_1': 0.9822278117888353, 'beta_2': 0.9999969817710076, 'epsilon': 1.0082384544706166e-08, 'hidden_layer_sizes': 73, 'learning_rate_init': 0.0006469058695898667, 'tol': 0.011822846297210962, 'validation_fraction': 0.2823369285369033}
observation time 0.000011, current best 0.091437 at iter 4
suggestion time taken 27.182043 iter 5 next_points [{'alpha': 4.8638209357786755, 'batch_size': 19, 'beta_1': 0.9312581250485477, 'beta_2': 0.9972778564270152, 'epsilon': 8.469016399485187e-09, 'hidden_layer_sizes': 119, 'learning_rate_init': 1.7259250267618812e-05, 'tol': 4.188201256915307e-05, 'validation_fraction': 0.2695040811833028}]
function_evaluation time 32.583355 value 0.263084 suggestion {'alpha': 4.8638209357786755, 'batch_size': 19, 'beta_1': 0.9312581250485477, 'beta_2': 0.9972778564270152, 'epsilon': 8.469016399485187e-09, 'hidden_layer_sizes': 119, 'learning_rate_init': 1.7259250267618812e-05, 'tol': 4.188201256915307e-05, 'validation_fraction': 0.2695040811833028}
observation time 0.000010, current best 0.091437 at iter 5
suggestion time taken 27.414212 iter 6 next_points [{'alpha': 0.02063705450506314, 'batch_size': 22, 'beta_1': 0.9424812807820534, 'beta_2': 0.9452826950377556, 'epsilon': 1.3820660345536372e-09, 'hidden_layer_sizes': 53, 'learning_rate_init': 0.002523288909920074, 'tol': 0.06991077571722475, 'validation_fraction': 0.277194877446839}]
function_evaluation time 2.093524 value 0.153872 suggestion {'alpha': 0.02063705450506314, 'batch_size': 22, 'beta_1': 0.9424812807820534, 'beta_2': 0.9452826950377556, 'epsilon': 1.3820660345536372e-09, 'hidden_layer_sizes': 53, 'learning_rate_init': 0.002523288909920074, 'tol': 0.06991077571722475, 'validation_fraction': 0.277194877446839}
observation time 0.000002, current best 0.091437 at iter 6
suggestion time taken 27.235468 iter 7 next_points [{'alpha': 1.8279431578670293, 'batch_size': 20, 'beta_1': 0.7939223327600665, 'beta_2': 0.9999524982298799, 'epsilon': 8.722202352427934e-07, 'hidden_layer_sizes': 69, 'learning_rate_init': 4.341797208395231e-05, 'tol': 0.052703062629410484, 'validation_fraction': 0.2394274827284768}]
function_evaluation time 2.302979 value 3.079452 suggestion {'alpha': 1.8279431578670293, 'batch_size': 20, 'beta_1': 0.7939223327600665, 'beta_2': 0.9999524982298799, 'epsilon': 8.722202352427934e-07, 'hidden_layer_sizes': 69, 'learning_rate_init': 4.341797208395231e-05, 'tol': 0.052703062629410484, 'validation_fraction': 0.2394274827284768}
observation time 0.000006, current best 0.091437 at iter 7
suggestion time taken 28.132850 iter 8 next_points [{'alpha': 3.227286211146828e-05, 'batch_size': 22, 'beta_1': 0.8937496140777403, 'beta_2': 0.999767682527143, 'epsilon': 1.3957464999950303e-08, 'hidden_layer_sizes': 91, 'learning_rate_init': 0.016183872567337096, 'tol': 0.0001681977483013716, 'validation_fraction': 0.18790209725952034}]
function_evaluation time 4.718877 value 0.180142 suggestion {'alpha': 3.227286211146828e-05, 'batch_size': 22, 'beta_1': 0.8937496140777403, 'beta_2': 0.999767682527143, 'epsilon': 1.3957464999950303e-08, 'hidden_layer_sizes': 91, 'learning_rate_init': 0.016183872567337096, 'tol': 0.0001681977483013716, 'validation_fraction': 0.18790209725952034}
observation time 0.000002, current best 0.091437 at iter 8
suggestion time taken 29.000736 iter 9 next_points [{'alpha': 0.37640744306574536, 'batch_size': 13, 'beta_1': 0.9636424959441595, 'beta_2': 0.9988967627276977, 'epsilon': 2.8077525867061653e-09, 'hidden_layer_sizes': 68, 'learning_rate_init': 0.01970553026644748, 'tol': 0.0017343939262984157, 'validation_fraction': 0.8162088938840664}]
function_evaluation time 2.329182 value 0.269929 suggestion {'alpha': 0.37640744306574536, 'batch_size': 13, 'beta_1': 0.9636424959441595, 'beta_2': 0.9988967627276977, 'epsilon': 2.8077525867061653e-09, 'hidden_layer_sizes': 68, 'learning_rate_init': 0.01970553026644748, 'tol': 0.0017343939262984157, 'validation_fraction': 0.8162088938840664}
observation time 0.000002, current best 0.091437 at iter 9
suggestion time taken 26.481951 iter 10 next_points [{'alpha': 0.00026899537201246387, 'batch_size': 12, 'beta_1': 0.712381452179408, 'beta_2': 0.9923077788844622, 'epsilon': 1.3177821014379826e-09, 'hidden_layer_sizes': 88, 'learning_rate_init': 0.06969018622304611, 'tol': 0.00012031910179749197, 'validation_fraction': 0.6556070301771338}]
function_evaluation time 2.090968 value 1.709609 suggestion {'alpha': 0.00026899537201246387, 'batch_size': 12, 'beta_1': 0.712381452179408, 'beta_2': 0.9923077788844622, 'epsilon': 1.3177821014379826e-09, 'hidden_layer_sizes': 88, 'learning_rate_init': 0.06969018622304611, 'tol': 0.00012031910179749197, 'validation_fraction': 0.6556070301771338}
observation time 0.000003, current best 0.091437 at iter 10
suggestion time taken 26.205491 iter 11 next_points [{'alpha': 6.0568538387899916e-05, 'batch_size': 19, 'beta_1': 0.9031501815241775, 'beta_2': 0.9999616463539349, 'epsilon': 2.2869653724315215e-08, 'hidden_layer_sizes': 152, 'learning_rate_init': 0.0007593405206656667, 'tol': 0.00043203888432395866, 'validation_fraction': 0.14163655466596875}]
function_evaluation time 8.032634 value 0.103529 suggestion {'alpha': 6.0568538387899916e-05, 'batch_size': 19, 'beta_1': 0.9031501815241775, 'beta_2': 0.9999616463539349, 'epsilon': 2.2869653724315215e-08, 'hidden_layer_sizes': 152, 'learning_rate_init': 0.0007593405206656667, 'tol': 0.00043203888432395866, 'validation_fraction': 0.14163655466596875}
observation time 0.000002, current best 0.091437 at iter 11
suggestion time taken 26.543379 iter 12 next_points [{'alpha': 0.000644933863688872, 'batch_size': 31, 'beta_1': 0.9737942622553426, 'beta_2': 0.9850315428843605, 'epsilon': 1.0923886548401754e-07, 'hidden_layer_sizes': 59, 'learning_rate_init': 1.1655402571683006e-05, 'tol': 2.9314150125500187e-05, 'validation_fraction': 0.3067489106356717}]
function_evaluation time 12.267238 value 4.640560 suggestion {'alpha': 0.000644933863688872, 'batch_size': 31, 'beta_1': 0.9737942622553426, 'beta_2': 0.9850315428843605, 'epsilon': 1.0923886548401754e-07, 'hidden_layer_sizes': 59, 'learning_rate_init': 1.1655402571683006e-05, 'tol': 2.9314150125500187e-05, 'validation_fraction': 0.3067489106356717}
observation time 0.000014, current best 0.091437 at iter 12
suggestion time taken 26.704662 iter 13 next_points [{'alpha': 8.948175812118334, 'batch_size': 43, 'beta_1': 0.9461139575933877, 'beta_2': 0.9070388488341848, 'epsilon': 1.9430079358774967e-09, 'hidden_layer_sizes': 59, 'learning_rate_init': 0.0012002949858853007, 'tol': 0.05070230705377014, 'validation_fraction': 0.695605024341388}]
function_evaluation time 0.895494 value 0.310377 suggestion {'alpha': 8.948175812118334, 'batch_size': 43, 'beta_1': 0.9461139575933877, 'beta_2': 0.9070388488341848, 'epsilon': 1.9430079358774967e-09, 'hidden_layer_sizes': 59, 'learning_rate_init': 0.0012002949858853007, 'tol': 0.05070230705377014, 'validation_fraction': 0.695605024341388}
observation time 0.000002, current best 0.091437 at iter 13
suggestion time taken 26.631615 iter 14 next_points [{'alpha': 0.08227721110903531, 'batch_size': 19, 'beta_1': 0.6413585676469704, 'beta_2': 0.9999920084352998, 'epsilon': 2.0152918020876067e-09, 'hidden_layer_sizes': 160, 'learning_rate_init': 0.015237551715262226, 'tol': 0.001224748039901161, 'validation_fraction': 0.49372902915721256}]
function_evaluation time 5.621375 value 0.165621 suggestion {'alpha': 0.08227721110903531, 'batch_size': 19, 'beta_1': 0.6413585676469704, 'beta_2': 0.9999920084352998, 'epsilon': 2.0152918020876067e-09, 'hidden_layer_sizes': 160, 'learning_rate_init': 0.015237551715262226, 'tol': 0.001224748039901161, 'validation_fraction': 0.49372902915721256}
observation time 0.000014, current best 0.091437 at iter 14
saving meta data: {'args': {'--uuid': 'bf015113d8bb519ea1ad337d6d1daf6c', '-db-root': '/home/ryedida/smoothness-hpo/bbo_challenge_starter_kit/output', '--opt-root': '/home/ryedida/smoothness-hpo/bbo_challenge_starter_kit/example_submissions', '--data-root': None, '--db': 'run_20240113_114336', '--opt': 'stcvx', '--data': 'digits', '--classifier': 'MLP-adam', '--metric': 'nll', '--calls': 15, '--suggestions': 1, '--jobs-file': None, '--verbose': False, 'dry_run': False, 'rev': 'a376313', 'opt_rev': 'x.x.x'}, 'signature': ([{'alpha': 0.019628224813442792, 'batch_size': 182, 'beta_1': 0.9410202200271762, 'beta_2': 0.9998021557676793, 'epsilon': 1.8662266976518e-08, 'hidden_layer_sizes': 147, 'learning_rate_init': 0.0005627932047415167, 'tol': 0.03690557729213761, 'validation_fraction': 0.8846827852548593}, {'alpha': 0.0019982467392329444, 'batch_size': 200, 'beta_1': 0.919111482530466, 'beta_2': 0.9998488260436156, 'epsilon': 5.981221901152555e-07, 'hidden_layer_sizes': 61, 'learning_rate_init': 2.2310905607443014e-05, 'tol': 1.2046852412030316e-05, 'validation_fraction': 0.8117896445826539}, {'alpha': 0.46659545670218433, 'batch_size': 219, 'beta_1': 0.9889789783750891, 'beta_2': 0.9999896868093284, 'epsilon': 2.4234724484675948e-08, 'hidden_layer_sizes': 167, 'learning_rate_init': 2.972334644335654e-05, 'tol': 0.0036281404040243792, 'validation_fraction': 0.17260651658522078}, {'alpha': 4.656005689076002, 'batch_size': 135, 'beta_1': 0.870503881627747, 'beta_2': 0.9948873266941017, 'epsilon': 2.1023308743480125e-07, 'hidden_layer_sizes': 118, 'learning_rate_init': 0.0018781738757161913, 'tol': 1.1889379831773004e-05, 'validation_fraction': 0.6264327093752792}, {'alpha': 0.04705159350400542, 'batch_size': 158, 'beta_1': 0.9870884262730957, 'beta_2': 0.9999596874382349, 'epsilon': 1.1981845126013875e-08, 'hidden_layer_sizes': 116, 'learning_rate_init': 0.00617340520407431, 'tol': 1.741413418158619e-05, 'validation_fraction': 0.6754299026638921}], [4.8709522768835765, 9.712622772033223, 5.950791832993735, 0.19438427080405424, 0.25190216699945595])}
saving results
saving timing
saving suggest log
done
