running: {'--uuid': 'cfccaa929afc53e9bde69dec5dbb5ee8', '-db-root': '/home/ryedida/smoothness-hpo/bbo_challenge_starter_kit/output', '--opt-root': '/home/ryedida/smoothness-hpo/bbo_challenge_starter_kit/example_submissions', '--data-root': None, '--db': 'run_20240113_114336', '--opt': 'random', '--data': 'digits', '--classifier': 'MLP-adam', '--metric': 'acc', '--calls': 15, '--suggestions': 1, '--jobs-file': None, '--verbose': False, 'dry_run': False, 'rev': 'a376313', 'opt_rev': '0.0.8'}
cmd: python /home/ryedida/.local/bin/bayesmark-exp -c MLP-adam -d digits -o random -u cfccaa929afc53e9bde69dec5dbb5ee8 -m acc -n 15 -p 1 -dir /home/ryedida/smoothness-hpo/bbo_challenge_starter_kit/output -b run_20240113_114336
/home/ryedida/.local/lib/python3.8/site-packages/sklearn/neural_network/_multilayer_perceptron.py:603: UserWarning: Got `batch_size` less than 1 or larger than sample size. It is going to be clipped
  warnings.warn(

/home/ryedida/.local/lib/python3.8/site-packages/sklearn/neural_network/_multilayer_perceptron.py:684: ConvergenceWarning: Stochastic Optimizer: Maximum iterations (200) reached and the optimization hasn't converged yet.
  warnings.warn(

computed signature: ([{'alpha': 0.019628224813442792, 'batch_size': 182, 'beta_1': 0.9410202200271762, 'beta_2': 0.9998021557676793, 'epsilon': 1.8662266976518e-08, 'hidden_layer_sizes': 147, 'learning_rate_init': 0.0005627932047415167, 'tol': 0.03690557729213761, 'validation_fraction': 0.8846827852548593}, {'alpha': 0.0019982467392329444, 'batch_size': 200, 'beta_1': 0.919111482530466, 'beta_2': 0.9998488260436156, 'epsilon': 5.981221901152555e-07, 'hidden_layer_sizes': 61, 'learning_rate_init': 2.2310905607443014e-05, 'tol': 1.2046852412030316e-05, 'validation_fraction': 0.8117896445826539}, {'alpha': 0.46659545670218433, 'batch_size': 219, 'beta_1': 0.9889789783750891, 'beta_2': 0.9999896868093284, 'epsilon': 2.4234724484675948e-08, 'hidden_layer_sizes': 167, 'learning_rate_init': 2.972334644335654e-05, 'tol': 0.0036281404040243792, 'validation_fraction': 0.17260651658522078}, {'alpha': 4.656005689076002, 'batch_size': 135, 'beta_1': 0.870503881627747, 'beta_2': 0.9948873266941017, 'epsilon': 2.1023308743480125e-07, 'hidden_layer_sizes': 118, 'learning_rate_init': 0.0018781738757161913, 'tol': 1.1889379831773004e-05, 'validation_fraction': 0.6264327093752792}, {'alpha': 0.04705159350400542, 'batch_size': 158, 'beta_1': 0.9870884262730957, 'beta_2': 0.9999596874382349, 'epsilon': 1.1981845126013875e-08, 'hidden_layer_sizes': 116, 'learning_rate_init': 0.00617340520407431, 'tol': 1.741413418158619e-05, 'validation_fraction': 0.6754299026638921}], [-0.21081107239643826, -0.1295489740611692, -0.27999177313201706, -0.9422522260936896, -0.9332050909794812])
/home/ryedida/.local/lib/python3.8/site-packages/bayesmark/experiment.py:469: UserWarning: Baselines not found. Will not log intermediate scores.
  warnings.warn("Baselines not found. Will not log intermediate scores.")

starting sklearn study random MLP-adam digits acc 15 1
with data root: None
suggestion time taken 0.004627 iter 0 next_points [{'alpha': 0.0007575697798148987, 'batch_size': 235, 'beta_1': 0.9434154991772028, 'beta_2': 0.9763850281786348, 'epsilon': 1.1581588809356167e-08, 'hidden_layer_sizes': 157, 'learning_rate_init': 0.0025579720069174366, 'tol': 5.057868183444926e-05, 'validation_fraction': 0.13005499898042513}]
function_evaluation time 1.976226 value -0.958948 suggestion {'alpha': 0.0007575697798148987, 'batch_size': 235, 'beta_1': 0.9434154991772028, 'beta_2': 0.9763850281786348, 'epsilon': 1.1581588809356167e-08, 'hidden_layer_sizes': 157, 'learning_rate_init': 0.0025579720069174366, 'tol': 5.057868183444926e-05, 'validation_fraction': 0.13005499898042513}
observation time 0.000006, current best -0.958948 at iter 0
suggestion time taken 0.004617 iter 1 next_points [{'alpha': 0.7125787437546807, 'batch_size': 28, 'beta_1': 0.96647708915009, 'beta_2': 0.9999952489606555, 'epsilon': 1.8590800079524956e-07, 'hidden_layer_sizes': 82, 'learning_rate_init': 0.01866501652639836, 'tol': 0.008278137523621276, 'validation_fraction': 0.8973447701776474}]
function_evaluation time 0.901156 value -0.869895 suggestion {'alpha': 0.7125787437546807, 'batch_size': 28, 'beta_1': 0.96647708915009, 'beta_2': 0.9999952489606555, 'epsilon': 1.8590800079524956e-07, 'hidden_layer_sizes': 82, 'learning_rate_init': 0.01866501652639836, 'tol': 0.008278137523621276, 'validation_fraction': 0.8973447701776474}
observation time 0.000001, current best -0.958948 at iter 1
suggestion time taken 0.004626 iter 2 next_points [{'alpha': 0.0012925545249722222, 'batch_size': 30, 'beta_1': 0.8468126714224031, 'beta_2': 0.9321685970576735, 'epsilon': 6.53765558682292e-07, 'hidden_layer_sizes': 85, 'learning_rate_init': 5.65177430750435e-05, 'tol': 0.007813872618158791, 'validation_fraction': 0.12212977212026865}]
function_evaluation time 5.506106 value -0.901878 suggestion {'alpha': 0.0012925545249722222, 'batch_size': 30, 'beta_1': 0.8468126714224031, 'beta_2': 0.9321685970576735, 'epsilon': 6.53765558682292e-07, 'hidden_layer_sizes': 85, 'learning_rate_init': 5.65177430750435e-05, 'tol': 0.007813872618158791, 'validation_fraction': 0.12212977212026865}
observation time 0.000002, current best -0.958948 at iter 2
suggestion time taken 0.004612 iter 3 next_points [{'alpha': 0.000270716396152179, 'batch_size': 213, 'beta_1': 0.7380084408415556, 'beta_2': 0.953468714614219, 'epsilon': 4.269959500384311e-09, 'hidden_layer_sizes': 75, 'learning_rate_init': 0.007850562037339685, 'tol': 0.000306207463990006, 'validation_fraction': 0.18366722871796615}]
function_evaluation time 1.515788 value -0.956857 suggestion {'alpha': 0.000270716396152179, 'batch_size': 213, 'beta_1': 0.7380084408415556, 'beta_2': 0.953468714614219, 'epsilon': 4.269959500384311e-09, 'hidden_layer_sizes': 75, 'learning_rate_init': 0.007850562037339685, 'tol': 0.000306207463990006, 'validation_fraction': 0.18366722871796615}
observation time 0.000001, current best -0.958948 at iter 3
suggestion time taken 0.004587 iter 4 next_points [{'alpha': 0.41459600895469634, 'batch_size': 213, 'beta_1': 0.95968616708905, 'beta_2': 0.9982200415470124, 'epsilon': 8.948942297042992e-09, 'hidden_layer_sizes': 162, 'learning_rate_init': 0.002295375194429483, 'tol': 0.00028750371326366464, 'validation_fraction': 0.7336742446611937}]
function_evaluation time 1.709665 value -0.935985 suggestion {'alpha': 0.41459600895469634, 'batch_size': 213, 'beta_1': 0.95968616708905, 'beta_2': 0.9982200415470124, 'epsilon': 8.948942297042992e-09, 'hidden_layer_sizes': 162, 'learning_rate_init': 0.002295375194429483, 'tol': 0.00028750371326366464, 'validation_fraction': 0.7336742446611937}
observation time 0.000001, current best -0.958948 at iter 4
suggestion time taken 0.004595 iter 5 next_points [{'alpha': 2.4401854661129754, 'batch_size': 189, 'beta_1': 0.849522897821024, 'beta_2': 0.9994261150171638, 'epsilon': 4.947831572881296e-09, 'hidden_layer_sizes': 166, 'learning_rate_init': 0.001103975119207274, 'tol': 2.436968905746873e-05, 'validation_fraction': 0.24762176461436836}]
function_evaluation time 3.086791 value -0.956865 suggestion {'alpha': 2.4401854661129754, 'batch_size': 189, 'beta_1': 0.849522897821024, 'beta_2': 0.9994261150171638, 'epsilon': 4.947831572881296e-09, 'hidden_layer_sizes': 166, 'learning_rate_init': 0.001103975119207274, 'tol': 2.436968905746873e-05, 'validation_fraction': 0.24762176461436836}
observation time 0.000001, current best -0.958948 at iter 5
suggestion time taken 0.004523 iter 6 next_points [{'alpha': 0.00013841258563907416, 'batch_size': 110, 'beta_1': 0.8408712028733618, 'beta_2': 0.9995316088414475, 'epsilon': 4.820877301060674e-08, 'hidden_layer_sizes': 171, 'learning_rate_init': 0.00538759483779811, 'tol': 0.00012038442838397271, 'validation_fraction': 0.18339232758057206}]
function_evaluation time 2.216945 value -0.965215 suggestion {'alpha': 0.00013841258563907416, 'batch_size': 110, 'beta_1': 0.8408712028733618, 'beta_2': 0.9995316088414475, 'epsilon': 4.820877301060674e-08, 'hidden_layer_sizes': 171, 'learning_rate_init': 0.00538759483779811, 'tol': 0.00012038442838397271, 'validation_fraction': 0.18339232758057206}
observation time 0.000001, current best -0.965215 at iter 6
suggestion time taken 0.004565 iter 7 next_points [{'alpha': 0.012643905594758965, 'batch_size': 203, 'beta_1': 0.8377417290847018, 'beta_2': 0.9999706908803769, 'epsilon': 5.08393207166782e-07, 'hidden_layer_sizes': 148, 'learning_rate_init': 0.00011563728346925388, 'tol': 0.05137285083730886, 'validation_fraction': 0.35683211278127197}]
function_evaluation time 0.647974 value -0.231811 suggestion {'alpha': 0.012643905594758965, 'batch_size': 203, 'beta_1': 0.8377417290847018, 'beta_2': 0.9999706908803769, 'epsilon': 5.08393207166782e-07, 'hidden_layer_sizes': 148, 'learning_rate_init': 0.00011563728346925388, 'tol': 0.05137285083730886, 'validation_fraction': 0.35683211278127197}
observation time 0.000001, current best -0.965215 at iter 7
suggestion time taken 0.004576 iter 8 next_points [{'alpha': 6.728519928307574e-05, 'batch_size': 177, 'beta_1': 0.9483009682181266, 'beta_2': 0.999874408867786, 'epsilon': 5.174553215080249e-09, 'hidden_layer_sizes': 143, 'learning_rate_init': 0.007356749532796947, 'tol': 0.0047062044965558445, 'validation_fraction': 0.48945250154821485}]
function_evaluation time 1.176872 value -0.956168 suggestion {'alpha': 6.728519928307574e-05, 'batch_size': 177, 'beta_1': 0.9483009682181266, 'beta_2': 0.999874408867786, 'epsilon': 5.174553215080249e-09, 'hidden_layer_sizes': 143, 'learning_rate_init': 0.007356749532796947, 'tol': 0.0047062044965558445, 'validation_fraction': 0.48945250154821485}
observation time 0.000001, current best -0.965215 at iter 8
suggestion time taken 0.004568 iter 9 next_points [{'alpha': 3.587569428463914, 'batch_size': 228, 'beta_1': 0.8361636678339437, 'beta_2': 0.9247240876928391, 'epsilon': 4.388819460810225e-08, 'hidden_layer_sizes': 162, 'learning_rate_init': 0.005541987396506703, 'tol': 0.0002276790735339961, 'validation_fraction': 0.17914222957798595}]
function_evaluation time 1.529453 value -0.962418 suggestion {'alpha': 3.587569428463914, 'batch_size': 228, 'beta_1': 0.8361636678339437, 'beta_2': 0.9247240876928391, 'epsilon': 4.388819460810225e-08, 'hidden_layer_sizes': 162, 'learning_rate_init': 0.005541987396506703, 'tol': 0.0002276790735339961, 'validation_fraction': 0.17914222957798595}
observation time 0.000020, current best -0.965215 at iter 9
suggestion time taken 0.005637 iter 10 next_points [{'alpha': 0.12126474566036854, 'batch_size': 122, 'beta_1': 0.7149573821549197, 'beta_2': 0.9998959189711523, 'epsilon': 1.1098746803848538e-08, 'hidden_layer_sizes': 112, 'learning_rate_init': 0.06824934943077372, 'tol': 0.0005251798258464869, 'validation_fraction': 0.25910809933803897}]
function_evaluation time 1.818974 value -0.878954 suggestion {'alpha': 0.12126474566036854, 'batch_size': 122, 'beta_1': 0.7149573821549197, 'beta_2': 0.9998959189711523, 'epsilon': 1.1098746803848538e-08, 'hidden_layer_sizes': 112, 'learning_rate_init': 0.06824934943077372, 'tol': 0.0005251798258464869, 'validation_fraction': 0.25910809933803897}
observation time 0.000001, current best -0.965215 at iter 10
suggestion time taken 0.004518 iter 11 next_points [{'alpha': 0.00012160759912095917, 'batch_size': 157, 'beta_1': 0.9877181865469282, 'beta_2': 0.9999940430224417, 'epsilon': 7.432985845790649e-08, 'hidden_layer_sizes': 128, 'learning_rate_init': 0.0291833631208539, 'tol': 0.06149951937463399, 'validation_fraction': 0.635124551864363}]
function_evaluation time 0.555387 value -0.709142 suggestion {'alpha': 0.00012160759912095917, 'batch_size': 157, 'beta_1': 0.9877181865469282, 'beta_2': 0.9999940430224417, 'epsilon': 7.432985845790649e-08, 'hidden_layer_sizes': 128, 'learning_rate_init': 0.0291833631208539, 'tol': 0.06149951937463399, 'validation_fraction': 0.635124551864363}
observation time 0.000001, current best -0.965215 at iter 11
suggestion time taken 0.004525 iter 12 next_points [{'alpha': 0.26416123562432897, 'batch_size': 25, 'beta_1': 0.987550226369393, 'beta_2': 0.9999193088314846, 'epsilon': 5.022943165679876e-09, 'hidden_layer_sizes': 74, 'learning_rate_init': 0.011350530967895123, 'tol': 0.01270491787595996, 'validation_fraction': 0.20961654036146432}]
function_evaluation time 2.560452 value -0.968005 suggestion {'alpha': 0.26416123562432897, 'batch_size': 25, 'beta_1': 0.987550226369393, 'beta_2': 0.9999193088314846, 'epsilon': 5.022943165679876e-09, 'hidden_layer_sizes': 74, 'learning_rate_init': 0.011350530967895123, 'tol': 0.01270491787595996, 'validation_fraction': 0.20961654036146432}
observation time 0.000001, current best -0.968005 at iter 12
suggestion time taken 0.004558 iter 13 next_points [{'alpha': 0.04756488745030943, 'batch_size': 191, 'beta_1': 0.9268974996047096, 'beta_2': 0.9984624859639868, 'epsilon': 1.5298808195847192e-09, 'hidden_layer_sizes': 174, 'learning_rate_init': 0.015524663560794322, 'tol': 0.0030979156370443722, 'validation_fraction': 0.18052489236821556}]
function_evaluation time 1.875613 value -0.963809 suggestion {'alpha': 0.04756488745030943, 'batch_size': 191, 'beta_1': 0.9268974996047096, 'beta_2': 0.9984624859639868, 'epsilon': 1.5298808195847192e-09, 'hidden_layer_sizes': 174, 'learning_rate_init': 0.015524663560794322, 'tol': 0.0030979156370443722, 'validation_fraction': 0.18052489236821556}
observation time 0.000001, current best -0.968005 at iter 13
suggestion time taken 0.004542 iter 14 next_points [{'alpha': 1.7510819767670793, 'batch_size': 94, 'beta_1': 0.8246960697407738, 'beta_2': 0.9756005330886555, 'epsilon': 1.30745094559555e-07, 'hidden_layer_sizes': 53, 'learning_rate_init': 6.0859299360227885e-05, 'tol': 1.9134953619008934e-05, 'validation_fraction': 0.4861976639379309}]
/home/ryedida/.local/lib/python3.8/site-packages/sklearn/neural_network/_multilayer_perceptron.py:684: ConvergenceWarning: Stochastic Optimizer: Maximum iterations (200) reached and the optimization hasn't converged yet.
  warnings.warn(

function_evaluation time 7.183930 value -0.711675 suggestion {'alpha': 1.7510819767670793, 'batch_size': 94, 'beta_1': 0.8246960697407738, 'beta_2': 0.9756005330886555, 'epsilon': 1.30745094559555e-07, 'hidden_layer_sizes': 53, 'learning_rate_init': 6.0859299360227885e-05, 'tol': 1.9134953619008934e-05, 'validation_fraction': 0.4861976639379309}
observation time 0.000001, current best -0.968005 at iter 14
saving meta data: {'args': {'--uuid': 'cfccaa929afc53e9bde69dec5dbb5ee8', '-db-root': '/home/ryedida/smoothness-hpo/bbo_challenge_starter_kit/output', '--opt-root': '/home/ryedida/smoothness-hpo/bbo_challenge_starter_kit/example_submissions', '--data-root': None, '--db': 'run_20240113_114336', '--opt': 'random', '--data': 'digits', '--classifier': 'MLP-adam', '--metric': 'acc', '--calls': 15, '--suggestions': 1, '--jobs-file': None, '--verbose': False, 'dry_run': False, 'rev': 'a376313', 'opt_rev': '0.0.8'}, 'signature': ([{'alpha': 0.019628224813442792, 'batch_size': 182, 'beta_1': 0.9410202200271762, 'beta_2': 0.9998021557676793, 'epsilon': 1.8662266976518e-08, 'hidden_layer_sizes': 147, 'learning_rate_init': 0.0005627932047415167, 'tol': 0.03690557729213761, 'validation_fraction': 0.8846827852548593}, {'alpha': 0.0019982467392329444, 'batch_size': 200, 'beta_1': 0.919111482530466, 'beta_2': 0.9998488260436156, 'epsilon': 5.981221901152555e-07, 'hidden_layer_sizes': 61, 'learning_rate_init': 2.2310905607443014e-05, 'tol': 1.2046852412030316e-05, 'validation_fraction': 0.8117896445826539}, {'alpha': 0.46659545670218433, 'batch_size': 219, 'beta_1': 0.9889789783750891, 'beta_2': 0.9999896868093284, 'epsilon': 2.4234724484675948e-08, 'hidden_layer_sizes': 167, 'learning_rate_init': 2.972334644335654e-05, 'tol': 0.0036281404040243792, 'validation_fraction': 0.17260651658522078}, {'alpha': 4.656005689076002, 'batch_size': 135, 'beta_1': 0.870503881627747, 'beta_2': 0.9948873266941017, 'epsilon': 2.1023308743480125e-07, 'hidden_layer_sizes': 118, 'learning_rate_init': 0.0018781738757161913, 'tol': 1.1889379831773004e-05, 'validation_fraction': 0.6264327093752792}, {'alpha': 0.04705159350400542, 'batch_size': 158, 'beta_1': 0.9870884262730957, 'beta_2': 0.9999596874382349, 'epsilon': 1.1981845126013875e-08, 'hidden_layer_sizes': 116, 'learning_rate_init': 0.00617340520407431, 'tol': 1.741413418158619e-05, 'validation_fraction': 0.6754299026638921}], [-0.21081107239643826, -0.1295489740611692, -0.27999177313201706, -0.9422522260936896, -0.9332050909794812])}
saving results
saving timing
saving suggest log
done
