running: {'--uuid': 'ee39c312591c587e9e43f5cfecdb7b44', '-db-root': '/home/ryedida/smoothness-hpo/bbo_challenge_starter_kit/output', '--opt-root': '/home/ryedida/smoothness-hpo/bbo_challenge_starter_kit/example_submissions', '--data-root': None, '--db': 'run_20240113_114336', '--opt': 'random', '--data': 'digits', '--classifier': 'MLP-adam', '--metric': 'acc', '--calls': 15, '--suggestions': 1, '--jobs-file': None, '--verbose': False, 'dry_run': False, 'rev': 'a376313', 'opt_rev': '0.0.8'}
cmd: python /home/ryedida/.local/bin/bayesmark-exp -c MLP-adam -d digits -o random -u ee39c312591c587e9e43f5cfecdb7b44 -m acc -n 15 -p 1 -dir /home/ryedida/smoothness-hpo/bbo_challenge_starter_kit/output -b run_20240113_114336
/home/ryedida/.local/lib/python3.8/site-packages/sklearn/neural_network/_multilayer_perceptron.py:603: UserWarning: Got `batch_size` less than 1 or larger than sample size. It is going to be clipped
  warnings.warn(

/home/ryedida/.local/lib/python3.8/site-packages/sklearn/neural_network/_multilayer_perceptron.py:684: ConvergenceWarning: Stochastic Optimizer: Maximum iterations (200) reached and the optimization hasn't converged yet.
  warnings.warn(

computed signature: ([{'alpha': 0.019628224813442792, 'batch_size': 182, 'beta_1': 0.9410202200271762, 'beta_2': 0.9998021557676793, 'epsilon': 1.8662266976518e-08, 'hidden_layer_sizes': 147, 'learning_rate_init': 0.0005627932047415167, 'tol': 0.03690557729213761, 'validation_fraction': 0.8846827852548593}, {'alpha': 0.0019982467392329444, 'batch_size': 200, 'beta_1': 0.919111482530466, 'beta_2': 0.9998488260436156, 'epsilon': 5.981221901152555e-07, 'hidden_layer_sizes': 61, 'learning_rate_init': 2.2310905607443014e-05, 'tol': 1.2046852412030316e-05, 'validation_fraction': 0.8117896445826539}, {'alpha': 0.46659545670218433, 'batch_size': 219, 'beta_1': 0.9889789783750891, 'beta_2': 0.9999896868093284, 'epsilon': 2.4234724484675948e-08, 'hidden_layer_sizes': 167, 'learning_rate_init': 2.972334644335654e-05, 'tol': 0.0036281404040243792, 'validation_fraction': 0.17260651658522078}, {'alpha': 4.656005689076002, 'batch_size': 135, 'beta_1': 0.870503881627747, 'beta_2': 0.9948873266941017, 'epsilon': 2.1023308743480125e-07, 'hidden_layer_sizes': 118, 'learning_rate_init': 0.0018781738757161913, 'tol': 1.1889379831773004e-05, 'validation_fraction': 0.6264327093752792}, {'alpha': 0.04705159350400542, 'batch_size': 158, 'beta_1': 0.9870884262730957, 'beta_2': 0.9999596874382349, 'epsilon': 1.1981845126013875e-08, 'hidden_layer_sizes': 116, 'learning_rate_init': 0.00617340520407431, 'tol': 1.741413418158619e-05, 'validation_fraction': 0.6754299026638921}], [-0.21081107239643826, -0.1295489740611692, -0.27999177313201706, -0.9422522260936896, -0.9332050909794812])
/home/ryedida/.local/lib/python3.8/site-packages/bayesmark/experiment.py:469: UserWarning: Baselines not found. Will not log intermediate scores.
  warnings.warn("Baselines not found. Will not log intermediate scores.")

starting sklearn study random MLP-adam digits acc 15 1
with data root: None
suggestion time taken 0.004678 iter 0 next_points [{'alpha': 4.2238565927546645, 'batch_size': 120, 'beta_1': 0.9885560493101953, 'beta_2': 0.9999944878063743, 'epsilon': 5.54304300323761e-07, 'hidden_layer_sizes': 176, 'learning_rate_init': 0.00016934076637635005, 'tol': 0.00047805110156821473, 'validation_fraction': 0.6905191968968011}]
function_evaluation time 6.699429 value -0.921385 suggestion {'alpha': 4.2238565927546645, 'batch_size': 120, 'beta_1': 0.9885560493101953, 'beta_2': 0.9999944878063743, 'epsilon': 5.54304300323761e-07, 'hidden_layer_sizes': 176, 'learning_rate_init': 0.00016934076637635005, 'tol': 0.00047805110156821473, 'validation_fraction': 0.6905191968968011}
observation time 0.000002, current best -0.921385 at iter 0
suggestion time taken 0.004611 iter 1 next_points [{'alpha': 0.013734519082265457, 'batch_size': 33, 'beta_1': 0.8617919270212603, 'beta_2': 0.9992717566875053, 'epsilon': 7.61460037083013e-08, 'hidden_layer_sizes': 137, 'learning_rate_init': 2.8605671523838372e-05, 'tol': 0.00018234746062930333, 'validation_fraction': 0.45045953233968355}]
function_evaluation time 17.918974 value -0.883094 suggestion {'alpha': 0.013734519082265457, 'batch_size': 33, 'beta_1': 0.8617919270212603, 'beta_2': 0.9992717566875053, 'epsilon': 7.61460037083013e-08, 'hidden_layer_sizes': 137, 'learning_rate_init': 2.8605671523838372e-05, 'tol': 0.00018234746062930333, 'validation_fraction': 0.45045953233968355}
observation time 0.000037, current best -0.921385 at iter 1
suggestion time taken 0.005768 iter 2 next_points [{'alpha': 1.8520060657175799, 'batch_size': 197, 'beta_1': 0.9363832282664519, 'beta_2': 0.9984514897697973, 'epsilon': 1.1781547685016798e-07, 'hidden_layer_sizes': 199, 'learning_rate_init': 8.074807441567408e-05, 'tol': 6.809308014865076e-05, 'validation_fraction': 0.678791704636601}]
/home/ryedida/.local/lib/python3.8/site-packages/sklearn/neural_network/_multilayer_perceptron.py:684: ConvergenceWarning: Stochastic Optimizer: Maximum iterations (200) reached and the optimization hasn't converged yet.
  warnings.warn(

function_evaluation time 4.561854 value -0.407535 suggestion {'alpha': 1.8520060657175799, 'batch_size': 197, 'beta_1': 0.9363832282664519, 'beta_2': 0.9984514897697973, 'epsilon': 1.1781547685016798e-07, 'hidden_layer_sizes': 199, 'learning_rate_init': 8.074807441567408e-05, 'tol': 6.809308014865076e-05, 'validation_fraction': 0.678791704636601}
observation time 0.000002, current best -0.921385 at iter 2
suggestion time taken 0.004632 iter 3 next_points [{'alpha': 0.00027211429532461985, 'batch_size': 23, 'beta_1': 0.799457397128752, 'beta_2': 0.9698088819660645, 'epsilon': 2.0054153148310497e-08, 'hidden_layer_sizes': 110, 'learning_rate_init': 0.0493436061107668, 'tol': 0.0004849469115687747, 'validation_fraction': 0.6823104160501926}]
function_evaluation time 3.198460 value -0.904687 suggestion {'alpha': 0.00027211429532461985, 'batch_size': 23, 'beta_1': 0.799457397128752, 'beta_2': 0.9698088819660645, 'epsilon': 2.0054153148310497e-08, 'hidden_layer_sizes': 110, 'learning_rate_init': 0.0493436061107668, 'tol': 0.0004849469115687747, 'validation_fraction': 0.6823104160501926}
observation time 0.000001, current best -0.921385 at iter 3
suggestion time taken 0.004593 iter 4 next_points [{'alpha': 1.986861253930416e-05, 'batch_size': 10, 'beta_1': 0.8569197263310699, 'beta_2': 0.9999988582640936, 'epsilon': 1.3295654993065958e-08, 'hidden_layer_sizes': 147, 'learning_rate_init': 0.0048779192948348185, 'tol': 0.000352020879941997, 'validation_fraction': 0.8214970023323641}]
function_evaluation time 2.914116 value -0.929019 suggestion {'alpha': 1.986861253930416e-05, 'batch_size': 10, 'beta_1': 0.8569197263310699, 'beta_2': 0.9999988582640936, 'epsilon': 1.3295654993065958e-08, 'hidden_layer_sizes': 147, 'learning_rate_init': 0.0048779192948348185, 'tol': 0.000352020879941997, 'validation_fraction': 0.8214970023323641}
observation time 0.000001, current best -0.929019 at iter 4
suggestion time taken 0.004534 iter 5 next_points [{'alpha': 2.4947935303673368, 'batch_size': 18, 'beta_1': 0.9853087942153779, 'beta_2': 0.9988971439749261, 'epsilon': 4.4683555781771555e-09, 'hidden_layer_sizes': 153, 'learning_rate_init': 0.04249464961079827, 'tol': 0.00465327343777313, 'validation_fraction': 0.5555798371737104}]
function_evaluation time 3.853594 value -0.929735 suggestion {'alpha': 2.4947935303673368, 'batch_size': 18, 'beta_1': 0.9853087942153779, 'beta_2': 0.9988971439749261, 'epsilon': 4.4683555781771555e-09, 'hidden_layer_sizes': 153, 'learning_rate_init': 0.04249464961079827, 'tol': 0.00465327343777313, 'validation_fraction': 0.5555798371737104}
observation time 0.000001, current best -0.929735 at iter 5
suggestion time taken 0.004527 iter 6 next_points [{'alpha': 0.4132893906699207, 'batch_size': 223, 'beta_1': 0.9456886383690507, 'beta_2': 0.9996378460330134, 'epsilon': 1.496952527053097e-09, 'hidden_layer_sizes': 91, 'learning_rate_init': 0.0003575208242716501, 'tol': 0.026462352273846915, 'validation_fraction': 0.8600148794538996}]
/home/ryedida/.local/lib/python3.8/site-packages/sklearn/neural_network/_multilayer_perceptron.py:603: UserWarning: Got `batch_size` less than 1 or larger than sample size. It is going to be clipped
  warnings.warn(

function_evaluation time 0.257536 value -0.137064 suggestion {'alpha': 0.4132893906699207, 'batch_size': 223, 'beta_1': 0.9456886383690507, 'beta_2': 0.9996378460330134, 'epsilon': 1.496952527053097e-09, 'hidden_layer_sizes': 91, 'learning_rate_init': 0.0003575208242716501, 'tol': 0.026462352273846915, 'validation_fraction': 0.8600148794538996}
observation time 0.000002, current best -0.929735 at iter 6
suggestion time taken 0.004551 iter 7 next_points [{'alpha': 0.13673448962941917, 'batch_size': 197, 'beta_1': 0.8574887111184496, 'beta_2': 0.9998957217957944, 'epsilon': 2.0820040354169655e-09, 'hidden_layer_sizes': 96, 'learning_rate_init': 0.016580553931389883, 'tol': 0.05804995966086905, 'validation_fraction': 0.5727894486220783}]
function_evaluation time 0.562891 value -0.929730 suggestion {'alpha': 0.13673448962941917, 'batch_size': 197, 'beta_1': 0.8574887111184496, 'beta_2': 0.9998957217957944, 'epsilon': 2.0820040354169655e-09, 'hidden_layer_sizes': 96, 'learning_rate_init': 0.016580553931389883, 'tol': 0.05804995966086905, 'validation_fraction': 0.5727894486220783}
observation time 0.000001, current best -0.929735 at iter 7
suggestion time taken 0.004575 iter 8 next_points [{'alpha': 0.000642104452870488, 'batch_size': 143, 'beta_1': 0.9712736265212835, 'beta_2': 0.9992847613896307, 'epsilon': 8.855662524742012e-07, 'hidden_layer_sizes': 154, 'learning_rate_init': 9.956498772773959e-05, 'tol': 0.00028598875231705456, 'validation_fraction': 0.48378450248526184}]
function_evaluation time 8.360231 value -0.905393 suggestion {'alpha': 0.000642104452870488, 'batch_size': 143, 'beta_1': 0.9712736265212835, 'beta_2': 0.9992847613896307, 'epsilon': 8.855662524742012e-07, 'hidden_layer_sizes': 154, 'learning_rate_init': 9.956498772773959e-05, 'tol': 0.00028598875231705456, 'validation_fraction': 0.48378450248526184}
observation time 0.000009, current best -0.929735 at iter 8
suggestion time taken 0.004850 iter 9 next_points [{'alpha': 2.32434402915773e-05, 'batch_size': 124, 'beta_1': 0.5652087173022469, 'beta_2': 0.9997226318640813, 'epsilon': 4.6913811115031405e-07, 'hidden_layer_sizes': 129, 'learning_rate_init': 0.0008798098505922715, 'tol': 0.014870634151026949, 'validation_fraction': 0.8910786914446799}]
function_evaluation time 1.294967 value -0.734831 suggestion {'alpha': 2.32434402915773e-05, 'batch_size': 124, 'beta_1': 0.5652087173022469, 'beta_2': 0.9997226318640813, 'epsilon': 4.6913811115031405e-07, 'hidden_layer_sizes': 129, 'learning_rate_init': 0.0008798098505922715, 'tol': 0.014870634151026949, 'validation_fraction': 0.8910786914446799}
observation time 0.000001, current best -0.929735 at iter 9
suggestion time taken 0.004570 iter 10 next_points [{'alpha': 0.7957813355013043, 'batch_size': 74, 'beta_1': 0.9874849109891596, 'beta_2': 0.9990085809004101, 'epsilon': 1.3435609082160793e-09, 'hidden_layer_sizes': 130, 'learning_rate_init': 0.000912856010209784, 'tol': 0.04005343367852017, 'validation_fraction': 0.8948245292283723}]
function_evaluation time 0.658616 value -0.766185 suggestion {'alpha': 0.7957813355013043, 'batch_size': 74, 'beta_1': 0.9874849109891596, 'beta_2': 0.9990085809004101, 'epsilon': 1.3435609082160793e-09, 'hidden_layer_sizes': 130, 'learning_rate_init': 0.000912856010209784, 'tol': 0.04005343367852017, 'validation_fraction': 0.8948245292283723}
observation time 0.000001, current best -0.929735 at iter 10
suggestion time taken 0.004552 iter 11 next_points [{'alpha': 0.3826955924802943, 'batch_size': 160, 'beta_1': 0.5507117565565235, 'beta_2': 0.9810330338014878, 'epsilon': 1.8206756467408996e-07, 'hidden_layer_sizes': 180, 'learning_rate_init': 0.07413735464252513, 'tol': 0.00018536116300815617, 'validation_fraction': 0.6891367244359886}]
function_evaluation time 1.226321 value -0.757261 suggestion {'alpha': 0.3826955924802943, 'batch_size': 160, 'beta_1': 0.5507117565565235, 'beta_2': 0.9810330338014878, 'epsilon': 1.8206756467408996e-07, 'hidden_layer_sizes': 180, 'learning_rate_init': 0.07413735464252513, 'tol': 0.00018536116300815617, 'validation_fraction': 0.6891367244359886}
observation time 0.000002, current best -0.929735 at iter 11
suggestion time taken 0.005061 iter 12 next_points [{'alpha': 4.180026612928559, 'batch_size': 156, 'beta_1': 0.984585622773558, 'beta_2': 0.9994553525663263, 'epsilon': 1.1393252851872307e-09, 'hidden_layer_sizes': 132, 'learning_rate_init': 1.3669207218652221e-05, 'tol': 2.30906578336103e-05, 'validation_fraction': 0.13526687198707824}]
/home/ryedida/.local/lib/python3.8/site-packages/sklearn/neural_network/_multilayer_perceptron.py:684: ConvergenceWarning: Stochastic Optimizer: Maximum iterations (200) reached and the optimization hasn't converged yet.
  warnings.warn(

function_evaluation time 8.174099 value -0.356579 suggestion {'alpha': 4.180026612928559, 'batch_size': 156, 'beta_1': 0.984585622773558, 'beta_2': 0.9994553525663263, 'epsilon': 1.1393252851872307e-09, 'hidden_layer_sizes': 132, 'learning_rate_init': 1.3669207218652221e-05, 'tol': 2.30906578336103e-05, 'validation_fraction': 0.13526687198707824}
observation time 0.000001, current best -0.929735 at iter 12
suggestion time taken 0.004555 iter 13 next_points [{'alpha': 0.3548208534090385, 'batch_size': 170, 'beta_1': 0.7466321837632091, 'beta_2': 0.9999845155691773, 'epsilon': 1.2479051166980115e-08, 'hidden_layer_sizes': 133, 'learning_rate_init': 0.002356824945151591, 'tol': 7.039137990210943e-05, 'validation_fraction': 0.5658187027577204}]
function_evaluation time 3.522185 value -0.948505 suggestion {'alpha': 0.3548208534090385, 'batch_size': 170, 'beta_1': 0.7466321837632091, 'beta_2': 0.9999845155691773, 'epsilon': 1.2479051166980115e-08, 'hidden_layer_sizes': 133, 'learning_rate_init': 0.002356824945151591, 'tol': 7.039137990210943e-05, 'validation_fraction': 0.5658187027577204}
observation time 0.000001, current best -0.948505 at iter 13
suggestion time taken 0.004549 iter 14 next_points [{'alpha': 0.5416956138502051, 'batch_size': 136, 'beta_1': 0.5380322959927099, 'beta_2': 0.9999976401421261, 'epsilon': 1.3775377389829356e-09, 'hidden_layer_sizes': 55, 'learning_rate_init': 0.07332246666356755, 'tol': 7.601913719803202e-05, 'validation_fraction': 0.4318267736809622}]
function_evaluation time 0.864089 value -0.748013 suggestion {'alpha': 0.5416956138502051, 'batch_size': 136, 'beta_1': 0.5380322959927099, 'beta_2': 0.9999976401421261, 'epsilon': 1.3775377389829356e-09, 'hidden_layer_sizes': 55, 'learning_rate_init': 0.07332246666356755, 'tol': 7.601913719803202e-05, 'validation_fraction': 0.4318267736809622}
observation time 0.000001, current best -0.948505 at iter 14
saving meta data: {'args': {'--uuid': 'ee39c312591c587e9e43f5cfecdb7b44', '-db-root': '/home/ryedida/smoothness-hpo/bbo_challenge_starter_kit/output', '--opt-root': '/home/ryedida/smoothness-hpo/bbo_challenge_starter_kit/example_submissions', '--data-root': None, '--db': 'run_20240113_114336', '--opt': 'random', '--data': 'digits', '--classifier': 'MLP-adam', '--metric': 'acc', '--calls': 15, '--suggestions': 1, '--jobs-file': None, '--verbose': False, 'dry_run': False, 'rev': 'a376313', 'opt_rev': '0.0.8'}, 'signature': ([{'alpha': 0.019628224813442792, 'batch_size': 182, 'beta_1': 0.9410202200271762, 'beta_2': 0.9998021557676793, 'epsilon': 1.8662266976518e-08, 'hidden_layer_sizes': 147, 'learning_rate_init': 0.0005627932047415167, 'tol': 0.03690557729213761, 'validation_fraction': 0.8846827852548593}, {'alpha': 0.0019982467392329444, 'batch_size': 200, 'beta_1': 0.919111482530466, 'beta_2': 0.9998488260436156, 'epsilon': 5.981221901152555e-07, 'hidden_layer_sizes': 61, 'learning_rate_init': 2.2310905607443014e-05, 'tol': 1.2046852412030316e-05, 'validation_fraction': 0.8117896445826539}, {'alpha': 0.46659545670218433, 'batch_size': 219, 'beta_1': 0.9889789783750891, 'beta_2': 0.9999896868093284, 'epsilon': 2.4234724484675948e-08, 'hidden_layer_sizes': 167, 'learning_rate_init': 2.972334644335654e-05, 'tol': 0.0036281404040243792, 'validation_fraction': 0.17260651658522078}, {'alpha': 4.656005689076002, 'batch_size': 135, 'beta_1': 0.870503881627747, 'beta_2': 0.9948873266941017, 'epsilon': 2.1023308743480125e-07, 'hidden_layer_sizes': 118, 'learning_rate_init': 0.0018781738757161913, 'tol': 1.1889379831773004e-05, 'validation_fraction': 0.6264327093752792}, {'alpha': 0.04705159350400542, 'batch_size': 158, 'beta_1': 0.9870884262730957, 'beta_2': 0.9999596874382349, 'epsilon': 1.1981845126013875e-08, 'hidden_layer_sizes': 116, 'learning_rate_init': 0.00617340520407431, 'tol': 1.741413418158619e-05, 'validation_fraction': 0.6754299026638921}], [-0.21081107239643826, -0.1295489740611692, -0.27999177313201706, -0.9422522260936896, -0.9332050909794812])}
saving results
saving timing
saving suggest log
done
