running: {'--uuid': 'f021d80883cb5bcb988a20428be89915', '-db-root': '/home/ryedida/smoothness-hpo/bbo_challenge_starter_kit/output', '--opt-root': '/home/ryedida/smoothness-hpo/bbo_challenge_starter_kit/example_submissions', '--data-root': None, '--db': 'run_20240113_114336', '--opt': 'stcvx', '--data': 'digits', '--classifier': 'MLP-adam', '--metric': 'acc', '--calls': 15, '--suggestions': 1, '--jobs-file': None, '--verbose': False, 'dry_run': False, 'rev': 'a376313', 'opt_rev': 'x.x.x'}
cmd: python stcvx/optimizer.py -c MLP-adam -d digits -o stcvx -u f021d80883cb5bcb988a20428be89915 -m acc -n 15 -p 1 -dir /home/ryedida/smoothness-hpo/bbo_challenge_starter_kit/output -b run_20240113_114336
/home/ryedida/.local/lib/python3.8/site-packages/sklearn/neural_network/_multilayer_perceptron.py:603: UserWarning: Got `batch_size` less than 1 or larger than sample size. It is going to be clipped
  warnings.warn(

/home/ryedida/.local/lib/python3.8/site-packages/sklearn/neural_network/_multilayer_perceptron.py:684: ConvergenceWarning: Stochastic Optimizer: Maximum iterations (200) reached and the optimization hasn't converged yet.
  warnings.warn(

computed signature: ([{'alpha': 0.019628224813442792, 'batch_size': 182, 'beta_1': 0.9410202200271762, 'beta_2': 0.9998021557676793, 'epsilon': 1.8662266976518e-08, 'hidden_layer_sizes': 147, 'learning_rate_init': 0.0005627932047415167, 'tol': 0.03690557729213761, 'validation_fraction': 0.8846827852548593}, {'alpha': 0.0019982467392329444, 'batch_size': 200, 'beta_1': 0.919111482530466, 'beta_2': 0.9998488260436156, 'epsilon': 5.981221901152555e-07, 'hidden_layer_sizes': 61, 'learning_rate_init': 2.2310905607443014e-05, 'tol': 1.2046852412030316e-05, 'validation_fraction': 0.8117896445826539}, {'alpha': 0.46659545670218433, 'batch_size': 219, 'beta_1': 0.9889789783750891, 'beta_2': 0.9999896868093284, 'epsilon': 2.4234724484675948e-08, 'hidden_layer_sizes': 167, 'learning_rate_init': 2.972334644335654e-05, 'tol': 0.0036281404040243792, 'validation_fraction': 0.17260651658522078}, {'alpha': 4.656005689076002, 'batch_size': 135, 'beta_1': 0.870503881627747, 'beta_2': 0.9948873266941017, 'epsilon': 2.1023308743480125e-07, 'hidden_layer_sizes': 118, 'learning_rate_init': 0.0018781738757161913, 'tol': 1.1889379831773004e-05, 'validation_fraction': 0.6264327093752792}, {'alpha': 0.04705159350400542, 'batch_size': 158, 'beta_1': 0.9870884262730957, 'beta_2': 0.9999596874382349, 'epsilon': 1.1981845126013875e-08, 'hidden_layer_sizes': 116, 'learning_rate_init': 0.00617340520407431, 'tol': 1.741413418158619e-05, 'validation_fraction': 0.6754299026638921}], [-0.21081107239643826, -0.1295489740611692, -0.27999177313201706, -0.9422522260936896, -0.9332050909794812])
/home/ryedida/.local/lib/python3.8/site-packages/bayesmark/experiment.py:469: UserWarning: Baselines not found. Will not log intermediate scores.
  warnings.warn("Baselines not found. Will not log intermediate scores.")

starting sklearn study stcvx MLP-adam digits acc 15 1
with data root: None
suggestion time taken 30.366588 iter 0 next_points [{'alpha': 0.0001598709091108142, 'batch_size': 10, 'beta_1': 0.9868980795749892, 'beta_2': 0.9999799412088554, 'epsilon': 6.378881104030488e-08, 'hidden_layer_sizes': 139, 'learning_rate_init': 0.009020384292322464, 'tol': 0.0027381691893949567, 'validation_fraction': 0.43281944855912163}]
function_evaluation time 8.505753 value -0.962435 suggestion {'alpha': 0.0001598709091108142, 'batch_size': 10, 'beta_1': 0.9868980795749892, 'beta_2': 0.9999799412088554, 'epsilon': 6.378881104030488e-08, 'hidden_layer_sizes': 139, 'learning_rate_init': 0.009020384292322464, 'tol': 0.0027381691893949567, 'validation_fraction': 0.43281944855912163}
observation time 0.000014, current best -0.962435 at iter 0
suggestion time taken 29.056545 iter 1 next_points [{'alpha': 0.0169449435190179, 'batch_size': 10, 'beta_1': 0.7986348148470627, 'beta_2': 0.9999957289341734, 'epsilon': 2.4928876344674177e-09, 'hidden_layer_sizes': 71, 'learning_rate_init': 0.0001260142661560064, 'tol': 0.01648897250570646, 'validation_fraction': 0.8989317360950064}]
function_evaluation time 1.444328 value -0.349901 suggestion {'alpha': 0.0169449435190179, 'batch_size': 10, 'beta_1': 0.7986348148470627, 'beta_2': 0.9999957289341734, 'epsilon': 2.4928876344674177e-09, 'hidden_layer_sizes': 71, 'learning_rate_init': 0.0001260142661560064, 'tol': 0.01648897250570646, 'validation_fraction': 0.8989317360950064}
observation time 0.000003, current best -0.962435 at iter 1
suggestion time taken 29.244067 iter 2 next_points [{'alpha': 1.6919575812800676, 'batch_size': 13, 'beta_1': 0.7364116610136933, 'beta_2': 0.9999945052662189, 'epsilon': 3.751902825625574e-07, 'hidden_layer_sizes': 91, 'learning_rate_init': 0.000721926532645816, 'tol': 0.00185187620585584, 'validation_fraction': 0.8758751656322381}]
function_evaluation time 5.615379 value -0.912333 suggestion {'alpha': 1.6919575812800676, 'batch_size': 13, 'beta_1': 0.7364116610136933, 'beta_2': 0.9999945052662189, 'epsilon': 3.751902825625574e-07, 'hidden_layer_sizes': 91, 'learning_rate_init': 0.000721926532645816, 'tol': 0.00185187620585584, 'validation_fraction': 0.8758751656322381}
observation time 0.000017, current best -0.962435 at iter 2
suggestion time taken 27.894464 iter 3 next_points [{'alpha': 0.0001381682499183603, 'batch_size': 27, 'beta_1': 0.9337141026428215, 'beta_2': 0.9995490599759749, 'epsilon': 1.8698544116891526e-09, 'hidden_layer_sizes': 67, 'learning_rate_init': 1.8360010421648652e-05, 'tol': 0.0012703690225056353, 'validation_fraction': 0.5164782609137997}]
function_evaluation time 16.643313 value -0.779401 suggestion {'alpha': 0.0001381682499183603, 'batch_size': 27, 'beta_1': 0.9337141026428215, 'beta_2': 0.9995490599759749, 'epsilon': 1.8698544116891526e-09, 'hidden_layer_sizes': 67, 'learning_rate_init': 1.8360010421648652e-05, 'tol': 0.0012703690225056353, 'validation_fraction': 0.5164782609137997}
observation time 0.000015, current best -0.962435 at iter 3
suggestion time taken 27.667803 iter 4 next_points [{'alpha': 0.038855924806087405, 'batch_size': 22, 'beta_1': 0.9575729987461544, 'beta_2': 0.9999964972536677, 'epsilon': 4.414890168679698e-07, 'hidden_layer_sizes': 87, 'learning_rate_init': 0.0004632652310785985, 'tol': 0.04073287881966848, 'validation_fraction': 0.18280637410838113}]
function_evaluation time 2.908141 value -0.941546 suggestion {'alpha': 0.038855924806087405, 'batch_size': 22, 'beta_1': 0.9575729987461544, 'beta_2': 0.9999964972536677, 'epsilon': 4.414890168679698e-07, 'hidden_layer_sizes': 87, 'learning_rate_init': 0.0004632652310785985, 'tol': 0.04073287881966848, 'validation_fraction': 0.18280637410838113}
observation time 0.000003, current best -0.962435 at iter 4
suggestion time taken 27.006390 iter 5 next_points [{'alpha': 9.570143528032439, 'batch_size': 30, 'beta_1': 0.9517621910261979, 'beta_2': 0.9999617395914008, 'epsilon': 9.236787639980659e-07, 'hidden_layer_sizes': 138, 'learning_rate_init': 0.00012218705843747174, 'tol': 0.04183852817230336, 'validation_fraction': 0.8627144842293887}]
function_evaluation time 0.639017 value -0.226873 suggestion {'alpha': 9.570143528032439, 'batch_size': 30, 'beta_1': 0.9517621910261979, 'beta_2': 0.9999617395914008, 'epsilon': 9.236787639980659e-07, 'hidden_layer_sizes': 138, 'learning_rate_init': 0.00012218705843747174, 'tol': 0.04183852817230336, 'validation_fraction': 0.8627144842293887}
observation time 0.000002, current best -0.962435 at iter 5
suggestion time taken 27.063430 iter 6 next_points [{'alpha': 3.726562831507425, 'batch_size': 21, 'beta_1': 0.9375549295327982, 'beta_2': 0.9928787098254432, 'epsilon': 8.343775844710262e-09, 'hidden_layer_sizes': 70, 'learning_rate_init': 2.2694804095549903e-05, 'tol': 0.0007948694695784848, 'validation_fraction': 0.3818788074437866}]
function_evaluation time 27.916319 value -0.912331 suggestion {'alpha': 3.726562831507425, 'batch_size': 21, 'beta_1': 0.9375549295327982, 'beta_2': 0.9928787098254432, 'epsilon': 8.343775844710262e-09, 'hidden_layer_sizes': 70, 'learning_rate_init': 2.2694804095549903e-05, 'tol': 0.0007948694695784848, 'validation_fraction': 0.3818788074437866}
observation time 0.000017, current best -0.962435 at iter 6
suggestion time taken 26.750210 iter 7 next_points [{'alpha': 4.0906252396152425, 'batch_size': 14, 'beta_1': 0.8974748868915847, 'beta_2': 0.9954268538824904, 'epsilon': 5.454648069308267e-07, 'hidden_layer_sizes': 71, 'learning_rate_init': 3.035537387774211e-05, 'tol': 0.02974866540764447, 'validation_fraction': 0.8953832885782753}]
function_evaluation time 0.579412 value -0.098855 suggestion {'alpha': 4.0906252396152425, 'batch_size': 14, 'beta_1': 0.8974748868915847, 'beta_2': 0.9954268538824904, 'epsilon': 5.454648069308267e-07, 'hidden_layer_sizes': 71, 'learning_rate_init': 3.035537387774211e-05, 'tol': 0.02974866540764447, 'validation_fraction': 0.8953832885782753}
observation time 0.000002, current best -0.962435 at iter 7
suggestion time taken 28.076843 iter 8 next_points [{'alpha': 0.07415193912360098, 'batch_size': 10, 'beta_1': 0.7010561718171016, 'beta_2': 0.930821111606541, 'epsilon': 1.0817690734839874e-07, 'hidden_layer_sizes': 57, 'learning_rate_init': 2.098003615149332e-05, 'tol': 0.0163646139056659, 'validation_fraction': 0.8572900099849701}]
function_evaluation time 0.850797 value -0.125997 suggestion {'alpha': 0.07415193912360098, 'batch_size': 10, 'beta_1': 0.7010561718171016, 'beta_2': 0.930821111606541, 'epsilon': 1.0817690734839874e-07, 'hidden_layer_sizes': 57, 'learning_rate_init': 2.098003615149332e-05, 'tol': 0.0163646139056659, 'validation_fraction': 0.8572900099849701}
observation time 0.000007, current best -0.962435 at iter 8
suggestion time taken 26.753674 iter 9 next_points [{'alpha': 0.4075423102791141, 'batch_size': 29, 'beta_1': 0.9486563667181362, 'beta_2': 0.9999140473745837, 'epsilon': 1.6555811179459496e-08, 'hidden_layer_sizes': 86, 'learning_rate_init': 1.4278234658261018e-05, 'tol': 1.0055017116811999e-05, 'validation_fraction': 0.8557361617570923}]
/home/ryedida/.local/lib/python3.8/site-packages/sklearn/neural_network/_multilayer_perceptron.py:684: ConvergenceWarning: Stochastic Optimizer: Maximum iterations (200) reached and the optimization hasn't converged yet.
  warnings.warn(

function_evaluation time 4.890728 value -0.245153 suggestion {'alpha': 0.4075423102791141, 'batch_size': 29, 'beta_1': 0.9486563667181362, 'beta_2': 0.9999140473745837, 'epsilon': 1.6555811179459496e-08, 'hidden_layer_sizes': 86, 'learning_rate_init': 1.4278234658261018e-05, 'tol': 1.0055017116811999e-05, 'validation_fraction': 0.8557361617570923}
observation time 0.000002, current best -0.962435 at iter 9
suggestion time taken 26.895386 iter 10 next_points [{'alpha': 4.991311386217332, 'batch_size': 20, 'beta_1': 0.9859068095050265, 'beta_2': 0.9995947054921842, 'epsilon': 5.962231560909779e-07, 'hidden_layer_sizes': 51, 'learning_rate_init': 6.772759981788882e-05, 'tol': 0.04509538087234195, 'validation_fraction': 0.505362270365327}]
function_evaluation time 1.836161 value -0.301195 suggestion {'alpha': 4.991311386217332, 'batch_size': 20, 'beta_1': 0.9859068095050265, 'beta_2': 0.9995947054921842, 'epsilon': 5.962231560909779e-07, 'hidden_layer_sizes': 51, 'learning_rate_init': 6.772759981788882e-05, 'tol': 0.04509538087234195, 'validation_fraction': 0.505362270365327}
observation time 0.000003, current best -0.962435 at iter 10
suggestion time taken 26.751452 iter 11 next_points [{'alpha': 0.0016325957236280253, 'batch_size': 27, 'beta_1': 0.565396378436937, 'beta_2': 0.9999988493640924, 'epsilon': 6.396588663293611e-08, 'hidden_layer_sizes': 71, 'learning_rate_init': 2.180931079262105e-05, 'tol': 0.03890713663089974, 'validation_fraction': 0.5490724508093623}]
function_evaluation time 1.277581 value -0.140590 suggestion {'alpha': 0.0016325957236280253, 'batch_size': 27, 'beta_1': 0.565396378436937, 'beta_2': 0.9999988493640924, 'epsilon': 6.396588663293611e-08, 'hidden_layer_sizes': 71, 'learning_rate_init': 2.180931079262105e-05, 'tol': 0.03890713663089974, 'validation_fraction': 0.5490724508093623}
observation time 0.000002, current best -0.962435 at iter 11
suggestion time taken 26.377084 iter 12 next_points [{'alpha': 0.0024426033080091384, 'batch_size': 36, 'beta_1': 0.9877830010085326, 'beta_2': 0.9999150390164988, 'epsilon': 2.0832806151250046e-07, 'hidden_layer_sizes': 68, 'learning_rate_init': 0.009920133642282194, 'tol': 0.005292605726009979, 'validation_fraction': 0.890656833709583}]
function_evaluation time 0.869975 value -0.859413 suggestion {'alpha': 0.0024426033080091384, 'batch_size': 36, 'beta_1': 0.9877830010085326, 'beta_2': 0.9999150390164988, 'epsilon': 2.0832806151250046e-07, 'hidden_layer_sizes': 68, 'learning_rate_init': 0.009920133642282194, 'tol': 0.005292605726009979, 'validation_fraction': 0.890656833709583}
observation time 0.000002, current best -0.962435 at iter 12
suggestion time taken 26.162295 iter 13 next_points [{'alpha': 0.00011598355683167992, 'batch_size': 14, 'beta_1': 0.9726350272142325, 'beta_2': 0.9270407512547386, 'epsilon': 5.596607217109966e-07, 'hidden_layer_sizes': 150, 'learning_rate_init': 0.006164538861997462, 'tol': 0.00039630668253100857, 'validation_fraction': 0.4555122752224472}]
function_evaluation time 6.275870 value -0.948522 suggestion {'alpha': 0.00011598355683167992, 'batch_size': 14, 'beta_1': 0.9726350272142325, 'beta_2': 0.9270407512547386, 'epsilon': 5.596607217109966e-07, 'hidden_layer_sizes': 150, 'learning_rate_init': 0.006164538861997462, 'tol': 0.00039630668253100857, 'validation_fraction': 0.4555122752224472}
observation time 0.000002, current best -0.962435 at iter 13
suggestion time taken 27.334653 iter 14 next_points [{'alpha': 1.3440796101068821, 'batch_size': 25, 'beta_1': 0.8521805158291326, 'beta_2': 0.9999373485633065, 'epsilon': 8.280947641869155e-07, 'hidden_layer_sizes': 167, 'learning_rate_init': 0.00028078618006124054, 'tol': 2.726266853229433e-05, 'validation_fraction': 0.584699642871898}]
function_evaluation time 10.203117 value -0.958258 suggestion {'alpha': 1.3440796101068821, 'batch_size': 25, 'beta_1': 0.8521805158291326, 'beta_2': 0.9999373485633065, 'epsilon': 8.280947641869155e-07, 'hidden_layer_sizes': 167, 'learning_rate_init': 0.00028078618006124054, 'tol': 2.726266853229433e-05, 'validation_fraction': 0.584699642871898}
observation time 0.000003, current best -0.962435 at iter 14
saving meta data: {'args': {'--uuid': 'f021d80883cb5bcb988a20428be89915', '-db-root': '/home/ryedida/smoothness-hpo/bbo_challenge_starter_kit/output', '--opt-root': '/home/ryedida/smoothness-hpo/bbo_challenge_starter_kit/example_submissions', '--data-root': None, '--db': 'run_20240113_114336', '--opt': 'stcvx', '--data': 'digits', '--classifier': 'MLP-adam', '--metric': 'acc', '--calls': 15, '--suggestions': 1, '--jobs-file': None, '--verbose': False, 'dry_run': False, 'rev': 'a376313', 'opt_rev': 'x.x.x'}, 'signature': ([{'alpha': 0.019628224813442792, 'batch_size': 182, 'beta_1': 0.9410202200271762, 'beta_2': 0.9998021557676793, 'epsilon': 1.8662266976518e-08, 'hidden_layer_sizes': 147, 'learning_rate_init': 0.0005627932047415167, 'tol': 0.03690557729213761, 'validation_fraction': 0.8846827852548593}, {'alpha': 0.0019982467392329444, 'batch_size': 200, 'beta_1': 0.919111482530466, 'beta_2': 0.9998488260436156, 'epsilon': 5.981221901152555e-07, 'hidden_layer_sizes': 61, 'learning_rate_init': 2.2310905607443014e-05, 'tol': 1.2046852412030316e-05, 'validation_fraction': 0.8117896445826539}, {'alpha': 0.46659545670218433, 'batch_size': 219, 'beta_1': 0.9889789783750891, 'beta_2': 0.9999896868093284, 'epsilon': 2.4234724484675948e-08, 'hidden_layer_sizes': 167, 'learning_rate_init': 2.972334644335654e-05, 'tol': 0.0036281404040243792, 'validation_fraction': 0.17260651658522078}, {'alpha': 4.656005689076002, 'batch_size': 135, 'beta_1': 0.870503881627747, 'beta_2': 0.9948873266941017, 'epsilon': 2.1023308743480125e-07, 'hidden_layer_sizes': 118, 'learning_rate_init': 0.0018781738757161913, 'tol': 1.1889379831773004e-05, 'validation_fraction': 0.6264327093752792}, {'alpha': 0.04705159350400542, 'batch_size': 158, 'beta_1': 0.9870884262730957, 'beta_2': 0.9999596874382349, 'epsilon': 1.1981845126013875e-08, 'hidden_layer_sizes': 116, 'learning_rate_init': 0.00617340520407431, 'tol': 1.741413418158619e-05, 'validation_fraction': 0.6754299026638921}], [-0.21081107239643826, -0.1295489740611692, -0.27999177313201706, -0.9422522260936896, -0.9332050909794812])}
saving results
saving timing
saving suggest log
done
