running: {'--uuid': 'f3e41a65defc59ee8fbc3f5433be975b', '-db-root': '/home/ryedida/smoothness-hpo/bbo_challenge_starter_kit/output', '--opt-root': '/home/ryedida/smoothness-hpo/bbo_challenge_starter_kit/example_submissions', '--data-root': None, '--db': 'run_20240113_114336', '--opt': 'random', '--data': 'digits', '--classifier': 'MLP-adam', '--metric': 'nll', '--calls': 15, '--suggestions': 1, '--jobs-file': None, '--verbose': False, 'dry_run': False, 'rev': 'a376313', 'opt_rev': '0.0.8'}
cmd: python /home/ryedida/.local/bin/bayesmark-exp -c MLP-adam -d digits -o random -u f3e41a65defc59ee8fbc3f5433be975b -m nll -n 15 -p 1 -dir /home/ryedida/smoothness-hpo/bbo_challenge_starter_kit/output -b run_20240113_114336
/home/ryedida/.local/lib/python3.8/site-packages/sklearn/neural_network/_multilayer_perceptron.py:603: UserWarning: Got `batch_size` less than 1 or larger than sample size. It is going to be clipped
  warnings.warn(

/home/ryedida/.local/lib/python3.8/site-packages/sklearn/neural_network/_multilayer_perceptron.py:684: ConvergenceWarning: Stochastic Optimizer: Maximum iterations (200) reached and the optimization hasn't converged yet.
  warnings.warn(

computed signature: ([{'alpha': 0.019628224813442792, 'batch_size': 182, 'beta_1': 0.9410202200271762, 'beta_2': 0.9998021557676793, 'epsilon': 1.8662266976518e-08, 'hidden_layer_sizes': 147, 'learning_rate_init': 0.0005627932047415167, 'tol': 0.03690557729213761, 'validation_fraction': 0.8846827852548593}, {'alpha': 0.0019982467392329444, 'batch_size': 200, 'beta_1': 0.919111482530466, 'beta_2': 0.9998488260436156, 'epsilon': 5.981221901152555e-07, 'hidden_layer_sizes': 61, 'learning_rate_init': 2.2310905607443014e-05, 'tol': 1.2046852412030316e-05, 'validation_fraction': 0.8117896445826539}, {'alpha': 0.46659545670218433, 'batch_size': 219, 'beta_1': 0.9889789783750891, 'beta_2': 0.9999896868093284, 'epsilon': 2.4234724484675948e-08, 'hidden_layer_sizes': 167, 'learning_rate_init': 2.972334644335654e-05, 'tol': 0.0036281404040243792, 'validation_fraction': 0.17260651658522078}, {'alpha': 4.656005689076002, 'batch_size': 135, 'beta_1': 0.870503881627747, 'beta_2': 0.9948873266941017, 'epsilon': 2.1023308743480125e-07, 'hidden_layer_sizes': 118, 'learning_rate_init': 0.0018781738757161913, 'tol': 1.1889379831773004e-05, 'validation_fraction': 0.6264327093752792}, {'alpha': 0.04705159350400542, 'batch_size': 158, 'beta_1': 0.9870884262730957, 'beta_2': 0.9999596874382349, 'epsilon': 1.1981845126013875e-08, 'hidden_layer_sizes': 116, 'learning_rate_init': 0.00617340520407431, 'tol': 1.741413418158619e-05, 'validation_fraction': 0.6754299026638921}], [4.8709522768835765, 9.712622772033223, 5.950791832993735, 0.19438427080405424, 0.25190216699945595])
/home/ryedida/.local/lib/python3.8/site-packages/bayesmark/experiment.py:469: UserWarning: Baselines not found. Will not log intermediate scores.
  warnings.warn("Baselines not found. Will not log intermediate scores.")

starting sklearn study random MLP-adam digits nll 15 1
with data root: None
suggestion time taken 0.005054 iter 0 next_points [{'alpha': 0.04908964952783952, 'batch_size': 131, 'beta_1': 0.9679225729055498, 'beta_2': 0.9999809832551757, 'epsilon': 2.1812611294861767e-09, 'hidden_layer_sizes': 154, 'learning_rate_init': 0.00018913125127427205, 'tol': 0.002734284890300622, 'validation_fraction': 0.8699988011128895}]
function_evaluation time 3.206048 value 0.703422 suggestion {'alpha': 0.04908964952783952, 'batch_size': 131, 'beta_1': 0.9679225729055498, 'beta_2': 0.9999809832551757, 'epsilon': 2.1812611294861767e-09, 'hidden_layer_sizes': 154, 'learning_rate_init': 0.00018913125127427205, 'tol': 0.002734284890300622, 'validation_fraction': 0.8699988011128895}
observation time 0.000002, current best 0.703422 at iter 0
suggestion time taken 0.004562 iter 1 next_points [{'alpha': 0.0172076181465297, 'batch_size': 200, 'beta_1': 0.9165554935210277, 'beta_2': 0.9999601464402, 'epsilon': 4.866201045146688e-08, 'hidden_layer_sizes': 89, 'learning_rate_init': 0.00014061178651877818, 'tol': 0.0007609070272940073, 'validation_fraction': 0.11113991318908704}]
function_evaluation time 6.471630 value 0.335820 suggestion {'alpha': 0.0172076181465297, 'batch_size': 200, 'beta_1': 0.9165554935210277, 'beta_2': 0.9999601464402, 'epsilon': 4.866201045146688e-08, 'hidden_layer_sizes': 89, 'learning_rate_init': 0.00014061178651877818, 'tol': 0.0007609070272940073, 'validation_fraction': 0.11113991318908704}
observation time 0.000006, current best 0.335820 at iter 1
suggestion time taken 0.004806 iter 2 next_points [{'alpha': 0.02675491168122376, 'batch_size': 24, 'beta_1': 0.5457768347129862, 'beta_2': 0.9898612512149791, 'epsilon': 2.204384415105775e-08, 'hidden_layer_sizes': 89, 'learning_rate_init': 0.000948514111121416, 'tol': 0.00015228928770801836, 'validation_fraction': 0.10336997605494885}]
function_evaluation time 3.578464 value 0.130067 suggestion {'alpha': 0.02675491168122376, 'batch_size': 24, 'beta_1': 0.5457768347129862, 'beta_2': 0.9898612512149791, 'epsilon': 2.204384415105775e-08, 'hidden_layer_sizes': 89, 'learning_rate_init': 0.000948514111121416, 'tol': 0.00015228928770801836, 'validation_fraction': 0.10336997605494885}
observation time 0.000008, current best 0.130067 at iter 2
suggestion time taken 0.004859 iter 3 next_points [{'alpha': 0.0013917290130196383, 'batch_size': 131, 'beta_1': 0.8657979998063228, 'beta_2': 0.9998593554421514, 'epsilon': 9.046795800679353e-09, 'hidden_layer_sizes': 199, 'learning_rate_init': 2.223749379163984e-05, 'tol': 0.0026642100019843035, 'validation_fraction': 0.7785233156758924}]
/home/ryedida/.local/lib/python3.8/site-packages/sklearn/neural_network/_multilayer_perceptron.py:684: ConvergenceWarning: Stochastic Optimizer: Maximum iterations (200) reached and the optimization hasn't converged yet.
  warnings.warn(

function_evaluation time 2.923131 value 6.092797 suggestion {'alpha': 0.0013917290130196383, 'batch_size': 131, 'beta_1': 0.8657979998063228, 'beta_2': 0.9998593554421514, 'epsilon': 9.046795800679353e-09, 'hidden_layer_sizes': 199, 'learning_rate_init': 2.223749379163984e-05, 'tol': 0.0026642100019843035, 'validation_fraction': 0.7785233156758924}
observation time 0.000002, current best 0.130067 at iter 3
suggestion time taken 0.004538 iter 4 next_points [{'alpha': 1.155030205248934e-05, 'batch_size': 204, 'beta_1': 0.756840306845397, 'beta_2': 0.9999967468429112, 'epsilon': 1.4843245324938706e-07, 'hidden_layer_sizes': 75, 'learning_rate_init': 0.00410128149183346, 'tol': 0.0018280815052918525, 'validation_fraction': 0.15371723368472834}]
function_evaluation time 1.271510 value 0.138476 suggestion {'alpha': 1.155030205248934e-05, 'batch_size': 204, 'beta_1': 0.756840306845397, 'beta_2': 0.9999967468429112, 'epsilon': 1.4843245324938706e-07, 'hidden_layer_sizes': 75, 'learning_rate_init': 0.00410128149183346, 'tol': 0.0018280815052918525, 'validation_fraction': 0.15371723368472834}
observation time 0.000001, current best 0.130067 at iter 4
suggestion time taken 0.004486 iter 5 next_points [{'alpha': 0.00019252576471131093, 'batch_size': 197, 'beta_1': 0.9775208657059816, 'beta_2': 0.9998971694750618, 'epsilon': 5.3285414479108057e-08, 'hidden_layer_sizes': 97, 'learning_rate_init': 0.07246207545254152, 'tol': 0.008364016334986416, 'validation_fraction': 0.3545965684923733}]
function_evaluation time 1.555908 value 1.204287 suggestion {'alpha': 0.00019252576471131093, 'batch_size': 197, 'beta_1': 0.9775208657059816, 'beta_2': 0.9998971694750618, 'epsilon': 5.3285414479108057e-08, 'hidden_layer_sizes': 97, 'learning_rate_init': 0.07246207545254152, 'tol': 0.008364016334986416, 'validation_fraction': 0.3545965684923733}
observation time 0.000002, current best 0.130067 at iter 5
suggestion time taken 0.004485 iter 6 next_points [{'alpha': 0.004018500657884004, 'batch_size': 248, 'beta_1': 0.5216072162092025, 'beta_2': 0.9969656159201065, 'epsilon': 3.2102249018953206e-09, 'hidden_layer_sizes': 153, 'learning_rate_init': 0.00016227758271536186, 'tol': 0.01258248343014533, 'validation_fraction': 0.5281661568200192}]
function_evaluation time 2.264867 value 0.655908 suggestion {'alpha': 0.004018500657884004, 'batch_size': 248, 'beta_1': 0.5216072162092025, 'beta_2': 0.9969656159201065, 'epsilon': 3.2102249018953206e-09, 'hidden_layer_sizes': 153, 'learning_rate_init': 0.00016227758271536186, 'tol': 0.01258248343014533, 'validation_fraction': 0.5281661568200192}
observation time 0.000002, current best 0.130067 at iter 6
suggestion time taken 0.004521 iter 7 next_points [{'alpha': 1.1123229753679913, 'batch_size': 12, 'beta_1': 0.9867904962739323, 'beta_2': 0.9999874542946697, 'epsilon': 9.822082932395748e-07, 'hidden_layer_sizes': 183, 'learning_rate_init': 0.00013286542751711437, 'tol': 0.00018443998836037824, 'validation_fraction': 0.4448414752125305}]
function_evaluation time 18.961439 value 0.174065 suggestion {'alpha': 1.1123229753679913, 'batch_size': 12, 'beta_1': 0.9867904962739323, 'beta_2': 0.9999874542946697, 'epsilon': 9.822082932395748e-07, 'hidden_layer_sizes': 183, 'learning_rate_init': 0.00013286542751711437, 'tol': 0.00018443998836037824, 'validation_fraction': 0.4448414752125305}
observation time 0.000002, current best 0.130067 at iter 7
suggestion time taken 0.004547 iter 8 next_points [{'alpha': 0.00266587736753148, 'batch_size': 33, 'beta_1': 0.9870763511770072, 'beta_2': 0.9975843058960042, 'epsilon': 2.4914142845503642e-08, 'hidden_layer_sizes': 147, 'learning_rate_init': 3.351861969042402e-05, 'tol': 0.0008238894105927531, 'validation_fraction': 0.6568511907802715}]
/home/ryedida/.local/lib/python3.8/site-packages/sklearn/neural_network/_multilayer_perceptron.py:684: ConvergenceWarning: Stochastic Optimizer: Maximum iterations (200) reached and the optimization hasn't converged yet.
  warnings.warn(

function_evaluation time 15.146164 value 0.274961 suggestion {'alpha': 0.00266587736753148, 'batch_size': 33, 'beta_1': 0.9870763511770072, 'beta_2': 0.9975843058960042, 'epsilon': 2.4914142845503642e-08, 'hidden_layer_sizes': 147, 'learning_rate_init': 3.351861969042402e-05, 'tol': 0.0008238894105927531, 'validation_fraction': 0.6568511907802715}
observation time 0.000009, current best 0.130067 at iter 8
suggestion time taken 0.004796 iter 9 next_points [{'alpha': 0.00021678953145521293, 'batch_size': 48, 'beta_1': 0.9792541222415063, 'beta_2': 0.9999973234949117, 'epsilon': 1.0766267089274328e-07, 'hidden_layer_sizes': 150, 'learning_rate_init': 0.001854224160537495, 'tol': 0.00045969817978595823, 'validation_fraction': 0.5790780268029974}]
function_evaluation time 3.683745 value 0.188123 suggestion {'alpha': 0.00021678953145521293, 'batch_size': 48, 'beta_1': 0.9792541222415063, 'beta_2': 0.9999973234949117, 'epsilon': 1.0766267089274328e-07, 'hidden_layer_sizes': 150, 'learning_rate_init': 0.001854224160537495, 'tol': 0.00045969817978595823, 'validation_fraction': 0.5790780268029974}
observation time 0.000002, current best 0.130067 at iter 9
suggestion time taken 0.004495 iter 10 next_points [{'alpha': 0.1946193101732697, 'batch_size': 166, 'beta_1': 0.7547141600836892, 'beta_2': 0.9994748880180008, 'epsilon': 2.9156949098169342e-09, 'hidden_layer_sizes': 196, 'learning_rate_init': 0.001424232350660656, 'tol': 0.00010045642592401543, 'validation_fraction': 0.6097081056652968}]
function_evaluation time 3.208273 value 0.165573 suggestion {'alpha': 0.1946193101732697, 'batch_size': 166, 'beta_1': 0.7547141600836892, 'beta_2': 0.9994748880180008, 'epsilon': 2.9156949098169342e-09, 'hidden_layer_sizes': 196, 'learning_rate_init': 0.001424232350660656, 'tol': 0.00010045642592401543, 'validation_fraction': 0.6097081056652968}
observation time 0.000001, current best 0.130067 at iter 10
suggestion time taken 0.004514 iter 11 next_points [{'alpha': 0.00024734610099664905, 'batch_size': 78, 'beta_1': 0.9134977680134581, 'beta_2': 0.999991205877506, 'epsilon': 4.6895708533927455e-08, 'hidden_layer_sizes': 153, 'learning_rate_init': 0.0010940589919434336, 'tol': 0.010239084041846357, 'validation_fraction': 0.8369714228705578}]
function_evaluation time 1.012186 value 0.399408 suggestion {'alpha': 0.00024734610099664905, 'batch_size': 78, 'beta_1': 0.9134977680134581, 'beta_2': 0.999991205877506, 'epsilon': 4.6895708533927455e-08, 'hidden_layer_sizes': 153, 'learning_rate_init': 0.0010940589919434336, 'tol': 0.010239084041846357, 'validation_fraction': 0.8369714228705578}
observation time 0.000002, current best 0.130067 at iter 11
suggestion time taken 0.004499 iter 12 next_points [{'alpha': 1.0248885587161363, 'batch_size': 140, 'beta_1': 0.9373022058433981, 'beta_2': 0.9846931393958542, 'epsilon': 4.832988356898691e-09, 'hidden_layer_sizes': 124, 'learning_rate_init': 0.0011678108876170133, 'tol': 0.009662390827695632, 'validation_fraction': 0.8779217876505067}]
function_evaluation time 1.041830 value 0.528031 suggestion {'alpha': 1.0248885587161363, 'batch_size': 140, 'beta_1': 0.9373022058433981, 'beta_2': 0.9846931393958542, 'epsilon': 4.832988356898691e-09, 'hidden_layer_sizes': 124, 'learning_rate_init': 0.0011678108876170133, 'tol': 0.009662390827695632, 'validation_fraction': 0.8779217876505067}
observation time 0.000002, current best 0.130067 at iter 12
suggestion time taken 0.004520 iter 13 next_points [{'alpha': 0.00010456975311898705, 'batch_size': 51, 'beta_1': 0.941351319915985, 'beta_2': 0.9993398264048133, 'epsilon': 2.5292998956444163e-08, 'hidden_layer_sizes': 100, 'learning_rate_init': 8.702430108339317e-05, 'tol': 0.0015679361660343547, 'validation_fraction': 0.4360128130003332}]
function_evaluation time 10.894264 value 0.270228 suggestion {'alpha': 0.00010456975311898705, 'batch_size': 51, 'beta_1': 0.941351319915985, 'beta_2': 0.9993398264048133, 'epsilon': 2.5292998956444163e-08, 'hidden_layer_sizes': 100, 'learning_rate_init': 8.702430108339317e-05, 'tol': 0.0015679361660343547, 'validation_fraction': 0.4360128130003332}
observation time 0.000001, current best 0.130067 at iter 13
suggestion time taken 0.004481 iter 14 next_points [{'alpha': 0.00028140431925820615, 'batch_size': 100, 'beta_1': 0.6364058831338959, 'beta_2': 0.9999988358506829, 'epsilon': 1.5682915571444546e-08, 'hidden_layer_sizes': 53, 'learning_rate_init': 0.00020976006093947894, 'tol': 0.0002741275413432511, 'validation_fraction': 0.15686655978806371}]
function_evaluation time 3.490586 value 0.312040 suggestion {'alpha': 0.00028140431925820615, 'batch_size': 100, 'beta_1': 0.6364058831338959, 'beta_2': 0.9999988358506829, 'epsilon': 1.5682915571444546e-08, 'hidden_layer_sizes': 53, 'learning_rate_init': 0.00020976006093947894, 'tol': 0.0002741275413432511, 'validation_fraction': 0.15686655978806371}
observation time 0.000001, current best 0.130067 at iter 14
saving meta data: {'args': {'--uuid': 'f3e41a65defc59ee8fbc3f5433be975b', '-db-root': '/home/ryedida/smoothness-hpo/bbo_challenge_starter_kit/output', '--opt-root': '/home/ryedida/smoothness-hpo/bbo_challenge_starter_kit/example_submissions', '--data-root': None, '--db': 'run_20240113_114336', '--opt': 'random', '--data': 'digits', '--classifier': 'MLP-adam', '--metric': 'nll', '--calls': 15, '--suggestions': 1, '--jobs-file': None, '--verbose': False, 'dry_run': False, 'rev': 'a376313', 'opt_rev': '0.0.8'}, 'signature': ([{'alpha': 0.019628224813442792, 'batch_size': 182, 'beta_1': 0.9410202200271762, 'beta_2': 0.9998021557676793, 'epsilon': 1.8662266976518e-08, 'hidden_layer_sizes': 147, 'learning_rate_init': 0.0005627932047415167, 'tol': 0.03690557729213761, 'validation_fraction': 0.8846827852548593}, {'alpha': 0.0019982467392329444, 'batch_size': 200, 'beta_1': 0.919111482530466, 'beta_2': 0.9998488260436156, 'epsilon': 5.981221901152555e-07, 'hidden_layer_sizes': 61, 'learning_rate_init': 2.2310905607443014e-05, 'tol': 1.2046852412030316e-05, 'validation_fraction': 0.8117896445826539}, {'alpha': 0.46659545670218433, 'batch_size': 219, 'beta_1': 0.9889789783750891, 'beta_2': 0.9999896868093284, 'epsilon': 2.4234724484675948e-08, 'hidden_layer_sizes': 167, 'learning_rate_init': 2.972334644335654e-05, 'tol': 0.0036281404040243792, 'validation_fraction': 0.17260651658522078}, {'alpha': 4.656005689076002, 'batch_size': 135, 'beta_1': 0.870503881627747, 'beta_2': 0.9948873266941017, 'epsilon': 2.1023308743480125e-07, 'hidden_layer_sizes': 118, 'learning_rate_init': 0.0018781738757161913, 'tol': 1.1889379831773004e-05, 'validation_fraction': 0.6264327093752792}, {'alpha': 0.04705159350400542, 'batch_size': 158, 'beta_1': 0.9870884262730957, 'beta_2': 0.9999596874382349, 'epsilon': 1.1981845126013875e-08, 'hidden_layer_sizes': 116, 'learning_rate_init': 0.00617340520407431, 'tol': 1.741413418158619e-05, 'validation_fraction': 0.6754299026638921}], [4.8709522768835765, 9.712622772033223, 5.950791832993735, 0.19438427080405424, 0.25190216699945595])}
saving results
saving timing
saving suggest log
done
