running: {'--uuid': '2e1722824daf5d819528f19e359b1445', '-db-root': '/home/ryedida/bbo_challenge_starter_kit/output', '--opt-root': '/home/ryedida/bbo_challenge_starter_kit/example_submissions', '--data-root': None, '--db': 'run_20231013_070336', '--opt': 'strongcvx', '--data': 'breast', '--classifier': 'MLP-adam', '--metric': 'acc', '--calls': 45, '--suggestions': 1, '--jobs-file': None, '--verbose': False, 'dry_run': False, 'rev': 'a376313', 'opt_rev': 'x.x.x'}
cmd: python strongcvx/optimizer.py -c MLP-adam -d breast -o strongcvx -u 2e1722824daf5d819528f19e359b1445 -m acc -n 45 -p 1 -dir /home/ryedida/bbo_challenge_starter_kit/output -b run_20231013_070336
/home/ryedida/.local/lib/python3.8/site-packages/sklearn/neural_network/_multilayer_perceptron.py:621: UserWarning: Got `batch_size` less than 1 or larger than sample size. It is going to be clipped
  warnings.warn(

/home/ryedida/.local/lib/python3.8/site-packages/sklearn/neural_network/_multilayer_perceptron.py:621: UserWarning: Got `batch_size` less than 1 or larger than sample size. It is going to be clipped
  warnings.warn(

/home/ryedida/.local/lib/python3.8/site-packages/sklearn/neural_network/_multilayer_perceptron.py:621: UserWarning: Got `batch_size` less than 1 or larger than sample size. It is going to be clipped
  warnings.warn(

computed signature: ([{'alpha': 0.019628224813442792, 'batch_size': 182, 'beta_1': 0.9410202200271762, 'beta_2': 0.9998021557676793, 'epsilon': 1.8662266976518e-08, 'hidden_layer_sizes': 147, 'learning_rate_init': 0.0005627932047415167, 'tol': 0.03690557729213761, 'validation_fraction': 0.8846827852548593}, {'alpha': 0.001998246739232944, 'batch_size': 200, 'beta_1': 0.919111482530466, 'beta_2': 0.9998488260436156, 'epsilon': 5.981221901152555e-07, 'hidden_layer_sizes': 61, 'learning_rate_init': 2.2310905607443014e-05, 'tol': 1.2046852412030316e-05, 'validation_fraction': 0.8117896445826539}, {'alpha': 0.46659545670218433, 'batch_size': 219, 'beta_1': 0.9889789783750891, 'beta_2': 0.9999896868093284, 'epsilon': 2.4234724484675948e-08, 'hidden_layer_sizes': 167, 'learning_rate_init': 2.972334644335654e-05, 'tol': 0.0036281404040243792, 'validation_fraction': 0.17260651658522078}, {'alpha': 4.656005689076002, 'batch_size': 135, 'beta_1': 0.870503881627747, 'beta_2': 0.9948873266941017, 'epsilon': 2.1023308743480125e-07, 'hidden_layer_sizes': 118, 'learning_rate_init': 0.001878173875716191, 'tol': 1.1889379831773006e-05, 'validation_fraction': 0.6264327093752792}, {'alpha': 0.04705159350400542, 'batch_size': 158, 'beta_1': 0.9870884262730957, 'beta_2': 0.9999596874382349, 'epsilon': 1.1981845126013875e-08, 'hidden_layer_sizes': 116, 'learning_rate_init': 0.006173405204074311, 'tol': 1.7414134181586194e-05, 'validation_fraction': 0.6754299026638921}], [-0.676923076923077, -0.567032967032967, -0.545054945054945, -0.7824175824175824, -0.843956043956044])
/home/ryedida/.local/lib/python3.8/site-packages/bayesmark/experiment.py:470: UserWarning: Baselines not found. Will not log intermediate scores.
  warnings.warn("Baselines not found. Will not log intermediate scores.")

starting sklearn study strongcvx MLP-adam breast acc 45 1
with data root: None
suggestion time taken 15.750638 iter 0 next_points [{'alpha': 2.4184998295073474, 'batch_size': 112, 'beta_1': 0.8692569395671078, 'beta_2': 0.9999740622157969, 'epsilon': 1.8131604101011073e-09, 'hidden_layer_sizes': 79, 'learning_rate_init': 0.00018353018257831393, 'tol': 1.2465052839130972e-05, 'validation_fraction': 0.1198723636608031}]
function_evaluation time 0.650721 value -0.531868 suggestion {'alpha': 2.4184998295073474, 'batch_size': 112, 'beta_1': 0.8692569395671078, 'beta_2': 0.9999740622157969, 'epsilon': 1.8131604101011073e-09, 'hidden_layer_sizes': 79, 'learning_rate_init': 0.00018353018257831393, 'tol': 1.2465052839130972e-05, 'validation_fraction': 0.1198723636608031}
observation time 0.000005, current best -0.531868 at iter 0
suggestion time taken 15.811641 iter 1 next_points [{'alpha': 0.0001921102933625331, 'batch_size': 90, 'beta_1': 0.7538916141940738, 'beta_2': 0.9999935254260165, 'epsilon': 3.984648428183196e-09, 'hidden_layer_sizes': 136, 'learning_rate_init': 1.6441567922731846e-05, 'tol': 0.09834341426750239, 'validation_fraction': 0.15840629714306093}]
function_evaluation time 0.504988 value -0.527473 suggestion {'alpha': 0.0001921102933625331, 'batch_size': 90, 'beta_1': 0.7538916141940738, 'beta_2': 0.9999935254260165, 'epsilon': 3.984648428183196e-09, 'hidden_layer_sizes': 136, 'learning_rate_init': 1.6441567922731846e-05, 'tol': 0.09834341426750239, 'validation_fraction': 0.15840629714306093}
observation time 0.000005, current best -0.531868 at iter 1
suggestion time taken 15.263592 iter 2 next_points [{'alpha': 0.15037887752294685, 'batch_size': 225, 'beta_1': 0.7375836899152751, 'beta_2': 0.9873885759128441, 'epsilon': 1.2701720306287983e-08, 'hidden_layer_sizes': 178, 'learning_rate_init': 0.0061545675402172925, 'tol': 0.005802583835145954, 'validation_fraction': 0.16179853393850932}]
function_evaluation time 0.739185 value -0.898901 suggestion {'alpha': 0.15037887752294685, 'batch_size': 225, 'beta_1': 0.7375836899152751, 'beta_2': 0.9873885759128441, 'epsilon': 1.2701720306287983e-08, 'hidden_layer_sizes': 178, 'learning_rate_init': 0.0061545675402172925, 'tol': 0.005802583835145954, 'validation_fraction': 0.16179853393850932}
observation time 0.000005, current best -0.898901 at iter 2
suggestion time taken 15.710900 iter 3 next_points [{'alpha': 0.004863046274102363, 'batch_size': 90, 'beta_1': 0.9791392030892938, 'beta_2': 0.9999820659652296, 'epsilon': 2.8649188162048913e-07, 'hidden_layer_sizes': 183, 'learning_rate_init': 0.0009848068722013075, 'tol': 0.0032579950975049044, 'validation_fraction': 0.1175140462243476}]
function_evaluation time 1.404046 value -0.907692 suggestion {'alpha': 0.004863046274102363, 'batch_size': 90, 'beta_1': 0.9791392030892938, 'beta_2': 0.9999820659652296, 'epsilon': 2.8649188162048913e-07, 'hidden_layer_sizes': 183, 'learning_rate_init': 0.0009848068722013075, 'tol': 0.0032579950975049044, 'validation_fraction': 0.1175140462243476}
observation time 0.000006, current best -0.907692 at iter 3
suggestion time taken 16.052221 iter 4 next_points [{'alpha': 7.464280465907831, 'batch_size': 18, 'beta_1': 0.9626109819308387, 'beta_2': 0.9992998702442912, 'epsilon': 1.020076392524529e-09, 'hidden_layer_sizes': 54, 'learning_rate_init': 0.017770710185854244, 'tol': 0.006928179608131458, 'validation_fraction': 0.2065750517692008}]
function_evaluation time 0.915533 value -0.903297 suggestion {'alpha': 7.464280465907831, 'batch_size': 18, 'beta_1': 0.9626109819308387, 'beta_2': 0.9992998702442912, 'epsilon': 1.020076392524529e-09, 'hidden_layer_sizes': 54, 'learning_rate_init': 0.017770710185854244, 'tol': 0.006928179608131458, 'validation_fraction': 0.2065750517692008}
observation time 0.000004, current best -0.907692 at iter 4
suggestion time taken 15.647195 iter 5 next_points [{'alpha': 0.001813501614829543, 'batch_size': 25, 'beta_1': 0.9222032851157573, 'beta_2': 0.9999504595590101, 'epsilon': 2.4217548816940756e-08, 'hidden_layer_sizes': 162, 'learning_rate_init': 0.05644332036040228, 'tol': 0.001088070751057549, 'validation_fraction': 0.3408629556125075}]
function_evaluation time 2.038403 value -0.912088 suggestion {'alpha': 0.001813501614829543, 'batch_size': 25, 'beta_1': 0.9222032851157573, 'beta_2': 0.9999504595590101, 'epsilon': 2.4217548816940756e-08, 'hidden_layer_sizes': 162, 'learning_rate_init': 0.05644332036040228, 'tol': 0.001088070751057549, 'validation_fraction': 0.3408629556125075}
observation time 0.000005, current best -0.912088 at iter 5
suggestion time taken 16.108282 iter 6 next_points [{'alpha': 0.0006296954920120566, 'batch_size': 226, 'beta_1': 0.9258301484981436, 'beta_2': 0.9999586648576558, 'epsilon': 2.854794548328866e-09, 'hidden_layer_sizes': 143, 'learning_rate_init': 0.0004262963943667964, 'tol': 0.027855694678356337, 'validation_fraction': 0.8406028224124549}]
/home/ryedida/.local/lib/python3.8/site-packages/sklearn/neural_network/_multilayer_perceptron.py:621: UserWarning: Got `batch_size` less than 1 or larger than sample size. It is going to be clipped
  warnings.warn(

function_evaluation time 0.254431 value -0.676923 suggestion {'alpha': 0.0006296954920120566, 'batch_size': 226, 'beta_1': 0.9258301484981436, 'beta_2': 0.9999586648576558, 'epsilon': 2.854794548328866e-09, 'hidden_layer_sizes': 143, 'learning_rate_init': 0.0004262963943667964, 'tol': 0.027855694678356337, 'validation_fraction': 0.8406028224124549}
observation time 0.000005, current best -0.912088 at iter 6
suggestion time taken 15.883782 iter 7 next_points [{'alpha': 6.89675433311204, 'batch_size': 15, 'beta_1': 0.6645949178738924, 'beta_2': 0.999970213079295, 'epsilon': 3.4761004274420264e-07, 'hidden_layer_sizes': 107, 'learning_rate_init': 1.547726704247555e-05, 'tol': 3.531253209490364e-05, 'validation_fraction': 0.5822119151179956}]
function_evaluation time 1.211252 value -0.714286 suggestion {'alpha': 6.89675433311204, 'batch_size': 15, 'beta_1': 0.6645949178738924, 'beta_2': 0.999970213079295, 'epsilon': 3.4761004274420264e-07, 'hidden_layer_sizes': 107, 'learning_rate_init': 1.547726704247555e-05, 'tol': 3.531253209490364e-05, 'validation_fraction': 0.5822119151179956}
observation time 0.000005, current best -0.912088 at iter 7
suggestion time taken 16.317953 iter 8 next_points [{'alpha': 3.5687152085649436, 'batch_size': 227, 'beta_1': 0.7081449554391352, 'beta_2': 0.999897377119676, 'epsilon': 1.2032456514539338e-08, 'hidden_layer_sizes': 58, 'learning_rate_init': 2.7268742930166565e-05, 'tol': 0.0033327785787928606, 'validation_fraction': 0.8125301695264092}]
/home/ryedida/.local/lib/python3.8/site-packages/sklearn/neural_network/_multilayer_perceptron.py:621: UserWarning: Got `batch_size` less than 1 or larger than sample size. It is going to be clipped
  warnings.warn(

function_evaluation time 0.210268 value -0.527473 suggestion {'alpha': 3.5687152085649436, 'batch_size': 227, 'beta_1': 0.7081449554391352, 'beta_2': 0.999897377119676, 'epsilon': 1.2032456514539338e-08, 'hidden_layer_sizes': 58, 'learning_rate_init': 2.7268742930166565e-05, 'tol': 0.0033327785787928606, 'validation_fraction': 0.8125301695264092}
observation time 0.000005, current best -0.912088 at iter 8
suggestion time taken 15.520254 iter 9 next_points [{'alpha': 2.123173392641421, 'batch_size': 75, 'beta_1': 0.9600099543692586, 'beta_2': 0.9994427757850769, 'epsilon': 1.4002086867445084e-08, 'hidden_layer_sizes': 154, 'learning_rate_init': 4.970515152208508e-05, 'tol': 0.008663932139025669, 'validation_fraction': 0.42984845392338233}]
function_evaluation time 0.414511 value -0.527473 suggestion {'alpha': 2.123173392641421, 'batch_size': 75, 'beta_1': 0.9600099543692586, 'beta_2': 0.9994427757850769, 'epsilon': 1.4002086867445084e-08, 'hidden_layer_sizes': 154, 'learning_rate_init': 4.970515152208508e-05, 'tol': 0.008663932139025669, 'validation_fraction': 0.42984845392338233}
observation time 0.000004, current best -0.912088 at iter 9
suggestion time taken 16.044876 iter 10 next_points [{'alpha': 6.630318450028044e-05, 'batch_size': 226, 'beta_1': 0.9360286970766181, 'beta_2': 0.9999921553906166, 'epsilon': 1.9172339213382977e-07, 'hidden_layer_sizes': 149, 'learning_rate_init': 0.00011264257217800225, 'tol': 3.091909325399429e-05, 'validation_fraction': 0.5401743174257487}]
/home/ryedida/.local/lib/python3.8/site-packages/sklearn/neural_network/_multilayer_perceptron.py:621: UserWarning: Got `batch_size` less than 1 or larger than sample size. It is going to be clipped
  warnings.warn(

function_evaluation time 0.294139 value -0.672527 suggestion {'alpha': 6.630318450028044e-05, 'batch_size': 226, 'beta_1': 0.9360286970766181, 'beta_2': 0.9999921553906166, 'epsilon': 1.9172339213382977e-07, 'hidden_layer_sizes': 149, 'learning_rate_init': 0.00011264257217800225, 'tol': 3.091909325399429e-05, 'validation_fraction': 0.5401743174257487}
observation time 0.000006, current best -0.912088 at iter 10
suggestion time taken 15.874115 iter 11 next_points [{'alpha': 1.4304598305864278e-05, 'batch_size': 151, 'beta_1': 0.626056050966134, 'beta_2': 0.9736772036347856, 'epsilon': 8.054901532321682e-09, 'hidden_layer_sizes': 127, 'learning_rate_init': 0.002229779131909948, 'tol': 0.026800824683159894, 'validation_fraction': 0.8157116588637053}]
/home/ryedida/.local/lib/python3.8/site-packages/sklearn/neural_network/_multilayer_perceptron.py:621: UserWarning: Got `batch_size` less than 1 or larger than sample size. It is going to be clipped
  warnings.warn(

function_evaluation time 0.309140 value -0.830769 suggestion {'alpha': 1.4304598305864278e-05, 'batch_size': 151, 'beta_1': 0.626056050966134, 'beta_2': 0.9736772036347856, 'epsilon': 8.054901532321682e-09, 'hidden_layer_sizes': 127, 'learning_rate_init': 0.002229779131909948, 'tol': 0.026800824683159894, 'validation_fraction': 0.8157116588637053}
observation time 0.000005, current best -0.912088 at iter 11
suggestion time taken 15.828517 iter 12 next_points [{'alpha': 2.853465267846498e-05, 'batch_size': 224, 'beta_1': 0.891591356217342, 'beta_2': 0.9041446298149506, 'epsilon': 4.602377800554976e-07, 'hidden_layer_sizes': 131, 'learning_rate_init': 0.0017474809924210531, 'tol': 1.794672634548026e-05, 'validation_fraction': 0.843168846448803}]
/home/ryedida/.local/lib/python3.8/site-packages/sklearn/neural_network/_multilayer_perceptron.py:621: UserWarning: Got `batch_size` less than 1 or larger than sample size. It is going to be clipped
  warnings.warn(

function_evaluation time 0.460351 value -0.800000 suggestion {'alpha': 2.853465267846498e-05, 'batch_size': 224, 'beta_1': 0.891591356217342, 'beta_2': 0.9041446298149506, 'epsilon': 4.602377800554976e-07, 'hidden_layer_sizes': 131, 'learning_rate_init': 0.0017474809924210531, 'tol': 1.794672634548026e-05, 'validation_fraction': 0.843168846448803}
observation time 0.000005, current best -0.912088 at iter 12
suggestion time taken 16.280437 iter 13 next_points [{'alpha': 0.010509414673671443, 'batch_size': 113, 'beta_1': 0.86652413957428, 'beta_2': 0.9496106065507738, 'epsilon': 1.9655934482789112e-08, 'hidden_layer_sizes': 167, 'learning_rate_init': 0.0002867605002399256, 'tol': 0.007592111774536836, 'validation_fraction': 0.10793751002744417}]
function_evaluation time 1.237275 value -0.881319 suggestion {'alpha': 0.010509414673671443, 'batch_size': 113, 'beta_1': 0.86652413957428, 'beta_2': 0.9496106065507738, 'epsilon': 1.9655934482789112e-08, 'hidden_layer_sizes': 167, 'learning_rate_init': 0.0002867605002399256, 'tol': 0.007592111774536836, 'validation_fraction': 0.10793751002744417}
observation time 0.000005, current best -0.912088 at iter 13
suggestion time taken 16.125728 iter 14 next_points [{'alpha': 0.0002199362928705392, 'batch_size': 32, 'beta_1': 0.9897710343169294, 'beta_2': 0.9996028696579677, 'epsilon': 3.563617917536065e-08, 'hidden_layer_sizes': 196, 'learning_rate_init': 0.0002444505358898155, 'tol': 0.00018488590490723037, 'validation_fraction': 0.14955084714190117}]
function_evaluation time 2.134350 value -0.901099 suggestion {'alpha': 0.0002199362928705392, 'batch_size': 32, 'beta_1': 0.9897710343169294, 'beta_2': 0.9996028696579677, 'epsilon': 3.563617917536065e-08, 'hidden_layer_sizes': 196, 'learning_rate_init': 0.0002444505358898155, 'tol': 0.00018488590490723037, 'validation_fraction': 0.14955084714190117}
observation time 0.000005, current best -0.912088 at iter 14
suggestion time taken 16.245827 iter 15 next_points [{'alpha': 2.6522889691313986e-05, 'batch_size': 41, 'beta_1': 0.9753456753400911, 'beta_2': 0.9290121404279416, 'epsilon': 8.93283679952596e-08, 'hidden_layer_sizes': 63, 'learning_rate_init': 0.00034781631782564626, 'tol': 8.875044121969575e-05, 'validation_fraction': 0.669551999392979}]
function_evaluation time 0.649389 value -0.742857 suggestion {'alpha': 2.6522889691313986e-05, 'batch_size': 41, 'beta_1': 0.9753456753400911, 'beta_2': 0.9290121404279416, 'epsilon': 8.93283679952596e-08, 'hidden_layer_sizes': 63, 'learning_rate_init': 0.00034781631782564626, 'tol': 8.875044121969575e-05, 'validation_fraction': 0.669551999392979}
observation time 0.000005, current best -0.912088 at iter 15
suggestion time taken 15.516408 iter 16 next_points [{'alpha': 0.03195643108851199, 'batch_size': 28, 'beta_1': 0.9805156123430727, 'beta_2': 0.9948486606404175, 'epsilon': 9.330284024775295e-09, 'hidden_layer_sizes': 157, 'learning_rate_init': 8.347751192178694e-05, 'tol': 0.00023147482432699928, 'validation_fraction': 0.42316864384161107}]
function_evaluation time 1.940065 value -0.775824 suggestion {'alpha': 0.03195643108851199, 'batch_size': 28, 'beta_1': 0.9805156123430727, 'beta_2': 0.9948486606404175, 'epsilon': 9.330284024775295e-09, 'hidden_layer_sizes': 157, 'learning_rate_init': 8.347751192178694e-05, 'tol': 0.00023147482432699928, 'validation_fraction': 0.42316864384161107}
observation time 0.000004, current best -0.912088 at iter 16
suggestion time taken 16.466798 iter 17 next_points [{'alpha': 0.006262560508276134, 'batch_size': 227, 'beta_1': 0.5651759053985204, 'beta_2': 0.9962656857680237, 'epsilon': 2.4665576557402507e-07, 'hidden_layer_sizes': 66, 'learning_rate_init': 0.00038155296717772615, 'tol': 0.000102239688148251, 'validation_fraction': 0.24769573992292623}]
function_evaluation time 0.472715 value -0.602198 suggestion {'alpha': 0.006262560508276134, 'batch_size': 227, 'beta_1': 0.5651759053985204, 'beta_2': 0.9962656857680237, 'epsilon': 2.4665576557402507e-07, 'hidden_layer_sizes': 66, 'learning_rate_init': 0.00038155296717772615, 'tol': 0.000102239688148251, 'validation_fraction': 0.24769573992292623}
observation time 0.000004, current best -0.912088 at iter 17
suggestion time taken 16.317219 iter 18 next_points [{'alpha': 2.840548112674814e-05, 'batch_size': 12, 'beta_1': 0.5309299751154107, 'beta_2': 0.9998769435713257, 'epsilon': 1.9106117315341906e-08, 'hidden_layer_sizes': 167, 'learning_rate_init': 0.0015433572625257318, 'tol': 0.0007924625253215338, 'validation_fraction': 0.5620510089010629}]
function_evaluation time 2.220762 value -0.916484 suggestion {'alpha': 2.840548112674814e-05, 'batch_size': 12, 'beta_1': 0.5309299751154107, 'beta_2': 0.9998769435713257, 'epsilon': 1.9106117315341906e-08, 'hidden_layer_sizes': 167, 'learning_rate_init': 0.0015433572625257318, 'tol': 0.0007924625253215338, 'validation_fraction': 0.5620510089010629}
observation time 0.000005, current best -0.916484 at iter 18
suggestion time taken 16.101927 iter 19 next_points [{'alpha': 2.2625587654034036, 'batch_size': 225, 'beta_1': 0.9413018540946121, 'beta_2': 0.9995455644966005, 'epsilon': 1.0782298702696004e-09, 'hidden_layer_sizes': 199, 'learning_rate_init': 0.0003867861668363524, 'tol': 0.022026683691738106, 'validation_fraction': 0.3805752607758693}]
function_evaluation time 0.493460 value -0.687912 suggestion {'alpha': 2.2625587654034036, 'batch_size': 225, 'beta_1': 0.9413018540946121, 'beta_2': 0.9995455644966005, 'epsilon': 1.0782298702696004e-09, 'hidden_layer_sizes': 199, 'learning_rate_init': 0.0003867861668363524, 'tol': 0.022026683691738106, 'validation_fraction': 0.3805752607758693}
observation time 0.000004, current best -0.916484 at iter 19
suggestion time taken 16.299166 iter 20 next_points [{'alpha': 0.06276007144688826, 'batch_size': 41, 'beta_1': 0.5544141120602999, 'beta_2': 0.9992937542092243, 'epsilon': 2.790696970726948e-09, 'hidden_layer_sizes': 95, 'learning_rate_init': 0.05820371508579385, 'tol': 0.0005167473896799992, 'validation_fraction': 0.5417150995589225}]
function_evaluation time 0.914095 value -0.892308 suggestion {'alpha': 0.06276007144688826, 'batch_size': 41, 'beta_1': 0.5544141120602999, 'beta_2': 0.9992937542092243, 'epsilon': 2.790696970726948e-09, 'hidden_layer_sizes': 95, 'learning_rate_init': 0.05820371508579385, 'tol': 0.0005167473896799992, 'validation_fraction': 0.5417150995589225}
observation time 0.000006, current best -0.916484 at iter 20
suggestion time taken 16.122085 iter 21 next_points [{'alpha': 0.0006059978636330824, 'batch_size': 225, 'beta_1': 0.7780409688390475, 'beta_2': 0.9999561529649929, 'epsilon': 5.86522913832136e-09, 'hidden_layer_sizes': 78, 'learning_rate_init': 0.0010591238074616413, 'tol': 0.0005059458316276031, 'validation_fraction': 0.5932070523867885}]
/home/ryedida/.local/lib/python3.8/site-packages/sklearn/neural_network/_multilayer_perceptron.py:621: UserWarning: Got `batch_size` less than 1 or larger than sample size. It is going to be clipped
  warnings.warn(

function_evaluation time 0.670102 value -0.892308 suggestion {'alpha': 0.0006059978636330824, 'batch_size': 225, 'beta_1': 0.7780409688390475, 'beta_2': 0.9999561529649929, 'epsilon': 5.86522913832136e-09, 'hidden_layer_sizes': 78, 'learning_rate_init': 0.0010591238074616413, 'tol': 0.0005059458316276031, 'validation_fraction': 0.5932070523867885}
observation time 0.000005, current best -0.916484 at iter 21
suggestion time taken 16.342591 iter 22 next_points [{'alpha': 2.521512649040228, 'batch_size': 223, 'beta_1': 0.8272606687740959, 'beta_2': 0.9999898346331844, 'epsilon': 4.9718593989243674e-08, 'hidden_layer_sizes': 151, 'learning_rate_init': 6.885260180512141e-05, 'tol': 0.004350588158255924, 'validation_fraction': 0.18080659235486318}]
function_evaluation time 0.383369 value -0.417582 suggestion {'alpha': 2.521512649040228, 'batch_size': 223, 'beta_1': 0.8272606687740959, 'beta_2': 0.9999898346331844, 'epsilon': 4.9718593989243674e-08, 'hidden_layer_sizes': 151, 'learning_rate_init': 6.885260180512141e-05, 'tol': 0.004350588158255924, 'validation_fraction': 0.18080659235486318}
observation time 0.000005, current best -0.916484 at iter 22
suggestion time taken 15.642338 iter 23 next_points [{'alpha': 0.18134392439289598, 'batch_size': 221, 'beta_1': 0.5432285452186875, 'beta_2': 0.9999959228192651, 'epsilon': 8.155648135431223e-09, 'hidden_layer_sizes': 80, 'learning_rate_init': 0.009701856706449493, 'tol': 0.001690214180410587, 'validation_fraction': 0.40476722017190936}]
function_evaluation time 0.458703 value -0.901099 suggestion {'alpha': 0.18134392439289598, 'batch_size': 221, 'beta_1': 0.5432285452186875, 'beta_2': 0.9999959228192651, 'epsilon': 8.155648135431223e-09, 'hidden_layer_sizes': 80, 'learning_rate_init': 0.009701856706449493, 'tol': 0.001690214180410587, 'validation_fraction': 0.40476722017190936}
observation time 0.000005, current best -0.916484 at iter 23
suggestion time taken 16.442235 iter 24 next_points [{'alpha': 0.11114623224560168, 'batch_size': 11, 'beta_1': 0.5976168904519351, 'beta_2': 0.9999965512954674, 'epsilon': 1.5817941228680417e-09, 'hidden_layer_sizes': 89, 'learning_rate_init': 1.2129370766124964e-05, 'tol': 0.0811597874953083, 'validation_fraction': 0.10722975348282908}]
function_evaluation time 1.004376 value -0.696703 suggestion {'alpha': 0.11114623224560168, 'batch_size': 11, 'beta_1': 0.5976168904519351, 'beta_2': 0.9999965512954674, 'epsilon': 1.5817941228680417e-09, 'hidden_layer_sizes': 89, 'learning_rate_init': 1.2129370766124964e-05, 'tol': 0.0811597874953083, 'validation_fraction': 0.10722975348282908}
observation time 0.000004, current best -0.916484 at iter 24
suggestion time taken 15.892551 iter 25 next_points [{'alpha': 0.24472694826894165, 'batch_size': 45, 'beta_1': 0.8041452395009512, 'beta_2': 0.9998350605074029, 'epsilon': 1.7662362308366523e-09, 'hidden_layer_sizes': 183, 'learning_rate_init': 0.004302454687957883, 'tol': 0.04671870717486399, 'validation_fraction': 0.1816006485222014}]
function_evaluation time 0.845635 value -0.896703 suggestion {'alpha': 0.24472694826894165, 'batch_size': 45, 'beta_1': 0.8041452395009512, 'beta_2': 0.9998350605074029, 'epsilon': 1.7662362308366523e-09, 'hidden_layer_sizes': 183, 'learning_rate_init': 0.004302454687957883, 'tol': 0.04671870717486399, 'validation_fraction': 0.1816006485222014}
observation time 0.000005, current best -0.916484 at iter 25
suggestion time taken 16.375228 iter 26 next_points [{'alpha': 8.920095010772087, 'batch_size': 90, 'beta_1': 0.9552150389598357, 'beta_2': 0.9959622698629313, 'epsilon': 1.1138098236559943e-09, 'hidden_layer_sizes': 98, 'learning_rate_init': 0.0001481592869384715, 'tol': 0.0003863318931789678, 'validation_fraction': 0.7768888073320264}]
function_evaluation time 0.266460 value -0.452747 suggestion {'alpha': 8.920095010772087, 'batch_size': 90, 'beta_1': 0.9552150389598357, 'beta_2': 0.9959622698629313, 'epsilon': 1.1138098236559943e-09, 'hidden_layer_sizes': 98, 'learning_rate_init': 0.0001481592869384715, 'tol': 0.0003863318931789678, 'validation_fraction': 0.7768888073320264}
observation time 0.000006, current best -0.916484 at iter 26
suggestion time taken 16.047132 iter 27 next_points [{'alpha': 0.0025044986622589573, 'batch_size': 226, 'beta_1': 0.9786517247824585, 'beta_2': 0.9999897382766944, 'epsilon': 5.02748295260421e-07, 'hidden_layer_sizes': 158, 'learning_rate_init': 5.18483509080607e-05, 'tol': 8.01785281850385e-05, 'validation_fraction': 0.6821551863399841}]
/home/ryedida/.local/lib/python3.8/site-packages/sklearn/neural_network/_multilayer_perceptron.py:621: UserWarning: Got `batch_size` less than 1 or larger than sample size. It is going to be clipped
  warnings.warn(

function_evaluation time 0.245439 value -0.527473 suggestion {'alpha': 0.0025044986622589573, 'batch_size': 226, 'beta_1': 0.9786517247824585, 'beta_2': 0.9999897382766944, 'epsilon': 5.02748295260421e-07, 'hidden_layer_sizes': 158, 'learning_rate_init': 5.18483509080607e-05, 'tol': 8.01785281850385e-05, 'validation_fraction': 0.6821551863399841}
observation time 0.000005, current best -0.916484 at iter 27
suggestion time taken 16.181174 iter 28 next_points [{'alpha': 0.04849837105107874, 'batch_size': 64, 'beta_1': 0.8945780684248907, 'beta_2': 0.9894334651711897, 'epsilon': 1.7800385627322055e-07, 'hidden_layer_sizes': 90, 'learning_rate_init': 1.2483868250622597e-05, 'tol': 0.0036287413061484824, 'validation_fraction': 0.7888777602041839}]
function_evaluation time 0.278685 value -0.472527 suggestion {'alpha': 0.04849837105107874, 'batch_size': 64, 'beta_1': 0.8945780684248907, 'beta_2': 0.9894334651711897, 'epsilon': 1.7800385627322055e-07, 'hidden_layer_sizes': 90, 'learning_rate_init': 1.2483868250622597e-05, 'tol': 0.0036287413061484824, 'validation_fraction': 0.7888777602041839}
observation time 0.000004, current best -0.916484 at iter 28
suggestion time taken 15.827151 iter 29 next_points [{'alpha': 0.015528814518181352, 'batch_size': 41, 'beta_1': 0.6498815348094763, 'beta_2': 0.9811127615980908, 'epsilon': 1.433613760182474e-07, 'hidden_layer_sizes': 55, 'learning_rate_init': 0.003520243544367095, 'tol': 0.0006618380342984389, 'validation_fraction': 0.10597148979317986}]
function_evaluation time 0.403961 value -0.894505 suggestion {'alpha': 0.015528814518181352, 'batch_size': 41, 'beta_1': 0.6498815348094763, 'beta_2': 0.9811127615980908, 'epsilon': 1.433613760182474e-07, 'hidden_layer_sizes': 55, 'learning_rate_init': 0.003520243544367095, 'tol': 0.0006618380342984389, 'validation_fraction': 0.10597148979317986}
observation time 0.000003, current best -0.916484 at iter 29
suggestion time taken 16.283720 iter 30 next_points [{'alpha': 2.0354431253297645e-05, 'batch_size': 16, 'beta_1': 0.8514430822498109, 'beta_2': 0.9710262012176858, 'epsilon': 9.550146665028166e-08, 'hidden_layer_sizes': 133, 'learning_rate_init': 0.0012829993372278413, 'tol': 0.0002557018931390712, 'validation_fraction': 0.6560405119727426}]
function_evaluation time 1.559010 value -0.914286 suggestion {'alpha': 2.0354431253297645e-05, 'batch_size': 16, 'beta_1': 0.8514430822498109, 'beta_2': 0.9710262012176858, 'epsilon': 9.550146665028166e-08, 'hidden_layer_sizes': 133, 'learning_rate_init': 0.0012829993372278413, 'tol': 0.0002557018931390712, 'validation_fraction': 0.6560405119727426}
observation time 0.000005, current best -0.916484 at iter 30
suggestion time taken 15.763065 iter 31 next_points [{'alpha': 1.3668920755780463e-05, 'batch_size': 113, 'beta_1': 0.7840982302846874, 'beta_2': 0.9999987640337025, 'epsilon': 5.621984780332554e-08, 'hidden_layer_sizes': 118, 'learning_rate_init': 0.05025734753674955, 'tol': 0.00012315027033376382, 'validation_fraction': 0.8327581128060908}]
/home/ryedida/.local/lib/python3.8/site-packages/sklearn/neural_network/_multilayer_perceptron.py:621: UserWarning: Got `batch_size` less than 1 or larger than sample size. It is going to be clipped
  warnings.warn(

function_evaluation time 0.339956 value -0.841758 suggestion {'alpha': 1.3668920755780463e-05, 'batch_size': 113, 'beta_1': 0.7840982302846874, 'beta_2': 0.9999987640337025, 'epsilon': 5.621984780332554e-08, 'hidden_layer_sizes': 118, 'learning_rate_init': 0.05025734753674955, 'tol': 0.00012315027033376382, 'validation_fraction': 0.8327581128060908}
observation time 0.000004, current best -0.916484 at iter 31
suggestion time taken 16.186714 iter 32 next_points [{'alpha': 1.3949464035587866, 'batch_size': 31, 'beta_1': 0.897880008276306, 'beta_2': 0.9989612882775725, 'epsilon': 5.880757682598471e-07, 'hidden_layer_sizes': 74, 'learning_rate_init': 0.00021115759866164292, 'tol': 0.021400834713111116, 'validation_fraction': 0.34833194108110505}]
function_evaluation time 0.707813 value -0.716484 suggestion {'alpha': 1.3949464035587866, 'batch_size': 31, 'beta_1': 0.897880008276306, 'beta_2': 0.9989612882775725, 'epsilon': 5.880757682598471e-07, 'hidden_layer_sizes': 74, 'learning_rate_init': 0.00021115759866164292, 'tol': 0.021400834713111116, 'validation_fraction': 0.34833194108110505}
observation time 0.000005, current best -0.916484 at iter 32
suggestion time taken 16.246626 iter 33 next_points [{'alpha': 0.005236510357853789, 'batch_size': 50, 'beta_1': 0.9229434863889685, 'beta_2': 0.9999814530280758, 'epsilon': 9.393472586332991e-09, 'hidden_layer_sizes': 150, 'learning_rate_init': 0.0022155545671374254, 'tol': 0.002106443045955445, 'validation_fraction': 0.6677489978853629}]
function_evaluation time 0.961322 value -0.914286 suggestion {'alpha': 0.005236510357853789, 'batch_size': 50, 'beta_1': 0.9229434863889685, 'beta_2': 0.9999814530280758, 'epsilon': 9.393472586332991e-09, 'hidden_layer_sizes': 150, 'learning_rate_init': 0.0022155545671374254, 'tol': 0.002106443045955445, 'validation_fraction': 0.6677489978853629}
observation time 0.000005, current best -0.916484 at iter 33
suggestion time taken 15.831007 iter 34 next_points [{'alpha': 1.725880826614906e-05, 'batch_size': 220, 'beta_1': 0.6997075746141475, 'beta_2': 0.9998932867238688, 'epsilon': 1.3947798838905558e-09, 'hidden_layer_sizes': 76, 'learning_rate_init': 0.0016012812121236639, 'tol': 0.002196106127514002, 'validation_fraction': 0.5803387115095046}]
/home/ryedida/.local/lib/python3.8/site-packages/sklearn/neural_network/_multilayer_perceptron.py:621: UserWarning: Got `batch_size` less than 1 or larger than sample size. It is going to be clipped
  warnings.warn(

function_evaluation time 0.538252 value -0.850549 suggestion {'alpha': 1.725880826614906e-05, 'batch_size': 220, 'beta_1': 0.6997075746141475, 'beta_2': 0.9998932867238688, 'epsilon': 1.3947798838905558e-09, 'hidden_layer_sizes': 76, 'learning_rate_init': 0.0016012812121236639, 'tol': 0.002196106127514002, 'validation_fraction': 0.5803387115095046}
observation time 0.000005, current best -0.916484 at iter 34
suggestion time taken 16.842210 iter 35 next_points [{'alpha': 5.9267476802190435, 'batch_size': 75, 'beta_1': 0.9820931882952881, 'beta_2': 0.9974856481994063, 'epsilon': 5.8148923459511634e-08, 'hidden_layer_sizes': 128, 'learning_rate_init': 0.03762999992471511, 'tol': 5.0215295551446766e-05, 'validation_fraction': 0.5773729440067574}]
function_evaluation time 0.807189 value -0.852747 suggestion {'alpha': 5.9267476802190435, 'batch_size': 75, 'beta_1': 0.9820931882952881, 'beta_2': 0.9974856481994063, 'epsilon': 5.8148923459511634e-08, 'hidden_layer_sizes': 128, 'learning_rate_init': 0.03762999992471511, 'tol': 5.0215295551446766e-05, 'validation_fraction': 0.5773729440067574}
observation time 0.000005, current best -0.916484 at iter 35
suggestion time taken 16.141566 iter 36 next_points [{'alpha': 0.00021017960490609695, 'batch_size': 75, 'beta_1': 0.7252312925952105, 'beta_2': 0.9993259810561637, 'epsilon': 2.539441776735467e-09, 'hidden_layer_sizes': 64, 'learning_rate_init': 0.0008861689978566967, 'tol': 0.00018933570045083547, 'validation_fraction': 0.6517448803440039}]
function_evaluation time 0.382337 value -0.767033 suggestion {'alpha': 0.00021017960490609695, 'batch_size': 75, 'beta_1': 0.7252312925952105, 'beta_2': 0.9993259810561637, 'epsilon': 2.539441776735467e-09, 'hidden_layer_sizes': 64, 'learning_rate_init': 0.0008861689978566967, 'tol': 0.00018933570045083547, 'validation_fraction': 0.6517448803440039}
observation time 0.000005, current best -0.916484 at iter 36
suggestion time taken 16.320360 iter 37 next_points [{'alpha': 0.6233905157790745, 'batch_size': 227, 'beta_1': 0.9835904216859763, 'beta_2': 0.9362910155373567, 'epsilon': 1.342611405213956e-08, 'hidden_layer_sizes': 150, 'learning_rate_init': 4.522574571167458e-05, 'tol': 0.00017428589584929022, 'validation_fraction': 0.7559420434215675}]
/home/ryedida/.local/lib/python3.8/site-packages/sklearn/neural_network/_multilayer_perceptron.py:621: UserWarning: Got `batch_size` less than 1 or larger than sample size. It is going to be clipped
  warnings.warn(

function_evaluation time 0.249581 value -0.523077 suggestion {'alpha': 0.6233905157790745, 'batch_size': 227, 'beta_1': 0.9835904216859763, 'beta_2': 0.9362910155373567, 'epsilon': 1.342611405213956e-08, 'hidden_layer_sizes': 150, 'learning_rate_init': 4.522574571167458e-05, 'tol': 0.00017428589584929022, 'validation_fraction': 0.7559420434215675}
observation time 0.000005, current best -0.916484 at iter 37
suggestion time taken 15.998616 iter 38 next_points [{'alpha': 0.002414605721870725, 'batch_size': 64, 'beta_1': 0.6128532438640254, 'beta_2': 0.9999011020181517, 'epsilon': 2.4829018259351624e-09, 'hidden_layer_sizes': 69, 'learning_rate_init': 0.0047980314825888885, 'tol': 0.015205845132298395, 'validation_fraction': 0.562014370654424}]
function_evaluation time 0.482574 value -0.909890 suggestion {'alpha': 0.002414605721870725, 'batch_size': 64, 'beta_1': 0.6128532438640254, 'beta_2': 0.9999011020181517, 'epsilon': 2.4829018259351624e-09, 'hidden_layer_sizes': 69, 'learning_rate_init': 0.0047980314825888885, 'tol': 0.015205845132298395, 'validation_fraction': 0.562014370654424}
observation time 0.000005, current best -0.916484 at iter 38
suggestion time taken 15.995578 iter 39 next_points [{'alpha': 0.004305949779048907, 'batch_size': 10, 'beta_1': 0.6118409001213779, 'beta_2': 0.9764702905342764, 'epsilon': 4.3274790352356316e-07, 'hidden_layer_sizes': 168, 'learning_rate_init': 6.935706165089581e-05, 'tol': 1.6256828825587326e-05, 'validation_fraction': 0.8742147622340372}]
function_evaluation time 1.464435 value -0.795604 suggestion {'alpha': 0.004305949779048907, 'batch_size': 10, 'beta_1': 0.6118409001213779, 'beta_2': 0.9764702905342764, 'epsilon': 4.3274790352356316e-07, 'hidden_layer_sizes': 168, 'learning_rate_init': 6.935706165089581e-05, 'tol': 1.6256828825587326e-05, 'validation_fraction': 0.8742147622340372}
observation time 0.000005, current best -0.916484 at iter 39
suggestion time taken 16.738622 iter 40 next_points [{'alpha': 0.0020695218208909515, 'batch_size': 45, 'beta_1': 0.8558357892366715, 'beta_2': 0.9999534521193045, 'epsilon': 2.6704628218750044e-08, 'hidden_layer_sizes': 65, 'learning_rate_init': 0.0014546312661419922, 'tol': 0.06846338025804602, 'validation_fraction': 0.19831380480628377}]
function_evaluation time 0.359579 value -0.901099 suggestion {'alpha': 0.0020695218208909515, 'batch_size': 45, 'beta_1': 0.8558357892366715, 'beta_2': 0.9999534521193045, 'epsilon': 2.6704628218750044e-08, 'hidden_layer_sizes': 65, 'learning_rate_init': 0.0014546312661419922, 'tol': 0.06846338025804602, 'validation_fraction': 0.19831380480628377}
observation time 0.000003, current best -0.916484 at iter 40
suggestion time taken 15.720475 iter 41 next_points [{'alpha': 0.0038106646082230904, 'batch_size': 227, 'beta_1': 0.9693523964059394, 'beta_2': 0.996758877198532, 'epsilon': 1.581361612045704e-07, 'hidden_layer_sizes': 131, 'learning_rate_init': 1.421211360068181e-05, 'tol': 1.1528815378646353e-05, 'validation_fraction': 0.8980835592958454}]
/home/ryedida/.local/lib/python3.8/site-packages/sklearn/neural_network/_multilayer_perceptron.py:621: UserWarning: Got `batch_size` less than 1 or larger than sample size. It is going to be clipped
  warnings.warn(

function_evaluation time 0.449957 value -0.571429 suggestion {'alpha': 0.0038106646082230904, 'batch_size': 227, 'beta_1': 0.9693523964059394, 'beta_2': 0.996758877198532, 'epsilon': 1.581361612045704e-07, 'hidden_layer_sizes': 131, 'learning_rate_init': 1.421211360068181e-05, 'tol': 1.1528815378646353e-05, 'validation_fraction': 0.8980835592958454}
observation time 0.000005, current best -0.916484 at iter 41
suggestion time taken 16.813488 iter 42 next_points [{'alpha': 0.00018181582274434964, 'batch_size': 15, 'beta_1': 0.6669320121645905, 'beta_2': 0.9554349450433742, 'epsilon': 1.2475802858064116e-09, 'hidden_layer_sizes': 78, 'learning_rate_init': 2.409208776160921e-05, 'tol': 0.0007018737516287929, 'validation_fraction': 0.30843987097780184}]
function_evaluation time 2.022422 value -0.800000 suggestion {'alpha': 0.00018181582274434964, 'batch_size': 15, 'beta_1': 0.6669320121645905, 'beta_2': 0.9554349450433742, 'epsilon': 1.2475802858064116e-09, 'hidden_layer_sizes': 78, 'learning_rate_init': 2.409208776160921e-05, 'tol': 0.0007018737516287929, 'validation_fraction': 0.30843987097780184}
observation time 0.000005, current best -0.916484 at iter 42
suggestion time taken 16.108495 iter 43 next_points [{'alpha': 6.460298716860352e-05, 'batch_size': 151, 'beta_1': 0.6584241763251953, 'beta_2': 0.9605374414442356, 'epsilon': 6.250166269293962e-09, 'hidden_layer_sizes': 190, 'learning_rate_init': 6.107644123529968e-05, 'tol': 0.00785857089521502, 'validation_fraction': 0.3182851026749974}]
function_evaluation time 0.497892 value -0.520879 suggestion {'alpha': 6.460298716860352e-05, 'batch_size': 151, 'beta_1': 0.6584241763251953, 'beta_2': 0.9605374414442356, 'epsilon': 6.250166269293962e-09, 'hidden_layer_sizes': 190, 'learning_rate_init': 6.107644123529968e-05, 'tol': 0.00785857089521502, 'validation_fraction': 0.3182851026749974}
observation time 0.000005, current best -0.916484 at iter 43
suggestion time taken 15.832049 iter 44 next_points [{'alpha': 0.26827372459987203, 'batch_size': 18, 'beta_1': 0.9709309673063311, 'beta_2': 0.9997747054017214, 'epsilon': 3.720969120495206e-08, 'hidden_layer_sizes': 59, 'learning_rate_init': 5.885454656789481e-05, 'tol': 0.04228552989143194, 'validation_fraction': 0.3423920669518619}]
function_evaluation time 0.529979 value -0.591209 suggestion {'alpha': 0.26827372459987203, 'batch_size': 18, 'beta_1': 0.9709309673063311, 'beta_2': 0.9997747054017214, 'epsilon': 3.720969120495206e-08, 'hidden_layer_sizes': 59, 'learning_rate_init': 5.885454656789481e-05, 'tol': 0.04228552989143194, 'validation_fraction': 0.3423920669518619}
observation time 0.000005, current best -0.916484 at iter 44
saving meta data: {'args': {'--uuid': '2e1722824daf5d819528f19e359b1445', '-db-root': '/home/ryedida/bbo_challenge_starter_kit/output', '--opt-root': '/home/ryedida/bbo_challenge_starter_kit/example_submissions', '--data-root': None, '--db': 'run_20231013_070336', '--opt': 'strongcvx', '--data': 'breast', '--classifier': 'MLP-adam', '--metric': 'acc', '--calls': 45, '--suggestions': 1, '--jobs-file': None, '--verbose': False, 'dry_run': False, 'rev': 'a376313', 'opt_rev': 'x.x.x'}, 'signature': ([{'alpha': 0.019628224813442792, 'batch_size': 182, 'beta_1': 0.9410202200271762, 'beta_2': 0.9998021557676793, 'epsilon': 1.8662266976518e-08, 'hidden_layer_sizes': 147, 'learning_rate_init': 0.0005627932047415167, 'tol': 0.03690557729213761, 'validation_fraction': 0.8846827852548593}, {'alpha': 0.001998246739232944, 'batch_size': 200, 'beta_1': 0.919111482530466, 'beta_2': 0.9998488260436156, 'epsilon': 5.981221901152555e-07, 'hidden_layer_sizes': 61, 'learning_rate_init': 2.2310905607443014e-05, 'tol': 1.2046852412030316e-05, 'validation_fraction': 0.8117896445826539}, {'alpha': 0.46659545670218433, 'batch_size': 219, 'beta_1': 0.9889789783750891, 'beta_2': 0.9999896868093284, 'epsilon': 2.4234724484675948e-08, 'hidden_layer_sizes': 167, 'learning_rate_init': 2.972334644335654e-05, 'tol': 0.0036281404040243792, 'validation_fraction': 0.17260651658522078}, {'alpha': 4.656005689076002, 'batch_size': 135, 'beta_1': 0.870503881627747, 'beta_2': 0.9948873266941017, 'epsilon': 2.1023308743480125e-07, 'hidden_layer_sizes': 118, 'learning_rate_init': 0.001878173875716191, 'tol': 1.1889379831773006e-05, 'validation_fraction': 0.6264327093752792}, {'alpha': 0.04705159350400542, 'batch_size': 158, 'beta_1': 0.9870884262730957, 'beta_2': 0.9999596874382349, 'epsilon': 1.1981845126013875e-08, 'hidden_layer_sizes': 116, 'learning_rate_init': 0.006173405204074311, 'tol': 1.7414134181586194e-05, 'validation_fraction': 0.6754299026638921}], [-0.676923076923077, -0.567032967032967, -0.545054945054945, -0.7824175824175824, -0.843956043956044])}
saving results
saving timing
saving suggest log
done
