running: {'--uuid': '34dc0f2f74025da881f124b7f71f8cd0', '-db-root': '/home/ryedida/bbo_challenge_starter_kit/output', '--opt-root': '/home/ryedida/bbo_challenge_starter_kit/example_submissions', '--data-root': None, '--db': 'run_20231013_070336', '--opt': 'random', '--data': 'breast', '--classifier': 'MLP-adam', '--metric': 'nll', '--calls': 45, '--suggestions': 1, '--jobs-file': None, '--verbose': False, 'dry_run': False, 'rev': 'a376313', 'opt_rev': '0.0.8'}
cmd: python /home/ryedida/.local/bin/bayesmark-exp -c MLP-adam -d breast -o random -u 34dc0f2f74025da881f124b7f71f8cd0 -m nll -n 45 -p 1 -dir /home/ryedida/bbo_challenge_starter_kit/output -b run_20231013_070336
/home/ryedida/.local/lib/python3.8/site-packages/sklearn/neural_network/_multilayer_perceptron.py:621: UserWarning: Got `batch_size` less than 1 or larger than sample size. It is going to be clipped
  warnings.warn(

/home/ryedida/.local/lib/python3.8/site-packages/sklearn/neural_network/_multilayer_perceptron.py:621: UserWarning: Got `batch_size` less than 1 or larger than sample size. It is going to be clipped
  warnings.warn(

/home/ryedida/.local/lib/python3.8/site-packages/sklearn/neural_network/_multilayer_perceptron.py:621: UserWarning: Got `batch_size` less than 1 or larger than sample size. It is going to be clipped
  warnings.warn(

computed signature: ([{'alpha': 0.019628224813442792, 'batch_size': 182, 'beta_1': 0.9410202200271762, 'beta_2': 0.9998021557676793, 'epsilon': 1.8662266976518e-08, 'hidden_layer_sizes': 147, 'learning_rate_init': 0.0005627932047415167, 'tol': 0.03690557729213761, 'validation_fraction': 0.8846827852548593}, {'alpha': 0.001998246739232944, 'batch_size': 200, 'beta_1': 0.919111482530466, 'beta_2': 0.9998488260436156, 'epsilon': 5.981221901152555e-07, 'hidden_layer_sizes': 61, 'learning_rate_init': 2.2310905607443014e-05, 'tol': 1.2046852412030316e-05, 'validation_fraction': 0.8117896445826539}, {'alpha': 0.46659545670218433, 'batch_size': 219, 'beta_1': 0.9889789783750891, 'beta_2': 0.9999896868093284, 'epsilon': 2.4234724484675948e-08, 'hidden_layer_sizes': 167, 'learning_rate_init': 2.972334644335654e-05, 'tol': 0.0036281404040243792, 'validation_fraction': 0.17260651658522078}, {'alpha': 4.656005689076002, 'batch_size': 135, 'beta_1': 0.870503881627747, 'beta_2': 0.9948873266941017, 'epsilon': 2.1023308743480125e-07, 'hidden_layer_sizes': 118, 'learning_rate_init': 0.001878173875716191, 'tol': 1.1889379831773006e-05, 'validation_fraction': 0.6264327093752792}, {'alpha': 0.04705159350400542, 'batch_size': 158, 'beta_1': 0.9870884262730957, 'beta_2': 0.9999596874382349, 'epsilon': 1.1981845126013875e-08, 'hidden_layer_sizes': 116, 'learning_rate_init': 0.006173405204074311, 'tol': 1.7414134181586194e-05, 'validation_fraction': 0.6754299026638921}], [7.80364911041716, 14.04577697134529, 11.882715334689305, 5.083775239316363, 3.3813441495654772])
/home/ryedida/.local/lib/python3.8/site-packages/bayesmark/experiment.py:470: UserWarning: Baselines not found. Will not log intermediate scores.
  warnings.warn("Baselines not found. Will not log intermediate scores.")

starting sklearn study random MLP-adam breast nll 45 1
with data root: None
suggestion time taken 0.009644 iter 0 next_points [{'alpha': 0.0007698337161748562, 'batch_size': 71, 'beta_1': 0.8604198554832564, 'beta_2': 0.9999854894243506, 'epsilon': 4.3080590650922726e-08, 'hidden_layer_sizes': 149, 'learning_rate_init': 0.00027716114095476695, 'tol': 9.437364250485521e-05, 'validation_fraction': 0.4320826674220875}]
function_evaluation time 0.993427 value 0.503432 suggestion {'alpha': 0.0007698337161748562, 'batch_size': 71, 'beta_1': 0.8604198554832564, 'beta_2': 0.9999854894243506, 'epsilon': 4.3080590650922726e-08, 'hidden_layer_sizes': 149, 'learning_rate_init': 0.00027716114095476695, 'tol': 9.437364250485521e-05, 'validation_fraction': 0.4320826674220875}
observation time 0.000004, current best 0.503432 at iter 0
suggestion time taken 0.009722 iter 1 next_points [{'alpha': 7.131792881725153, 'batch_size': 128, 'beta_1': 0.6529241592545223, 'beta_2': 0.9999947081626727, 'epsilon': 3.793779030993792e-09, 'hidden_layer_sizes': 167, 'learning_rate_init': 1.1311348004055627e-05, 'tol': 0.0002880743465350988, 'validation_fraction': 0.48689972010607163}]
function_evaluation time 0.396531 value 9.941173 suggestion {'alpha': 7.131792881725153, 'batch_size': 128, 'beta_1': 0.6529241592545223, 'beta_2': 0.9999947081626727, 'epsilon': 3.793779030993792e-09, 'hidden_layer_sizes': 167, 'learning_rate_init': 1.1311348004055627e-05, 'tol': 0.0002880743465350988, 'validation_fraction': 0.48689972010607163}
observation time 0.000005, current best 0.503432 at iter 1
suggestion time taken 0.011274 iter 2 next_points [{'alpha': 2.4419874736584305e-05, 'batch_size': 206, 'beta_1': 0.9896284066753449, 'beta_2': 0.9988817873183053, 'epsilon': 2.808560573003579e-09, 'hidden_layer_sizes': 128, 'learning_rate_init': 0.00015792789541862622, 'tol': 0.0014979656695057136, 'validation_fraction': 0.3251733544876994}]
function_evaluation time 0.627551 value 10.803007 suggestion {'alpha': 2.4419874736584305e-05, 'batch_size': 206, 'beta_1': 0.9896284066753449, 'beta_2': 0.9988817873183053, 'epsilon': 2.808560573003579e-09, 'hidden_layer_sizes': 128, 'learning_rate_init': 0.00015792789541862622, 'tol': 0.0014979656695057136, 'validation_fraction': 0.3251733544876994}
observation time 0.000004, current best 0.503432 at iter 2
suggestion time taken 0.010385 iter 3 next_points [{'alpha': 0.0004255686667971629, 'batch_size': 19, 'beta_1': 0.6318283584827292, 'beta_2': 0.9998606408012931, 'epsilon': 5.514784829955102e-09, 'hidden_layer_sizes': 144, 'learning_rate_init': 1.7485412850402187e-05, 'tol': 3.351069655080258e-05, 'validation_fraction': 0.4927955284376622}]
function_evaluation time 0.962655 value 17.954858 suggestion {'alpha': 0.0004255686667971629, 'batch_size': 19, 'beta_1': 0.6318283584827292, 'beta_2': 0.9998606408012931, 'epsilon': 5.514784829955102e-09, 'hidden_layer_sizes': 144, 'learning_rate_init': 1.7485412850402187e-05, 'tol': 3.351069655080258e-05, 'validation_fraction': 0.4927955284376622}
observation time 0.000009, current best 0.503432 at iter 3
suggestion time taken 0.012032 iter 4 next_points [{'alpha': 0.205942373511171, 'batch_size': 88, 'beta_1': 0.8223889113443122, 'beta_2': 0.9994888524125821, 'epsilon': 8.748317871028276e-07, 'hidden_layer_sizes': 55, 'learning_rate_init': 0.0005349128630053699, 'tol': 0.0011026127162183433, 'validation_fraction': 0.35750305272719995}]
function_evaluation time 0.887562 value 6.310363 suggestion {'alpha': 0.205942373511171, 'batch_size': 88, 'beta_1': 0.8223889113443122, 'beta_2': 0.9994888524125821, 'epsilon': 8.748317871028276e-07, 'hidden_layer_sizes': 55, 'learning_rate_init': 0.0005349128630053699, 'tol': 0.0011026127162183433, 'validation_fraction': 0.35750305272719995}
observation time 0.000004, current best 0.503432 at iter 4
suggestion time taken 0.010580 iter 5 next_points [{'alpha': 0.15014131183749893, 'batch_size': 182, 'beta_1': 0.9541893416983404, 'beta_2': 0.9999984981624104, 'epsilon': 4.9845169752807975e-08, 'hidden_layer_sizes': 99, 'learning_rate_init': 0.006767269115708887, 'tol': 0.00019627041271872388, 'validation_fraction': 0.8878131689734198}]
/home/ryedida/.local/lib/python3.8/site-packages/sklearn/neural_network/_multilayer_perceptron.py:621: UserWarning: Got `batch_size` less than 1 or larger than sample size. It is going to be clipped
  warnings.warn(

function_evaluation time 0.450339 value 0.411614 suggestion {'alpha': 0.15014131183749893, 'batch_size': 182, 'beta_1': 0.9541893416983404, 'beta_2': 0.9999984981624104, 'epsilon': 4.9845169752807975e-08, 'hidden_layer_sizes': 99, 'learning_rate_init': 0.006767269115708887, 'tol': 0.00019627041271872388, 'validation_fraction': 0.8878131689734198}
observation time 0.000004, current best 0.411614 at iter 5
suggestion time taken 0.009435 iter 6 next_points [{'alpha': 3.584655875047128, 'batch_size': 74, 'beta_1': 0.6814373736381579, 'beta_2': 0.9999976821423177, 'epsilon': 1.0418492801830937e-09, 'hidden_layer_sizes': 156, 'learning_rate_init': 6.037234101778603e-05, 'tol': 2.1580358365909698e-05, 'validation_fraction': 0.8348827238199065}]
function_evaluation time 0.274829 value 17.952292 suggestion {'alpha': 3.584655875047128, 'batch_size': 74, 'beta_1': 0.6814373736381579, 'beta_2': 0.9999976821423177, 'epsilon': 1.0418492801830937e-09, 'hidden_layer_sizes': 156, 'learning_rate_init': 6.037234101778603e-05, 'tol': 2.1580358365909698e-05, 'validation_fraction': 0.8348827238199065}
observation time 0.000004, current best 0.411614 at iter 6
suggestion time taken 0.011630 iter 7 next_points [{'alpha': 1.864780136983986, 'batch_size': 202, 'beta_1': 0.68037482051094, 'beta_2': 0.9895300561594801, 'epsilon': 1.613140086973205e-07, 'hidden_layer_sizes': 190, 'learning_rate_init': 0.00012552289637031178, 'tol': 0.00015210202829718303, 'validation_fraction': 0.3161270554679325}]
function_evaluation time 0.842323 value 12.422229 suggestion {'alpha': 1.864780136983986, 'batch_size': 202, 'beta_1': 0.68037482051094, 'beta_2': 0.9895300561594801, 'epsilon': 1.613140086973205e-07, 'hidden_layer_sizes': 190, 'learning_rate_init': 0.00012552289637031178, 'tol': 0.00015210202829718303, 'validation_fraction': 0.3161270554679325}
observation time 0.000004, current best 0.411614 at iter 7
suggestion time taken 0.009489 iter 8 next_points [{'alpha': 2.6271934994398043, 'batch_size': 197, 'beta_1': 0.8821479612335432, 'beta_2': 0.9676962500266345, 'epsilon': 6.279356196239623e-07, 'hidden_layer_sizes': 57, 'learning_rate_init': 0.0929400631788277, 'tol': 0.033783907675692594, 'validation_fraction': 0.20275567018510668}]
function_evaluation time 0.609091 value 0.592930 suggestion {'alpha': 2.6271934994398043, 'batch_size': 197, 'beta_1': 0.8821479612335432, 'beta_2': 0.9676962500266345, 'epsilon': 6.279356196239623e-07, 'hidden_layer_sizes': 57, 'learning_rate_init': 0.0929400631788277, 'tol': 0.033783907675692594, 'validation_fraction': 0.20275567018510668}
observation time 0.000005, current best 0.411614 at iter 8
suggestion time taken 0.010923 iter 9 next_points [{'alpha': 0.00015179841715737532, 'batch_size': 68, 'beta_1': 0.6807365004112748, 'beta_2': 0.9999988899978156, 'epsilon': 5.998194987763864e-08, 'hidden_layer_sizes': 66, 'learning_rate_init': 0.00022059213703019782, 'tol': 0.0020384141658251224, 'validation_fraction': 0.19303292712098755}]
function_evaluation time 0.614625 value 3.174408 suggestion {'alpha': 0.00015179841715737532, 'batch_size': 68, 'beta_1': 0.6807365004112748, 'beta_2': 0.9999988899978156, 'epsilon': 5.998194987763864e-08, 'hidden_layer_sizes': 66, 'learning_rate_init': 0.00022059213703019782, 'tol': 0.0020384141658251224, 'validation_fraction': 0.19303292712098755}
observation time 0.000002, current best 0.411614 at iter 9
suggestion time taken 0.004137 iter 10 next_points [{'alpha': 1.296458734697466e-05, 'batch_size': 83, 'beta_1': 0.8692017727771078, 'beta_2': 0.9190724090258846, 'epsilon': 6.498728518807566e-07, 'hidden_layer_sizes': 114, 'learning_rate_init': 0.015970109941949348, 'tol': 0.020075655206510723, 'validation_fraction': 0.5541041332135014}]
function_evaluation time 0.559202 value 0.919923 suggestion {'alpha': 1.296458734697466e-05, 'batch_size': 83, 'beta_1': 0.8692017727771078, 'beta_2': 0.9190724090258846, 'epsilon': 6.498728518807566e-07, 'hidden_layer_sizes': 114, 'learning_rate_init': 0.015970109941949348, 'tol': 0.020075655206510723, 'validation_fraction': 0.5541041332135014}
observation time 0.000008, current best 0.411614 at iter 10
suggestion time taken 0.011114 iter 11 next_points [{'alpha': 0.06986842288324381, 'batch_size': 177, 'beta_1': 0.7924438580280825, 'beta_2': 0.9997364461877237, 'epsilon': 4.677219219328549e-09, 'hidden_layer_sizes': 59, 'learning_rate_init': 0.0004797196749410617, 'tol': 5.463987822472233e-05, 'validation_fraction': 0.8542746247977325}]
/home/ryedida/.local/lib/python3.8/site-packages/sklearn/neural_network/_multilayer_perceptron.py:621: UserWarning: Got `batch_size` less than 1 or larger than sample size. It is going to be clipped
  warnings.warn(

function_evaluation time 0.229483 value 21.989805 suggestion {'alpha': 0.06986842288324381, 'batch_size': 177, 'beta_1': 0.7924438580280825, 'beta_2': 0.9997364461877237, 'epsilon': 4.677219219328549e-09, 'hidden_layer_sizes': 59, 'learning_rate_init': 0.0004797196749410617, 'tol': 5.463987822472233e-05, 'validation_fraction': 0.8542746247977325}
observation time 0.000004, current best 0.411614 at iter 11
suggestion time taken 0.009708 iter 12 next_points [{'alpha': 0.011959106389627484, 'batch_size': 238, 'beta_1': 0.9884323705317999, 'beta_2': 0.9999156609146488, 'epsilon': 3.282203222721543e-07, 'hidden_layer_sizes': 54, 'learning_rate_init': 8.715847318267835e-05, 'tol': 0.04698608266860405, 'validation_fraction': 0.26474834794568813}]
function_evaluation time 0.312895 value 18.138572 suggestion {'alpha': 0.011959106389627484, 'batch_size': 238, 'beta_1': 0.9884323705317999, 'beta_2': 0.9999156609146488, 'epsilon': 3.282203222721543e-07, 'hidden_layer_sizes': 54, 'learning_rate_init': 8.715847318267835e-05, 'tol': 0.04698608266860405, 'validation_fraction': 0.26474834794568813}
observation time 0.000006, current best 0.411614 at iter 12
suggestion time taken 0.011706 iter 13 next_points [{'alpha': 0.405563046018439, 'batch_size': 235, 'beta_1': 0.972192598006861, 'beta_2': 0.9997295280588406, 'epsilon': 1.4269014006611944e-07, 'hidden_layer_sizes': 111, 'learning_rate_init': 0.08470668985254894, 'tol': 0.00042106378919327123, 'validation_fraction': 0.8910898314529453}]
/home/ryedida/.local/lib/python3.8/site-packages/sklearn/neural_network/_multilayer_perceptron.py:621: UserWarning: Got `batch_size` less than 1 or larger than sample size. It is going to be clipped
  warnings.warn(

function_evaluation time 0.688260 value 0.859505 suggestion {'alpha': 0.405563046018439, 'batch_size': 235, 'beta_1': 0.972192598006861, 'beta_2': 0.9997295280588406, 'epsilon': 1.4269014006611944e-07, 'hidden_layer_sizes': 111, 'learning_rate_init': 0.08470668985254894, 'tol': 0.00042106378919327123, 'validation_fraction': 0.8910898314529453}
observation time 0.000004, current best 0.411614 at iter 13
suggestion time taken 0.010570 iter 14 next_points [{'alpha': 4.01268600158162e-05, 'batch_size': 15, 'beta_1': 0.6917041641816987, 'beta_2': 0.9953462773850613, 'epsilon': 4.871741525530197e-09, 'hidden_layer_sizes': 131, 'learning_rate_init': 8.499989809054197e-05, 'tol': 0.024150489362310623, 'validation_fraction': 0.7994125897549073}]
function_evaluation time 0.770548 value 9.397439 suggestion {'alpha': 4.01268600158162e-05, 'batch_size': 15, 'beta_1': 0.6917041641816987, 'beta_2': 0.9953462773850613, 'epsilon': 4.871741525530197e-09, 'hidden_layer_sizes': 131, 'learning_rate_init': 8.499989809054197e-05, 'tol': 0.024150489362310623, 'validation_fraction': 0.7994125897549073}
observation time 0.000005, current best 0.411614 at iter 14
suggestion time taken 0.011207 iter 15 next_points [{'alpha': 0.00014355281874284573, 'batch_size': 187, 'beta_1': 0.7584284817163935, 'beta_2': 0.9089778139438204, 'epsilon': 6.4526941457523565e-09, 'hidden_layer_sizes': 124, 'learning_rate_init': 0.02353997560582986, 'tol': 0.011600951950824325, 'validation_fraction': 0.8507869214882071}]
/home/ryedida/.local/lib/python3.8/site-packages/sklearn/neural_network/_multilayer_perceptron.py:621: UserWarning: Got `batch_size` less than 1 or larger than sample size. It is going to be clipped
  warnings.warn(

function_evaluation time 0.430284 value 0.718196 suggestion {'alpha': 0.00014355281874284573, 'batch_size': 187, 'beta_1': 0.7584284817163935, 'beta_2': 0.9089778139438204, 'epsilon': 6.4526941457523565e-09, 'hidden_layer_sizes': 124, 'learning_rate_init': 0.02353997560582986, 'tol': 0.011600951950824325, 'validation_fraction': 0.8507869214882071}
observation time 0.000003, current best 0.411614 at iter 15
suggestion time taken 0.009598 iter 16 next_points [{'alpha': 0.00010668599844680815, 'batch_size': 101, 'beta_1': 0.856521400345702, 'beta_2': 0.9999932310248969, 'epsilon': 1.6974388660008917e-09, 'hidden_layer_sizes': 106, 'learning_rate_init': 0.030846798693455645, 'tol': 0.06626874103810533, 'validation_fraction': 0.8448876625917909}]
/home/ryedida/.local/lib/python3.8/site-packages/sklearn/neural_network/_multilayer_perceptron.py:621: UserWarning: Got `batch_size` less than 1 or larger than sample size. It is going to be clipped
  warnings.warn(

function_evaluation time 0.299362 value 6.258825 suggestion {'alpha': 0.00010668599844680815, 'batch_size': 101, 'beta_1': 0.856521400345702, 'beta_2': 0.9999932310248969, 'epsilon': 1.6974388660008917e-09, 'hidden_layer_sizes': 106, 'learning_rate_init': 0.030846798693455645, 'tol': 0.06626874103810533, 'validation_fraction': 0.8448876625917909}
observation time 0.000004, current best 0.411614 at iter 16
suggestion time taken 0.011663 iter 17 next_points [{'alpha': 2.393160391416704, 'batch_size': 27, 'beta_1': 0.9862440669394337, 'beta_2': 0.9320200629956513, 'epsilon': 4.6291009394245473e-07, 'hidden_layer_sizes': 179, 'learning_rate_init': 0.0004221880210124487, 'tol': 0.00040454264746360896, 'validation_fraction': 0.5332765932590601}]
function_evaluation time 2.072367 value 0.516473 suggestion {'alpha': 2.393160391416704, 'batch_size': 27, 'beta_1': 0.9862440669394337, 'beta_2': 0.9320200629956513, 'epsilon': 4.6291009394245473e-07, 'hidden_layer_sizes': 179, 'learning_rate_init': 0.0004221880210124487, 'tol': 0.00040454264746360896, 'validation_fraction': 0.5332765932590601}
observation time 0.000003, current best 0.411614 at iter 17
suggestion time taken 0.010028 iter 18 next_points [{'alpha': 0.002386892303190448, 'batch_size': 51, 'beta_1': 0.8094169779545792, 'beta_2': 0.9999988509205743, 'epsilon': 2.4967759387508456e-07, 'hidden_layer_sizes': 128, 'learning_rate_init': 0.06497112577604057, 'tol': 2.7396326901113184e-05, 'validation_fraction': 0.6371556140959898}]
function_evaluation time 0.785755 value 0.346785 suggestion {'alpha': 0.002386892303190448, 'batch_size': 51, 'beta_1': 0.8094169779545792, 'beta_2': 0.9999988509205743, 'epsilon': 2.4967759387508456e-07, 'hidden_layer_sizes': 128, 'learning_rate_init': 0.06497112577604057, 'tol': 2.7396326901113184e-05, 'validation_fraction': 0.6371556140959898}
observation time 0.000011, current best 0.346785 at iter 18
suggestion time taken 0.011869 iter 19 next_points [{'alpha': 0.06889516089369413, 'batch_size': 195, 'beta_1': 0.9640708448824539, 'beta_2': 0.9955212841315622, 'epsilon': 7.523711522464749e-09, 'hidden_layer_sizes': 182, 'learning_rate_init': 0.04575523612963197, 'tol': 0.0012015765389112182, 'validation_fraction': 0.8514436571028061}]
/home/ryedida/.local/lib/python3.8/site-packages/sklearn/neural_network/_multilayer_perceptron.py:621: UserWarning: Got `batch_size` less than 1 or larger than sample size. It is going to be clipped
  warnings.warn(

function_evaluation time 0.541103 value 6.132015 suggestion {'alpha': 0.06889516089369413, 'batch_size': 195, 'beta_1': 0.9640708448824539, 'beta_2': 0.9955212841315622, 'epsilon': 7.523711522464749e-09, 'hidden_layer_sizes': 182, 'learning_rate_init': 0.04575523612963197, 'tol': 0.0012015765389112182, 'validation_fraction': 0.8514436571028061}
observation time 0.000003, current best 0.346785 at iter 19
suggestion time taken 0.011108 iter 20 next_points [{'alpha': 0.004806089654922977, 'batch_size': 47, 'beta_1': 0.8793186929917987, 'beta_2': 0.9948574144002492, 'epsilon': 8.605959750521031e-08, 'hidden_layer_sizes': 147, 'learning_rate_init': 2.5458059491433575e-05, 'tol': 0.03524909560250271, 'validation_fraction': 0.15125791199157868}]
function_evaluation time 0.872007 value 7.662895 suggestion {'alpha': 0.004806089654922977, 'batch_size': 47, 'beta_1': 0.8793186929917987, 'beta_2': 0.9948574144002492, 'epsilon': 8.605959750521031e-08, 'hidden_layer_sizes': 147, 'learning_rate_init': 2.5458059491433575e-05, 'tol': 0.03524909560250271, 'validation_fraction': 0.15125791199157868}
observation time 0.000003, current best 0.346785 at iter 20
suggestion time taken 0.009707 iter 21 next_points [{'alpha': 2.0521932153601227e-05, 'batch_size': 74, 'beta_1': 0.8903631827108901, 'beta_2': 0.9986483383945138, 'epsilon': 7.925384924786271e-07, 'hidden_layer_sizes': 53, 'learning_rate_init': 0.05817493409048578, 'tol': 0.016742075734196674, 'validation_fraction': 0.20836594637086062}]
function_evaluation time 0.310247 value 0.351576 suggestion {'alpha': 2.0521932153601227e-05, 'batch_size': 74, 'beta_1': 0.8903631827108901, 'beta_2': 0.9986483383945138, 'epsilon': 7.925384924786271e-07, 'hidden_layer_sizes': 53, 'learning_rate_init': 0.05817493409048578, 'tol': 0.016742075734196674, 'validation_fraction': 0.20836594637086062}
observation time 0.000006, current best 0.346785 at iter 21
suggestion time taken 0.004492 iter 22 next_points [{'alpha': 0.00322591213642583, 'batch_size': 117, 'beta_1': 0.6340808850443598, 'beta_2': 0.999095820889768, 'epsilon': 4.6488520224424104e-07, 'hidden_layer_sizes': 117, 'learning_rate_init': 0.0004722318238047824, 'tol': 2.9468292884154642e-05, 'validation_fraction': 0.15078662426291572}]
function_evaluation time 1.459341 value 0.413894 suggestion {'alpha': 0.00322591213642583, 'batch_size': 117, 'beta_1': 0.6340808850443598, 'beta_2': 0.999095820889768, 'epsilon': 4.6488520224424104e-07, 'hidden_layer_sizes': 117, 'learning_rate_init': 0.0004722318238047824, 'tol': 2.9468292884154642e-05, 'validation_fraction': 0.15078662426291572}
observation time 0.000005, current best 0.346785 at iter 22
suggestion time taken 0.010632 iter 23 next_points [{'alpha': 0.0025867957219392695, 'batch_size': 68, 'beta_1': 0.5144135726749018, 'beta_2': 0.9994121482211991, 'epsilon': 2.7315685834096875e-08, 'hidden_layer_sizes': 109, 'learning_rate_init': 0.011790545187967941, 'tol': 1.6185746286550954e-05, 'validation_fraction': 0.7749779953861421}]
function_evaluation time 0.722091 value 0.998482 suggestion {'alpha': 0.0025867957219392695, 'batch_size': 68, 'beta_1': 0.5144135726749018, 'beta_2': 0.9994121482211991, 'epsilon': 2.7315685834096875e-08, 'hidden_layer_sizes': 109, 'learning_rate_init': 0.011790545187967941, 'tol': 1.6185746286550954e-05, 'validation_fraction': 0.7749779953861421}
observation time 0.000011, current best 0.346785 at iter 23
suggestion time taken 0.013886 iter 24 next_points [{'alpha': 0.00044795122567099386, 'batch_size': 241, 'beta_1': 0.9735587713343792, 'beta_2': 0.9996809618137791, 'epsilon': 1.7310671729825621e-09, 'hidden_layer_sizes': 157, 'learning_rate_init': 0.0005246677417841256, 'tol': 0.0005848478718294169, 'validation_fraction': 0.8872736881436323}]
/home/ryedida/.local/lib/python3.8/site-packages/sklearn/neural_network/_multilayer_perceptron.py:621: UserWarning: Got `batch_size` less than 1 or larger than sample size. It is going to be clipped
  warnings.warn(

function_evaluation time 0.547989 value 8.418855 suggestion {'alpha': 0.00044795122567099386, 'batch_size': 241, 'beta_1': 0.9735587713343792, 'beta_2': 0.9996809618137791, 'epsilon': 1.7310671729825621e-09, 'hidden_layer_sizes': 157, 'learning_rate_init': 0.0005246677417841256, 'tol': 0.0005848478718294169, 'validation_fraction': 0.8872736881436323}
observation time 0.000004, current best 0.346785 at iter 24
suggestion time taken 0.009949 iter 25 next_points [{'alpha': 0.017873851952643155, 'batch_size': 206, 'beta_1': 0.9613762959416714, 'beta_2': 0.9189460291275836, 'epsilon': 1.6938601659284401e-09, 'hidden_layer_sizes': 72, 'learning_rate_init': 0.025944009809068122, 'tol': 1.6069062760759803e-05, 'validation_fraction': 0.20078356485866825}]
function_evaluation time 0.779273 value 1.285378 suggestion {'alpha': 0.017873851952643155, 'batch_size': 206, 'beta_1': 0.9613762959416714, 'beta_2': 0.9189460291275836, 'epsilon': 1.6938601659284401e-09, 'hidden_layer_sizes': 72, 'learning_rate_init': 0.025944009809068122, 'tol': 1.6069062760759803e-05, 'validation_fraction': 0.20078356485866825}
observation time 0.000007, current best 0.346785 at iter 25
suggestion time taken 0.011009 iter 26 next_points [{'alpha': 0.024588359587495633, 'batch_size': 25, 'beta_1': 0.8064697767303516, 'beta_2': 0.9999844776886044, 'epsilon': 6.677783232353268e-08, 'hidden_layer_sizes': 103, 'learning_rate_init': 0.0011452388386257435, 'tol': 0.002248167583131111, 'validation_fraction': 0.16155943985568816}]
function_evaluation time 1.202325 value 0.354464 suggestion {'alpha': 0.024588359587495633, 'batch_size': 25, 'beta_1': 0.8064697767303516, 'beta_2': 0.9999844776886044, 'epsilon': 6.677783232353268e-08, 'hidden_layer_sizes': 103, 'learning_rate_init': 0.0011452388386257435, 'tol': 0.002248167583131111, 'validation_fraction': 0.16155943985568816}
observation time 0.000004, current best 0.346785 at iter 26
suggestion time taken 0.012114 iter 27 next_points [{'alpha': 3.252335957504878, 'batch_size': 243, 'beta_1': 0.9557685856502921, 'beta_2': 0.9974984017125091, 'epsilon': 1.4273647874575093e-08, 'hidden_layer_sizes': 104, 'learning_rate_init': 1.552699175339818e-05, 'tol': 0.01324377213268195, 'validation_fraction': 0.8177677453961327}]
/home/ryedida/.local/lib/python3.8/site-packages/sklearn/neural_network/_multilayer_perceptron.py:621: UserWarning: Got `batch_size` less than 1 or larger than sample size. It is going to be clipped
  warnings.warn(

function_evaluation time 0.255445 value 16.753658 suggestion {'alpha': 3.252335957504878, 'batch_size': 243, 'beta_1': 0.9557685856502921, 'beta_2': 0.9974984017125091, 'epsilon': 1.4273647874575093e-08, 'hidden_layer_sizes': 104, 'learning_rate_init': 1.552699175339818e-05, 'tol': 0.01324377213268195, 'validation_fraction': 0.8177677453961327}
observation time 0.000004, current best 0.346785 at iter 27
suggestion time taken 0.009610 iter 28 next_points [{'alpha': 0.02462031006460096, 'batch_size': 126, 'beta_1': 0.6343980670328864, 'beta_2': 0.9999983771316912, 'epsilon': 5.276672672218655e-07, 'hidden_layer_sizes': 194, 'learning_rate_init': 0.0069253082630153975, 'tol': 6.261731775712203e-05, 'validation_fraction': 0.5299875841534408}]
function_evaluation time 0.833760 value 0.763427 suggestion {'alpha': 0.02462031006460096, 'batch_size': 126, 'beta_1': 0.6343980670328864, 'beta_2': 0.9999983771316912, 'epsilon': 5.276672672218655e-07, 'hidden_layer_sizes': 194, 'learning_rate_init': 0.0069253082630153975, 'tol': 6.261731775712203e-05, 'validation_fraction': 0.5299875841534408}
observation time 0.000005, current best 0.346785 at iter 28
suggestion time taken 0.011257 iter 29 next_points [{'alpha': 0.00048289622157244986, 'batch_size': 72, 'beta_1': 0.9086572401353435, 'beta_2': 0.9949282348643043, 'epsilon': 3.948981131287324e-08, 'hidden_layer_sizes': 136, 'learning_rate_init': 0.00010045735630186829, 'tol': 2.2796760105852243e-05, 'validation_fraction': 0.7465668000796842}]
function_evaluation time 0.771240 value 13.861710 suggestion {'alpha': 0.00048289622157244986, 'batch_size': 72, 'beta_1': 0.9086572401353435, 'beta_2': 0.9949282348643043, 'epsilon': 3.948981131287324e-08, 'hidden_layer_sizes': 136, 'learning_rate_init': 0.00010045735630186829, 'tol': 2.2796760105852243e-05, 'validation_fraction': 0.7465668000796842}
observation time 0.000010, current best 0.346785 at iter 29
suggestion time taken 0.013955 iter 30 next_points [{'alpha': 0.05617831369995745, 'batch_size': 35, 'beta_1': 0.8448153648974351, 'beta_2': 0.9995527675884384, 'epsilon': 1.131760204625127e-08, 'hidden_layer_sizes': 115, 'learning_rate_init': 0.00023305960437164676, 'tol': 1.7376560712418927e-05, 'validation_fraction': 0.47318479605115954}]
function_evaluation time 1.521561 value 0.891953 suggestion {'alpha': 0.05617831369995745, 'batch_size': 35, 'beta_1': 0.8448153648974351, 'beta_2': 0.9995527675884384, 'epsilon': 1.131760204625127e-08, 'hidden_layer_sizes': 115, 'learning_rate_init': 0.00023305960437164676, 'tol': 1.7376560712418927e-05, 'validation_fraction': 0.47318479605115954}
observation time 0.000009, current best 0.346785 at iter 30
suggestion time taken 0.011238 iter 31 next_points [{'alpha': 1.1452640978813506, 'batch_size': 69, 'beta_1': 0.6924029501957517, 'beta_2': 0.9998519924969699, 'epsilon': 2.05313788421549e-09, 'hidden_layer_sizes': 79, 'learning_rate_init': 0.00022239686141157296, 'tol': 1.8727283209104303e-05, 'validation_fraction': 0.8473791975814229}]
function_evaluation time 0.244168 value 19.635782 suggestion {'alpha': 1.1452640978813506, 'batch_size': 69, 'beta_1': 0.6924029501957517, 'beta_2': 0.9998519924969699, 'epsilon': 2.05313788421549e-09, 'hidden_layer_sizes': 79, 'learning_rate_init': 0.00022239686141157296, 'tol': 1.8727283209104303e-05, 'validation_fraction': 0.8473791975814229}
observation time 0.000004, current best 0.346785 at iter 31
suggestion time taken 0.009990 iter 32 next_points [{'alpha': 0.24913702043240452, 'batch_size': 94, 'beta_1': 0.9150273561970128, 'beta_2': 0.9999988724219038, 'epsilon': 7.228123133452187e-07, 'hidden_layer_sizes': 60, 'learning_rate_init': 3.478028777427687e-05, 'tol': 5.9802910241182674e-05, 'validation_fraction': 0.8466985370631585}]
/home/ryedida/.local/lib/python3.8/site-packages/sklearn/neural_network/_multilayer_perceptron.py:621: UserWarning: Got `batch_size` less than 1 or larger than sample size. It is going to be clipped
  warnings.warn(

function_evaluation time 0.212170 value 17.063722 suggestion {'alpha': 0.24913702043240452, 'batch_size': 94, 'beta_1': 0.9150273561970128, 'beta_2': 0.9999988724219038, 'epsilon': 7.228123133452187e-07, 'hidden_layer_sizes': 60, 'learning_rate_init': 3.478028777427687e-05, 'tol': 5.9802910241182674e-05, 'validation_fraction': 0.8466985370631585}
observation time 0.000004, current best 0.346785 at iter 32
suggestion time taken 0.012109 iter 33 next_points [{'alpha': 9.954014626815525e-05, 'batch_size': 205, 'beta_1': 0.7132128655524862, 'beta_2': 0.997207888562572, 'epsilon': 1.4301035236106733e-08, 'hidden_layer_sizes': 77, 'learning_rate_init': 7.160982317393068e-05, 'tol': 0.08397096512947413, 'validation_fraction': 0.1614384342363671}]
function_evaluation time 0.433876 value 10.556464 suggestion {'alpha': 9.954014626815525e-05, 'batch_size': 205, 'beta_1': 0.7132128655524862, 'beta_2': 0.997207888562572, 'epsilon': 1.4301035236106733e-08, 'hidden_layer_sizes': 77, 'learning_rate_init': 7.160982317393068e-05, 'tol': 0.08397096512947413, 'validation_fraction': 0.1614384342363671}
observation time 0.000009, current best 0.346785 at iter 33
suggestion time taken 0.011513 iter 34 next_points [{'alpha': 9.786452398229756, 'batch_size': 107, 'beta_1': 0.7259458690515986, 'beta_2': 0.9988359889259283, 'epsilon': 5.614621859457458e-07, 'hidden_layer_sizes': 188, 'learning_rate_init': 0.00036867671549865985, 'tol': 0.0002120188769133503, 'validation_fraction': 0.12777674540270753}]
function_evaluation time 1.240308 value 0.327169 suggestion {'alpha': 9.786452398229756, 'batch_size': 107, 'beta_1': 0.7259458690515986, 'beta_2': 0.9988359889259283, 'epsilon': 5.614621859457458e-07, 'hidden_layer_sizes': 188, 'learning_rate_init': 0.00036867671549865985, 'tol': 0.0002120188769133503, 'validation_fraction': 0.12777674540270753}
observation time 0.000005, current best 0.327169 at iter 34
suggestion time taken 0.011042 iter 35 next_points [{'alpha': 0.07047438962725963, 'batch_size': 113, 'beta_1': 0.5692759243912973, 'beta_2': 0.9999743335218254, 'epsilon': 5.718905939257472e-08, 'hidden_layer_sizes': 52, 'learning_rate_init': 0.006984862167519925, 'tol': 0.0001468473863922647, 'validation_fraction': 0.6109237316063301}]
function_evaluation time 0.570632 value 0.680186 suggestion {'alpha': 0.07047438962725963, 'batch_size': 113, 'beta_1': 0.5692759243912973, 'beta_2': 0.9999743335218254, 'epsilon': 5.718905939257472e-08, 'hidden_layer_sizes': 52, 'learning_rate_init': 0.006984862167519925, 'tol': 0.0001468473863922647, 'validation_fraction': 0.6109237316063301}
observation time 0.000004, current best 0.327169 at iter 35
suggestion time taken 0.011441 iter 36 next_points [{'alpha': 0.01190532614582665, 'batch_size': 225, 'beta_1': 0.9596147194375346, 'beta_2': 0.9996137955719925, 'epsilon': 2.9568295917335913e-08, 'hidden_layer_sizes': 170, 'learning_rate_init': 0.06358266866659142, 'tol': 0.0037375920788517967, 'validation_fraction': 0.7885771031241365}]
/home/ryedida/.local/lib/python3.8/site-packages/sklearn/neural_network/_multilayer_perceptron.py:621: UserWarning: Got `batch_size` less than 1 or larger than sample size. It is going to be clipped
  warnings.warn(

function_evaluation time 0.553288 value 3.163022 suggestion {'alpha': 0.01190532614582665, 'batch_size': 225, 'beta_1': 0.9596147194375346, 'beta_2': 0.9996137955719925, 'epsilon': 2.9568295917335913e-08, 'hidden_layer_sizes': 170, 'learning_rate_init': 0.06358266866659142, 'tol': 0.0037375920788517967, 'validation_fraction': 0.7885771031241365}
observation time 0.000019, current best 0.327169 at iter 36
suggestion time taken 0.011930 iter 37 next_points [{'alpha': 0.0006437976696230778, 'batch_size': 35, 'beta_1': 0.939641339848676, 'beta_2': 0.9999686509344174, 'epsilon': 1.0855476227478129e-07, 'hidden_layer_sizes': 89, 'learning_rate_init': 6.130005315755691e-05, 'tol': 0.0006163556119759735, 'validation_fraction': 0.4841935098788662}]
function_evaluation time 1.390242 value 9.159097 suggestion {'alpha': 0.0006437976696230778, 'batch_size': 35, 'beta_1': 0.939641339848676, 'beta_2': 0.9999686509344174, 'epsilon': 1.0855476227478129e-07, 'hidden_layer_sizes': 89, 'learning_rate_init': 6.130005315755691e-05, 'tol': 0.0006163556119759735, 'validation_fraction': 0.4841935098788662}
observation time 0.000003, current best 0.327169 at iter 37
suggestion time taken 0.009777 iter 38 next_points [{'alpha': 2.1130054386790427, 'batch_size': 62, 'beta_1': 0.869881571842411, 'beta_2': 0.999990543537185, 'epsilon': 9.366145550372073e-07, 'hidden_layer_sizes': 74, 'learning_rate_init': 5.968776965636564e-05, 'tol': 0.07913525288194702, 'validation_fraction': 0.597959888468702}]
function_evaluation time 0.435688 value 13.405726 suggestion {'alpha': 2.1130054386790427, 'batch_size': 62, 'beta_1': 0.869881571842411, 'beta_2': 0.999990543537185, 'epsilon': 9.366145550372073e-07, 'hidden_layer_sizes': 74, 'learning_rate_init': 5.968776965636564e-05, 'tol': 0.07913525288194702, 'validation_fraction': 0.597959888468702}
observation time 0.000015, current best 0.327169 at iter 38
suggestion time taken 0.013941 iter 39 next_points [{'alpha': 0.027056013122841054, 'batch_size': 160, 'beta_1': 0.8859409851224113, 'beta_2': 0.9983752926172842, 'epsilon': 2.3919536712557883e-07, 'hidden_layer_sizes': 140, 'learning_rate_init': 0.00023184221440391287, 'tol': 2.107348863192475e-05, 'validation_fraction': 0.21717451891162706}]
function_evaluation time 1.357403 value 0.406728 suggestion {'alpha': 0.027056013122841054, 'batch_size': 160, 'beta_1': 0.8859409851224113, 'beta_2': 0.9983752926172842, 'epsilon': 2.3919536712557883e-07, 'hidden_layer_sizes': 140, 'learning_rate_init': 0.00023184221440391287, 'tol': 2.107348863192475e-05, 'validation_fraction': 0.21717451891162706}
observation time 0.000005, current best 0.327169 at iter 39
suggestion time taken 0.011494 iter 40 next_points [{'alpha': 0.0004520528685872546, 'batch_size': 111, 'beta_1': 0.8345377144393539, 'beta_2': 0.9990222105239385, 'epsilon': 1.0247494366609079e-08, 'hidden_layer_sizes': 132, 'learning_rate_init': 1.1932543169994409e-05, 'tol': 0.00038467073931433603, 'validation_fraction': 0.10047103379065672}]
function_evaluation time 0.459348 value 15.789654 suggestion {'alpha': 0.0004520528685872546, 'batch_size': 111, 'beta_1': 0.8345377144393539, 'beta_2': 0.9990222105239385, 'epsilon': 1.0247494366609079e-08, 'hidden_layer_sizes': 132, 'learning_rate_init': 1.1932543169994409e-05, 'tol': 0.00038467073931433603, 'validation_fraction': 0.10047103379065672}
observation time 0.000006, current best 0.327169 at iter 40
suggestion time taken 0.012061 iter 41 next_points [{'alpha': 0.0024930162692079374, 'batch_size': 46, 'beta_1': 0.7132522193738222, 'beta_2': 0.9983947188277517, 'epsilon': 3.03607210408299e-09, 'hidden_layer_sizes': 113, 'learning_rate_init': 0.018845922074996982, 'tol': 0.0009273699699581026, 'validation_fraction': 0.7285247907387592}]
function_evaluation time 0.731282 value 0.860869 suggestion {'alpha': 0.0024930162692079374, 'batch_size': 46, 'beta_1': 0.7132522193738222, 'beta_2': 0.9983947188277517, 'epsilon': 3.03607210408299e-09, 'hidden_layer_sizes': 113, 'learning_rate_init': 0.018845922074996982, 'tol': 0.0009273699699581026, 'validation_fraction': 0.7285247907387592}
observation time 0.000003, current best 0.327169 at iter 41
suggestion time taken 0.009948 iter 42 next_points [{'alpha': 5.725359187851661, 'batch_size': 202, 'beta_1': 0.9024489448082912, 'beta_2': 0.9998909572245772, 'epsilon': 2.805433048673836e-08, 'hidden_layer_sizes': 168, 'learning_rate_init': 0.00026730038601390107, 'tol': 2.4233105284077436e-05, 'validation_fraction': 0.8142968318236203}]
/home/ryedida/.local/lib/python3.8/site-packages/sklearn/neural_network/_multilayer_perceptron.py:621: UserWarning: Got `batch_size` less than 1 or larger than sample size. It is going to be clipped
  warnings.warn(

function_evaluation time 0.424039 value 7.212656 suggestion {'alpha': 5.725359187851661, 'batch_size': 202, 'beta_1': 0.9024489448082912, 'beta_2': 0.9998909572245772, 'epsilon': 2.805433048673836e-08, 'hidden_layer_sizes': 168, 'learning_rate_init': 0.00026730038601390107, 'tol': 2.4233105284077436e-05, 'validation_fraction': 0.8142968318236203}
observation time 0.000005, current best 0.327169 at iter 42
suggestion time taken 0.011288 iter 43 next_points [{'alpha': 0.024002930839180245, 'batch_size': 76, 'beta_1': 0.752476726296988, 'beta_2': 0.9112272887261923, 'epsilon': 1.8177788002306475e-07, 'hidden_layer_sizes': 159, 'learning_rate_init': 0.0005412550137122972, 'tol': 0.0002642481864376948, 'validation_fraction': 0.8402106540223695}]
/home/ryedida/.local/lib/python3.8/site-packages/sklearn/neural_network/_multilayer_perceptron.py:621: UserWarning: Got `batch_size` less than 1 or larger than sample size. It is going to be clipped
  warnings.warn(

function_evaluation time 0.729664 value 4.768045 suggestion {'alpha': 0.024002930839180245, 'batch_size': 76, 'beta_1': 0.752476726296988, 'beta_2': 0.9112272887261923, 'epsilon': 1.8177788002306475e-07, 'hidden_layer_sizes': 159, 'learning_rate_init': 0.0005412550137122972, 'tol': 0.0002642481864376948, 'validation_fraction': 0.8402106540223695}
observation time 0.000007, current best 0.327169 at iter 43
suggestion time taken 0.012789 iter 44 next_points [{'alpha': 1.7343381671067353e-05, 'batch_size': 21, 'beta_1': 0.8080073738160692, 'beta_2': 0.9734160798024476, 'epsilon': 1.2383344898709252e-07, 'hidden_layer_sizes': 186, 'learning_rate_init': 0.09274946228981396, 'tol': 8.701023863843228e-05, 'validation_fraction': 0.18540210681210384}]
function_evaluation time 1.565924 value 0.646381 suggestion {'alpha': 1.7343381671067353e-05, 'batch_size': 21, 'beta_1': 0.8080073738160692, 'beta_2': 0.9734160798024476, 'epsilon': 1.2383344898709252e-07, 'hidden_layer_sizes': 186, 'learning_rate_init': 0.09274946228981396, 'tol': 8.701023863843228e-05, 'validation_fraction': 0.18540210681210384}
observation time 0.000005, current best 0.327169 at iter 44
saving meta data: {'args': {'--uuid': '34dc0f2f74025da881f124b7f71f8cd0', '-db-root': '/home/ryedida/bbo_challenge_starter_kit/output', '--opt-root': '/home/ryedida/bbo_challenge_starter_kit/example_submissions', '--data-root': None, '--db': 'run_20231013_070336', '--opt': 'random', '--data': 'breast', '--classifier': 'MLP-adam', '--metric': 'nll', '--calls': 45, '--suggestions': 1, '--jobs-file': None, '--verbose': False, 'dry_run': False, 'rev': 'a376313', 'opt_rev': '0.0.8'}, 'signature': ([{'alpha': 0.019628224813442792, 'batch_size': 182, 'beta_1': 0.9410202200271762, 'beta_2': 0.9998021557676793, 'epsilon': 1.8662266976518e-08, 'hidden_layer_sizes': 147, 'learning_rate_init': 0.0005627932047415167, 'tol': 0.03690557729213761, 'validation_fraction': 0.8846827852548593}, {'alpha': 0.001998246739232944, 'batch_size': 200, 'beta_1': 0.919111482530466, 'beta_2': 0.9998488260436156, 'epsilon': 5.981221901152555e-07, 'hidden_layer_sizes': 61, 'learning_rate_init': 2.2310905607443014e-05, 'tol': 1.2046852412030316e-05, 'validation_fraction': 0.8117896445826539}, {'alpha': 0.46659545670218433, 'batch_size': 219, 'beta_1': 0.9889789783750891, 'beta_2': 0.9999896868093284, 'epsilon': 2.4234724484675948e-08, 'hidden_layer_sizes': 167, 'learning_rate_init': 2.972334644335654e-05, 'tol': 0.0036281404040243792, 'validation_fraction': 0.17260651658522078}, {'alpha': 4.656005689076002, 'batch_size': 135, 'beta_1': 0.870503881627747, 'beta_2': 0.9948873266941017, 'epsilon': 2.1023308743480125e-07, 'hidden_layer_sizes': 118, 'learning_rate_init': 0.001878173875716191, 'tol': 1.1889379831773006e-05, 'validation_fraction': 0.6264327093752792}, {'alpha': 0.04705159350400542, 'batch_size': 158, 'beta_1': 0.9870884262730957, 'beta_2': 0.9999596874382349, 'epsilon': 1.1981845126013875e-08, 'hidden_layer_sizes': 116, 'learning_rate_init': 0.006173405204074311, 'tol': 1.7414134181586194e-05, 'validation_fraction': 0.6754299026638921}], [7.80364911041716, 14.04577697134529, 11.882715334689305, 5.083775239316363, 3.3813441495654772])}
saving results
saving timing
saving suggest log
done
