running: {'--uuid': '603fecaf867a57b090cb26c716e62c54', '-db-root': '/home/ryedida/bbo_challenge_starter_kit/output', '--opt-root': '/home/ryedida/bbo_challenge_starter_kit/example_submissions', '--data-root': None, '--db': 'run_20231013_070336', '--opt': 'strongcvx', '--data': 'breast', '--classifier': 'MLP-adam', '--metric': 'nll', '--calls': 45, '--suggestions': 1, '--jobs-file': None, '--verbose': False, 'dry_run': False, 'rev': 'a376313', 'opt_rev': 'x.x.x'}
cmd: python strongcvx/optimizer.py -c MLP-adam -d breast -o strongcvx -u 603fecaf867a57b090cb26c716e62c54 -m nll -n 45 -p 1 -dir /home/ryedida/bbo_challenge_starter_kit/output -b run_20231013_070336
/home/ryedida/.local/lib/python3.8/site-packages/sklearn/neural_network/_multilayer_perceptron.py:621: UserWarning: Got `batch_size` less than 1 or larger than sample size. It is going to be clipped
  warnings.warn(

/home/ryedida/.local/lib/python3.8/site-packages/sklearn/neural_network/_multilayer_perceptron.py:621: UserWarning: Got `batch_size` less than 1 or larger than sample size. It is going to be clipped
  warnings.warn(

/home/ryedida/.local/lib/python3.8/site-packages/sklearn/neural_network/_multilayer_perceptron.py:621: UserWarning: Got `batch_size` less than 1 or larger than sample size. It is going to be clipped
  warnings.warn(

computed signature: ([{'alpha': 0.019628224813442792, 'batch_size': 182, 'beta_1': 0.9410202200271762, 'beta_2': 0.9998021557676793, 'epsilon': 1.8662266976518e-08, 'hidden_layer_sizes': 147, 'learning_rate_init': 0.0005627932047415167, 'tol': 0.03690557729213761, 'validation_fraction': 0.8846827852548593}, {'alpha': 0.001998246739232944, 'batch_size': 200, 'beta_1': 0.919111482530466, 'beta_2': 0.9998488260436156, 'epsilon': 5.981221901152555e-07, 'hidden_layer_sizes': 61, 'learning_rate_init': 2.2310905607443014e-05, 'tol': 1.2046852412030316e-05, 'validation_fraction': 0.8117896445826539}, {'alpha': 0.46659545670218433, 'batch_size': 219, 'beta_1': 0.9889789783750891, 'beta_2': 0.9999896868093284, 'epsilon': 2.4234724484675948e-08, 'hidden_layer_sizes': 167, 'learning_rate_init': 2.972334644335654e-05, 'tol': 0.0036281404040243792, 'validation_fraction': 0.17260651658522078}, {'alpha': 4.656005689076002, 'batch_size': 135, 'beta_1': 0.870503881627747, 'beta_2': 0.9948873266941017, 'epsilon': 2.1023308743480125e-07, 'hidden_layer_sizes': 118, 'learning_rate_init': 0.001878173875716191, 'tol': 1.1889379831773006e-05, 'validation_fraction': 0.6264327093752792}, {'alpha': 0.04705159350400542, 'batch_size': 158, 'beta_1': 0.9870884262730957, 'beta_2': 0.9999596874382349, 'epsilon': 1.1981845126013875e-08, 'hidden_layer_sizes': 116, 'learning_rate_init': 0.006173405204074311, 'tol': 1.7414134181586194e-05, 'validation_fraction': 0.6754299026638921}], [7.80364911041716, 14.04577697134529, 11.882715334689305, 5.083775239316363, 3.3813441495654772])
/home/ryedida/.local/lib/python3.8/site-packages/bayesmark/experiment.py:470: UserWarning: Baselines not found. Will not log intermediate scores.
  warnings.warn("Baselines not found. Will not log intermediate scores.")

starting sklearn study strongcvx MLP-adam breast nll 45 1
with data root: None
suggestion time taken 19.408468 iter 0 next_points [{'alpha': 8.208432025246323, 'batch_size': 225, 'beta_1': 0.9794101695606522, 'beta_2': 0.9481465477854413, 'epsilon': 4.588994646762894e-08, 'hidden_layer_sizes': 188, 'learning_rate_init': 0.044081145680133514, 'tol': 0.012966218815076968, 'validation_fraction': 0.4493909751626621}]
function_evaluation time 0.766712 value 5.413289 suggestion {'alpha': 8.208432025246323, 'batch_size': 225, 'beta_1': 0.9794101695606522, 'beta_2': 0.9481465477854413, 'epsilon': 4.588994646762894e-08, 'hidden_layer_sizes': 188, 'learning_rate_init': 0.044081145680133514, 'tol': 0.012966218815076968, 'validation_fraction': 0.4493909751626621}
observation time 0.000015, current best 5.413289 at iter 0
suggestion time taken 19.312174 iter 1 next_points [{'alpha': 0.0020560068082238632, 'batch_size': 50, 'beta_1': 0.8273762243232928, 'beta_2': 0.9999714025541218, 'epsilon': 2.599985541293002e-08, 'hidden_layer_sizes': 85, 'learning_rate_init': 0.0005644817205700328, 'tol': 0.005621720723941304, 'validation_fraction': 0.4624907831664471}]
function_evaluation time 1.103653 value 0.326530 suggestion {'alpha': 0.0020560068082238632, 'batch_size': 50, 'beta_1': 0.8273762243232928, 'beta_2': 0.9999714025541218, 'epsilon': 2.599985541293002e-08, 'hidden_layer_sizes': 85, 'learning_rate_init': 0.0005644817205700328, 'tol': 0.005621720723941304, 'validation_fraction': 0.4624907831664471}
observation time 0.000006, current best 0.326530 at iter 1
suggestion time taken 19.104095 iter 2 next_points [{'alpha': 8.031073908532258, 'batch_size': 150, 'beta_1': 0.986120096813429, 'beta_2': 0.9972473771974766, 'epsilon': 3.8551145929124345e-07, 'hidden_layer_sizes': 155, 'learning_rate_init': 0.005253515607318428, 'tol': 0.012515863656006015, 'validation_fraction': 0.8220051511740385}]
/home/ryedida/.local/lib/python3.8/site-packages/sklearn/neural_network/_multilayer_perceptron.py:621: UserWarning: Got `batch_size` less than 1 or larger than sample size. It is going to be clipped
  warnings.warn(

function_evaluation time 0.454442 value 0.719570 suggestion {'alpha': 8.031073908532258, 'batch_size': 150, 'beta_1': 0.986120096813429, 'beta_2': 0.9972473771974766, 'epsilon': 3.8551145929124345e-07, 'hidden_layer_sizes': 155, 'learning_rate_init': 0.005253515607318428, 'tol': 0.012515863656006015, 'validation_fraction': 0.8220051511740385}
observation time 0.000005, current best 0.326530 at iter 2
suggestion time taken 19.780621 iter 3 next_points [{'alpha': 2.7108910918963023, 'batch_size': 41, 'beta_1': 0.9714639124073087, 'beta_2': 0.9995828267671769, 'epsilon': 2.087932560078167e-09, 'hidden_layer_sizes': 167, 'learning_rate_init': 0.0026141624076447246, 'tol': 1.052837138232244e-05, 'validation_fraction': 0.37214049190715726}]
function_evaluation time 1.496784 value 0.606817 suggestion {'alpha': 2.7108910918963023, 'batch_size': 41, 'beta_1': 0.9714639124073087, 'beta_2': 0.9995828267671769, 'epsilon': 2.087932560078167e-09, 'hidden_layer_sizes': 167, 'learning_rate_init': 0.0026141624076447246, 'tol': 1.052837138232244e-05, 'validation_fraction': 0.37214049190715726}
observation time 0.000006, current best 0.326530 at iter 3
suggestion time taken 19.119789 iter 4 next_points [{'alpha': 0.03797363060768007, 'batch_size': 226, 'beta_1': 0.8968812347995749, 'beta_2': 0.9985981842584533, 'epsilon': 5.024467049698427e-07, 'hidden_layer_sizes': 93, 'learning_rate_init': 0.008980588774248887, 'tol': 0.0024429244727057634, 'validation_fraction': 0.40786668097812184}]
function_evaluation time 0.580487 value 1.065253 suggestion {'alpha': 0.03797363060768007, 'batch_size': 226, 'beta_1': 0.8968812347995749, 'beta_2': 0.9985981842584533, 'epsilon': 5.024467049698427e-07, 'hidden_layer_sizes': 93, 'learning_rate_init': 0.008980588774248887, 'tol': 0.0024429244727057634, 'validation_fraction': 0.40786668097812184}
observation time 0.000033, current best 0.326530 at iter 4
suggestion time taken 20.124600 iter 5 next_points [{'alpha': 0.014571002935988274, 'batch_size': 75, 'beta_1': 0.9634036174220787, 'beta_2': 0.9951573392394926, 'epsilon': 2.7246316396270533e-08, 'hidden_layer_sizes': 90, 'learning_rate_init': 0.03451051197997177, 'tol': 0.01652184539038484, 'validation_fraction': 0.3034811221625784}]
function_evaluation time 0.808653 value 1.042717 suggestion {'alpha': 0.014571002935988274, 'batch_size': 75, 'beta_1': 0.9634036174220787, 'beta_2': 0.9951573392394926, 'epsilon': 2.7246316396270533e-08, 'hidden_layer_sizes': 90, 'learning_rate_init': 0.03451051197997177, 'tol': 0.01652184539038484, 'validation_fraction': 0.3034811221625784}
observation time 0.000005, current best 0.326530 at iter 5
suggestion time taken 19.937142 iter 6 next_points [{'alpha': 0.16570663090950177, 'batch_size': 148, 'beta_1': 0.6925596977542036, 'beta_2': 0.9999962848808691, 'epsilon': 1.6391022175886209e-09, 'hidden_layer_sizes': 191, 'learning_rate_init': 0.00024445205220092634, 'tol': 0.000218063918985707, 'validation_fraction': 0.6946371805449967}]
/home/ryedida/.local/lib/python3.8/site-packages/sklearn/neural_network/_multilayer_perceptron.py:621: UserWarning: Got `batch_size` less than 1 or larger than sample size. It is going to be clipped
  warnings.warn(

function_evaluation time 0.650525 value 11.216024 suggestion {'alpha': 0.16570663090950177, 'batch_size': 148, 'beta_1': 0.6925596977542036, 'beta_2': 0.9999962848808691, 'epsilon': 1.6391022175886209e-09, 'hidden_layer_sizes': 191, 'learning_rate_init': 0.00024445205220092634, 'tol': 0.000218063918985707, 'validation_fraction': 0.6946371805449967}
observation time 0.000006, current best 0.326530 at iter 6
suggestion time taken 19.099705 iter 7 next_points [{'alpha': 3.742184470799596e-05, 'batch_size': 112, 'beta_1': 0.9225147233279096, 'beta_2': 0.9999899625934681, 'epsilon': 5.102272481399842e-07, 'hidden_layer_sizes': 60, 'learning_rate_init': 0.00489362441448276, 'tol': 0.07118939870865715, 'validation_fraction': 0.6005136418583108}]
function_evaluation time 0.558974 value 0.774276 suggestion {'alpha': 3.742184470799596e-05, 'batch_size': 112, 'beta_1': 0.9225147233279096, 'beta_2': 0.9999899625934681, 'epsilon': 5.102272481399842e-07, 'hidden_layer_sizes': 60, 'learning_rate_init': 0.00489362441448276, 'tol': 0.07118939870865715, 'validation_fraction': 0.6005136418583108}
observation time 0.000013, current best 0.326530 at iter 7
suggestion time taken 20.423783 iter 8 next_points [{'alpha': 0.4617772403330912, 'batch_size': 151, 'beta_1': 0.7929523130232451, 'beta_2': 0.972604830371333, 'epsilon': 1.3566670526585812e-08, 'hidden_layer_sizes': 60, 'learning_rate_init': 0.0021254653426358142, 'tol': 0.0005403458421350946, 'validation_fraction': 0.31882049823666403}]
function_evaluation time 0.888988 value 2.782453 suggestion {'alpha': 0.4617772403330912, 'batch_size': 151, 'beta_1': 0.7929523130232451, 'beta_2': 0.972604830371333, 'epsilon': 1.3566670526585812e-08, 'hidden_layer_sizes': 60, 'learning_rate_init': 0.0021254653426358142, 'tol': 0.0005403458421350946, 'validation_fraction': 0.31882049823666403}
observation time 0.000006, current best 0.326530 at iter 8
suggestion time taken 19.394026 iter 9 next_points [{'alpha': 5.143155486856199, 'batch_size': 45, 'beta_1': 0.9323388759165566, 'beta_2': 0.9917338020378367, 'epsilon': 9.108638078022666e-07, 'hidden_layer_sizes': 62, 'learning_rate_init': 0.00047732319650191466, 'tol': 0.000347771190810927, 'validation_fraction': 0.8245049571852395}]
function_evaluation time 0.431222 value 11.478658 suggestion {'alpha': 5.143155486856199, 'batch_size': 45, 'beta_1': 0.9323388759165566, 'beta_2': 0.9917338020378367, 'epsilon': 9.108638078022666e-07, 'hidden_layer_sizes': 62, 'learning_rate_init': 0.00047732319650191466, 'tol': 0.000347771190810927, 'validation_fraction': 0.8245049571852395}
observation time 0.000005, current best 0.326530 at iter 9
suggestion time taken 20.573337 iter 10 next_points [{'alpha': 0.34583145290787737, 'batch_size': 151, 'beta_1': 0.9796057398563727, 'beta_2': 0.9998950346169253, 'epsilon': 3.179330275103036e-09, 'hidden_layer_sizes': 184, 'learning_rate_init': 0.0032194847713282113, 'tol': 0.00919766575712939, 'validation_fraction': 0.17325819787407667}]
function_evaluation time 1.112278 value 1.022880 suggestion {'alpha': 0.34583145290787737, 'batch_size': 151, 'beta_1': 0.9796057398563727, 'beta_2': 0.9998950346169253, 'epsilon': 3.179330275103036e-09, 'hidden_layer_sizes': 184, 'learning_rate_init': 0.0032194847713282113, 'tol': 0.00919766575712939, 'validation_fraction': 0.17325819787407667}
observation time 0.000020, current best 0.326530 at iter 10
suggestion time taken 20.109828 iter 11 next_points [{'alpha': 0.0009858171223056194, 'batch_size': 73, 'beta_1': 0.8682937505704466, 'beta_2': 0.9997617539876953, 'epsilon': 8.809109404708126e-07, 'hidden_layer_sizes': 90, 'learning_rate_init': 0.0004206403796127917, 'tol': 7.78226248624068e-05, 'validation_fraction': 0.35445154460593026}]
function_evaluation time 0.704383 value 5.264338 suggestion {'alpha': 0.0009858171223056194, 'batch_size': 73, 'beta_1': 0.8682937505704466, 'beta_2': 0.9997617539876953, 'epsilon': 8.809109404708126e-07, 'hidden_layer_sizes': 90, 'learning_rate_init': 0.0004206403796127917, 'tol': 7.78226248624068e-05, 'validation_fraction': 0.35445154460593026}
observation time 0.000005, current best 0.326530 at iter 11
suggestion time taken 19.930046 iter 12 next_points [{'alpha': 1.5993485097408593, 'batch_size': 64, 'beta_1': 0.9767970217576466, 'beta_2': 0.9999969626333446, 'epsilon': 3.9011233855303014e-07, 'hidden_layer_sizes': 104, 'learning_rate_init': 0.03355573822797683, 'tol': 0.02369955127028157, 'validation_fraction': 0.21348521798687015}]
function_evaluation time 0.775890 value 0.672335 suggestion {'alpha': 1.5993485097408593, 'batch_size': 64, 'beta_1': 0.9767970217576466, 'beta_2': 0.9999969626333446, 'epsilon': 3.9011233855303014e-07, 'hidden_layer_sizes': 104, 'learning_rate_init': 0.03355573822797683, 'tol': 0.02369955127028157, 'validation_fraction': 0.21348521798687015}
observation time 0.000005, current best 0.326530 at iter 12
suggestion time taken 20.635617 iter 13 next_points [{'alpha': 2.106711867137321e-05, 'batch_size': 41, 'beta_1': 0.6014462042977988, 'beta_2': 0.984899860304291, 'epsilon': 6.966242496752012e-07, 'hidden_layer_sizes': 150, 'learning_rate_init': 0.0003536151619188937, 'tol': 0.022472786777632352, 'validation_fraction': 0.820487855680075}]
function_evaluation time 0.659668 value 4.671654 suggestion {'alpha': 2.106711867137321e-05, 'batch_size': 41, 'beta_1': 0.6014462042977988, 'beta_2': 0.984899860304291, 'epsilon': 6.966242496752012e-07, 'hidden_layer_sizes': 150, 'learning_rate_init': 0.0003536151619188937, 'tol': 0.022472786777632352, 'validation_fraction': 0.820487855680075}
observation time 0.000006, current best 0.326530 at iter 13
suggestion time taken 20.305169 iter 14 next_points [{'alpha': 2.8205573927791687, 'batch_size': 11, 'beta_1': 0.7597943852390786, 'beta_2': 0.989507647415317, 'epsilon': 4.876711521320155e-07, 'hidden_layer_sizes': 88, 'learning_rate_init': 0.0017327268373541656, 'tol': 0.0001562973735977516, 'validation_fraction': 0.7760888367768072}]
function_evaluation time 1.627862 value 0.420512 suggestion {'alpha': 2.8205573927791687, 'batch_size': 11, 'beta_1': 0.7597943852390786, 'beta_2': 0.989507647415317, 'epsilon': 4.876711521320155e-07, 'hidden_layer_sizes': 88, 'learning_rate_init': 0.0017327268373541656, 'tol': 0.0001562973735977516, 'validation_fraction': 0.7760888367768072}
observation time 0.000010, current best 0.326530 at iter 14
suggestion time taken 21.069524 iter 15 next_points [{'alpha': 0.4425732821765273, 'batch_size': 20, 'beta_1': 0.9700108188637655, 'beta_2': 0.9999737884659629, 'epsilon': 6.034807664150795e-08, 'hidden_layer_sizes': 153, 'learning_rate_init': 0.0028470963617593823, 'tol': 0.0020851134698111865, 'validation_fraction': 0.6222080523752075}]
function_evaluation time 1.550741 value 0.762134 suggestion {'alpha': 0.4425732821765273, 'batch_size': 20, 'beta_1': 0.9700108188637655, 'beta_2': 0.9999737884659629, 'epsilon': 6.034807664150795e-08, 'hidden_layer_sizes': 153, 'learning_rate_init': 0.0028470963617593823, 'tol': 0.0020851134698111865, 'validation_fraction': 0.6222080523752075}
observation time 0.000005, current best 0.326530 at iter 15
suggestion time taken 19.721113 iter 16 next_points [{'alpha': 0.0002131423603379491, 'batch_size': 13, 'beta_1': 0.7577520244820831, 'beta_2': 0.9999786796440331, 'epsilon': 6.9965258059049975e-09, 'hidden_layer_sizes': 71, 'learning_rate_init': 0.0021437675400513777, 'tol': 0.00016205401981831853, 'validation_fraction': 0.41041633071275174}]
function_evaluation time 2.571475 value 0.291782 suggestion {'alpha': 0.0002131423603379491, 'batch_size': 13, 'beta_1': 0.7577520244820831, 'beta_2': 0.9999786796440331, 'epsilon': 6.9965258059049975e-09, 'hidden_layer_sizes': 71, 'learning_rate_init': 0.0021437675400513777, 'tol': 0.00016205401981831853, 'validation_fraction': 0.41041633071275174}
observation time 0.000004, current best 0.291782 at iter 16
suggestion time taken 20.355224 iter 17 next_points [{'alpha': 0.27496050952669504, 'batch_size': 90, 'beta_1': 0.8100617144559045, 'beta_2': 0.9999568135442738, 'epsilon': 4.461501807702123e-09, 'hidden_layer_sizes': 68, 'learning_rate_init': 7.74219577041788e-05, 'tol': 6.260230121090376e-05, 'validation_fraction': 0.8370950486460587}]
/home/ryedida/.local/lib/python3.8/site-packages/sklearn/neural_network/_multilayer_perceptron.py:621: UserWarning: Got `batch_size` less than 1 or larger than sample size. It is going to be clipped
  warnings.warn(

function_evaluation time 0.586429 value 12.064146 suggestion {'alpha': 0.27496050952669504, 'batch_size': 90, 'beta_1': 0.8100617144559045, 'beta_2': 0.9999568135442738, 'epsilon': 4.461501807702123e-09, 'hidden_layer_sizes': 68, 'learning_rate_init': 7.74219577041788e-05, 'tol': 6.260230121090376e-05, 'validation_fraction': 0.8370950486460587}
observation time 0.000005, current best 0.291782 at iter 17
suggestion time taken 16.054825 iter 18 next_points [{'alpha': 1.563286480194069, 'batch_size': 221, 'beta_1': 0.7734801879791012, 'beta_2': 0.9999655202869517, 'epsilon': 2.865336854863484e-07, 'hidden_layer_sizes': 91, 'learning_rate_init': 0.013364088459594262, 'tol': 0.06866792149190706, 'validation_fraction': 0.13366875717532123}]
function_evaluation time 0.388059 value 0.762643 suggestion {'alpha': 1.563286480194069, 'batch_size': 221, 'beta_1': 0.7734801879791012, 'beta_2': 0.9999655202869517, 'epsilon': 2.865336854863484e-07, 'hidden_layer_sizes': 91, 'learning_rate_init': 0.013364088459594262, 'tol': 0.06866792149190706, 'validation_fraction': 0.13366875717532123}
observation time 0.000005, current best 0.291782 at iter 18
suggestion time taken 15.517889 iter 19 next_points [{'alpha': 0.000990124494869128, 'batch_size': 25, 'beta_1': 0.9897828482852173, 'beta_2': 0.9853977920120637, 'epsilon': 9.764584806096073e-08, 'hidden_layer_sizes': 127, 'learning_rate_init': 0.015574751980858574, 'tol': 1.956781173222689e-05, 'validation_fraction': 0.8466055906433279}]
function_evaluation time 0.589716 value 0.969687 suggestion {'alpha': 0.000990124494869128, 'batch_size': 25, 'beta_1': 0.9897828482852173, 'beta_2': 0.9853977920120637, 'epsilon': 9.764584806096073e-08, 'hidden_layer_sizes': 127, 'learning_rate_init': 0.015574751980858574, 'tol': 1.956781173222689e-05, 'validation_fraction': 0.8466055906433279}
observation time 0.000004, current best 0.291782 at iter 19
suggestion time taken 15.262022 iter 20 next_points [{'alpha': 1.5088281099304009e-05, 'batch_size': 113, 'beta_1': 0.9756496773301723, 'beta_2': 0.9998721393923587, 'epsilon': 1.6547883224423506e-09, 'hidden_layer_sizes': 122, 'learning_rate_init': 0.0009488980041297317, 'tol': 1.063468060885644e-05, 'validation_fraction': 0.5325144360437309}]
function_evaluation time 0.514086 value 3.003910 suggestion {'alpha': 1.5088281099304009e-05, 'batch_size': 113, 'beta_1': 0.9756496773301723, 'beta_2': 0.9998721393923587, 'epsilon': 1.6547883224423506e-09, 'hidden_layer_sizes': 122, 'learning_rate_init': 0.0009488980041297317, 'tol': 1.063468060885644e-05, 'validation_fraction': 0.5325144360437309}
observation time 0.000005, current best 0.291782 at iter 20
suggestion time taken 15.436060 iter 21 next_points [{'alpha': 0.06325323336005303, 'batch_size': 14, 'beta_1': 0.9292340379728317, 'beta_2': 0.994801735341983, 'epsilon': 1.637652741887046e-08, 'hidden_layer_sizes': 81, 'learning_rate_init': 0.005695600558138035, 'tol': 0.0007068983691988128, 'validation_fraction': 0.7176753152104851}]
function_evaluation time 1.213447 value 0.568421 suggestion {'alpha': 0.06325323336005303, 'batch_size': 14, 'beta_1': 0.9292340379728317, 'beta_2': 0.994801735341983, 'epsilon': 1.637652741887046e-08, 'hidden_layer_sizes': 81, 'learning_rate_init': 0.005695600558138035, 'tol': 0.0007068983691988128, 'validation_fraction': 0.7176753152104851}
observation time 0.000004, current best 0.291782 at iter 21
suggestion time taken 15.709905 iter 22 next_points [{'alpha': 5.214779172408921, 'batch_size': 45, 'beta_1': 0.9365306331282679, 'beta_2': 0.9999898434055456, 'epsilon': 1.5678299720858978e-07, 'hidden_layer_sizes': 87, 'learning_rate_init': 0.0003998054300588671, 'tol': 0.0026738533635000416, 'validation_fraction': 0.7194229477536859}]
function_evaluation time 1.087243 value 0.569990 suggestion {'alpha': 5.214779172408921, 'batch_size': 45, 'beta_1': 0.9365306331282679, 'beta_2': 0.9999898434055456, 'epsilon': 1.5678299720858978e-07, 'hidden_layer_sizes': 87, 'learning_rate_init': 0.0003998054300588671, 'tol': 0.0026738533635000416, 'validation_fraction': 0.7194229477536859}
observation time 0.000006, current best 0.291782 at iter 22
suggestion time taken 15.502512 iter 23 next_points [{'alpha': 0.49864965491503743, 'batch_size': 17, 'beta_1': 0.7947064024531214, 'beta_2': 0.9997720070506804, 'epsilon': 3.1762314513945326e-09, 'hidden_layer_sizes': 150, 'learning_rate_init': 0.01040482243353913, 'tol': 0.013086755790091685, 'validation_fraction': 0.8241051877465284}]
function_evaluation time 0.600159 value 0.856081 suggestion {'alpha': 0.49864965491503743, 'batch_size': 17, 'beta_1': 0.7947064024531214, 'beta_2': 0.9997720070506804, 'epsilon': 3.1762314513945326e-09, 'hidden_layer_sizes': 150, 'learning_rate_init': 0.01040482243353913, 'tol': 0.013086755790091685, 'validation_fraction': 0.8241051877465284}
observation time 0.000005, current best 0.291782 at iter 23
suggestion time taken 15.474868 iter 24 next_points [{'alpha': 0.493052548759904, 'batch_size': 11, 'beta_1': 0.64353833676342, 'beta_2': 0.9951313831789779, 'epsilon': 5.030631831752844e-09, 'hidden_layer_sizes': 187, 'learning_rate_init': 0.0011950212266216868, 'tol': 2.1929287023002984e-05, 'validation_fraction': 0.8417113551770333}]
function_evaluation time 0.925503 value 0.300433 suggestion {'alpha': 0.493052548759904, 'batch_size': 11, 'beta_1': 0.64353833676342, 'beta_2': 0.9951313831789779, 'epsilon': 5.030631831752844e-09, 'hidden_layer_sizes': 187, 'learning_rate_init': 0.0011950212266216868, 'tol': 2.1929287023002984e-05, 'validation_fraction': 0.8417113551770333}
observation time 0.000005, current best 0.291782 at iter 24
suggestion time taken 15.191327 iter 25 next_points [{'alpha': 0.2887375041936708, 'batch_size': 28, 'beta_1': 0.8471304996427262, 'beta_2': 0.9999884539366195, 'epsilon': 1.2002312064223218e-09, 'hidden_layer_sizes': 172, 'learning_rate_init': 1.3876190189010544e-05, 'tol': 0.00017598670335007688, 'validation_fraction': 0.45695681842593927}]
function_evaluation time 1.637768 value 10.085421 suggestion {'alpha': 0.2887375041936708, 'batch_size': 28, 'beta_1': 0.8471304996427262, 'beta_2': 0.9999884539366195, 'epsilon': 1.2002312064223218e-09, 'hidden_layer_sizes': 172, 'learning_rate_init': 1.3876190189010544e-05, 'tol': 0.00017598670335007688, 'validation_fraction': 0.45695681842593927}
observation time 0.000005, current best 0.291782 at iter 25
suggestion time taken 14.820830 iter 26 next_points [{'alpha': 1.0351696066213882, 'batch_size': 41, 'beta_1': 0.6820491354958422, 'beta_2': 0.9999438468825487, 'epsilon': 8.775517049682175e-08, 'hidden_layer_sizes': 126, 'learning_rate_init': 0.02667852345236049, 'tol': 5.34802704513069e-05, 'validation_fraction': 0.7338729630486289}]
function_evaluation time 0.524746 value 1.053301 suggestion {'alpha': 1.0351696066213882, 'batch_size': 41, 'beta_1': 0.6820491354958422, 'beta_2': 0.9999438468825487, 'epsilon': 8.775517049682175e-08, 'hidden_layer_sizes': 126, 'learning_rate_init': 0.02667852345236049, 'tol': 5.34802704513069e-05, 'validation_fraction': 0.7338729630486289}
observation time 0.000004, current best 0.291782 at iter 26
suggestion time taken 15.572115 iter 27 next_points [{'alpha': 4.1084449055729845e-05, 'batch_size': 32, 'beta_1': 0.9699738558834894, 'beta_2': 0.9998444623797228, 'epsilon': 1.0820302940991408e-09, 'hidden_layer_sizes': 101, 'learning_rate_init': 0.018410436368496253, 'tol': 0.07051197747120243, 'validation_fraction': 0.7607409187710288}]
function_evaluation time 0.453867 value 1.062581 suggestion {'alpha': 4.1084449055729845e-05, 'batch_size': 32, 'beta_1': 0.9699738558834894, 'beta_2': 0.9998444623797228, 'epsilon': 1.0820302940991408e-09, 'hidden_layer_sizes': 101, 'learning_rate_init': 0.018410436368496253, 'tol': 0.07051197747120243, 'validation_fraction': 0.7607409187710288}
observation time 0.000005, current best 0.291782 at iter 27
suggestion time taken 15.066746 iter 28 next_points [{'alpha': 0.048322072376460114, 'batch_size': 75, 'beta_1': 0.5868813814167313, 'beta_2': 0.9999975780434064, 'epsilon': 1.29956812382025e-09, 'hidden_layer_sizes': 87, 'learning_rate_init': 0.001224646005414845, 'tol': 1.7634575773469553e-05, 'validation_fraction': 0.1222263503096537}]
function_evaluation time 0.368003 value 0.337398 suggestion {'alpha': 0.048322072376460114, 'batch_size': 75, 'beta_1': 0.5868813814167313, 'beta_2': 0.9999975780434064, 'epsilon': 1.29956812382025e-09, 'hidden_layer_sizes': 87, 'learning_rate_init': 0.001224646005414845, 'tol': 1.7634575773469553e-05, 'validation_fraction': 0.1222263503096537}
observation time 0.000005, current best 0.291782 at iter 28
suggestion time taken 16.074987 iter 29 next_points [{'alpha': 0.4132384906351297, 'batch_size': 150, 'beta_1': 0.7681316773348158, 'beta_2': 0.9999914690047609, 'epsilon': 1.2212323525249503e-09, 'hidden_layer_sizes': 196, 'learning_rate_init': 0.0766889736738125, 'tol': 0.051022067265210344, 'validation_fraction': 0.8459624273479651}]
/home/ryedida/.local/lib/python3.8/site-packages/sklearn/neural_network/_multilayer_perceptron.py:621: UserWarning: Got `batch_size` less than 1 or larger than sample size. It is going to be clipped
  warnings.warn(

function_evaluation time 0.361410 value 3.090239 suggestion {'alpha': 0.4132384906351297, 'batch_size': 150, 'beta_1': 0.7681316773348158, 'beta_2': 0.9999914690047609, 'epsilon': 1.2212323525249503e-09, 'hidden_layer_sizes': 196, 'learning_rate_init': 0.0766889736738125, 'tol': 0.051022067265210344, 'validation_fraction': 0.8459624273479651}
observation time 0.000005, current best 0.291782 at iter 29
suggestion time taken 15.174106 iter 30 next_points [{'alpha': 0.004551042273511722, 'batch_size': 18, 'beta_1': 0.9632055523570259, 'beta_2': 0.9985272171096279, 'epsilon': 1.9218721184592486e-08, 'hidden_layer_sizes': 131, 'learning_rate_init': 0.0008090314983719531, 'tol': 0.004222434027118342, 'validation_fraction': 0.3889367545604154}]
function_evaluation time 2.148323 value 0.273339 suggestion {'alpha': 0.004551042273511722, 'batch_size': 18, 'beta_1': 0.9632055523570259, 'beta_2': 0.9985272171096279, 'epsilon': 1.9218721184592486e-08, 'hidden_layer_sizes': 131, 'learning_rate_init': 0.0008090314983719531, 'tol': 0.004222434027118342, 'validation_fraction': 0.3889367545604154}
observation time 0.000005, current best 0.273339 at iter 30
suggestion time taken 16.313750 iter 31 next_points [{'alpha': 0.24702319196849382, 'batch_size': 224, 'beta_1': 0.6595188497587777, 'beta_2': 0.9905323191451447, 'epsilon': 8.44370076796208e-08, 'hidden_layer_sizes': 57, 'learning_rate_init': 0.00034165758236221383, 'tol': 1.2409500962274956e-05, 'validation_fraction': 0.6417407161519836}]
/home/ryedida/.local/lib/python3.8/site-packages/sklearn/neural_network/_multilayer_perceptron.py:621: UserWarning: Got `batch_size` less than 1 or larger than sample size. It is going to be clipped
  warnings.warn(

function_evaluation time 0.243160 value 11.740337 suggestion {'alpha': 0.24702319196849382, 'batch_size': 224, 'beta_1': 0.6595188497587777, 'beta_2': 0.9905323191451447, 'epsilon': 8.44370076796208e-08, 'hidden_layer_sizes': 57, 'learning_rate_init': 0.00034165758236221383, 'tol': 1.2409500962274956e-05, 'validation_fraction': 0.6417407161519836}
observation time 0.000005, current best 0.273339 at iter 31
suggestion time taken 15.025680 iter 32 next_points [{'alpha': 0.00897992608020893, 'batch_size': 221, 'beta_1': 0.9353226300588138, 'beta_2': 0.9357498427368315, 'epsilon': 2.8744370579521786e-08, 'hidden_layer_sizes': 147, 'learning_rate_init': 0.009485521512479174, 'tol': 0.00014851751646585145, 'validation_fraction': 0.6941636837551888}]
/home/ryedida/.local/lib/python3.8/site-packages/sklearn/neural_network/_multilayer_perceptron.py:621: UserWarning: Got `batch_size` less than 1 or larger than sample size. It is going to be clipped
  warnings.warn(

function_evaluation time 0.486587 value 0.687053 suggestion {'alpha': 0.00897992608020893, 'batch_size': 221, 'beta_1': 0.9353226300588138, 'beta_2': 0.9357498427368315, 'epsilon': 2.8744370579521786e-08, 'hidden_layer_sizes': 147, 'learning_rate_init': 0.009485521512479174, 'tol': 0.00014851751646585145, 'validation_fraction': 0.6941636837551888}
observation time 0.000005, current best 0.273339 at iter 32
suggestion time taken 15.778306 iter 33 next_points [{'alpha': 4.453417142669357, 'batch_size': 113, 'beta_1': 0.9517741180998041, 'beta_2': 0.9999826358620288, 'epsilon': 3.6308653846610586e-07, 'hidden_layer_sizes': 191, 'learning_rate_init': 2.422998519217182e-05, 'tol': 0.0031271272706932464, 'validation_fraction': 0.11593111676980432}]
function_evaluation time 0.668689 value 13.813006 suggestion {'alpha': 4.453417142669357, 'batch_size': 113, 'beta_1': 0.9517741180998041, 'beta_2': 0.9999826358620288, 'epsilon': 3.6308653846610586e-07, 'hidden_layer_sizes': 191, 'learning_rate_init': 2.422998519217182e-05, 'tol': 0.0031271272706932464, 'validation_fraction': 0.11593111676980432}
observation time 0.000005, current best 0.273339 at iter 33
suggestion time taken 15.225357 iter 34 next_points [{'alpha': 0.3297124717923335, 'batch_size': 14, 'beta_1': 0.9880749536855883, 'beta_2': 0.9999937492291716, 'epsilon': 6.962463586373972e-07, 'hidden_layer_sizes': 81, 'learning_rate_init': 0.0005232205038947476, 'tol': 0.022178499600356293, 'validation_fraction': 0.5109591666576878}]
function_evaluation time 1.453236 value 0.479473 suggestion {'alpha': 0.3297124717923335, 'batch_size': 14, 'beta_1': 0.9880749536855883, 'beta_2': 0.9999937492291716, 'epsilon': 6.962463586373972e-07, 'hidden_layer_sizes': 81, 'learning_rate_init': 0.0005232205038947476, 'tol': 0.022178499600356293, 'validation_fraction': 0.5109591666576878}
observation time 0.000005, current best 0.273339 at iter 34
suggestion time taken 16.184127 iter 35 next_points [{'alpha': 0.004834392237796429, 'batch_size': 18, 'beta_1': 0.9881518278783074, 'beta_2': 0.9985644214953097, 'epsilon': 1.9603996598699864e-08, 'hidden_layer_sizes': 113, 'learning_rate_init': 0.005965634764193491, 'tol': 3.213867024806029e-05, 'validation_fraction': 0.2140621968803474}]
function_evaluation time 1.863206 value 1.103830 suggestion {'alpha': 0.004834392237796429, 'batch_size': 18, 'beta_1': 0.9881518278783074, 'beta_2': 0.9985644214953097, 'epsilon': 1.9603996598699864e-08, 'hidden_layer_sizes': 113, 'learning_rate_init': 0.005965634764193491, 'tol': 3.213867024806029e-05, 'validation_fraction': 0.2140621968803474}
observation time 0.000005, current best 0.273339 at iter 35
suggestion time taken 15.495195 iter 36 next_points [{'alpha': 0.001112994592551129, 'batch_size': 225, 'beta_1': 0.9772802703828002, 'beta_2': 0.999998365853375, 'epsilon': 2.8011316337821077e-07, 'hidden_layer_sizes': 93, 'learning_rate_init': 0.0003945221130024053, 'tol': 0.0003569445566784434, 'validation_fraction': 0.1489009891631686}]
function_evaluation time 0.520203 value 8.840622 suggestion {'alpha': 0.001112994592551129, 'batch_size': 225, 'beta_1': 0.9772802703828002, 'beta_2': 0.999998365853375, 'epsilon': 2.8011316337821077e-07, 'hidden_layer_sizes': 93, 'learning_rate_init': 0.0003945221130024053, 'tol': 0.0003569445566784434, 'validation_fraction': 0.1489009891631686}
observation time 0.000005, current best 0.273339 at iter 36
suggestion time taken 18.177721 iter 37 next_points [{'alpha': 0.6554359397779702, 'batch_size': 75, 'beta_1': 0.8839813936037461, 'beta_2': 0.9999936019184268, 'epsilon': 7.894277385749186e-07, 'hidden_layer_sizes': 114, 'learning_rate_init': 0.005916203081276877, 'tol': 4.04928227054446e-05, 'validation_fraction': 0.17398233800860308}]
function_evaluation time 0.842182 value 1.051930 suggestion {'alpha': 0.6554359397779702, 'batch_size': 75, 'beta_1': 0.8839813936037461, 'beta_2': 0.9999936019184268, 'epsilon': 7.894277385749186e-07, 'hidden_layer_sizes': 114, 'learning_rate_init': 0.005916203081276877, 'tol': 4.04928227054446e-05, 'validation_fraction': 0.17398233800860308}
observation time 0.000006, current best 0.273339 at iter 37
suggestion time taken 21.914510 iter 38 next_points [{'alpha': 0.00530063851456006, 'batch_size': 11, 'beta_1': 0.9808552558781937, 'beta_2': 0.9966550762667769, 'epsilon': 5.892996242721809e-09, 'hidden_layer_sizes': 196, 'learning_rate_init': 0.023957842421669408, 'tol': 0.006840588242234727, 'validation_fraction': 0.3162764501153573}]
function_evaluation time 4.985764 value 0.213449 suggestion {'alpha': 0.00530063851456006, 'batch_size': 11, 'beta_1': 0.9808552558781937, 'beta_2': 0.9966550762667769, 'epsilon': 5.892996242721809e-09, 'hidden_layer_sizes': 196, 'learning_rate_init': 0.023957842421669408, 'tol': 0.006840588242234727, 'validation_fraction': 0.3162764501153573}
observation time 0.000006, current best 0.213449 at iter 38
suggestion time taken 20.256279 iter 39 next_points [{'alpha': 0.008369763981302594, 'batch_size': 150, 'beta_1': 0.6199240029317864, 'beta_2': 0.9999978637112555, 'epsilon': 7.872640807862162e-07, 'hidden_layer_sizes': 177, 'learning_rate_init': 0.00010295651177625386, 'tol': 0.0015193329072814151, 'validation_fraction': 0.7517435506958972}]
/home/ryedida/.local/lib/python3.8/site-packages/sklearn/neural_network/_multilayer_perceptron.py:621: UserWarning: Got `batch_size` less than 1 or larger than sample size. It is going to be clipped
  warnings.warn(

function_evaluation time 0.687737 value 8.222131 suggestion {'alpha': 0.008369763981302594, 'batch_size': 150, 'beta_1': 0.6199240029317864, 'beta_2': 0.9999978637112555, 'epsilon': 7.872640807862162e-07, 'hidden_layer_sizes': 177, 'learning_rate_init': 0.00010295651177625386, 'tol': 0.0015193329072814151, 'validation_fraction': 0.7517435506958972}
observation time 0.000005, current best 0.213449 at iter 39
suggestion time taken 21.249249 iter 40 next_points [{'alpha': 0.47314481815727805, 'batch_size': 90, 'beta_1': 0.693218376386638, 'beta_2': 0.9999977635775663, 'epsilon': 2.6489987882138195e-08, 'hidden_layer_sizes': 133, 'learning_rate_init': 0.010142316167443929, 'tol': 0.00011402075475889797, 'validation_fraction': 0.20333341216979517}]
function_evaluation time 1.023476 value 0.808009 suggestion {'alpha': 0.47314481815727805, 'batch_size': 90, 'beta_1': 0.693218376386638, 'beta_2': 0.9999977635775663, 'epsilon': 2.6489987882138195e-08, 'hidden_layer_sizes': 133, 'learning_rate_init': 0.010142316167443929, 'tol': 0.00011402075475889797, 'validation_fraction': 0.20333341216979517}
observation time 0.000006, current best 0.213449 at iter 40
suggestion time taken 21.026890 iter 41 next_points [{'alpha': 1.5686423002673523e-05, 'batch_size': 10, 'beta_1': 0.6250525215152033, 'beta_2': 0.9997721054366556, 'epsilon': 2.627574171830232e-07, 'hidden_layer_sizes': 134, 'learning_rate_init': 0.022010857884748356, 'tol': 0.002159525252044878, 'validation_fraction': 0.47209363957852724}]
function_evaluation time 3.150543 value 0.779077 suggestion {'alpha': 1.5686423002673523e-05, 'batch_size': 10, 'beta_1': 0.6250525215152033, 'beta_2': 0.9997721054366556, 'epsilon': 2.627574171830232e-07, 'hidden_layer_sizes': 134, 'learning_rate_init': 0.022010857884748356, 'tol': 0.002159525252044878, 'validation_fraction': 0.47209363957852724}
observation time 0.000005, current best 0.213449 at iter 41
suggestion time taken 21.293679 iter 42 next_points [{'alpha': 0.2734432096334215, 'batch_size': 151, 'beta_1': 0.5844355666985457, 'beta_2': 0.913124090403767, 'epsilon': 2.0481925001266514e-09, 'hidden_layer_sizes': 116, 'learning_rate_init': 0.00017572411055562565, 'tol': 0.037913881225454776, 'validation_fraction': 0.7851731679091893}]
/home/ryedida/.local/lib/python3.8/site-packages/sklearn/neural_network/_multilayer_perceptron.py:621: UserWarning: Got `batch_size` less than 1 or larger than sample size. It is going to be clipped
  warnings.warn(

function_evaluation time 0.269491 value 16.088466 suggestion {'alpha': 0.2734432096334215, 'batch_size': 151, 'beta_1': 0.5844355666985457, 'beta_2': 0.913124090403767, 'epsilon': 2.0481925001266514e-09, 'hidden_layer_sizes': 116, 'learning_rate_init': 0.00017572411055562565, 'tol': 0.037913881225454776, 'validation_fraction': 0.7851731679091893}
observation time 0.000014, current best 0.213449 at iter 42
suggestion time taken 20.606769 iter 43 next_points [{'alpha': 0.0016794571512791941, 'batch_size': 113, 'beta_1': 0.7311531368887961, 'beta_2': 0.9999988990093416, 'epsilon': 4.162559413116677e-08, 'hidden_layer_sizes': 95, 'learning_rate_init': 0.002463757788651568, 'tol': 0.0006422378448698383, 'validation_fraction': 0.2761573906945109}]
function_evaluation time 0.872531 value 0.342989 suggestion {'alpha': 0.0016794571512791941, 'batch_size': 113, 'beta_1': 0.7311531368887961, 'beta_2': 0.9999988990093416, 'epsilon': 4.162559413116677e-08, 'hidden_layer_sizes': 95, 'learning_rate_init': 0.002463757788651568, 'tol': 0.0006422378448698383, 'validation_fraction': 0.2761573906945109}
observation time 0.000012, current best 0.213449 at iter 43
suggestion time taken 20.374787 iter 44 next_points [{'alpha': 6.475713144004279, 'batch_size': 90, 'beta_1': 0.8675936789964226, 'beta_2': 0.9996846454064366, 'epsilon': 3.5037425950567308e-09, 'hidden_layer_sizes': 181, 'learning_rate_init': 1.541175769814663e-05, 'tol': 0.0008361163545514778, 'validation_fraction': 0.42756030889160235}]
function_evaluation time 0.573423 value 21.904606 suggestion {'alpha': 6.475713144004279, 'batch_size': 90, 'beta_1': 0.8675936789964226, 'beta_2': 0.9996846454064366, 'epsilon': 3.5037425950567308e-09, 'hidden_layer_sizes': 181, 'learning_rate_init': 1.541175769814663e-05, 'tol': 0.0008361163545514778, 'validation_fraction': 0.42756030889160235}
observation time 0.000007, current best 0.213449 at iter 44
saving meta data: {'args': {'--uuid': '603fecaf867a57b090cb26c716e62c54', '-db-root': '/home/ryedida/bbo_challenge_starter_kit/output', '--opt-root': '/home/ryedida/bbo_challenge_starter_kit/example_submissions', '--data-root': None, '--db': 'run_20231013_070336', '--opt': 'strongcvx', '--data': 'breast', '--classifier': 'MLP-adam', '--metric': 'nll', '--calls': 45, '--suggestions': 1, '--jobs-file': None, '--verbose': False, 'dry_run': False, 'rev': 'a376313', 'opt_rev': 'x.x.x'}, 'signature': ([{'alpha': 0.019628224813442792, 'batch_size': 182, 'beta_1': 0.9410202200271762, 'beta_2': 0.9998021557676793, 'epsilon': 1.8662266976518e-08, 'hidden_layer_sizes': 147, 'learning_rate_init': 0.0005627932047415167, 'tol': 0.03690557729213761, 'validation_fraction': 0.8846827852548593}, {'alpha': 0.001998246739232944, 'batch_size': 200, 'beta_1': 0.919111482530466, 'beta_2': 0.9998488260436156, 'epsilon': 5.981221901152555e-07, 'hidden_layer_sizes': 61, 'learning_rate_init': 2.2310905607443014e-05, 'tol': 1.2046852412030316e-05, 'validation_fraction': 0.8117896445826539}, {'alpha': 0.46659545670218433, 'batch_size': 219, 'beta_1': 0.9889789783750891, 'beta_2': 0.9999896868093284, 'epsilon': 2.4234724484675948e-08, 'hidden_layer_sizes': 167, 'learning_rate_init': 2.972334644335654e-05, 'tol': 0.0036281404040243792, 'validation_fraction': 0.17260651658522078}, {'alpha': 4.656005689076002, 'batch_size': 135, 'beta_1': 0.870503881627747, 'beta_2': 0.9948873266941017, 'epsilon': 2.1023308743480125e-07, 'hidden_layer_sizes': 118, 'learning_rate_init': 0.001878173875716191, 'tol': 1.1889379831773006e-05, 'validation_fraction': 0.6264327093752792}, {'alpha': 0.04705159350400542, 'batch_size': 158, 'beta_1': 0.9870884262730957, 'beta_2': 0.9999596874382349, 'epsilon': 1.1981845126013875e-08, 'hidden_layer_sizes': 116, 'learning_rate_init': 0.006173405204074311, 'tol': 1.7414134181586194e-05, 'validation_fraction': 0.6754299026638921}], [7.80364911041716, 14.04577697134529, 11.882715334689305, 5.083775239316363, 3.3813441495654772])}
saving results
saving timing
saving suggest log
done
