running: {'--uuid': '7ea76f790655552f9d412b37b15dcffd', '-db-root': '/home/ryedida/bbo_challenge_starter_kit/output', '--opt-root': '/home/ryedida/bbo_challenge_starter_kit/example_submissions', '--data-root': None, '--db': 'run_20231013_070336', '--opt': 'strongcvx', '--data': 'breast', '--classifier': 'MLP-adam', '--metric': 'acc', '--calls': 45, '--suggestions': 1, '--jobs-file': None, '--verbose': False, 'dry_run': False, 'rev': 'a376313', 'opt_rev': 'x.x.x'}
cmd: python strongcvx/optimizer.py -c MLP-adam -d breast -o strongcvx -u 7ea76f790655552f9d412b37b15dcffd -m acc -n 45 -p 1 -dir /home/ryedida/bbo_challenge_starter_kit/output -b run_20231013_070336
/home/ryedida/.local/lib/python3.8/site-packages/sklearn/neural_network/_multilayer_perceptron.py:621: UserWarning: Got `batch_size` less than 1 or larger than sample size. It is going to be clipped
  warnings.warn(

/home/ryedida/.local/lib/python3.8/site-packages/sklearn/neural_network/_multilayer_perceptron.py:621: UserWarning: Got `batch_size` less than 1 or larger than sample size. It is going to be clipped
  warnings.warn(

/home/ryedida/.local/lib/python3.8/site-packages/sklearn/neural_network/_multilayer_perceptron.py:621: UserWarning: Got `batch_size` less than 1 or larger than sample size. It is going to be clipped
  warnings.warn(

computed signature: ([{'alpha': 0.019628224813442792, 'batch_size': 182, 'beta_1': 0.9410202200271762, 'beta_2': 0.9998021557676793, 'epsilon': 1.8662266976518e-08, 'hidden_layer_sizes': 147, 'learning_rate_init': 0.0005627932047415167, 'tol': 0.03690557729213761, 'validation_fraction': 0.8846827852548593}, {'alpha': 0.001998246739232944, 'batch_size': 200, 'beta_1': 0.919111482530466, 'beta_2': 0.9998488260436156, 'epsilon': 5.981221901152555e-07, 'hidden_layer_sizes': 61, 'learning_rate_init': 2.2310905607443014e-05, 'tol': 1.2046852412030316e-05, 'validation_fraction': 0.8117896445826539}, {'alpha': 0.46659545670218433, 'batch_size': 219, 'beta_1': 0.9889789783750891, 'beta_2': 0.9999896868093284, 'epsilon': 2.4234724484675948e-08, 'hidden_layer_sizes': 167, 'learning_rate_init': 2.972334644335654e-05, 'tol': 0.0036281404040243792, 'validation_fraction': 0.17260651658522078}, {'alpha': 4.656005689076002, 'batch_size': 135, 'beta_1': 0.870503881627747, 'beta_2': 0.9948873266941017, 'epsilon': 2.1023308743480125e-07, 'hidden_layer_sizes': 118, 'learning_rate_init': 0.001878173875716191, 'tol': 1.1889379831773006e-05, 'validation_fraction': 0.6264327093752792}, {'alpha': 0.04705159350400542, 'batch_size': 158, 'beta_1': 0.9870884262730957, 'beta_2': 0.9999596874382349, 'epsilon': 1.1981845126013875e-08, 'hidden_layer_sizes': 116, 'learning_rate_init': 0.006173405204074311, 'tol': 1.7414134181586194e-05, 'validation_fraction': 0.6754299026638921}], [-0.676923076923077, -0.567032967032967, -0.545054945054945, -0.7824175824175824, -0.843956043956044])
/home/ryedida/.local/lib/python3.8/site-packages/bayesmark/experiment.py:470: UserWarning: Baselines not found. Will not log intermediate scores.
  warnings.warn("Baselines not found. Will not log intermediate scores.")

starting sklearn study strongcvx MLP-adam breast acc 45 1
with data root: None
suggestion time taken 16.361120 iter 0 next_points [{'alpha': 0.0011975904836595617, 'batch_size': 10, 'beta_1': 0.9844999974974112, 'beta_2': 0.999822153806541, 'epsilon': 1.486677143976549e-07, 'hidden_layer_sizes': 82, 'learning_rate_init': 0.016611279846594443, 'tol': 1.9363427124896596e-05, 'validation_fraction': 0.4220877610243681}]
function_evaluation time 3.304219 value -0.912088 suggestion {'alpha': 0.0011975904836595617, 'batch_size': 10, 'beta_1': 0.9844999974974112, 'beta_2': 0.999822153806541, 'epsilon': 1.486677143976549e-07, 'hidden_layer_sizes': 82, 'learning_rate_init': 0.016611279846594443, 'tol': 1.9363427124896596e-05, 'validation_fraction': 0.4220877610243681}
observation time 0.000005, current best -0.912088 at iter 0
suggestion time taken 16.071273 iter 1 next_points [{'alpha': 0.004956857883133964, 'batch_size': 113, 'beta_1': 0.9684229963309553, 'beta_2': 0.9999669830475245, 'epsilon': 4.0738842360818643e-07, 'hidden_layer_sizes': 66, 'learning_rate_init': 0.00018035311702727804, 'tol': 0.06456194986524838, 'validation_fraction': 0.1734927403848935}]
function_evaluation time 0.195321 value -0.567033 suggestion {'alpha': 0.004956857883133964, 'batch_size': 113, 'beta_1': 0.9684229963309553, 'beta_2': 0.9999669830475245, 'epsilon': 4.0738842360818643e-07, 'hidden_layer_sizes': 66, 'learning_rate_init': 0.00018035311702727804, 'tol': 0.06456194986524838, 'validation_fraction': 0.1734927403848935}
observation time 0.000003, current best -0.912088 at iter 1
suggestion time taken 15.948427 iter 2 next_points [{'alpha': 1.9391439009149831, 'batch_size': 11, 'beta_1': 0.8987024932358609, 'beta_2': 0.9972260091318691, 'epsilon': 1.6570659328765518e-09, 'hidden_layer_sizes': 145, 'learning_rate_init': 0.03431459954240313, 'tol': 0.046363505798371854, 'validation_fraction': 0.3061649130646727}]
function_evaluation time 1.901881 value -0.903297 suggestion {'alpha': 1.9391439009149831, 'batch_size': 11, 'beta_1': 0.8987024932358609, 'beta_2': 0.9972260091318691, 'epsilon': 1.6570659328765518e-09, 'hidden_layer_sizes': 145, 'learning_rate_init': 0.03431459954240313, 'tol': 0.046363505798371854, 'validation_fraction': 0.3061649130646727}
observation time 0.000007, current best -0.912088 at iter 2
suggestion time taken 16.934584 iter 3 next_points [{'alpha': 0.00035316486022103985, 'batch_size': 45, 'beta_1': 0.9829644081214718, 'beta_2': 0.9999444204447181, 'epsilon': 3.754067737841185e-07, 'hidden_layer_sizes': 93, 'learning_rate_init': 1.4797599528236976e-05, 'tol': 0.0003197333257405496, 'validation_fraction': 0.7846690774829964}]
function_evaluation time 0.580470 value -0.549451 suggestion {'alpha': 0.00035316486022103985, 'batch_size': 45, 'beta_1': 0.9829644081214718, 'beta_2': 0.9999444204447181, 'epsilon': 3.754067737841185e-07, 'hidden_layer_sizes': 93, 'learning_rate_init': 1.4797599528236976e-05, 'tol': 0.0003197333257405496, 'validation_fraction': 0.7846690774829964}
observation time 0.000005, current best -0.912088 at iter 3
suggestion time taken 16.440468 iter 4 next_points [{'alpha': 0.003146589517924894, 'batch_size': 227, 'beta_1': 0.9848886430086237, 'beta_2': 0.9894087592969191, 'epsilon': 2.6993681831783513e-08, 'hidden_layer_sizes': 120, 'learning_rate_init': 0.0009231865023168254, 'tol': 0.0007140752209954188, 'validation_fraction': 0.3238709350976021}]
function_evaluation time 0.638205 value -0.786813 suggestion {'alpha': 0.003146589517924894, 'batch_size': 227, 'beta_1': 0.9848886430086237, 'beta_2': 0.9894087592969191, 'epsilon': 2.6993681831783513e-08, 'hidden_layer_sizes': 120, 'learning_rate_init': 0.0009231865023168254, 'tol': 0.0007140752209954188, 'validation_fraction': 0.3238709350976021}
observation time 0.000006, current best -0.912088 at iter 4
suggestion time taken 16.804801 iter 5 next_points [{'alpha': 0.011876179715006997, 'batch_size': 11, 'beta_1': 0.9461713390338353, 'beta_2': 0.9999978984714808, 'epsilon': 3.0505699459809786e-07, 'hidden_layer_sizes': 97, 'learning_rate_init': 0.048776660752904426, 'tol': 0.003444846032995069, 'validation_fraction': 0.1070173481290666}]
function_evaluation time 1.340282 value -0.907692 suggestion {'alpha': 0.011876179715006997, 'batch_size': 11, 'beta_1': 0.9461713390338353, 'beta_2': 0.9999978984714808, 'epsilon': 3.0505699459809786e-07, 'hidden_layer_sizes': 97, 'learning_rate_init': 0.048776660752904426, 'tol': 0.003444846032995069, 'validation_fraction': 0.1070173481290666}
observation time 0.000004, current best -0.912088 at iter 5
suggestion time taken 17.468240 iter 6 next_points [{'alpha': 0.9467174546098632, 'batch_size': 90, 'beta_1': 0.9847208669419724, 'beta_2': 0.9825815998544944, 'epsilon': 6.99011073286041e-08, 'hidden_layer_sizes': 56, 'learning_rate_init': 0.02889000337452461, 'tol': 0.00033466110869331014, 'validation_fraction': 0.48474513602129193}]
function_evaluation time 0.808926 value -0.887912 suggestion {'alpha': 0.9467174546098632, 'batch_size': 90, 'beta_1': 0.9847208669419724, 'beta_2': 0.9825815998544944, 'epsilon': 6.99011073286041e-08, 'hidden_layer_sizes': 56, 'learning_rate_init': 0.02889000337452461, 'tol': 0.00033466110869331014, 'validation_fraction': 0.48474513602129193}
observation time 0.000005, current best -0.912088 at iter 6
suggestion time taken 16.313663 iter 7 next_points [{'alpha': 2.8633062648237674e-05, 'batch_size': 113, 'beta_1': 0.9783116913457597, 'beta_2': 0.9998525328564238, 'epsilon': 1.1944308496080213e-09, 'hidden_layer_sizes': 145, 'learning_rate_init': 0.0001386662852916559, 'tol': 0.0005704512845394684, 'validation_fraction': 0.7921263124854121}]
/home/ryedida/.local/lib/python3.8/site-packages/sklearn/neural_network/_multilayer_perceptron.py:621: UserWarning: Got `batch_size` less than 1 or larger than sample size. It is going to be clipped
  warnings.warn(

function_evaluation time 0.317226 value -0.562637 suggestion {'alpha': 2.8633062648237674e-05, 'batch_size': 113, 'beta_1': 0.9783116913457597, 'beta_2': 0.9998525328564238, 'epsilon': 1.1944308496080213e-09, 'hidden_layer_sizes': 145, 'learning_rate_init': 0.0001386662852916559, 'tol': 0.0005704512845394684, 'validation_fraction': 0.7921263124854121}
observation time 0.000005, current best -0.912088 at iter 7
suggestion time taken 16.924628 iter 8 next_points [{'alpha': 0.0003025320746291662, 'batch_size': 113, 'beta_1': 0.7178708139948174, 'beta_2': 0.9361970858077066, 'epsilon': 3.529842752915069e-09, 'hidden_layer_sizes': 191, 'learning_rate_init': 0.002768729951943049, 'tol': 3.256764362197399e-05, 'validation_fraction': 0.3488779616537132}]
function_evaluation time 0.972344 value -0.901099 suggestion {'alpha': 0.0003025320746291662, 'batch_size': 113, 'beta_1': 0.7178708139948174, 'beta_2': 0.9361970858077066, 'epsilon': 3.529842752915069e-09, 'hidden_layer_sizes': 191, 'learning_rate_init': 0.002768729951943049, 'tol': 3.256764362197399e-05, 'validation_fraction': 0.3488779616537132}
observation time 0.000005, current best -0.912088 at iter 8
suggestion time taken 16.630338 iter 9 next_points [{'alpha': 4.062659793094727e-05, 'batch_size': 151, 'beta_1': 0.6591931057478103, 'beta_2': 0.9999648858890451, 'epsilon': 1.0138091823643122e-08, 'hidden_layer_sizes': 110, 'learning_rate_init': 0.00041343210795022236, 'tol': 2.430420139770986e-05, 'validation_fraction': 0.6994502206366343}]
/home/ryedida/.local/lib/python3.8/site-packages/sklearn/neural_network/_multilayer_perceptron.py:621: UserWarning: Got `batch_size` less than 1 or larger than sample size. It is going to be clipped
  warnings.warn(

function_evaluation time 0.248489 value -0.397802 suggestion {'alpha': 4.062659793094727e-05, 'batch_size': 151, 'beta_1': 0.6591931057478103, 'beta_2': 0.9999648858890451, 'epsilon': 1.0138091823643122e-08, 'hidden_layer_sizes': 110, 'learning_rate_init': 0.00041343210795022236, 'tol': 2.430420139770986e-05, 'validation_fraction': 0.6994502206366343}
observation time 0.000005, current best -0.912088 at iter 9
suggestion time taken 17.218527 iter 10 next_points [{'alpha': 0.09429046951293658, 'batch_size': 41, 'beta_1': 0.9892640336866978, 'beta_2': 0.9983885692929565, 'epsilon': 2.9468333762439687e-08, 'hidden_layer_sizes': 54, 'learning_rate_init': 0.007690425266477864, 'tol': 0.01600861271003367, 'validation_fraction': 0.23552756428557975}]
function_evaluation time 0.439668 value -0.896703 suggestion {'alpha': 0.09429046951293658, 'batch_size': 41, 'beta_1': 0.9892640336866978, 'beta_2': 0.9983885692929565, 'epsilon': 2.9468333762439687e-08, 'hidden_layer_sizes': 54, 'learning_rate_init': 0.007690425266477864, 'tol': 0.01600861271003367, 'validation_fraction': 0.23552756428557975}
observation time 0.000003, current best -0.912088 at iter 10
suggestion time taken 16.787961 iter 11 next_points [{'alpha': 0.005495458663660835, 'batch_size': 90, 'beta_1': 0.9455736101703027, 'beta_2': 0.9999368323526874, 'epsilon': 1.1902991538421653e-09, 'hidden_layer_sizes': 55, 'learning_rate_init': 0.028055768853059236, 'tol': 0.017276397587138226, 'validation_fraction': 0.4351586975319053}]
function_evaluation time 0.491468 value -0.901099 suggestion {'alpha': 0.005495458663660835, 'batch_size': 90, 'beta_1': 0.9455736101703027, 'beta_2': 0.9999368323526874, 'epsilon': 1.1902991538421653e-09, 'hidden_layer_sizes': 55, 'learning_rate_init': 0.028055768853059236, 'tol': 0.017276397587138226, 'validation_fraction': 0.4351586975319053}
observation time 0.000005, current best -0.912088 at iter 11
suggestion time taken 17.456856 iter 12 next_points [{'alpha': 4.59532305505599e-05, 'batch_size': 89, 'beta_1': 0.9840613442742708, 'beta_2': 0.9999956344971994, 'epsilon': 1.7198061822739423e-08, 'hidden_layer_sizes': 108, 'learning_rate_init': 2.9434565271271048e-05, 'tol': 0.0415120214710946, 'validation_fraction': 0.12197365596604288}]
function_evaluation time 0.487920 value -0.430769 suggestion {'alpha': 4.59532305505599e-05, 'batch_size': 89, 'beta_1': 0.9840613442742708, 'beta_2': 0.9999956344971994, 'epsilon': 1.7198061822739423e-08, 'hidden_layer_sizes': 108, 'learning_rate_init': 2.9434565271271048e-05, 'tol': 0.0415120214710946, 'validation_fraction': 0.12197365596604288}
observation time 0.000005, current best -0.912088 at iter 12
suggestion time taken 18.289271 iter 13 next_points [{'alpha': 5.223949750123793e-05, 'batch_size': 15, 'beta_1': 0.9295641002225473, 'beta_2': 0.9854935155685798, 'epsilon': 4.951771114990581e-07, 'hidden_layer_sizes': 105, 'learning_rate_init': 0.0007928290435828393, 'tol': 9.511351233390677e-05, 'validation_fraction': 0.3842856146767384}]
function_evaluation time 2.448639 value -0.907692 suggestion {'alpha': 5.223949750123793e-05, 'batch_size': 15, 'beta_1': 0.9295641002225473, 'beta_2': 0.9854935155685798, 'epsilon': 4.951771114990581e-07, 'hidden_layer_sizes': 105, 'learning_rate_init': 0.0007928290435828393, 'tol': 9.511351233390677e-05, 'validation_fraction': 0.3842856146767384}
observation time 0.000005, current best -0.912088 at iter 13
suggestion time taken 16.858428 iter 14 next_points [{'alpha': 0.00013940890338028113, 'batch_size': 11, 'beta_1': 0.9770084585022023, 'beta_2': 0.9985851500306954, 'epsilon': 3.891553986719162e-07, 'hidden_layer_sizes': 136, 'learning_rate_init': 0.02193437624853672, 'tol': 2.240700084070353e-05, 'validation_fraction': 0.39269452040373054}]
function_evaluation time 3.356983 value -0.909890 suggestion {'alpha': 0.00013940890338028113, 'batch_size': 11, 'beta_1': 0.9770084585022023, 'beta_2': 0.9985851500306954, 'epsilon': 3.891553986719162e-07, 'hidden_layer_sizes': 136, 'learning_rate_init': 0.02193437624853672, 'tol': 2.240700084070353e-05, 'validation_fraction': 0.39269452040373054}
observation time 0.000005, current best -0.912088 at iter 14
suggestion time taken 17.181316 iter 15 next_points [{'alpha': 0.0011005467829826626, 'batch_size': 151, 'beta_1': 0.9420382600120203, 'beta_2': 0.9633248276707151, 'epsilon': 4.769326576367901e-09, 'hidden_layer_sizes': 68, 'learning_rate_init': 0.013205793225546675, 'tol': 0.007583946506908373, 'validation_fraction': 0.5279394913767004}]
function_evaluation time 0.483512 value -0.918681 suggestion {'alpha': 0.0011005467829826626, 'batch_size': 151, 'beta_1': 0.9420382600120203, 'beta_2': 0.9633248276707151, 'epsilon': 4.769326576367901e-09, 'hidden_layer_sizes': 68, 'learning_rate_init': 0.013205793225546675, 'tol': 0.007583946506908373, 'validation_fraction': 0.5279394913767004}
observation time 0.000005, current best -0.918681 at iter 15
suggestion time taken 16.481048 iter 16 next_points [{'alpha': 0.0044133474808246064, 'batch_size': 15, 'beta_1': 0.6962959472652429, 'beta_2': 0.9992105161095041, 'epsilon': 1.6099199249593122e-08, 'hidden_layer_sizes': 155, 'learning_rate_init': 0.0018153448653227416, 'tol': 0.011247772534807323, 'validation_fraction': 0.8638102355158991}]
function_evaluation time 0.699597 value -0.914286 suggestion {'alpha': 0.0044133474808246064, 'batch_size': 15, 'beta_1': 0.6962959472652429, 'beta_2': 0.9992105161095041, 'epsilon': 1.6099199249593122e-08, 'hidden_layer_sizes': 155, 'learning_rate_init': 0.0018153448653227416, 'tol': 0.011247772534807323, 'validation_fraction': 0.8638102355158991}
observation time 0.000005, current best -0.918681 at iter 16
suggestion time taken 16.897975 iter 17 next_points [{'alpha': 0.0014732550886962174, 'batch_size': 18, 'beta_1': 0.7139615215484325, 'beta_2': 0.9885766111568549, 'epsilon': 1.7236614337016152e-08, 'hidden_layer_sizes': 186, 'learning_rate_init': 9.613085694262427e-05, 'tol': 0.0019191977065413704, 'validation_fraction': 0.2879582200408192}]
function_evaluation time 3.252825 value -0.898901 suggestion {'alpha': 0.0014732550886962174, 'batch_size': 18, 'beta_1': 0.7139615215484325, 'beta_2': 0.9885766111568549, 'epsilon': 1.7236614337016152e-08, 'hidden_layer_sizes': 186, 'learning_rate_init': 9.613085694262427e-05, 'tol': 0.0019191977065413704, 'validation_fraction': 0.2879582200408192}
observation time 0.000005, current best -0.918681 at iter 17
suggestion time taken 16.233861 iter 18 next_points [{'alpha': 0.002167424983886625, 'batch_size': 226, 'beta_1': 0.9444256594947742, 'beta_2': 0.9916966328015233, 'epsilon': 3.0233949150494196e-07, 'hidden_layer_sizes': 120, 'learning_rate_init': 0.027607951083088285, 'tol': 0.00018381764533896043, 'validation_fraction': 0.2155804132530109}]
function_evaluation time 0.668237 value -0.898901 suggestion {'alpha': 0.002167424983886625, 'batch_size': 226, 'beta_1': 0.9444256594947742, 'beta_2': 0.9916966328015233, 'epsilon': 3.0233949150494196e-07, 'hidden_layer_sizes': 120, 'learning_rate_init': 0.027607951083088285, 'tol': 0.00018381764533896043, 'validation_fraction': 0.2155804132530109}
observation time 0.000005, current best -0.918681 at iter 18
suggestion time taken 17.191923 iter 19 next_points [{'alpha': 2.420394712821916e-05, 'batch_size': 148, 'beta_1': 0.9541480858720784, 'beta_2': 0.9997947336280193, 'epsilon': 5.566678630436595e-08, 'hidden_layer_sizes': 62, 'learning_rate_init': 4.4216689100823744e-05, 'tol': 0.00024190745015362694, 'validation_fraction': 0.3978897331944698}]
function_evaluation time 0.307549 value -0.470330 suggestion {'alpha': 2.420394712821916e-05, 'batch_size': 148, 'beta_1': 0.9541480858720784, 'beta_2': 0.9997947336280193, 'epsilon': 5.566678630436595e-08, 'hidden_layer_sizes': 62, 'learning_rate_init': 4.4216689100823744e-05, 'tol': 0.00024190745015362694, 'validation_fraction': 0.3978897331944698}
observation time 0.000006, current best -0.918681 at iter 19
suggestion time taken 16.758956 iter 20 next_points [{'alpha': 0.0007259803977145147, 'batch_size': 50, 'beta_1': 0.8408929017207892, 'beta_2': 0.9999952500536539, 'epsilon': 2.7944315064483625e-08, 'hidden_layer_sizes': 183, 'learning_rate_init': 0.00020116635725607413, 'tol': 0.012205704672653141, 'validation_fraction': 0.26932940489383833}]
function_evaluation time 1.156946 value -0.843956 suggestion {'alpha': 0.0007259803977145147, 'batch_size': 50, 'beta_1': 0.8408929017207892, 'beta_2': 0.9999952500536539, 'epsilon': 2.7944315064483625e-08, 'hidden_layer_sizes': 183, 'learning_rate_init': 0.00020116635725607413, 'tol': 0.012205704672653141, 'validation_fraction': 0.26932940489383833}
observation time 0.000006, current best -0.918681 at iter 20
suggestion time taken 17.233734 iter 21 next_points [{'alpha': 0.06588827470102326, 'batch_size': 50, 'beta_1': 0.8531717138153013, 'beta_2': 0.999998511824689, 'epsilon': 2.2937443980229802e-08, 'hidden_layer_sizes': 124, 'learning_rate_init': 1.799604678622722e-05, 'tol': 0.0002995588591845134, 'validation_fraction': 0.8604304884163815}]
function_evaluation time 0.245717 value -0.415385 suggestion {'alpha': 0.06588827470102326, 'batch_size': 50, 'beta_1': 0.8531717138153013, 'beta_2': 0.999998511824689, 'epsilon': 2.2937443980229802e-08, 'hidden_layer_sizes': 124, 'learning_rate_init': 1.799604678622722e-05, 'tol': 0.0002995588591845134, 'validation_fraction': 0.8604304884163815}
observation time 0.000006, current best -0.918681 at iter 21
suggestion time taken 16.156428 iter 22 next_points [{'alpha': 5.152475417416619, 'batch_size': 75, 'beta_1': 0.6613212771824067, 'beta_2': 0.9687423136320956, 'epsilon': 4.122664258330444e-09, 'hidden_layer_sizes': 141, 'learning_rate_init': 0.003499693123469278, 'tol': 0.0024890696841274535, 'validation_fraction': 0.8964210850261063}]
/home/ryedida/.local/lib/python3.8/site-packages/sklearn/neural_network/_multilayer_perceptron.py:621: UserWarning: Got `batch_size` less than 1 or larger than sample size. It is going to be clipped
  warnings.warn(

function_evaluation time 0.493595 value -0.903297 suggestion {'alpha': 5.152475417416619, 'batch_size': 75, 'beta_1': 0.6613212771824067, 'beta_2': 0.9687423136320956, 'epsilon': 4.122664258330444e-09, 'hidden_layer_sizes': 141, 'learning_rate_init': 0.003499693123469278, 'tol': 0.0024890696841274535, 'validation_fraction': 0.8964210850261063}
observation time 0.000006, current best -0.918681 at iter 22
suggestion time taken 17.023147 iter 23 next_points [{'alpha': 0.3107787525335755, 'batch_size': 150, 'beta_1': 0.8686669794296256, 'beta_2': 0.9997697894178941, 'epsilon': 4.465526216872451e-08, 'hidden_layer_sizes': 200, 'learning_rate_init': 0.009421020801820508, 'tol': 1.3563280634648172e-05, 'validation_fraction': 0.10282618452637272}]
function_evaluation time 0.777364 value -0.894505 suggestion {'alpha': 0.3107787525335755, 'batch_size': 150, 'beta_1': 0.8686669794296256, 'beta_2': 0.9997697894178941, 'epsilon': 4.465526216872451e-08, 'hidden_layer_sizes': 200, 'learning_rate_init': 0.009421020801820508, 'tol': 1.3563280634648172e-05, 'validation_fraction': 0.10282618452637272}
observation time 0.000005, current best -0.918681 at iter 23
suggestion time taken 16.282853 iter 24 next_points [{'alpha': 2.6833440452306503, 'batch_size': 226, 'beta_1': 0.7808454000572006, 'beta_2': 0.9729609552565484, 'epsilon': 1.635732998218076e-07, 'hidden_layer_sizes': 86, 'learning_rate_init': 1.898992044545938e-05, 'tol': 0.006313851884966102, 'validation_fraction': 0.24127713855216917}]
function_evaluation time 0.348197 value -0.472527 suggestion {'alpha': 2.6833440452306503, 'batch_size': 226, 'beta_1': 0.7808454000572006, 'beta_2': 0.9729609552565484, 'epsilon': 1.635732998218076e-07, 'hidden_layer_sizes': 86, 'learning_rate_init': 1.898992044545938e-05, 'tol': 0.006313851884966102, 'validation_fraction': 0.24127713855216917}
observation time 0.000006, current best -0.918681 at iter 24
suggestion time taken 16.928129 iter 25 next_points [{'alpha': 0.00020111468937747257, 'batch_size': 112, 'beta_1': 0.9875625763656541, 'beta_2': 0.9985529693584129, 'epsilon': 3.563373720702194e-09, 'hidden_layer_sizes': 77, 'learning_rate_init': 0.04432149320130188, 'tol': 1.5383141542160505e-05, 'validation_fraction': 0.12934963169067915}]
function_evaluation time 0.327838 value -0.898901 suggestion {'alpha': 0.00020111468937747257, 'batch_size': 112, 'beta_1': 0.9875625763656541, 'beta_2': 0.9985529693584129, 'epsilon': 3.563373720702194e-09, 'hidden_layer_sizes': 77, 'learning_rate_init': 0.04432149320130188, 'tol': 1.5383141542160505e-05, 'validation_fraction': 0.12934963169067915}
observation time 0.000005, current best -0.918681 at iter 25
suggestion time taken 15.919678 iter 26 next_points [{'alpha': 0.00015183384767939988, 'batch_size': 25, 'beta_1': 0.9258576994398998, 'beta_2': 0.9998509432768959, 'epsilon': 1.6132052818807925e-08, 'hidden_layer_sizes': 192, 'learning_rate_init': 0.061686426152777564, 'tol': 7.804750746395167e-05, 'validation_fraction': 0.8280176292478013}]
function_evaluation time 0.907365 value -0.901099 suggestion {'alpha': 0.00015183384767939988, 'batch_size': 25, 'beta_1': 0.9258576994398998, 'beta_2': 0.9998509432768959, 'epsilon': 1.6132052818807925e-08, 'hidden_layer_sizes': 192, 'learning_rate_init': 0.061686426152777564, 'tol': 7.804750746395167e-05, 'validation_fraction': 0.8280176292478013}
observation time 0.000006, current best -0.918681 at iter 26
suggestion time taken 17.420263 iter 27 next_points [{'alpha': 3.0309132699099387e-05, 'batch_size': 226, 'beta_1': 0.5084301313276133, 'beta_2': 0.9998883173965989, 'epsilon': 5.101564125360106e-08, 'hidden_layer_sizes': 191, 'learning_rate_init': 0.0006630843750209766, 'tol': 0.0019869969266480556, 'validation_fraction': 0.8222146626724088}]
/home/ryedida/.local/lib/python3.8/site-packages/sklearn/neural_network/_multilayer_perceptron.py:621: UserWarning: Got `batch_size` less than 1 or larger than sample size. It is going to be clipped
  warnings.warn(

function_evaluation time 0.889383 value -0.868132 suggestion {'alpha': 3.0309132699099387e-05, 'batch_size': 226, 'beta_1': 0.5084301313276133, 'beta_2': 0.9998883173965989, 'epsilon': 5.101564125360106e-08, 'hidden_layer_sizes': 191, 'learning_rate_init': 0.0006630843750209766, 'tol': 0.0019869969266480556, 'validation_fraction': 0.8222146626724088}
observation time 0.000005, current best -0.918681 at iter 27
suggestion time taken 16.748281 iter 28 next_points [{'alpha': 0.00025685182229718976, 'batch_size': 11, 'beta_1': 0.9614999921516907, 'beta_2': 0.999740771677709, 'epsilon': 1.5475969672719568e-07, 'hidden_layer_sizes': 192, 'learning_rate_init': 2.408752742169797e-05, 'tol': 0.02270441650951982, 'validation_fraction': 0.4527155873993699}]
function_evaluation time 3.363956 value -0.778022 suggestion {'alpha': 0.00025685182229718976, 'batch_size': 11, 'beta_1': 0.9614999921516907, 'beta_2': 0.999740771677709, 'epsilon': 1.5475969672719568e-07, 'hidden_layer_sizes': 192, 'learning_rate_init': 2.408752742169797e-05, 'tol': 0.02270441650951982, 'validation_fraction': 0.4527155873993699}
observation time 0.000006, current best -0.918681 at iter 28
suggestion time taken 17.705339 iter 29 next_points [{'alpha': 0.0002044019581726056, 'batch_size': 30, 'beta_1': 0.7994840221411591, 'beta_2': 0.9613332186737078, 'epsilon': 2.0958078982017745e-09, 'hidden_layer_sizes': 167, 'learning_rate_init': 0.002490438289159628, 'tol': 5.3524863671481275e-05, 'validation_fraction': 0.14784952614717814}]
function_evaluation time 1.486017 value -0.918681 suggestion {'alpha': 0.0002044019581726056, 'batch_size': 30, 'beta_1': 0.7994840221411591, 'beta_2': 0.9613332186737078, 'epsilon': 2.0958078982017745e-09, 'hidden_layer_sizes': 167, 'learning_rate_init': 0.002490438289159628, 'tol': 5.3524863671481275e-05, 'validation_fraction': 0.14784952614717814}
observation time 0.000005, current best -0.918681 at iter 29
suggestion time taken 16.576586 iter 30 next_points [{'alpha': 9.897654405826374e-05, 'batch_size': 15, 'beta_1': 0.9399021479803839, 'beta_2': 0.9611049959127322, 'epsilon': 9.714028163964303e-08, 'hidden_layer_sizes': 94, 'learning_rate_init': 4.943672188860999e-05, 'tol': 0.0013438450670304448, 'validation_fraction': 0.7167056927843667}]
function_evaluation time 2.401220 value -0.624176 suggestion {'alpha': 9.897654405826374e-05, 'batch_size': 15, 'beta_1': 0.9399021479803839, 'beta_2': 0.9611049959127322, 'epsilon': 9.714028163964303e-08, 'hidden_layer_sizes': 94, 'learning_rate_init': 4.943672188860999e-05, 'tol': 0.0013438450670304448, 'validation_fraction': 0.7167056927843667}
observation time 0.000005, current best -0.918681 at iter 30
suggestion time taken 17.277419 iter 31 next_points [{'alpha': 5.766058343049376e-05, 'batch_size': 227, 'beta_1': 0.9727474065648091, 'beta_2': 0.9999892880019706, 'epsilon': 2.5055641897316097e-09, 'hidden_layer_sizes': 60, 'learning_rate_init': 0.0414642284176116, 'tol': 0.02372923941866463, 'validation_fraction': 0.7388662219187433}]
/home/ryedida/.local/lib/python3.8/site-packages/sklearn/neural_network/_multilayer_perceptron.py:621: UserWarning: Got `batch_size` less than 1 or larger than sample size. It is going to be clipped
  warnings.warn(

function_evaluation time 0.439721 value -0.850549 suggestion {'alpha': 5.766058343049376e-05, 'batch_size': 227, 'beta_1': 0.9727474065648091, 'beta_2': 0.9999892880019706, 'epsilon': 2.5055641897316097e-09, 'hidden_layer_sizes': 60, 'learning_rate_init': 0.0414642284176116, 'tol': 0.02372923941866463, 'validation_fraction': 0.7388662219187433}
observation time 0.000005, current best -0.918681 at iter 31
suggestion time taken 16.474485 iter 32 next_points [{'alpha': 0.26699494071255003, 'batch_size': 112, 'beta_1': 0.5644499505432161, 'beta_2': 0.9998932529553106, 'epsilon': 1.1134677466008535e-09, 'hidden_layer_sizes': 108, 'learning_rate_init': 0.02749225159494219, 'tol': 0.05399702955187693, 'validation_fraction': 0.6898122115469351}]
function_evaluation time 0.403682 value -0.898901 suggestion {'alpha': 0.26699494071255003, 'batch_size': 112, 'beta_1': 0.5644499505432161, 'beta_2': 0.9998932529553106, 'epsilon': 1.1134677466008535e-09, 'hidden_layer_sizes': 108, 'learning_rate_init': 0.02749225159494219, 'tol': 0.05399702955187693, 'validation_fraction': 0.6898122115469351}
observation time 0.000006, current best -0.918681 at iter 32
suggestion time taken 17.474160 iter 33 next_points [{'alpha': 6.807791798955467e-05, 'batch_size': 16, 'beta_1': 0.9146274306749866, 'beta_2': 0.9935763965129787, 'epsilon': 7.027170420549972e-09, 'hidden_layer_sizes': 162, 'learning_rate_init': 0.005438711274693837, 'tol': 0.0031701725109298247, 'validation_fraction': 0.21386203552709082}]
function_evaluation time 2.281644 value -0.912088 suggestion {'alpha': 6.807791798955467e-05, 'batch_size': 16, 'beta_1': 0.9146274306749866, 'beta_2': 0.9935763965129787, 'epsilon': 7.027170420549972e-09, 'hidden_layer_sizes': 162, 'learning_rate_init': 0.005438711274693837, 'tol': 0.0031701725109298247, 'validation_fraction': 0.21386203552709082}
observation time 0.000005, current best -0.918681 at iter 33
suggestion time taken 16.998114 iter 34 next_points [{'alpha': 0.002729873802050225, 'batch_size': 227, 'beta_1': 0.5073820249593836, 'beta_2': 0.9995875709279748, 'epsilon': 1.5546248377942807e-09, 'hidden_layer_sizes': 51, 'learning_rate_init': 1.5693924210597854e-05, 'tol': 0.05599364873119944, 'validation_fraction': 0.16268807582057238}]
function_evaluation time 0.300573 value -0.417582 suggestion {'alpha': 0.002729873802050225, 'batch_size': 227, 'beta_1': 0.5073820249593836, 'beta_2': 0.9995875709279748, 'epsilon': 1.5546248377942807e-09, 'hidden_layer_sizes': 51, 'learning_rate_init': 1.5693924210597854e-05, 'tol': 0.05599364873119944, 'validation_fraction': 0.16268807582057238}
observation time 0.000005, current best -0.918681 at iter 34
suggestion time taken 17.528168 iter 35 next_points [{'alpha': 0.0005745038408757403, 'batch_size': 150, 'beta_1': 0.9064814750098191, 'beta_2': 0.9999265495292418, 'epsilon': 4.324903178327971e-09, 'hidden_layer_sizes': 59, 'learning_rate_init': 0.02090110993671299, 'tol': 0.0012434281079783899, 'validation_fraction': 0.489407316316687}]
function_evaluation time 0.618565 value -0.898901 suggestion {'alpha': 0.0005745038408757403, 'batch_size': 150, 'beta_1': 0.9064814750098191, 'beta_2': 0.9999265495292418, 'epsilon': 4.324903178327971e-09, 'hidden_layer_sizes': 59, 'learning_rate_init': 0.02090110993671299, 'tol': 0.0012434281079783899, 'validation_fraction': 0.489407316316687}
observation time 0.000005, current best -0.918681 at iter 35
suggestion time taken 17.091462 iter 36 next_points [{'alpha': 0.6546160588960495, 'batch_size': 17, 'beta_1': 0.9335658605548285, 'beta_2': 0.9769758127784739, 'epsilon': 5.780620745193206e-07, 'hidden_layer_sizes': 154, 'learning_rate_init': 0.005062025372870437, 'tol': 0.0015882024208524852, 'validation_fraction': 0.20190044900074539}]
function_evaluation time 2.486361 value -0.920879 suggestion {'alpha': 0.6546160588960495, 'batch_size': 17, 'beta_1': 0.9335658605548285, 'beta_2': 0.9769758127784739, 'epsilon': 5.780620745193206e-07, 'hidden_layer_sizes': 154, 'learning_rate_init': 0.005062025372870437, 'tol': 0.0015882024208524852, 'validation_fraction': 0.20190044900074539}
observation time 0.000005, current best -0.920879 at iter 36
suggestion time taken 16.520148 iter 37 next_points [{'alpha': 1.873504496246132, 'batch_size': 225, 'beta_1': 0.7748202460436014, 'beta_2': 0.999761625097826, 'epsilon': 1.0417835789232858e-09, 'hidden_layer_sizes': 87, 'learning_rate_init': 2.3291554180042196e-05, 'tol': 2.2029369505220775e-05, 'validation_fraction': 0.1820295537225138}]
function_evaluation time 0.318882 value -0.465934 suggestion {'alpha': 1.873504496246132, 'batch_size': 225, 'beta_1': 0.7748202460436014, 'beta_2': 0.999761625097826, 'epsilon': 1.0417835789232858e-09, 'hidden_layer_sizes': 87, 'learning_rate_init': 2.3291554180042196e-05, 'tol': 2.2029369505220775e-05, 'validation_fraction': 0.1820295537225138}
observation time 0.000006, current best -0.920879 at iter 37
suggestion time taken 17.954509 iter 38 next_points [{'alpha': 3.5837325794405555e-05, 'batch_size': 14, 'beta_1': 0.9702355182704782, 'beta_2': 0.9999924871334028, 'epsilon': 5.132128650038222e-09, 'hidden_layer_sizes': 155, 'learning_rate_init': 0.0023609022808792337, 'tol': 0.007176086982845369, 'validation_fraction': 0.7633717112227402}]
function_evaluation time 1.259240 value -0.905495 suggestion {'alpha': 3.5837325794405555e-05, 'batch_size': 14, 'beta_1': 0.9702355182704782, 'beta_2': 0.9999924871334028, 'epsilon': 5.132128650038222e-09, 'hidden_layer_sizes': 155, 'learning_rate_init': 0.0023609022808792337, 'tol': 0.007176086982845369, 'validation_fraction': 0.7633717112227402}
observation time 0.000005, current best -0.920879 at iter 38
suggestion time taken 16.619157 iter 39 next_points [{'alpha': 0.0010968733602890269, 'batch_size': 150, 'beta_1': 0.9887953986295926, 'beta_2': 0.9974799510203955, 'epsilon': 4.325188173914525e-07, 'hidden_layer_sizes': 111, 'learning_rate_init': 0.008192411504408408, 'tol': 0.00012949017014215046, 'validation_fraction': 0.2579339364529609}]
function_evaluation time 0.808425 value -0.914286 suggestion {'alpha': 0.0010968733602890269, 'batch_size': 150, 'beta_1': 0.9887953986295926, 'beta_2': 0.9974799510203955, 'epsilon': 4.325188173914525e-07, 'hidden_layer_sizes': 111, 'learning_rate_init': 0.008192411504408408, 'tol': 0.00012949017014215046, 'validation_fraction': 0.2579339364529609}
observation time 0.000006, current best -0.920879 at iter 39
suggestion time taken 17.569355 iter 40 next_points [{'alpha': 0.22896658018824687, 'batch_size': 226, 'beta_1': 0.9886361149581189, 'beta_2': 0.9947996635515046, 'epsilon': 2.1459805733681962e-09, 'hidden_layer_sizes': 179, 'learning_rate_init': 0.004770428830770789, 'tol': 3.66624245110147e-05, 'validation_fraction': 0.5006053369299152}]
function_evaluation time 0.752098 value -0.905495 suggestion {'alpha': 0.22896658018824687, 'batch_size': 226, 'beta_1': 0.9886361149581189, 'beta_2': 0.9947996635515046, 'epsilon': 2.1459805733681962e-09, 'hidden_layer_sizes': 179, 'learning_rate_init': 0.004770428830770789, 'tol': 3.66624245110147e-05, 'validation_fraction': 0.5006053369299152}
observation time 0.000005, current best -0.920879 at iter 40
suggestion time taken 17.493103 iter 41 next_points [{'alpha': 0.00035811409402985566, 'batch_size': 225, 'beta_1': 0.5486527228759529, 'beta_2': 0.9999927093124826, 'epsilon': 6.783333383972231e-08, 'hidden_layer_sizes': 58, 'learning_rate_init': 0.03334484458571699, 'tol': 4.3034525970776286e-05, 'validation_fraction': 0.5821311898220929}]
/home/ryedida/.local/lib/python3.8/site-packages/sklearn/neural_network/_multilayer_perceptron.py:621: UserWarning: Got `batch_size` less than 1 or larger than sample size. It is going to be clipped
  warnings.warn(

function_evaluation time 0.443760 value -0.894505 suggestion {'alpha': 0.00035811409402985566, 'batch_size': 225, 'beta_1': 0.5486527228759529, 'beta_2': 0.9999927093124826, 'epsilon': 6.783333383972231e-08, 'hidden_layer_sizes': 58, 'learning_rate_init': 0.03334484458571699, 'tol': 4.3034525970776286e-05, 'validation_fraction': 0.5821311898220929}
observation time 0.000005, current best -0.920879 at iter 41
suggestion time taken 16.624485 iter 42 next_points [{'alpha': 0.1225677909813453, 'batch_size': 112, 'beta_1': 0.8465027124140165, 'beta_2': 0.9999985963536049, 'epsilon': 3.583635656279805e-08, 'hidden_layer_sizes': 151, 'learning_rate_init': 1.7451180392532705e-05, 'tol': 0.08416925084874728, 'validation_fraction': 0.30352847012331324}]
function_evaluation time 0.420475 value -0.582418 suggestion {'alpha': 0.1225677909813453, 'batch_size': 112, 'beta_1': 0.8465027124140165, 'beta_2': 0.9999985963536049, 'epsilon': 3.583635656279805e-08, 'hidden_layer_sizes': 151, 'learning_rate_init': 1.7451180392532705e-05, 'tol': 0.08416925084874728, 'validation_fraction': 0.30352847012331324}
observation time 0.000005, current best -0.920879 at iter 42
suggestion time taken 17.481535 iter 43 next_points [{'alpha': 1.4796586781552904e-05, 'batch_size': 227, 'beta_1': 0.9061428917943469, 'beta_2': 0.999945201553748, 'epsilon': 1.6070933221686076e-09, 'hidden_layer_sizes': 64, 'learning_rate_init': 0.00038820137740542957, 'tol': 0.05220593569460742, 'validation_fraction': 0.22258817797808286}]
function_evaluation time 0.385230 value -0.718681 suggestion {'alpha': 1.4796586781552904e-05, 'batch_size': 227, 'beta_1': 0.9061428917943469, 'beta_2': 0.999945201553748, 'epsilon': 1.6070933221686076e-09, 'hidden_layer_sizes': 64, 'learning_rate_init': 0.00038820137740542957, 'tol': 0.05220593569460742, 'validation_fraction': 0.22258817797808286}
observation time 0.000006, current best -0.920879 at iter 43
suggestion time taken 16.606264 iter 44 next_points [{'alpha': 5.072299751282104e-05, 'batch_size': 225, 'beta_1': 0.9884914854275239, 'beta_2': 0.9730698234913935, 'epsilon': 5.71635155391701e-09, 'hidden_layer_sizes': 129, 'learning_rate_init': 0.003530651495735403, 'tol': 2.529310324147386e-05, 'validation_fraction': 0.10670697773314608}]
function_evaluation time 0.747131 value -0.885714 suggestion {'alpha': 5.072299751282104e-05, 'batch_size': 225, 'beta_1': 0.9884914854275239, 'beta_2': 0.9730698234913935, 'epsilon': 5.71635155391701e-09, 'hidden_layer_sizes': 129, 'learning_rate_init': 0.003530651495735403, 'tol': 2.529310324147386e-05, 'validation_fraction': 0.10670697773314608}
observation time 0.000005, current best -0.920879 at iter 44
saving meta data: {'args': {'--uuid': '7ea76f790655552f9d412b37b15dcffd', '-db-root': '/home/ryedida/bbo_challenge_starter_kit/output', '--opt-root': '/home/ryedida/bbo_challenge_starter_kit/example_submissions', '--data-root': None, '--db': 'run_20231013_070336', '--opt': 'strongcvx', '--data': 'breast', '--classifier': 'MLP-adam', '--metric': 'acc', '--calls': 45, '--suggestions': 1, '--jobs-file': None, '--verbose': False, 'dry_run': False, 'rev': 'a376313', 'opt_rev': 'x.x.x'}, 'signature': ([{'alpha': 0.019628224813442792, 'batch_size': 182, 'beta_1': 0.9410202200271762, 'beta_2': 0.9998021557676793, 'epsilon': 1.8662266976518e-08, 'hidden_layer_sizes': 147, 'learning_rate_init': 0.0005627932047415167, 'tol': 0.03690557729213761, 'validation_fraction': 0.8846827852548593}, {'alpha': 0.001998246739232944, 'batch_size': 200, 'beta_1': 0.919111482530466, 'beta_2': 0.9998488260436156, 'epsilon': 5.981221901152555e-07, 'hidden_layer_sizes': 61, 'learning_rate_init': 2.2310905607443014e-05, 'tol': 1.2046852412030316e-05, 'validation_fraction': 0.8117896445826539}, {'alpha': 0.46659545670218433, 'batch_size': 219, 'beta_1': 0.9889789783750891, 'beta_2': 0.9999896868093284, 'epsilon': 2.4234724484675948e-08, 'hidden_layer_sizes': 167, 'learning_rate_init': 2.972334644335654e-05, 'tol': 0.0036281404040243792, 'validation_fraction': 0.17260651658522078}, {'alpha': 4.656005689076002, 'batch_size': 135, 'beta_1': 0.870503881627747, 'beta_2': 0.9948873266941017, 'epsilon': 2.1023308743480125e-07, 'hidden_layer_sizes': 118, 'learning_rate_init': 0.001878173875716191, 'tol': 1.1889379831773006e-05, 'validation_fraction': 0.6264327093752792}, {'alpha': 0.04705159350400542, 'batch_size': 158, 'beta_1': 0.9870884262730957, 'beta_2': 0.9999596874382349, 'epsilon': 1.1981845126013875e-08, 'hidden_layer_sizes': 116, 'learning_rate_init': 0.006173405204074311, 'tol': 1.7414134181586194e-05, 'validation_fraction': 0.6754299026638921}], [-0.676923076923077, -0.567032967032967, -0.545054945054945, -0.7824175824175824, -0.843956043956044])}
saving results
saving timing
saving suggest log
done
