running: {'--uuid': 'cc2ea4fa468d5712b53afe8eaae2af17', '-db-root': '/home/ryedida/bbo_challenge_starter_kit/output', '--opt-root': '/home/ryedida/bbo_challenge_starter_kit/example_submissions', '--data-root': None, '--db': 'run_20231013_070336', '--opt': 'random', '--data': 'breast', '--classifier': 'MLP-adam', '--metric': 'nll', '--calls': 45, '--suggestions': 1, '--jobs-file': None, '--verbose': False, 'dry_run': False, 'rev': 'a376313', 'opt_rev': '0.0.8'}
cmd: python /home/ryedida/.local/bin/bayesmark-exp -c MLP-adam -d breast -o random -u cc2ea4fa468d5712b53afe8eaae2af17 -m nll -n 45 -p 1 -dir /home/ryedida/bbo_challenge_starter_kit/output -b run_20231013_070336
/home/ryedida/.local/lib/python3.8/site-packages/sklearn/neural_network/_multilayer_perceptron.py:621: UserWarning: Got `batch_size` less than 1 or larger than sample size. It is going to be clipped
  warnings.warn(

/home/ryedida/.local/lib/python3.8/site-packages/sklearn/neural_network/_multilayer_perceptron.py:621: UserWarning: Got `batch_size` less than 1 or larger than sample size. It is going to be clipped
  warnings.warn(

/home/ryedida/.local/lib/python3.8/site-packages/sklearn/neural_network/_multilayer_perceptron.py:621: UserWarning: Got `batch_size` less than 1 or larger than sample size. It is going to be clipped
  warnings.warn(

computed signature: ([{'alpha': 0.019628224813442792, 'batch_size': 182, 'beta_1': 0.9410202200271762, 'beta_2': 0.9998021557676793, 'epsilon': 1.8662266976518e-08, 'hidden_layer_sizes': 147, 'learning_rate_init': 0.0005627932047415167, 'tol': 0.03690557729213761, 'validation_fraction': 0.8846827852548593}, {'alpha': 0.001998246739232944, 'batch_size': 200, 'beta_1': 0.919111482530466, 'beta_2': 0.9998488260436156, 'epsilon': 5.981221901152555e-07, 'hidden_layer_sizes': 61, 'learning_rate_init': 2.2310905607443014e-05, 'tol': 1.2046852412030316e-05, 'validation_fraction': 0.8117896445826539}, {'alpha': 0.46659545670218433, 'batch_size': 219, 'beta_1': 0.9889789783750891, 'beta_2': 0.9999896868093284, 'epsilon': 2.4234724484675948e-08, 'hidden_layer_sizes': 167, 'learning_rate_init': 2.972334644335654e-05, 'tol': 0.0036281404040243792, 'validation_fraction': 0.17260651658522078}, {'alpha': 4.656005689076002, 'batch_size': 135, 'beta_1': 0.870503881627747, 'beta_2': 0.9948873266941017, 'epsilon': 2.1023308743480125e-07, 'hidden_layer_sizes': 118, 'learning_rate_init': 0.001878173875716191, 'tol': 1.1889379831773006e-05, 'validation_fraction': 0.6264327093752792}, {'alpha': 0.04705159350400542, 'batch_size': 158, 'beta_1': 0.9870884262730957, 'beta_2': 0.9999596874382349, 'epsilon': 1.1981845126013875e-08, 'hidden_layer_sizes': 116, 'learning_rate_init': 0.006173405204074311, 'tol': 1.7414134181586194e-05, 'validation_fraction': 0.6754299026638921}], [7.80364911041716, 14.04577697134529, 11.882715334689305, 5.083775239316363, 3.3813441495654772])
/home/ryedida/.local/lib/python3.8/site-packages/bayesmark/experiment.py:470: UserWarning: Baselines not found. Will not log intermediate scores.
  warnings.warn("Baselines not found. Will not log intermediate scores.")

starting sklearn study random MLP-adam breast nll 45 1
with data root: None
suggestion time taken 0.011424 iter 0 next_points [{'alpha': 0.7685909839071321, 'batch_size': 167, 'beta_1': 0.7839306920437062, 'beta_2': 0.985339456848534, 'epsilon': 1.8735124526014238e-08, 'hidden_layer_sizes': 93, 'learning_rate_init': 7.579497467376143e-05, 'tol': 3.841047301655609e-05, 'validation_fraction': 0.7948400116154598}]
/home/ryedida/.local/lib/python3.8/site-packages/sklearn/neural_network/_multilayer_perceptron.py:621: UserWarning: Got `batch_size` less than 1 or larger than sample size. It is going to be clipped
  warnings.warn(

function_evaluation time 0.312778 value 14.093071 suggestion {'alpha': 0.7685909839071321, 'batch_size': 167, 'beta_1': 0.7839306920437062, 'beta_2': 0.985339456848534, 'epsilon': 1.8735124526014238e-08, 'hidden_layer_sizes': 93, 'learning_rate_init': 7.579497467376143e-05, 'tol': 3.841047301655609e-05, 'validation_fraction': 0.7948400116154598}
observation time 0.000012, current best 14.093071 at iter 0
suggestion time taken 0.013562 iter 1 next_points [{'alpha': 0.4370448288327618, 'batch_size': 90, 'beta_1': 0.5407641254258472, 'beta_2': 0.9997310077837104, 'epsilon': 6.336407187350412e-07, 'hidden_layer_sizes': 184, 'learning_rate_init': 0.025165117209665615, 'tol': 0.04466523993828555, 'validation_fraction': 0.24528298891708414}]
function_evaluation time 0.685445 value 1.211462 suggestion {'alpha': 0.4370448288327618, 'batch_size': 90, 'beta_1': 0.5407641254258472, 'beta_2': 0.9997310077837104, 'epsilon': 6.336407187350412e-07, 'hidden_layer_sizes': 184, 'learning_rate_init': 0.025165117209665615, 'tol': 0.04466523993828555, 'validation_fraction': 0.24528298891708414}
observation time 0.000003, current best 1.211462 at iter 1
suggestion time taken 0.010539 iter 2 next_points [{'alpha': 0.00012433594338970134, 'batch_size': 201, 'beta_1': 0.6051195565799357, 'beta_2': 0.9998877104429303, 'epsilon': 5.045976369711698e-09, 'hidden_layer_sizes': 140, 'learning_rate_init': 2.4994532625022566e-05, 'tol': 0.0002971110643997966, 'validation_fraction': 0.5667091756697481}]
/home/ryedida/.local/lib/python3.8/site-packages/sklearn/neural_network/_multilayer_perceptron.py:621: UserWarning: Got `batch_size` less than 1 or larger than sample size. It is going to be clipped
  warnings.warn(

function_evaluation time 0.358127 value 16.214084 suggestion {'alpha': 0.00012433594338970134, 'batch_size': 201, 'beta_1': 0.6051195565799357, 'beta_2': 0.9998877104429303, 'epsilon': 5.045976369711698e-09, 'hidden_layer_sizes': 140, 'learning_rate_init': 2.4994532625022566e-05, 'tol': 0.0002971110643997966, 'validation_fraction': 0.5667091756697481}
observation time 0.000009, current best 1.211462 at iter 2
suggestion time taken 0.013515 iter 3 next_points [{'alpha': 0.026082451109651936, 'batch_size': 200, 'beta_1': 0.9040213881794514, 'beta_2': 0.9784138023196822, 'epsilon': 6.192667319633935e-08, 'hidden_layer_sizes': 165, 'learning_rate_init': 0.004117563612010122, 'tol': 0.04023486555473287, 'validation_fraction': 0.37110892795627987}]
function_evaluation time 0.682379 value 0.847595 suggestion {'alpha': 0.026082451109651936, 'batch_size': 200, 'beta_1': 0.9040213881794514, 'beta_2': 0.9784138023196822, 'epsilon': 6.192667319633935e-08, 'hidden_layer_sizes': 165, 'learning_rate_init': 0.004117563612010122, 'tol': 0.04023486555473287, 'validation_fraction': 0.37110892795627987}
observation time 0.000003, current best 0.847595 at iter 3
suggestion time taken 0.012954 iter 4 next_points [{'alpha': 4.829365514638887, 'batch_size': 160, 'beta_1': 0.9542487218998795, 'beta_2': 0.9973231452599471, 'epsilon': 1.7456800849485905e-09, 'hidden_layer_sizes': 116, 'learning_rate_init': 0.03819840657413175, 'tol': 0.00514268312905286, 'validation_fraction': 0.11475102264348527}]
function_evaluation time 0.950035 value 0.381621 suggestion {'alpha': 4.829365514638887, 'batch_size': 160, 'beta_1': 0.9542487218998795, 'beta_2': 0.9973231452599471, 'epsilon': 1.7456800849485905e-09, 'hidden_layer_sizes': 116, 'learning_rate_init': 0.03819840657413175, 'tol': 0.00514268312905286, 'validation_fraction': 0.11475102264348527}
observation time 0.000003, current best 0.381621 at iter 4
suggestion time taken 0.009536 iter 5 next_points [{'alpha': 0.06453605997656167, 'batch_size': 214, 'beta_1': 0.5668474460364843, 'beta_2': 0.9986566621210254, 'epsilon': 5.451657431418648e-08, 'hidden_layer_sizes': 126, 'learning_rate_init': 0.04517705865133186, 'tol': 0.03335460178214841, 'validation_fraction': 0.3106247172574854}]
function_evaluation time 0.616682 value 0.751607 suggestion {'alpha': 0.06453605997656167, 'batch_size': 214, 'beta_1': 0.5668474460364843, 'beta_2': 0.9986566621210254, 'epsilon': 5.451657431418648e-08, 'hidden_layer_sizes': 126, 'learning_rate_init': 0.04517705865133186, 'tol': 0.03335460178214841, 'validation_fraction': 0.3106247172574854}
observation time 0.000005, current best 0.381621 at iter 5
suggestion time taken 0.011085 iter 6 next_points [{'alpha': 0.003639947478492844, 'batch_size': 135, 'beta_1': 0.989785671234431, 'beta_2': 0.9998146447124057, 'epsilon': 1.1299779055577147e-09, 'hidden_layer_sizes': 51, 'learning_rate_init': 0.07249213364029107, 'tol': 0.0056761551513542004, 'validation_fraction': 0.4551654188991243}]
function_evaluation time 0.327213 value 0.637980 suggestion {'alpha': 0.003639947478492844, 'batch_size': 135, 'beta_1': 0.989785671234431, 'beta_2': 0.9998146447124057, 'epsilon': 1.1299779055577147e-09, 'hidden_layer_sizes': 51, 'learning_rate_init': 0.07249213364029107, 'tol': 0.0056761551513542004, 'validation_fraction': 0.4551654188991243}
observation time 0.000003, current best 0.381621 at iter 6
suggestion time taken 0.010418 iter 7 next_points [{'alpha': 2.385050343885549, 'batch_size': 154, 'beta_1': 0.683455312602936, 'beta_2': 0.9988090356683468, 'epsilon': 1.5893138154914759e-09, 'hidden_layer_sizes': 79, 'learning_rate_init': 2.6154976815604813e-05, 'tol': 0.00016256621201173884, 'validation_fraction': 0.5433905826027441}]
function_evaluation time 0.310573 value 14.211761 suggestion {'alpha': 2.385050343885549, 'batch_size': 154, 'beta_1': 0.683455312602936, 'beta_2': 0.9988090356683468, 'epsilon': 1.5893138154914759e-09, 'hidden_layer_sizes': 79, 'learning_rate_init': 2.6154976815604813e-05, 'tol': 0.00016256621201173884, 'validation_fraction': 0.5433905826027441}
observation time 0.000003, current best 0.381621 at iter 7
suggestion time taken 0.011792 iter 8 next_points [{'alpha': 0.18968324420984078, 'batch_size': 201, 'beta_1': 0.9678867755322094, 'beta_2': 0.9233394803720248, 'epsilon': 8.06178178509727e-09, 'hidden_layer_sizes': 152, 'learning_rate_init': 0.0060204104351259885, 'tol': 3.590473544678363e-05, 'validation_fraction': 0.7592476825301864}]
/home/ryedida/.local/lib/python3.8/site-packages/sklearn/neural_network/_multilayer_perceptron.py:621: UserWarning: Got `batch_size` less than 1 or larger than sample size. It is going to be clipped
  warnings.warn(

function_evaluation time 0.736533 value 3.295220 suggestion {'alpha': 0.18968324420984078, 'batch_size': 201, 'beta_1': 0.9678867755322094, 'beta_2': 0.9233394803720248, 'epsilon': 8.06178178509727e-09, 'hidden_layer_sizes': 152, 'learning_rate_init': 0.0060204104351259885, 'tol': 3.590473544678363e-05, 'validation_fraction': 0.7592476825301864}
observation time 0.000003, current best 0.381621 at iter 8
suggestion time taken 0.010590 iter 9 next_points [{'alpha': 0.11887703831056469, 'batch_size': 213, 'beta_1': 0.6266897623627703, 'beta_2': 0.9993866332127737, 'epsilon': 1.4584214722260324e-08, 'hidden_layer_sizes': 121, 'learning_rate_init': 0.007568786290523877, 'tol': 0.05903555447817915, 'validation_fraction': 0.766474261555002}]
/home/ryedida/.local/lib/python3.8/site-packages/sklearn/neural_network/_multilayer_perceptron.py:621: UserWarning: Got `batch_size` less than 1 or larger than sample size. It is going to be clipped
  warnings.warn(

function_evaluation time 0.433444 value 0.849017 suggestion {'alpha': 0.11887703831056469, 'batch_size': 213, 'beta_1': 0.6266897623627703, 'beta_2': 0.9993866332127737, 'epsilon': 1.4584214722260324e-08, 'hidden_layer_sizes': 121, 'learning_rate_init': 0.007568786290523877, 'tol': 0.05903555447817915, 'validation_fraction': 0.766474261555002}
observation time 0.000005, current best 0.381621 at iter 9
suggestion time taken 0.011358 iter 10 next_points [{'alpha': 1.4736856620457406, 'batch_size': 204, 'beta_1': 0.7134253435188989, 'beta_2': 0.9979521257595035, 'epsilon': 3.313483491987838e-07, 'hidden_layer_sizes': 59, 'learning_rate_init': 1.0607515470690113e-05, 'tol': 0.02758478054282419, 'validation_fraction': 0.42762477905622903}]
function_evaluation time 0.392145 value 10.374157 suggestion {'alpha': 1.4736856620457406, 'batch_size': 204, 'beta_1': 0.7134253435188989, 'beta_2': 0.9979521257595035, 'epsilon': 3.313483491987838e-07, 'hidden_layer_sizes': 59, 'learning_rate_init': 1.0607515470690113e-05, 'tol': 0.02758478054282419, 'validation_fraction': 0.42762477905622903}
observation time 0.000004, current best 0.381621 at iter 10
suggestion time taken 0.010962 iter 11 next_points [{'alpha': 8.852542826304346, 'batch_size': 156, 'beta_1': 0.5714235929394038, 'beta_2': 0.9270560977285741, 'epsilon': 2.4971415140370718e-09, 'hidden_layer_sizes': 188, 'learning_rate_init': 0.04424168223792795, 'tol': 0.0011733418622329888, 'validation_fraction': 0.37566265951964684}]
function_evaluation time 0.821599 value 0.621001 suggestion {'alpha': 8.852542826304346, 'batch_size': 156, 'beta_1': 0.5714235929394038, 'beta_2': 0.9270560977285741, 'epsilon': 2.4971415140370718e-09, 'hidden_layer_sizes': 188, 'learning_rate_init': 0.04424168223792795, 'tol': 0.0011733418622329888, 'validation_fraction': 0.37566265951964684}
observation time 0.000007, current best 0.381621 at iter 11
suggestion time taken 0.013491 iter 12 next_points [{'alpha': 0.03993666698576868, 'batch_size': 20, 'beta_1': 0.946705218077493, 'beta_2': 0.999707636840345, 'epsilon': 4.499190681611339e-09, 'hidden_layer_sizes': 187, 'learning_rate_init': 2.761466381801194e-05, 'tol': 0.0005605895807843158, 'validation_fraction': 0.8411643027410511}]
function_evaluation time 1.211873 value 15.168637 suggestion {'alpha': 0.03993666698576868, 'batch_size': 20, 'beta_1': 0.946705218077493, 'beta_2': 0.999707636840345, 'epsilon': 4.499190681611339e-09, 'hidden_layer_sizes': 187, 'learning_rate_init': 2.761466381801194e-05, 'tol': 0.0005605895807843158, 'validation_fraction': 0.8411643027410511}
observation time 0.000005, current best 0.381621 at iter 12
suggestion time taken 0.011083 iter 13 next_points [{'alpha': 2.9852742293347685, 'batch_size': 194, 'beta_1': 0.9851166861916774, 'beta_2': 0.925577509249276, 'epsilon': 5.927115881409369e-07, 'hidden_layer_sizes': 58, 'learning_rate_init': 0.07040263786651159, 'tol': 0.00022150321620229647, 'validation_fraction': 0.45724892016025726}]
function_evaluation time 0.515940 value 7.775078 suggestion {'alpha': 2.9852742293347685, 'batch_size': 194, 'beta_1': 0.9851166861916774, 'beta_2': 0.925577509249276, 'epsilon': 5.927115881409369e-07, 'hidden_layer_sizes': 58, 'learning_rate_init': 0.07040263786651159, 'tol': 0.00022150321620229647, 'validation_fraction': 0.45724892016025726}
observation time 0.000004, current best 0.381621 at iter 13
suggestion time taken 0.009675 iter 14 next_points [{'alpha': 0.6892092277094028, 'batch_size': 236, 'beta_1': 0.871229643051579, 'beta_2': 0.9997339130461369, 'epsilon': 4.3504167147139367e-07, 'hidden_layer_sizes': 170, 'learning_rate_init': 0.044298107195694644, 'tol': 0.0001557882235236843, 'validation_fraction': 0.255386605530656}]
function_evaluation time 0.851033 value 0.562500 suggestion {'alpha': 0.6892092277094028, 'batch_size': 236, 'beta_1': 0.871229643051579, 'beta_2': 0.9997339130461369, 'epsilon': 4.3504167147139367e-07, 'hidden_layer_sizes': 170, 'learning_rate_init': 0.044298107195694644, 'tol': 0.0001557882235236843, 'validation_fraction': 0.255386605530656}
observation time 0.000007, current best 0.381621 at iter 14
suggestion time taken 0.010817 iter 15 next_points [{'alpha': 0.03528085451865255, 'batch_size': 162, 'beta_1': 0.9472436715928009, 'beta_2': 0.9999031182216843, 'epsilon': 6.038357136479407e-08, 'hidden_layer_sizes': 99, 'learning_rate_init': 0.0055472124793067, 'tol': 0.031378720384387424, 'validation_fraction': 0.7705389541552274}]
/home/ryedida/.local/lib/python3.8/site-packages/sklearn/neural_network/_multilayer_perceptron.py:621: UserWarning: Got `batch_size` less than 1 or larger than sample size. It is going to be clipped
  warnings.warn(

function_evaluation time 0.286803 value 0.980423 suggestion {'alpha': 0.03528085451865255, 'batch_size': 162, 'beta_1': 0.9472436715928009, 'beta_2': 0.9999031182216843, 'epsilon': 6.038357136479407e-08, 'hidden_layer_sizes': 99, 'learning_rate_init': 0.0055472124793067, 'tol': 0.031378720384387424, 'validation_fraction': 0.7705389541552274}
observation time 0.000004, current best 0.381621 at iter 15
suggestion time taken 0.011839 iter 16 next_points [{'alpha': 2.1083346419472838e-05, 'batch_size': 26, 'beta_1': 0.6021297848417546, 'beta_2': 0.999984937665955, 'epsilon': 1.41023495413917e-09, 'hidden_layer_sizes': 180, 'learning_rate_init': 5.6319565197594815e-05, 'tol': 0.0006810097475291809, 'validation_fraction': 0.760498105042044}]
function_evaluation time 0.821085 value 9.113951 suggestion {'alpha': 2.1083346419472838e-05, 'batch_size': 26, 'beta_1': 0.6021297848417546, 'beta_2': 0.999984937665955, 'epsilon': 1.41023495413917e-09, 'hidden_layer_sizes': 180, 'learning_rate_init': 5.6319565197594815e-05, 'tol': 0.0006810097475291809, 'validation_fraction': 0.760498105042044}
observation time 0.000003, current best 0.381621 at iter 16
suggestion time taken 0.010554 iter 17 next_points [{'alpha': 0.00025845840361703767, 'batch_size': 37, 'beta_1': 0.9124804102379572, 'beta_2': 0.9487261800570336, 'epsilon': 3.802974526864622e-08, 'hidden_layer_sizes': 147, 'learning_rate_init': 0.0009861852612899496, 'tol': 0.03738655352609554, 'validation_fraction': 0.6731094102734073}]
function_evaluation time 0.715425 value 0.345995 suggestion {'alpha': 0.00025845840361703767, 'batch_size': 37, 'beta_1': 0.9124804102379572, 'beta_2': 0.9487261800570336, 'epsilon': 3.802974526864622e-08, 'hidden_layer_sizes': 147, 'learning_rate_init': 0.0009861852612899496, 'tol': 0.03738655352609554, 'validation_fraction': 0.6731094102734073}
observation time 0.000004, current best 0.345995 at iter 17
suggestion time taken 0.011836 iter 18 next_points [{'alpha': 1.8488914192406745, 'batch_size': 222, 'beta_1': 0.9869767035581392, 'beta_2': 0.9999865391556485, 'epsilon': 1.5781589609014888e-07, 'hidden_layer_sizes': 194, 'learning_rate_init': 0.00010814123323822151, 'tol': 0.003977416296621648, 'validation_fraction': 0.6103396428086384}]
/home/ryedida/.local/lib/python3.8/site-packages/sklearn/neural_network/_multilayer_perceptron.py:621: UserWarning: Got `batch_size` less than 1 or larger than sample size. It is going to be clipped
  warnings.warn(

function_evaluation time 0.340318 value 15.764725 suggestion {'alpha': 1.8488914192406745, 'batch_size': 222, 'beta_1': 0.9869767035581392, 'beta_2': 0.9999865391556485, 'epsilon': 1.5781589609014888e-07, 'hidden_layer_sizes': 194, 'learning_rate_init': 0.00010814123323822151, 'tol': 0.003977416296621648, 'validation_fraction': 0.6103396428086384}
observation time 0.000002, current best 0.345995 at iter 18
suggestion time taken 0.010283 iter 19 next_points [{'alpha': 0.002014461102673191, 'batch_size': 158, 'beta_1': 0.6509551731294647, 'beta_2': 0.9999983932969077, 'epsilon': 1.046036720606738e-07, 'hidden_layer_sizes': 105, 'learning_rate_init': 0.0002557383012430812, 'tol': 0.0009922146869060869, 'validation_fraction': 0.724654439507291}]
/home/ryedida/.local/lib/python3.8/site-packages/sklearn/neural_network/_multilayer_perceptron.py:621: UserWarning: Got `batch_size` less than 1 or larger than sample size. It is going to be clipped
  warnings.warn(

function_evaluation time 0.394084 value 3.972073 suggestion {'alpha': 0.002014461102673191, 'batch_size': 158, 'beta_1': 0.6509551731294647, 'beta_2': 0.9999983932969077, 'epsilon': 1.046036720606738e-07, 'hidden_layer_sizes': 105, 'learning_rate_init': 0.0002557383012430812, 'tol': 0.0009922146869060869, 'validation_fraction': 0.724654439507291}
observation time 0.000003, current best 0.345995 at iter 19
suggestion time taken 0.011205 iter 20 next_points [{'alpha': 1.1989919686246266, 'batch_size': 220, 'beta_1': 0.9049214276431706, 'beta_2': 0.9991095461297861, 'epsilon': 4.621411954813694e-08, 'hidden_layer_sizes': 140, 'learning_rate_init': 0.004810086163712726, 'tol': 0.00011666345260554209, 'validation_fraction': 0.8656107302212263}]
/home/ryedida/.local/lib/python3.8/site-packages/sklearn/neural_network/_multilayer_perceptron.py:621: UserWarning: Got `batch_size` less than 1 or larger than sample size. It is going to be clipped
  warnings.warn(

function_evaluation time 0.675853 value 0.671864 suggestion {'alpha': 1.1989919686246266, 'batch_size': 220, 'beta_1': 0.9049214276431706, 'beta_2': 0.9991095461297861, 'epsilon': 4.621411954813694e-08, 'hidden_layer_sizes': 140, 'learning_rate_init': 0.004810086163712726, 'tol': 0.00011666345260554209, 'validation_fraction': 0.8656107302212263}
observation time 0.000004, current best 0.345995 at iter 20
suggestion time taken 0.009958 iter 21 next_points [{'alpha': 4.44229276126484, 'batch_size': 243, 'beta_1': 0.8257746899758772, 'beta_2': 0.9999476831369565, 'epsilon': 2.0706410730071424e-08, 'hidden_layer_sizes': 124, 'learning_rate_init': 2.0445425224232316e-05, 'tol': 0.0045081771843097675, 'validation_fraction': 0.623184743618384}]
/home/ryedida/.local/lib/python3.8/site-packages/sklearn/neural_network/_multilayer_perceptron.py:621: UserWarning: Got `batch_size` less than 1 or larger than sample size. It is going to be clipped
  warnings.warn(

function_evaluation time 0.261046 value 18.218372 suggestion {'alpha': 4.44229276126484, 'batch_size': 243, 'beta_1': 0.8257746899758772, 'beta_2': 0.9999476831369565, 'epsilon': 2.0706410730071424e-08, 'hidden_layer_sizes': 124, 'learning_rate_init': 2.0445425224232316e-05, 'tol': 0.0045081771843097675, 'validation_fraction': 0.623184743618384}
observation time 0.000004, current best 0.345995 at iter 21
suggestion time taken 0.011186 iter 22 next_points [{'alpha': 0.08946096775967242, 'batch_size': 154, 'beta_1': 0.9777239203233916, 'beta_2': 0.9998990383154744, 'epsilon': 2.392230912472695e-07, 'hidden_layer_sizes': 161, 'learning_rate_init': 0.00889701876428665, 'tol': 5.730368013569528e-05, 'validation_fraction': 0.2743662636730795}]
function_evaluation time 0.895353 value 1.260531 suggestion {'alpha': 0.08946096775967242, 'batch_size': 154, 'beta_1': 0.9777239203233916, 'beta_2': 0.9998990383154744, 'epsilon': 2.392230912472695e-07, 'hidden_layer_sizes': 161, 'learning_rate_init': 0.00889701876428665, 'tol': 5.730368013569528e-05, 'validation_fraction': 0.2743662636730795}
observation time 0.000004, current best 0.345995 at iter 22
suggestion time taken 0.009687 iter 23 next_points [{'alpha': 2.1167084003750573e-05, 'batch_size': 219, 'beta_1': 0.9448566060537824, 'beta_2': 0.9999940383585151, 'epsilon': 8.420877607597157e-07, 'hidden_layer_sizes': 173, 'learning_rate_init': 0.0001359517564602637, 'tol': 1.833463925511878e-05, 'validation_fraction': 0.1356315801569437}]
function_evaluation time 0.619611 value 7.868361 suggestion {'alpha': 2.1167084003750573e-05, 'batch_size': 219, 'beta_1': 0.9448566060537824, 'beta_2': 0.9999940383585151, 'epsilon': 8.420877607597157e-07, 'hidden_layer_sizes': 173, 'learning_rate_init': 0.0001359517564602637, 'tol': 1.833463925511878e-05, 'validation_fraction': 0.1356315801569437}
observation time 0.000005, current best 0.345995 at iter 23
suggestion time taken 0.010514 iter 24 next_points [{'alpha': 0.39406820068794135, 'batch_size': 205, 'beta_1': 0.8153763207856124, 'beta_2': 0.9999815287188009, 'epsilon': 4.426845009565263e-08, 'hidden_layer_sizes': 56, 'learning_rate_init': 0.005147051133987024, 'tol': 0.0008268610663215293, 'validation_fraction': 0.18266168753853915}]
function_evaluation time 0.782092 value 0.401690 suggestion {'alpha': 0.39406820068794135, 'batch_size': 205, 'beta_1': 0.8153763207856124, 'beta_2': 0.9999815287188009, 'epsilon': 4.426845009565263e-08, 'hidden_layer_sizes': 56, 'learning_rate_init': 0.005147051133987024, 'tol': 0.0008268610663215293, 'validation_fraction': 0.18266168753853915}
observation time 0.000009, current best 0.345995 at iter 24
suggestion time taken 0.013020 iter 25 next_points [{'alpha': 0.08380039059370718, 'batch_size': 135, 'beta_1': 0.5871771247323152, 'beta_2': 0.9809068313461712, 'epsilon': 7.626718677736455e-07, 'hidden_layer_sizes': 187, 'learning_rate_init': 0.022165805121566684, 'tol': 0.06044627682291259, 'validation_fraction': 0.49856767633503474}]
function_evaluation time 0.597853 value 0.966862 suggestion {'alpha': 0.08380039059370718, 'batch_size': 135, 'beta_1': 0.5871771247323152, 'beta_2': 0.9809068313461712, 'epsilon': 7.626718677736455e-07, 'hidden_layer_sizes': 187, 'learning_rate_init': 0.022165805121566684, 'tol': 0.06044627682291259, 'validation_fraction': 0.49856767633503474}
observation time 0.000003, current best 0.345995 at iter 25
suggestion time taken 0.009700 iter 26 next_points [{'alpha': 1.3252129455890154, 'batch_size': 125, 'beta_1': 0.8930819732551428, 'beta_2': 0.9739262365698313, 'epsilon': 7.761103235050686e-09, 'hidden_layer_sizes': 173, 'learning_rate_init': 0.014142093107565775, 'tol': 0.0010884587044326388, 'validation_fraction': 0.16180770252902366}]
function_evaluation time 0.995565 value 1.145156 suggestion {'alpha': 1.3252129455890154, 'batch_size': 125, 'beta_1': 0.8930819732551428, 'beta_2': 0.9739262365698313, 'epsilon': 7.761103235050686e-09, 'hidden_layer_sizes': 173, 'learning_rate_init': 0.014142093107565775, 'tol': 0.0010884587044326388, 'validation_fraction': 0.16180770252902366}
observation time 0.000003, current best 0.345995 at iter 26
suggestion time taken 0.010119 iter 27 next_points [{'alpha': 0.0022316794760149227, 'batch_size': 226, 'beta_1': 0.8642802885852047, 'beta_2': 0.9999820693874719, 'epsilon': 3.59288737791853e-08, 'hidden_layer_sizes': 167, 'learning_rate_init': 0.0001463829096905772, 'tol': 0.0002338164589119144, 'validation_fraction': 0.6742307937565241}]
/home/ryedida/.local/lib/python3.8/site-packages/sklearn/neural_network/_multilayer_perceptron.py:621: UserWarning: Got `batch_size` less than 1 or larger than sample size. It is going to be clipped
  warnings.warn(

function_evaluation time 0.312510 value 13.133425 suggestion {'alpha': 0.0022316794760149227, 'batch_size': 226, 'beta_1': 0.8642802885852047, 'beta_2': 0.9999820693874719, 'epsilon': 3.59288737791853e-08, 'hidden_layer_sizes': 167, 'learning_rate_init': 0.0001463829096905772, 'tol': 0.0002338164589119144, 'validation_fraction': 0.6742307937565241}
observation time 0.000004, current best 0.345995 at iter 27
suggestion time taken 0.010837 iter 28 next_points [{'alpha': 0.8684798612223612, 'batch_size': 137, 'beta_1': 0.6570731855557973, 'beta_2': 0.9998813065313373, 'epsilon': 1.2269467865107193e-07, 'hidden_layer_sizes': 127, 'learning_rate_init': 0.0029846844956910724, 'tol': 0.0002719551750901778, 'validation_fraction': 0.2931645354527788}]
function_evaluation time 0.863782 value 0.335024 suggestion {'alpha': 0.8684798612223612, 'batch_size': 137, 'beta_1': 0.6570731855557973, 'beta_2': 0.9998813065313373, 'epsilon': 1.2269467865107193e-07, 'hidden_layer_sizes': 127, 'learning_rate_init': 0.0029846844956910724, 'tol': 0.0002719551750901778, 'validation_fraction': 0.2931645354527788}
observation time 0.000002, current best 0.335024 at iter 28
suggestion time taken 0.010249 iter 29 next_points [{'alpha': 0.6070773617872883, 'batch_size': 245, 'beta_1': 0.9759504374063626, 'beta_2': 0.9949210272565345, 'epsilon': 1.2323055880298467e-09, 'hidden_layer_sizes': 146, 'learning_rate_init': 6.057878742671892e-05, 'tol': 0.0016274794160752886, 'validation_fraction': 0.22242374347165564}]
function_evaluation time 0.603722 value 9.513221 suggestion {'alpha': 0.6070773617872883, 'batch_size': 245, 'beta_1': 0.9759504374063626, 'beta_2': 0.9949210272565345, 'epsilon': 1.2323055880298467e-09, 'hidden_layer_sizes': 146, 'learning_rate_init': 6.057878742671892e-05, 'tol': 0.0016274794160752886, 'validation_fraction': 0.22242374347165564}
observation time 0.000003, current best 0.335024 at iter 29
suggestion time taken 0.010823 iter 30 next_points [{'alpha': 0.016888164319525136, 'batch_size': 219, 'beta_1': 0.8801198487467864, 'beta_2': 0.9997345656872967, 'epsilon': 2.772547821679662e-09, 'hidden_layer_sizes': 132, 'learning_rate_init': 0.08121365845445236, 'tol': 5.25097036234708e-05, 'validation_fraction': 0.42466051175988623}]
function_evaluation time 0.397782 value 6.046536 suggestion {'alpha': 0.016888164319525136, 'batch_size': 219, 'beta_1': 0.8801198487467864, 'beta_2': 0.9997345656872967, 'epsilon': 2.772547821679662e-09, 'hidden_layer_sizes': 132, 'learning_rate_init': 0.08121365845445236, 'tol': 5.25097036234708e-05, 'validation_fraction': 0.42466051175988623}
observation time 0.000003, current best 0.335024 at iter 30
suggestion time taken 0.010297 iter 31 next_points [{'alpha': 0.002076934791950393, 'batch_size': 231, 'beta_1': 0.9407183278807635, 'beta_2': 0.9956946266702318, 'epsilon': 3.787817711099347e-07, 'hidden_layer_sizes': 52, 'learning_rate_init': 0.000990900929914222, 'tol': 1.0806824168158136e-05, 'validation_fraction': 0.6023493047415855}]
/home/ryedida/.local/lib/python3.8/site-packages/sklearn/neural_network/_multilayer_perceptron.py:621: UserWarning: Got `batch_size` less than 1 or larger than sample size. It is going to be clipped
  warnings.warn(

function_evaluation time 0.544326 value 2.903540 suggestion {'alpha': 0.002076934791950393, 'batch_size': 231, 'beta_1': 0.9407183278807635, 'beta_2': 0.9956946266702318, 'epsilon': 3.787817711099347e-07, 'hidden_layer_sizes': 52, 'learning_rate_init': 0.000990900929914222, 'tol': 1.0806824168158136e-05, 'validation_fraction': 0.6023493047415855}
observation time 0.000005, current best 0.335024 at iter 31
suggestion time taken 0.010867 iter 32 next_points [{'alpha': 0.04914578729938445, 'batch_size': 194, 'beta_1': 0.5532415420372732, 'beta_2': 0.9999954223899574, 'epsilon': 2.759981897317104e-08, 'hidden_layer_sizes': 138, 'learning_rate_init': 0.003553882668282326, 'tol': 0.0019891478103842616, 'validation_fraction': 0.3263010318055993}]
function_evaluation time 0.662548 value 0.542857 suggestion {'alpha': 0.04914578729938445, 'batch_size': 194, 'beta_1': 0.5532415420372732, 'beta_2': 0.9999954223899574, 'epsilon': 2.759981897317104e-08, 'hidden_layer_sizes': 138, 'learning_rate_init': 0.003553882668282326, 'tol': 0.0019891478103842616, 'validation_fraction': 0.3263010318055993}
observation time 0.000003, current best 0.335024 at iter 32
suggestion time taken 0.012749 iter 33 next_points [{'alpha': 1.913947884334898, 'batch_size': 129, 'beta_1': 0.8440966363987799, 'beta_2': 0.999998997030738, 'epsilon': 1.2745232750198996e-07, 'hidden_layer_sizes': 108, 'learning_rate_init': 0.013107481638403721, 'tol': 0.001103450183824416, 'validation_fraction': 0.20809204869233136}]
function_evaluation time 0.850143 value 1.148248 suggestion {'alpha': 1.913947884334898, 'batch_size': 129, 'beta_1': 0.8440966363987799, 'beta_2': 0.999998997030738, 'epsilon': 1.2745232750198996e-07, 'hidden_layer_sizes': 108, 'learning_rate_init': 0.013107481638403721, 'tol': 0.001103450183824416, 'validation_fraction': 0.20809204869233136}
observation time 0.000003, current best 0.335024 at iter 33
suggestion time taken 0.010772 iter 34 next_points [{'alpha': 0.9866124044048136, 'batch_size': 20, 'beta_1': 0.6933480274813091, 'beta_2': 0.9998718442370899, 'epsilon': 2.1375784397499062e-08, 'hidden_layer_sizes': 139, 'learning_rate_init': 0.014477214752098289, 'tol': 0.0001653573679332388, 'validation_fraction': 0.8741681546143107}]
function_evaluation time 0.824701 value 0.941697 suggestion {'alpha': 0.9866124044048136, 'batch_size': 20, 'beta_1': 0.6933480274813091, 'beta_2': 0.9998718442370899, 'epsilon': 2.1375784397499062e-08, 'hidden_layer_sizes': 139, 'learning_rate_init': 0.014477214752098289, 'tol': 0.0001653573679332388, 'validation_fraction': 0.8741681546143107}
observation time 0.000003, current best 0.335024 at iter 34
suggestion time taken 0.010389 iter 35 next_points [{'alpha': 1.0923980348507304e-05, 'batch_size': 244, 'beta_1': 0.546769127234061, 'beta_2': 0.9999941920403412, 'epsilon': 7.290359908123185e-08, 'hidden_layer_sizes': 53, 'learning_rate_init': 0.0236747881852197, 'tol': 0.013457558952100672, 'validation_fraction': 0.7141881799458495}]
/home/ryedida/.local/lib/python3.8/site-packages/sklearn/neural_network/_multilayer_perceptron.py:621: UserWarning: Got `batch_size` less than 1 or larger than sample size. It is going to be clipped
  warnings.warn(

function_evaluation time 0.335586 value 0.628999 suggestion {'alpha': 1.0923980348507304e-05, 'batch_size': 244, 'beta_1': 0.546769127234061, 'beta_2': 0.9999941920403412, 'epsilon': 7.290359908123185e-08, 'hidden_layer_sizes': 53, 'learning_rate_init': 0.0236747881852197, 'tol': 0.013457558952100672, 'validation_fraction': 0.7141881799458495}
observation time 0.000003, current best 0.335024 at iter 35
suggestion time taken 0.011673 iter 36 next_points [{'alpha': 5.6302986918317805e-05, 'batch_size': 216, 'beta_1': 0.71685151731032, 'beta_2': 0.9997995365503676, 'epsilon': 1.0376247787738269e-07, 'hidden_layer_sizes': 155, 'learning_rate_init': 0.00013450973398003885, 'tol': 0.000148780017889525, 'validation_fraction': 0.4392613268413233}]
function_evaluation time 0.426250 value 14.765237 suggestion {'alpha': 5.6302986918317805e-05, 'batch_size': 216, 'beta_1': 0.71685151731032, 'beta_2': 0.9997995365503676, 'epsilon': 1.0376247787738269e-07, 'hidden_layer_sizes': 155, 'learning_rate_init': 0.00013450973398003885, 'tol': 0.000148780017889525, 'validation_fraction': 0.4392613268413233}
observation time 0.000003, current best 0.335024 at iter 36
suggestion time taken 0.011307 iter 37 next_points [{'alpha': 0.00011953895842889698, 'batch_size': 47, 'beta_1': 0.9807872890739125, 'beta_2': 0.9109833191979823, 'epsilon': 1.163987086838702e-09, 'hidden_layer_sizes': 106, 'learning_rate_init': 0.0001590643109027394, 'tol': 0.0010890644439680742, 'validation_fraction': 0.24897640093316697}]
function_evaluation time 1.454620 value 4.913124 suggestion {'alpha': 0.00011953895842889698, 'batch_size': 47, 'beta_1': 0.9807872890739125, 'beta_2': 0.9109833191979823, 'epsilon': 1.163987086838702e-09, 'hidden_layer_sizes': 106, 'learning_rate_init': 0.0001590643109027394, 'tol': 0.0010890644439680742, 'validation_fraction': 0.24897640093316697}
observation time 0.000003, current best 0.335024 at iter 37
suggestion time taken 0.009844 iter 38 next_points [{'alpha': 2.605270015151111, 'batch_size': 20, 'beta_1': 0.9583749487045242, 'beta_2': 0.9998770800117702, 'epsilon': 3.7040448890340914e-07, 'hidden_layer_sizes': 99, 'learning_rate_init': 0.0025450534957604802, 'tol': 8.001236107841186e-05, 'validation_fraction': 0.43943257772325334}]
function_evaluation time 1.754443 value 0.724731 suggestion {'alpha': 2.605270015151111, 'batch_size': 20, 'beta_1': 0.9583749487045242, 'beta_2': 0.9998770800117702, 'epsilon': 3.7040448890340914e-07, 'hidden_layer_sizes': 99, 'learning_rate_init': 0.0025450534957604802, 'tol': 8.001236107841186e-05, 'validation_fraction': 0.43943257772325334}
observation time 0.000004, current best 0.335024 at iter 38
suggestion time taken 0.010995 iter 39 next_points [{'alpha': 2.027009430766856e-05, 'batch_size': 26, 'beta_1': 0.8215016429008344, 'beta_2': 0.9982356259162639, 'epsilon': 1.9992686525833309e-07, 'hidden_layer_sizes': 136, 'learning_rate_init': 0.01457542453189132, 'tol': 0.01649844981428099, 'validation_fraction': 0.7301387223175766}]
function_evaluation time 0.658643 value 1.052611 suggestion {'alpha': 2.027009430766856e-05, 'batch_size': 26, 'beta_1': 0.8215016429008344, 'beta_2': 0.9982356259162639, 'epsilon': 1.9992686525833309e-07, 'hidden_layer_sizes': 136, 'learning_rate_init': 0.01457542453189132, 'tol': 0.01649844981428099, 'validation_fraction': 0.7301387223175766}
observation time 0.000010, current best 0.335024 at iter 39
suggestion time taken 0.014285 iter 40 next_points [{'alpha': 1.9892020371884056e-05, 'batch_size': 226, 'beta_1': 0.9667330156286303, 'beta_2': 0.9999737048902612, 'epsilon': 2.2098681342664577e-08, 'hidden_layer_sizes': 159, 'learning_rate_init': 0.0002919474865329823, 'tol': 0.035833407307496866, 'validation_fraction': 0.40742311564727657}]
function_evaluation time 0.428713 value 11.869691 suggestion {'alpha': 1.9892020371884056e-05, 'batch_size': 226, 'beta_1': 0.9667330156286303, 'beta_2': 0.9999737048902612, 'epsilon': 2.2098681342664577e-08, 'hidden_layer_sizes': 159, 'learning_rate_init': 0.0002919474865329823, 'tol': 0.035833407307496866, 'validation_fraction': 0.40742311564727657}
observation time 0.000005, current best 0.335024 at iter 40
suggestion time taken 0.011640 iter 41 next_points [{'alpha': 0.0009694070525418654, 'batch_size': 81, 'beta_1': 0.5678691867088312, 'beta_2': 0.9999704801171018, 'epsilon': 6.243378232381939e-09, 'hidden_layer_sizes': 118, 'learning_rate_init': 1.220050964562427e-05, 'tol': 0.0006379130303482535, 'validation_fraction': 0.7594802979943821}]
function_evaluation time 0.627515 value 15.786910 suggestion {'alpha': 0.0009694070525418654, 'batch_size': 81, 'beta_1': 0.5678691867088312, 'beta_2': 0.9999704801171018, 'epsilon': 6.243378232381939e-09, 'hidden_layer_sizes': 118, 'learning_rate_init': 1.220050964562427e-05, 'tol': 0.0006379130303482535, 'validation_fraction': 0.7594802979943821}
observation time 0.000009, current best 0.335024 at iter 41
suggestion time taken 0.013595 iter 42 next_points [{'alpha': 0.00010041443510951732, 'batch_size': 128, 'beta_1': 0.9834120117123231, 'beta_2': 0.9998345695834778, 'epsilon': 7.624340593707715e-09, 'hidden_layer_sizes': 194, 'learning_rate_init': 2.0801680931783032e-05, 'tol': 6.614956241543956e-05, 'validation_fraction': 0.8356337459071008}]
/home/ryedida/.local/lib/python3.8/site-packages/sklearn/neural_network/_multilayer_perceptron.py:621: UserWarning: Got `batch_size` less than 1 or larger than sample size. It is going to be clipped
  warnings.warn(

function_evaluation time 0.345924 value 10.132748 suggestion {'alpha': 0.00010041443510951732, 'batch_size': 128, 'beta_1': 0.9834120117123231, 'beta_2': 0.9998345695834778, 'epsilon': 7.624340593707715e-09, 'hidden_layer_sizes': 194, 'learning_rate_init': 2.0801680931783032e-05, 'tol': 6.614956241543956e-05, 'validation_fraction': 0.8356337459071008}
observation time 0.000007, current best 0.335024 at iter 42
suggestion time taken 0.011920 iter 43 next_points [{'alpha': 1.0460887783340635e-05, 'batch_size': 29, 'beta_1': 0.784855198552472, 'beta_2': 0.9999976706233128, 'epsilon': 1.0485291622374002e-09, 'hidden_layer_sizes': 111, 'learning_rate_init': 0.003464447154595178, 'tol': 2.1274630681937423e-05, 'validation_fraction': 0.7887800320324512}]
function_evaluation time 0.884933 value 0.375674 suggestion {'alpha': 1.0460887783340635e-05, 'batch_size': 29, 'beta_1': 0.784855198552472, 'beta_2': 0.9999976706233128, 'epsilon': 1.0485291622374002e-09, 'hidden_layer_sizes': 111, 'learning_rate_init': 0.003464447154595178, 'tol': 2.1274630681937423e-05, 'validation_fraction': 0.7887800320324512}
observation time 0.000004, current best 0.335024 at iter 43
suggestion time taken 0.012484 iter 44 next_points [{'alpha': 0.030131424789793998, 'batch_size': 157, 'beta_1': 0.9812996731003707, 'beta_2': 0.999525743121971, 'epsilon': 4.4027836564717014e-07, 'hidden_layer_sizes': 162, 'learning_rate_init': 4.4808835300592985e-05, 'tol': 0.0004727421487955646, 'validation_fraction': 0.8929257553167463}]
/home/ryedida/.local/lib/python3.8/site-packages/sklearn/neural_network/_multilayer_perceptron.py:621: UserWarning: Got `batch_size` less than 1 or larger than sample size. It is going to be clipped
  warnings.warn(

function_evaluation time 0.304871 value 13.839396 suggestion {'alpha': 0.030131424789793998, 'batch_size': 157, 'beta_1': 0.9812996731003707, 'beta_2': 0.999525743121971, 'epsilon': 4.4027836564717014e-07, 'hidden_layer_sizes': 162, 'learning_rate_init': 4.4808835300592985e-05, 'tol': 0.0004727421487955646, 'validation_fraction': 0.8929257553167463}
observation time 0.000002, current best 0.335024 at iter 44
saving meta data: {'args': {'--uuid': 'cc2ea4fa468d5712b53afe8eaae2af17', '-db-root': '/home/ryedida/bbo_challenge_starter_kit/output', '--opt-root': '/home/ryedida/bbo_challenge_starter_kit/example_submissions', '--data-root': None, '--db': 'run_20231013_070336', '--opt': 'random', '--data': 'breast', '--classifier': 'MLP-adam', '--metric': 'nll', '--calls': 45, '--suggestions': 1, '--jobs-file': None, '--verbose': False, 'dry_run': False, 'rev': 'a376313', 'opt_rev': '0.0.8'}, 'signature': ([{'alpha': 0.019628224813442792, 'batch_size': 182, 'beta_1': 0.9410202200271762, 'beta_2': 0.9998021557676793, 'epsilon': 1.8662266976518e-08, 'hidden_layer_sizes': 147, 'learning_rate_init': 0.0005627932047415167, 'tol': 0.03690557729213761, 'validation_fraction': 0.8846827852548593}, {'alpha': 0.001998246739232944, 'batch_size': 200, 'beta_1': 0.919111482530466, 'beta_2': 0.9998488260436156, 'epsilon': 5.981221901152555e-07, 'hidden_layer_sizes': 61, 'learning_rate_init': 2.2310905607443014e-05, 'tol': 1.2046852412030316e-05, 'validation_fraction': 0.8117896445826539}, {'alpha': 0.46659545670218433, 'batch_size': 219, 'beta_1': 0.9889789783750891, 'beta_2': 0.9999896868093284, 'epsilon': 2.4234724484675948e-08, 'hidden_layer_sizes': 167, 'learning_rate_init': 2.972334644335654e-05, 'tol': 0.0036281404040243792, 'validation_fraction': 0.17260651658522078}, {'alpha': 4.656005689076002, 'batch_size': 135, 'beta_1': 0.870503881627747, 'beta_2': 0.9948873266941017, 'epsilon': 2.1023308743480125e-07, 'hidden_layer_sizes': 118, 'learning_rate_init': 0.001878173875716191, 'tol': 1.1889379831773006e-05, 'validation_fraction': 0.6264327093752792}, {'alpha': 0.04705159350400542, 'batch_size': 158, 'beta_1': 0.9870884262730957, 'beta_2': 0.9999596874382349, 'epsilon': 1.1981845126013875e-08, 'hidden_layer_sizes': 116, 'learning_rate_init': 0.006173405204074311, 'tol': 1.7414134181586194e-05, 'validation_fraction': 0.6754299026638921}], [7.80364911041716, 14.04577697134529, 11.882715334689305, 5.083775239316363, 3.3813441495654772])}
saving results
saving timing
saving suggest log
done
