running: {'--uuid': 'd3455435eea051b3a226a84fbdd92fd2', '-db-root': '/home/ryedida/bbo_challenge_starter_kit/output', '--opt-root': '/home/ryedida/bbo_challenge_starter_kit/example_submissions', '--data-root': None, '--db': 'run_20231013_070336', '--opt': 'strongcvx', '--data': 'breast', '--classifier': 'MLP-adam', '--metric': 'acc', '--calls': 45, '--suggestions': 1, '--jobs-file': None, '--verbose': False, 'dry_run': False, 'rev': 'a376313', 'opt_rev': 'x.x.x'}
cmd: python strongcvx/optimizer.py -c MLP-adam -d breast -o strongcvx -u d3455435eea051b3a226a84fbdd92fd2 -m acc -n 45 -p 1 -dir /home/ryedida/bbo_challenge_starter_kit/output -b run_20231013_070336
/home/ryedida/.local/lib/python3.8/site-packages/sklearn/neural_network/_multilayer_perceptron.py:621: UserWarning: Got `batch_size` less than 1 or larger than sample size. It is going to be clipped
  warnings.warn(

/home/ryedida/.local/lib/python3.8/site-packages/sklearn/neural_network/_multilayer_perceptron.py:621: UserWarning: Got `batch_size` less than 1 or larger than sample size. It is going to be clipped
  warnings.warn(

/home/ryedida/.local/lib/python3.8/site-packages/sklearn/neural_network/_multilayer_perceptron.py:621: UserWarning: Got `batch_size` less than 1 or larger than sample size. It is going to be clipped
  warnings.warn(

computed signature: ([{'alpha': 0.019628224813442792, 'batch_size': 182, 'beta_1': 0.9410202200271762, 'beta_2': 0.9998021557676793, 'epsilon': 1.8662266976518e-08, 'hidden_layer_sizes': 147, 'learning_rate_init': 0.0005627932047415167, 'tol': 0.03690557729213761, 'validation_fraction': 0.8846827852548593}, {'alpha': 0.001998246739232944, 'batch_size': 200, 'beta_1': 0.919111482530466, 'beta_2': 0.9998488260436156, 'epsilon': 5.981221901152555e-07, 'hidden_layer_sizes': 61, 'learning_rate_init': 2.2310905607443014e-05, 'tol': 1.2046852412030316e-05, 'validation_fraction': 0.8117896445826539}, {'alpha': 0.46659545670218433, 'batch_size': 219, 'beta_1': 0.9889789783750891, 'beta_2': 0.9999896868093284, 'epsilon': 2.4234724484675948e-08, 'hidden_layer_sizes': 167, 'learning_rate_init': 2.972334644335654e-05, 'tol': 0.0036281404040243792, 'validation_fraction': 0.17260651658522078}, {'alpha': 4.656005689076002, 'batch_size': 135, 'beta_1': 0.870503881627747, 'beta_2': 0.9948873266941017, 'epsilon': 2.1023308743480125e-07, 'hidden_layer_sizes': 118, 'learning_rate_init': 0.001878173875716191, 'tol': 1.1889379831773006e-05, 'validation_fraction': 0.6264327093752792}, {'alpha': 0.04705159350400542, 'batch_size': 158, 'beta_1': 0.9870884262730957, 'beta_2': 0.9999596874382349, 'epsilon': 1.1981845126013875e-08, 'hidden_layer_sizes': 116, 'learning_rate_init': 0.006173405204074311, 'tol': 1.7414134181586194e-05, 'validation_fraction': 0.6754299026638921}], [-0.676923076923077, -0.567032967032967, -0.545054945054945, -0.7824175824175824, -0.843956043956044])
/home/ryedida/.local/lib/python3.8/site-packages/bayesmark/experiment.py:470: UserWarning: Baselines not found. Will not log intermediate scores.
  warnings.warn("Baselines not found. Will not log intermediate scores.")

starting sklearn study strongcvx MLP-adam breast acc 45 1
with data root: None
suggestion time taken 19.424499 iter 0 next_points [{'alpha': 0.039300537230065304, 'batch_size': 56, 'beta_1': 0.8972316306550278, 'beta_2': 0.9799351429144243, 'epsilon': 9.020370815351066e-08, 'hidden_layer_sizes': 109, 'learning_rate_init': 0.0022715147952355103, 'tol': 0.0125326467402101, 'validation_fraction': 0.17476108926313508}]
function_evaluation time 0.774719 value -0.907692 suggestion {'alpha': 0.039300537230065304, 'batch_size': 56, 'beta_1': 0.8972316306550278, 'beta_2': 0.9799351429144243, 'epsilon': 9.020370815351066e-08, 'hidden_layer_sizes': 109, 'learning_rate_init': 0.0022715147952355103, 'tol': 0.0125326467402101, 'validation_fraction': 0.17476108926313508}
observation time 0.000006, current best -0.907692 at iter 0
suggestion time taken 19.148695 iter 1 next_points [{'alpha': 0.12134039417524572, 'batch_size': 225, 'beta_1': 0.8730052282842483, 'beta_2': 0.9977366640429697, 'epsilon': 6.21406659059268e-08, 'hidden_layer_sizes': 150, 'learning_rate_init': 0.00951204602142911, 'tol': 6.736144235403904e-05, 'validation_fraction': 0.6750587153665996}]
/home/ryedida/.local/lib/python3.8/site-packages/sklearn/neural_network/_multilayer_perceptron.py:621: UserWarning: Got `batch_size` less than 1 or larger than sample size. It is going to be clipped
  warnings.warn(

function_evaluation time 0.751549 value -0.903297 suggestion {'alpha': 0.12134039417524572, 'batch_size': 225, 'beta_1': 0.8730052282842483, 'beta_2': 0.9977366640429697, 'epsilon': 6.21406659059268e-08, 'hidden_layer_sizes': 150, 'learning_rate_init': 0.00951204602142911, 'tol': 6.736144235403904e-05, 'validation_fraction': 0.6750587153665996}
observation time 0.000006, current best -0.907692 at iter 1
suggestion time taken 18.791103 iter 2 next_points [{'alpha': 2.059386086363161, 'batch_size': 227, 'beta_1': 0.9092092501205197, 'beta_2': 0.9999852097093187, 'epsilon': 9.547445306493646e-07, 'hidden_layer_sizes': 141, 'learning_rate_init': 0.0019665958439283714, 'tol': 0.00010138140772584843, 'validation_fraction': 0.5872540032025663}]
/home/ryedida/.local/lib/python3.8/site-packages/sklearn/neural_network/_multilayer_perceptron.py:621: UserWarning: Got `batch_size` less than 1 or larger than sample size. It is going to be clipped
  warnings.warn(

function_evaluation time 0.888744 value -0.843956 suggestion {'alpha': 2.059386086363161, 'batch_size': 227, 'beta_1': 0.9092092501205197, 'beta_2': 0.9999852097093187, 'epsilon': 9.547445306493646e-07, 'hidden_layer_sizes': 141, 'learning_rate_init': 0.0019665958439283714, 'tol': 0.00010138140772584843, 'validation_fraction': 0.5872540032025663}
observation time 0.000006, current best -0.907692 at iter 2
suggestion time taken 19.333952 iter 3 next_points [{'alpha': 0.0017755038565182644, 'batch_size': 25, 'beta_1': 0.760499037272802, 'beta_2': 0.942679983017171, 'epsilon': 3.906543737574076e-07, 'hidden_layer_sizes': 174, 'learning_rate_init': 0.002016015648480364, 'tol': 0.018361333439551455, 'validation_fraction': 0.17509193786094998}]
function_evaluation time 1.438081 value -0.909890 suggestion {'alpha': 0.0017755038565182644, 'batch_size': 25, 'beta_1': 0.760499037272802, 'beta_2': 0.942679983017171, 'epsilon': 3.906543737574076e-07, 'hidden_layer_sizes': 174, 'learning_rate_init': 0.002016015648480364, 'tol': 0.018361333439551455, 'validation_fraction': 0.17509193786094998}
observation time 0.000006, current best -0.909890 at iter 3
suggestion time taken 18.688354 iter 4 next_points [{'alpha': 2.2780750113936798e-05, 'batch_size': 110, 'beta_1': 0.9480016752183308, 'beta_2': 0.9999947607205738, 'epsilon': 3.147009188391366e-07, 'hidden_layer_sizes': 162, 'learning_rate_init': 2.8713041120191376e-05, 'tol': 0.0043329315681770045, 'validation_fraction': 0.14367629617131691}]
function_evaluation time 0.562981 value -0.505495 suggestion {'alpha': 2.2780750113936798e-05, 'batch_size': 110, 'beta_1': 0.9480016752183308, 'beta_2': 0.9999947607205738, 'epsilon': 3.147009188391366e-07, 'hidden_layer_sizes': 162, 'learning_rate_init': 2.8713041120191376e-05, 'tol': 0.0043329315681770045, 'validation_fraction': 0.14367629617131691}
observation time 0.000015, current best -0.909890 at iter 4
suggestion time taken 19.846137 iter 5 next_points [{'alpha': 3.17225856179507e-05, 'batch_size': 17, 'beta_1': 0.8517718542256766, 'beta_2': 0.9991628235532974, 'epsilon': 1.2091775531427337e-08, 'hidden_layer_sizes': 85, 'learning_rate_init': 0.0022448274725927124, 'tol': 0.01122607156598161, 'validation_fraction': 0.4492065677176365}]
function_evaluation time 2.066525 value -0.901099 suggestion {'alpha': 3.17225856179507e-05, 'batch_size': 17, 'beta_1': 0.8517718542256766, 'beta_2': 0.9991628235532974, 'epsilon': 1.2091775531427337e-08, 'hidden_layer_sizes': 85, 'learning_rate_init': 0.0022448274725927124, 'tol': 0.01122607156598161, 'validation_fraction': 0.4492065677176365}
observation time 0.000016, current best -0.909890 at iter 5
suggestion time taken 19.936391 iter 6 next_points [{'alpha': 0.0062920106334816645, 'batch_size': 227, 'beta_1': 0.9260594175255809, 'beta_2': 0.9241082247356491, 'epsilon': 1.5543724901667613e-08, 'hidden_layer_sizes': 167, 'learning_rate_init': 0.0012883759000596642, 'tol': 2.4309098374093855e-05, 'validation_fraction': 0.5441735049019563}]
/home/ryedida/.local/lib/python3.8/site-packages/sklearn/neural_network/_multilayer_perceptron.py:621: UserWarning: Got `batch_size` less than 1 or larger than sample size. It is going to be clipped
  warnings.warn(

function_evaluation time 0.930959 value -0.747253 suggestion {'alpha': 0.0062920106334816645, 'batch_size': 227, 'beta_1': 0.9260594175255809, 'beta_2': 0.9241082247356491, 'epsilon': 1.5543724901667613e-08, 'hidden_layer_sizes': 167, 'learning_rate_init': 0.0012883759000596642, 'tol': 2.4309098374093855e-05, 'validation_fraction': 0.5441735049019563}
observation time 0.000006, current best -0.909890 at iter 6
suggestion time taken 19.004909 iter 7 next_points [{'alpha': 2.312284211593383, 'batch_size': 111, 'beta_1': 0.9288326503490382, 'beta_2': 0.9999986256973958, 'epsilon': 5.3049553240425314e-08, 'hidden_layer_sizes': 68, 'learning_rate_init': 0.001119375616353431, 'tol': 2.078290168868065e-05, 'validation_fraction': 0.6939469737074455}]
function_evaluation time 0.677645 value -0.685714 suggestion {'alpha': 2.312284211593383, 'batch_size': 111, 'beta_1': 0.9288326503490382, 'beta_2': 0.9999986256973958, 'epsilon': 5.3049553240425314e-08, 'hidden_layer_sizes': 68, 'learning_rate_init': 0.001119375616353431, 'tol': 2.078290168868065e-05, 'validation_fraction': 0.6939469737074455}
observation time 0.000005, current best -0.909890 at iter 7
suggestion time taken 20.124868 iter 8 next_points [{'alpha': 2.332217549448511e-05, 'batch_size': 16, 'beta_1': 0.7443522017735441, 'beta_2': 0.9243319867088055, 'epsilon': 2.5123472691281574e-09, 'hidden_layer_sizes': 152, 'learning_rate_init': 0.016040148776206062, 'tol': 0.048126932130792284, 'validation_fraction': 0.26084775504550267}]
function_evaluation time 1.492112 value -0.907692 suggestion {'alpha': 2.332217549448511e-05, 'batch_size': 16, 'beta_1': 0.7443522017735441, 'beta_2': 0.9243319867088055, 'epsilon': 2.5123472691281574e-09, 'hidden_layer_sizes': 152, 'learning_rate_init': 0.016040148776206062, 'tol': 0.048126932130792284, 'validation_fraction': 0.26084775504550267}
observation time 0.000005, current best -0.909890 at iter 8
suggestion time taken 19.104156 iter 9 next_points [{'alpha': 0.16134226635079588, 'batch_size': 225, 'beta_1': 0.9567982188733396, 'beta_2': 0.9773119704586944, 'epsilon': 3.0788551063078634e-08, 'hidden_layer_sizes': 194, 'learning_rate_init': 0.00024335501877390716, 'tol': 4.119218379300671e-05, 'validation_fraction': 0.3984727874722737}]
function_evaluation time 0.752951 value -0.738462 suggestion {'alpha': 0.16134226635079588, 'batch_size': 225, 'beta_1': 0.9567982188733396, 'beta_2': 0.9773119704586944, 'epsilon': 3.0788551063078634e-08, 'hidden_layer_sizes': 194, 'learning_rate_init': 0.00024335501877390716, 'tol': 4.119218379300671e-05, 'validation_fraction': 0.3984727874722737}
observation time 0.000006, current best -0.909890 at iter 9
suggestion time taken 20.332172 iter 10 next_points [{'alpha': 0.17407753880222923, 'batch_size': 227, 'beta_1': 0.8797943553471983, 'beta_2': 0.9997165264130066, 'epsilon': 5.099148751199484e-09, 'hidden_layer_sizes': 122, 'learning_rate_init': 0.03395095107207301, 'tol': 0.004540475365485977, 'validation_fraction': 0.11173177449433974}]
function_evaluation time 0.757994 value -0.881319 suggestion {'alpha': 0.17407753880222923, 'batch_size': 227, 'beta_1': 0.8797943553471983, 'beta_2': 0.9997165264130066, 'epsilon': 5.099148751199484e-09, 'hidden_layer_sizes': 122, 'learning_rate_init': 0.03395095107207301, 'tol': 0.004540475365485977, 'validation_fraction': 0.11173177449433974}
observation time 0.000006, current best -0.909890 at iter 10
suggestion time taken 19.740547 iter 11 next_points [{'alpha': 3.397472400388871, 'batch_size': 25, 'beta_1': 0.9696813358651252, 'beta_2': 0.9996330158251779, 'epsilon': 7.537765355508959e-07, 'hidden_layer_sizes': 197, 'learning_rate_init': 5.640522901243113e-05, 'tol': 1.684788904608806e-05, 'validation_fraction': 0.13987500498395297}]
function_evaluation time 3.271347 value -0.861538 suggestion {'alpha': 3.397472400388871, 'batch_size': 25, 'beta_1': 0.9696813358651252, 'beta_2': 0.9996330158251779, 'epsilon': 7.537765355508959e-07, 'hidden_layer_sizes': 197, 'learning_rate_init': 5.640522901243113e-05, 'tol': 1.684788904608806e-05, 'validation_fraction': 0.13987500498395297}
observation time 0.000005, current best -0.909890 at iter 11
suggestion time taken 19.755233 iter 12 next_points [{'alpha': 0.2651021910978504, 'batch_size': 25, 'beta_1': 0.8242714784795735, 'beta_2': 0.9988462659915344, 'epsilon': 1.663099524591396e-07, 'hidden_layer_sizes': 54, 'learning_rate_init': 0.0913455635015497, 'tol': 0.006022859088039724, 'validation_fraction': 0.6698303251886075}]
function_evaluation time 0.766635 value -0.848352 suggestion {'alpha': 0.2651021910978504, 'batch_size': 25, 'beta_1': 0.8242714784795735, 'beta_2': 0.9988462659915344, 'epsilon': 1.663099524591396e-07, 'hidden_layer_sizes': 54, 'learning_rate_init': 0.0913455635015497, 'tol': 0.006022859088039724, 'validation_fraction': 0.6698303251886075}
observation time 0.000014, current best -0.909890 at iter 12
suggestion time taken 19.651454 iter 13 next_points [{'alpha': 6.217020945688643e-05, 'batch_size': 10, 'beta_1': 0.9305387079139431, 'beta_2': 0.9821379639024674, 'epsilon': 1.2402318133267971e-09, 'hidden_layer_sizes': 129, 'learning_rate_init': 0.0006325731996232517, 'tol': 2.451691543242671e-05, 'validation_fraction': 0.28586359924413907}]
function_evaluation time 2.883261 value -0.912088 suggestion {'alpha': 6.217020945688643e-05, 'batch_size': 10, 'beta_1': 0.9305387079139431, 'beta_2': 0.9821379639024674, 'epsilon': 1.2402318133267971e-09, 'hidden_layer_sizes': 129, 'learning_rate_init': 0.0006325731996232517, 'tol': 2.451691543242671e-05, 'validation_fraction': 0.28586359924413907}
observation time 0.000005, current best -0.912088 at iter 13
suggestion time taken 14.982362 iter 14 next_points [{'alpha': 6.862454688430574e-05, 'batch_size': 14, 'beta_1': 0.9725112485422989, 'beta_2': 0.9865642265223092, 'epsilon': 3.942035711591651e-08, 'hidden_layer_sizes': 56, 'learning_rate_init': 0.08562739413136984, 'tol': 0.0008504823139379457, 'validation_fraction': 0.8407895075186741}]
function_evaluation time 0.481939 value -0.848352 suggestion {'alpha': 6.862454688430574e-05, 'batch_size': 14, 'beta_1': 0.9725112485422989, 'beta_2': 0.9865642265223092, 'epsilon': 3.942035711591651e-08, 'hidden_layer_sizes': 56, 'learning_rate_init': 0.08562739413136984, 'tol': 0.0008504823139379457, 'validation_fraction': 0.8407895075186741}
observation time 0.000004, current best -0.912088 at iter 14
suggestion time taken 15.590866 iter 15 next_points [{'alpha': 1.638924241434711, 'batch_size': 226, 'beta_1': 0.980088373348163, 'beta_2': 0.9988097766513255, 'epsilon': 7.786242456048751e-09, 'hidden_layer_sizes': 132, 'learning_rate_init': 3.106136263244113e-05, 'tol': 0.0003033312723267635, 'validation_fraction': 0.1971664717625976}]
function_evaluation time 0.345597 value -0.465934 suggestion {'alpha': 1.638924241434711, 'batch_size': 226, 'beta_1': 0.980088373348163, 'beta_2': 0.9988097766513255, 'epsilon': 7.786242456048751e-09, 'hidden_layer_sizes': 132, 'learning_rate_init': 3.106136263244113e-05, 'tol': 0.0003033312723267635, 'validation_fraction': 0.1971664717625976}
observation time 0.000005, current best -0.912088 at iter 15
suggestion time taken 15.256578 iter 16 next_points [{'alpha': 0.5117780238316332, 'batch_size': 11, 'beta_1': 0.7840764199201923, 'beta_2': 0.9749027591409815, 'epsilon': 5.054155735288585e-08, 'hidden_layer_sizes': 173, 'learning_rate_init': 4.533841977944216e-05, 'tol': 0.00021263336179243352, 'validation_fraction': 0.11226835479446383}]
function_evaluation time 2.480567 value -0.901099 suggestion {'alpha': 0.5117780238316332, 'batch_size': 11, 'beta_1': 0.7840764199201923, 'beta_2': 0.9749027591409815, 'epsilon': 5.054155735288585e-08, 'hidden_layer_sizes': 173, 'learning_rate_init': 4.533841977944216e-05, 'tol': 0.00021263336179243352, 'validation_fraction': 0.11226835479446383}
observation time 0.000005, current best -0.912088 at iter 16
suggestion time taken 15.775609 iter 17 next_points [{'alpha': 3.8929372615407596, 'batch_size': 32, 'beta_1': 0.841503212911835, 'beta_2': 0.9999988120084635, 'epsilon': 2.0546325134096326e-08, 'hidden_layer_sizes': 79, 'learning_rate_init': 0.0010929729620000484, 'tol': 0.004579386937598038, 'validation_fraction': 0.6499257818700849}]
function_evaluation time 0.749270 value -0.907692 suggestion {'alpha': 3.8929372615407596, 'batch_size': 32, 'beta_1': 0.841503212911835, 'beta_2': 0.9999988120084635, 'epsilon': 2.0546325134096326e-08, 'hidden_layer_sizes': 79, 'learning_rate_init': 0.0010929729620000484, 'tol': 0.004579386937598038, 'validation_fraction': 0.6499257818700849}
observation time 0.000004, current best -0.912088 at iter 17
suggestion time taken 16.096967 iter 18 next_points [{'alpha': 0.027571125092367265, 'batch_size': 14, 'beta_1': 0.8775442386593788, 'beta_2': 0.9999939413218453, 'epsilon': 2.7167072866666606e-07, 'hidden_layer_sizes': 188, 'learning_rate_init': 0.0055547543454977765, 'tol': 0.04973221667995525, 'validation_fraction': 0.8650205646006652}]
function_evaluation time 0.653108 value -0.907692 suggestion {'alpha': 0.027571125092367265, 'batch_size': 14, 'beta_1': 0.8775442386593788, 'beta_2': 0.9999939413218453, 'epsilon': 2.7167072866666606e-07, 'hidden_layer_sizes': 188, 'learning_rate_init': 0.0055547543454977765, 'tol': 0.04973221667995525, 'validation_fraction': 0.8650205646006652}
observation time 0.000005, current best -0.912088 at iter 18
suggestion time taken 15.686672 iter 19 next_points [{'alpha': 0.03866682743933669, 'batch_size': 45, 'beta_1': 0.6820634933171988, 'beta_2': 0.9999909179396312, 'epsilon': 1.7904925850046979e-09, 'hidden_layer_sizes': 52, 'learning_rate_init': 0.0725756094957299, 'tol': 0.002961734808706393, 'validation_fraction': 0.1260418803224275}]
function_evaluation time 0.451154 value -0.883516 suggestion {'alpha': 0.03866682743933669, 'batch_size': 45, 'beta_1': 0.6820634933171988, 'beta_2': 0.9999909179396312, 'epsilon': 1.7904925850046979e-09, 'hidden_layer_sizes': 52, 'learning_rate_init': 0.0725756094957299, 'tol': 0.002961734808706393, 'validation_fraction': 0.1260418803224275}
observation time 0.000003, current best -0.912088 at iter 19
suggestion time taken 15.925747 iter 20 next_points [{'alpha': 0.001420106056588171, 'batch_size': 75, 'beta_1': 0.9794021890350321, 'beta_2': 0.9969587072719532, 'epsilon': 9.767517955511172e-07, 'hidden_layer_sizes': 151, 'learning_rate_init': 0.011827664007387368, 'tol': 0.07276438256355754, 'validation_fraction': 0.47497214505667174}]
function_evaluation time 0.525284 value -0.903297 suggestion {'alpha': 0.001420106056588171, 'batch_size': 75, 'beta_1': 0.9794021890350321, 'beta_2': 0.9969587072719532, 'epsilon': 9.767517955511172e-07, 'hidden_layer_sizes': 151, 'learning_rate_init': 0.011827664007387368, 'tol': 0.07276438256355754, 'validation_fraction': 0.47497214505667174}
observation time 0.000005, current best -0.912088 at iter 20
suggestion time taken 15.293901 iter 21 next_points [{'alpha': 2.0459869510128983, 'batch_size': 149, 'beta_1': 0.9767205922477658, 'beta_2': 0.9996305616728794, 'epsilon': 2.1790416846408228e-09, 'hidden_layer_sizes': 117, 'learning_rate_init': 0.0007031317147652916, 'tol': 0.0001973212224265397, 'validation_fraction': 0.11858566446744834}]
function_evaluation time 0.617051 value -0.800000 suggestion {'alpha': 2.0459869510128983, 'batch_size': 149, 'beta_1': 0.9767205922477658, 'beta_2': 0.9996305616728794, 'epsilon': 2.1790416846408228e-09, 'hidden_layer_sizes': 117, 'learning_rate_init': 0.0007031317147652916, 'tol': 0.0001973212224265397, 'validation_fraction': 0.11858566446744834}
observation time 0.000005, current best -0.912088 at iter 21
suggestion time taken 16.217683 iter 22 next_points [{'alpha': 1.1438655122684824, 'batch_size': 45, 'beta_1': 0.842475927679887, 'beta_2': 0.9975253151931149, 'epsilon': 3.3304737017472386e-09, 'hidden_layer_sizes': 55, 'learning_rate_init': 0.00033476049797419343, 'tol': 0.002880696074053713, 'validation_fraction': 0.6910919513833601}]
function_evaluation time 0.610807 value -0.874725 suggestion {'alpha': 1.1438655122684824, 'batch_size': 45, 'beta_1': 0.842475927679887, 'beta_2': 0.9975253151931149, 'epsilon': 3.3304737017472386e-09, 'hidden_layer_sizes': 55, 'learning_rate_init': 0.00033476049797419343, 'tol': 0.002880696074053713, 'validation_fraction': 0.6910919513833601}
observation time 0.000005, current best -0.912088 at iter 22
suggestion time taken 15.610740 iter 23 next_points [{'alpha': 4.2983033694258745, 'batch_size': 226, 'beta_1': 0.9760968817485813, 'beta_2': 0.9999937408067963, 'epsilon': 3.4131463365101147e-07, 'hidden_layer_sizes': 50, 'learning_rate_init': 0.04959869116662766, 'tol': 0.0009872353213486618, 'validation_fraction': 0.7310019454098126}]
/home/ryedida/.local/lib/python3.8/site-packages/sklearn/neural_network/_multilayer_perceptron.py:621: UserWarning: Got `batch_size` less than 1 or larger than sample size. It is going to be clipped
  warnings.warn(

function_evaluation time 0.358474 value -0.907692 suggestion {'alpha': 4.2983033694258745, 'batch_size': 226, 'beta_1': 0.9760968817485813, 'beta_2': 0.9999937408067963, 'epsilon': 3.4131463365101147e-07, 'hidden_layer_sizes': 50, 'learning_rate_init': 0.04959869116662766, 'tol': 0.0009872353213486618, 'validation_fraction': 0.7310019454098126}
observation time 0.000005, current best -0.912088 at iter 23
suggestion time taken 16.401823 iter 24 next_points [{'alpha': 0.0004938305417145687, 'batch_size': 11, 'beta_1': 0.8942358524992113, 'beta_2': 0.9832976757703952, 'epsilon': 2.5256841594652683e-08, 'hidden_layer_sizes': 93, 'learning_rate_init': 0.017491474878133715, 'tol': 0.01507811868826517, 'validation_fraction': 0.33294759014999914}]
function_evaluation time 1.817172 value -0.916484 suggestion {'alpha': 0.0004938305417145687, 'batch_size': 11, 'beta_1': 0.8942358524992113, 'beta_2': 0.9832976757703952, 'epsilon': 2.5256841594652683e-08, 'hidden_layer_sizes': 93, 'learning_rate_init': 0.017491474878133715, 'tol': 0.01507811868826517, 'validation_fraction': 0.33294759014999914}
observation time 0.000007, current best -0.916484 at iter 24
suggestion time taken 15.569455 iter 25 next_points [{'alpha': 0.00024227207084501893, 'batch_size': 151, 'beta_1': 0.9864600660534769, 'beta_2': 0.9388141371016898, 'epsilon': 3.170347829254757e-08, 'hidden_layer_sizes': 183, 'learning_rate_init': 0.0015283594909474686, 'tol': 0.00881156761507056, 'validation_fraction': 0.5665713960683153}]
function_evaluation time 0.812834 value -0.848352 suggestion {'alpha': 0.00024227207084501893, 'batch_size': 151, 'beta_1': 0.9864600660534769, 'beta_2': 0.9388141371016898, 'epsilon': 3.170347829254757e-08, 'hidden_layer_sizes': 183, 'learning_rate_init': 0.0015283594909474686, 'tol': 0.00881156761507056, 'validation_fraction': 0.5665713960683153}
observation time 0.000004, current best -0.916484 at iter 25
suggestion time taken 16.177523 iter 26 next_points [{'alpha': 3.356585146384333, 'batch_size': 151, 'beta_1': 0.9638623845422181, 'beta_2': 0.9999435491343369, 'epsilon': 4.3995819538687345e-07, 'hidden_layer_sizes': 115, 'learning_rate_init': 7.774581725991501e-05, 'tol': 0.04800375017761529, 'validation_fraction': 0.10358267243820748}]
function_evaluation time 0.452947 value -0.595604 suggestion {'alpha': 3.356585146384333, 'batch_size': 151, 'beta_1': 0.9638623845422181, 'beta_2': 0.9999435491343369, 'epsilon': 4.3995819538687345e-07, 'hidden_layer_sizes': 115, 'learning_rate_init': 7.774581725991501e-05, 'tol': 0.04800375017761529, 'validation_fraction': 0.10358267243820748}
observation time 0.000005, current best -0.916484 at iter 26
suggestion time taken 15.386968 iter 27 next_points [{'alpha': 3.268582507215098, 'batch_size': 50, 'beta_1': 0.8859446883257763, 'beta_2': 0.9979173926234076, 'epsilon': 2.4057437289550545e-09, 'hidden_layer_sizes': 76, 'learning_rate_init': 0.00023007287635345565, 'tol': 0.04693249817342148, 'validation_fraction': 0.33657309218644965}]
function_evaluation time 0.505841 value -0.749451 suggestion {'alpha': 3.268582507215098, 'batch_size': 50, 'beta_1': 0.8859446883257763, 'beta_2': 0.9979173926234076, 'epsilon': 2.4057437289550545e-09, 'hidden_layer_sizes': 76, 'learning_rate_init': 0.00023007287635345565, 'tol': 0.04693249817342148, 'validation_fraction': 0.33657309218644965}
observation time 0.000005, current best -0.916484 at iter 27
suggestion time taken 16.088484 iter 28 next_points [{'alpha': 0.005187857581576765, 'batch_size': 90, 'beta_1': 0.7080866132671739, 'beta_2': 0.9998479456378391, 'epsilon': 7.550890768233433e-09, 'hidden_layer_sizes': 161, 'learning_rate_init': 1.3629217263471909e-05, 'tol': 1.0398027165327767e-05, 'validation_fraction': 0.10490790255321075}]
function_evaluation time 0.527174 value -0.432967 suggestion {'alpha': 0.005187857581576765, 'batch_size': 90, 'beta_1': 0.7080866132671739, 'beta_2': 0.9998479456378391, 'epsilon': 7.550890768233433e-09, 'hidden_layer_sizes': 161, 'learning_rate_init': 1.3629217263471909e-05, 'tol': 1.0398027165327767e-05, 'validation_fraction': 0.10490790255321075}
observation time 0.000005, current best -0.916484 at iter 28
suggestion time taken 15.604909 iter 29 next_points [{'alpha': 0.005854529300894777, 'batch_size': 11, 'beta_1': 0.9457880577405172, 'beta_2': 0.9994637838936089, 'epsilon': 1.0936951508274513e-07, 'hidden_layer_sizes': 57, 'learning_rate_init': 1.3458093697707225e-05, 'tol': 0.000479671968507211, 'validation_fraction': 0.10429747759896449}]
function_evaluation time 1.432303 value -0.600000 suggestion {'alpha': 0.005854529300894777, 'batch_size': 11, 'beta_1': 0.9457880577405172, 'beta_2': 0.9994637838936089, 'epsilon': 1.0936951508274513e-07, 'hidden_layer_sizes': 57, 'learning_rate_init': 1.3458093697707225e-05, 'tol': 0.000479671968507211, 'validation_fraction': 0.10429747759896449}
observation time 0.000003, current best -0.916484 at iter 29
suggestion time taken 16.142402 iter 30 next_points [{'alpha': 0.001593702266192975, 'batch_size': 12, 'beta_1': 0.6060551859515115, 'beta_2': 0.999909035336484, 'epsilon': 1.7747252392207706e-07, 'hidden_layer_sizes': 175, 'learning_rate_init': 0.0030877175173434908, 'tol': 0.00013589514190854516, 'validation_fraction': 0.4878733662536863}]
function_evaluation time 2.077244 value -0.903297 suggestion {'alpha': 0.001593702266192975, 'batch_size': 12, 'beta_1': 0.6060551859515115, 'beta_2': 0.999909035336484, 'epsilon': 1.7747252392207706e-07, 'hidden_layer_sizes': 175, 'learning_rate_init': 0.0030877175173434908, 'tol': 0.00013589514190854516, 'validation_fraction': 0.4878733662536863}
observation time 0.000005, current best -0.916484 at iter 30
suggestion time taken 15.807410 iter 31 next_points [{'alpha': 0.015861941014731342, 'batch_size': 25, 'beta_1': 0.8962444781459357, 'beta_2': 0.996190057753787, 'epsilon': 1.2793221806695754e-07, 'hidden_layer_sizes': 139, 'learning_rate_init': 0.00046436331673206557, 'tol': 3.066294138877291e-05, 'validation_fraction': 0.580549734514983}]
function_evaluation time 2.111723 value -0.916484 suggestion {'alpha': 0.015861941014731342, 'batch_size': 25, 'beta_1': 0.8962444781459357, 'beta_2': 0.996190057753787, 'epsilon': 1.2793221806695754e-07, 'hidden_layer_sizes': 139, 'learning_rate_init': 0.00046436331673206557, 'tol': 3.066294138877291e-05, 'validation_fraction': 0.580549734514983}
observation time 0.000007, current best -0.916484 at iter 31
suggestion time taken 17.609482 iter 32 next_points [{'alpha': 0.000235228870451664, 'batch_size': 18, 'beta_1': 0.7352494429560161, 'beta_2': 0.9999652355713725, 'epsilon': 1.3799652270764732e-09, 'hidden_layer_sizes': 187, 'learning_rate_init': 0.08570825765735161, 'tol': 9.285870538829356e-05, 'validation_fraction': 0.1640862538868615}]
function_evaluation time 2.548023 value -0.912088 suggestion {'alpha': 0.000235228870451664, 'batch_size': 18, 'beta_1': 0.7352494429560161, 'beta_2': 0.9999652355713725, 'epsilon': 1.3799652270764732e-09, 'hidden_layer_sizes': 187, 'learning_rate_init': 0.08570825765735161, 'tol': 9.285870538829356e-05, 'validation_fraction': 0.1640862538868615}
observation time 0.000005, current best -0.916484 at iter 32
suggestion time taken 20.567136 iter 33 next_points [{'alpha': 5.968169349894474, 'batch_size': 226, 'beta_1': 0.9741309403128255, 'beta_2': 0.9999504656284836, 'epsilon': 2.6461084050411046e-07, 'hidden_layer_sizes': 182, 'learning_rate_init': 1.4855963150509945e-05, 'tol': 2.220120282441517e-05, 'validation_fraction': 0.5525780522794558}]
/home/ryedida/.local/lib/python3.8/site-packages/sklearn/neural_network/_multilayer_perceptron.py:621: UserWarning: Got `batch_size` less than 1 or larger than sample size. It is going to be clipped
  warnings.warn(

function_evaluation time 0.321779 value -0.527473 suggestion {'alpha': 5.968169349894474, 'batch_size': 226, 'beta_1': 0.9741309403128255, 'beta_2': 0.9999504656284836, 'epsilon': 2.6461084050411046e-07, 'hidden_layer_sizes': 182, 'learning_rate_init': 1.4855963150509945e-05, 'tol': 2.220120282441517e-05, 'validation_fraction': 0.5525780522794558}
observation time 0.000007, current best -0.916484 at iter 33
suggestion time taken 21.019266 iter 34 next_points [{'alpha': 0.3310237664187573, 'batch_size': 90, 'beta_1': 0.5790286472031463, 'beta_2': 0.9999963210307096, 'epsilon': 3.6117024342464302e-09, 'hidden_layer_sizes': 73, 'learning_rate_init': 0.0006562702957798975, 'tol': 3.2042489432849334e-05, 'validation_fraction': 0.8521022996873971}]
/home/ryedida/.local/lib/python3.8/site-packages/sklearn/neural_network/_multilayer_perceptron.py:621: UserWarning: Got `batch_size` less than 1 or larger than sample size. It is going to be clipped
  warnings.warn(

function_evaluation time 0.304020 value -0.646154 suggestion {'alpha': 0.3310237664187573, 'batch_size': 90, 'beta_1': 0.5790286472031463, 'beta_2': 0.9999963210307096, 'epsilon': 3.6117024342464302e-09, 'hidden_layer_sizes': 73, 'learning_rate_init': 0.0006562702957798975, 'tol': 3.2042489432849334e-05, 'validation_fraction': 0.8521022996873971}
observation time 0.000008, current best -0.916484 at iter 34
suggestion time taken 20.323433 iter 35 next_points [{'alpha': 5.200544619506753, 'batch_size': 150, 'beta_1': 0.9789626332149214, 'beta_2': 0.9998942354992935, 'epsilon': 8.624259271118251e-08, 'hidden_layer_sizes': 83, 'learning_rate_init': 0.00026106022729717037, 'tol': 3.5329103664877816e-05, 'validation_fraction': 0.6423048909041836}]
function_evaluation time 0.296671 value -0.470330 suggestion {'alpha': 5.200544619506753, 'batch_size': 150, 'beta_1': 0.9789626332149214, 'beta_2': 0.9998942354992935, 'epsilon': 8.624259271118251e-08, 'hidden_layer_sizes': 83, 'learning_rate_init': 0.00026106022729717037, 'tol': 3.5329103664877816e-05, 'validation_fraction': 0.6423048909041836}
observation time 0.000007, current best -0.916484 at iter 35
suggestion time taken 19.629884 iter 36 next_points [{'alpha': 9.297302997550295e-05, 'batch_size': 149, 'beta_1': 0.8194191660282596, 'beta_2': 0.9986015210163033, 'epsilon': 1.4650296513998066e-08, 'hidden_layer_sizes': 140, 'learning_rate_init': 0.0006209782136857581, 'tol': 7.933022336387267e-05, 'validation_fraction': 0.23136840661987793}]
function_evaluation time 1.143372 value -0.881319 suggestion {'alpha': 9.297302997550295e-05, 'batch_size': 149, 'beta_1': 0.8194191660282596, 'beta_2': 0.9986015210163033, 'epsilon': 1.4650296513998066e-08, 'hidden_layer_sizes': 140, 'learning_rate_init': 0.0006209782136857581, 'tol': 7.933022336387267e-05, 'validation_fraction': 0.23136840661987793}
observation time 0.000005, current best -0.916484 at iter 36
suggestion time taken 21.668977 iter 37 next_points [{'alpha': 0.0008201303141397751, 'batch_size': 90, 'beta_1': 0.8758117521804253, 'beta_2': 0.9789127544315942, 'epsilon': 2.9366195862674693e-09, 'hidden_layer_sizes': 102, 'learning_rate_init': 0.04899454409454908, 'tol': 0.06529322283239712, 'validation_fraction': 0.880700530039064}]
/home/ryedida/.local/lib/python3.8/site-packages/sklearn/neural_network/_multilayer_perceptron.py:621: UserWarning: Got `batch_size` less than 1 or larger than sample size. It is going to be clipped
  warnings.warn(

function_evaluation time 0.401696 value -0.901099 suggestion {'alpha': 0.0008201303141397751, 'batch_size': 90, 'beta_1': 0.8758117521804253, 'beta_2': 0.9789127544315942, 'epsilon': 2.9366195862674693e-09, 'hidden_layer_sizes': 102, 'learning_rate_init': 0.04899454409454908, 'tol': 0.06529322283239712, 'validation_fraction': 0.880700530039064}
observation time 0.000005, current best -0.916484 at iter 37
suggestion time taken 19.949224 iter 38 next_points [{'alpha': 0.0009330321351394051, 'batch_size': 227, 'beta_1': 0.9754949939726691, 'beta_2': 0.9999972014873413, 'epsilon': 1.9226339817647047e-08, 'hidden_layer_sizes': 63, 'learning_rate_init': 0.0014562964873955898, 'tol': 0.00021798432275995104, 'validation_fraction': 0.7928112106651856}]
/home/ryedida/.local/lib/python3.8/site-packages/sklearn/neural_network/_multilayer_perceptron.py:621: UserWarning: Got `batch_size` less than 1 or larger than sample size. It is going to be clipped
  warnings.warn(

function_evaluation time 0.389182 value -0.712088 suggestion {'alpha': 0.0009330321351394051, 'batch_size': 227, 'beta_1': 0.9754949939726691, 'beta_2': 0.9999972014873413, 'epsilon': 1.9226339817647047e-08, 'hidden_layer_sizes': 63, 'learning_rate_init': 0.0014562964873955898, 'tol': 0.00021798432275995104, 'validation_fraction': 0.7928112106651856}
observation time 0.000014, current best -0.916484 at iter 38
suggestion time taken 22.012283 iter 39 next_points [{'alpha': 0.002289596917973249, 'batch_size': 12, 'beta_1': 0.9816667663921075, 'beta_2': 0.999974434427946, 'epsilon': 1.941442234786133e-08, 'hidden_layer_sizes': 180, 'learning_rate_init': 2.2790411855548337e-05, 'tol': 0.0060416528303025635, 'validation_fraction': 0.16852789698948178}]
function_evaluation time 6.068748 value -0.727473 suggestion {'alpha': 0.002289596917973249, 'batch_size': 12, 'beta_1': 0.9816667663921075, 'beta_2': 0.999974434427946, 'epsilon': 1.941442234786133e-08, 'hidden_layer_sizes': 180, 'learning_rate_init': 2.2790411855548337e-05, 'tol': 0.0060416528303025635, 'validation_fraction': 0.16852789698948178}
observation time 0.000006, current best -0.916484 at iter 39
suggestion time taken 20.095139 iter 40 next_points [{'alpha': 0.22787517426211798, 'batch_size': 15, 'beta_1': 0.9880134400794899, 'beta_2': 0.9998019860249248, 'epsilon': 1.7037903789263477e-09, 'hidden_layer_sizes': 94, 'learning_rate_init': 3.318473278484641e-05, 'tol': 2.9148884809501667e-05, 'validation_fraction': 0.6560671268388087}]
function_evaluation time 1.050879 value -0.621978 suggestion {'alpha': 0.22787517426211798, 'batch_size': 15, 'beta_1': 0.9880134400794899, 'beta_2': 0.9998019860249248, 'epsilon': 1.7037903789263477e-09, 'hidden_layer_sizes': 94, 'learning_rate_init': 3.318473278484641e-05, 'tol': 2.9148884809501667e-05, 'validation_fraction': 0.6560671268388087}
observation time 0.000005, current best -0.916484 at iter 40
suggestion time taken 19.796561 iter 41 next_points [{'alpha': 0.047625248837784524, 'batch_size': 30, 'beta_1': 0.9710034206798145, 'beta_2': 0.9775021705196981, 'epsilon': 1.1033966600487883e-09, 'hidden_layer_sizes': 149, 'learning_rate_init': 0.00012263678846359497, 'tol': 0.06743862106566048, 'validation_fraction': 0.4404563460620987}]
function_evaluation time 0.968141 value -0.764835 suggestion {'alpha': 0.047625248837784524, 'batch_size': 30, 'beta_1': 0.9710034206798145, 'beta_2': 0.9775021705196981, 'epsilon': 1.1033966600487883e-09, 'hidden_layer_sizes': 149, 'learning_rate_init': 0.00012263678846359497, 'tol': 0.06743862106566048, 'validation_fraction': 0.4404563460620987}
observation time 0.000006, current best -0.916484 at iter 41
suggestion time taken 21.230485 iter 42 next_points [{'alpha': 0.07511796275995052, 'batch_size': 223, 'beta_1': 0.9555006999907562, 'beta_2': 0.9954615049842852, 'epsilon': 6.0670522251926185e-09, 'hidden_layer_sizes': 114, 'learning_rate_init': 4.635014028188398e-05, 'tol': 0.03658473442951299, 'validation_fraction': 0.2939113003018293}]
function_evaluation time 0.359119 value -0.580220 suggestion {'alpha': 0.07511796275995052, 'batch_size': 223, 'beta_1': 0.9555006999907562, 'beta_2': 0.9954615049842852, 'epsilon': 6.0670522251926185e-09, 'hidden_layer_sizes': 114, 'learning_rate_init': 4.635014028188398e-05, 'tol': 0.03658473442951299, 'validation_fraction': 0.2939113003018293}
observation time 0.000010, current best -0.916484 at iter 42
suggestion time taken 20.361767 iter 43 next_points [{'alpha': 1.374111590696202e-05, 'batch_size': 14, 'beta_1': 0.9765784463267965, 'beta_2': 0.9870025788752999, 'epsilon': 7.159224150386371e-09, 'hidden_layer_sizes': 62, 'learning_rate_init': 0.005416290257251251, 'tol': 0.013107203804898151, 'validation_fraction': 0.5846041992910426}]
function_evaluation time 1.256968 value -0.923077 suggestion {'alpha': 1.374111590696202e-05, 'batch_size': 14, 'beta_1': 0.9765784463267965, 'beta_2': 0.9870025788752999, 'epsilon': 7.159224150386371e-09, 'hidden_layer_sizes': 62, 'learning_rate_init': 0.005416290257251251, 'tol': 0.013107203804898151, 'validation_fraction': 0.5846041992910426}
observation time 0.000006, current best -0.923077 at iter 43
suggestion time taken 21.179578 iter 44 next_points [{'alpha': 0.29049524850131264, 'batch_size': 75, 'beta_1': 0.9627444835598266, 'beta_2': 0.999773499851433, 'epsilon': 5.750601705822441e-08, 'hidden_layer_sizes': 129, 'learning_rate_init': 0.005473461359166204, 'tol': 0.06493176921381585, 'validation_fraction': 0.6630620493813116}]
function_evaluation time 0.439905 value -0.912088 suggestion {'alpha': 0.29049524850131264, 'batch_size': 75, 'beta_1': 0.9627444835598266, 'beta_2': 0.999773499851433, 'epsilon': 5.750601705822441e-08, 'hidden_layer_sizes': 129, 'learning_rate_init': 0.005473461359166204, 'tol': 0.06493176921381585, 'validation_fraction': 0.6630620493813116}
observation time 0.000005, current best -0.923077 at iter 44
saving meta data: {'args': {'--uuid': 'd3455435eea051b3a226a84fbdd92fd2', '-db-root': '/home/ryedida/bbo_challenge_starter_kit/output', '--opt-root': '/home/ryedida/bbo_challenge_starter_kit/example_submissions', '--data-root': None, '--db': 'run_20231013_070336', '--opt': 'strongcvx', '--data': 'breast', '--classifier': 'MLP-adam', '--metric': 'acc', '--calls': 45, '--suggestions': 1, '--jobs-file': None, '--verbose': False, 'dry_run': False, 'rev': 'a376313', 'opt_rev': 'x.x.x'}, 'signature': ([{'alpha': 0.019628224813442792, 'batch_size': 182, 'beta_1': 0.9410202200271762, 'beta_2': 0.9998021557676793, 'epsilon': 1.8662266976518e-08, 'hidden_layer_sizes': 147, 'learning_rate_init': 0.0005627932047415167, 'tol': 0.03690557729213761, 'validation_fraction': 0.8846827852548593}, {'alpha': 0.001998246739232944, 'batch_size': 200, 'beta_1': 0.919111482530466, 'beta_2': 0.9998488260436156, 'epsilon': 5.981221901152555e-07, 'hidden_layer_sizes': 61, 'learning_rate_init': 2.2310905607443014e-05, 'tol': 1.2046852412030316e-05, 'validation_fraction': 0.8117896445826539}, {'alpha': 0.46659545670218433, 'batch_size': 219, 'beta_1': 0.9889789783750891, 'beta_2': 0.9999896868093284, 'epsilon': 2.4234724484675948e-08, 'hidden_layer_sizes': 167, 'learning_rate_init': 2.972334644335654e-05, 'tol': 0.0036281404040243792, 'validation_fraction': 0.17260651658522078}, {'alpha': 4.656005689076002, 'batch_size': 135, 'beta_1': 0.870503881627747, 'beta_2': 0.9948873266941017, 'epsilon': 2.1023308743480125e-07, 'hidden_layer_sizes': 118, 'learning_rate_init': 0.001878173875716191, 'tol': 1.1889379831773006e-05, 'validation_fraction': 0.6264327093752792}, {'alpha': 0.04705159350400542, 'batch_size': 158, 'beta_1': 0.9870884262730957, 'beta_2': 0.9999596874382349, 'epsilon': 1.1981845126013875e-08, 'hidden_layer_sizes': 116, 'learning_rate_init': 0.006173405204074311, 'tol': 1.7414134181586194e-05, 'validation_fraction': 0.6754299026638921}], [-0.676923076923077, -0.567032967032967, -0.545054945054945, -0.7824175824175824, -0.843956043956044])}
saving results
saving timing
saving suggest log
done
