running: {'--uuid': '1cdab31937e85aceb34d874e659be7f3', '-db-root': '/home/ryedida/smoothness-hpo/bbo_challenge_starter_kit/output', '--opt-root': '/home/ryedida/smoothness-hpo/bbo_challenge_starter_kit/example_submissions', '--data-root': None, '--db': 'run_20240113_220618', '--opt': 'stcvx', '--data': 'iris', '--classifier': 'MLP-adam', '--metric': 'nll', '--calls': 15, '--suggestions': 1, '--jobs-file': None, '--verbose': False, 'dry_run': False, 'rev': 'a376313', 'opt_rev': 'x.x.x'}
cmd: python stcvx/optimizer.py -c MLP-adam -d iris -o stcvx -u 1cdab31937e85aceb34d874e659be7f3 -m nll -n 15 -p 1 -dir /home/ryedida/smoothness-hpo/bbo_challenge_starter_kit/output -b run_20240113_220618
/home/ryedida/.local/lib/python3.8/site-packages/sklearn/neural_network/_multilayer_perceptron.py:603: UserWarning: Got `batch_size` less than 1 or larger than sample size. It is going to be clipped
  warnings.warn(

/home/ryedida/.local/lib/python3.8/site-packages/sklearn/neural_network/_multilayer_perceptron.py:603: UserWarning: Got `batch_size` less than 1 or larger than sample size. It is going to be clipped
  warnings.warn(

/home/ryedida/.local/lib/python3.8/site-packages/sklearn/neural_network/_multilayer_perceptron.py:603: UserWarning: Got `batch_size` less than 1 or larger than sample size. It is going to be clipped
  warnings.warn(

/home/ryedida/.local/lib/python3.8/site-packages/sklearn/neural_network/_multilayer_perceptron.py:603: UserWarning: Got `batch_size` less than 1 or larger than sample size. It is going to be clipped
  warnings.warn(

/home/ryedida/.local/lib/python3.8/site-packages/sklearn/neural_network/_multilayer_perceptron.py:603: UserWarning: Got `batch_size` less than 1 or larger than sample size. It is going to be clipped
  warnings.warn(

computed signature: ([{'alpha': 0.019628224813442792, 'batch_size': 182, 'beta_1': 0.9410202200271762, 'beta_2': 0.9998021557676793, 'epsilon': 1.8662266976518e-08, 'hidden_layer_sizes': 147, 'learning_rate_init': 0.0005627932047415167, 'tol': 0.03690557729213761, 'validation_fraction': 0.8846827852548593}, {'alpha': 0.0019982467392329444, 'batch_size': 200, 'beta_1': 0.919111482530466, 'beta_2': 0.9998488260436156, 'epsilon': 5.981221901152555e-07, 'hidden_layer_sizes': 61, 'learning_rate_init': 2.2310905607443014e-05, 'tol': 1.2046852412030316e-05, 'validation_fraction': 0.8117896445826539}, {'alpha': 0.46659545670218433, 'batch_size': 219, 'beta_1': 0.9889789783750891, 'beta_2': 0.9999896868093284, 'epsilon': 2.4234724484675948e-08, 'hidden_layer_sizes': 167, 'learning_rate_init': 2.972334644335654e-05, 'tol': 0.0036281404040243792, 'validation_fraction': 0.17260651658522078}, {'alpha': 4.656005689076002, 'batch_size': 135, 'beta_1': 0.870503881627747, 'beta_2': 0.9948873266941017, 'epsilon': 2.1023308743480125e-07, 'hidden_layer_sizes': 118, 'learning_rate_init': 0.0018781738757161913, 'tol': 1.1889379831773004e-05, 'validation_fraction': 0.6264327093752792}, {'alpha': 0.04705159350400542, 'batch_size': 158, 'beta_1': 0.9870884262730957, 'beta_2': 0.9999596874382349, 'epsilon': 1.1981845126013875e-08, 'hidden_layer_sizes': 116, 'learning_rate_init': 0.00617340520407431, 'tol': 1.741413418158619e-05, 'validation_fraction': 0.6754299026638921}], [1.3105719841770722, 1.7760947732249062, 1.4322107566090756, 0.9097804858215804, 0.5745987066718419])
/home/ryedida/.local/lib/python3.8/site-packages/bayesmark/experiment.py:469: UserWarning: Baselines not found. Will not log intermediate scores.
  warnings.warn("Baselines not found. Will not log intermediate scores.")

starting sklearn study stcvx MLP-adam iris nll 15 1
with data root: None
suggestion time taken 29.217534 iter 0 next_points [{'alpha': 0.15124361274394338, 'batch_size': 38, 'beta_1': 0.9792076418333989, 'beta_2': 0.9927784299584782, 'epsilon': 1.3680263191899938e-09, 'hidden_layer_sizes': 136, 'learning_rate_init': 0.016762491918353304, 'tol': 0.0028577466430946556, 'validation_fraction': 0.8786337428585228}]
/home/ryedida/.local/lib/python3.8/site-packages/sklearn/neural_network/_multilayer_perceptron.py:603: UserWarning: Got `batch_size` less than 1 or larger than sample size. It is going to be clipped
  warnings.warn(

function_evaluation time 0.207250 value 0.352727 suggestion {'alpha': 0.15124361274394338, 'batch_size': 38, 'beta_1': 0.9792076418333989, 'beta_2': 0.9927784299584782, 'epsilon': 1.3680263191899938e-09, 'hidden_layer_sizes': 136, 'learning_rate_init': 0.016762491918353304, 'tol': 0.0028577466430946556, 'validation_fraction': 0.8786337428585228}
observation time 0.000002, current best 0.352727 at iter 0
suggestion time taken 27.765161 iter 1 next_points [{'alpha': 0.19355513844153366, 'batch_size': 19, 'beta_1': 0.9729921696150626, 'beta_2': 0.9999980829106971, 'epsilon': 1.9764934836453033e-09, 'hidden_layer_sizes': 113, 'learning_rate_init': 0.0008425213347866357, 'tol': 0.05682690780211435, 'validation_fraction': 0.8030329798233349}]
function_evaluation time 0.140137 value 1.115400 suggestion {'alpha': 0.19355513844153366, 'batch_size': 19, 'beta_1': 0.9729921696150626, 'beta_2': 0.9999980829106971, 'epsilon': 1.9764934836453033e-09, 'hidden_layer_sizes': 113, 'learning_rate_init': 0.0008425213347866357, 'tol': 0.05682690780211435, 'validation_fraction': 0.8030329798233349}
observation time 0.000005, current best 0.352727 at iter 1
suggestion time taken 27.409139 iter 2 next_points [{'alpha': 0.03262223380781093, 'batch_size': 12, 'beta_1': 0.9506032414598716, 'beta_2': 0.94094844124071, 'epsilon': 9.581571599609054e-07, 'hidden_layer_sizes': 52, 'learning_rate_init': 0.011683919746267169, 'tol': 0.0001531120396257721, 'validation_fraction': 0.5467641983724958}]
function_evaluation time 0.295799 value 0.374430 suggestion {'alpha': 0.03262223380781093, 'batch_size': 12, 'beta_1': 0.9506032414598716, 'beta_2': 0.94094844124071, 'epsilon': 9.581571599609054e-07, 'hidden_layer_sizes': 52, 'learning_rate_init': 0.011683919746267169, 'tol': 0.0001531120396257721, 'validation_fraction': 0.5467641983724958}
observation time 0.000002, current best 0.352727 at iter 2
suggestion time taken 26.756808 iter 3 next_points [{'alpha': 1.6800691136359678, 'batch_size': 15, 'beta_1': 0.9432763809516317, 'beta_2': 0.9996443986274073, 'epsilon': 2.234097951484443e-09, 'hidden_layer_sizes': 168, 'learning_rate_init': 0.0072917678912247505, 'tol': 0.030441593804485717, 'validation_fraction': 0.14988358416805983}]
function_evaluation time 0.335014 value 0.458090 suggestion {'alpha': 1.6800691136359678, 'batch_size': 15, 'beta_1': 0.9432763809516317, 'beta_2': 0.9996443986274073, 'epsilon': 2.234097951484443e-09, 'hidden_layer_sizes': 168, 'learning_rate_init': 0.0072917678912247505, 'tol': 0.030441593804485717, 'validation_fraction': 0.14988358416805983}
observation time 0.000004, current best 0.352727 at iter 3
suggestion time taken 26.298790 iter 4 next_points [{'alpha': 0.4705558320580917, 'batch_size': 11, 'beta_1': 0.9195288386266451, 'beta_2': 0.9998369030946545, 'epsilon': 4.806272514193618e-08, 'hidden_layer_sizes': 191, 'learning_rate_init': 0.07181592403009616, 'tol': 0.008324345922576274, 'validation_fraction': 0.24484286759243828}]
function_evaluation time 0.408797 value 0.266214 suggestion {'alpha': 0.4705558320580917, 'batch_size': 11, 'beta_1': 0.9195288386266451, 'beta_2': 0.9998369030946545, 'epsilon': 4.806272514193618e-08, 'hidden_layer_sizes': 191, 'learning_rate_init': 0.07181592403009616, 'tol': 0.008324345922576274, 'validation_fraction': 0.24484286759243828}
observation time 0.000009, current best 0.266214 at iter 4
suggestion time taken 25.840029 iter 5 next_points [{'alpha': 0.011629559702644187, 'batch_size': 11, 'beta_1': 0.6648492325249438, 'beta_2': 0.9981463405316109, 'epsilon': 1.1486998218702798e-07, 'hidden_layer_sizes': 190, 'learning_rate_init': 1.0678672084873704e-05, 'tol': 0.0014420863028050065, 'validation_fraction': 0.3096386304280313}]
function_evaluation time 0.348916 value 1.268041 suggestion {'alpha': 0.011629559702644187, 'batch_size': 11, 'beta_1': 0.6648492325249438, 'beta_2': 0.9981463405316109, 'epsilon': 1.1486998218702798e-07, 'hidden_layer_sizes': 190, 'learning_rate_init': 1.0678672084873704e-05, 'tol': 0.0014420863028050065, 'validation_fraction': 0.3096386304280313}
observation time 0.000004, current best 0.266214 at iter 5
suggestion time taken 26.145966 iter 6 next_points [{'alpha': 0.5598726313179008, 'batch_size': 12, 'beta_1': 0.7143658441846444, 'beta_2': 0.9929214751546338, 'epsilon': 1.4049221629537466e-07, 'hidden_layer_sizes': 194, 'learning_rate_init': 3.131187064297533e-05, 'tol': 0.09042796046156097, 'validation_fraction': 0.49336159881357444}]
function_evaluation time 0.218448 value 1.371615 suggestion {'alpha': 0.5598726313179008, 'batch_size': 12, 'beta_1': 0.7143658441846444, 'beta_2': 0.9929214751546338, 'epsilon': 1.4049221629537466e-07, 'hidden_layer_sizes': 194, 'learning_rate_init': 3.131187064297533e-05, 'tol': 0.09042796046156097, 'validation_fraction': 0.49336159881357444}
observation time 0.000006, current best 0.266214 at iter 6
suggestion time taken 24.208368 iter 7 next_points [{'alpha': 5.26015297678434, 'batch_size': 15, 'beta_1': 0.5115881870107437, 'beta_2': 0.9995783187882209, 'epsilon': 3.4987636106923504e-09, 'hidden_layer_sizes': 120, 'learning_rate_init': 0.0005122634521614462, 'tol': 7.774109062618246e-05, 'validation_fraction': 0.8447751192729712}]
function_evaluation time 0.116560 value 1.233381 suggestion {'alpha': 5.26015297678434, 'batch_size': 15, 'beta_1': 0.5115881870107437, 'beta_2': 0.9995783187882209, 'epsilon': 3.4987636106923504e-09, 'hidden_layer_sizes': 120, 'learning_rate_init': 0.0005122634521614462, 'tol': 7.774109062618246e-05, 'validation_fraction': 0.8447751192729712}
observation time 0.000003, current best 0.266214 at iter 7
suggestion time taken 25.664657 iter 8 next_points [{'alpha': 3.364377667458695e-05, 'batch_size': 24, 'beta_1': 0.7634013724187864, 'beta_2': 0.9999882633510911, 'epsilon': 5.943559326280804e-07, 'hidden_layer_sizes': 59, 'learning_rate_init': 0.006005754018015001, 'tol': 0.008175839762958485, 'validation_fraction': 0.177921369944966}]
function_evaluation time 0.260718 value 0.522527 suggestion {'alpha': 3.364377667458695e-05, 'batch_size': 24, 'beta_1': 0.7634013724187864, 'beta_2': 0.9999882633510911, 'epsilon': 5.943559326280804e-07, 'hidden_layer_sizes': 59, 'learning_rate_init': 0.006005754018015001, 'tol': 0.008175839762958485, 'validation_fraction': 0.177921369944966}
observation time 0.000002, current best 0.266214 at iter 8
suggestion time taken 24.792573 iter 9 next_points [{'alpha': 0.7006473702813272, 'batch_size': 19, 'beta_1': 0.8788502518876872, 'beta_2': 0.9994417148965326, 'epsilon': 1.3350961197551225e-08, 'hidden_layer_sizes': 172, 'learning_rate_init': 0.0006487685665131715, 'tol': 2.1937371905291567e-05, 'validation_fraction': 0.48731899847965787}]
function_evaluation time 0.287935 value 0.805065 suggestion {'alpha': 0.7006473702813272, 'batch_size': 19, 'beta_1': 0.8788502518876872, 'beta_2': 0.9994417148965326, 'epsilon': 1.3350961197551225e-08, 'hidden_layer_sizes': 172, 'learning_rate_init': 0.0006487685665131715, 'tol': 2.1937371905291567e-05, 'validation_fraction': 0.48731899847965787}
observation time 0.000002, current best 0.266214 at iter 9
suggestion time taken 26.735718 iter 10 next_points [{'alpha': 0.0037981213904099537, 'batch_size': 20, 'beta_1': 0.9512913788900632, 'beta_2': 0.9998722226682869, 'epsilon': 1.0939856395503248e-09, 'hidden_layer_sizes': 177, 'learning_rate_init': 0.001740775506109943, 'tol': 0.0012646622322288008, 'validation_fraction': 0.8134820457910057}]
function_evaluation time 0.154870 value 0.891044 suggestion {'alpha': 0.0037981213904099537, 'batch_size': 20, 'beta_1': 0.9512913788900632, 'beta_2': 0.9998722226682869, 'epsilon': 1.0939856395503248e-09, 'hidden_layer_sizes': 177, 'learning_rate_init': 0.001740775506109943, 'tol': 0.0012646622322288008, 'validation_fraction': 0.8134820457910057}
observation time 0.000002, current best 0.266214 at iter 10
suggestion time taken 25.141021 iter 11 next_points [{'alpha': 0.05692503203392598, 'batch_size': 19, 'beta_1': 0.9649597984578611, 'beta_2': 0.9999886084655097, 'epsilon': 1.3329146437262577e-07, 'hidden_layer_sizes': 85, 'learning_rate_init': 0.00026894962981174783, 'tol': 0.0003057515225209246, 'validation_fraction': 0.883830419936509}]
/home/ryedida/.local/lib/python3.8/site-packages/sklearn/neural_network/_multilayer_perceptron.py:603: UserWarning: Got `batch_size` less than 1 or larger than sample size. It is going to be clipped
  warnings.warn(

function_evaluation time 0.134913 value 1.391263 suggestion {'alpha': 0.05692503203392598, 'batch_size': 19, 'beta_1': 0.9649597984578611, 'beta_2': 0.9999886084655097, 'epsilon': 1.3329146437262577e-07, 'hidden_layer_sizes': 85, 'learning_rate_init': 0.00026894962981174783, 'tol': 0.0003057515225209246, 'validation_fraction': 0.883830419936509}
observation time 0.000004, current best 0.266214 at iter 11
suggestion time taken 23.792432 iter 12 next_points [{'alpha': 0.02978115354041598, 'batch_size': 23, 'beta_1': 0.9223415819895036, 'beta_2': 0.9903489335362863, 'epsilon': 3.811944557964739e-08, 'hidden_layer_sizes': 157, 'learning_rate_init': 0.0008112735917656639, 'tol': 0.019685871880035722, 'validation_fraction': 0.3811170453981436}]
function_evaluation time 0.334310 value 0.649447 suggestion {'alpha': 0.02978115354041598, 'batch_size': 23, 'beta_1': 0.9223415819895036, 'beta_2': 0.9903489335362863, 'epsilon': 3.811944557964739e-08, 'hidden_layer_sizes': 157, 'learning_rate_init': 0.0008112735917656639, 'tol': 0.019685871880035722, 'validation_fraction': 0.3811170453981436}
observation time 0.000002, current best 0.266214 at iter 12
suggestion time taken 23.989601 iter 13 next_points [{'alpha': 4.250415100897232e-05, 'batch_size': 12, 'beta_1': 0.9756239832021203, 'beta_2': 0.9729328669239202, 'epsilon': 5.535644642127756e-08, 'hidden_layer_sizes': 142, 'learning_rate_init': 0.0003710586418651856, 'tol': 0.001196758121709096, 'validation_fraction': 0.8694227619098408}]
function_evaluation time 0.126044 value 1.089931 suggestion {'alpha': 4.250415100897232e-05, 'batch_size': 12, 'beta_1': 0.9756239832021203, 'beta_2': 0.9729328669239202, 'epsilon': 5.535644642127756e-08, 'hidden_layer_sizes': 142, 'learning_rate_init': 0.0003710586418651856, 'tol': 0.001196758121709096, 'validation_fraction': 0.8694227619098408}
observation time 0.000002, current best 0.266214 at iter 13
suggestion time taken 24.760622 iter 14 next_points [{'alpha': 0.0005189102800527648, 'batch_size': 25, 'beta_1': 0.9846101193272864, 'beta_2': 0.999529397858121, 'epsilon': 1.3933341706733449e-07, 'hidden_layer_sizes': 106, 'learning_rate_init': 0.0008479121166977327, 'tol': 0.053578623165404536, 'validation_fraction': 0.8603786505859817}]
/home/ryedida/.local/lib/python3.8/site-packages/sklearn/neural_network/_multilayer_perceptron.py:603: UserWarning: Got `batch_size` less than 1 or larger than sample size. It is going to be clipped
  warnings.warn(

function_evaluation time 0.116548 value 1.224259 suggestion {'alpha': 0.0005189102800527648, 'batch_size': 25, 'beta_1': 0.9846101193272864, 'beta_2': 0.999529397858121, 'epsilon': 1.3933341706733449e-07, 'hidden_layer_sizes': 106, 'learning_rate_init': 0.0008479121166977327, 'tol': 0.053578623165404536, 'validation_fraction': 0.8603786505859817}
observation time 0.000002, current best 0.266214 at iter 14
saving meta data: {'args': {'--uuid': '1cdab31937e85aceb34d874e659be7f3', '-db-root': '/home/ryedida/smoothness-hpo/bbo_challenge_starter_kit/output', '--opt-root': '/home/ryedida/smoothness-hpo/bbo_challenge_starter_kit/example_submissions', '--data-root': None, '--db': 'run_20240113_220618', '--opt': 'stcvx', '--data': 'iris', '--classifier': 'MLP-adam', '--metric': 'nll', '--calls': 15, '--suggestions': 1, '--jobs-file': None, '--verbose': False, 'dry_run': False, 'rev': 'a376313', 'opt_rev': 'x.x.x'}, 'signature': ([{'alpha': 0.019628224813442792, 'batch_size': 182, 'beta_1': 0.9410202200271762, 'beta_2': 0.9998021557676793, 'epsilon': 1.8662266976518e-08, 'hidden_layer_sizes': 147, 'learning_rate_init': 0.0005627932047415167, 'tol': 0.03690557729213761, 'validation_fraction': 0.8846827852548593}, {'alpha': 0.0019982467392329444, 'batch_size': 200, 'beta_1': 0.919111482530466, 'beta_2': 0.9998488260436156, 'epsilon': 5.981221901152555e-07, 'hidden_layer_sizes': 61, 'learning_rate_init': 2.2310905607443014e-05, 'tol': 1.2046852412030316e-05, 'validation_fraction': 0.8117896445826539}, {'alpha': 0.46659545670218433, 'batch_size': 219, 'beta_1': 0.9889789783750891, 'beta_2': 0.9999896868093284, 'epsilon': 2.4234724484675948e-08, 'hidden_layer_sizes': 167, 'learning_rate_init': 2.972334644335654e-05, 'tol': 0.0036281404040243792, 'validation_fraction': 0.17260651658522078}, {'alpha': 4.656005689076002, 'batch_size': 135, 'beta_1': 0.870503881627747, 'beta_2': 0.9948873266941017, 'epsilon': 2.1023308743480125e-07, 'hidden_layer_sizes': 118, 'learning_rate_init': 0.0018781738757161913, 'tol': 1.1889379831773004e-05, 'validation_fraction': 0.6264327093752792}, {'alpha': 0.04705159350400542, 'batch_size': 158, 'beta_1': 0.9870884262730957, 'beta_2': 0.9999596874382349, 'epsilon': 1.1981845126013875e-08, 'hidden_layer_sizes': 116, 'learning_rate_init': 0.00617340520407431, 'tol': 1.741413418158619e-05, 'validation_fraction': 0.6754299026638921}], [1.3105719841770722, 1.7760947732249062, 1.4322107566090756, 0.9097804858215804, 0.5745987066718419])}
saving results
saving timing
saving suggest log
done
