running: {'--uuid': '43dad72cf5b95411a13d1eeb207f0e8f', '-db-root': '/home/ryedida/smoothness-hpo/bbo_challenge_starter_kit/output', '--opt-root': '/home/ryedida/smoothness-hpo/bbo_challenge_starter_kit/example_submissions', '--data-root': None, '--db': 'run_20240113_220618', '--opt': 'random', '--data': 'iris', '--classifier': 'MLP-adam', '--metric': 'acc', '--calls': 15, '--suggestions': 1, '--jobs-file': None, '--verbose': False, 'dry_run': False, 'rev': 'a376313', 'opt_rev': '0.0.8'}
cmd: python /home/ryedida/.local/bin/bayesmark-exp -c MLP-adam -d iris -o random -u 43dad72cf5b95411a13d1eeb207f0e8f -m acc -n 15 -p 1 -dir /home/ryedida/smoothness-hpo/bbo_challenge_starter_kit/output -b run_20240113_220618
/home/ryedida/.local/lib/python3.8/site-packages/sklearn/neural_network/_multilayer_perceptron.py:603: UserWarning: Got `batch_size` less than 1 or larger than sample size. It is going to be clipped
  warnings.warn(

/home/ryedida/.local/lib/python3.8/site-packages/sklearn/neural_network/_multilayer_perceptron.py:603: UserWarning: Got `batch_size` less than 1 or larger than sample size. It is going to be clipped
  warnings.warn(

/home/ryedida/.local/lib/python3.8/site-packages/sklearn/neural_network/_multilayer_perceptron.py:603: UserWarning: Got `batch_size` less than 1 or larger than sample size. It is going to be clipped
  warnings.warn(

/home/ryedida/.local/lib/python3.8/site-packages/sklearn/neural_network/_multilayer_perceptron.py:603: UserWarning: Got `batch_size` less than 1 or larger than sample size. It is going to be clipped
  warnings.warn(

/home/ryedida/.local/lib/python3.8/site-packages/sklearn/neural_network/_multilayer_perceptron.py:603: UserWarning: Got `batch_size` less than 1 or larger than sample size. It is going to be clipped
  warnings.warn(

computed signature: ([{'alpha': 0.019628224813442792, 'batch_size': 182, 'beta_1': 0.9410202200271762, 'beta_2': 0.9998021557676793, 'epsilon': 1.8662266976518e-08, 'hidden_layer_sizes': 147, 'learning_rate_init': 0.0005627932047415167, 'tol': 0.03690557729213761, 'validation_fraction': 0.8846827852548593}, {'alpha': 0.0019982467392329444, 'batch_size': 200, 'beta_1': 0.919111482530466, 'beta_2': 0.9998488260436156, 'epsilon': 5.981221901152555e-07, 'hidden_layer_sizes': 61, 'learning_rate_init': 2.2310905607443014e-05, 'tol': 1.2046852412030316e-05, 'validation_fraction': 0.8117896445826539}, {'alpha': 0.46659545670218433, 'batch_size': 219, 'beta_1': 0.9889789783750891, 'beta_2': 0.9999896868093284, 'epsilon': 2.4234724484675948e-08, 'hidden_layer_sizes': 167, 'learning_rate_init': 2.972334644335654e-05, 'tol': 0.0036281404040243792, 'validation_fraction': 0.17260651658522078}, {'alpha': 4.656005689076002, 'batch_size': 135, 'beta_1': 0.870503881627747, 'beta_2': 0.9948873266941017, 'epsilon': 2.1023308743480125e-07, 'hidden_layer_sizes': 118, 'learning_rate_init': 0.0018781738757161913, 'tol': 1.1889379831773004e-05, 'validation_fraction': 0.6264327093752792}, {'alpha': 0.04705159350400542, 'batch_size': 158, 'beta_1': 0.9870884262730957, 'beta_2': 0.9999596874382349, 'epsilon': 1.1981845126013875e-08, 'hidden_layer_sizes': 116, 'learning_rate_init': 0.00617340520407431, 'tol': 1.741413418158619e-05, 'validation_fraction': 0.6754299026638921}], [-0.41666666666666663, -0.275, -0.3416666666666667, -0.725, -0.875])
/home/ryedida/.local/lib/python3.8/site-packages/bayesmark/experiment.py:469: UserWarning: Baselines not found. Will not log intermediate scores.
  warnings.warn("Baselines not found. Will not log intermediate scores.")

starting sklearn study random MLP-adam iris acc 15 1
with data root: None
suggestion time taken 0.003319 iter 0 next_points [{'alpha': 0.031598162551230054, 'batch_size': 185, 'beta_1': 0.9484375970737072, 'beta_2': 0.9914110900146875, 'epsilon': 4.973806192194518e-09, 'hidden_layer_sizes': 187, 'learning_rate_init': 0.0016134213013290475, 'tol': 0.001258612743276271, 'validation_fraction': 0.31150895796037087}]
/home/ryedida/.local/lib/python3.8/site-packages/sklearn/neural_network/_multilayer_perceptron.py:603: UserWarning: Got `batch_size` less than 1 or larger than sample size. It is going to be clipped
  warnings.warn(

function_evaluation time 0.190164 value -0.716667 suggestion {'alpha': 0.031598162551230054, 'batch_size': 185, 'beta_1': 0.9484375970737072, 'beta_2': 0.9914110900146875, 'epsilon': 4.973806192194518e-09, 'hidden_layer_sizes': 187, 'learning_rate_init': 0.0016134213013290475, 'tol': 0.001258612743276271, 'validation_fraction': 0.31150895796037087}
observation time 0.000001, current best -0.716667 at iter 0
suggestion time taken 0.003314 iter 1 next_points [{'alpha': 0.008829349885912661, 'batch_size': 166, 'beta_1': 0.9768099505508211, 'beta_2': 0.9980594610194172, 'epsilon': 4.267993229984678e-09, 'hidden_layer_sizes': 97, 'learning_rate_init': 1.4358392504452755e-05, 'tol': 0.022998609741144895, 'validation_fraction': 0.5122936077801243}]
/home/ryedida/.local/lib/python3.8/site-packages/sklearn/neural_network/_multilayer_perceptron.py:603: UserWarning: Got `batch_size` less than 1 or larger than sample size. It is going to be clipped
  warnings.warn(

function_evaluation time 0.087769 value -0.366667 suggestion {'alpha': 0.008829349885912661, 'batch_size': 166, 'beta_1': 0.9768099505508211, 'beta_2': 0.9980594610194172, 'epsilon': 4.267993229984678e-09, 'hidden_layer_sizes': 97, 'learning_rate_init': 1.4358392504452755e-05, 'tol': 0.022998609741144895, 'validation_fraction': 0.5122936077801243}
observation time 0.000001, current best -0.716667 at iter 1
suggestion time taken 0.003327 iter 2 next_points [{'alpha': 2.7197151218837308e-05, 'batch_size': 226, 'beta_1': 0.851873089060808, 'beta_2': 0.952733147182686, 'epsilon': 3.602853022550022e-07, 'hidden_layer_sizes': 150, 'learning_rate_init': 0.011926093183773188, 'tol': 0.00018048050238646008, 'validation_fraction': 0.8953317248201675}]
/home/ryedida/.local/lib/python3.8/site-packages/sklearn/neural_network/_multilayer_perceptron.py:603: UserWarning: Got `batch_size` less than 1 or larger than sample size. It is going to be clipped
  warnings.warn(

function_evaluation time 0.180421 value -0.816667 suggestion {'alpha': 2.7197151218837308e-05, 'batch_size': 226, 'beta_1': 0.851873089060808, 'beta_2': 0.952733147182686, 'epsilon': 3.602853022550022e-07, 'hidden_layer_sizes': 150, 'learning_rate_init': 0.011926093183773188, 'tol': 0.00018048050238646008, 'validation_fraction': 0.8953317248201675}
observation time 0.000001, current best -0.816667 at iter 2
suggestion time taken 0.003320 iter 3 next_points [{'alpha': 0.00038860270014715525, 'batch_size': 90, 'beta_1': 0.6750780498368862, 'beta_2': 0.9913292341329641, 'epsilon': 8.172104721623933e-08, 'hidden_layer_sizes': 71, 'learning_rate_init': 0.008357607160505405, 'tol': 0.0004583391766962658, 'validation_fraction': 0.44945761368408327}]
/home/ryedida/.local/lib/python3.8/site-packages/sklearn/neural_network/_multilayer_perceptron.py:603: UserWarning: Got `batch_size` less than 1 or larger than sample size. It is going to be clipped
  warnings.warn(

function_evaluation time 0.162340 value -0.808333 suggestion {'alpha': 0.00038860270014715525, 'batch_size': 90, 'beta_1': 0.6750780498368862, 'beta_2': 0.9913292341329641, 'epsilon': 8.172104721623933e-08, 'hidden_layer_sizes': 71, 'learning_rate_init': 0.008357607160505405, 'tol': 0.0004583391766962658, 'validation_fraction': 0.44945761368408327}
observation time 0.000001, current best -0.816667 at iter 3
suggestion time taken 0.003340 iter 4 next_points [{'alpha': 0.0029857208886305193, 'batch_size': 45, 'beta_1': 0.9783648292429385, 'beta_2': 0.9999739416008101, 'epsilon': 9.287766727861409e-08, 'hidden_layer_sizes': 54, 'learning_rate_init': 0.00044666078208890745, 'tol': 0.0009580347873758974, 'validation_fraction': 0.800969836492111}]
/home/ryedida/.local/lib/python3.8/site-packages/sklearn/neural_network/_multilayer_perceptron.py:603: UserWarning: Got `batch_size` less than 1 or larger than sample size. It is going to be clipped
  warnings.warn(

function_evaluation time 0.092531 value -0.341667 suggestion {'alpha': 0.0029857208886305193, 'batch_size': 45, 'beta_1': 0.9783648292429385, 'beta_2': 0.9999739416008101, 'epsilon': 9.287766727861409e-08, 'hidden_layer_sizes': 54, 'learning_rate_init': 0.00044666078208890745, 'tol': 0.0009580347873758974, 'validation_fraction': 0.800969836492111}
observation time 0.000001, current best -0.816667 at iter 4
suggestion time taken 0.003294 iter 5 next_points [{'alpha': 0.0021780235585311092, 'batch_size': 143, 'beta_1': 0.6364492986503578, 'beta_2': 0.999996809070401, 'epsilon': 4.708471564630903e-07, 'hidden_layer_sizes': 100, 'learning_rate_init': 0.0004418790519933523, 'tol': 0.002151808341338974, 'validation_fraction': 0.203097711004797}]
/home/ryedida/.local/lib/python3.8/site-packages/sklearn/neural_network/_multilayer_perceptron.py:603: UserWarning: Got `batch_size` less than 1 or larger than sample size. It is going to be clipped
  warnings.warn(

function_evaluation time 0.128692 value -0.541667 suggestion {'alpha': 0.0021780235585311092, 'batch_size': 143, 'beta_1': 0.6364492986503578, 'beta_2': 0.999996809070401, 'epsilon': 4.708471564630903e-07, 'hidden_layer_sizes': 100, 'learning_rate_init': 0.0004418790519933523, 'tol': 0.002151808341338974, 'validation_fraction': 0.203097711004797}
observation time 0.000001, current best -0.816667 at iter 5
suggestion time taken 0.003305 iter 6 next_points [{'alpha': 0.09478249820396062, 'batch_size': 118, 'beta_1': 0.7807035620625409, 'beta_2': 0.9999023986540849, 'epsilon': 4.7232468693771455e-09, 'hidden_layer_sizes': 163, 'learning_rate_init': 0.00026066367687799626, 'tol': 0.00014014608828039236, 'validation_fraction': 0.16441621057247327}]
/home/ryedida/.local/lib/python3.8/site-packages/sklearn/neural_network/_multilayer_perceptron.py:603: UserWarning: Got `batch_size` less than 1 or larger than sample size. It is going to be clipped
  warnings.warn(

function_evaluation time 0.122940 value -0.433333 suggestion {'alpha': 0.09478249820396062, 'batch_size': 118, 'beta_1': 0.7807035620625409, 'beta_2': 0.9999023986540849, 'epsilon': 4.7232468693771455e-09, 'hidden_layer_sizes': 163, 'learning_rate_init': 0.00026066367687799626, 'tol': 0.00014014608828039236, 'validation_fraction': 0.16441621057247327}
observation time 0.000009, current best -0.816667 at iter 6
suggestion time taken 0.003282 iter 7 next_points [{'alpha': 1.279805926091438e-05, 'batch_size': 75, 'beta_1': 0.7172093111289867, 'beta_2': 0.9924472187822886, 'epsilon': 3.8160198921310845e-07, 'hidden_layer_sizes': 144, 'learning_rate_init': 0.02552873730798668, 'tol': 0.008143453723285215, 'validation_fraction': 0.16060672712261279}]
function_evaluation time 0.175908 value -0.950000 suggestion {'alpha': 1.279805926091438e-05, 'batch_size': 75, 'beta_1': 0.7172093111289867, 'beta_2': 0.9924472187822886, 'epsilon': 3.8160198921310845e-07, 'hidden_layer_sizes': 144, 'learning_rate_init': 0.02552873730798668, 'tol': 0.008143453723285215, 'validation_fraction': 0.16060672712261279}
observation time 0.000001, current best -0.950000 at iter 7
suggestion time taken 0.003302 iter 8 next_points [{'alpha': 0.017667902563452815, 'batch_size': 93, 'beta_1': 0.9829291277135562, 'beta_2': 0.969839225830679, 'epsilon': 2.424608823018434e-09, 'hidden_layer_sizes': 132, 'learning_rate_init': 0.02884032146167953, 'tol': 0.016129068009653143, 'validation_fraction': 0.12878875248255736}]
function_evaluation time 0.155288 value -0.900000 suggestion {'alpha': 0.017667902563452815, 'batch_size': 93, 'beta_1': 0.9829291277135562, 'beta_2': 0.969839225830679, 'epsilon': 2.424608823018434e-09, 'hidden_layer_sizes': 132, 'learning_rate_init': 0.02884032146167953, 'tol': 0.016129068009653143, 'validation_fraction': 0.12878875248255736}
observation time 0.000001, current best -0.950000 at iter 8
suggestion time taken 0.003287 iter 9 next_points [{'alpha': 1.4412611862356654e-05, 'batch_size': 172, 'beta_1': 0.96035675258671, 'beta_2': 0.9418697127749985, 'epsilon': 5.50829441394808e-09, 'hidden_layer_sizes': 179, 'learning_rate_init': 2.595930094602981e-05, 'tol': 0.018710233081661674, 'validation_fraction': 0.37481108847646294}]
/home/ryedida/.local/lib/python3.8/site-packages/sklearn/neural_network/_multilayer_perceptron.py:603: UserWarning: Got `batch_size` less than 1 or larger than sample size. It is going to be clipped
  warnings.warn(

function_evaluation time 0.123875 value -0.416667 suggestion {'alpha': 1.4412611862356654e-05, 'batch_size': 172, 'beta_1': 0.96035675258671, 'beta_2': 0.9418697127749985, 'epsilon': 5.50829441394808e-09, 'hidden_layer_sizes': 179, 'learning_rate_init': 2.595930094602981e-05, 'tol': 0.018710233081661674, 'validation_fraction': 0.37481108847646294}
observation time 0.000001, current best -0.950000 at iter 9
suggestion time taken 0.003301 iter 10 next_points [{'alpha': 0.06082266766770142, 'batch_size': 71, 'beta_1': 0.6889252167378296, 'beta_2': 0.9866524546012497, 'epsilon': 2.479783358895381e-09, 'hidden_layer_sizes': 132, 'learning_rate_init': 0.00024813637329665664, 'tol': 0.0004230642079027762, 'validation_fraction': 0.3359706600779904}]
function_evaluation time 0.140657 value -0.516667 suggestion {'alpha': 0.06082266766770142, 'batch_size': 71, 'beta_1': 0.6889252167378296, 'beta_2': 0.9866524546012497, 'epsilon': 2.479783358895381e-09, 'hidden_layer_sizes': 132, 'learning_rate_init': 0.00024813637329665664, 'tol': 0.0004230642079027762, 'validation_fraction': 0.3359706600779904}
observation time 0.000001, current best -0.950000 at iter 10
suggestion time taken 0.003307 iter 11 next_points [{'alpha': 0.1766049823499901, 'batch_size': 141, 'beta_1': 0.825917849850996, 'beta_2': 0.9524779358182587, 'epsilon': 6.05175629581013e-08, 'hidden_layer_sizes': 84, 'learning_rate_init': 0.043639551389647604, 'tol': 1.7142079778005246e-05, 'validation_fraction': 0.26512489165930053}]
/home/ryedida/.local/lib/python3.8/site-packages/sklearn/neural_network/_multilayer_perceptron.py:603: UserWarning: Got `batch_size` less than 1 or larger than sample size. It is going to be clipped
  warnings.warn(

function_evaluation time 0.161061 value -0.941667 suggestion {'alpha': 0.1766049823499901, 'batch_size': 141, 'beta_1': 0.825917849850996, 'beta_2': 0.9524779358182587, 'epsilon': 6.05175629581013e-08, 'hidden_layer_sizes': 84, 'learning_rate_init': 0.043639551389647604, 'tol': 1.7142079778005246e-05, 'validation_fraction': 0.26512489165930053}
observation time 0.000001, current best -0.950000 at iter 11
suggestion time taken 0.003295 iter 12 next_points [{'alpha': 0.04584634316915377, 'batch_size': 245, 'beta_1': 0.8525276527331098, 'beta_2': 0.999798935384021, 'epsilon': 1.9304927053903496e-07, 'hidden_layer_sizes': 193, 'learning_rate_init': 0.002316753564343001, 'tol': 0.0002371951628478899, 'validation_fraction': 0.6905978327236098}]
/home/ryedida/.local/lib/python3.8/site-packages/sklearn/neural_network/_multilayer_perceptron.py:603: UserWarning: Got `batch_size` less than 1 or larger than sample size. It is going to be clipped
  warnings.warn(

function_evaluation time 0.233717 value -0.891667 suggestion {'alpha': 0.04584634316915377, 'batch_size': 245, 'beta_1': 0.8525276527331098, 'beta_2': 0.999798935384021, 'epsilon': 1.9304927053903496e-07, 'hidden_layer_sizes': 193, 'learning_rate_init': 0.002316753564343001, 'tol': 0.0002371951628478899, 'validation_fraction': 0.6905978327236098}
observation time 0.000001, current best -0.950000 at iter 12
suggestion time taken 0.003288 iter 13 next_points [{'alpha': 1.3933328015120094, 'batch_size': 233, 'beta_1': 0.9897117778086331, 'beta_2': 0.9947678398065685, 'epsilon': 1.2564983989192247e-09, 'hidden_layer_sizes': 57, 'learning_rate_init': 1.1814798513718586e-05, 'tol': 0.00010543020387024353, 'validation_fraction': 0.4626810086107075}]
/home/ryedida/.local/lib/python3.8/site-packages/sklearn/neural_network/_multilayer_perceptron.py:603: UserWarning: Got `batch_size` less than 1 or larger than sample size. It is going to be clipped
  warnings.warn(

function_evaluation time 0.084634 value -0.341667 suggestion {'alpha': 1.3933328015120094, 'batch_size': 233, 'beta_1': 0.9897117778086331, 'beta_2': 0.9947678398065685, 'epsilon': 1.2564983989192247e-09, 'hidden_layer_sizes': 57, 'learning_rate_init': 1.1814798513718586e-05, 'tol': 0.00010543020387024353, 'validation_fraction': 0.4626810086107075}
observation time 0.000002, current best -0.950000 at iter 13
suggestion time taken 0.003276 iter 14 next_points [{'alpha': 5.574468637855189, 'batch_size': 154, 'beta_1': 0.8913096324897423, 'beta_2': 0.9997700095116375, 'epsilon': 4.723748119619814e-07, 'hidden_layer_sizes': 133, 'learning_rate_init': 0.019671662498286013, 'tol': 0.03231537051353052, 'validation_fraction': 0.7732080724456137}]
/home/ryedida/.local/lib/python3.8/site-packages/sklearn/neural_network/_multilayer_perceptron.py:603: UserWarning: Got `batch_size` less than 1 or larger than sample size. It is going to be clipped
  warnings.warn(

function_evaluation time 0.153802 value -0.791667 suggestion {'alpha': 5.574468637855189, 'batch_size': 154, 'beta_1': 0.8913096324897423, 'beta_2': 0.9997700095116375, 'epsilon': 4.723748119619814e-07, 'hidden_layer_sizes': 133, 'learning_rate_init': 0.019671662498286013, 'tol': 0.03231537051353052, 'validation_fraction': 0.7732080724456137}
observation time 0.000020, current best -0.950000 at iter 14
saving meta data: {'args': {'--uuid': '43dad72cf5b95411a13d1eeb207f0e8f', '-db-root': '/home/ryedida/smoothness-hpo/bbo_challenge_starter_kit/output', '--opt-root': '/home/ryedida/smoothness-hpo/bbo_challenge_starter_kit/example_submissions', '--data-root': None, '--db': 'run_20240113_220618', '--opt': 'random', '--data': 'iris', '--classifier': 'MLP-adam', '--metric': 'acc', '--calls': 15, '--suggestions': 1, '--jobs-file': None, '--verbose': False, 'dry_run': False, 'rev': 'a376313', 'opt_rev': '0.0.8'}, 'signature': ([{'alpha': 0.019628224813442792, 'batch_size': 182, 'beta_1': 0.9410202200271762, 'beta_2': 0.9998021557676793, 'epsilon': 1.8662266976518e-08, 'hidden_layer_sizes': 147, 'learning_rate_init': 0.0005627932047415167, 'tol': 0.03690557729213761, 'validation_fraction': 0.8846827852548593}, {'alpha': 0.0019982467392329444, 'batch_size': 200, 'beta_1': 0.919111482530466, 'beta_2': 0.9998488260436156, 'epsilon': 5.981221901152555e-07, 'hidden_layer_sizes': 61, 'learning_rate_init': 2.2310905607443014e-05, 'tol': 1.2046852412030316e-05, 'validation_fraction': 0.8117896445826539}, {'alpha': 0.46659545670218433, 'batch_size': 219, 'beta_1': 0.9889789783750891, 'beta_2': 0.9999896868093284, 'epsilon': 2.4234724484675948e-08, 'hidden_layer_sizes': 167, 'learning_rate_init': 2.972334644335654e-05, 'tol': 0.0036281404040243792, 'validation_fraction': 0.17260651658522078}, {'alpha': 4.656005689076002, 'batch_size': 135, 'beta_1': 0.870503881627747, 'beta_2': 0.9948873266941017, 'epsilon': 2.1023308743480125e-07, 'hidden_layer_sizes': 118, 'learning_rate_init': 0.0018781738757161913, 'tol': 1.1889379831773004e-05, 'validation_fraction': 0.6264327093752792}, {'alpha': 0.04705159350400542, 'batch_size': 158, 'beta_1': 0.9870884262730957, 'beta_2': 0.9999596874382349, 'epsilon': 1.1981845126013875e-08, 'hidden_layer_sizes': 116, 'learning_rate_init': 0.00617340520407431, 'tol': 1.741413418158619e-05, 'validation_fraction': 0.6754299026638921}], [-0.41666666666666663, -0.275, -0.3416666666666667, -0.725, -0.875])}
saving results
saving timing
saving suggest log
done
