running: {'--uuid': '4d980c25234259a4831f1a1b8057538f', '-db-root': '/home/ryedida/smoothness-hpo/bbo_challenge_starter_kit/output', '--opt-root': '/home/ryedida/smoothness-hpo/bbo_challenge_starter_kit/example_submissions', '--data-root': None, '--db': 'run_20240113_220618', '--opt': 'random', '--data': 'iris', '--classifier': 'MLP-adam', '--metric': 'nll', '--calls': 15, '--suggestions': 1, '--jobs-file': None, '--verbose': False, 'dry_run': False, 'rev': 'a376313', 'opt_rev': '0.0.8'}
cmd: python /home/ryedida/.local/bin/bayesmark-exp -c MLP-adam -d iris -o random -u 4d980c25234259a4831f1a1b8057538f -m nll -n 15 -p 1 -dir /home/ryedida/smoothness-hpo/bbo_challenge_starter_kit/output -b run_20240113_220618
/home/ryedida/.local/lib/python3.8/site-packages/sklearn/neural_network/_multilayer_perceptron.py:603: UserWarning: Got `batch_size` less than 1 or larger than sample size. It is going to be clipped
  warnings.warn(

/home/ryedida/.local/lib/python3.8/site-packages/sklearn/neural_network/_multilayer_perceptron.py:603: UserWarning: Got `batch_size` less than 1 or larger than sample size. It is going to be clipped
  warnings.warn(

/home/ryedida/.local/lib/python3.8/site-packages/sklearn/neural_network/_multilayer_perceptron.py:603: UserWarning: Got `batch_size` less than 1 or larger than sample size. It is going to be clipped
  warnings.warn(

/home/ryedida/.local/lib/python3.8/site-packages/sklearn/neural_network/_multilayer_perceptron.py:603: UserWarning: Got `batch_size` less than 1 or larger than sample size. It is going to be clipped
  warnings.warn(

/home/ryedida/.local/lib/python3.8/site-packages/sklearn/neural_network/_multilayer_perceptron.py:603: UserWarning: Got `batch_size` less than 1 or larger than sample size. It is going to be clipped
  warnings.warn(

computed signature: ([{'alpha': 0.019628224813442792, 'batch_size': 182, 'beta_1': 0.9410202200271762, 'beta_2': 0.9998021557676793, 'epsilon': 1.8662266976518e-08, 'hidden_layer_sizes': 147, 'learning_rate_init': 0.0005627932047415167, 'tol': 0.03690557729213761, 'validation_fraction': 0.8846827852548593}, {'alpha': 0.0019982467392329444, 'batch_size': 200, 'beta_1': 0.919111482530466, 'beta_2': 0.9998488260436156, 'epsilon': 5.981221901152555e-07, 'hidden_layer_sizes': 61, 'learning_rate_init': 2.2310905607443014e-05, 'tol': 1.2046852412030316e-05, 'validation_fraction': 0.8117896445826539}, {'alpha': 0.46659545670218433, 'batch_size': 219, 'beta_1': 0.9889789783750891, 'beta_2': 0.9999896868093284, 'epsilon': 2.4234724484675948e-08, 'hidden_layer_sizes': 167, 'learning_rate_init': 2.972334644335654e-05, 'tol': 0.0036281404040243792, 'validation_fraction': 0.17260651658522078}, {'alpha': 4.656005689076002, 'batch_size': 135, 'beta_1': 0.870503881627747, 'beta_2': 0.9948873266941017, 'epsilon': 2.1023308743480125e-07, 'hidden_layer_sizes': 118, 'learning_rate_init': 0.0018781738757161913, 'tol': 1.1889379831773004e-05, 'validation_fraction': 0.6264327093752792}, {'alpha': 0.04705159350400542, 'batch_size': 158, 'beta_1': 0.9870884262730957, 'beta_2': 0.9999596874382349, 'epsilon': 1.1981845126013875e-08, 'hidden_layer_sizes': 116, 'learning_rate_init': 0.00617340520407431, 'tol': 1.741413418158619e-05, 'validation_fraction': 0.6754299026638921}], [1.3105719841770722, 1.7760947732249062, 1.4322107566090756, 0.9097804858215804, 0.5745987066718419])
/home/ryedida/.local/lib/python3.8/site-packages/bayesmark/experiment.py:469: UserWarning: Baselines not found. Will not log intermediate scores.
  warnings.warn("Baselines not found. Will not log intermediate scores.")

starting sklearn study random MLP-adam iris nll 15 1
with data root: None
suggestion time taken 0.003338 iter 0 next_points [{'alpha': 9.054572300348142e-05, 'batch_size': 156, 'beta_1': 0.9897834863618092, 'beta_2': 0.9209215740309218, 'epsilon': 8.371293782331909e-07, 'hidden_layer_sizes': 149, 'learning_rate_init': 7.600341991569095e-05, 'tol': 0.02718620012655283, 'validation_fraction': 0.32211147748246516}]
/home/ryedida/.local/lib/python3.8/site-packages/sklearn/neural_network/_multilayer_perceptron.py:603: UserWarning: Got `batch_size` less than 1 or larger than sample size. It is going to be clipped
  warnings.warn(

function_evaluation time 0.107118 value 1.166066 suggestion {'alpha': 9.054572300348142e-05, 'batch_size': 156, 'beta_1': 0.9897834863618092, 'beta_2': 0.9209215740309218, 'epsilon': 8.371293782331909e-07, 'hidden_layer_sizes': 149, 'learning_rate_init': 7.600341991569095e-05, 'tol': 0.02718620012655283, 'validation_fraction': 0.32211147748246516}
observation time 0.000002, current best 1.166066 at iter 0
suggestion time taken 0.003313 iter 1 next_points [{'alpha': 1.510545729649051e-05, 'batch_size': 162, 'beta_1': 0.9466852228206352, 'beta_2': 0.9929578107752781, 'epsilon': 9.452407981875603e-09, 'hidden_layer_sizes': 53, 'learning_rate_init': 0.0013023060897818014, 'tol': 3.818881150805822e-05, 'validation_fraction': 0.2786729369834131}]
/home/ryedida/.local/lib/python3.8/site-packages/sklearn/neural_network/_multilayer_perceptron.py:603: UserWarning: Got `batch_size` less than 1 or larger than sample size. It is going to be clipped
  warnings.warn(

function_evaluation time 0.100581 value 1.510572 suggestion {'alpha': 1.510545729649051e-05, 'batch_size': 162, 'beta_1': 0.9466852228206352, 'beta_2': 0.9929578107752781, 'epsilon': 9.452407981875603e-09, 'hidden_layer_sizes': 53, 'learning_rate_init': 0.0013023060897818014, 'tol': 3.818881150805822e-05, 'validation_fraction': 0.2786729369834131}
observation time 0.000001, current best 1.166066 at iter 1
suggestion time taken 0.003275 iter 2 next_points [{'alpha': 0.0027636950869759642, 'batch_size': 232, 'beta_1': 0.9671106304338047, 'beta_2': 0.9992182828587816, 'epsilon': 1.1353443618714313e-08, 'hidden_layer_sizes': 83, 'learning_rate_init': 0.07750351178575823, 'tol': 0.00010825096788371797, 'validation_fraction': 0.6517385848509976}]
/home/ryedida/.local/lib/python3.8/site-packages/sklearn/neural_network/_multilayer_perceptron.py:603: UserWarning: Got `batch_size` less than 1 or larger than sample size. It is going to be clipped
  warnings.warn(

function_evaluation time 0.157461 value 0.422486 suggestion {'alpha': 0.0027636950869759642, 'batch_size': 232, 'beta_1': 0.9671106304338047, 'beta_2': 0.9992182828587816, 'epsilon': 1.1353443618714313e-08, 'hidden_layer_sizes': 83, 'learning_rate_init': 0.07750351178575823, 'tol': 0.00010825096788371797, 'validation_fraction': 0.6517385848509976}
observation time 0.000001, current best 0.422486 at iter 2
suggestion time taken 0.003311 iter 3 next_points [{'alpha': 0.020709595715365486, 'batch_size': 161, 'beta_1': 0.8404047551704922, 'beta_2': 0.9993838913056095, 'epsilon': 3.462984407094909e-08, 'hidden_layer_sizes': 108, 'learning_rate_init': 0.07829577712989891, 'tol': 0.052049045301692486, 'validation_fraction': 0.5087614801034592}]
/home/ryedida/.local/lib/python3.8/site-packages/sklearn/neural_network/_multilayer_perceptron.py:603: UserWarning: Got `batch_size` less than 1 or larger than sample size. It is going to be clipped
  warnings.warn(

function_evaluation time 0.134381 value 1.161959 suggestion {'alpha': 0.020709595715365486, 'batch_size': 161, 'beta_1': 0.8404047551704922, 'beta_2': 0.9993838913056095, 'epsilon': 3.462984407094909e-08, 'hidden_layer_sizes': 108, 'learning_rate_init': 0.07829577712989891, 'tol': 0.052049045301692486, 'validation_fraction': 0.5087614801034592}
observation time 0.000001, current best 0.422486 at iter 3
suggestion time taken 0.003265 iter 4 next_points [{'alpha': 0.9246331466562514, 'batch_size': 130, 'beta_1': 0.945683391371019, 'beta_2': 0.9575298349810648, 'epsilon': 2.8346034282001434e-09, 'hidden_layer_sizes': 67, 'learning_rate_init': 1.3467473823079747e-05, 'tol': 0.026356486027841904, 'validation_fraction': 0.25508452363008266}]
/home/ryedida/.local/lib/python3.8/site-packages/sklearn/neural_network/_multilayer_perceptron.py:603: UserWarning: Got `batch_size` less than 1 or larger than sample size. It is going to be clipped
  warnings.warn(

function_evaluation time 0.090115 value 1.853177 suggestion {'alpha': 0.9246331466562514, 'batch_size': 130, 'beta_1': 0.945683391371019, 'beta_2': 0.9575298349810648, 'epsilon': 2.8346034282001434e-09, 'hidden_layer_sizes': 67, 'learning_rate_init': 1.3467473823079747e-05, 'tol': 0.026356486027841904, 'validation_fraction': 0.25508452363008266}
observation time 0.000001, current best 0.422486 at iter 4
suggestion time taken 0.003228 iter 5 next_points [{'alpha': 0.6550378161853613, 'batch_size': 139, 'beta_1': 0.6872223170521249, 'beta_2': 0.999988014218413, 'epsilon': 2.576029597273575e-07, 'hidden_layer_sizes': 75, 'learning_rate_init': 1.0739875571185938e-05, 'tol': 0.000853566067371233, 'validation_fraction': 0.7604878040755386}]
/home/ryedida/.local/lib/python3.8/site-packages/sklearn/neural_network/_multilayer_perceptron.py:603: UserWarning: Got `batch_size` less than 1 or larger than sample size. It is going to be clipped
  warnings.warn(

function_evaluation time 0.085933 value 1.478939 suggestion {'alpha': 0.6550378161853613, 'batch_size': 139, 'beta_1': 0.6872223170521249, 'beta_2': 0.999988014218413, 'epsilon': 2.576029597273575e-07, 'hidden_layer_sizes': 75, 'learning_rate_init': 1.0739875571185938e-05, 'tol': 0.000853566067371233, 'validation_fraction': 0.7604878040755386}
observation time 0.000001, current best 0.422486 at iter 5
suggestion time taken 0.003226 iter 6 next_points [{'alpha': 1.3191308942237565e-05, 'batch_size': 157, 'beta_1': 0.5799463025861443, 'beta_2': 0.9994461116904212, 'epsilon': 4.076794377878889e-08, 'hidden_layer_sizes': 180, 'learning_rate_init': 9.848917511311831e-05, 'tol': 0.007555092440068252, 'validation_fraction': 0.7527725280420415}]
/home/ryedida/.local/lib/python3.8/site-packages/sklearn/neural_network/_multilayer_perceptron.py:603: UserWarning: Got `batch_size` less than 1 or larger than sample size. It is going to be clipped
  warnings.warn(

function_evaluation time 0.092713 value 1.321611 suggestion {'alpha': 1.3191308942237565e-05, 'batch_size': 157, 'beta_1': 0.5799463025861443, 'beta_2': 0.9994461116904212, 'epsilon': 4.076794377878889e-08, 'hidden_layer_sizes': 180, 'learning_rate_init': 9.848917511311831e-05, 'tol': 0.007555092440068252, 'validation_fraction': 0.7527725280420415}
observation time 0.000001, current best 0.422486 at iter 6
suggestion time taken 0.003232 iter 7 next_points [{'alpha': 0.0276491572650122, 'batch_size': 244, 'beta_1': 0.8968243113133857, 'beta_2': 0.9711844343885975, 'epsilon': 5.832680122372455e-08, 'hidden_layer_sizes': 121, 'learning_rate_init': 0.00010229900966620445, 'tol': 0.0006297756522095564, 'validation_fraction': 0.14429263674417697}]
/home/ryedida/.local/lib/python3.8/site-packages/sklearn/neural_network/_multilayer_perceptron.py:603: UserWarning: Got `batch_size` less than 1 or larger than sample size. It is going to be clipped
  warnings.warn(

function_evaluation time 0.093715 value 1.721036 suggestion {'alpha': 0.0276491572650122, 'batch_size': 244, 'beta_1': 0.8968243113133857, 'beta_2': 0.9711844343885975, 'epsilon': 5.832680122372455e-08, 'hidden_layer_sizes': 121, 'learning_rate_init': 0.00010229900966620445, 'tol': 0.0006297756522095564, 'validation_fraction': 0.14429263674417697}
observation time 0.000001, current best 0.422486 at iter 7
suggestion time taken 0.003252 iter 8 next_points [{'alpha': 0.01015435361144834, 'batch_size': 66, 'beta_1': 0.9587089902034294, 'beta_2': 0.9999986851979777, 'epsilon': 1.2383640540056526e-09, 'hidden_layer_sizes': 74, 'learning_rate_init': 0.001847683377467135, 'tol': 0.0011526207503581407, 'validation_fraction': 0.722098449686952}]
/home/ryedida/.local/lib/python3.8/site-packages/sklearn/neural_network/_multilayer_perceptron.py:603: UserWarning: Got `batch_size` less than 1 or larger than sample size. It is going to be clipped
  warnings.warn(

function_evaluation time 0.132710 value 1.119370 suggestion {'alpha': 0.01015435361144834, 'batch_size': 66, 'beta_1': 0.9587089902034294, 'beta_2': 0.9999986851979777, 'epsilon': 1.2383640540056526e-09, 'hidden_layer_sizes': 74, 'learning_rate_init': 0.001847683377467135, 'tol': 0.0011526207503581407, 'validation_fraction': 0.722098449686952}
observation time 0.000001, current best 0.422486 at iter 8
suggestion time taken 0.003247 iter 9 next_points [{'alpha': 0.03441816377773615, 'batch_size': 222, 'beta_1': 0.9206726260052828, 'beta_2': 0.9833884485020344, 'epsilon': 2.8774473849351917e-08, 'hidden_layer_sizes': 60, 'learning_rate_init': 0.0005504978217352799, 'tol': 6.685876067950576e-05, 'validation_fraction': 0.5237140366351805}]
/home/ryedida/.local/lib/python3.8/site-packages/sklearn/neural_network/_multilayer_perceptron.py:603: UserWarning: Got `batch_size` less than 1 or larger than sample size. It is going to be clipped
  warnings.warn(

function_evaluation time 0.124170 value 1.209419 suggestion {'alpha': 0.03441816377773615, 'batch_size': 222, 'beta_1': 0.9206726260052828, 'beta_2': 0.9833884485020344, 'epsilon': 2.8774473849351917e-08, 'hidden_layer_sizes': 60, 'learning_rate_init': 0.0005504978217352799, 'tol': 6.685876067950576e-05, 'validation_fraction': 0.5237140366351805}
observation time 0.000001, current best 0.422486 at iter 9
suggestion time taken 0.003236 iter 10 next_points [{'alpha': 3.830223139044132, 'batch_size': 114, 'beta_1': 0.6747440117650051, 'beta_2': 0.999989489233261, 'epsilon': 3.297752822303473e-07, 'hidden_layer_sizes': 107, 'learning_rate_init': 1.4007146259286627e-05, 'tol': 0.008022265996866004, 'validation_fraction': 0.4987109162762074}]
/home/ryedida/.local/lib/python3.8/site-packages/sklearn/neural_network/_multilayer_perceptron.py:603: UserWarning: Got `batch_size` less than 1 or larger than sample size. It is going to be clipped
  warnings.warn(

function_evaluation time 0.105627 value 1.391872 suggestion {'alpha': 3.830223139044132, 'batch_size': 114, 'beta_1': 0.6747440117650051, 'beta_2': 0.999989489233261, 'epsilon': 3.297752822303473e-07, 'hidden_layer_sizes': 107, 'learning_rate_init': 1.4007146259286627e-05, 'tol': 0.008022265996866004, 'validation_fraction': 0.4987109162762074}
observation time 0.000001, current best 0.422486 at iter 10
suggestion time taken 0.003243 iter 11 next_points [{'alpha': 0.020230795890686822, 'batch_size': 21, 'beta_1': 0.5974059491945286, 'beta_2': 0.9983768431638028, 'epsilon': 2.781821017409656e-09, 'hidden_layer_sizes': 70, 'learning_rate_init': 0.06857978939886276, 'tol': 0.02062157354970448, 'validation_fraction': 0.44048883714861453}]
function_evaluation time 0.259067 value 0.331879 suggestion {'alpha': 0.020230795890686822, 'batch_size': 21, 'beta_1': 0.5974059491945286, 'beta_2': 0.9983768431638028, 'epsilon': 2.781821017409656e-09, 'hidden_layer_sizes': 70, 'learning_rate_init': 0.06857978939886276, 'tol': 0.02062157354970448, 'validation_fraction': 0.44048883714861453}
observation time 0.000010, current best 0.331879 at iter 11
suggestion time taken 0.004523 iter 12 next_points [{'alpha': 1.2596705065895593, 'batch_size': 13, 'beta_1': 0.7850564466094425, 'beta_2': 0.999998030204624, 'epsilon': 3.4748551142726396e-08, 'hidden_layer_sizes': 153, 'learning_rate_init': 0.0006564169230545059, 'tol': 0.06888445830568889, 'validation_fraction': 0.1604611061920066}]
function_evaluation time 0.386958 value 0.757476 suggestion {'alpha': 1.2596705065895593, 'batch_size': 13, 'beta_1': 0.7850564466094425, 'beta_2': 0.999998030204624, 'epsilon': 3.4748551142726396e-08, 'hidden_layer_sizes': 153, 'learning_rate_init': 0.0006564169230545059, 'tol': 0.06888445830568889, 'validation_fraction': 0.1604611061920066}
observation time 0.000001, current best 0.331879 at iter 12
suggestion time taken 0.003948 iter 13 next_points [{'alpha': 0.14612847555276595, 'batch_size': 190, 'beta_1': 0.9795638672937008, 'beta_2': 0.9999983093995779, 'epsilon': 3.985225590476669e-09, 'hidden_layer_sizes': 148, 'learning_rate_init': 2.4544318512921896e-05, 'tol': 0.0004214581750861886, 'validation_fraction': 0.2646375510544671}]
/home/ryedida/.local/lib/python3.8/site-packages/sklearn/neural_network/_multilayer_perceptron.py:603: UserWarning: Got `batch_size` less than 1 or larger than sample size. It is going to be clipped
  warnings.warn(

function_evaluation time 0.105286 value 1.541316 suggestion {'alpha': 0.14612847555276595, 'batch_size': 190, 'beta_1': 0.9795638672937008, 'beta_2': 0.9999983093995779, 'epsilon': 3.985225590476669e-09, 'hidden_layer_sizes': 148, 'learning_rate_init': 2.4544318512921896e-05, 'tol': 0.0004214581750861886, 'validation_fraction': 0.2646375510544671}
observation time 0.000001, current best 0.331879 at iter 13
suggestion time taken 0.003935 iter 14 next_points [{'alpha': 0.18436798009765998, 'batch_size': 185, 'beta_1': 0.8648258929684293, 'beta_2': 0.9999976469182142, 'epsilon': 7.239424801357883e-07, 'hidden_layer_sizes': 97, 'learning_rate_init': 0.00014679955021773704, 'tol': 0.07394180699654856, 'validation_fraction': 0.467978330129272}]
/home/ryedida/.local/lib/python3.8/site-packages/sklearn/neural_network/_multilayer_perceptron.py:603: UserWarning: Got `batch_size` less than 1 or larger than sample size. It is going to be clipped
  warnings.warn(

function_evaluation time 0.098246 value 1.394801 suggestion {'alpha': 0.18436798009765998, 'batch_size': 185, 'beta_1': 0.8648258929684293, 'beta_2': 0.9999976469182142, 'epsilon': 7.239424801357883e-07, 'hidden_layer_sizes': 97, 'learning_rate_init': 0.00014679955021773704, 'tol': 0.07394180699654856, 'validation_fraction': 0.467978330129272}
observation time 0.000001, current best 0.331879 at iter 14
saving meta data: {'args': {'--uuid': '4d980c25234259a4831f1a1b8057538f', '-db-root': '/home/ryedida/smoothness-hpo/bbo_challenge_starter_kit/output', '--opt-root': '/home/ryedida/smoothness-hpo/bbo_challenge_starter_kit/example_submissions', '--data-root': None, '--db': 'run_20240113_220618', '--opt': 'random', '--data': 'iris', '--classifier': 'MLP-adam', '--metric': 'nll', '--calls': 15, '--suggestions': 1, '--jobs-file': None, '--verbose': False, 'dry_run': False, 'rev': 'a376313', 'opt_rev': '0.0.8'}, 'signature': ([{'alpha': 0.019628224813442792, 'batch_size': 182, 'beta_1': 0.9410202200271762, 'beta_2': 0.9998021557676793, 'epsilon': 1.8662266976518e-08, 'hidden_layer_sizes': 147, 'learning_rate_init': 0.0005627932047415167, 'tol': 0.03690557729213761, 'validation_fraction': 0.8846827852548593}, {'alpha': 0.0019982467392329444, 'batch_size': 200, 'beta_1': 0.919111482530466, 'beta_2': 0.9998488260436156, 'epsilon': 5.981221901152555e-07, 'hidden_layer_sizes': 61, 'learning_rate_init': 2.2310905607443014e-05, 'tol': 1.2046852412030316e-05, 'validation_fraction': 0.8117896445826539}, {'alpha': 0.46659545670218433, 'batch_size': 219, 'beta_1': 0.9889789783750891, 'beta_2': 0.9999896868093284, 'epsilon': 2.4234724484675948e-08, 'hidden_layer_sizes': 167, 'learning_rate_init': 2.972334644335654e-05, 'tol': 0.0036281404040243792, 'validation_fraction': 0.17260651658522078}, {'alpha': 4.656005689076002, 'batch_size': 135, 'beta_1': 0.870503881627747, 'beta_2': 0.9948873266941017, 'epsilon': 2.1023308743480125e-07, 'hidden_layer_sizes': 118, 'learning_rate_init': 0.0018781738757161913, 'tol': 1.1889379831773004e-05, 'validation_fraction': 0.6264327093752792}, {'alpha': 0.04705159350400542, 'batch_size': 158, 'beta_1': 0.9870884262730957, 'beta_2': 0.9999596874382349, 'epsilon': 1.1981845126013875e-08, 'hidden_layer_sizes': 116, 'learning_rate_init': 0.00617340520407431, 'tol': 1.741413418158619e-05, 'validation_fraction': 0.6754299026638921}], [1.3105719841770722, 1.7760947732249062, 1.4322107566090756, 0.9097804858215804, 0.5745987066718419])}
saving results
saving timing
saving suggest log
done
