running: {'--uuid': '777de55636f1590fbb1773147b1f053e', '-db-root': '/home/ryedida/smoothness-hpo/bbo_challenge_starter_kit/output', '--opt-root': '/home/ryedida/smoothness-hpo/bbo_challenge_starter_kit/example_submissions', '--data-root': None, '--db': 'run_20240113_220618', '--opt': 'stcvx', '--data': 'iris', '--classifier': 'MLP-adam', '--metric': 'nll', '--calls': 15, '--suggestions': 1, '--jobs-file': None, '--verbose': False, 'dry_run': False, 'rev': 'a376313', 'opt_rev': 'x.x.x'}
cmd: python stcvx/optimizer.py -c MLP-adam -d iris -o stcvx -u 777de55636f1590fbb1773147b1f053e -m nll -n 15 -p 1 -dir /home/ryedida/smoothness-hpo/bbo_challenge_starter_kit/output -b run_20240113_220618
/home/ryedida/.local/lib/python3.8/site-packages/sklearn/neural_network/_multilayer_perceptron.py:603: UserWarning: Got `batch_size` less than 1 or larger than sample size. It is going to be clipped
  warnings.warn(

/home/ryedida/.local/lib/python3.8/site-packages/sklearn/neural_network/_multilayer_perceptron.py:603: UserWarning: Got `batch_size` less than 1 or larger than sample size. It is going to be clipped
  warnings.warn(

/home/ryedida/.local/lib/python3.8/site-packages/sklearn/neural_network/_multilayer_perceptron.py:603: UserWarning: Got `batch_size` less than 1 or larger than sample size. It is going to be clipped
  warnings.warn(

/home/ryedida/.local/lib/python3.8/site-packages/sklearn/neural_network/_multilayer_perceptron.py:603: UserWarning: Got `batch_size` less than 1 or larger than sample size. It is going to be clipped
  warnings.warn(

/home/ryedida/.local/lib/python3.8/site-packages/sklearn/neural_network/_multilayer_perceptron.py:603: UserWarning: Got `batch_size` less than 1 or larger than sample size. It is going to be clipped
  warnings.warn(

computed signature: ([{'alpha': 0.019628224813442792, 'batch_size': 182, 'beta_1': 0.9410202200271762, 'beta_2': 0.9998021557676793, 'epsilon': 1.8662266976518e-08, 'hidden_layer_sizes': 147, 'learning_rate_init': 0.0005627932047415167, 'tol': 0.03690557729213761, 'validation_fraction': 0.8846827852548593}, {'alpha': 0.0019982467392329444, 'batch_size': 200, 'beta_1': 0.919111482530466, 'beta_2': 0.9998488260436156, 'epsilon': 5.981221901152555e-07, 'hidden_layer_sizes': 61, 'learning_rate_init': 2.2310905607443014e-05, 'tol': 1.2046852412030316e-05, 'validation_fraction': 0.8117896445826539}, {'alpha': 0.46659545670218433, 'batch_size': 219, 'beta_1': 0.9889789783750891, 'beta_2': 0.9999896868093284, 'epsilon': 2.4234724484675948e-08, 'hidden_layer_sizes': 167, 'learning_rate_init': 2.972334644335654e-05, 'tol': 0.0036281404040243792, 'validation_fraction': 0.17260651658522078}, {'alpha': 4.656005689076002, 'batch_size': 135, 'beta_1': 0.870503881627747, 'beta_2': 0.9948873266941017, 'epsilon': 2.1023308743480125e-07, 'hidden_layer_sizes': 118, 'learning_rate_init': 0.0018781738757161913, 'tol': 1.1889379831773004e-05, 'validation_fraction': 0.6264327093752792}, {'alpha': 0.04705159350400542, 'batch_size': 158, 'beta_1': 0.9870884262730957, 'beta_2': 0.9999596874382349, 'epsilon': 1.1981845126013875e-08, 'hidden_layer_sizes': 116, 'learning_rate_init': 0.00617340520407431, 'tol': 1.741413418158619e-05, 'validation_fraction': 0.6754299026638921}], [1.3105719841770722, 1.7760947732249062, 1.4322107566090756, 0.9097804858215804, 0.5745987066718419])
/home/ryedida/.local/lib/python3.8/site-packages/bayesmark/experiment.py:469: UserWarning: Baselines not found. Will not log intermediate scores.
  warnings.warn("Baselines not found. Will not log intermediate scores.")

starting sklearn study stcvx MLP-adam iris nll 15 1
with data root: None
suggestion time taken 27.224449 iter 0 next_points [{'alpha': 6.239963974225502e-05, 'batch_size': 40, 'beta_1': 0.8556213367033486, 'beta_2': 0.9997681564751962, 'epsilon': 1.9034268286159675e-08, 'hidden_layer_sizes': 52, 'learning_rate_init': 0.002179069774059032, 'tol': 0.0019302005710246637, 'validation_fraction': 0.6020468275799885}]
function_evaluation time 0.191756 value 1.077598 suggestion {'alpha': 6.239963974225502e-05, 'batch_size': 40, 'beta_1': 0.8556213367033486, 'beta_2': 0.9997681564751962, 'epsilon': 1.9034268286159675e-08, 'hidden_layer_sizes': 52, 'learning_rate_init': 0.002179069774059032, 'tol': 0.0019302005710246637, 'validation_fraction': 0.6020468275799885}
observation time 0.000002, current best 1.077598 at iter 0
suggestion time taken 26.115893 iter 1 next_points [{'alpha': 0.0004886969056770778, 'batch_size': 11, 'beta_1': 0.9617602464771083, 'beta_2': 0.9954101153853343, 'epsilon': 2.1757769550500612e-07, 'hidden_layer_sizes': 69, 'learning_rate_init': 0.0003299854423490413, 'tol': 0.0001404065746282057, 'validation_fraction': 0.5528186865748514}]
function_evaluation time 0.261894 value 1.128844 suggestion {'alpha': 0.0004886969056770778, 'batch_size': 11, 'beta_1': 0.9617602464771083, 'beta_2': 0.9954101153853343, 'epsilon': 2.1757769550500612e-07, 'hidden_layer_sizes': 69, 'learning_rate_init': 0.0003299854423490413, 'tol': 0.0001404065746282057, 'validation_fraction': 0.5528186865748514}
observation time 0.000005, current best 1.077598 at iter 1
suggestion time taken 25.186383 iter 2 next_points [{'alpha': 0.0003064421020221483, 'batch_size': 20, 'beta_1': 0.8413119214277882, 'beta_2': 0.9996260853795137, 'epsilon': 1.202328194364074e-07, 'hidden_layer_sizes': 94, 'learning_rate_init': 3.2122806295789814e-05, 'tol': 0.00018292049739408874, 'validation_fraction': 0.8375968473465344}]
/home/ryedida/.local/lib/python3.8/site-packages/sklearn/neural_network/_multilayer_perceptron.py:603: UserWarning: Got `batch_size` less than 1 or larger than sample size. It is going to be clipped
  warnings.warn(

function_evaluation time 0.091359 value 1.370125 suggestion {'alpha': 0.0003064421020221483, 'batch_size': 20, 'beta_1': 0.8413119214277882, 'beta_2': 0.9996260853795137, 'epsilon': 1.202328194364074e-07, 'hidden_layer_sizes': 94, 'learning_rate_init': 3.2122806295789814e-05, 'tol': 0.00018292049739408874, 'validation_fraction': 0.8375968473465344}
observation time 0.000005, current best 1.077598 at iter 2
suggestion time taken 25.477584 iter 3 next_points [{'alpha': 0.0003491179610830001, 'batch_size': 11, 'beta_1': 0.9598009259488068, 'beta_2': 0.9999977085537786, 'epsilon': 1.2056701471986674e-08, 'hidden_layer_sizes': 186, 'learning_rate_init': 6.20320582795523e-05, 'tol': 1.3324387186768876e-05, 'validation_fraction': 0.4368035146245263}]
function_evaluation time 0.309601 value 1.099987 suggestion {'alpha': 0.0003491179610830001, 'batch_size': 11, 'beta_1': 0.9598009259488068, 'beta_2': 0.9999977085537786, 'epsilon': 1.2056701471986674e-08, 'hidden_layer_sizes': 186, 'learning_rate_init': 6.20320582795523e-05, 'tol': 1.3324387186768876e-05, 'validation_fraction': 0.4368035146245263}
observation time 0.000002, current best 1.077598 at iter 3
suggestion time taken 24.976338 iter 4 next_points [{'alpha': 0.00033159335822638934, 'batch_size': 14, 'beta_1': 0.9881024321547525, 'beta_2': 0.9609236676455357, 'epsilon': 1.1271287520413056e-09, 'hidden_layer_sizes': 83, 'learning_rate_init': 0.0014800308419926065, 'tol': 0.04947405054374631, 'validation_fraction': 0.8293097085802305}]
function_evaluation time 0.164309 value 0.959807 suggestion {'alpha': 0.00033159335822638934, 'batch_size': 14, 'beta_1': 0.9881024321547525, 'beta_2': 0.9609236676455357, 'epsilon': 1.1271287520413056e-09, 'hidden_layer_sizes': 83, 'learning_rate_init': 0.0014800308419926065, 'tol': 0.04947405054374631, 'validation_fraction': 0.8293097085802305}
observation time 0.000002, current best 0.959807 at iter 4
suggestion time taken 23.753370 iter 5 next_points [{'alpha': 0.00019496875654947016, 'batch_size': 22, 'beta_1': 0.8160066950199091, 'beta_2': 0.9748198508296568, 'epsilon': 5.500534112997854e-07, 'hidden_layer_sizes': 115, 'learning_rate_init': 0.003170717600909067, 'tol': 1.1033048661811034e-05, 'validation_fraction': 0.8687984827561066}]
/home/ryedida/.local/lib/python3.8/site-packages/sklearn/neural_network/_multilayer_perceptron.py:603: UserWarning: Got `batch_size` less than 1 or larger than sample size. It is going to be clipped
  warnings.warn(

function_evaluation time 0.175152 value 0.807672 suggestion {'alpha': 0.00019496875654947016, 'batch_size': 22, 'beta_1': 0.8160066950199091, 'beta_2': 0.9748198508296568, 'epsilon': 5.500534112997854e-07, 'hidden_layer_sizes': 115, 'learning_rate_init': 0.003170717600909067, 'tol': 1.1033048661811034e-05, 'validation_fraction': 0.8687984827561066}
observation time 0.000002, current best 0.807672 at iter 5
suggestion time taken 24.055721 iter 6 next_points [{'alpha': 0.008139650784257565, 'batch_size': 11, 'beta_1': 0.9804581590242407, 'beta_2': 0.9160436435637257, 'epsilon': 1.0904620896612228e-08, 'hidden_layer_sizes': 150, 'learning_rate_init': 9.851692007191036e-05, 'tol': 0.015592422847628318, 'validation_fraction': 0.19617999518952361}]
function_evaluation time 0.323197 value 1.203754 suggestion {'alpha': 0.008139650784257565, 'batch_size': 11, 'beta_1': 0.9804581590242407, 'beta_2': 0.9160436435637257, 'epsilon': 1.0904620896612228e-08, 'hidden_layer_sizes': 150, 'learning_rate_init': 9.851692007191036e-05, 'tol': 0.015592422847628318, 'validation_fraction': 0.19617999518952361}
observation time 0.000002, current best 0.807672 at iter 6
suggestion time taken 23.897858 iter 7 next_points [{'alpha': 0.003259896711267656, 'batch_size': 11, 'beta_1': 0.9681875227467589, 'beta_2': 0.9035305911877509, 'epsilon': 1.1517554691112701e-07, 'hidden_layer_sizes': 81, 'learning_rate_init': 0.00014352643769028635, 'tol': 1.3806847272886063e-05, 'validation_fraction': 0.6986262139640372}]
function_evaluation time 0.151370 value 1.637130 suggestion {'alpha': 0.003259896711267656, 'batch_size': 11, 'beta_1': 0.9681875227467589, 'beta_2': 0.9035305911877509, 'epsilon': 1.1517554691112701e-07, 'hidden_layer_sizes': 81, 'learning_rate_init': 0.00014352643769028635, 'tol': 1.3806847272886063e-05, 'validation_fraction': 0.6986262139640372}
observation time 0.000002, current best 0.807672 at iter 7
suggestion time taken 23.757713 iter 8 next_points [{'alpha': 1.9490931534080305, 'batch_size': 10, 'beta_1': 0.5583244364138488, 'beta_2': 0.9999982558493673, 'epsilon': 3.613298550001049e-08, 'hidden_layer_sizes': 151, 'learning_rate_init': 0.00031460272167186835, 'tol': 0.00010726278899215982, 'validation_fraction': 0.2419466167922361}]
function_evaluation time 0.480893 value 0.900541 suggestion {'alpha': 1.9490931534080305, 'batch_size': 10, 'beta_1': 0.5583244364138488, 'beta_2': 0.9999982558493673, 'epsilon': 3.613298550001049e-08, 'hidden_layer_sizes': 151, 'learning_rate_init': 0.00031460272167186835, 'tol': 0.00010726278899215982, 'validation_fraction': 0.2419466167922361}
observation time 0.000002, current best 0.807672 at iter 8
suggestion time taken 23.970250 iter 9 next_points [{'alpha': 0.000440845123658661, 'batch_size': 12, 'beta_1': 0.9893634402197395, 'beta_2': 0.9420802391635718, 'epsilon': 1.8446000350098515e-08, 'hidden_layer_sizes': 152, 'learning_rate_init': 0.00019903769764365346, 'tol': 0.0016356857813484092, 'validation_fraction': 0.3567462636916986}]
function_evaluation time 0.396719 value 1.048137 suggestion {'alpha': 0.000440845123658661, 'batch_size': 12, 'beta_1': 0.9893634402197395, 'beta_2': 0.9420802391635718, 'epsilon': 1.8446000350098515e-08, 'hidden_layer_sizes': 152, 'learning_rate_init': 0.00019903769764365346, 'tol': 0.0016356857813484092, 'validation_fraction': 0.3567462636916986}
observation time 0.000002, current best 0.807672 at iter 9
suggestion time taken 22.902348 iter 10 next_points [{'alpha': 0.004676437592455992, 'batch_size': 24, 'beta_1': 0.7128084263300201, 'beta_2': 0.9973623966761678, 'epsilon': 4.463574944299848e-08, 'hidden_layer_sizes': 175, 'learning_rate_init': 0.05612105327203874, 'tol': 3.3482122166683185e-05, 'validation_fraction': 0.8976843747038178}]
/home/ryedida/.local/lib/python3.8/site-packages/sklearn/neural_network/_multilayer_perceptron.py:603: UserWarning: Got `batch_size` less than 1 or larger than sample size. It is going to be clipped
  warnings.warn(

function_evaluation time 0.165383 value 2.810521 suggestion {'alpha': 0.004676437592455992, 'batch_size': 24, 'beta_1': 0.7128084263300201, 'beta_2': 0.9973623966761678, 'epsilon': 4.463574944299848e-08, 'hidden_layer_sizes': 175, 'learning_rate_init': 0.05612105327203874, 'tol': 3.3482122166683185e-05, 'validation_fraction': 0.8976843747038178}
observation time 0.000004, current best 0.807672 at iter 10
suggestion time taken 23.873492 iter 11 next_points [{'alpha': 0.017001366492604735, 'batch_size': 20, 'beta_1': 0.6003472294460415, 'beta_2': 0.9973150974160057, 'epsilon': 2.2970800942492002e-07, 'hidden_layer_sizes': 69, 'learning_rate_init': 4.915417059987887e-05, 'tol': 0.0005288195715206014, 'validation_fraction': 0.8861331640898045}]
/home/ryedida/.local/lib/python3.8/site-packages/sklearn/neural_network/_multilayer_perceptron.py:603: UserWarning: Got `batch_size` less than 1 or larger than sample size. It is going to be clipped
  warnings.warn(

function_evaluation time 0.106335 value 1.730433 suggestion {'alpha': 0.017001366492604735, 'batch_size': 20, 'beta_1': 0.6003472294460415, 'beta_2': 0.9973150974160057, 'epsilon': 2.2970800942492002e-07, 'hidden_layer_sizes': 69, 'learning_rate_init': 4.915417059987887e-05, 'tol': 0.0005288195715206014, 'validation_fraction': 0.8861331640898045}
observation time 0.000002, current best 0.807672 at iter 11
suggestion time taken 23.351205 iter 12 next_points [{'alpha': 6.799957670051775e-05, 'batch_size': 19, 'beta_1': 0.987597378438816, 'beta_2': 0.999867330139434, 'epsilon': 9.087421688237787e-07, 'hidden_layer_sizes': 95, 'learning_rate_init': 0.00784250301514778, 'tol': 8.227271111870521e-05, 'validation_fraction': 0.3592237105405254}]
function_evaluation time 0.369710 value 0.302031 suggestion {'alpha': 6.799957670051775e-05, 'batch_size': 19, 'beta_1': 0.987597378438816, 'beta_2': 0.999867330139434, 'epsilon': 9.087421688237787e-07, 'hidden_layer_sizes': 95, 'learning_rate_init': 0.00784250301514778, 'tol': 8.227271111870521e-05, 'validation_fraction': 0.3592237105405254}
observation time 0.000002, current best 0.302031 at iter 12
suggestion time taken 23.142828 iter 13 next_points [{'alpha': 0.003203613840877824, 'batch_size': 22, 'beta_1': 0.9134338102589714, 'beta_2': 0.9999983949125647, 'epsilon': 1.2634616241132078e-09, 'hidden_layer_sizes': 70, 'learning_rate_init': 0.0025475490937431193, 'tol': 0.0001375538303512326, 'validation_fraction': 0.7314345350970471}]
function_evaluation time 0.206767 value 0.793915 suggestion {'alpha': 0.003203613840877824, 'batch_size': 22, 'beta_1': 0.9134338102589714, 'beta_2': 0.9999983949125647, 'epsilon': 1.2634616241132078e-09, 'hidden_layer_sizes': 70, 'learning_rate_init': 0.0025475490937431193, 'tol': 0.0001375538303512326, 'validation_fraction': 0.7314345350970471}
observation time 0.000002, current best 0.302031 at iter 13
suggestion time taken 23.727329 iter 14 next_points [{'alpha': 0.8549861247573957, 'batch_size': 15, 'beta_1': 0.923373769982625, 'beta_2': 0.999988200658055, 'epsilon': 1.6842014041807024e-09, 'hidden_layer_sizes': 147, 'learning_rate_init': 0.0007115478305804683, 'tol': 0.0015323639430495793, 'validation_fraction': 0.60867499215953}]
function_evaluation time 0.364662 value 0.743840 suggestion {'alpha': 0.8549861247573957, 'batch_size': 15, 'beta_1': 0.923373769982625, 'beta_2': 0.999988200658055, 'epsilon': 1.6842014041807024e-09, 'hidden_layer_sizes': 147, 'learning_rate_init': 0.0007115478305804683, 'tol': 0.0015323639430495793, 'validation_fraction': 0.60867499215953}
observation time 0.000005, current best 0.302031 at iter 14
saving meta data: {'args': {'--uuid': '777de55636f1590fbb1773147b1f053e', '-db-root': '/home/ryedida/smoothness-hpo/bbo_challenge_starter_kit/output', '--opt-root': '/home/ryedida/smoothness-hpo/bbo_challenge_starter_kit/example_submissions', '--data-root': None, '--db': 'run_20240113_220618', '--opt': 'stcvx', '--data': 'iris', '--classifier': 'MLP-adam', '--metric': 'nll', '--calls': 15, '--suggestions': 1, '--jobs-file': None, '--verbose': False, 'dry_run': False, 'rev': 'a376313', 'opt_rev': 'x.x.x'}, 'signature': ([{'alpha': 0.019628224813442792, 'batch_size': 182, 'beta_1': 0.9410202200271762, 'beta_2': 0.9998021557676793, 'epsilon': 1.8662266976518e-08, 'hidden_layer_sizes': 147, 'learning_rate_init': 0.0005627932047415167, 'tol': 0.03690557729213761, 'validation_fraction': 0.8846827852548593}, {'alpha': 0.0019982467392329444, 'batch_size': 200, 'beta_1': 0.919111482530466, 'beta_2': 0.9998488260436156, 'epsilon': 5.981221901152555e-07, 'hidden_layer_sizes': 61, 'learning_rate_init': 2.2310905607443014e-05, 'tol': 1.2046852412030316e-05, 'validation_fraction': 0.8117896445826539}, {'alpha': 0.46659545670218433, 'batch_size': 219, 'beta_1': 0.9889789783750891, 'beta_2': 0.9999896868093284, 'epsilon': 2.4234724484675948e-08, 'hidden_layer_sizes': 167, 'learning_rate_init': 2.972334644335654e-05, 'tol': 0.0036281404040243792, 'validation_fraction': 0.17260651658522078}, {'alpha': 4.656005689076002, 'batch_size': 135, 'beta_1': 0.870503881627747, 'beta_2': 0.9948873266941017, 'epsilon': 2.1023308743480125e-07, 'hidden_layer_sizes': 118, 'learning_rate_init': 0.0018781738757161913, 'tol': 1.1889379831773004e-05, 'validation_fraction': 0.6264327093752792}, {'alpha': 0.04705159350400542, 'batch_size': 158, 'beta_1': 0.9870884262730957, 'beta_2': 0.9999596874382349, 'epsilon': 1.1981845126013875e-08, 'hidden_layer_sizes': 116, 'learning_rate_init': 0.00617340520407431, 'tol': 1.741413418158619e-05, 'validation_fraction': 0.6754299026638921}], [1.3105719841770722, 1.7760947732249062, 1.4322107566090756, 0.9097804858215804, 0.5745987066718419])}
saving results
saving timing
saving suggest log
done
