running: {'--uuid': '93c92c4b707250bbac228107ab9d3cc3', '-db-root': '/home/ryedida/smoothness-hpo/bbo_challenge_starter_kit/output', '--opt-root': '/home/ryedida/smoothness-hpo/bbo_challenge_starter_kit/example_submissions', '--data-root': None, '--db': 'run_20240113_220618', '--opt': 'stcvx', '--data': 'iris', '--classifier': 'MLP-adam', '--metric': 'acc', '--calls': 15, '--suggestions': 1, '--jobs-file': None, '--verbose': False, 'dry_run': False, 'rev': 'a376313', 'opt_rev': 'x.x.x'}
cmd: python stcvx/optimizer.py -c MLP-adam -d iris -o stcvx -u 93c92c4b707250bbac228107ab9d3cc3 -m acc -n 15 -p 1 -dir /home/ryedida/smoothness-hpo/bbo_challenge_starter_kit/output -b run_20240113_220618
/home/ryedida/.local/lib/python3.8/site-packages/sklearn/neural_network/_multilayer_perceptron.py:603: UserWarning: Got `batch_size` less than 1 or larger than sample size. It is going to be clipped
  warnings.warn(

/home/ryedida/.local/lib/python3.8/site-packages/sklearn/neural_network/_multilayer_perceptron.py:603: UserWarning: Got `batch_size` less than 1 or larger than sample size. It is going to be clipped
  warnings.warn(

/home/ryedida/.local/lib/python3.8/site-packages/sklearn/neural_network/_multilayer_perceptron.py:603: UserWarning: Got `batch_size` less than 1 or larger than sample size. It is going to be clipped
  warnings.warn(

/home/ryedida/.local/lib/python3.8/site-packages/sklearn/neural_network/_multilayer_perceptron.py:603: UserWarning: Got `batch_size` less than 1 or larger than sample size. It is going to be clipped
  warnings.warn(

/home/ryedida/.local/lib/python3.8/site-packages/sklearn/neural_network/_multilayer_perceptron.py:603: UserWarning: Got `batch_size` less than 1 or larger than sample size. It is going to be clipped
  warnings.warn(

computed signature: ([{'alpha': 0.019628224813442792, 'batch_size': 182, 'beta_1': 0.9410202200271762, 'beta_2': 0.9998021557676793, 'epsilon': 1.8662266976518e-08, 'hidden_layer_sizes': 147, 'learning_rate_init': 0.0005627932047415167, 'tol': 0.03690557729213761, 'validation_fraction': 0.8846827852548593}, {'alpha': 0.0019982467392329444, 'batch_size': 200, 'beta_1': 0.919111482530466, 'beta_2': 0.9998488260436156, 'epsilon': 5.981221901152555e-07, 'hidden_layer_sizes': 61, 'learning_rate_init': 2.2310905607443014e-05, 'tol': 1.2046852412030316e-05, 'validation_fraction': 0.8117896445826539}, {'alpha': 0.46659545670218433, 'batch_size': 219, 'beta_1': 0.9889789783750891, 'beta_2': 0.9999896868093284, 'epsilon': 2.4234724484675948e-08, 'hidden_layer_sizes': 167, 'learning_rate_init': 2.972334644335654e-05, 'tol': 0.0036281404040243792, 'validation_fraction': 0.17260651658522078}, {'alpha': 4.656005689076002, 'batch_size': 135, 'beta_1': 0.870503881627747, 'beta_2': 0.9948873266941017, 'epsilon': 2.1023308743480125e-07, 'hidden_layer_sizes': 118, 'learning_rate_init': 0.0018781738757161913, 'tol': 1.1889379831773004e-05, 'validation_fraction': 0.6264327093752792}, {'alpha': 0.04705159350400542, 'batch_size': 158, 'beta_1': 0.9870884262730957, 'beta_2': 0.9999596874382349, 'epsilon': 1.1981845126013875e-08, 'hidden_layer_sizes': 116, 'learning_rate_init': 0.00617340520407431, 'tol': 1.741413418158619e-05, 'validation_fraction': 0.6754299026638921}], [-0.41666666666666663, -0.275, -0.3416666666666667, -0.725, -0.875])
/home/ryedida/.local/lib/python3.8/site-packages/bayesmark/experiment.py:469: UserWarning: Baselines not found. Will not log intermediate scores.
  warnings.warn("Baselines not found. Will not log intermediate scores.")

starting sklearn study stcvx MLP-adam iris acc 15 1
with data root: None
suggestion time taken 29.416722 iter 0 next_points [{'alpha': 0.00042709302664944006, 'batch_size': 10, 'beta_1': 0.7498530198582244, 'beta_2': 0.9984550977136991, 'epsilon': 5.17212796166566e-08, 'hidden_layer_sizes': 58, 'learning_rate_init': 5.752250446760402e-05, 'tol': 6.126700454433487e-05, 'validation_fraction': 0.7888096334815977}]
function_evaluation time 0.117656 value -0.350000 suggestion {'alpha': 0.00042709302664944006, 'batch_size': 10, 'beta_1': 0.7498530198582244, 'beta_2': 0.9984550977136991, 'epsilon': 5.17212796166566e-08, 'hidden_layer_sizes': 58, 'learning_rate_init': 5.752250446760402e-05, 'tol': 6.126700454433487e-05, 'validation_fraction': 0.7888096334815977}
observation time 0.000002, current best -0.350000 at iter 0
suggestion time taken 29.003441 iter 1 next_points [{'alpha': 7.611516136165993e-05, 'batch_size': 17, 'beta_1': 0.9833556980844004, 'beta_2': 0.9978996926340113, 'epsilon': 5.362276698082521e-07, 'hidden_layer_sizes': 117, 'learning_rate_init': 0.005903528819995069, 'tol': 0.0027795642655038745, 'validation_fraction': 0.2896871643462842}]
function_evaluation time 0.300280 value -0.950000 suggestion {'alpha': 7.611516136165993e-05, 'batch_size': 17, 'beta_1': 0.9833556980844004, 'beta_2': 0.9978996926340113, 'epsilon': 5.362276698082521e-07, 'hidden_layer_sizes': 117, 'learning_rate_init': 0.005903528819995069, 'tol': 0.0027795642655038745, 'validation_fraction': 0.2896871643462842}
observation time 0.000003, current best -0.950000 at iter 1
suggestion time taken 27.564721 iter 2 next_points [{'alpha': 1.4286272855968187e-05, 'batch_size': 39, 'beta_1': 0.5734399299846393, 'beta_2': 0.9996579057843836, 'epsilon': 5.069068567019034e-09, 'hidden_layer_sizes': 54, 'learning_rate_init': 0.02009550979812133, 'tol': 0.005132660755896221, 'validation_fraction': 0.59235279003536}]
function_evaluation time 0.190137 value -0.900000 suggestion {'alpha': 1.4286272855968187e-05, 'batch_size': 39, 'beta_1': 0.5734399299846393, 'beta_2': 0.9996579057843836, 'epsilon': 5.069068567019034e-09, 'hidden_layer_sizes': 54, 'learning_rate_init': 0.02009550979812133, 'tol': 0.005132660755896221, 'validation_fraction': 0.59235279003536}
observation time 0.000003, current best -0.950000 at iter 2
suggestion time taken 27.656454 iter 3 next_points [{'alpha': 8.176711482528131e-05, 'batch_size': 13, 'beta_1': 0.5895160980738778, 'beta_2': 0.9533435929069085, 'epsilon': 2.1009829299335306e-09, 'hidden_layer_sizes': 193, 'learning_rate_init': 0.000154412006958765, 'tol': 0.0035485242470801284, 'validation_fraction': 0.8530374153582082}]
function_evaluation time 0.160809 value -0.408333 suggestion {'alpha': 8.176711482528131e-05, 'batch_size': 13, 'beta_1': 0.5895160980738778, 'beta_2': 0.9533435929069085, 'epsilon': 2.1009829299335306e-09, 'hidden_layer_sizes': 193, 'learning_rate_init': 0.000154412006958765, 'tol': 0.0035485242470801284, 'validation_fraction': 0.8530374153582082}
observation time 0.000002, current best -0.950000 at iter 3
suggestion time taken 25.085770 iter 4 next_points [{'alpha': 0.1578714761765993, 'batch_size': 12, 'beta_1': 0.8232321809400924, 'beta_2': 0.9964538897079525, 'epsilon': 1.0173936502517735e-07, 'hidden_layer_sizes': 125, 'learning_rate_init': 1.5570494286439963e-05, 'tol': 0.0012206961836295493, 'validation_fraction': 0.8498127162348927}]
function_evaluation time 0.117700 value -0.441667 suggestion {'alpha': 0.1578714761765993, 'batch_size': 12, 'beta_1': 0.8232321809400924, 'beta_2': 0.9964538897079525, 'epsilon': 1.0173936502517735e-07, 'hidden_layer_sizes': 125, 'learning_rate_init': 1.5570494286439963e-05, 'tol': 0.0012206961836295493, 'validation_fraction': 0.8498127162348927}
observation time 0.000003, current best -0.950000 at iter 4
suggestion time taken 25.588951 iter 5 next_points [{'alpha': 3.5989907616670314, 'batch_size': 12, 'beta_1': 0.6185462355070954, 'beta_2': 0.9465629364884783, 'epsilon': 1.4597943849892209e-08, 'hidden_layer_sizes': 170, 'learning_rate_init': 0.002475313830915401, 'tol': 0.005129756913050524, 'validation_fraction': 0.22637702293580006}]
function_evaluation time 0.350537 value -0.725000 suggestion {'alpha': 3.5989907616670314, 'batch_size': 12, 'beta_1': 0.6185462355070954, 'beta_2': 0.9465629364884783, 'epsilon': 1.4597943849892209e-08, 'hidden_layer_sizes': 170, 'learning_rate_init': 0.002475313830915401, 'tol': 0.005129756913050524, 'validation_fraction': 0.22637702293580006}
observation time 0.000003, current best -0.950000 at iter 5
suggestion time taken 24.905291 iter 6 next_points [{'alpha': 1.2904823595344828, 'batch_size': 12, 'beta_1': 0.934532882361157, 'beta_2': 0.9268135805581885, 'epsilon': 1.2300056938883923e-08, 'hidden_layer_sizes': 191, 'learning_rate_init': 0.0056459019355903795, 'tol': 9.89402994057543e-05, 'validation_fraction': 0.774467756472117}]
function_evaluation time 0.201506 value -0.858333 suggestion {'alpha': 1.2904823595344828, 'batch_size': 12, 'beta_1': 0.934532882361157, 'beta_2': 0.9268135805581885, 'epsilon': 1.2300056938883923e-08, 'hidden_layer_sizes': 191, 'learning_rate_init': 0.0056459019355903795, 'tol': 9.89402994057543e-05, 'validation_fraction': 0.774467756472117}
observation time 0.000003, current best -0.950000 at iter 6
suggestion time taken 24.496651 iter 7 next_points [{'alpha': 0.0051715299361477785, 'batch_size': 15, 'beta_1': 0.9686997366240843, 'beta_2': 0.9999935674519699, 'epsilon': 1.5994208434781513e-08, 'hidden_layer_sizes': 175, 'learning_rate_init': 0.003234997483765446, 'tol': 0.008683488001567981, 'validation_fraction': 0.19658678116896525}]
function_evaluation time 0.392628 value -0.975000 suggestion {'alpha': 0.0051715299361477785, 'batch_size': 15, 'beta_1': 0.9686997366240843, 'beta_2': 0.9999935674519699, 'epsilon': 1.5994208434781513e-08, 'hidden_layer_sizes': 175, 'learning_rate_init': 0.003234997483765446, 'tol': 0.008683488001567981, 'validation_fraction': 0.19658678116896525}
observation time 0.000003, current best -0.975000 at iter 7
suggestion time taken 25.238360 iter 8 next_points [{'alpha': 0.007943525977634428, 'batch_size': 26, 'beta_1': 0.8941938861365818, 'beta_2': 0.9778819346317132, 'epsilon': 1.845305817181292e-09, 'hidden_layer_sizes': 92, 'learning_rate_init': 0.018940058628839265, 'tol': 0.00026512692377255896, 'validation_fraction': 0.322860216631661}]
function_evaluation time 0.261460 value -0.966667 suggestion {'alpha': 0.007943525977634428, 'batch_size': 26, 'beta_1': 0.8941938861365818, 'beta_2': 0.9778819346317132, 'epsilon': 1.845305817181292e-09, 'hidden_layer_sizes': 92, 'learning_rate_init': 0.018940058628839265, 'tol': 0.00026512692377255896, 'validation_fraction': 0.322860216631661}
observation time 0.000003, current best -0.975000 at iter 8
suggestion time taken 25.934304 iter 9 next_points [{'alpha': 1.2486164647946243, 'batch_size': 17, 'beta_1': 0.9743607556789057, 'beta_2': 0.999457582286077, 'epsilon': 1.779933203401975e-09, 'hidden_layer_sizes': 61, 'learning_rate_init': 3.4935076598419566e-05, 'tol': 0.0005675628213300959, 'validation_fraction': 0.2588691026980119}]
function_evaluation time 0.195144 value -0.383333 suggestion {'alpha': 1.2486164647946243, 'batch_size': 17, 'beta_1': 0.9743607556789057, 'beta_2': 0.999457582286077, 'epsilon': 1.779933203401975e-09, 'hidden_layer_sizes': 61, 'learning_rate_init': 3.4935076598419566e-05, 'tol': 0.0005675628213300959, 'validation_fraction': 0.2588691026980119}
observation time 0.000003, current best -0.975000 at iter 9
suggestion time taken 24.607887 iter 10 next_points [{'alpha': 5.372518211535137, 'batch_size': 16, 'beta_1': 0.5595071496861213, 'beta_2': 0.99999654800003, 'epsilon': 2.1029527337448994e-09, 'hidden_layer_sizes': 173, 'learning_rate_init': 0.016990391731907736, 'tol': 0.010365961563240735, 'validation_fraction': 0.19265910480052595}]
function_evaluation time 0.361037 value -0.933333 suggestion {'alpha': 5.372518211535137, 'batch_size': 16, 'beta_1': 0.5595071496861213, 'beta_2': 0.99999654800003, 'epsilon': 2.1029527337448994e-09, 'hidden_layer_sizes': 173, 'learning_rate_init': 0.016990391731907736, 'tol': 0.010365961563240735, 'validation_fraction': 0.19265910480052595}
observation time 0.000002, current best -0.975000 at iter 10
suggestion time taken 24.048594 iter 11 next_points [{'alpha': 2.18446798928793e-05, 'batch_size': 11, 'beta_1': 0.9853449871354393, 'beta_2': 0.9794833748408324, 'epsilon': 5.071783720835495e-09, 'hidden_layer_sizes': 70, 'learning_rate_init': 0.039423077703663795, 'tol': 0.0018237644069437253, 'validation_fraction': 0.4786658315838704}]
function_evaluation time 0.333462 value -0.950000 suggestion {'alpha': 2.18446798928793e-05, 'batch_size': 11, 'beta_1': 0.9853449871354393, 'beta_2': 0.9794833748408324, 'epsilon': 5.071783720835495e-09, 'hidden_layer_sizes': 70, 'learning_rate_init': 0.039423077703663795, 'tol': 0.0018237644069437253, 'validation_fraction': 0.4786658315838704}
observation time 0.000003, current best -0.975000 at iter 11
suggestion time taken 23.975987 iter 12 next_points [{'alpha': 3.420510240300717, 'batch_size': 10, 'beta_1': 0.9860595013983028, 'beta_2': 0.9999768703966692, 'epsilon': 1.073095960193765e-07, 'hidden_layer_sizes': 183, 'learning_rate_init': 0.0001018571178842481, 'tol': 5.978183167267197e-05, 'validation_fraction': 0.12278212181996509}]
function_evaluation time 0.384195 value -0.458333 suggestion {'alpha': 3.420510240300717, 'batch_size': 10, 'beta_1': 0.9860595013983028, 'beta_2': 0.9999768703966692, 'epsilon': 1.073095960193765e-07, 'hidden_layer_sizes': 183, 'learning_rate_init': 0.0001018571178842481, 'tol': 5.978183167267197e-05, 'validation_fraction': 0.12278212181996509}
observation time 0.000002, current best -0.975000 at iter 12
suggestion time taken 23.552860 iter 13 next_points [{'alpha': 0.013935930601457818, 'batch_size': 23, 'beta_1': 0.7545308726552118, 'beta_2': 0.9495082409798419, 'epsilon': 1.438900256488327e-08, 'hidden_layer_sizes': 129, 'learning_rate_init': 0.00046401728684398666, 'tol': 1.422362942123911e-05, 'validation_fraction': 0.23937018556028697}]
function_evaluation time 0.249086 value -0.591667 suggestion {'alpha': 0.013935930601457818, 'batch_size': 23, 'beta_1': 0.7545308726552118, 'beta_2': 0.9495082409798419, 'epsilon': 1.438900256488327e-08, 'hidden_layer_sizes': 129, 'learning_rate_init': 0.00046401728684398666, 'tol': 1.422362942123911e-05, 'validation_fraction': 0.23937018556028697}
observation time 0.000003, current best -0.975000 at iter 13
suggestion time taken 23.667794 iter 14 next_points [{'alpha': 0.09576401344511486, 'batch_size': 11, 'beta_1': 0.9811796227401517, 'beta_2': 0.9556057464071638, 'epsilon': 1.5157616865087695e-09, 'hidden_layer_sizes': 85, 'learning_rate_init': 0.037193770726944776, 'tol': 0.0037703195274048267, 'validation_fraction': 0.3242274125467406}]
function_evaluation time 0.322167 value -0.933333 suggestion {'alpha': 0.09576401344511486, 'batch_size': 11, 'beta_1': 0.9811796227401517, 'beta_2': 0.9556057464071638, 'epsilon': 1.5157616865087695e-09, 'hidden_layer_sizes': 85, 'learning_rate_init': 0.037193770726944776, 'tol': 0.0037703195274048267, 'validation_fraction': 0.3242274125467406}
observation time 0.000003, current best -0.975000 at iter 14
saving meta data: {'args': {'--uuid': '93c92c4b707250bbac228107ab9d3cc3', '-db-root': '/home/ryedida/smoothness-hpo/bbo_challenge_starter_kit/output', '--opt-root': '/home/ryedida/smoothness-hpo/bbo_challenge_starter_kit/example_submissions', '--data-root': None, '--db': 'run_20240113_220618', '--opt': 'stcvx', '--data': 'iris', '--classifier': 'MLP-adam', '--metric': 'acc', '--calls': 15, '--suggestions': 1, '--jobs-file': None, '--verbose': False, 'dry_run': False, 'rev': 'a376313', 'opt_rev': 'x.x.x'}, 'signature': ([{'alpha': 0.019628224813442792, 'batch_size': 182, 'beta_1': 0.9410202200271762, 'beta_2': 0.9998021557676793, 'epsilon': 1.8662266976518e-08, 'hidden_layer_sizes': 147, 'learning_rate_init': 0.0005627932047415167, 'tol': 0.03690557729213761, 'validation_fraction': 0.8846827852548593}, {'alpha': 0.0019982467392329444, 'batch_size': 200, 'beta_1': 0.919111482530466, 'beta_2': 0.9998488260436156, 'epsilon': 5.981221901152555e-07, 'hidden_layer_sizes': 61, 'learning_rate_init': 2.2310905607443014e-05, 'tol': 1.2046852412030316e-05, 'validation_fraction': 0.8117896445826539}, {'alpha': 0.46659545670218433, 'batch_size': 219, 'beta_1': 0.9889789783750891, 'beta_2': 0.9999896868093284, 'epsilon': 2.4234724484675948e-08, 'hidden_layer_sizes': 167, 'learning_rate_init': 2.972334644335654e-05, 'tol': 0.0036281404040243792, 'validation_fraction': 0.17260651658522078}, {'alpha': 4.656005689076002, 'batch_size': 135, 'beta_1': 0.870503881627747, 'beta_2': 0.9948873266941017, 'epsilon': 2.1023308743480125e-07, 'hidden_layer_sizes': 118, 'learning_rate_init': 0.0018781738757161913, 'tol': 1.1889379831773004e-05, 'validation_fraction': 0.6264327093752792}, {'alpha': 0.04705159350400542, 'batch_size': 158, 'beta_1': 0.9870884262730957, 'beta_2': 0.9999596874382349, 'epsilon': 1.1981845126013875e-08, 'hidden_layer_sizes': 116, 'learning_rate_init': 0.00617340520407431, 'tol': 1.741413418158619e-05, 'validation_fraction': 0.6754299026638921}], [-0.41666666666666663, -0.275, -0.3416666666666667, -0.725, -0.875])}
saving results
saving timing
saving suggest log
done
