running: {'--uuid': 'a2d5fac8ed185deeab2a3cb81aaad287', '-db-root': '/home/ryedida/smoothness-hpo/bbo_challenge_starter_kit/output', '--opt-root': '/home/ryedida/smoothness-hpo/bbo_challenge_starter_kit/example_submissions', '--data-root': None, '--db': 'run_20240113_220618', '--opt': 'stcvx', '--data': 'iris', '--classifier': 'MLP-adam', '--metric': 'acc', '--calls': 15, '--suggestions': 1, '--jobs-file': None, '--verbose': False, 'dry_run': False, 'rev': 'a376313', 'opt_rev': 'x.x.x'}
cmd: python stcvx/optimizer.py -c MLP-adam -d iris -o stcvx -u a2d5fac8ed185deeab2a3cb81aaad287 -m acc -n 15 -p 1 -dir /home/ryedida/smoothness-hpo/bbo_challenge_starter_kit/output -b run_20240113_220618
/home/ryedida/.local/lib/python3.8/site-packages/sklearn/neural_network/_multilayer_perceptron.py:603: UserWarning: Got `batch_size` less than 1 or larger than sample size. It is going to be clipped
  warnings.warn(

/home/ryedida/.local/lib/python3.8/site-packages/sklearn/neural_network/_multilayer_perceptron.py:603: UserWarning: Got `batch_size` less than 1 or larger than sample size. It is going to be clipped
  warnings.warn(

/home/ryedida/.local/lib/python3.8/site-packages/sklearn/neural_network/_multilayer_perceptron.py:603: UserWarning: Got `batch_size` less than 1 or larger than sample size. It is going to be clipped
  warnings.warn(

/home/ryedida/.local/lib/python3.8/site-packages/sklearn/neural_network/_multilayer_perceptron.py:603: UserWarning: Got `batch_size` less than 1 or larger than sample size. It is going to be clipped
  warnings.warn(

/home/ryedida/.local/lib/python3.8/site-packages/sklearn/neural_network/_multilayer_perceptron.py:603: UserWarning: Got `batch_size` less than 1 or larger than sample size. It is going to be clipped
  warnings.warn(

computed signature: ([{'alpha': 0.019628224813442792, 'batch_size': 182, 'beta_1': 0.9410202200271762, 'beta_2': 0.9998021557676793, 'epsilon': 1.8662266976518e-08, 'hidden_layer_sizes': 147, 'learning_rate_init': 0.0005627932047415167, 'tol': 0.03690557729213761, 'validation_fraction': 0.8846827852548593}, {'alpha': 0.0019982467392329444, 'batch_size': 200, 'beta_1': 0.919111482530466, 'beta_2': 0.9998488260436156, 'epsilon': 5.981221901152555e-07, 'hidden_layer_sizes': 61, 'learning_rate_init': 2.2310905607443014e-05, 'tol': 1.2046852412030316e-05, 'validation_fraction': 0.8117896445826539}, {'alpha': 0.46659545670218433, 'batch_size': 219, 'beta_1': 0.9889789783750891, 'beta_2': 0.9999896868093284, 'epsilon': 2.4234724484675948e-08, 'hidden_layer_sizes': 167, 'learning_rate_init': 2.972334644335654e-05, 'tol': 0.0036281404040243792, 'validation_fraction': 0.17260651658522078}, {'alpha': 4.656005689076002, 'batch_size': 135, 'beta_1': 0.870503881627747, 'beta_2': 0.9948873266941017, 'epsilon': 2.1023308743480125e-07, 'hidden_layer_sizes': 118, 'learning_rate_init': 0.0018781738757161913, 'tol': 1.1889379831773004e-05, 'validation_fraction': 0.6264327093752792}, {'alpha': 0.04705159350400542, 'batch_size': 158, 'beta_1': 0.9870884262730957, 'beta_2': 0.9999596874382349, 'epsilon': 1.1981845126013875e-08, 'hidden_layer_sizes': 116, 'learning_rate_init': 0.00617340520407431, 'tol': 1.741413418158619e-05, 'validation_fraction': 0.6754299026638921}], [-0.41666666666666663, -0.275, -0.3416666666666667, -0.725, -0.875])
/home/ryedida/.local/lib/python3.8/site-packages/bayesmark/experiment.py:469: UserWarning: Baselines not found. Will not log intermediate scores.
  warnings.warn("Baselines not found. Will not log intermediate scores.")

starting sklearn study stcvx MLP-adam iris acc 15 1
with data root: None
suggestion time taken 31.278745 iter 0 next_points [{'alpha': 0.8506072636025825, 'batch_size': 31, 'beta_1': 0.9879018621430725, 'beta_2': 0.9999972790515179, 'epsilon': 3.3699543410464003e-09, 'hidden_layer_sizes': 95, 'learning_rate_init': 0.00041064028108947725, 'tol': 0.00023073757596505173, 'validation_fraction': 0.5337702964600085}]
function_evaluation time 0.232508 value -0.625000 suggestion {'alpha': 0.8506072636025825, 'batch_size': 31, 'beta_1': 0.9879018621430725, 'beta_2': 0.9999972790515179, 'epsilon': 3.3699543410464003e-09, 'hidden_layer_sizes': 95, 'learning_rate_init': 0.00041064028108947725, 'tol': 0.00023073757596505173, 'validation_fraction': 0.5337702964600085}
observation time 0.000002, current best -0.625000 at iter 0
suggestion time taken 26.435407 iter 1 next_points [{'alpha': 0.23205329297525873, 'batch_size': 24, 'beta_1': 0.6430205703599337, 'beta_2': 0.9762477151981074, 'epsilon': 7.01661738699142e-09, 'hidden_layer_sizes': 137, 'learning_rate_init': 0.0005409131003410387, 'tol': 0.049249425194085955, 'validation_fraction': 0.548218586016695}]
function_evaluation time 0.165521 value -0.550000 suggestion {'alpha': 0.23205329297525873, 'batch_size': 24, 'beta_1': 0.6430205703599337, 'beta_2': 0.9762477151981074, 'epsilon': 7.01661738699142e-09, 'hidden_layer_sizes': 137, 'learning_rate_init': 0.0005409131003410387, 'tol': 0.049249425194085955, 'validation_fraction': 0.548218586016695}
observation time 0.000002, current best -0.625000 at iter 1
suggestion time taken 25.818202 iter 2 next_points [{'alpha': 1.6291997836738554, 'batch_size': 11, 'beta_1': 0.8719141792563572, 'beta_2': 0.9993263781986422, 'epsilon': 3.379247871619081e-08, 'hidden_layer_sizes': 115, 'learning_rate_init': 0.056688380754407075, 'tol': 1.0903086366176521e-05, 'validation_fraction': 0.8755577643688177}]
function_evaluation time 0.137856 value -0.891667 suggestion {'alpha': 1.6291997836738554, 'batch_size': 11, 'beta_1': 0.8719141792563572, 'beta_2': 0.9993263781986422, 'epsilon': 3.379247871619081e-08, 'hidden_layer_sizes': 115, 'learning_rate_init': 0.056688380754407075, 'tol': 1.0903086366176521e-05, 'validation_fraction': 0.8755577643688177}
observation time 0.000002, current best -0.891667 at iter 2
suggestion time taken 26.757608 iter 3 next_points [{'alpha': 2.8243492564417587, 'batch_size': 31, 'beta_1': 0.9189881138545805, 'beta_2': 0.9999918859342732, 'epsilon': 1.8088789168798685e-09, 'hidden_layer_sizes': 80, 'learning_rate_init': 0.00034931054538729026, 'tol': 0.0006884703744098017, 'validation_fraction': 0.48540952379844693}]
function_evaluation time 0.152076 value -0.350000 suggestion {'alpha': 2.8243492564417587, 'batch_size': 31, 'beta_1': 0.9189881138545805, 'beta_2': 0.9999918859342732, 'epsilon': 1.8088789168798685e-09, 'hidden_layer_sizes': 80, 'learning_rate_init': 0.00034931054538729026, 'tol': 0.0006884703744098017, 'validation_fraction': 0.48540952379844693}
observation time 0.000003, current best -0.891667 at iter 3
suggestion time taken 24.636253 iter 4 next_points [{'alpha': 0.0026031481512364565, 'batch_size': 39, 'beta_1': 0.9224166617461864, 'beta_2': 0.9993261188151011, 'epsilon': 6.362116389322766e-09, 'hidden_layer_sizes': 57, 'learning_rate_init': 0.012608355500506329, 'tol': 0.007534373202757943, 'validation_fraction': 0.22199913858393083}]
function_evaluation time 0.197750 value -0.925000 suggestion {'alpha': 0.0026031481512364565, 'batch_size': 39, 'beta_1': 0.9224166617461864, 'beta_2': 0.9993261188151011, 'epsilon': 6.362116389322766e-09, 'hidden_layer_sizes': 57, 'learning_rate_init': 0.012608355500506329, 'tol': 0.007534373202757943, 'validation_fraction': 0.22199913858393083}
observation time 0.000002, current best -0.925000 at iter 4
suggestion time taken 23.677239 iter 5 next_points [{'alpha': 7.371724050192819e-05, 'batch_size': 26, 'beta_1': 0.9868924743468015, 'beta_2': 0.9681962867959972, 'epsilon': 8.387100400612175e-09, 'hidden_layer_sizes': 141, 'learning_rate_init': 0.0059060144705615865, 'tol': 0.005338981826808708, 'validation_fraction': 0.17821506863182743}]
function_evaluation time 0.234470 value -0.941667 suggestion {'alpha': 7.371724050192819e-05, 'batch_size': 26, 'beta_1': 0.9868924743468015, 'beta_2': 0.9681962867959972, 'epsilon': 8.387100400612175e-09, 'hidden_layer_sizes': 141, 'learning_rate_init': 0.0059060144705615865, 'tol': 0.005338981826808708, 'validation_fraction': 0.17821506863182743}
observation time 0.000002, current best -0.941667 at iter 5
suggestion time taken 25.767612 iter 6 next_points [{'alpha': 0.0012023470626818763, 'batch_size': 18, 'beta_1': 0.6175559507000082, 'beta_2': 0.9952435762004332, 'epsilon': 1.9853618905287166e-08, 'hidden_layer_sizes': 80, 'learning_rate_init': 0.06503798046088959, 'tol': 3.398398485943926e-05, 'validation_fraction': 0.3050601793176852}]
function_evaluation time 0.279124 value -0.925000 suggestion {'alpha': 0.0012023470626818763, 'batch_size': 18, 'beta_1': 0.6175559507000082, 'beta_2': 0.9952435762004332, 'epsilon': 1.9853618905287166e-08, 'hidden_layer_sizes': 80, 'learning_rate_init': 0.06503798046088959, 'tol': 3.398398485943926e-05, 'validation_fraction': 0.3050601793176852}
observation time 0.000002, current best -0.941667 at iter 6
suggestion time taken 24.940773 iter 7 next_points [{'alpha': 0.0024376710887376485, 'batch_size': 14, 'beta_1': 0.5550658839317038, 'beta_2': 0.9999832960643016, 'epsilon': 2.0871286936474783e-08, 'hidden_layer_sizes': 185, 'learning_rate_init': 0.0021852809479409774, 'tol': 0.0011673468644771993, 'validation_fraction': 0.8421698005170084}]
function_evaluation time 0.216738 value -0.850000 suggestion {'alpha': 0.0024376710887376485, 'batch_size': 14, 'beta_1': 0.5550658839317038, 'beta_2': 0.9999832960643016, 'epsilon': 2.0871286936474783e-08, 'hidden_layer_sizes': 185, 'learning_rate_init': 0.0021852809479409774, 'tol': 0.0011673468644771993, 'validation_fraction': 0.8421698005170084}
observation time 0.000003, current best -0.941667 at iter 7
suggestion time taken 23.871195 iter 8 next_points [{'alpha': 5.064185048201831, 'batch_size': 15, 'beta_1': 0.6054379295588004, 'beta_2': 0.9957071420841372, 'epsilon': 2.6541183645331905e-08, 'hidden_layer_sizes': 165, 'learning_rate_init': 0.05415988920942381, 'tol': 0.00042479249151945205, 'validation_fraction': 0.672401068527733}]
function_evaluation time 0.182031 value -0.508333 suggestion {'alpha': 5.064185048201831, 'batch_size': 15, 'beta_1': 0.6054379295588004, 'beta_2': 0.9957071420841372, 'epsilon': 2.6541183645331905e-08, 'hidden_layer_sizes': 165, 'learning_rate_init': 0.05415988920942381, 'tol': 0.00042479249151945205, 'validation_fraction': 0.672401068527733}
observation time 0.000002, current best -0.941667 at iter 8
suggestion time taken 24.006554 iter 9 next_points [{'alpha': 0.14275454232321477, 'batch_size': 12, 'beta_1': 0.7578167670071219, 'beta_2': 0.989696260404193, 'epsilon': 3.3893051247653618e-09, 'hidden_layer_sizes': 57, 'learning_rate_init': 0.03985451630410867, 'tol': 1.0077065449190137e-05, 'validation_fraction': 0.872568714547515}]
function_evaluation time 0.178500 value -0.958333 suggestion {'alpha': 0.14275454232321477, 'batch_size': 12, 'beta_1': 0.7578167670071219, 'beta_2': 0.989696260404193, 'epsilon': 3.3893051247653618e-09, 'hidden_layer_sizes': 57, 'learning_rate_init': 0.03985451630410867, 'tol': 1.0077065449190137e-05, 'validation_fraction': 0.872568714547515}
observation time 0.000003, current best -0.958333 at iter 9
suggestion time taken 23.358291 iter 10 next_points [{'alpha': 0.00030252832253222677, 'batch_size': 13, 'beta_1': 0.9786515227259939, 'beta_2': 0.9487337542803502, 'epsilon': 1.8204592044337727e-07, 'hidden_layer_sizes': 140, 'learning_rate_init': 0.00032012468678950225, 'tol': 0.0001426191829159049, 'validation_fraction': 0.7010918878908419}]
function_evaluation time 0.207010 value -0.566667 suggestion {'alpha': 0.00030252832253222677, 'batch_size': 13, 'beta_1': 0.9786515227259939, 'beta_2': 0.9487337542803502, 'epsilon': 1.8204592044337727e-07, 'hidden_layer_sizes': 140, 'learning_rate_init': 0.00032012468678950225, 'tol': 0.0001426191829159049, 'validation_fraction': 0.7010918878908419}
observation time 0.000003, current best -0.958333 at iter 10
suggestion time taken 25.056105 iter 11 next_points [{'alpha': 4.023299584350432, 'batch_size': 11, 'beta_1': 0.8366494901960562, 'beta_2': 0.9999981080517099, 'epsilon': 1.5749505770769697e-09, 'hidden_layer_sizes': 147, 'learning_rate_init': 0.0021398396916329538, 'tol': 2.635370060434637e-05, 'validation_fraction': 0.7855052281364938}]
function_evaluation time 0.141433 value -0.600000 suggestion {'alpha': 4.023299584350432, 'batch_size': 11, 'beta_1': 0.8366494901960562, 'beta_2': 0.9999981080517099, 'epsilon': 1.5749505770769697e-09, 'hidden_layer_sizes': 147, 'learning_rate_init': 0.0021398396916329538, 'tol': 2.635370060434637e-05, 'validation_fraction': 0.7855052281364938}
observation time 0.000003, current best -0.958333 at iter 11
suggestion time taken 23.623693 iter 12 next_points [{'alpha': 8.150049324917527, 'batch_size': 12, 'beta_1': 0.8638208249890802, 'beta_2': 0.9999937596342217, 'epsilon': 4.7212348624530215e-09, 'hidden_layer_sizes': 91, 'learning_rate_init': 0.021855145013487873, 'tol': 6.79868941688006e-05, 'validation_fraction': 0.47675995607350413}]
function_evaluation time 0.220669 value -0.733333 suggestion {'alpha': 8.150049324917527, 'batch_size': 12, 'beta_1': 0.8638208249890802, 'beta_2': 0.9999937596342217, 'epsilon': 4.7212348624530215e-09, 'hidden_layer_sizes': 91, 'learning_rate_init': 0.021855145013487873, 'tol': 6.79868941688006e-05, 'validation_fraction': 0.47675995607350413}
observation time 0.000003, current best -0.958333 at iter 12
suggestion time taken 23.834052 iter 13 next_points [{'alpha': 7.700293035079426, 'batch_size': 23, 'beta_1': 0.9480957123875782, 'beta_2': 0.9800889237426357, 'epsilon': 1.6956667549379102e-07, 'hidden_layer_sizes': 171, 'learning_rate_init': 0.001016658841256137, 'tol': 0.00280270321868567, 'validation_fraction': 0.104747123252548}]
function_evaluation time 0.227036 value -0.733333 suggestion {'alpha': 7.700293035079426, 'batch_size': 23, 'beta_1': 0.9480957123875782, 'beta_2': 0.9800889237426357, 'epsilon': 1.6956667549379102e-07, 'hidden_layer_sizes': 171, 'learning_rate_init': 0.001016658841256137, 'tol': 0.00280270321868567, 'validation_fraction': 0.104747123252548}
observation time 0.000003, current best -0.958333 at iter 13
suggestion time taken 24.806328 iter 14 next_points [{'alpha': 3.9375646063568077e-05, 'batch_size': 11, 'beta_1': 0.9784583853104599, 'beta_2': 0.9999500647285647, 'epsilon': 1.9379441805411523e-09, 'hidden_layer_sizes': 134, 'learning_rate_init': 0.07482613832266076, 'tol': 0.007951565725555488, 'validation_fraction': 0.8900172607466483}]
function_evaluation time 0.185188 value -0.891667 suggestion {'alpha': 3.9375646063568077e-05, 'batch_size': 11, 'beta_1': 0.9784583853104599, 'beta_2': 0.9999500647285647, 'epsilon': 1.9379441805411523e-09, 'hidden_layer_sizes': 134, 'learning_rate_init': 0.07482613832266076, 'tol': 0.007951565725555488, 'validation_fraction': 0.8900172607466483}
observation time 0.000003, current best -0.958333 at iter 14
saving meta data: {'args': {'--uuid': 'a2d5fac8ed185deeab2a3cb81aaad287', '-db-root': '/home/ryedida/smoothness-hpo/bbo_challenge_starter_kit/output', '--opt-root': '/home/ryedida/smoothness-hpo/bbo_challenge_starter_kit/example_submissions', '--data-root': None, '--db': 'run_20240113_220618', '--opt': 'stcvx', '--data': 'iris', '--classifier': 'MLP-adam', '--metric': 'acc', '--calls': 15, '--suggestions': 1, '--jobs-file': None, '--verbose': False, 'dry_run': False, 'rev': 'a376313', 'opt_rev': 'x.x.x'}, 'signature': ([{'alpha': 0.019628224813442792, 'batch_size': 182, 'beta_1': 0.9410202200271762, 'beta_2': 0.9998021557676793, 'epsilon': 1.8662266976518e-08, 'hidden_layer_sizes': 147, 'learning_rate_init': 0.0005627932047415167, 'tol': 0.03690557729213761, 'validation_fraction': 0.8846827852548593}, {'alpha': 0.0019982467392329444, 'batch_size': 200, 'beta_1': 0.919111482530466, 'beta_2': 0.9998488260436156, 'epsilon': 5.981221901152555e-07, 'hidden_layer_sizes': 61, 'learning_rate_init': 2.2310905607443014e-05, 'tol': 1.2046852412030316e-05, 'validation_fraction': 0.8117896445826539}, {'alpha': 0.46659545670218433, 'batch_size': 219, 'beta_1': 0.9889789783750891, 'beta_2': 0.9999896868093284, 'epsilon': 2.4234724484675948e-08, 'hidden_layer_sizes': 167, 'learning_rate_init': 2.972334644335654e-05, 'tol': 0.0036281404040243792, 'validation_fraction': 0.17260651658522078}, {'alpha': 4.656005689076002, 'batch_size': 135, 'beta_1': 0.870503881627747, 'beta_2': 0.9948873266941017, 'epsilon': 2.1023308743480125e-07, 'hidden_layer_sizes': 118, 'learning_rate_init': 0.0018781738757161913, 'tol': 1.1889379831773004e-05, 'validation_fraction': 0.6264327093752792}, {'alpha': 0.04705159350400542, 'batch_size': 158, 'beta_1': 0.9870884262730957, 'beta_2': 0.9999596874382349, 'epsilon': 1.1981845126013875e-08, 'hidden_layer_sizes': 116, 'learning_rate_init': 0.00617340520407431, 'tol': 1.741413418158619e-05, 'validation_fraction': 0.6754299026638921}], [-0.41666666666666663, -0.275, -0.3416666666666667, -0.725, -0.875])}
saving results
saving timing
saving suggest log
done
