running: {'--uuid': 'b12a0eae0312549cab92dff0fde31265', '-db-root': '/home/ryedida/smoothness-hpo/bbo_challenge_starter_kit/output', '--opt-root': '/home/ryedida/smoothness-hpo/bbo_challenge_starter_kit/example_submissions', '--data-root': None, '--db': 'run_20240113_220618', '--opt': 'random', '--data': 'iris', '--classifier': 'MLP-adam', '--metric': 'nll', '--calls': 15, '--suggestions': 1, '--jobs-file': None, '--verbose': False, 'dry_run': False, 'rev': 'a376313', 'opt_rev': '0.0.8'}
cmd: python /home/ryedida/.local/bin/bayesmark-exp -c MLP-adam -d iris -o random -u b12a0eae0312549cab92dff0fde31265 -m nll -n 15 -p 1 -dir /home/ryedida/smoothness-hpo/bbo_challenge_starter_kit/output -b run_20240113_220618
/home/ryedida/.local/lib/python3.8/site-packages/sklearn/neural_network/_multilayer_perceptron.py:603: UserWarning: Got `batch_size` less than 1 or larger than sample size. It is going to be clipped
  warnings.warn(

/home/ryedida/.local/lib/python3.8/site-packages/sklearn/neural_network/_multilayer_perceptron.py:603: UserWarning: Got `batch_size` less than 1 or larger than sample size. It is going to be clipped
  warnings.warn(

/home/ryedida/.local/lib/python3.8/site-packages/sklearn/neural_network/_multilayer_perceptron.py:603: UserWarning: Got `batch_size` less than 1 or larger than sample size. It is going to be clipped
  warnings.warn(

/home/ryedida/.local/lib/python3.8/site-packages/sklearn/neural_network/_multilayer_perceptron.py:603: UserWarning: Got `batch_size` less than 1 or larger than sample size. It is going to be clipped
  warnings.warn(

/home/ryedida/.local/lib/python3.8/site-packages/sklearn/neural_network/_multilayer_perceptron.py:603: UserWarning: Got `batch_size` less than 1 or larger than sample size. It is going to be clipped
  warnings.warn(

computed signature: ([{'alpha': 0.019628224813442792, 'batch_size': 182, 'beta_1': 0.9410202200271762, 'beta_2': 0.9998021557676793, 'epsilon': 1.8662266976518e-08, 'hidden_layer_sizes': 147, 'learning_rate_init': 0.0005627932047415167, 'tol': 0.03690557729213761, 'validation_fraction': 0.8846827852548593}, {'alpha': 0.0019982467392329444, 'batch_size': 200, 'beta_1': 0.919111482530466, 'beta_2': 0.9998488260436156, 'epsilon': 5.981221901152555e-07, 'hidden_layer_sizes': 61, 'learning_rate_init': 2.2310905607443014e-05, 'tol': 1.2046852412030316e-05, 'validation_fraction': 0.8117896445826539}, {'alpha': 0.46659545670218433, 'batch_size': 219, 'beta_1': 0.9889789783750891, 'beta_2': 0.9999896868093284, 'epsilon': 2.4234724484675948e-08, 'hidden_layer_sizes': 167, 'learning_rate_init': 2.972334644335654e-05, 'tol': 0.0036281404040243792, 'validation_fraction': 0.17260651658522078}, {'alpha': 4.656005689076002, 'batch_size': 135, 'beta_1': 0.870503881627747, 'beta_2': 0.9948873266941017, 'epsilon': 2.1023308743480125e-07, 'hidden_layer_sizes': 118, 'learning_rate_init': 0.0018781738757161913, 'tol': 1.1889379831773004e-05, 'validation_fraction': 0.6264327093752792}, {'alpha': 0.04705159350400542, 'batch_size': 158, 'beta_1': 0.9870884262730957, 'beta_2': 0.9999596874382349, 'epsilon': 1.1981845126013875e-08, 'hidden_layer_sizes': 116, 'learning_rate_init': 0.00617340520407431, 'tol': 1.741413418158619e-05, 'validation_fraction': 0.6754299026638921}], [1.3105719841770722, 1.7760947732249062, 1.4322107566090756, 0.9097804858215804, 0.5745987066718419])
/home/ryedida/.local/lib/python3.8/site-packages/bayesmark/experiment.py:469: UserWarning: Baselines not found. Will not log intermediate scores.
  warnings.warn("Baselines not found. Will not log intermediate scores.")

starting sklearn study random MLP-adam iris nll 15 1
with data root: None
suggestion time taken 0.004077 iter 0 next_points [{'alpha': 0.0010928229456369928, 'batch_size': 24, 'beta_1': 0.964711007701783, 'beta_2': 0.9995970104567852, 'epsilon': 9.081776609243988e-07, 'hidden_layer_sizes': 138, 'learning_rate_init': 0.004618694302415321, 'tol': 0.00039758672048535786, 'validation_fraction': 0.8334461263213282}]
/home/ryedida/.local/lib/python3.8/site-packages/sklearn/neural_network/_multilayer_perceptron.py:603: UserWarning: Got `batch_size` less than 1 or larger than sample size. It is going to be clipped
  warnings.warn(

function_evaluation time 0.189289 value 0.646391 suggestion {'alpha': 0.0010928229456369928, 'batch_size': 24, 'beta_1': 0.964711007701783, 'beta_2': 0.9995970104567852, 'epsilon': 9.081776609243988e-07, 'hidden_layer_sizes': 138, 'learning_rate_init': 0.004618694302415321, 'tol': 0.00039758672048535786, 'validation_fraction': 0.8334461263213282}
observation time 0.000002, current best 0.646391 at iter 0
suggestion time taken 0.004040 iter 1 next_points [{'alpha': 7.586000841193747e-05, 'batch_size': 157, 'beta_1': 0.9075633581994758, 'beta_2': 0.9998715028671128, 'epsilon': 2.0228872853057758e-08, 'hidden_layer_sizes': 154, 'learning_rate_init': 0.03676761775460216, 'tol': 0.05815369884928442, 'validation_fraction': 0.8166091512395153}]
/home/ryedida/.local/lib/python3.8/site-packages/sklearn/neural_network/_multilayer_perceptron.py:603: UserWarning: Got `batch_size` less than 1 or larger than sample size. It is going to be clipped
  warnings.warn(

function_evaluation time 0.167735 value 0.352815 suggestion {'alpha': 7.586000841193747e-05, 'batch_size': 157, 'beta_1': 0.9075633581994758, 'beta_2': 0.9998715028671128, 'epsilon': 2.0228872853057758e-08, 'hidden_layer_sizes': 154, 'learning_rate_init': 0.03676761775460216, 'tol': 0.05815369884928442, 'validation_fraction': 0.8166091512395153}
observation time 0.000001, current best 0.352815 at iter 1
suggestion time taken 0.004023 iter 2 next_points [{'alpha': 2.719585734456208e-05, 'batch_size': 130, 'beta_1': 0.9418486248533335, 'beta_2': 0.9999981551605747, 'epsilon': 7.264324005777837e-08, 'hidden_layer_sizes': 101, 'learning_rate_init': 1.0227640784164691e-05, 'tol': 0.02363278833185211, 'validation_fraction': 0.7701644870960228}]
/home/ryedida/.local/lib/python3.8/site-packages/sklearn/neural_network/_multilayer_perceptron.py:603: UserWarning: Got `batch_size` less than 1 or larger than sample size. It is going to be clipped
  warnings.warn(

function_evaluation time 0.098068 value 1.557958 suggestion {'alpha': 2.719585734456208e-05, 'batch_size': 130, 'beta_1': 0.9418486248533335, 'beta_2': 0.9999981551605747, 'epsilon': 7.264324005777837e-08, 'hidden_layer_sizes': 101, 'learning_rate_init': 1.0227640784164691e-05, 'tol': 0.02363278833185211, 'validation_fraction': 0.7701644870960228}
observation time 0.000001, current best 0.352815 at iter 2
suggestion time taken 0.003993 iter 3 next_points [{'alpha': 0.005810919355967735, 'batch_size': 45, 'beta_1': 0.9591572346096927, 'beta_2': 0.9998893717783146, 'epsilon': 2.3966945647473405e-09, 'hidden_layer_sizes': 148, 'learning_rate_init': 0.010165347724539888, 'tol': 0.01025272940217116, 'validation_fraction': 0.19496610690012645}]
function_evaluation time 0.275305 value 0.382030 suggestion {'alpha': 0.005810919355967735, 'batch_size': 45, 'beta_1': 0.9591572346096927, 'beta_2': 0.9998893717783146, 'epsilon': 2.3966945647473405e-09, 'hidden_layer_sizes': 148, 'learning_rate_init': 0.010165347724539888, 'tol': 0.01025272940217116, 'validation_fraction': 0.19496610690012645}
observation time 0.000001, current best 0.352815 at iter 3
suggestion time taken 0.004031 iter 4 next_points [{'alpha': 0.020536142367085633, 'batch_size': 134, 'beta_1': 0.9845804222454542, 'beta_2': 0.9999983413830557, 'epsilon': 8.536173433690269e-07, 'hidden_layer_sizes': 99, 'learning_rate_init': 0.00023877698477123933, 'tol': 0.008888061007861282, 'validation_fraction': 0.12444593469222615}]
/home/ryedida/.local/lib/python3.8/site-packages/sklearn/neural_network/_multilayer_perceptron.py:603: UserWarning: Got `batch_size` less than 1 or larger than sample size. It is going to be clipped
  warnings.warn(

function_evaluation time 0.115979 value 1.592957 suggestion {'alpha': 0.020536142367085633, 'batch_size': 134, 'beta_1': 0.9845804222454542, 'beta_2': 0.9999983413830557, 'epsilon': 8.536173433690269e-07, 'hidden_layer_sizes': 99, 'learning_rate_init': 0.00023877698477123933, 'tol': 0.008888061007861282, 'validation_fraction': 0.12444593469222615}
observation time 0.000001, current best 0.352815 at iter 4
suggestion time taken 0.004014 iter 5 next_points [{'alpha': 0.0005897390969391586, 'batch_size': 247, 'beta_1': 0.967874807809206, 'beta_2': 0.9375504881118443, 'epsilon': 8.328733685251982e-07, 'hidden_layer_sizes': 144, 'learning_rate_init': 3.679769256783385e-05, 'tol': 0.07389019102194748, 'validation_fraction': 0.8380113626083935}]
/home/ryedida/.local/lib/python3.8/site-packages/sklearn/neural_network/_multilayer_perceptron.py:603: UserWarning: Got `batch_size` less than 1 or larger than sample size. It is going to be clipped
  warnings.warn(

function_evaluation time 0.099191 value 1.405949 suggestion {'alpha': 0.0005897390969391586, 'batch_size': 247, 'beta_1': 0.967874807809206, 'beta_2': 0.9375504881118443, 'epsilon': 8.328733685251982e-07, 'hidden_layer_sizes': 144, 'learning_rate_init': 3.679769256783385e-05, 'tol': 0.07389019102194748, 'validation_fraction': 0.8380113626083935}
observation time 0.000001, current best 0.352815 at iter 5
suggestion time taken 0.003999 iter 6 next_points [{'alpha': 0.0018977856324107218, 'batch_size': 117, 'beta_1': 0.9870649658282347, 'beta_2': 0.9993061415849521, 'epsilon': 7.699202746502253e-08, 'hidden_layer_sizes': 93, 'learning_rate_init': 0.006726868764749096, 'tol': 1.916452307272236e-05, 'validation_fraction': 0.49669933295532637}]
/home/ryedida/.local/lib/python3.8/site-packages/sklearn/neural_network/_multilayer_perceptron.py:603: UserWarning: Got `batch_size` less than 1 or larger than sample size. It is going to be clipped
  warnings.warn(

function_evaluation time 0.210448 value 0.483341 suggestion {'alpha': 0.0018977856324107218, 'batch_size': 117, 'beta_1': 0.9870649658282347, 'beta_2': 0.9993061415849521, 'epsilon': 7.699202746502253e-08, 'hidden_layer_sizes': 93, 'learning_rate_init': 0.006726868764749096, 'tol': 1.916452307272236e-05, 'validation_fraction': 0.49669933295532637}
observation time 0.000001, current best 0.352815 at iter 6
suggestion time taken 0.004017 iter 7 next_points [{'alpha': 0.03219958311837386, 'batch_size': 243, 'beta_1': 0.9763597062641283, 'beta_2': 0.9999875485200915, 'epsilon': 5.041186830640432e-09, 'hidden_layer_sizes': 54, 'learning_rate_init': 1.187250263450395e-05, 'tol': 0.012074208903040399, 'validation_fraction': 0.3421993595409547}]
/home/ryedida/.local/lib/python3.8/site-packages/sklearn/neural_network/_multilayer_perceptron.py:603: UserWarning: Got `batch_size` less than 1 or larger than sample size. It is going to be clipped
  warnings.warn(

function_evaluation time 0.103085 value 1.873017 suggestion {'alpha': 0.03219958311837386, 'batch_size': 243, 'beta_1': 0.9763597062641283, 'beta_2': 0.9999875485200915, 'epsilon': 5.041186830640432e-09, 'hidden_layer_sizes': 54, 'learning_rate_init': 1.187250263450395e-05, 'tol': 0.012074208903040399, 'validation_fraction': 0.3421993595409547}
observation time 0.000016, current best 0.352815 at iter 7
suggestion time taken 0.003923 iter 8 next_points [{'alpha': 4.595214319906533, 'batch_size': 19, 'beta_1': 0.8649494908400847, 'beta_2': 0.9681065313727442, 'epsilon': 1.604459551247766e-08, 'hidden_layer_sizes': 81, 'learning_rate_init': 0.0010364179287384336, 'tol': 0.00011435418158572116, 'validation_fraction': 0.42819787212375127}]
function_evaluation time 0.280761 value 1.037953 suggestion {'alpha': 4.595214319906533, 'batch_size': 19, 'beta_1': 0.8649494908400847, 'beta_2': 0.9681065313727442, 'epsilon': 1.604459551247766e-08, 'hidden_layer_sizes': 81, 'learning_rate_init': 0.0010364179287384336, 'tol': 0.00011435418158572116, 'validation_fraction': 0.42819787212375127}
observation time 0.000001, current best 0.352815 at iter 8
suggestion time taken 0.003299 iter 9 next_points [{'alpha': 2.6243541631514575, 'batch_size': 30, 'beta_1': 0.9407819959637637, 'beta_2': 0.9309594538032552, 'epsilon': 1.9233625988809903e-09, 'hidden_layer_sizes': 129, 'learning_rate_init': 0.00021623227028338762, 'tol': 0.00037174099124865034, 'validation_fraction': 0.8843300002725434}]
/home/ryedida/.local/lib/python3.8/site-packages/sklearn/neural_network/_multilayer_perceptron.py:603: UserWarning: Got `batch_size` less than 1 or larger than sample size. It is going to be clipped
  warnings.warn(

function_evaluation time 0.103027 value 1.246743 suggestion {'alpha': 2.6243541631514575, 'batch_size': 30, 'beta_1': 0.9407819959637637, 'beta_2': 0.9309594538032552, 'epsilon': 1.9233625988809903e-09, 'hidden_layer_sizes': 129, 'learning_rate_init': 0.00021623227028338762, 'tol': 0.00037174099124865034, 'validation_fraction': 0.8843300002725434}
observation time 0.000000, current best 0.352815 at iter 9
suggestion time taken 0.003298 iter 10 next_points [{'alpha': 0.20281791525371587, 'batch_size': 129, 'beta_1': 0.5657422409833981, 'beta_2': 0.9978575496175186, 'epsilon': 7.1022980796193264e-09, 'hidden_layer_sizes': 176, 'learning_rate_init': 0.0002804440776647784, 'tol': 0.0009967741391384943, 'validation_fraction': 0.7485273486114756}]
/home/ryedida/.local/lib/python3.8/site-packages/sklearn/neural_network/_multilayer_perceptron.py:603: UserWarning: Got `batch_size` less than 1 or larger than sample size. It is going to be clipped
  warnings.warn(

function_evaluation time 0.124014 value 1.291581 suggestion {'alpha': 0.20281791525371587, 'batch_size': 129, 'beta_1': 0.5657422409833981, 'beta_2': 0.9978575496175186, 'epsilon': 7.1022980796193264e-09, 'hidden_layer_sizes': 176, 'learning_rate_init': 0.0002804440776647784, 'tol': 0.0009967741391384943, 'validation_fraction': 0.7485273486114756}
observation time 0.000001, current best 0.352815 at iter 10
suggestion time taken 0.003277 iter 11 next_points [{'alpha': 0.30446560257252553, 'batch_size': 80, 'beta_1': 0.8123459369624125, 'beta_2': 0.997861898621085, 'epsilon': 2.3597214183885246e-08, 'hidden_layer_sizes': 155, 'learning_rate_init': 0.01861047062852579, 'tol': 3.129474382217509e-05, 'validation_fraction': 0.11104010804332713}]
function_evaluation time 0.168139 value 0.515710 suggestion {'alpha': 0.30446560257252553, 'batch_size': 80, 'beta_1': 0.8123459369624125, 'beta_2': 0.997861898621085, 'epsilon': 2.3597214183885246e-08, 'hidden_layer_sizes': 155, 'learning_rate_init': 0.01861047062852579, 'tol': 3.129474382217509e-05, 'validation_fraction': 0.11104010804332713}
observation time 0.000001, current best 0.352815 at iter 11
suggestion time taken 0.003291 iter 12 next_points [{'alpha': 0.0012752856736260743, 'batch_size': 98, 'beta_1': 0.8432533634822275, 'beta_2': 0.9980857690981357, 'epsilon': 9.330670787533085e-07, 'hidden_layer_sizes': 140, 'learning_rate_init': 0.0001458232931579198, 'tol': 0.08736706386410097, 'validation_fraction': 0.7042117341828845}]
/home/ryedida/.local/lib/python3.8/site-packages/sklearn/neural_network/_multilayer_perceptron.py:603: UserWarning: Got `batch_size` less than 1 or larger than sample size. It is going to be clipped
  warnings.warn(

function_evaluation time 0.094768 value 1.259147 suggestion {'alpha': 0.0012752856736260743, 'batch_size': 98, 'beta_1': 0.8432533634822275, 'beta_2': 0.9980857690981357, 'epsilon': 9.330670787533085e-07, 'hidden_layer_sizes': 140, 'learning_rate_init': 0.0001458232931579198, 'tol': 0.08736706386410097, 'validation_fraction': 0.7042117341828845}
observation time 0.000001, current best 0.352815 at iter 12
suggestion time taken 0.003313 iter 13 next_points [{'alpha': 1.4480617970100888e-05, 'batch_size': 24, 'beta_1': 0.7518763633467999, 'beta_2': 0.9999956614951886, 'epsilon': 3.96050973198341e-09, 'hidden_layer_sizes': 103, 'learning_rate_init': 1.0904749715862983e-05, 'tol': 0.01024305401102429, 'validation_fraction': 0.26719447596116913}]
function_evaluation time 0.146679 value 1.834450 suggestion {'alpha': 1.4480617970100888e-05, 'batch_size': 24, 'beta_1': 0.7518763633467999, 'beta_2': 0.9999956614951886, 'epsilon': 3.96050973198341e-09, 'hidden_layer_sizes': 103, 'learning_rate_init': 1.0904749715862983e-05, 'tol': 0.01024305401102429, 'validation_fraction': 0.26719447596116913}
observation time 0.000001, current best 0.352815 at iter 13
suggestion time taken 0.003284 iter 14 next_points [{'alpha': 0.004714141537350368, 'batch_size': 179, 'beta_1': 0.9893164556180296, 'beta_2': 0.9998888746928004, 'epsilon': 1.3373785647757426e-09, 'hidden_layer_sizes': 97, 'learning_rate_init': 0.07720382952961857, 'tol': 0.004591705686097528, 'validation_fraction': 0.7175487161618853}]
/home/ryedida/.local/lib/python3.8/site-packages/sklearn/neural_network/_multilayer_perceptron.py:603: UserWarning: Got `batch_size` less than 1 or larger than sample size. It is going to be clipped
  warnings.warn(

function_evaluation time 0.181680 value 0.952490 suggestion {'alpha': 0.004714141537350368, 'batch_size': 179, 'beta_1': 0.9893164556180296, 'beta_2': 0.9998888746928004, 'epsilon': 1.3373785647757426e-09, 'hidden_layer_sizes': 97, 'learning_rate_init': 0.07720382952961857, 'tol': 0.004591705686097528, 'validation_fraction': 0.7175487161618853}
observation time 0.000001, current best 0.352815 at iter 14
saving meta data: {'args': {'--uuid': 'b12a0eae0312549cab92dff0fde31265', '-db-root': '/home/ryedida/smoothness-hpo/bbo_challenge_starter_kit/output', '--opt-root': '/home/ryedida/smoothness-hpo/bbo_challenge_starter_kit/example_submissions', '--data-root': None, '--db': 'run_20240113_220618', '--opt': 'random', '--data': 'iris', '--classifier': 'MLP-adam', '--metric': 'nll', '--calls': 15, '--suggestions': 1, '--jobs-file': None, '--verbose': False, 'dry_run': False, 'rev': 'a376313', 'opt_rev': '0.0.8'}, 'signature': ([{'alpha': 0.019628224813442792, 'batch_size': 182, 'beta_1': 0.9410202200271762, 'beta_2': 0.9998021557676793, 'epsilon': 1.8662266976518e-08, 'hidden_layer_sizes': 147, 'learning_rate_init': 0.0005627932047415167, 'tol': 0.03690557729213761, 'validation_fraction': 0.8846827852548593}, {'alpha': 0.0019982467392329444, 'batch_size': 200, 'beta_1': 0.919111482530466, 'beta_2': 0.9998488260436156, 'epsilon': 5.981221901152555e-07, 'hidden_layer_sizes': 61, 'learning_rate_init': 2.2310905607443014e-05, 'tol': 1.2046852412030316e-05, 'validation_fraction': 0.8117896445826539}, {'alpha': 0.46659545670218433, 'batch_size': 219, 'beta_1': 0.9889789783750891, 'beta_2': 0.9999896868093284, 'epsilon': 2.4234724484675948e-08, 'hidden_layer_sizes': 167, 'learning_rate_init': 2.972334644335654e-05, 'tol': 0.0036281404040243792, 'validation_fraction': 0.17260651658522078}, {'alpha': 4.656005689076002, 'batch_size': 135, 'beta_1': 0.870503881627747, 'beta_2': 0.9948873266941017, 'epsilon': 2.1023308743480125e-07, 'hidden_layer_sizes': 118, 'learning_rate_init': 0.0018781738757161913, 'tol': 1.1889379831773004e-05, 'validation_fraction': 0.6264327093752792}, {'alpha': 0.04705159350400542, 'batch_size': 158, 'beta_1': 0.9870884262730957, 'beta_2': 0.9999596874382349, 'epsilon': 1.1981845126013875e-08, 'hidden_layer_sizes': 116, 'learning_rate_init': 0.00617340520407431, 'tol': 1.741413418158619e-05, 'validation_fraction': 0.6754299026638921}], [1.3105719841770722, 1.7760947732249062, 1.4322107566090756, 0.9097804858215804, 0.5745987066718419])}
saving results
saving timing
saving suggest log
done
