running: {'--uuid': 'c8004ab653a75c2486f8efdf2f378bca', '-db-root': '/home/ryedida/smoothness-hpo/bbo_challenge_starter_kit/output', '--opt-root': '/home/ryedida/smoothness-hpo/bbo_challenge_starter_kit/example_submissions', '--data-root': None, '--db': 'run_20240113_220618', '--opt': 'stcvx', '--data': 'iris', '--classifier': 'MLP-adam', '--metric': 'nll', '--calls': 15, '--suggestions': 1, '--jobs-file': None, '--verbose': False, 'dry_run': False, 'rev': 'a376313', 'opt_rev': 'x.x.x'}
cmd: python stcvx/optimizer.py -c MLP-adam -d iris -o stcvx -u c8004ab653a75c2486f8efdf2f378bca -m nll -n 15 -p 1 -dir /home/ryedida/smoothness-hpo/bbo_challenge_starter_kit/output -b run_20240113_220618
/home/ryedida/.local/lib/python3.8/site-packages/sklearn/neural_network/_multilayer_perceptron.py:603: UserWarning: Got `batch_size` less than 1 or larger than sample size. It is going to be clipped
  warnings.warn(

/home/ryedida/.local/lib/python3.8/site-packages/sklearn/neural_network/_multilayer_perceptron.py:603: UserWarning: Got `batch_size` less than 1 or larger than sample size. It is going to be clipped
  warnings.warn(

/home/ryedida/.local/lib/python3.8/site-packages/sklearn/neural_network/_multilayer_perceptron.py:603: UserWarning: Got `batch_size` less than 1 or larger than sample size. It is going to be clipped
  warnings.warn(

/home/ryedida/.local/lib/python3.8/site-packages/sklearn/neural_network/_multilayer_perceptron.py:603: UserWarning: Got `batch_size` less than 1 or larger than sample size. It is going to be clipped
  warnings.warn(

/home/ryedida/.local/lib/python3.8/site-packages/sklearn/neural_network/_multilayer_perceptron.py:603: UserWarning: Got `batch_size` less than 1 or larger than sample size. It is going to be clipped
  warnings.warn(

computed signature: ([{'alpha': 0.019628224813442792, 'batch_size': 182, 'beta_1': 0.9410202200271762, 'beta_2': 0.9998021557676793, 'epsilon': 1.8662266976518e-08, 'hidden_layer_sizes': 147, 'learning_rate_init': 0.0005627932047415167, 'tol': 0.03690557729213761, 'validation_fraction': 0.8846827852548593}, {'alpha': 0.0019982467392329444, 'batch_size': 200, 'beta_1': 0.919111482530466, 'beta_2': 0.9998488260436156, 'epsilon': 5.981221901152555e-07, 'hidden_layer_sizes': 61, 'learning_rate_init': 2.2310905607443014e-05, 'tol': 1.2046852412030316e-05, 'validation_fraction': 0.8117896445826539}, {'alpha': 0.46659545670218433, 'batch_size': 219, 'beta_1': 0.9889789783750891, 'beta_2': 0.9999896868093284, 'epsilon': 2.4234724484675948e-08, 'hidden_layer_sizes': 167, 'learning_rate_init': 2.972334644335654e-05, 'tol': 0.0036281404040243792, 'validation_fraction': 0.17260651658522078}, {'alpha': 4.656005689076002, 'batch_size': 135, 'beta_1': 0.870503881627747, 'beta_2': 0.9948873266941017, 'epsilon': 2.1023308743480125e-07, 'hidden_layer_sizes': 118, 'learning_rate_init': 0.0018781738757161913, 'tol': 1.1889379831773004e-05, 'validation_fraction': 0.6264327093752792}, {'alpha': 0.04705159350400542, 'batch_size': 158, 'beta_1': 0.9870884262730957, 'beta_2': 0.9999596874382349, 'epsilon': 1.1981845126013875e-08, 'hidden_layer_sizes': 116, 'learning_rate_init': 0.00617340520407431, 'tol': 1.741413418158619e-05, 'validation_fraction': 0.6754299026638921}], [1.3105719841770722, 1.7760947732249062, 1.4322107566090756, 0.9097804858215804, 0.5745987066718419])
/home/ryedida/.local/lib/python3.8/site-packages/bayesmark/experiment.py:469: UserWarning: Baselines not found. Will not log intermediate scores.
  warnings.warn("Baselines not found. Will not log intermediate scores.")

starting sklearn study stcvx MLP-adam iris nll 15 1
with data root: None
suggestion time taken 29.297164 iter 0 next_points [{'alpha': 0.0021207575162407234, 'batch_size': 15, 'beta_1': 0.6379728489273107, 'beta_2': 0.9699999007647288, 'epsilon': 3.020140411243663e-09, 'hidden_layer_sizes': 194, 'learning_rate_init': 0.04782082825429681, 'tol': 0.00950814719676885, 'validation_fraction': 0.15723269357431813}]
function_evaluation time 0.324718 value 0.265513 suggestion {'alpha': 0.0021207575162407234, 'batch_size': 15, 'beta_1': 0.6379728489273107, 'beta_2': 0.9699999007647288, 'epsilon': 3.020140411243663e-09, 'hidden_layer_sizes': 194, 'learning_rate_init': 0.04782082825429681, 'tol': 0.00950814719676885, 'validation_fraction': 0.15723269357431813}
observation time 0.000002, current best 0.265513 at iter 0
suggestion time taken 28.370616 iter 1 next_points [{'alpha': 3.254747164226761, 'batch_size': 11, 'beta_1': 0.983025513977892, 'beta_2': 0.971235012059657, 'epsilon': 7.771682898833879e-07, 'hidden_layer_sizes': 195, 'learning_rate_init': 4.596027721503142e-05, 'tol': 0.0005110111413026968, 'validation_fraction': 0.7514762939721156}]
function_evaluation time 0.156922 value 1.239617 suggestion {'alpha': 3.254747164226761, 'batch_size': 11, 'beta_1': 0.983025513977892, 'beta_2': 0.971235012059657, 'epsilon': 7.771682898833879e-07, 'hidden_layer_sizes': 195, 'learning_rate_init': 4.596027721503142e-05, 'tol': 0.0005110111413026968, 'validation_fraction': 0.7514762939721156}
observation time 0.000004, current best 0.265513 at iter 1
suggestion time taken 25.173028 iter 2 next_points [{'alpha': 0.0009816196777674274, 'batch_size': 16, 'beta_1': 0.8767170329188839, 'beta_2': 0.9792552733606034, 'epsilon': 7.39044413545582e-07, 'hidden_layer_sizes': 176, 'learning_rate_init': 0.00041044121194168826, 'tol': 1.4150697851167003e-05, 'validation_fraction': 0.780085070447711}]
function_evaluation time 0.238667 value 0.935627 suggestion {'alpha': 0.0009816196777674274, 'batch_size': 16, 'beta_1': 0.8767170329188839, 'beta_2': 0.9792552733606034, 'epsilon': 7.39044413545582e-07, 'hidden_layer_sizes': 176, 'learning_rate_init': 0.00041044121194168826, 'tol': 1.4150697851167003e-05, 'validation_fraction': 0.780085070447711}
observation time 0.000005, current best 0.265513 at iter 2
suggestion time taken 26.903035 iter 3 next_points [{'alpha': 2.60798671325035e-05, 'batch_size': 13, 'beta_1': 0.9413486005373465, 'beta_2': 0.9999989803358128, 'epsilon': 1.6963952193547197e-08, 'hidden_layer_sizes': 118, 'learning_rate_init': 0.002605696166465287, 'tol': 0.0805367835926142, 'validation_fraction': 0.22396170724965628}]
function_evaluation time 0.384270 value 0.475511 suggestion {'alpha': 2.60798671325035e-05, 'batch_size': 13, 'beta_1': 0.9413486005373465, 'beta_2': 0.9999989803358128, 'epsilon': 1.6963952193547197e-08, 'hidden_layer_sizes': 118, 'learning_rate_init': 0.002605696166465287, 'tol': 0.0805367835926142, 'validation_fraction': 0.22396170724965628}
observation time 0.000002, current best 0.265513 at iter 3
suggestion time taken 25.887685 iter 4 next_points [{'alpha': 0.41106727866852893, 'batch_size': 11, 'beta_1': 0.9814095839258575, 'beta_2': 0.9998945018950786, 'epsilon': 9.356622261938968e-07, 'hidden_layer_sizes': 174, 'learning_rate_init': 0.0015200432473766775, 'tol': 0.00016731228191350637, 'validation_fraction': 0.31031004221966585}]
function_evaluation time 0.570740 value 0.490080 suggestion {'alpha': 0.41106727866852893, 'batch_size': 11, 'beta_1': 0.9814095839258575, 'beta_2': 0.9998945018950786, 'epsilon': 9.356622261938968e-07, 'hidden_layer_sizes': 174, 'learning_rate_init': 0.0015200432473766775, 'tol': 0.00016731228191350637, 'validation_fraction': 0.31031004221966585}
observation time 0.000002, current best 0.265513 at iter 4
suggestion time taken 24.907132 iter 5 next_points [{'alpha': 0.47544286661961016, 'batch_size': 15, 'beta_1': 0.9218663292077262, 'beta_2': 0.9999785717607074, 'epsilon': 9.116558544672147e-09, 'hidden_layer_sizes': 195, 'learning_rate_init': 0.0003539803575249156, 'tol': 0.00030628369901583504, 'validation_fraction': 0.7873753158728568}]
function_evaluation time 0.174681 value 1.068779 suggestion {'alpha': 0.47544286661961016, 'batch_size': 15, 'beta_1': 0.9218663292077262, 'beta_2': 0.9999785717607074, 'epsilon': 9.116558544672147e-09, 'hidden_layer_sizes': 195, 'learning_rate_init': 0.0003539803575249156, 'tol': 0.00030628369901583504, 'validation_fraction': 0.7873753158728568}
observation time 0.000005, current best 0.265513 at iter 5
suggestion time taken 27.008752 iter 6 next_points [{'alpha': 0.00018337512282815569, 'batch_size': 15, 'beta_1': 0.9877062962418405, 'beta_2': 0.9999955927986647, 'epsilon': 4.555905834011988e-09, 'hidden_layer_sizes': 76, 'learning_rate_init': 7.707186704242842e-05, 'tol': 4.9918703328816464e-05, 'validation_fraction': 0.7467162618789353}]
function_evaluation time 0.135362 value 1.395556 suggestion {'alpha': 0.00018337512282815569, 'batch_size': 15, 'beta_1': 0.9877062962418405, 'beta_2': 0.9999955927986647, 'epsilon': 4.555905834011988e-09, 'hidden_layer_sizes': 76, 'learning_rate_init': 7.707186704242842e-05, 'tol': 4.9918703328816464e-05, 'validation_fraction': 0.7467162618789353}
observation time 0.000002, current best 0.265513 at iter 6
suggestion time taken 25.225656 iter 7 next_points [{'alpha': 0.0029416373714213693, 'batch_size': 22, 'beta_1': 0.909334781543613, 'beta_2': 0.9999984588677598, 'epsilon': 8.138681705225435e-08, 'hidden_layer_sizes': 87, 'learning_rate_init': 2.0894105343699886e-05, 'tol': 3.885605664238169e-05, 'validation_fraction': 0.2565005320957813}]
function_evaluation time 0.197935 value 1.546089 suggestion {'alpha': 0.0029416373714213693, 'batch_size': 22, 'beta_1': 0.909334781543613, 'beta_2': 0.9999984588677598, 'epsilon': 8.138681705225435e-08, 'hidden_layer_sizes': 87, 'learning_rate_init': 2.0894105343699886e-05, 'tol': 3.885605664238169e-05, 'validation_fraction': 0.2565005320957813}
observation time 0.000002, current best 0.265513 at iter 7
suggestion time taken 25.326341 iter 8 next_points [{'alpha': 0.00021595061453373932, 'batch_size': 14, 'beta_1': 0.7600297275892206, 'beta_2': 0.9999763632072093, 'epsilon': 1.7228456410012278e-07, 'hidden_layer_sizes': 93, 'learning_rate_init': 0.00831983962904896, 'tol': 0.027682919164166382, 'validation_fraction': 0.8444875629030856}]
function_evaluation time 0.175399 value 0.687275 suggestion {'alpha': 0.00021595061453373932, 'batch_size': 14, 'beta_1': 0.7600297275892206, 'beta_2': 0.9999763632072093, 'epsilon': 1.7228456410012278e-07, 'hidden_layer_sizes': 93, 'learning_rate_init': 0.00831983962904896, 'tol': 0.027682919164166382, 'validation_fraction': 0.8444875629030856}
observation time 0.000002, current best 0.265513 at iter 8
suggestion time taken 24.355529 iter 9 next_points [{'alpha': 5.495450097045141e-05, 'batch_size': 15, 'beta_1': 0.9817466120737326, 'beta_2': 0.9995401569673915, 'epsilon': 1.2274838307180216e-07, 'hidden_layer_sizes': 188, 'learning_rate_init': 4.4519787485605294e-05, 'tol': 0.0604835023297293, 'validation_fraction': 0.7821751170871516}]
function_evaluation time 0.126668 value 1.300266 suggestion {'alpha': 5.495450097045141e-05, 'batch_size': 15, 'beta_1': 0.9817466120737326, 'beta_2': 0.9995401569673915, 'epsilon': 1.2274838307180216e-07, 'hidden_layer_sizes': 188, 'learning_rate_init': 4.4519787485605294e-05, 'tol': 0.0604835023297293, 'validation_fraction': 0.7821751170871516}
observation time 0.000005, current best 0.265513 at iter 9
suggestion time taken 23.438994 iter 10 next_points [{'alpha': 0.006901830405935836, 'batch_size': 17, 'beta_1': 0.9744051300472731, 'beta_2': 0.999600204396019, 'epsilon': 6.595631875725773e-08, 'hidden_layer_sizes': 77, 'learning_rate_init': 9.027280544481876e-05, 'tol': 0.0007499834634846846, 'validation_fraction': 0.45961201126041507}]
function_evaluation time 0.164492 value 2.121795 suggestion {'alpha': 0.006901830405935836, 'batch_size': 17, 'beta_1': 0.9744051300472731, 'beta_2': 0.999600204396019, 'epsilon': 6.595631875725773e-08, 'hidden_layer_sizes': 77, 'learning_rate_init': 9.027280544481876e-05, 'tol': 0.0007499834634846846, 'validation_fraction': 0.45961201126041507}
observation time 0.000002, current best 0.265513 at iter 10
suggestion time taken 24.233200 iter 11 next_points [{'alpha': 0.11270341844871228, 'batch_size': 19, 'beta_1': 0.5298769196207228, 'beta_2': 0.9810091457385185, 'epsilon': 1.8319318683882916e-08, 'hidden_layer_sizes': 98, 'learning_rate_init': 0.015075267386005682, 'tol': 0.00880245463562084, 'validation_fraction': 0.4482076259352385}]
function_evaluation time 0.284603 value 0.314683 suggestion {'alpha': 0.11270341844871228, 'batch_size': 19, 'beta_1': 0.5298769196207228, 'beta_2': 0.9810091457385185, 'epsilon': 1.8319318683882916e-08, 'hidden_layer_sizes': 98, 'learning_rate_init': 0.015075267386005682, 'tol': 0.00880245463562084, 'validation_fraction': 0.4482076259352385}
observation time 0.000002, current best 0.265513 at iter 11
suggestion time taken 24.679878 iter 12 next_points [{'alpha': 2.463174906376886, 'batch_size': 25, 'beta_1': 0.930794131318986, 'beta_2': 0.9999778022801088, 'epsilon': 3.4363592076658037e-09, 'hidden_layer_sizes': 135, 'learning_rate_init': 0.000887068917509179, 'tol': 0.0007705457995913719, 'validation_fraction': 0.6306984464062677}]
function_evaluation time 0.197136 value 0.953557 suggestion {'alpha': 2.463174906376886, 'batch_size': 25, 'beta_1': 0.930794131318986, 'beta_2': 0.9999778022801088, 'epsilon': 3.4363592076658037e-09, 'hidden_layer_sizes': 135, 'learning_rate_init': 0.000887068917509179, 'tol': 0.0007705457995913719, 'validation_fraction': 0.6306984464062677}
observation time 0.000002, current best 0.265513 at iter 12
suggestion time taken 23.711300 iter 13 next_points [{'alpha': 7.256617972465069e-05, 'batch_size': 12, 'beta_1': 0.5735938007451956, 'beta_2': 0.9996628493980029, 'epsilon': 5.990207591028709e-09, 'hidden_layer_sizes': 131, 'learning_rate_init': 0.0006402547030834818, 'tol': 0.00036547789268754266, 'validation_fraction': 0.22197952581181646}]
function_evaluation time 0.559311 value 0.683263 suggestion {'alpha': 7.256617972465069e-05, 'batch_size': 12, 'beta_1': 0.5735938007451956, 'beta_2': 0.9996628493980029, 'epsilon': 5.990207591028709e-09, 'hidden_layer_sizes': 131, 'learning_rate_init': 0.0006402547030834818, 'tol': 0.00036547789268754266, 'validation_fraction': 0.22197952581181646}
observation time 0.000002, current best 0.265513 at iter 13
suggestion time taken 24.859922 iter 14 next_points [{'alpha': 0.00024022331445953238, 'batch_size': 19, 'beta_1': 0.9428975631385093, 'beta_2': 0.9999917469117282, 'epsilon': 9.336550960154862e-09, 'hidden_layer_sizes': 141, 'learning_rate_init': 0.00017877684958605804, 'tol': 1.2727972656957503e-05, 'validation_fraction': 0.7284580489389068}]
function_evaluation time 0.166239 value 1.435297 suggestion {'alpha': 0.00024022331445953238, 'batch_size': 19, 'beta_1': 0.9428975631385093, 'beta_2': 0.9999917469117282, 'epsilon': 9.336550960154862e-09, 'hidden_layer_sizes': 141, 'learning_rate_init': 0.00017877684958605804, 'tol': 1.2727972656957503e-05, 'validation_fraction': 0.7284580489389068}
observation time 0.000002, current best 0.265513 at iter 14
saving meta data: {'args': {'--uuid': 'c8004ab653a75c2486f8efdf2f378bca', '-db-root': '/home/ryedida/smoothness-hpo/bbo_challenge_starter_kit/output', '--opt-root': '/home/ryedida/smoothness-hpo/bbo_challenge_starter_kit/example_submissions', '--data-root': None, '--db': 'run_20240113_220618', '--opt': 'stcvx', '--data': 'iris', '--classifier': 'MLP-adam', '--metric': 'nll', '--calls': 15, '--suggestions': 1, '--jobs-file': None, '--verbose': False, 'dry_run': False, 'rev': 'a376313', 'opt_rev': 'x.x.x'}, 'signature': ([{'alpha': 0.019628224813442792, 'batch_size': 182, 'beta_1': 0.9410202200271762, 'beta_2': 0.9998021557676793, 'epsilon': 1.8662266976518e-08, 'hidden_layer_sizes': 147, 'learning_rate_init': 0.0005627932047415167, 'tol': 0.03690557729213761, 'validation_fraction': 0.8846827852548593}, {'alpha': 0.0019982467392329444, 'batch_size': 200, 'beta_1': 0.919111482530466, 'beta_2': 0.9998488260436156, 'epsilon': 5.981221901152555e-07, 'hidden_layer_sizes': 61, 'learning_rate_init': 2.2310905607443014e-05, 'tol': 1.2046852412030316e-05, 'validation_fraction': 0.8117896445826539}, {'alpha': 0.46659545670218433, 'batch_size': 219, 'beta_1': 0.9889789783750891, 'beta_2': 0.9999896868093284, 'epsilon': 2.4234724484675948e-08, 'hidden_layer_sizes': 167, 'learning_rate_init': 2.972334644335654e-05, 'tol': 0.0036281404040243792, 'validation_fraction': 0.17260651658522078}, {'alpha': 4.656005689076002, 'batch_size': 135, 'beta_1': 0.870503881627747, 'beta_2': 0.9948873266941017, 'epsilon': 2.1023308743480125e-07, 'hidden_layer_sizes': 118, 'learning_rate_init': 0.0018781738757161913, 'tol': 1.1889379831773004e-05, 'validation_fraction': 0.6264327093752792}, {'alpha': 0.04705159350400542, 'batch_size': 158, 'beta_1': 0.9870884262730957, 'beta_2': 0.9999596874382349, 'epsilon': 1.1981845126013875e-08, 'hidden_layer_sizes': 116, 'learning_rate_init': 0.00617340520407431, 'tol': 1.741413418158619e-05, 'validation_fraction': 0.6754299026638921}], [1.3105719841770722, 1.7760947732249062, 1.4322107566090756, 0.9097804858215804, 0.5745987066718419])}
saving results
saving timing
saving suggest log
done
