running: {'--uuid': 'dca959ad3ba350c7be4ab91f654825bc', '-db-root': '/home/ryedida/smoothness-hpo/bbo_challenge_starter_kit/output', '--opt-root': '/home/ryedida/smoothness-hpo/bbo_challenge_starter_kit/example_submissions', '--data-root': None, '--db': 'run_20240113_220618', '--opt': 'stcvx', '--data': 'iris', '--classifier': 'MLP-adam', '--metric': 'nll', '--calls': 15, '--suggestions': 1, '--jobs-file': None, '--verbose': False, 'dry_run': False, 'rev': 'a376313', 'opt_rev': 'x.x.x'}
cmd: python stcvx/optimizer.py -c MLP-adam -d iris -o stcvx -u dca959ad3ba350c7be4ab91f654825bc -m nll -n 15 -p 1 -dir /home/ryedida/smoothness-hpo/bbo_challenge_starter_kit/output -b run_20240113_220618
/home/ryedida/.local/lib/python3.8/site-packages/sklearn/neural_network/_multilayer_perceptron.py:603: UserWarning: Got `batch_size` less than 1 or larger than sample size. It is going to be clipped
  warnings.warn(

/home/ryedida/.local/lib/python3.8/site-packages/sklearn/neural_network/_multilayer_perceptron.py:603: UserWarning: Got `batch_size` less than 1 or larger than sample size. It is going to be clipped
  warnings.warn(

/home/ryedida/.local/lib/python3.8/site-packages/sklearn/neural_network/_multilayer_perceptron.py:603: UserWarning: Got `batch_size` less than 1 or larger than sample size. It is going to be clipped
  warnings.warn(

/home/ryedida/.local/lib/python3.8/site-packages/sklearn/neural_network/_multilayer_perceptron.py:603: UserWarning: Got `batch_size` less than 1 or larger than sample size. It is going to be clipped
  warnings.warn(

/home/ryedida/.local/lib/python3.8/site-packages/sklearn/neural_network/_multilayer_perceptron.py:603: UserWarning: Got `batch_size` less than 1 or larger than sample size. It is going to be clipped
  warnings.warn(

computed signature: ([{'alpha': 0.019628224813442792, 'batch_size': 182, 'beta_1': 0.9410202200271762, 'beta_2': 0.9998021557676793, 'epsilon': 1.8662266976518e-08, 'hidden_layer_sizes': 147, 'learning_rate_init': 0.0005627932047415167, 'tol': 0.03690557729213761, 'validation_fraction': 0.8846827852548593}, {'alpha': 0.0019982467392329444, 'batch_size': 200, 'beta_1': 0.919111482530466, 'beta_2': 0.9998488260436156, 'epsilon': 5.981221901152555e-07, 'hidden_layer_sizes': 61, 'learning_rate_init': 2.2310905607443014e-05, 'tol': 1.2046852412030316e-05, 'validation_fraction': 0.8117896445826539}, {'alpha': 0.46659545670218433, 'batch_size': 219, 'beta_1': 0.9889789783750891, 'beta_2': 0.9999896868093284, 'epsilon': 2.4234724484675948e-08, 'hidden_layer_sizes': 167, 'learning_rate_init': 2.972334644335654e-05, 'tol': 0.0036281404040243792, 'validation_fraction': 0.17260651658522078}, {'alpha': 4.656005689076002, 'batch_size': 135, 'beta_1': 0.870503881627747, 'beta_2': 0.9948873266941017, 'epsilon': 2.1023308743480125e-07, 'hidden_layer_sizes': 118, 'learning_rate_init': 0.0018781738757161913, 'tol': 1.1889379831773004e-05, 'validation_fraction': 0.6264327093752792}, {'alpha': 0.04705159350400542, 'batch_size': 158, 'beta_1': 0.9870884262730957, 'beta_2': 0.9999596874382349, 'epsilon': 1.1981845126013875e-08, 'hidden_layer_sizes': 116, 'learning_rate_init': 0.00617340520407431, 'tol': 1.741413418158619e-05, 'validation_fraction': 0.6754299026638921}], [1.3105719841770722, 1.7760947732249062, 1.4322107566090756, 0.9097804858215804, 0.5745987066718419])
/home/ryedida/.local/lib/python3.8/site-packages/bayesmark/experiment.py:469: UserWarning: Baselines not found. Will not log intermediate scores.
  warnings.warn("Baselines not found. Will not log intermediate scores.")

starting sklearn study stcvx MLP-adam iris nll 15 1
with data root: None
suggestion time taken 29.087534 iter 0 next_points [{'alpha': 0.007712184841088009, 'batch_size': 12, 'beta_1': 0.5306134948897478, 'beta_2': 0.9977708349126968, 'epsilon': 1.1255178285701642e-08, 'hidden_layer_sizes': 101, 'learning_rate_init': 3.798707799033254e-05, 'tol': 0.0028692637868021256, 'validation_fraction': 0.46687150105146413}]
function_evaluation time 0.201478 value 1.265046 suggestion {'alpha': 0.007712184841088009, 'batch_size': 12, 'beta_1': 0.5306134948897478, 'beta_2': 0.9977708349126968, 'epsilon': 1.1255178285701642e-08, 'hidden_layer_sizes': 101, 'learning_rate_init': 3.798707799033254e-05, 'tol': 0.0028692637868021256, 'validation_fraction': 0.46687150105146413}
observation time 0.000002, current best 1.265046 at iter 0
suggestion time taken 27.717662 iter 1 next_points [{'alpha': 0.21386770128357763, 'batch_size': 69, 'beta_1': 0.7928633204795065, 'beta_2': 0.9999980342380832, 'epsilon': 1.1801920270072423e-09, 'hidden_layer_sizes': 95, 'learning_rate_init': 0.0015580698764682205, 'tol': 0.0001039757814713325, 'validation_fraction': 0.7037426953642967}]
/home/ryedida/.local/lib/python3.8/site-packages/sklearn/neural_network/_multilayer_perceptron.py:603: UserWarning: Got `batch_size` less than 1 or larger than sample size. It is going to be clipped
  warnings.warn(

function_evaluation time 0.243412 value 0.792459 suggestion {'alpha': 0.21386770128357763, 'batch_size': 69, 'beta_1': 0.7928633204795065, 'beta_2': 0.9999980342380832, 'epsilon': 1.1801920270072423e-09, 'hidden_layer_sizes': 95, 'learning_rate_init': 0.0015580698764682205, 'tol': 0.0001039757814713325, 'validation_fraction': 0.7037426953642967}
observation time 0.000005, current best 0.792459 at iter 1
suggestion time taken 26.239211 iter 2 next_points [{'alpha': 0.009098716868633965, 'batch_size': 16, 'beta_1': 0.7818080931186738, 'beta_2': 0.9973159116035558, 'epsilon': 1.7029128069504127e-08, 'hidden_layer_sizes': 174, 'learning_rate_init': 0.00352628077496503, 'tol': 0.0056949624445063, 'validation_fraction': 0.7871284146478968}]
function_evaluation time 0.211442 value 0.590532 suggestion {'alpha': 0.009098716868633965, 'batch_size': 16, 'beta_1': 0.7818080931186738, 'beta_2': 0.9973159116035558, 'epsilon': 1.7029128069504127e-08, 'hidden_layer_sizes': 174, 'learning_rate_init': 0.00352628077496503, 'tol': 0.0056949624445063, 'validation_fraction': 0.7871284146478968}
observation time 0.000006, current best 0.590532 at iter 2
suggestion time taken 24.916867 iter 3 next_points [{'alpha': 0.005164821605005436, 'batch_size': 37, 'beta_1': 0.9683507532925365, 'beta_2': 0.999995960871899, 'epsilon': 1.6254195657372967e-07, 'hidden_layer_sizes': 91, 'learning_rate_init': 0.021147089854699493, 'tol': 0.000484160835584986, 'validation_fraction': 0.6813071274327019}]
function_evaluation time 0.236435 value 0.330595 suggestion {'alpha': 0.005164821605005436, 'batch_size': 37, 'beta_1': 0.9683507532925365, 'beta_2': 0.999995960871899, 'epsilon': 1.6254195657372967e-07, 'hidden_layer_sizes': 91, 'learning_rate_init': 0.021147089854699493, 'tol': 0.000484160835584986, 'validation_fraction': 0.6813071274327019}
observation time 0.000002, current best 0.330595 at iter 3
suggestion time taken 25.299093 iter 4 next_points [{'alpha': 0.002114592444009834, 'batch_size': 15, 'beta_1': 0.9882390802702804, 'beta_2': 0.9881495279726343, 'epsilon': 7.444843254043365e-08, 'hidden_layer_sizes': 63, 'learning_rate_init': 6.371275846538651e-05, 'tol': 0.014169382082256956, 'validation_fraction': 0.3002869395589194}]
function_evaluation time 0.196541 value 1.740973 suggestion {'alpha': 0.002114592444009834, 'batch_size': 15, 'beta_1': 0.9882390802702804, 'beta_2': 0.9881495279726343, 'epsilon': 7.444843254043365e-08, 'hidden_layer_sizes': 63, 'learning_rate_init': 6.371275846538651e-05, 'tol': 0.014169382082256956, 'validation_fraction': 0.3002869395589194}
observation time 0.000005, current best 0.330595 at iter 4
suggestion time taken 23.767687 iter 5 next_points [{'alpha': 0.7053598799396689, 'batch_size': 23, 'beta_1': 0.5861052948794226, 'beta_2': 0.998989458882696, 'epsilon': 5.567979485221261e-07, 'hidden_layer_sizes': 135, 'learning_rate_init': 0.0009158480866757278, 'tol': 0.003986713025988893, 'validation_fraction': 0.6517054792182775}]
function_evaluation time 0.266829 value 0.773156 suggestion {'alpha': 0.7053598799396689, 'batch_size': 23, 'beta_1': 0.5861052948794226, 'beta_2': 0.998989458882696, 'epsilon': 5.567979485221261e-07, 'hidden_layer_sizes': 135, 'learning_rate_init': 0.0009158480866757278, 'tol': 0.003986713025988893, 'validation_fraction': 0.6517054792182775}
observation time 0.000002, current best 0.330595 at iter 5
suggestion time taken 24.541435 iter 6 next_points [{'alpha': 4.342505193335704, 'batch_size': 13, 'beta_1': 0.781964753745267, 'beta_2': 0.9998459388344249, 'epsilon': 3.6418257718509115e-07, 'hidden_layer_sizes': 58, 'learning_rate_init': 8.598675452253936e-05, 'tol': 0.01562191014276435, 'validation_fraction': 0.5750580289857795}]
function_evaluation time 0.236103 value 1.836845 suggestion {'alpha': 4.342505193335704, 'batch_size': 13, 'beta_1': 0.781964753745267, 'beta_2': 0.9998459388344249, 'epsilon': 3.6418257718509115e-07, 'hidden_layer_sizes': 58, 'learning_rate_init': 8.598675452253936e-05, 'tol': 0.01562191014276435, 'validation_fraction': 0.5750580289857795}
observation time 0.000002, current best 0.330595 at iter 6
suggestion time taken 24.675502 iter 7 next_points [{'alpha': 0.03237953872363683, 'batch_size': 25, 'beta_1': 0.9317287373668081, 'beta_2': 0.9991304224945543, 'epsilon': 1.025205644752922e-08, 'hidden_layer_sizes': 136, 'learning_rate_init': 3.387486279645198e-05, 'tol': 0.011124630648849354, 'validation_fraction': 0.1839062122595092}]
function_evaluation time 0.176499 value 1.213129 suggestion {'alpha': 0.03237953872363683, 'batch_size': 25, 'beta_1': 0.9317287373668081, 'beta_2': 0.9991304224945543, 'epsilon': 1.025205644752922e-08, 'hidden_layer_sizes': 136, 'learning_rate_init': 3.387486279645198e-05, 'tol': 0.011124630648849354, 'validation_fraction': 0.1839062122595092}
observation time 0.000002, current best 0.330595 at iter 7
suggestion time taken 24.097231 iter 8 next_points [{'alpha': 0.012790261653753073, 'batch_size': 19, 'beta_1': 0.7740921511143897, 'beta_2': 0.9999045548091925, 'epsilon': 3.900981239667672e-09, 'hidden_layer_sizes': 69, 'learning_rate_init': 0.004055743295205158, 'tol': 8.49058963669837e-05, 'validation_fraction': 0.25394289911410656}]
function_evaluation time 0.327453 value 0.464557 suggestion {'alpha': 0.012790261653753073, 'batch_size': 19, 'beta_1': 0.7740921511143897, 'beta_2': 0.9999045548091925, 'epsilon': 3.900981239667672e-09, 'hidden_layer_sizes': 69, 'learning_rate_init': 0.004055743295205158, 'tol': 8.49058963669837e-05, 'validation_fraction': 0.25394289911410656}
observation time 0.000002, current best 0.330595 at iter 8
suggestion time taken 23.504546 iter 9 next_points [{'alpha': 0.0001671474327442994, 'batch_size': 19, 'beta_1': 0.7424419354789681, 'beta_2': 0.9999427885009926, 'epsilon': 5.609003119427133e-08, 'hidden_layer_sizes': 163, 'learning_rate_init': 0.00010194052834580865, 'tol': 0.0023280098859476974, 'validation_fraction': 0.38505912945996523}]
function_evaluation time 0.227945 value 1.325346 suggestion {'alpha': 0.0001671474327442994, 'batch_size': 19, 'beta_1': 0.7424419354789681, 'beta_2': 0.9999427885009926, 'epsilon': 5.609003119427133e-08, 'hidden_layer_sizes': 163, 'learning_rate_init': 0.00010194052834580865, 'tol': 0.0023280098859476974, 'validation_fraction': 0.38505912945996523}
observation time 0.000002, current best 0.330595 at iter 9
suggestion time taken 24.031880 iter 10 next_points [{'alpha': 0.07783079923424256, 'batch_size': 15, 'beta_1': 0.9518826778484735, 'beta_2': 0.9612634498330718, 'epsilon': 4.354954780619366e-07, 'hidden_layer_sizes': 122, 'learning_rate_init': 3.433421395450442e-05, 'tol': 2.6784233458561846e-05, 'validation_fraction': 0.11122553211783323}]
function_evaluation time 0.243019 value 1.365400 suggestion {'alpha': 0.07783079923424256, 'batch_size': 15, 'beta_1': 0.9518826778484735, 'beta_2': 0.9612634498330718, 'epsilon': 4.354954780619366e-07, 'hidden_layer_sizes': 122, 'learning_rate_init': 3.433421395450442e-05, 'tol': 2.6784233458561846e-05, 'validation_fraction': 0.11122553211783323}
observation time 0.000002, current best 0.330595 at iter 10
suggestion time taken 26.076813 iter 11 next_points [{'alpha': 0.10754078699729197, 'batch_size': 23, 'beta_1': 0.9518910689499827, 'beta_2': 0.9955081952832595, 'epsilon': 2.1291373558678773e-09, 'hidden_layer_sizes': 161, 'learning_rate_init': 0.032830386926740604, 'tol': 0.07450198911543136, 'validation_fraction': 0.7172359461083138}]
function_evaluation time 0.198206 value 0.297201 suggestion {'alpha': 0.10754078699729197, 'batch_size': 23, 'beta_1': 0.9518910689499827, 'beta_2': 0.9955081952832595, 'epsilon': 2.1291373558678773e-09, 'hidden_layer_sizes': 161, 'learning_rate_init': 0.032830386926740604, 'tol': 0.07450198911543136, 'validation_fraction': 0.7172359461083138}
observation time 0.000002, current best 0.297201 at iter 11
suggestion time taken 24.242386 iter 12 next_points [{'alpha': 0.7549239219955842, 'batch_size': 42, 'beta_1': 0.9765430513469423, 'beta_2': 0.9326594965480455, 'epsilon': 2.114264305039971e-09, 'hidden_layer_sizes': 91, 'learning_rate_init': 0.004934973100370939, 'tol': 0.017809382877173003, 'validation_fraction': 0.36479131010035204}]
function_evaluation time 0.256510 value 0.407145 suggestion {'alpha': 0.7549239219955842, 'batch_size': 42, 'beta_1': 0.9765430513469423, 'beta_2': 0.9326594965480455, 'epsilon': 2.114264305039971e-09, 'hidden_layer_sizes': 91, 'learning_rate_init': 0.004934973100370939, 'tol': 0.017809382877173003, 'validation_fraction': 0.36479131010035204}
observation time 0.000002, current best 0.297201 at iter 12
suggestion time taken 23.028189 iter 13 next_points [{'alpha': 5.413772629676255, 'batch_size': 12, 'beta_1': 0.9576288276175895, 'beta_2': 0.9822506263974045, 'epsilon': 4.559909647456901e-09, 'hidden_layer_sizes': 148, 'learning_rate_init': 0.0001921117936061046, 'tol': 6.0983704785242024e-05, 'validation_fraction': 0.4519740343797555}]
function_evaluation time 0.282809 value 1.080456 suggestion {'alpha': 5.413772629676255, 'batch_size': 12, 'beta_1': 0.9576288276175895, 'beta_2': 0.9822506263974045, 'epsilon': 4.559909647456901e-09, 'hidden_layer_sizes': 148, 'learning_rate_init': 0.0001921117936061046, 'tol': 6.0983704785242024e-05, 'validation_fraction': 0.4519740343797555}
observation time 0.000002, current best 0.297201 at iter 13
suggestion time taken 23.519303 iter 14 next_points [{'alpha': 0.0004825376424583604, 'batch_size': 22, 'beta_1': 0.6496047995456464, 'beta_2': 0.9998210287358601, 'epsilon': 1.3434397712534484e-09, 'hidden_layer_sizes': 85, 'learning_rate_init': 0.00027418723480986877, 'tol': 0.002341215942619858, 'validation_fraction': 0.7136299078297483}]
function_evaluation time 0.153272 value 1.220765 suggestion {'alpha': 0.0004825376424583604, 'batch_size': 22, 'beta_1': 0.6496047995456464, 'beta_2': 0.9998210287358601, 'epsilon': 1.3434397712534484e-09, 'hidden_layer_sizes': 85, 'learning_rate_init': 0.00027418723480986877, 'tol': 0.002341215942619858, 'validation_fraction': 0.7136299078297483}
observation time 0.000002, current best 0.297201 at iter 14
saving meta data: {'args': {'--uuid': 'dca959ad3ba350c7be4ab91f654825bc', '-db-root': '/home/ryedida/smoothness-hpo/bbo_challenge_starter_kit/output', '--opt-root': '/home/ryedida/smoothness-hpo/bbo_challenge_starter_kit/example_submissions', '--data-root': None, '--db': 'run_20240113_220618', '--opt': 'stcvx', '--data': 'iris', '--classifier': 'MLP-adam', '--metric': 'nll', '--calls': 15, '--suggestions': 1, '--jobs-file': None, '--verbose': False, 'dry_run': False, 'rev': 'a376313', 'opt_rev': 'x.x.x'}, 'signature': ([{'alpha': 0.019628224813442792, 'batch_size': 182, 'beta_1': 0.9410202200271762, 'beta_2': 0.9998021557676793, 'epsilon': 1.8662266976518e-08, 'hidden_layer_sizes': 147, 'learning_rate_init': 0.0005627932047415167, 'tol': 0.03690557729213761, 'validation_fraction': 0.8846827852548593}, {'alpha': 0.0019982467392329444, 'batch_size': 200, 'beta_1': 0.919111482530466, 'beta_2': 0.9998488260436156, 'epsilon': 5.981221901152555e-07, 'hidden_layer_sizes': 61, 'learning_rate_init': 2.2310905607443014e-05, 'tol': 1.2046852412030316e-05, 'validation_fraction': 0.8117896445826539}, {'alpha': 0.46659545670218433, 'batch_size': 219, 'beta_1': 0.9889789783750891, 'beta_2': 0.9999896868093284, 'epsilon': 2.4234724484675948e-08, 'hidden_layer_sizes': 167, 'learning_rate_init': 2.972334644335654e-05, 'tol': 0.0036281404040243792, 'validation_fraction': 0.17260651658522078}, {'alpha': 4.656005689076002, 'batch_size': 135, 'beta_1': 0.870503881627747, 'beta_2': 0.9948873266941017, 'epsilon': 2.1023308743480125e-07, 'hidden_layer_sizes': 118, 'learning_rate_init': 0.0018781738757161913, 'tol': 1.1889379831773004e-05, 'validation_fraction': 0.6264327093752792}, {'alpha': 0.04705159350400542, 'batch_size': 158, 'beta_1': 0.9870884262730957, 'beta_2': 0.9999596874382349, 'epsilon': 1.1981845126013875e-08, 'hidden_layer_sizes': 116, 'learning_rate_init': 0.00617340520407431, 'tol': 1.741413418158619e-05, 'validation_fraction': 0.6754299026638921}], [1.3105719841770722, 1.7760947732249062, 1.4322107566090756, 0.9097804858215804, 0.5745987066718419])}
saving results
saving timing
saving suggest log
done
