running: {'--uuid': 'fbd8532f826a5e79a6a768a4ce4ddefe', '-db-root': '/home/ryedida/smoothness-hpo/bbo_challenge_starter_kit/output', '--opt-root': '/home/ryedida/smoothness-hpo/bbo_challenge_starter_kit/example_submissions', '--data-root': None, '--db': 'run_20240113_220618', '--opt': 'random', '--data': 'iris', '--classifier': 'MLP-adam', '--metric': 'nll', '--calls': 15, '--suggestions': 1, '--jobs-file': None, '--verbose': False, 'dry_run': False, 'rev': 'a376313', 'opt_rev': '0.0.8'}
cmd: python /home/ryedida/.local/bin/bayesmark-exp -c MLP-adam -d iris -o random -u fbd8532f826a5e79a6a768a4ce4ddefe -m nll -n 15 -p 1 -dir /home/ryedida/smoothness-hpo/bbo_challenge_starter_kit/output -b run_20240113_220618
/home/ryedida/.local/lib/python3.8/site-packages/sklearn/neural_network/_multilayer_perceptron.py:603: UserWarning: Got `batch_size` less than 1 or larger than sample size. It is going to be clipped
  warnings.warn(

/home/ryedida/.local/lib/python3.8/site-packages/sklearn/neural_network/_multilayer_perceptron.py:603: UserWarning: Got `batch_size` less than 1 or larger than sample size. It is going to be clipped
  warnings.warn(

/home/ryedida/.local/lib/python3.8/site-packages/sklearn/neural_network/_multilayer_perceptron.py:603: UserWarning: Got `batch_size` less than 1 or larger than sample size. It is going to be clipped
  warnings.warn(

/home/ryedida/.local/lib/python3.8/site-packages/sklearn/neural_network/_multilayer_perceptron.py:603: UserWarning: Got `batch_size` less than 1 or larger than sample size. It is going to be clipped
  warnings.warn(

/home/ryedida/.local/lib/python3.8/site-packages/sklearn/neural_network/_multilayer_perceptron.py:603: UserWarning: Got `batch_size` less than 1 or larger than sample size. It is going to be clipped
  warnings.warn(

computed signature: ([{'alpha': 0.019628224813442792, 'batch_size': 182, 'beta_1': 0.9410202200271762, 'beta_2': 0.9998021557676793, 'epsilon': 1.8662266976518e-08, 'hidden_layer_sizes': 147, 'learning_rate_init': 0.0005627932047415167, 'tol': 0.03690557729213761, 'validation_fraction': 0.8846827852548593}, {'alpha': 0.0019982467392329444, 'batch_size': 200, 'beta_1': 0.919111482530466, 'beta_2': 0.9998488260436156, 'epsilon': 5.981221901152555e-07, 'hidden_layer_sizes': 61, 'learning_rate_init': 2.2310905607443014e-05, 'tol': 1.2046852412030316e-05, 'validation_fraction': 0.8117896445826539}, {'alpha': 0.46659545670218433, 'batch_size': 219, 'beta_1': 0.9889789783750891, 'beta_2': 0.9999896868093284, 'epsilon': 2.4234724484675948e-08, 'hidden_layer_sizes': 167, 'learning_rate_init': 2.972334644335654e-05, 'tol': 0.0036281404040243792, 'validation_fraction': 0.17260651658522078}, {'alpha': 4.656005689076002, 'batch_size': 135, 'beta_1': 0.870503881627747, 'beta_2': 0.9948873266941017, 'epsilon': 2.1023308743480125e-07, 'hidden_layer_sizes': 118, 'learning_rate_init': 0.0018781738757161913, 'tol': 1.1889379831773004e-05, 'validation_fraction': 0.6264327093752792}, {'alpha': 0.04705159350400542, 'batch_size': 158, 'beta_1': 0.9870884262730957, 'beta_2': 0.9999596874382349, 'epsilon': 1.1981845126013875e-08, 'hidden_layer_sizes': 116, 'learning_rate_init': 0.00617340520407431, 'tol': 1.741413418158619e-05, 'validation_fraction': 0.6754299026638921}], [1.3105719841770722, 1.7760947732249062, 1.4322107566090756, 0.9097804858215804, 0.5745987066718419])
/home/ryedida/.local/lib/python3.8/site-packages/bayesmark/experiment.py:469: UserWarning: Baselines not found. Will not log intermediate scores.
  warnings.warn("Baselines not found. Will not log intermediate scores.")

starting sklearn study random MLP-adam iris nll 15 1
with data root: None
suggestion time taken 0.003344 iter 0 next_points [{'alpha': 1.3184997893565026e-05, 'batch_size': 127, 'beta_1': 0.739376811134156, 'beta_2': 0.9999774061592404, 'epsilon': 2.412354470013025e-07, 'hidden_layer_sizes': 169, 'learning_rate_init': 0.0006952955285320374, 'tol': 3.440814442585333e-05, 'validation_fraction': 0.3899151021795941}]
/home/ryedida/.local/lib/python3.8/site-packages/sklearn/neural_network/_multilayer_perceptron.py:603: UserWarning: Got `batch_size` less than 1 or larger than sample size. It is going to be clipped
  warnings.warn(

function_evaluation time 0.169181 value 1.003148 suggestion {'alpha': 1.3184997893565026e-05, 'batch_size': 127, 'beta_1': 0.739376811134156, 'beta_2': 0.9999774061592404, 'epsilon': 2.412354470013025e-07, 'hidden_layer_sizes': 169, 'learning_rate_init': 0.0006952955285320374, 'tol': 3.440814442585333e-05, 'validation_fraction': 0.3899151021795941}
observation time 0.000001, current best 1.003148 at iter 0
suggestion time taken 0.003316 iter 1 next_points [{'alpha': 0.00132262082358777, 'batch_size': 165, 'beta_1': 0.8318080212584674, 'beta_2': 0.9999710249212024, 'epsilon': 1.2271324957221908e-08, 'hidden_layer_sizes': 71, 'learning_rate_init': 0.0071767706846523616, 'tol': 0.0011320278607439545, 'validation_fraction': 0.4285635787117885}]
/home/ryedida/.local/lib/python3.8/site-packages/sklearn/neural_network/_multilayer_perceptron.py:603: UserWarning: Got `batch_size` less than 1 or larger than sample size. It is going to be clipped
  warnings.warn(

function_evaluation time 0.189675 value 0.528834 suggestion {'alpha': 0.00132262082358777, 'batch_size': 165, 'beta_1': 0.8318080212584674, 'beta_2': 0.9999710249212024, 'epsilon': 1.2271324957221908e-08, 'hidden_layer_sizes': 71, 'learning_rate_init': 0.0071767706846523616, 'tol': 0.0011320278607439545, 'validation_fraction': 0.4285635787117885}
observation time 0.000001, current best 0.528834 at iter 1
suggestion time taken 0.003290 iter 2 next_points [{'alpha': 1.0051746711432106, 'batch_size': 229, 'beta_1': 0.9347458404351665, 'beta_2': 0.9229993618974062, 'epsilon': 1.9099312239017575e-08, 'hidden_layer_sizes': 112, 'learning_rate_init': 0.0012099068347802054, 'tol': 6.271850308503287e-05, 'validation_fraction': 0.6320032615842699}]
/home/ryedida/.local/lib/python3.8/site-packages/sklearn/neural_network/_multilayer_perceptron.py:603: UserWarning: Got `batch_size` less than 1 or larger than sample size. It is going to be clipped
  warnings.warn(

function_evaluation time 0.112109 value 1.168018 suggestion {'alpha': 1.0051746711432106, 'batch_size': 229, 'beta_1': 0.9347458404351665, 'beta_2': 0.9229993618974062, 'epsilon': 1.9099312239017575e-08, 'hidden_layer_sizes': 112, 'learning_rate_init': 0.0012099068347802054, 'tol': 6.271850308503287e-05, 'validation_fraction': 0.6320032615842699}
observation time 0.000001, current best 0.528834 at iter 2
suggestion time taken 0.003279 iter 3 next_points [{'alpha': 0.0029673036228664773, 'batch_size': 238, 'beta_1': 0.9809915578380325, 'beta_2': 0.9999962724636079, 'epsilon': 1.4572339070811648e-09, 'hidden_layer_sizes': 131, 'learning_rate_init': 0.002785084934713944, 'tol': 0.0004784963979750484, 'validation_fraction': 0.3112165665882761}]
/home/ryedida/.local/lib/python3.8/site-packages/sklearn/neural_network/_multilayer_perceptron.py:603: UserWarning: Got `batch_size` less than 1 or larger than sample size. It is going to be clipped
  warnings.warn(

function_evaluation time 0.159811 value 0.800358 suggestion {'alpha': 0.0029673036228664773, 'batch_size': 238, 'beta_1': 0.9809915578380325, 'beta_2': 0.9999962724636079, 'epsilon': 1.4572339070811648e-09, 'hidden_layer_sizes': 131, 'learning_rate_init': 0.002785084934713944, 'tol': 0.0004784963979750484, 'validation_fraction': 0.3112165665882761}
observation time 0.000000, current best 0.528834 at iter 3
suggestion time taken 0.003269 iter 4 next_points [{'alpha': 0.8206174020874288, 'batch_size': 134, 'beta_1': 0.609746207165098, 'beta_2': 0.941772772487767, 'epsilon': 1.8932741936710492e-07, 'hidden_layer_sizes': 159, 'learning_rate_init': 2.6469944624675017e-05, 'tol': 0.0004576061040924694, 'validation_fraction': 0.7663604346752839}]
/home/ryedida/.local/lib/python3.8/site-packages/sklearn/neural_network/_multilayer_perceptron.py:603: UserWarning: Got `batch_size` less than 1 or larger than sample size. It is going to be clipped
  warnings.warn(

function_evaluation time 0.091959 value 1.391635 suggestion {'alpha': 0.8206174020874288, 'batch_size': 134, 'beta_1': 0.609746207165098, 'beta_2': 0.941772772487767, 'epsilon': 1.8932741936710492e-07, 'hidden_layer_sizes': 159, 'learning_rate_init': 2.6469944624675017e-05, 'tol': 0.0004576061040924694, 'validation_fraction': 0.7663604346752839}
observation time 0.000001, current best 0.528834 at iter 4
suggestion time taken 0.003274 iter 5 next_points [{'alpha': 4.0218750751150165e-05, 'batch_size': 21, 'beta_1': 0.9351374956795264, 'beta_2': 0.9994016021710981, 'epsilon': 3.0682955538107033e-09, 'hidden_layer_sizes': 191, 'learning_rate_init': 0.022039637976966654, 'tol': 0.00010721977538924083, 'validation_fraction': 0.4728743981360597}]
function_evaluation time 0.294960 value 0.238182 suggestion {'alpha': 4.0218750751150165e-05, 'batch_size': 21, 'beta_1': 0.9351374956795264, 'beta_2': 0.9994016021710981, 'epsilon': 3.0682955538107033e-09, 'hidden_layer_sizes': 191, 'learning_rate_init': 0.022039637976966654, 'tol': 0.00010721977538924083, 'validation_fraction': 0.4728743981360597}
observation time 0.000001, current best 0.238182 at iter 5
suggestion time taken 0.003260 iter 6 next_points [{'alpha': 0.9633677720400964, 'batch_size': 101, 'beta_1': 0.9334352435660973, 'beta_2': 0.9175287095074381, 'epsilon': 8.867228315009112e-09, 'hidden_layer_sizes': 112, 'learning_rate_init': 0.08911205179673858, 'tol': 0.023238391097585145, 'validation_fraction': 0.35439097641722894}]
/home/ryedida/.local/lib/python3.8/site-packages/sklearn/neural_network/_multilayer_perceptron.py:603: UserWarning: Got `batch_size` less than 1 or larger than sample size. It is going to be clipped
  warnings.warn(

function_evaluation time 0.147068 value 0.829088 suggestion {'alpha': 0.9633677720400964, 'batch_size': 101, 'beta_1': 0.9334352435660973, 'beta_2': 0.9175287095074381, 'epsilon': 8.867228315009112e-09, 'hidden_layer_sizes': 112, 'learning_rate_init': 0.08911205179673858, 'tol': 0.023238391097585145, 'validation_fraction': 0.35439097641722894}
observation time 0.000006, current best 0.238182 at iter 6
suggestion time taken 0.003276 iter 7 next_points [{'alpha': 8.319615769002256e-05, 'batch_size': 30, 'beta_1': 0.7537154357672416, 'beta_2': 0.9727004545566904, 'epsilon': 1.3338178478720942e-08, 'hidden_layer_sizes': 94, 'learning_rate_init': 0.0005713328455618327, 'tol': 0.032968827024337434, 'validation_fraction': 0.26519939443236845}]
function_evaluation time 0.204392 value 1.004957 suggestion {'alpha': 8.319615769002256e-05, 'batch_size': 30, 'beta_1': 0.7537154357672416, 'beta_2': 0.9727004545566904, 'epsilon': 1.3338178478720942e-08, 'hidden_layer_sizes': 94, 'learning_rate_init': 0.0005713328455618327, 'tol': 0.032968827024337434, 'validation_fraction': 0.26519939443236845}
observation time 0.000010, current best 0.238182 at iter 7
suggestion time taken 0.003947 iter 8 next_points [{'alpha': 0.0013039189831781067, 'batch_size': 211, 'beta_1': 0.9608183630731337, 'beta_2': 0.9998983268392314, 'epsilon': 5.520475549536008e-07, 'hidden_layer_sizes': 162, 'learning_rate_init': 1.3501911010121653e-05, 'tol': 0.0002682707883968224, 'validation_fraction': 0.8174624704218156}]
/home/ryedida/.local/lib/python3.8/site-packages/sklearn/neural_network/_multilayer_perceptron.py:603: UserWarning: Got `batch_size` less than 1 or larger than sample size. It is going to be clipped
  warnings.warn(

function_evaluation time 0.146401 value 1.216412 suggestion {'alpha': 0.0013039189831781067, 'batch_size': 211, 'beta_1': 0.9608183630731337, 'beta_2': 0.9998983268392314, 'epsilon': 5.520475549536008e-07, 'hidden_layer_sizes': 162, 'learning_rate_init': 1.3501911010121653e-05, 'tol': 0.0002682707883968224, 'validation_fraction': 0.8174624704218156}
observation time 0.000001, current best 0.238182 at iter 8
suggestion time taken 0.003314 iter 9 next_points [{'alpha': 0.03995513692906165, 'batch_size': 227, 'beta_1': 0.9895025648808795, 'beta_2': 0.9721151171328105, 'epsilon': 1.9367365086680399e-07, 'hidden_layer_sizes': 89, 'learning_rate_init': 0.0035674756999351164, 'tol': 0.0008742705108233422, 'validation_fraction': 0.2754623486596273}]
/home/ryedida/.local/lib/python3.8/site-packages/sklearn/neural_network/_multilayer_perceptron.py:603: UserWarning: Got `batch_size` less than 1 or larger than sample size. It is going to be clipped
  warnings.warn(

function_evaluation time 0.135783 value 0.907644 suggestion {'alpha': 0.03995513692906165, 'batch_size': 227, 'beta_1': 0.9895025648808795, 'beta_2': 0.9721151171328105, 'epsilon': 1.9367365086680399e-07, 'hidden_layer_sizes': 89, 'learning_rate_init': 0.0035674756999351164, 'tol': 0.0008742705108233422, 'validation_fraction': 0.2754623486596273}
observation time 0.000001, current best 0.238182 at iter 9
suggestion time taken 0.003282 iter 10 next_points [{'alpha': 0.0002528264099530097, 'batch_size': 172, 'beta_1': 0.734685881621606, 'beta_2': 0.9976907209965044, 'epsilon': 1.685438837712621e-09, 'hidden_layer_sizes': 144, 'learning_rate_init': 1.7094538615691327e-05, 'tol': 0.08773929898483337, 'validation_fraction': 0.8087885527969131}]
/home/ryedida/.local/lib/python3.8/site-packages/sklearn/neural_network/_multilayer_perceptron.py:603: UserWarning: Got `batch_size` less than 1 or larger than sample size. It is going to be clipped
  warnings.warn(

function_evaluation time 0.090747 value 1.257857 suggestion {'alpha': 0.0002528264099530097, 'batch_size': 172, 'beta_1': 0.734685881621606, 'beta_2': 0.9976907209965044, 'epsilon': 1.685438837712621e-09, 'hidden_layer_sizes': 144, 'learning_rate_init': 1.7094538615691327e-05, 'tol': 0.08773929898483337, 'validation_fraction': 0.8087885527969131}
observation time 0.000001, current best 0.238182 at iter 10
suggestion time taken 0.003275 iter 11 next_points [{'alpha': 0.0016541579196643953, 'batch_size': 55, 'beta_1': 0.8053758505454969, 'beta_2': 0.9999896642023111, 'epsilon': 1.1997523669679275e-07, 'hidden_layer_sizes': 133, 'learning_rate_init': 0.04474419766239697, 'tol': 0.006614294883210946, 'validation_fraction': 0.17367655639434398}]
function_evaluation time 0.185228 value 0.337718 suggestion {'alpha': 0.0016541579196643953, 'batch_size': 55, 'beta_1': 0.8053758505454969, 'beta_2': 0.9999896642023111, 'epsilon': 1.1997523669679275e-07, 'hidden_layer_sizes': 133, 'learning_rate_init': 0.04474419766239697, 'tol': 0.006614294883210946, 'validation_fraction': 0.17367655639434398}
observation time 0.000001, current best 0.238182 at iter 11
suggestion time taken 0.003262 iter 12 next_points [{'alpha': 2.731271287869298e-05, 'batch_size': 44, 'beta_1': 0.9839039249656821, 'beta_2': 0.9717570956172381, 'epsilon': 7.0328509564972445e-09, 'hidden_layer_sizes': 90, 'learning_rate_init': 0.00017442079128667187, 'tol': 0.00028436898408962664, 'validation_fraction': 0.735433895425009}]
/home/ryedida/.local/lib/python3.8/site-packages/sklearn/neural_network/_multilayer_perceptron.py:603: UserWarning: Got `batch_size` less than 1 or larger than sample size. It is going to be clipped
  warnings.warn(

function_evaluation time 0.093043 value 1.581517 suggestion {'alpha': 2.731271287869298e-05, 'batch_size': 44, 'beta_1': 0.9839039249656821, 'beta_2': 0.9717570956172381, 'epsilon': 7.0328509564972445e-09, 'hidden_layer_sizes': 90, 'learning_rate_init': 0.00017442079128667187, 'tol': 0.00028436898408962664, 'validation_fraction': 0.735433895425009}
observation time 0.000001, current best 0.238182 at iter 12
suggestion time taken 0.003287 iter 13 next_points [{'alpha': 0.03457228657708481, 'batch_size': 169, 'beta_1': 0.9774149345220945, 'beta_2': 0.9999934532106344, 'epsilon': 3.4847613754052765e-08, 'hidden_layer_sizes': 139, 'learning_rate_init': 0.024472482672632932, 'tol': 0.00012841550572360744, 'validation_fraction': 0.6764227171239828}]
/home/ryedida/.local/lib/python3.8/site-packages/sklearn/neural_network/_multilayer_perceptron.py:603: UserWarning: Got `batch_size` less than 1 or larger than sample size. It is going to be clipped
  warnings.warn(

function_evaluation time 0.194719 value 0.360123 suggestion {'alpha': 0.03457228657708481, 'batch_size': 169, 'beta_1': 0.9774149345220945, 'beta_2': 0.9999934532106344, 'epsilon': 3.4847613754052765e-08, 'hidden_layer_sizes': 139, 'learning_rate_init': 0.024472482672632932, 'tol': 0.00012841550572360744, 'validation_fraction': 0.6764227171239828}
observation time 0.000001, current best 0.238182 at iter 13
suggestion time taken 0.003252 iter 14 next_points [{'alpha': 0.03822976404093567, 'batch_size': 177, 'beta_1': 0.9889455501099783, 'beta_2': 0.9999989121561575, 'epsilon': 3.408905301251898e-08, 'hidden_layer_sizes': 64, 'learning_rate_init': 0.0017263109695076692, 'tol': 0.07004091975480951, 'validation_fraction': 0.3742179996561607}]
/home/ryedida/.local/lib/python3.8/site-packages/sklearn/neural_network/_multilayer_perceptron.py:603: UserWarning: Got `batch_size` less than 1 or larger than sample size. It is going to be clipped
  warnings.warn(

function_evaluation time 0.116593 value 1.268217 suggestion {'alpha': 0.03822976404093567, 'batch_size': 177, 'beta_1': 0.9889455501099783, 'beta_2': 0.9999989121561575, 'epsilon': 3.408905301251898e-08, 'hidden_layer_sizes': 64, 'learning_rate_init': 0.0017263109695076692, 'tol': 0.07004091975480951, 'validation_fraction': 0.3742179996561607}
observation time 0.000001, current best 0.238182 at iter 14
saving meta data: {'args': {'--uuid': 'fbd8532f826a5e79a6a768a4ce4ddefe', '-db-root': '/home/ryedida/smoothness-hpo/bbo_challenge_starter_kit/output', '--opt-root': '/home/ryedida/smoothness-hpo/bbo_challenge_starter_kit/example_submissions', '--data-root': None, '--db': 'run_20240113_220618', '--opt': 'random', '--data': 'iris', '--classifier': 'MLP-adam', '--metric': 'nll', '--calls': 15, '--suggestions': 1, '--jobs-file': None, '--verbose': False, 'dry_run': False, 'rev': 'a376313', 'opt_rev': '0.0.8'}, 'signature': ([{'alpha': 0.019628224813442792, 'batch_size': 182, 'beta_1': 0.9410202200271762, 'beta_2': 0.9998021557676793, 'epsilon': 1.8662266976518e-08, 'hidden_layer_sizes': 147, 'learning_rate_init': 0.0005627932047415167, 'tol': 0.03690557729213761, 'validation_fraction': 0.8846827852548593}, {'alpha': 0.0019982467392329444, 'batch_size': 200, 'beta_1': 0.919111482530466, 'beta_2': 0.9998488260436156, 'epsilon': 5.981221901152555e-07, 'hidden_layer_sizes': 61, 'learning_rate_init': 2.2310905607443014e-05, 'tol': 1.2046852412030316e-05, 'validation_fraction': 0.8117896445826539}, {'alpha': 0.46659545670218433, 'batch_size': 219, 'beta_1': 0.9889789783750891, 'beta_2': 0.9999896868093284, 'epsilon': 2.4234724484675948e-08, 'hidden_layer_sizes': 167, 'learning_rate_init': 2.972334644335654e-05, 'tol': 0.0036281404040243792, 'validation_fraction': 0.17260651658522078}, {'alpha': 4.656005689076002, 'batch_size': 135, 'beta_1': 0.870503881627747, 'beta_2': 0.9948873266941017, 'epsilon': 2.1023308743480125e-07, 'hidden_layer_sizes': 118, 'learning_rate_init': 0.0018781738757161913, 'tol': 1.1889379831773004e-05, 'validation_fraction': 0.6264327093752792}, {'alpha': 0.04705159350400542, 'batch_size': 158, 'beta_1': 0.9870884262730957, 'beta_2': 0.9999596874382349, 'epsilon': 1.1981845126013875e-08, 'hidden_layer_sizes': 116, 'learning_rate_init': 0.00617340520407431, 'tol': 1.741413418158619e-05, 'validation_fraction': 0.6754299026638921}], [1.3105719841770722, 1.7760947732249062, 1.4322107566090756, 0.9097804858215804, 0.5745987066718419])}
saving results
saving timing
saving suggest log
done
