running: {'--uuid': '020653fad031543a9ccf5b1b8337fdd2', '-db-root': '/home/ryedida/bbo_challenge_starter_kit/output', '--opt-root': '/home/ryedida/bbo_challenge_starter_kit/example_submissions', '--data-root': None, '--db': 'run_20231014_193210', '--opt': 'random', '--data': 'iris', '--classifier': 'MLP-adam', '--metric': 'acc', '--calls': 45, '--suggestions': 1, '--jobs-file': None, '--verbose': False, 'dry_run': False, 'rev': 'a376313', 'opt_rev': '0.0.8'}
cmd: python /home/ryedida/.local/bin/bayesmark-exp -c MLP-adam -d iris -o random -u 020653fad031543a9ccf5b1b8337fdd2 -m acc -n 45 -p 1 -dir /home/ryedida/bbo_challenge_starter_kit/output -b run_20231014_193210
/home/ryedida/.local/lib/python3.8/site-packages/sklearn/neural_network/_multilayer_perceptron.py:621: UserWarning: Got `batch_size` less than 1 or larger than sample size. It is going to be clipped
  warnings.warn(

/home/ryedida/.local/lib/python3.8/site-packages/sklearn/neural_network/_multilayer_perceptron.py:621: UserWarning: Got `batch_size` less than 1 or larger than sample size. It is going to be clipped
  warnings.warn(

/home/ryedida/.local/lib/python3.8/site-packages/sklearn/neural_network/_multilayer_perceptron.py:621: UserWarning: Got `batch_size` less than 1 or larger than sample size. It is going to be clipped
  warnings.warn(

/home/ryedida/.local/lib/python3.8/site-packages/sklearn/neural_network/_multilayer_perceptron.py:621: UserWarning: Got `batch_size` less than 1 or larger than sample size. It is going to be clipped
  warnings.warn(

/home/ryedida/.local/lib/python3.8/site-packages/sklearn/neural_network/_multilayer_perceptron.py:621: UserWarning: Got `batch_size` less than 1 or larger than sample size. It is going to be clipped
  warnings.warn(

computed signature: ([{'alpha': 0.019628224813442792, 'batch_size': 182, 'beta_1': 0.9410202200271762, 'beta_2': 0.9998021557676793, 'epsilon': 1.8662266976518e-08, 'hidden_layer_sizes': 147, 'learning_rate_init': 0.0005627932047415167, 'tol': 0.03690557729213761, 'validation_fraction': 0.8846827852548593}, {'alpha': 0.001998246739232944, 'batch_size': 200, 'beta_1': 0.919111482530466, 'beta_2': 0.9998488260436156, 'epsilon': 5.981221901152555e-07, 'hidden_layer_sizes': 61, 'learning_rate_init': 2.2310905607443014e-05, 'tol': 1.2046852412030316e-05, 'validation_fraction': 0.8117896445826539}, {'alpha': 0.46659545670218433, 'batch_size': 219, 'beta_1': 0.9889789783750891, 'beta_2': 0.9999896868093284, 'epsilon': 2.4234724484675948e-08, 'hidden_layer_sizes': 167, 'learning_rate_init': 2.972334644335654e-05, 'tol': 0.0036281404040243792, 'validation_fraction': 0.17260651658522078}, {'alpha': 4.656005689076002, 'batch_size': 135, 'beta_1': 0.870503881627747, 'beta_2': 0.9948873266941017, 'epsilon': 2.1023308743480125e-07, 'hidden_layer_sizes': 118, 'learning_rate_init': 0.001878173875716191, 'tol': 1.1889379831773006e-05, 'validation_fraction': 0.6264327093752792}, {'alpha': 0.04705159350400542, 'batch_size': 158, 'beta_1': 0.9870884262730957, 'beta_2': 0.9999596874382349, 'epsilon': 1.1981845126013875e-08, 'hidden_layer_sizes': 116, 'learning_rate_init': 0.006173405204074311, 'tol': 1.7414134181586194e-05, 'validation_fraction': 0.6754299026638921}], [-0.41666666666666663, -0.275, -0.3416666666666667, -0.725, -0.875])
/home/ryedida/.local/lib/python3.8/site-packages/bayesmark/experiment.py:470: UserWarning: Baselines not found. Will not log intermediate scores.
  warnings.warn("Baselines not found. Will not log intermediate scores.")

starting sklearn study random MLP-adam iris acc 45 1
with data root: None
suggestion time taken 0.003929 iter 0 next_points [{'alpha': 0.1746887043140899, 'batch_size': 125, 'beta_1': 0.9881814355126454, 'beta_2': 0.9916793536462604, 'epsilon': 4.592067293755939e-09, 'hidden_layer_sizes': 72, 'learning_rate_init': 2.5053286636635114e-05, 'tol': 1.365838101970602e-05, 'validation_fraction': 0.3587101899536706}]
/home/ryedida/.local/lib/python3.8/site-packages/sklearn/neural_network/_multilayer_perceptron.py:621: UserWarning: Got `batch_size` less than 1 or larger than sample size. It is going to be clipped
  warnings.warn(

function_evaluation time 0.067564 value -0.266667 suggestion {'alpha': 0.1746887043140899, 'batch_size': 125, 'beta_1': 0.9881814355126454, 'beta_2': 0.9916793536462604, 'epsilon': 4.592067293755939e-09, 'hidden_layer_sizes': 72, 'learning_rate_init': 2.5053286636635114e-05, 'tol': 1.365838101970602e-05, 'validation_fraction': 0.3587101899536706}
observation time 0.000003, current best -0.266667 at iter 0
suggestion time taken 0.004046 iter 1 next_points [{'alpha': 0.025886716462623565, 'batch_size': 16, 'beta_1': 0.9815678977425673, 'beta_2': 0.9861733730433879, 'epsilon': 1.140637519079784e-08, 'hidden_layer_sizes': 59, 'learning_rate_init': 0.002880682789839044, 'tol': 0.00014741299863878842, 'validation_fraction': 0.8913552656494853}]
/home/ryedida/.local/lib/python3.8/site-packages/sklearn/neural_network/_multilayer_perceptron.py:621: UserWarning: Got `batch_size` less than 1 or larger than sample size. It is going to be clipped
  warnings.warn(

function_evaluation time 0.102881 value -0.625000 suggestion {'alpha': 0.025886716462623565, 'batch_size': 16, 'beta_1': 0.9815678977425673, 'beta_2': 0.9861733730433879, 'epsilon': 1.140637519079784e-08, 'hidden_layer_sizes': 59, 'learning_rate_init': 0.002880682789839044, 'tol': 0.00014741299863878842, 'validation_fraction': 0.8913552656494853}
observation time 0.000002, current best -0.625000 at iter 1
suggestion time taken 0.003953 iter 2 next_points [{'alpha': 5.092366627148794, 'batch_size': 38, 'beta_1': 0.7912671111047531, 'beta_2': 0.9396615070950728, 'epsilon': 1.6280402496971386e-08, 'hidden_layer_sizes': 180, 'learning_rate_init': 0.00010131863501456259, 'tol': 0.009584439567365478, 'validation_fraction': 0.7326030929864321}]
/home/ryedida/.local/lib/python3.8/site-packages/sklearn/neural_network/_multilayer_perceptron.py:621: UserWarning: Got `batch_size` less than 1 or larger than sample size. It is going to be clipped
  warnings.warn(

function_evaluation time 0.074042 value -0.325000 suggestion {'alpha': 5.092366627148794, 'batch_size': 38, 'beta_1': 0.7912671111047531, 'beta_2': 0.9396615070950728, 'epsilon': 1.6280402496971386e-08, 'hidden_layer_sizes': 180, 'learning_rate_init': 0.00010131863501456259, 'tol': 0.009584439567365478, 'validation_fraction': 0.7326030929864321}
observation time 0.000002, current best -0.625000 at iter 2
suggestion time taken 0.004714 iter 3 next_points [{'alpha': 5.382517643305636e-05, 'batch_size': 223, 'beta_1': 0.9081494651539623, 'beta_2': 0.9360828351738223, 'epsilon': 1.6172187503758414e-09, 'hidden_layer_sizes': 197, 'learning_rate_init': 0.00010253451919662836, 'tol': 5.9161384364725315e-05, 'validation_fraction': 0.8505798288191984}]
/home/ryedida/.local/lib/python3.8/site-packages/sklearn/neural_network/_multilayer_perceptron.py:621: UserWarning: Got `batch_size` less than 1 or larger than sample size. It is going to be clipped
  warnings.warn(

function_evaluation time 0.090522 value -0.400000 suggestion {'alpha': 5.382517643305636e-05, 'batch_size': 223, 'beta_1': 0.9081494651539623, 'beta_2': 0.9360828351738223, 'epsilon': 1.6172187503758414e-09, 'hidden_layer_sizes': 197, 'learning_rate_init': 0.00010253451919662836, 'tol': 5.9161384364725315e-05, 'validation_fraction': 0.8505798288191984}
observation time 0.000002, current best -0.625000 at iter 3
suggestion time taken 0.004883 iter 4 next_points [{'alpha': 0.002516240093748663, 'batch_size': 236, 'beta_1': 0.9107034316759053, 'beta_2': 0.9996281994639966, 'epsilon': 4.4795078560537635e-08, 'hidden_layer_sizes': 164, 'learning_rate_init': 0.0006590726518706145, 'tol': 0.022783385242968544, 'validation_fraction': 0.644579430038347}]
/home/ryedida/.local/lib/python3.8/site-packages/sklearn/neural_network/_multilayer_perceptron.py:621: UserWarning: Got `batch_size` less than 1 or larger than sample size. It is going to be clipped
  warnings.warn(

function_evaluation time 0.097794 value -0.541667 suggestion {'alpha': 0.002516240093748663, 'batch_size': 236, 'beta_1': 0.9107034316759053, 'beta_2': 0.9996281994639966, 'epsilon': 4.4795078560537635e-08, 'hidden_layer_sizes': 164, 'learning_rate_init': 0.0006590726518706145, 'tol': 0.022783385242968544, 'validation_fraction': 0.644579430038347}
observation time 0.000002, current best -0.625000 at iter 4
suggestion time taken 0.003991 iter 5 next_points [{'alpha': 0.043407753388850376, 'batch_size': 239, 'beta_1': 0.918565274240162, 'beta_2': 0.9999710135565413, 'epsilon': 1.940514308344462e-07, 'hidden_layer_sizes': 175, 'learning_rate_init': 0.00040347507761297376, 'tol': 0.005619991269294647, 'validation_fraction': 0.8504340375322819}]
/home/ryedida/.local/lib/python3.8/site-packages/sklearn/neural_network/_multilayer_perceptron.py:621: UserWarning: Got `batch_size` less than 1 or larger than sample size. It is going to be clipped
  warnings.warn(

function_evaluation time 0.091175 value -0.566667 suggestion {'alpha': 0.043407753388850376, 'batch_size': 239, 'beta_1': 0.918565274240162, 'beta_2': 0.9999710135565413, 'epsilon': 1.940514308344462e-07, 'hidden_layer_sizes': 175, 'learning_rate_init': 0.00040347507761297376, 'tol': 0.005619991269294647, 'validation_fraction': 0.8504340375322819}
observation time 0.000002, current best -0.625000 at iter 5
suggestion time taken 0.004034 iter 6 next_points [{'alpha': 0.04393262778941238, 'batch_size': 246, 'beta_1': 0.5233031382531527, 'beta_2': 0.9999974963529832, 'epsilon': 7.163033719349061e-08, 'hidden_layer_sizes': 103, 'learning_rate_init': 0.0409866212899048, 'tol': 0.0011759841768613803, 'validation_fraction': 0.8378815605471363}]
/home/ryedida/.local/lib/python3.8/site-packages/sklearn/neural_network/_multilayer_perceptron.py:621: UserWarning: Got `batch_size` less than 1 or larger than sample size. It is going to be clipped
  warnings.warn(

function_evaluation time 0.125669 value -0.933333 suggestion {'alpha': 0.04393262778941238, 'batch_size': 246, 'beta_1': 0.5233031382531527, 'beta_2': 0.9999974963529832, 'epsilon': 7.163033719349061e-08, 'hidden_layer_sizes': 103, 'learning_rate_init': 0.0409866212899048, 'tol': 0.0011759841768613803, 'validation_fraction': 0.8378815605471363}
observation time 0.000002, current best -0.933333 at iter 6
suggestion time taken 0.003998 iter 7 next_points [{'alpha': 0.013811631222550965, 'batch_size': 111, 'beta_1': 0.9652122577344336, 'beta_2': 0.9722295621028333, 'epsilon': 2.04671819385974e-07, 'hidden_layer_sizes': 126, 'learning_rate_init': 0.004827868766460575, 'tol': 1.3795651554103387e-05, 'validation_fraction': 0.3484849306169251}]
/home/ryedida/.local/lib/python3.8/site-packages/sklearn/neural_network/_multilayer_perceptron.py:621: UserWarning: Got `batch_size` less than 1 or larger than sample size. It is going to be clipped
  warnings.warn(

function_evaluation time 0.160051 value -0.891667 suggestion {'alpha': 0.013811631222550965, 'batch_size': 111, 'beta_1': 0.9652122577344336, 'beta_2': 0.9722295621028333, 'epsilon': 2.04671819385974e-07, 'hidden_layer_sizes': 126, 'learning_rate_init': 0.004827868766460575, 'tol': 1.3795651554103387e-05, 'validation_fraction': 0.3484849306169251}
observation time 0.000002, current best -0.933333 at iter 7
suggestion time taken 0.003975 iter 8 next_points [{'alpha': 0.0020664518765307932, 'batch_size': 234, 'beta_1': 0.7055262798315134, 'beta_2': 0.9401434474456066, 'epsilon': 6.009055585491429e-09, 'hidden_layer_sizes': 90, 'learning_rate_init': 0.01820123338594707, 'tol': 0.00046148589022722373, 'validation_fraction': 0.629129569346248}]
/home/ryedida/.local/lib/python3.8/site-packages/sklearn/neural_network/_multilayer_perceptron.py:621: UserWarning: Got `batch_size` less than 1 or larger than sample size. It is going to be clipped
  warnings.warn(

function_evaluation time 0.122939 value -0.941667 suggestion {'alpha': 0.0020664518765307932, 'batch_size': 234, 'beta_1': 0.7055262798315134, 'beta_2': 0.9401434474456066, 'epsilon': 6.009055585491429e-09, 'hidden_layer_sizes': 90, 'learning_rate_init': 0.01820123338594707, 'tol': 0.00046148589022722373, 'validation_fraction': 0.629129569346248}
observation time 0.000002, current best -0.941667 at iter 8
suggestion time taken 0.003957 iter 9 next_points [{'alpha': 0.0010262194305836647, 'batch_size': 143, 'beta_1': 0.9668708324572474, 'beta_2': 0.9999989515275247, 'epsilon': 2.565696084113359e-07, 'hidden_layer_sizes': 175, 'learning_rate_init': 0.05832766454239168, 'tol': 0.0003358986245667817, 'validation_fraction': 0.4783058466736585}]
/home/ryedida/.local/lib/python3.8/site-packages/sklearn/neural_network/_multilayer_perceptron.py:621: UserWarning: Got `batch_size` less than 1 or larger than sample size. It is going to be clipped
  warnings.warn(

function_evaluation time 0.154511 value -0.950000 suggestion {'alpha': 0.0010262194305836647, 'batch_size': 143, 'beta_1': 0.9668708324572474, 'beta_2': 0.9999989515275247, 'epsilon': 2.565696084113359e-07, 'hidden_layer_sizes': 175, 'learning_rate_init': 0.05832766454239168, 'tol': 0.0003358986245667817, 'validation_fraction': 0.4783058466736585}
observation time 0.000002, current best -0.950000 at iter 9
suggestion time taken 0.003932 iter 10 next_points [{'alpha': 0.008485990664682336, 'batch_size': 44, 'beta_1': 0.509883395125368, 'beta_2': 0.9999913370091117, 'epsilon': 1.925676511417948e-07, 'hidden_layer_sizes': 54, 'learning_rate_init': 0.006393373547100679, 'tol': 0.0037093210197293165, 'validation_fraction': 0.4345509284122414}]
function_evaluation time 0.177593 value -0.891667 suggestion {'alpha': 0.008485990664682336, 'batch_size': 44, 'beta_1': 0.509883395125368, 'beta_2': 0.9999913370091117, 'epsilon': 1.925676511417948e-07, 'hidden_layer_sizes': 54, 'learning_rate_init': 0.006393373547100679, 'tol': 0.0037093210197293165, 'validation_fraction': 0.4345509284122414}
observation time 0.000002, current best -0.950000 at iter 10
suggestion time taken 0.004105 iter 11 next_points [{'alpha': 3.240073189617541, 'batch_size': 66, 'beta_1': 0.5100614769608307, 'beta_2': 0.9992584542148143, 'epsilon': 4.300751530968245e-09, 'hidden_layer_sizes': 106, 'learning_rate_init': 0.00011732334886797463, 'tol': 0.008429506394395221, 'validation_fraction': 0.4274536829309412}]
function_evaluation time 0.072806 value -0.333333 suggestion {'alpha': 3.240073189617541, 'batch_size': 66, 'beta_1': 0.5100614769608307, 'beta_2': 0.9992584542148143, 'epsilon': 4.300751530968245e-09, 'hidden_layer_sizes': 106, 'learning_rate_init': 0.00011732334886797463, 'tol': 0.008429506394395221, 'validation_fraction': 0.4274536829309412}
observation time 0.000002, current best -0.950000 at iter 11
suggestion time taken 0.004027 iter 12 next_points [{'alpha': 0.27947554934021507, 'batch_size': 43, 'beta_1': 0.8398677521766117, 'beta_2': 0.999026967407513, 'epsilon': 2.7379709378021468e-08, 'hidden_layer_sizes': 134, 'learning_rate_init': 0.03277240565222735, 'tol': 0.003698176571261103, 'validation_fraction': 0.7612151569494441}]
/home/ryedida/.local/lib/python3.8/site-packages/sklearn/neural_network/_multilayer_perceptron.py:621: UserWarning: Got `batch_size` less than 1 or larger than sample size. It is going to be clipped
  warnings.warn(

function_evaluation time 0.156010 value -0.933333 suggestion {'alpha': 0.27947554934021507, 'batch_size': 43, 'beta_1': 0.8398677521766117, 'beta_2': 0.999026967407513, 'epsilon': 2.7379709378021468e-08, 'hidden_layer_sizes': 134, 'learning_rate_init': 0.03277240565222735, 'tol': 0.003698176571261103, 'validation_fraction': 0.7612151569494441}
observation time 0.000003, current best -0.950000 at iter 12
suggestion time taken 0.003968 iter 13 next_points [{'alpha': 2.347592839894031, 'batch_size': 110, 'beta_1': 0.9649548175589913, 'beta_2': 0.9999836459773156, 'epsilon': 7.913855083087878e-09, 'hidden_layer_sizes': 73, 'learning_rate_init': 0.0008488837223306613, 'tol': 0.005370726679455911, 'validation_fraction': 0.6498622762017235}]
/home/ryedida/.local/lib/python3.8/site-packages/sklearn/neural_network/_multilayer_perceptron.py:621: UserWarning: Got `batch_size` less than 1 or larger than sample size. It is going to be clipped
  warnings.warn(

function_evaluation time 0.089185 value -0.466667 suggestion {'alpha': 2.347592839894031, 'batch_size': 110, 'beta_1': 0.9649548175589913, 'beta_2': 0.9999836459773156, 'epsilon': 7.913855083087878e-09, 'hidden_layer_sizes': 73, 'learning_rate_init': 0.0008488837223306613, 'tol': 0.005370726679455911, 'validation_fraction': 0.6498622762017235}
observation time 0.000002, current best -0.950000 at iter 13
suggestion time taken 0.003947 iter 14 next_points [{'alpha': 0.007617954560761745, 'batch_size': 25, 'beta_1': 0.8365302195541169, 'beta_2': 0.9108500146097299, 'epsilon': 5.745147636426225e-07, 'hidden_layer_sizes': 137, 'learning_rate_init': 0.017960925045614102, 'tol': 2.77777537632976e-05, 'validation_fraction': 0.8960828735395807}]
/home/ryedida/.local/lib/python3.8/site-packages/sklearn/neural_network/_multilayer_perceptron.py:621: UserWarning: Got `batch_size` less than 1 or larger than sample size. It is going to be clipped
  warnings.warn(

function_evaluation time 0.125410 value -0.850000 suggestion {'alpha': 0.007617954560761745, 'batch_size': 25, 'beta_1': 0.8365302195541169, 'beta_2': 0.9108500146097299, 'epsilon': 5.745147636426225e-07, 'hidden_layer_sizes': 137, 'learning_rate_init': 0.017960925045614102, 'tol': 2.77777537632976e-05, 'validation_fraction': 0.8960828735395807}
observation time 0.000002, current best -0.950000 at iter 14
suggestion time taken 0.003898 iter 15 next_points [{'alpha': 5.228189841232564e-05, 'batch_size': 138, 'beta_1': 0.9568358003714261, 'beta_2': 0.9941829445402541, 'epsilon': 8.377197752498577e-09, 'hidden_layer_sizes': 85, 'learning_rate_init': 0.0027311855877198673, 'tol': 0.0019222844730588072, 'validation_fraction': 0.8991015054525769}]
/home/ryedida/.local/lib/python3.8/site-packages/sklearn/neural_network/_multilayer_perceptron.py:621: UserWarning: Got `batch_size` less than 1 or larger than sample size. It is going to be clipped
  warnings.warn(

function_evaluation time 0.102036 value -0.658333 suggestion {'alpha': 5.228189841232564e-05, 'batch_size': 138, 'beta_1': 0.9568358003714261, 'beta_2': 0.9941829445402541, 'epsilon': 8.377197752498577e-09, 'hidden_layer_sizes': 85, 'learning_rate_init': 0.0027311855877198673, 'tol': 0.0019222844730588072, 'validation_fraction': 0.8991015054525769}
observation time 0.000002, current best -0.950000 at iter 15
suggestion time taken 0.003881 iter 16 next_points [{'alpha': 0.5699865333943505, 'batch_size': 129, 'beta_1': 0.984109167711845, 'beta_2': 0.9937198618344868, 'epsilon': 8.293920839504698e-09, 'hidden_layer_sizes': 177, 'learning_rate_init': 2.3795079517541086e-05, 'tol': 0.00011838278025210715, 'validation_fraction': 0.4105777260089489}]
/home/ryedida/.local/lib/python3.8/site-packages/sklearn/neural_network/_multilayer_perceptron.py:621: UserWarning: Got `batch_size` less than 1 or larger than sample size. It is going to be clipped
  warnings.warn(

function_evaluation time 0.076369 value -0.333333 suggestion {'alpha': 0.5699865333943505, 'batch_size': 129, 'beta_1': 0.984109167711845, 'beta_2': 0.9937198618344868, 'epsilon': 8.293920839504698e-09, 'hidden_layer_sizes': 177, 'learning_rate_init': 2.3795079517541086e-05, 'tol': 0.00011838278025210715, 'validation_fraction': 0.4105777260089489}
observation time 0.000002, current best -0.950000 at iter 16
suggestion time taken 0.003920 iter 17 next_points [{'alpha': 0.9528603301867606, 'batch_size': 35, 'beta_1': 0.9801443260519833, 'beta_2': 0.9993951229862927, 'epsilon': 7.460614202366115e-09, 'hidden_layer_sizes': 80, 'learning_rate_init': 0.0031350635610744478, 'tol': 0.0026295134255151374, 'validation_fraction': 0.158558193665415}]
function_evaluation time 0.208161 value -0.858333 suggestion {'alpha': 0.9528603301867606, 'batch_size': 35, 'beta_1': 0.9801443260519833, 'beta_2': 0.9993951229862927, 'epsilon': 7.460614202366115e-09, 'hidden_layer_sizes': 80, 'learning_rate_init': 0.0031350635610744478, 'tol': 0.0026295134255151374, 'validation_fraction': 0.158558193665415}
observation time 0.000002, current best -0.950000 at iter 17
suggestion time taken 0.003837 iter 18 next_points [{'alpha': 0.010203067035581225, 'batch_size': 122, 'beta_1': 0.5262964725092638, 'beta_2': 0.9614923291879904, 'epsilon': 1.296055550326433e-07, 'hidden_layer_sizes': 66, 'learning_rate_init': 0.0031128443406502793, 'tol': 9.266821542810507e-05, 'validation_fraction': 0.30059948276597154}]
/home/ryedida/.local/lib/python3.8/site-packages/sklearn/neural_network/_multilayer_perceptron.py:621: UserWarning: Got `batch_size` less than 1 or larger than sample size. It is going to be clipped
  warnings.warn(

function_evaluation time 0.171628 value -0.766667 suggestion {'alpha': 0.010203067035581225, 'batch_size': 122, 'beta_1': 0.5262964725092638, 'beta_2': 0.9614923291879904, 'epsilon': 1.296055550326433e-07, 'hidden_layer_sizes': 66, 'learning_rate_init': 0.0031128443406502793, 'tol': 9.266821542810507e-05, 'validation_fraction': 0.30059948276597154}
observation time 0.000002, current best -0.950000 at iter 18
suggestion time taken 0.003919 iter 19 next_points [{'alpha': 0.0007423237425236001, 'batch_size': 104, 'beta_1': 0.86857148383793, 'beta_2': 0.9996871204093579, 'epsilon': 6.478620072228493e-08, 'hidden_layer_sizes': 184, 'learning_rate_init': 0.0007831567517895954, 'tol': 0.0006723321218969301, 'validation_fraction': 0.15882108901763944}]
/home/ryedida/.local/lib/python3.8/site-packages/sklearn/neural_network/_multilayer_perceptron.py:621: UserWarning: Got `batch_size` less than 1 or larger than sample size. It is going to be clipped
  warnings.warn(

function_evaluation time 0.155302 value -0.541667 suggestion {'alpha': 0.0007423237425236001, 'batch_size': 104, 'beta_1': 0.86857148383793, 'beta_2': 0.9996871204093579, 'epsilon': 6.478620072228493e-08, 'hidden_layer_sizes': 184, 'learning_rate_init': 0.0007831567517895954, 'tol': 0.0006723321218969301, 'validation_fraction': 0.15882108901763944}
observation time 0.000002, current best -0.950000 at iter 19
suggestion time taken 0.004027 iter 20 next_points [{'alpha': 3.080606242340744e-05, 'batch_size': 22, 'beta_1': 0.9804973013868459, 'beta_2': 0.9479308971929409, 'epsilon': 7.378065277224199e-09, 'hidden_layer_sizes': 164, 'learning_rate_init': 0.00641202115873896, 'tol': 0.019237271310643084, 'validation_fraction': 0.10497651779937854}]
function_evaluation time 0.219664 value -0.933333 suggestion {'alpha': 3.080606242340744e-05, 'batch_size': 22, 'beta_1': 0.9804973013868459, 'beta_2': 0.9479308971929409, 'epsilon': 7.378065277224199e-09, 'hidden_layer_sizes': 164, 'learning_rate_init': 0.00641202115873896, 'tol': 0.019237271310643084, 'validation_fraction': 0.10497651779937854}
observation time 0.000002, current best -0.950000 at iter 20
suggestion time taken 0.003967 iter 21 next_points [{'alpha': 1.6781096938361588, 'batch_size': 81, 'beta_1': 0.9448780729274103, 'beta_2': 0.999990588083362, 'epsilon': 3.9696264227971175e-07, 'hidden_layer_sizes': 60, 'learning_rate_init': 7.172009454424022e-05, 'tol': 0.0025221195852721864, 'validation_fraction': 0.616094132948925}]
/home/ryedida/.local/lib/python3.8/site-packages/sklearn/neural_network/_multilayer_perceptron.py:621: UserWarning: Got `batch_size` less than 1 or larger than sample size. It is going to be clipped
  warnings.warn(

function_evaluation time 0.089601 value -0.425000 suggestion {'alpha': 1.6781096938361588, 'batch_size': 81, 'beta_1': 0.9448780729274103, 'beta_2': 0.999990588083362, 'epsilon': 3.9696264227971175e-07, 'hidden_layer_sizes': 60, 'learning_rate_init': 7.172009454424022e-05, 'tol': 0.0025221195852721864, 'validation_fraction': 0.616094132948925}
observation time 0.000002, current best -0.950000 at iter 21
suggestion time taken 0.003999 iter 22 next_points [{'alpha': 0.06736663060533413, 'batch_size': 123, 'beta_1': 0.8731026248775902, 'beta_2': 0.9999726724437357, 'epsilon': 1.6294130052533892e-07, 'hidden_layer_sizes': 188, 'learning_rate_init': 4.2533054816905044e-05, 'tol': 0.0002670684227755406, 'validation_fraction': 0.12656446310742958}]
/home/ryedida/.local/lib/python3.8/site-packages/sklearn/neural_network/_multilayer_perceptron.py:621: UserWarning: Got `batch_size` less than 1 or larger than sample size. It is going to be clipped
  warnings.warn(

function_evaluation time 0.081729 value -0.350000 suggestion {'alpha': 0.06736663060533413, 'batch_size': 123, 'beta_1': 0.8731026248775902, 'beta_2': 0.9999726724437357, 'epsilon': 1.6294130052533892e-07, 'hidden_layer_sizes': 188, 'learning_rate_init': 4.2533054816905044e-05, 'tol': 0.0002670684227755406, 'validation_fraction': 0.12656446310742958}
observation time 0.000002, current best -0.950000 at iter 22
suggestion time taken 0.004026 iter 23 next_points [{'alpha': 0.0001053321380246113, 'batch_size': 156, 'beta_1': 0.9177551911499037, 'beta_2': 0.9987340328713178, 'epsilon': 7.783676438285279e-09, 'hidden_layer_sizes': 64, 'learning_rate_init': 0.0004301529377541084, 'tol': 0.037651582406128065, 'validation_fraction': 0.5716624246859962}]
/home/ryedida/.local/lib/python3.8/site-packages/sklearn/neural_network/_multilayer_perceptron.py:621: UserWarning: Got `batch_size` less than 1 or larger than sample size. It is going to be clipped
  warnings.warn(

function_evaluation time 0.067521 value -0.400000 suggestion {'alpha': 0.0001053321380246113, 'batch_size': 156, 'beta_1': 0.9177551911499037, 'beta_2': 0.9987340328713178, 'epsilon': 7.783676438285279e-09, 'hidden_layer_sizes': 64, 'learning_rate_init': 0.0004301529377541084, 'tol': 0.037651582406128065, 'validation_fraction': 0.5716624246859962}
observation time 0.000002, current best -0.950000 at iter 23
suggestion time taken 0.003759 iter 24 next_points [{'alpha': 0.015537943948690984, 'batch_size': 166, 'beta_1': 0.7968797598283681, 'beta_2': 0.9923684604082762, 'epsilon': 1.5774106733914233e-09, 'hidden_layer_sizes': 131, 'learning_rate_init': 0.0010874628787651834, 'tol': 0.01279949451301278, 'validation_fraction': 0.36860299903460675}]
/home/ryedida/.local/lib/python3.8/site-packages/sklearn/neural_network/_multilayer_perceptron.py:621: UserWarning: Got `batch_size` less than 1 or larger than sample size. It is going to be clipped
  warnings.warn(

function_evaluation time 0.147342 value -0.725000 suggestion {'alpha': 0.015537943948690984, 'batch_size': 166, 'beta_1': 0.7968797598283681, 'beta_2': 0.9923684604082762, 'epsilon': 1.5774106733914233e-09, 'hidden_layer_sizes': 131, 'learning_rate_init': 0.0010874628787651834, 'tol': 0.01279949451301278, 'validation_fraction': 0.36860299903460675}
observation time 0.000002, current best -0.950000 at iter 24
suggestion time taken 0.003884 iter 25 next_points [{'alpha': 0.00021178061448826684, 'batch_size': 153, 'beta_1': 0.5265796968571372, 'beta_2': 0.9999923554280179, 'epsilon': 2.746051593515171e-07, 'hidden_layer_sizes': 195, 'learning_rate_init': 0.004440475465774202, 'tol': 0.0002374624374588198, 'validation_fraction': 0.8425862144231404}]
/home/ryedida/.local/lib/python3.8/site-packages/sklearn/neural_network/_multilayer_perceptron.py:621: UserWarning: Got `batch_size` less than 1 or larger than sample size. It is going to be clipped
  warnings.warn(

function_evaluation time 0.177582 value -0.891667 suggestion {'alpha': 0.00021178061448826684, 'batch_size': 153, 'beta_1': 0.5265796968571372, 'beta_2': 0.9999923554280179, 'epsilon': 2.746051593515171e-07, 'hidden_layer_sizes': 195, 'learning_rate_init': 0.004440475465774202, 'tol': 0.0002374624374588198, 'validation_fraction': 0.8425862144231404}
observation time 0.000002, current best -0.950000 at iter 25
suggestion time taken 0.004578 iter 26 next_points [{'alpha': 4.714308230209219e-05, 'batch_size': 117, 'beta_1': 0.9411615699716628, 'beta_2': 0.9999933918920757, 'epsilon': 2.280753480236202e-07, 'hidden_layer_sizes': 148, 'learning_rate_init': 0.009146152762900891, 'tol': 4.1265816681425474e-05, 'validation_fraction': 0.776311989088446}]
/home/ryedida/.local/lib/python3.8/site-packages/sklearn/neural_network/_multilayer_perceptron.py:621: UserWarning: Got `batch_size` less than 1 or larger than sample size. It is going to be clipped
  warnings.warn(

function_evaluation time 0.142066 value -0.875000 suggestion {'alpha': 4.714308230209219e-05, 'batch_size': 117, 'beta_1': 0.9411615699716628, 'beta_2': 0.9999933918920757, 'epsilon': 2.280753480236202e-07, 'hidden_layer_sizes': 148, 'learning_rate_init': 0.009146152762900891, 'tol': 4.1265816681425474e-05, 'validation_fraction': 0.776311989088446}
observation time 0.000002, current best -0.950000 at iter 26
suggestion time taken 0.003878 iter 27 next_points [{'alpha': 0.002548031810468821, 'batch_size': 221, 'beta_1': 0.9852831817965746, 'beta_2': 0.9999572281143775, 'epsilon': 3.544103740510837e-08, 'hidden_layer_sizes': 170, 'learning_rate_init': 0.001567002718973243, 'tol': 0.012039588243023923, 'validation_fraction': 0.813782936067681}]
/home/ryedida/.local/lib/python3.8/site-packages/sklearn/neural_network/_multilayer_perceptron.py:621: UserWarning: Got `batch_size` less than 1 or larger than sample size. It is going to be clipped
  warnings.warn(

function_evaluation time 0.101469 value -0.591667 suggestion {'alpha': 0.002548031810468821, 'batch_size': 221, 'beta_1': 0.9852831817965746, 'beta_2': 0.9999572281143775, 'epsilon': 3.544103740510837e-08, 'hidden_layer_sizes': 170, 'learning_rate_init': 0.001567002718973243, 'tol': 0.012039588243023923, 'validation_fraction': 0.813782936067681}
observation time 0.000002, current best -0.950000 at iter 27
suggestion time taken 0.003894 iter 28 next_points [{'alpha': 0.05697243044341007, 'batch_size': 155, 'beta_1': 0.7161520447952052, 'beta_2': 0.999997861365625, 'epsilon': 9.06577681571286e-09, 'hidden_layer_sizes': 196, 'learning_rate_init': 0.02747366916575785, 'tol': 0.0009455552090459901, 'validation_fraction': 0.5542942120629449}]
/home/ryedida/.local/lib/python3.8/site-packages/sklearn/neural_network/_multilayer_perceptron.py:621: UserWarning: Got `batch_size` less than 1 or larger than sample size. It is going to be clipped
  warnings.warn(

function_evaluation time 0.141884 value -0.941667 suggestion {'alpha': 0.05697243044341007, 'batch_size': 155, 'beta_1': 0.7161520447952052, 'beta_2': 0.999997861365625, 'epsilon': 9.06577681571286e-09, 'hidden_layer_sizes': 196, 'learning_rate_init': 0.02747366916575785, 'tol': 0.0009455552090459901, 'validation_fraction': 0.5542942120629449}
observation time 0.000002, current best -0.950000 at iter 28
suggestion time taken 0.003940 iter 29 next_points [{'alpha': 0.0011942417478956826, 'batch_size': 35, 'beta_1': 0.9137980585003639, 'beta_2': 0.9638948806122862, 'epsilon': 4.5391243814632176e-09, 'hidden_layer_sizes': 139, 'learning_rate_init': 0.00039223814870720133, 'tol': 2.1569282718922925e-05, 'validation_fraction': 0.22828876420546235}]
function_evaluation time 0.179644 value -0.616667 suggestion {'alpha': 0.0011942417478956826, 'batch_size': 35, 'beta_1': 0.9137980585003639, 'beta_2': 0.9638948806122862, 'epsilon': 4.5391243814632176e-09, 'hidden_layer_sizes': 139, 'learning_rate_init': 0.00039223814870720133, 'tol': 2.1569282718922925e-05, 'validation_fraction': 0.22828876420546235}
observation time 0.000002, current best -0.950000 at iter 29
suggestion time taken 0.003917 iter 30 next_points [{'alpha': 0.24348864568609582, 'batch_size': 133, 'beta_1': 0.9810944513241519, 'beta_2': 0.9999927580381366, 'epsilon': 1.116253431786038e-09, 'hidden_layer_sizes': 112, 'learning_rate_init': 4.014032627743082e-05, 'tol': 0.00025683942925831685, 'validation_fraction': 0.7246725139632142}]
/home/ryedida/.local/lib/python3.8/site-packages/sklearn/neural_network/_multilayer_perceptron.py:621: UserWarning: Got `batch_size` less than 1 or larger than sample size. It is going to be clipped
  warnings.warn(

function_evaluation time 0.100892 value -0.425000 suggestion {'alpha': 0.24348864568609582, 'batch_size': 133, 'beta_1': 0.9810944513241519, 'beta_2': 0.9999927580381366, 'epsilon': 1.116253431786038e-09, 'hidden_layer_sizes': 112, 'learning_rate_init': 4.014032627743082e-05, 'tol': 0.00025683942925831685, 'validation_fraction': 0.7246725139632142}
observation time 0.000002, current best -0.950000 at iter 30
suggestion time taken 0.003913 iter 31 next_points [{'alpha': 0.02059158756592006, 'batch_size': 127, 'beta_1': 0.6169598634719654, 'beta_2': 0.9968899495450141, 'epsilon': 2.7477950332454816e-07, 'hidden_layer_sizes': 114, 'learning_rate_init': 0.05633815413371531, 'tol': 0.03622096580276346, 'validation_fraction': 0.13924990694425304}]
/home/ryedida/.local/lib/python3.8/site-packages/sklearn/neural_network/_multilayer_perceptron.py:621: UserWarning: Got `batch_size` less than 1 or larger than sample size. It is going to be clipped
  warnings.warn(

function_evaluation time 0.119334 value -0.916667 suggestion {'alpha': 0.02059158756592006, 'batch_size': 127, 'beta_1': 0.6169598634719654, 'beta_2': 0.9968899495450141, 'epsilon': 2.7477950332454816e-07, 'hidden_layer_sizes': 114, 'learning_rate_init': 0.05633815413371531, 'tol': 0.03622096580276346, 'validation_fraction': 0.13924990694425304}
observation time 0.000002, current best -0.950000 at iter 31
suggestion time taken 0.003930 iter 32 next_points [{'alpha': 1.0552883399965385, 'batch_size': 89, 'beta_1': 0.9394012337127127, 'beta_2': 0.999935182919734, 'epsilon': 4.240383466675014e-09, 'hidden_layer_sizes': 57, 'learning_rate_init': 0.01757921566100739, 'tol': 1.7350156468649545e-05, 'validation_fraction': 0.753296143145168}]
/home/ryedida/.local/lib/python3.8/site-packages/sklearn/neural_network/_multilayer_perceptron.py:621: UserWarning: Got `batch_size` less than 1 or larger than sample size. It is going to be clipped
  warnings.warn(

function_evaluation time 0.150807 value -0.966667 suggestion {'alpha': 1.0552883399965385, 'batch_size': 89, 'beta_1': 0.9394012337127127, 'beta_2': 0.999935182919734, 'epsilon': 4.240383466675014e-09, 'hidden_layer_sizes': 57, 'learning_rate_init': 0.01757921566100739, 'tol': 1.7350156468649545e-05, 'validation_fraction': 0.753296143145168}
observation time 0.000002, current best -0.966667 at iter 32
suggestion time taken 0.003975 iter 33 next_points [{'alpha': 0.4899736004632399, 'batch_size': 189, 'beta_1': 0.9581522642163501, 'beta_2': 0.9999967684616747, 'epsilon': 3.83029236083308e-09, 'hidden_layer_sizes': 100, 'learning_rate_init': 2.863355219262112e-05, 'tol': 0.00037949172881103857, 'validation_fraction': 0.8280397614000141}]
/home/ryedida/.local/lib/python3.8/site-packages/sklearn/neural_network/_multilayer_perceptron.py:621: UserWarning: Got `batch_size` less than 1 or larger than sample size. It is going to be clipped
  warnings.warn(

function_evaluation time 0.066832 value -0.316667 suggestion {'alpha': 0.4899736004632399, 'batch_size': 189, 'beta_1': 0.9581522642163501, 'beta_2': 0.9999967684616747, 'epsilon': 3.83029236083308e-09, 'hidden_layer_sizes': 100, 'learning_rate_init': 2.863355219262112e-05, 'tol': 0.00037949172881103857, 'validation_fraction': 0.8280397614000141}
observation time 0.000002, current best -0.966667 at iter 33
suggestion time taken 0.003946 iter 34 next_points [{'alpha': 0.0002594512708232674, 'batch_size': 93, 'beta_1': 0.9420594683213112, 'beta_2': 0.9997503148840852, 'epsilon': 1.7917278631768945e-07, 'hidden_layer_sizes': 193, 'learning_rate_init': 0.07363421608513794, 'tol': 0.0764961046083697, 'validation_fraction': 0.5734366774207736}]
/home/ryedida/.local/lib/python3.8/site-packages/sklearn/neural_network/_multilayer_perceptron.py:621: UserWarning: Got `batch_size` less than 1 or larger than sample size. It is going to be clipped
  warnings.warn(

function_evaluation time 0.123834 value -0.958333 suggestion {'alpha': 0.0002594512708232674, 'batch_size': 93, 'beta_1': 0.9420594683213112, 'beta_2': 0.9997503148840852, 'epsilon': 1.7917278631768945e-07, 'hidden_layer_sizes': 193, 'learning_rate_init': 0.07363421608513794, 'tol': 0.0764961046083697, 'validation_fraction': 0.5734366774207736}
observation time 0.000002, current best -0.966667 at iter 34
suggestion time taken 0.003983 iter 35 next_points [{'alpha': 0.0011665928047502976, 'batch_size': 83, 'beta_1': 0.9894182702655683, 'beta_2': 0.9988247984432762, 'epsilon': 1.560253499016142e-07, 'hidden_layer_sizes': 157, 'learning_rate_init': 0.02907749608508277, 'tol': 1.2748493097857716e-05, 'validation_fraction': 0.5178224014967215}]
/home/ryedida/.local/lib/python3.8/site-packages/sklearn/neural_network/_multilayer_perceptron.py:621: UserWarning: Got `batch_size` less than 1 or larger than sample size. It is going to be clipped
  warnings.warn(

function_evaluation time 0.168177 value -0.966667 suggestion {'alpha': 0.0011665928047502976, 'batch_size': 83, 'beta_1': 0.9894182702655683, 'beta_2': 0.9988247984432762, 'epsilon': 1.560253499016142e-07, 'hidden_layer_sizes': 157, 'learning_rate_init': 0.02907749608508277, 'tol': 1.2748493097857716e-05, 'validation_fraction': 0.5178224014967215}
observation time 0.000002, current best -0.966667 at iter 35
suggestion time taken 0.003917 iter 36 next_points [{'alpha': 0.7526824312144099, 'batch_size': 68, 'beta_1': 0.5568610722684817, 'beta_2': 0.9969735976405165, 'epsilon': 1.437227721051427e-09, 'hidden_layer_sizes': 138, 'learning_rate_init': 0.035685217213792426, 'tol': 0.04614722597116649, 'validation_fraction': 0.3522515137393417}]
function_evaluation time 0.128741 value -0.950000 suggestion {'alpha': 0.7526824312144099, 'batch_size': 68, 'beta_1': 0.5568610722684817, 'beta_2': 0.9969735976405165, 'epsilon': 1.437227721051427e-09, 'hidden_layer_sizes': 138, 'learning_rate_init': 0.035685217213792426, 'tol': 0.04614722597116649, 'validation_fraction': 0.3522515137393417}
observation time 0.000002, current best -0.966667 at iter 36
suggestion time taken 0.003888 iter 37 next_points [{'alpha': 1.845730737526094e-05, 'batch_size': 174, 'beta_1': 0.6955033155532063, 'beta_2': 0.9999973293848187, 'epsilon': 6.871715654790875e-07, 'hidden_layer_sizes': 107, 'learning_rate_init': 2.2823538962114462e-05, 'tol': 0.0036334979329100472, 'validation_fraction': 0.39835862551382256}]
/home/ryedida/.local/lib/python3.8/site-packages/sklearn/neural_network/_multilayer_perceptron.py:621: UserWarning: Got `batch_size` less than 1 or larger than sample size. It is going to be clipped
  warnings.warn(

function_evaluation time 0.070362 value -0.341667 suggestion {'alpha': 1.845730737526094e-05, 'batch_size': 174, 'beta_1': 0.6955033155532063, 'beta_2': 0.9999973293848187, 'epsilon': 6.871715654790875e-07, 'hidden_layer_sizes': 107, 'learning_rate_init': 2.2823538962114462e-05, 'tol': 0.0036334979329100472, 'validation_fraction': 0.39835862551382256}
observation time 0.000002, current best -0.966667 at iter 37
suggestion time taken 0.003970 iter 38 next_points [{'alpha': 0.03022085233843763, 'batch_size': 220, 'beta_1': 0.5607297618424304, 'beta_2': 0.9993383612883673, 'epsilon': 6.273165777057086e-07, 'hidden_layer_sizes': 140, 'learning_rate_init': 0.05771780106446546, 'tol': 0.0001293836120911662, 'validation_fraction': 0.8279955464785195}]
/home/ryedida/.local/lib/python3.8/site-packages/sklearn/neural_network/_multilayer_perceptron.py:621: UserWarning: Got `batch_size` less than 1 or larger than sample size. It is going to be clipped
  warnings.warn(

function_evaluation time 0.145615 value -0.883333 suggestion {'alpha': 0.03022085233843763, 'batch_size': 220, 'beta_1': 0.5607297618424304, 'beta_2': 0.9993383612883673, 'epsilon': 6.273165777057086e-07, 'hidden_layer_sizes': 140, 'learning_rate_init': 0.05771780106446546, 'tol': 0.0001293836120911662, 'validation_fraction': 0.8279955464785195}
observation time 0.000003, current best -0.966667 at iter 38
suggestion time taken 0.003953 iter 39 next_points [{'alpha': 0.5841544746291876, 'batch_size': 39, 'beta_1': 0.8059988113942741, 'beta_2': 0.9998259774928061, 'epsilon': 4.5738319213681804e-08, 'hidden_layer_sizes': 105, 'learning_rate_init': 1.284409175583863e-05, 'tol': 8.331668048209389e-05, 'validation_fraction': 0.5930926570452846}]
function_evaluation time 0.071910 value -0.325000 suggestion {'alpha': 0.5841544746291876, 'batch_size': 39, 'beta_1': 0.8059988113942741, 'beta_2': 0.9998259774928061, 'epsilon': 4.5738319213681804e-08, 'hidden_layer_sizes': 105, 'learning_rate_init': 1.284409175583863e-05, 'tol': 8.331668048209389e-05, 'validation_fraction': 0.5930926570452846}
observation time 0.000002, current best -0.966667 at iter 39
suggestion time taken 0.003977 iter 40 next_points [{'alpha': 2.8738719679802296, 'batch_size': 95, 'beta_1': 0.6643098000540909, 'beta_2': 0.9882656457968831, 'epsilon': 7.083037845135579e-08, 'hidden_layer_sizes': 126, 'learning_rate_init': 0.0026554806307390122, 'tol': 0.0004171283963807387, 'validation_fraction': 0.13695786640678834}]
function_evaluation time 0.112741 value -0.675000 suggestion {'alpha': 2.8738719679802296, 'batch_size': 95, 'beta_1': 0.6643098000540909, 'beta_2': 0.9882656457968831, 'epsilon': 7.083037845135579e-08, 'hidden_layer_sizes': 126, 'learning_rate_init': 0.0026554806307390122, 'tol': 0.0004171283963807387, 'validation_fraction': 0.13695786640678834}
observation time 0.000002, current best -0.966667 at iter 40
suggestion time taken 0.003888 iter 41 next_points [{'alpha': 2.4323451805804694e-05, 'batch_size': 139, 'beta_1': 0.8939305320505578, 'beta_2': 0.9999974567844143, 'epsilon': 2.6164448700595044e-07, 'hidden_layer_sizes': 67, 'learning_rate_init': 0.0001973621780999557, 'tol': 0.01568943450891912, 'validation_fraction': 0.5363619754630996}]
/home/ryedida/.local/lib/python3.8/site-packages/sklearn/neural_network/_multilayer_perceptron.py:621: UserWarning: Got `batch_size` less than 1 or larger than sample size. It is going to be clipped
  warnings.warn(

function_evaluation time 0.101072 value -0.450000 suggestion {'alpha': 2.4323451805804694e-05, 'batch_size': 139, 'beta_1': 0.8939305320505578, 'beta_2': 0.9999974567844143, 'epsilon': 2.6164448700595044e-07, 'hidden_layer_sizes': 67, 'learning_rate_init': 0.0001973621780999557, 'tol': 0.01568943450891912, 'validation_fraction': 0.5363619754630996}
observation time 0.000002, current best -0.966667 at iter 41
suggestion time taken 0.003924 iter 42 next_points [{'alpha': 0.42002911862017717, 'batch_size': 137, 'beta_1': 0.6257305889512975, 'beta_2': 0.9924941111761271, 'epsilon': 2.682043443055766e-08, 'hidden_layer_sizes': 189, 'learning_rate_init': 0.00017445398954401287, 'tol': 0.0966527422306677, 'validation_fraction': 0.817533280598304}]
/home/ryedida/.local/lib/python3.8/site-packages/sklearn/neural_network/_multilayer_perceptron.py:621: UserWarning: Got `batch_size` less than 1 or larger than sample size. It is going to be clipped
  warnings.warn(

function_evaluation time 0.071064 value -0.341667 suggestion {'alpha': 0.42002911862017717, 'batch_size': 137, 'beta_1': 0.6257305889512975, 'beta_2': 0.9924941111761271, 'epsilon': 2.682043443055766e-08, 'hidden_layer_sizes': 189, 'learning_rate_init': 0.00017445398954401287, 'tol': 0.0966527422306677, 'validation_fraction': 0.817533280598304}
observation time 0.000002, current best -0.966667 at iter 42
suggestion time taken 0.004645 iter 43 next_points [{'alpha': 0.007035356450110756, 'batch_size': 196, 'beta_1': 0.9405750256244969, 'beta_2': 0.9992522413622972, 'epsilon': 4.86746909279901e-07, 'hidden_layer_sizes': 133, 'learning_rate_init': 0.0056463071516987375, 'tol': 0.03379392162083842, 'validation_fraction': 0.11412847126330282}]
/home/ryedida/.local/lib/python3.8/site-packages/sklearn/neural_network/_multilayer_perceptron.py:621: UserWarning: Got `batch_size` less than 1 or larger than sample size. It is going to be clipped
  warnings.warn(

function_evaluation time 0.152516 value -0.883333 suggestion {'alpha': 0.007035356450110756, 'batch_size': 196, 'beta_1': 0.9405750256244969, 'beta_2': 0.9992522413622972, 'epsilon': 4.86746909279901e-07, 'hidden_layer_sizes': 133, 'learning_rate_init': 0.0056463071516987375, 'tol': 0.03379392162083842, 'validation_fraction': 0.11412847126330282}
observation time 0.000002, current best -0.966667 at iter 43
suggestion time taken 0.003821 iter 44 next_points [{'alpha': 0.5849750142763069, 'batch_size': 32, 'beta_1': 0.8855624258533513, 'beta_2': 0.9975526618830505, 'epsilon': 2.502682859877735e-08, 'hidden_layer_sizes': 152, 'learning_rate_init': 0.0023144507277948366, 'tol': 2.2740312899990422e-05, 'validation_fraction': 0.7929547562984918}]
/home/ryedida/.local/lib/python3.8/site-packages/sklearn/neural_network/_multilayer_perceptron.py:621: UserWarning: Got `batch_size` less than 1 or larger than sample size. It is going to be clipped
  warnings.warn(

function_evaluation time 0.158828 value -0.775000 suggestion {'alpha': 0.5849750142763069, 'batch_size': 32, 'beta_1': 0.8855624258533513, 'beta_2': 0.9975526618830505, 'epsilon': 2.502682859877735e-08, 'hidden_layer_sizes': 152, 'learning_rate_init': 0.0023144507277948366, 'tol': 2.2740312899990422e-05, 'validation_fraction': 0.7929547562984918}
observation time 0.000002, current best -0.966667 at iter 44
saving meta data: {'args': {'--uuid': '020653fad031543a9ccf5b1b8337fdd2', '-db-root': '/home/ryedida/bbo_challenge_starter_kit/output', '--opt-root': '/home/ryedida/bbo_challenge_starter_kit/example_submissions', '--data-root': None, '--db': 'run_20231014_193210', '--opt': 'random', '--data': 'iris', '--classifier': 'MLP-adam', '--metric': 'acc', '--calls': 45, '--suggestions': 1, '--jobs-file': None, '--verbose': False, 'dry_run': False, 'rev': 'a376313', 'opt_rev': '0.0.8'}, 'signature': ([{'alpha': 0.019628224813442792, 'batch_size': 182, 'beta_1': 0.9410202200271762, 'beta_2': 0.9998021557676793, 'epsilon': 1.8662266976518e-08, 'hidden_layer_sizes': 147, 'learning_rate_init': 0.0005627932047415167, 'tol': 0.03690557729213761, 'validation_fraction': 0.8846827852548593}, {'alpha': 0.001998246739232944, 'batch_size': 200, 'beta_1': 0.919111482530466, 'beta_2': 0.9998488260436156, 'epsilon': 5.981221901152555e-07, 'hidden_layer_sizes': 61, 'learning_rate_init': 2.2310905607443014e-05, 'tol': 1.2046852412030316e-05, 'validation_fraction': 0.8117896445826539}, {'alpha': 0.46659545670218433, 'batch_size': 219, 'beta_1': 0.9889789783750891, 'beta_2': 0.9999896868093284, 'epsilon': 2.4234724484675948e-08, 'hidden_layer_sizes': 167, 'learning_rate_init': 2.972334644335654e-05, 'tol': 0.0036281404040243792, 'validation_fraction': 0.17260651658522078}, {'alpha': 4.656005689076002, 'batch_size': 135, 'beta_1': 0.870503881627747, 'beta_2': 0.9948873266941017, 'epsilon': 2.1023308743480125e-07, 'hidden_layer_sizes': 118, 'learning_rate_init': 0.001878173875716191, 'tol': 1.1889379831773006e-05, 'validation_fraction': 0.6264327093752792}, {'alpha': 0.04705159350400542, 'batch_size': 158, 'beta_1': 0.9870884262730957, 'beta_2': 0.9999596874382349, 'epsilon': 1.1981845126013875e-08, 'hidden_layer_sizes': 116, 'learning_rate_init': 0.006173405204074311, 'tol': 1.7414134181586194e-05, 'validation_fraction': 0.6754299026638921}], [-0.41666666666666663, -0.275, -0.3416666666666667, -0.725, -0.875])}
saving results
saving timing
saving suggest log
done
