running: {'--uuid': '12259e93650b59899fec3a084dd57c9a', '-db-root': '/home/ryedida/bbo_challenge_starter_kit/output', '--opt-root': '/home/ryedida/bbo_challenge_starter_kit/example_submissions', '--data-root': None, '--db': 'run_20231014_193210', '--opt': 'random', '--data': 'iris', '--classifier': 'MLP-adam', '--metric': 'acc', '--calls': 45, '--suggestions': 1, '--jobs-file': None, '--verbose': False, 'dry_run': False, 'rev': 'a376313', 'opt_rev': '0.0.8'}
cmd: python /home/ryedida/.local/bin/bayesmark-exp -c MLP-adam -d iris -o random -u 12259e93650b59899fec3a084dd57c9a -m acc -n 45 -p 1 -dir /home/ryedida/bbo_challenge_starter_kit/output -b run_20231014_193210
/home/ryedida/.local/lib/python3.8/site-packages/sklearn/neural_network/_multilayer_perceptron.py:621: UserWarning: Got `batch_size` less than 1 or larger than sample size. It is going to be clipped
  warnings.warn(

/home/ryedida/.local/lib/python3.8/site-packages/sklearn/neural_network/_multilayer_perceptron.py:621: UserWarning: Got `batch_size` less than 1 or larger than sample size. It is going to be clipped
  warnings.warn(

/home/ryedida/.local/lib/python3.8/site-packages/sklearn/neural_network/_multilayer_perceptron.py:621: UserWarning: Got `batch_size` less than 1 or larger than sample size. It is going to be clipped
  warnings.warn(

/home/ryedida/.local/lib/python3.8/site-packages/sklearn/neural_network/_multilayer_perceptron.py:621: UserWarning: Got `batch_size` less than 1 or larger than sample size. It is going to be clipped
  warnings.warn(

/home/ryedida/.local/lib/python3.8/site-packages/sklearn/neural_network/_multilayer_perceptron.py:621: UserWarning: Got `batch_size` less than 1 or larger than sample size. It is going to be clipped
  warnings.warn(

computed signature: ([{'alpha': 0.019628224813442792, 'batch_size': 182, 'beta_1': 0.9410202200271762, 'beta_2': 0.9998021557676793, 'epsilon': 1.8662266976518e-08, 'hidden_layer_sizes': 147, 'learning_rate_init': 0.0005627932047415167, 'tol': 0.03690557729213761, 'validation_fraction': 0.8846827852548593}, {'alpha': 0.001998246739232944, 'batch_size': 200, 'beta_1': 0.919111482530466, 'beta_2': 0.9998488260436156, 'epsilon': 5.981221901152555e-07, 'hidden_layer_sizes': 61, 'learning_rate_init': 2.2310905607443014e-05, 'tol': 1.2046852412030316e-05, 'validation_fraction': 0.8117896445826539}, {'alpha': 0.46659545670218433, 'batch_size': 219, 'beta_1': 0.9889789783750891, 'beta_2': 0.9999896868093284, 'epsilon': 2.4234724484675948e-08, 'hidden_layer_sizes': 167, 'learning_rate_init': 2.972334644335654e-05, 'tol': 0.0036281404040243792, 'validation_fraction': 0.17260651658522078}, {'alpha': 4.656005689076002, 'batch_size': 135, 'beta_1': 0.870503881627747, 'beta_2': 0.9948873266941017, 'epsilon': 2.1023308743480125e-07, 'hidden_layer_sizes': 118, 'learning_rate_init': 0.001878173875716191, 'tol': 1.1889379831773006e-05, 'validation_fraction': 0.6264327093752792}, {'alpha': 0.04705159350400542, 'batch_size': 158, 'beta_1': 0.9870884262730957, 'beta_2': 0.9999596874382349, 'epsilon': 1.1981845126013875e-08, 'hidden_layer_sizes': 116, 'learning_rate_init': 0.006173405204074311, 'tol': 1.7414134181586194e-05, 'validation_fraction': 0.6754299026638921}], [-0.41666666666666663, -0.275, -0.3416666666666667, -0.725, -0.875])
/home/ryedida/.local/lib/python3.8/site-packages/bayesmark/experiment.py:470: UserWarning: Baselines not found. Will not log intermediate scores.
  warnings.warn("Baselines not found. Will not log intermediate scores.")

starting sklearn study random MLP-adam iris acc 45 1
with data root: None
suggestion time taken 0.003900 iter 0 next_points [{'alpha': 4.2679519275674756e-05, 'batch_size': 73, 'beta_1': 0.5151893221681595, 'beta_2': 0.9997951806435159, 'epsilon': 5.255947362893051e-08, 'hidden_layer_sizes': 51, 'learning_rate_init': 0.010572161027132824, 'tol': 1.318998325076434e-05, 'validation_fraction': 0.2359797795652001}]
function_evaluation time 0.142659 value -0.866667 suggestion {'alpha': 4.2679519275674756e-05, 'batch_size': 73, 'beta_1': 0.5151893221681595, 'beta_2': 0.9997951806435159, 'epsilon': 5.255947362893051e-08, 'hidden_layer_sizes': 51, 'learning_rate_init': 0.010572161027132824, 'tol': 1.318998325076434e-05, 'validation_fraction': 0.2359797795652001}
observation time 0.000002, current best -0.866667 at iter 0
suggestion time taken 0.003833 iter 1 next_points [{'alpha': 0.010074097430951764, 'batch_size': 143, 'beta_1': 0.9359664192708483, 'beta_2': 0.9835630449968692, 'epsilon': 3.876698716336298e-09, 'hidden_layer_sizes': 157, 'learning_rate_init': 0.009763551524556048, 'tol': 1.079393723050421e-05, 'validation_fraction': 0.7463924603648814}]
/home/ryedida/.local/lib/python3.8/site-packages/sklearn/neural_network/_multilayer_perceptron.py:621: UserWarning: Got `batch_size` less than 1 or larger than sample size. It is going to be clipped
  warnings.warn(

function_evaluation time 0.168489 value -0.958333 suggestion {'alpha': 0.010074097430951764, 'batch_size': 143, 'beta_1': 0.9359664192708483, 'beta_2': 0.9835630449968692, 'epsilon': 3.876698716336298e-09, 'hidden_layer_sizes': 157, 'learning_rate_init': 0.009763551524556048, 'tol': 1.079393723050421e-05, 'validation_fraction': 0.7463924603648814}
observation time 0.000002, current best -0.958333 at iter 1
suggestion time taken 0.003798 iter 2 next_points [{'alpha': 2.0207581266861383, 'batch_size': 171, 'beta_1': 0.645225628768509, 'beta_2': 0.9947898077018695, 'epsilon': 4.083423228526446e-08, 'hidden_layer_sizes': 144, 'learning_rate_init': 0.0016595452476868334, 'tol': 1.9377839622658866e-05, 'validation_fraction': 0.21692767103925556}]
/home/ryedida/.local/lib/python3.8/site-packages/sklearn/neural_network/_multilayer_perceptron.py:621: UserWarning: Got `batch_size` less than 1 or larger than sample size. It is going to be clipped
  warnings.warn(

function_evaluation time 0.123689 value -0.783333 suggestion {'alpha': 2.0207581266861383, 'batch_size': 171, 'beta_1': 0.645225628768509, 'beta_2': 0.9947898077018695, 'epsilon': 4.083423228526446e-08, 'hidden_layer_sizes': 144, 'learning_rate_init': 0.0016595452476868334, 'tol': 1.9377839622658866e-05, 'validation_fraction': 0.21692767103925556}
observation time 0.000002, current best -0.958333 at iter 2
suggestion time taken 0.003791 iter 3 next_points [{'alpha': 0.03577918692444678, 'batch_size': 139, 'beta_1': 0.6319992614481242, 'beta_2': 0.9982215969779101, 'epsilon': 4.092612395755673e-08, 'hidden_layer_sizes': 154, 'learning_rate_init': 2.5409827767756493e-05, 'tol': 1.2399645159672857e-05, 'validation_fraction': 0.3131985191175858}]
/home/ryedida/.local/lib/python3.8/site-packages/sklearn/neural_network/_multilayer_perceptron.py:621: UserWarning: Got `batch_size` less than 1 or larger than sample size. It is going to be clipped
  warnings.warn(

function_evaluation time 0.076509 value -0.433333 suggestion {'alpha': 0.03577918692444678, 'batch_size': 139, 'beta_1': 0.6319992614481242, 'beta_2': 0.9982215969779101, 'epsilon': 4.092612395755673e-08, 'hidden_layer_sizes': 154, 'learning_rate_init': 2.5409827767756493e-05, 'tol': 1.2399645159672857e-05, 'validation_fraction': 0.3131985191175858}
observation time 0.000002, current best -0.958333 at iter 3
suggestion time taken 0.003861 iter 4 next_points [{'alpha': 0.000534928139531141, 'batch_size': 18, 'beta_1': 0.9865894925670282, 'beta_2': 0.9971207075187019, 'epsilon': 5.7069233454394925e-08, 'hidden_layer_sizes': 175, 'learning_rate_init': 0.000732018700421248, 'tol': 0.0007703740367219512, 'validation_fraction': 0.5860382648683303}]
function_evaluation time 0.174099 value -0.700000 suggestion {'alpha': 0.000534928139531141, 'batch_size': 18, 'beta_1': 0.9865894925670282, 'beta_2': 0.9971207075187019, 'epsilon': 5.7069233454394925e-08, 'hidden_layer_sizes': 175, 'learning_rate_init': 0.000732018700421248, 'tol': 0.0007703740367219512, 'validation_fraction': 0.5860382648683303}
observation time 0.000002, current best -0.958333 at iter 4
suggestion time taken 0.003834 iter 5 next_points [{'alpha': 0.014585340952354675, 'batch_size': 184, 'beta_1': 0.9797007497721163, 'beta_2': 0.991219452746089, 'epsilon': 1.459470209917282e-07, 'hidden_layer_sizes': 85, 'learning_rate_init': 0.04863158201518822, 'tol': 0.03498815240009784, 'validation_fraction': 0.3310335842041041}]
/home/ryedida/.local/lib/python3.8/site-packages/sklearn/neural_network/_multilayer_perceptron.py:621: UserWarning: Got `batch_size` less than 1 or larger than sample size. It is going to be clipped
  warnings.warn(

function_evaluation time 0.100694 value -0.866667 suggestion {'alpha': 0.014585340952354675, 'batch_size': 184, 'beta_1': 0.9797007497721163, 'beta_2': 0.991219452746089, 'epsilon': 1.459470209917282e-07, 'hidden_layer_sizes': 85, 'learning_rate_init': 0.04863158201518822, 'tol': 0.03498815240009784, 'validation_fraction': 0.3310335842041041}
observation time 0.000002, current best -0.958333 at iter 5
suggestion time taken 0.003926 iter 6 next_points [{'alpha': 0.0009164538736337929, 'batch_size': 117, 'beta_1': 0.5747175345159228, 'beta_2': 0.9999336301437123, 'epsilon': 5.485734446492335e-08, 'hidden_layer_sizes': 85, 'learning_rate_init': 0.040932875912337935, 'tol': 0.025355975705844067, 'validation_fraction': 0.1969142186511554}]
/home/ryedida/.local/lib/python3.8/site-packages/sklearn/neural_network/_multilayer_perceptron.py:621: UserWarning: Got `batch_size` less than 1 or larger than sample size. It is going to be clipped
  warnings.warn(

function_evaluation time 0.127070 value -0.958333 suggestion {'alpha': 0.0009164538736337929, 'batch_size': 117, 'beta_1': 0.5747175345159228, 'beta_2': 0.9999336301437123, 'epsilon': 5.485734446492335e-08, 'hidden_layer_sizes': 85, 'learning_rate_init': 0.040932875912337935, 'tol': 0.025355975705844067, 'validation_fraction': 0.1969142186511554}
observation time 0.000002, current best -0.958333 at iter 6
suggestion time taken 0.003837 iter 7 next_points [{'alpha': 0.002587943027396558, 'batch_size': 79, 'beta_1': 0.8252069340190621, 'beta_2': 0.9995196924312568, 'epsilon': 4.112602413537433e-09, 'hidden_layer_sizes': 83, 'learning_rate_init': 3.8195660739507754e-05, 'tol': 0.002161154944264338, 'validation_fraction': 0.17518369886886273}]
function_evaluation time 0.079042 value -0.400000 suggestion {'alpha': 0.002587943027396558, 'batch_size': 79, 'beta_1': 0.8252069340190621, 'beta_2': 0.9995196924312568, 'epsilon': 4.112602413537433e-09, 'hidden_layer_sizes': 83, 'learning_rate_init': 3.8195660739507754e-05, 'tol': 0.002161154944264338, 'validation_fraction': 0.17518369886886273}
observation time 0.000002, current best -0.958333 at iter 7
suggestion time taken 0.003893 iter 8 next_points [{'alpha': 0.03149080670712454, 'batch_size': 183, 'beta_1': 0.9854673396059783, 'beta_2': 0.9999965241657007, 'epsilon': 2.781715629632964e-09, 'hidden_layer_sizes': 114, 'learning_rate_init': 0.0007612228518105184, 'tol': 0.002860595104919673, 'validation_fraction': 0.6871491523874669}]
/home/ryedida/.local/lib/python3.8/site-packages/sklearn/neural_network/_multilayer_perceptron.py:621: UserWarning: Got `batch_size` less than 1 or larger than sample size. It is going to be clipped
  warnings.warn(

function_evaluation time 0.087105 value -0.416667 suggestion {'alpha': 0.03149080670712454, 'batch_size': 183, 'beta_1': 0.9854673396059783, 'beta_2': 0.9999965241657007, 'epsilon': 2.781715629632964e-09, 'hidden_layer_sizes': 114, 'learning_rate_init': 0.0007612228518105184, 'tol': 0.002860595104919673, 'validation_fraction': 0.6871491523874669}
observation time 0.000002, current best -0.958333 at iter 8
suggestion time taken 0.004498 iter 9 next_points [{'alpha': 0.00011692483022675436, 'batch_size': 46, 'beta_1': 0.7836582470613405, 'beta_2': 0.9999479749481939, 'epsilon': 1.0773525819795467e-09, 'hidden_layer_sizes': 171, 'learning_rate_init': 5.977945397016683e-05, 'tol': 0.000501518396074317, 'validation_fraction': 0.4717983226603533}]
function_evaluation time 0.100175 value -0.341667 suggestion {'alpha': 0.00011692483022675436, 'batch_size': 46, 'beta_1': 0.7836582470613405, 'beta_2': 0.9999479749481939, 'epsilon': 1.0773525819795467e-09, 'hidden_layer_sizes': 171, 'learning_rate_init': 5.977945397016683e-05, 'tol': 0.000501518396074317, 'validation_fraction': 0.4717983226603533}
observation time 0.000002, current best -0.958333 at iter 9
suggestion time taken 0.003897 iter 10 next_points [{'alpha': 0.23422277075306508, 'batch_size': 150, 'beta_1': 0.9662513170560771, 'beta_2': 0.9999985145753565, 'epsilon': 2.184176129638201e-08, 'hidden_layer_sizes': 157, 'learning_rate_init': 0.07247035274543623, 'tol': 0.02118430160884872, 'validation_fraction': 0.8847541327500621}]
/home/ryedida/.local/lib/python3.8/site-packages/sklearn/neural_network/_multilayer_perceptron.py:621: UserWarning: Got `batch_size` less than 1 or larger than sample size. It is going to be clipped
  warnings.warn(

function_evaluation time 0.099389 value -0.775000 suggestion {'alpha': 0.23422277075306508, 'batch_size': 150, 'beta_1': 0.9662513170560771, 'beta_2': 0.9999985145753565, 'epsilon': 2.184176129638201e-08, 'hidden_layer_sizes': 157, 'learning_rate_init': 0.07247035274543623, 'tol': 0.02118430160884872, 'validation_fraction': 0.8847541327500621}
observation time 0.000002, current best -0.958333 at iter 10
suggestion time taken 0.003860 iter 11 next_points [{'alpha': 0.006482697075748346, 'batch_size': 39, 'beta_1': 0.521282634751483, 'beta_2': 0.9991328324782218, 'epsilon': 1.320253432097768e-07, 'hidden_layer_sizes': 173, 'learning_rate_init': 0.08690979368850232, 'tol': 1.2327797748012254e-05, 'validation_fraction': 0.5562353954782507}]
function_evaluation time 0.168432 value -0.958333 suggestion {'alpha': 0.006482697075748346, 'batch_size': 39, 'beta_1': 0.521282634751483, 'beta_2': 0.9991328324782218, 'epsilon': 1.320253432097768e-07, 'hidden_layer_sizes': 173, 'learning_rate_init': 0.08690979368850232, 'tol': 1.2327797748012254e-05, 'validation_fraction': 0.5562353954782507}
observation time 0.000002, current best -0.958333 at iter 11
suggestion time taken 0.003914 iter 12 next_points [{'alpha': 0.0001714058357322742, 'batch_size': 197, 'beta_1': 0.8242582002064022, 'beta_2': 0.999886388107447, 'epsilon': 1.6677385113063564e-08, 'hidden_layer_sizes': 53, 'learning_rate_init': 0.04953289941784537, 'tol': 0.004290391330331783, 'validation_fraction': 0.22681028990595858}]
/home/ryedida/.local/lib/python3.8/site-packages/sklearn/neural_network/_multilayer_perceptron.py:621: UserWarning: Got `batch_size` less than 1 or larger than sample size. It is going to be clipped
  warnings.warn(

function_evaluation time 0.110929 value -0.908333 suggestion {'alpha': 0.0001714058357322742, 'batch_size': 197, 'beta_1': 0.8242582002064022, 'beta_2': 0.999886388107447, 'epsilon': 1.6677385113063564e-08, 'hidden_layer_sizes': 53, 'learning_rate_init': 0.04953289941784537, 'tol': 0.004290391330331783, 'validation_fraction': 0.22681028990595858}
observation time 0.000002, current best -0.958333 at iter 12
suggestion time taken 0.003918 iter 13 next_points [{'alpha': 3.642794501329275e-05, 'batch_size': 89, 'beta_1': 0.9070165140995402, 'beta_2': 0.9999985000773164, 'epsilon': 2.778089420245148e-09, 'hidden_layer_sizes': 183, 'learning_rate_init': 2.412565342447489e-05, 'tol': 0.0008890352816185304, 'validation_fraction': 0.22523759152169504}]
function_evaluation time 0.083674 value -0.333333 suggestion {'alpha': 3.642794501329275e-05, 'batch_size': 89, 'beta_1': 0.9070165140995402, 'beta_2': 0.9999985000773164, 'epsilon': 2.778089420245148e-09, 'hidden_layer_sizes': 183, 'learning_rate_init': 2.412565342447489e-05, 'tol': 0.0008890352816185304, 'validation_fraction': 0.22523759152169504}
observation time 0.000002, current best -0.958333 at iter 13
suggestion time taken 0.003880 iter 14 next_points [{'alpha': 0.0878574020462225, 'batch_size': 182, 'beta_1': 0.9811264297590251, 'beta_2': 0.9973741044132745, 'epsilon': 1.1257656668966686e-07, 'hidden_layer_sizes': 193, 'learning_rate_init': 0.012931042484805404, 'tol': 1.3130688167235671e-05, 'validation_fraction': 0.18280719214305133}]
/home/ryedida/.local/lib/python3.8/site-packages/sklearn/neural_network/_multilayer_perceptron.py:621: UserWarning: Got `batch_size` less than 1 or larger than sample size. It is going to be clipped
  warnings.warn(

function_evaluation time 0.163108 value -0.933333 suggestion {'alpha': 0.0878574020462225, 'batch_size': 182, 'beta_1': 0.9811264297590251, 'beta_2': 0.9973741044132745, 'epsilon': 1.1257656668966686e-07, 'hidden_layer_sizes': 193, 'learning_rate_init': 0.012931042484805404, 'tol': 1.3130688167235671e-05, 'validation_fraction': 0.18280719214305133}
observation time 0.000002, current best -0.958333 at iter 14
suggestion time taken 0.003851 iter 15 next_points [{'alpha': 0.01925877964147112, 'batch_size': 138, 'beta_1': 0.7269937042002028, 'beta_2': 0.9999621608280609, 'epsilon': 2.249539251280305e-08, 'hidden_layer_sizes': 123, 'learning_rate_init': 0.0030063008200168786, 'tol': 0.025736633204869346, 'validation_fraction': 0.5806992674460799}]
/home/ryedida/.local/lib/python3.8/site-packages/sklearn/neural_network/_multilayer_perceptron.py:621: UserWarning: Got `batch_size` less than 1 or larger than sample size. It is going to be clipped
  warnings.warn(

function_evaluation time 0.110691 value -0.825000 suggestion {'alpha': 0.01925877964147112, 'batch_size': 138, 'beta_1': 0.7269937042002028, 'beta_2': 0.9999621608280609, 'epsilon': 2.249539251280305e-08, 'hidden_layer_sizes': 123, 'learning_rate_init': 0.0030063008200168786, 'tol': 0.025736633204869346, 'validation_fraction': 0.5806992674460799}
observation time 0.000002, current best -0.958333 at iter 15
suggestion time taken 0.003864 iter 16 next_points [{'alpha': 1.4499841041023397e-05, 'batch_size': 202, 'beta_1': 0.9625137631593987, 'beta_2': 0.9994568680897428, 'epsilon': 7.466057561282849e-07, 'hidden_layer_sizes': 74, 'learning_rate_init': 0.027001493845551998, 'tol': 0.00567624996781164, 'validation_fraction': 0.3555138948464148}]
/home/ryedida/.local/lib/python3.8/site-packages/sklearn/neural_network/_multilayer_perceptron.py:621: UserWarning: Got `batch_size` less than 1 or larger than sample size. It is going to be clipped
  warnings.warn(

function_evaluation time 0.137734 value -0.916667 suggestion {'alpha': 1.4499841041023397e-05, 'batch_size': 202, 'beta_1': 0.9625137631593987, 'beta_2': 0.9994568680897428, 'epsilon': 7.466057561282849e-07, 'hidden_layer_sizes': 74, 'learning_rate_init': 0.027001493845551998, 'tol': 0.00567624996781164, 'validation_fraction': 0.3555138948464148}
observation time 0.000002, current best -0.958333 at iter 16
suggestion time taken 0.003701 iter 17 next_points [{'alpha': 6.052087294478169e-05, 'batch_size': 10, 'beta_1': 0.8982010583576762, 'beta_2': 0.9821154757677502, 'epsilon': 9.431189684545508e-09, 'hidden_layer_sizes': 84, 'learning_rate_init': 9.164970495347e-05, 'tol': 2.0590338788142706e-05, 'validation_fraction': 0.7783262819917872}]
function_evaluation time 0.103469 value -0.275000 suggestion {'alpha': 6.052087294478169e-05, 'batch_size': 10, 'beta_1': 0.8982010583576762, 'beta_2': 0.9821154757677502, 'epsilon': 9.431189684545508e-09, 'hidden_layer_sizes': 84, 'learning_rate_init': 9.164970495347e-05, 'tol': 2.0590338788142706e-05, 'validation_fraction': 0.7783262819917872}
observation time 0.000002, current best -0.958333 at iter 17
suggestion time taken 0.003745 iter 18 next_points [{'alpha': 0.34860271768224615, 'batch_size': 236, 'beta_1': 0.9212843858751387, 'beta_2': 0.9999973709484397, 'epsilon': 3.304333166722616e-09, 'hidden_layer_sizes': 156, 'learning_rate_init': 0.005332574478882093, 'tol': 0.00026008788757700326, 'validation_fraction': 0.15565331056466863}]
/home/ryedida/.local/lib/python3.8/site-packages/sklearn/neural_network/_multilayer_perceptron.py:621: UserWarning: Got `batch_size` less than 1 or larger than sample size. It is going to be clipped
  warnings.warn(

function_evaluation time 0.122812 value -0.858333 suggestion {'alpha': 0.34860271768224615, 'batch_size': 236, 'beta_1': 0.9212843858751387, 'beta_2': 0.9999973709484397, 'epsilon': 3.304333166722616e-09, 'hidden_layer_sizes': 156, 'learning_rate_init': 0.005332574478882093, 'tol': 0.00026008788757700326, 'validation_fraction': 0.15565331056466863}
observation time 0.000002, current best -0.958333 at iter 18
suggestion time taken 0.003741 iter 19 next_points [{'alpha': 0.4356651761433294, 'batch_size': 187, 'beta_1': 0.6500908110937029, 'beta_2': 0.9814508644942619, 'epsilon': 2.651660610528563e-07, 'hidden_layer_sizes': 198, 'learning_rate_init': 0.001531062543338033, 'tol': 5.2844735628347e-05, 'validation_fraction': 0.8618207981042618}]
/home/ryedida/.local/lib/python3.8/site-packages/sklearn/neural_network/_multilayer_perceptron.py:621: UserWarning: Got `batch_size` less than 1 or larger than sample size. It is going to be clipped
  warnings.warn(

function_evaluation time 0.163421 value -0.750000 suggestion {'alpha': 0.4356651761433294, 'batch_size': 187, 'beta_1': 0.6500908110937029, 'beta_2': 0.9814508644942619, 'epsilon': 2.651660610528563e-07, 'hidden_layer_sizes': 198, 'learning_rate_init': 0.001531062543338033, 'tol': 5.2844735628347e-05, 'validation_fraction': 0.8618207981042618}
observation time 0.000002, current best -0.958333 at iter 19
suggestion time taken 0.003875 iter 20 next_points [{'alpha': 0.002743990733219597, 'batch_size': 244, 'beta_1': 0.7745727493715001, 'beta_2': 0.9999686485873027, 'epsilon': 1.7940417155412255e-09, 'hidden_layer_sizes': 62, 'learning_rate_init': 0.03590322765814573, 'tol': 1.7651735644135107e-05, 'validation_fraction': 0.41193643308460737}]
/home/ryedida/.local/lib/python3.8/site-packages/sklearn/neural_network/_multilayer_perceptron.py:621: UserWarning: Got `batch_size` less than 1 or larger than sample size. It is going to be clipped
  warnings.warn(

function_evaluation time 0.137040 value -0.950000 suggestion {'alpha': 0.002743990733219597, 'batch_size': 244, 'beta_1': 0.7745727493715001, 'beta_2': 0.9999686485873027, 'epsilon': 1.7940417155412255e-09, 'hidden_layer_sizes': 62, 'learning_rate_init': 0.03590322765814573, 'tol': 1.7651735644135107e-05, 'validation_fraction': 0.41193643308460737}
observation time 0.000002, current best -0.958333 at iter 20
suggestion time taken 0.003871 iter 21 next_points [{'alpha': 2.149168958441848, 'batch_size': 39, 'beta_1': 0.9868508146906173, 'beta_2': 0.9999951076155478, 'epsilon': 1.5348982132764607e-08, 'hidden_layer_sizes': 69, 'learning_rate_init': 0.0036754921147991175, 'tol': 0.000571433886239139, 'validation_fraction': 0.21777179214028936}]
function_evaluation time 0.143782 value -0.766667 suggestion {'alpha': 2.149168958441848, 'batch_size': 39, 'beta_1': 0.9868508146906173, 'beta_2': 0.9999951076155478, 'epsilon': 1.5348982132764607e-08, 'hidden_layer_sizes': 69, 'learning_rate_init': 0.0036754921147991175, 'tol': 0.000571433886239139, 'validation_fraction': 0.21777179214028936}
observation time 0.000002, current best -0.958333 at iter 21
suggestion time taken 0.003867 iter 22 next_points [{'alpha': 0.001957826683226017, 'batch_size': 226, 'beta_1': 0.8085262354404034, 'beta_2': 0.9999918912751217, 'epsilon': 1.0526979098459897e-07, 'hidden_layer_sizes': 116, 'learning_rate_init': 0.01394370620987849, 'tol': 0.0005620511433862553, 'validation_fraction': 0.5766459672118958}]
/home/ryedida/.local/lib/python3.8/site-packages/sklearn/neural_network/_multilayer_perceptron.py:621: UserWarning: Got `batch_size` less than 1 or larger than sample size. It is going to be clipped
  warnings.warn(

function_evaluation time 0.147064 value -0.966667 suggestion {'alpha': 0.001957826683226017, 'batch_size': 226, 'beta_1': 0.8085262354404034, 'beta_2': 0.9999918912751217, 'epsilon': 1.0526979098459897e-07, 'hidden_layer_sizes': 116, 'learning_rate_init': 0.01394370620987849, 'tol': 0.0005620511433862553, 'validation_fraction': 0.5766459672118958}
observation time 0.000002, current best -0.966667 at iter 22
suggestion time taken 0.003743 iter 23 next_points [{'alpha': 0.017725129982974704, 'batch_size': 71, 'beta_1': 0.9791330090870941, 'beta_2': 0.9906643128859451, 'epsilon': 5.565275793538453e-07, 'hidden_layer_sizes': 81, 'learning_rate_init': 0.010586739590922054, 'tol': 0.006608818453880899, 'validation_fraction': 0.10450337600149338}]
function_evaluation time 0.154676 value -0.925000 suggestion {'alpha': 0.017725129982974704, 'batch_size': 71, 'beta_1': 0.9791330090870941, 'beta_2': 0.9906643128859451, 'epsilon': 5.565275793538453e-07, 'hidden_layer_sizes': 81, 'learning_rate_init': 0.010586739590922054, 'tol': 0.006608818453880899, 'validation_fraction': 0.10450337600149338}
observation time 0.000002, current best -0.966667 at iter 23
suggestion time taken 0.003865 iter 24 next_points [{'alpha': 0.0020445186266440886, 'batch_size': 104, 'beta_1': 0.5640005631975895, 'beta_2': 0.9535283902031196, 'epsilon': 6.73881524141183e-08, 'hidden_layer_sizes': 134, 'learning_rate_init': 0.020232868235548374, 'tol': 0.00015275607611780828, 'validation_fraction': 0.19249487467602464}]
/home/ryedida/.local/lib/python3.8/site-packages/sklearn/neural_network/_multilayer_perceptron.py:621: UserWarning: Got `batch_size` less than 1 or larger than sample size. It is going to be clipped
  warnings.warn(

function_evaluation time 0.112567 value -0.958333 suggestion {'alpha': 0.0020445186266440886, 'batch_size': 104, 'beta_1': 0.5640005631975895, 'beta_2': 0.9535283902031196, 'epsilon': 6.73881524141183e-08, 'hidden_layer_sizes': 134, 'learning_rate_init': 0.020232868235548374, 'tol': 0.00015275607611780828, 'validation_fraction': 0.19249487467602464}
observation time 0.000002, current best -0.966667 at iter 24
suggestion time taken 0.003844 iter 25 next_points [{'alpha': 2.6623808107202436, 'batch_size': 184, 'beta_1': 0.8567889405197799, 'beta_2': 0.9989898743336414, 'epsilon': 4.20375167424057e-08, 'hidden_layer_sizes': 146, 'learning_rate_init': 1.2062364925235145e-05, 'tol': 0.004213278496458231, 'validation_fraction': 0.835082580491205}]
/home/ryedida/.local/lib/python3.8/site-packages/sklearn/neural_network/_multilayer_perceptron.py:621: UserWarning: Got `batch_size` less than 1 or larger than sample size. It is going to be clipped
  warnings.warn(

function_evaluation time 0.091742 value -0.316667 suggestion {'alpha': 2.6623808107202436, 'batch_size': 184, 'beta_1': 0.8567889405197799, 'beta_2': 0.9989898743336414, 'epsilon': 4.20375167424057e-08, 'hidden_layer_sizes': 146, 'learning_rate_init': 1.2062364925235145e-05, 'tol': 0.004213278496458231, 'validation_fraction': 0.835082580491205}
observation time 0.000002, current best -0.966667 at iter 25
suggestion time taken 0.003831 iter 26 next_points [{'alpha': 0.8419525218558942, 'batch_size': 166, 'beta_1': 0.8983686967907278, 'beta_2': 0.9999455799559952, 'epsilon': 5.930005709638269e-08, 'hidden_layer_sizes': 197, 'learning_rate_init': 0.0520991240882202, 'tol': 4.909102125696802e-05, 'validation_fraction': 0.6863707333616916}]
/home/ryedida/.local/lib/python3.8/site-packages/sklearn/neural_network/_multilayer_perceptron.py:621: UserWarning: Got `batch_size` less than 1 or larger than sample size. It is going to be clipped
  warnings.warn(

function_evaluation time 0.155605 value -0.983333 suggestion {'alpha': 0.8419525218558942, 'batch_size': 166, 'beta_1': 0.8983686967907278, 'beta_2': 0.9999455799559952, 'epsilon': 5.930005709638269e-08, 'hidden_layer_sizes': 197, 'learning_rate_init': 0.0520991240882202, 'tol': 4.909102125696802e-05, 'validation_fraction': 0.6863707333616916}
observation time 0.000002, current best -0.983333 at iter 26
suggestion time taken 0.003845 iter 27 next_points [{'alpha': 0.3631363023867409, 'batch_size': 11, 'beta_1': 0.9726570619593071, 'beta_2': 0.9844263920203291, 'epsilon': 9.69459301650409e-08, 'hidden_layer_sizes': 128, 'learning_rate_init': 0.0006816786519285142, 'tol': 0.00034831391988744746, 'validation_fraction': 0.2852703410648736}]
function_evaluation time 0.290417 value -0.825000 suggestion {'alpha': 0.3631363023867409, 'batch_size': 11, 'beta_1': 0.9726570619593071, 'beta_2': 0.9844263920203291, 'epsilon': 9.69459301650409e-08, 'hidden_layer_sizes': 128, 'learning_rate_init': 0.0006816786519285142, 'tol': 0.00034831391988744746, 'validation_fraction': 0.2852703410648736}
observation time 0.000002, current best -0.983333 at iter 27
suggestion time taken 0.003738 iter 28 next_points [{'alpha': 0.14185754264866726, 'batch_size': 127, 'beta_1': 0.6508976362929713, 'beta_2': 0.9962188371073155, 'epsilon': 1.5682327199760343e-07, 'hidden_layer_sizes': 190, 'learning_rate_init': 0.0044771252059126005, 'tol': 2.0975128246261248e-05, 'validation_fraction': 0.6256430114764452}]
/home/ryedida/.local/lib/python3.8/site-packages/sklearn/neural_network/_multilayer_perceptron.py:621: UserWarning: Got `batch_size` less than 1 or larger than sample size. It is going to be clipped
  warnings.warn(

function_evaluation time 0.165958 value -0.950000 suggestion {'alpha': 0.14185754264866726, 'batch_size': 127, 'beta_1': 0.6508976362929713, 'beta_2': 0.9962188371073155, 'epsilon': 1.5682327199760343e-07, 'hidden_layer_sizes': 190, 'learning_rate_init': 0.0044771252059126005, 'tol': 2.0975128246261248e-05, 'validation_fraction': 0.6256430114764452}
observation time 0.000002, current best -0.983333 at iter 28
suggestion time taken 0.003692 iter 29 next_points [{'alpha': 0.11156588481738555, 'batch_size': 139, 'beta_1': 0.9437795056033446, 'beta_2': 0.9999827643191582, 'epsilon': 4.064865283540197e-07, 'hidden_layer_sizes': 196, 'learning_rate_init': 3.1191342481898927e-05, 'tol': 0.011439144618719858, 'validation_fraction': 0.20498818751812406}]
/home/ryedida/.local/lib/python3.8/site-packages/sklearn/neural_network/_multilayer_perceptron.py:621: UserWarning: Got `batch_size` less than 1 or larger than sample size. It is going to be clipped
  warnings.warn(

function_evaluation time 0.078941 value -0.341667 suggestion {'alpha': 0.11156588481738555, 'batch_size': 139, 'beta_1': 0.9437795056033446, 'beta_2': 0.9999827643191582, 'epsilon': 4.064865283540197e-07, 'hidden_layer_sizes': 196, 'learning_rate_init': 3.1191342481898927e-05, 'tol': 0.011439144618719858, 'validation_fraction': 0.20498818751812406}
observation time 0.000002, current best -0.983333 at iter 29
suggestion time taken 0.003835 iter 30 next_points [{'alpha': 0.0025164948941750163, 'batch_size': 34, 'beta_1': 0.9750488666129798, 'beta_2': 0.9862122065373927, 'epsilon': 6.2002051450195515e-09, 'hidden_layer_sizes': 200, 'learning_rate_init': 0.00018050650384535173, 'tol': 0.00010750202965640609, 'validation_fraction': 0.6852541264978157}]
function_evaluation time 0.104064 value -0.250000 suggestion {'alpha': 0.0025164948941750163, 'batch_size': 34, 'beta_1': 0.9750488666129798, 'beta_2': 0.9862122065373927, 'epsilon': 6.2002051450195515e-09, 'hidden_layer_sizes': 200, 'learning_rate_init': 0.00018050650384535173, 'tol': 0.00010750202965640609, 'validation_fraction': 0.6852541264978157}
observation time 0.000002, current best -0.983333 at iter 30
suggestion time taken 0.003884 iter 31 next_points [{'alpha': 0.00027547747511533693, 'batch_size': 21, 'beta_1': 0.9090373206765557, 'beta_2': 0.9996758321030597, 'epsilon': 6.731054167152937e-07, 'hidden_layer_sizes': 153, 'learning_rate_init': 0.006374439942611496, 'tol': 0.09110207131512357, 'validation_fraction': 0.14546474947634921}]
function_evaluation time 0.169137 value -0.958333 suggestion {'alpha': 0.00027547747511533693, 'batch_size': 21, 'beta_1': 0.9090373206765557, 'beta_2': 0.9996758321030597, 'epsilon': 6.731054167152937e-07, 'hidden_layer_sizes': 153, 'learning_rate_init': 0.006374439942611496, 'tol': 0.09110207131512357, 'validation_fraction': 0.14546474947634921}
observation time 0.000002, current best -0.983333 at iter 31
suggestion time taken 0.003774 iter 32 next_points [{'alpha': 1.4064608940999131e-05, 'batch_size': 13, 'beta_1': 0.9877362028268919, 'beta_2': 0.9999564289335338, 'epsilon': 1.5745725174757928e-08, 'hidden_layer_sizes': 101, 'learning_rate_init': 0.05687278312258199, 'tol': 0.02291925917337213, 'validation_fraction': 0.4861761966944686}]
function_evaluation time 0.204837 value -0.941667 suggestion {'alpha': 1.4064608940999131e-05, 'batch_size': 13, 'beta_1': 0.9877362028268919, 'beta_2': 0.9999564289335338, 'epsilon': 1.5745725174757928e-08, 'hidden_layer_sizes': 101, 'learning_rate_init': 0.05687278312258199, 'tol': 0.02291925917337213, 'validation_fraction': 0.4861761966944686}
observation time 0.000002, current best -0.983333 at iter 32
suggestion time taken 0.004560 iter 33 next_points [{'alpha': 3.492451349501634, 'batch_size': 130, 'beta_1': 0.9677029464546416, 'beta_2': 0.9999889104361085, 'epsilon': 1.3731759206886422e-09, 'hidden_layer_sizes': 167, 'learning_rate_init': 5.894934697864509e-05, 'tol': 0.0002782802325056403, 'validation_fraction': 0.11031212867690804}]
/home/ryedida/.local/lib/python3.8/site-packages/sklearn/neural_network/_multilayer_perceptron.py:621: UserWarning: Got `batch_size` less than 1 or larger than sample size. It is going to be clipped
  warnings.warn(

function_evaluation time 0.082735 value -0.341667 suggestion {'alpha': 3.492451349501634, 'batch_size': 130, 'beta_1': 0.9677029464546416, 'beta_2': 0.9999889104361085, 'epsilon': 1.3731759206886422e-09, 'hidden_layer_sizes': 167, 'learning_rate_init': 5.894934697864509e-05, 'tol': 0.0002782802325056403, 'validation_fraction': 0.11031212867690804}
observation time 0.000002, current best -0.983333 at iter 33
suggestion time taken 0.003845 iter 34 next_points [{'alpha': 1.1187632585930265, 'batch_size': 142, 'beta_1': 0.9861443951646736, 'beta_2': 0.9782595544771319, 'epsilon': 1.1688656579717445e-07, 'hidden_layer_sizes': 113, 'learning_rate_init': 8.040346821239023e-05, 'tol': 2.7568705262050194e-05, 'validation_fraction': 0.3964222703115762}]
/home/ryedida/.local/lib/python3.8/site-packages/sklearn/neural_network/_multilayer_perceptron.py:621: UserWarning: Got `batch_size` less than 1 or larger than sample size. It is going to be clipped
  warnings.warn(

function_evaluation time 0.120478 value -0.325000 suggestion {'alpha': 1.1187632585930265, 'batch_size': 142, 'beta_1': 0.9861443951646736, 'beta_2': 0.9782595544771319, 'epsilon': 1.1688656579717445e-07, 'hidden_layer_sizes': 113, 'learning_rate_init': 8.040346821239023e-05, 'tol': 2.7568705262050194e-05, 'validation_fraction': 0.3964222703115762}
observation time 0.000002, current best -0.983333 at iter 34
suggestion time taken 0.003855 iter 35 next_points [{'alpha': 3.841880631799529e-05, 'batch_size': 60, 'beta_1': 0.7457028006779418, 'beta_2': 0.9983367978880177, 'epsilon': 3.4295427164705084e-08, 'hidden_layer_sizes': 77, 'learning_rate_init': 1.8655717113175645e-05, 'tol': 2.3243128061907146e-05, 'validation_fraction': 0.8841871611613048}]
/home/ryedida/.local/lib/python3.8/site-packages/sklearn/neural_network/_multilayer_perceptron.py:621: UserWarning: Got `batch_size` less than 1 or larger than sample size. It is going to be clipped
  warnings.warn(

function_evaluation time 0.065110 value -0.341667 suggestion {'alpha': 3.841880631799529e-05, 'batch_size': 60, 'beta_1': 0.7457028006779418, 'beta_2': 0.9983367978880177, 'epsilon': 3.4295427164705084e-08, 'hidden_layer_sizes': 77, 'learning_rate_init': 1.8655717113175645e-05, 'tol': 2.3243128061907146e-05, 'validation_fraction': 0.8841871611613048}
observation time 0.000001, current best -0.983333 at iter 35
suggestion time taken 0.003913 iter 36 next_points [{'alpha': 6.2573923255102, 'batch_size': 32, 'beta_1': 0.9630808956331985, 'beta_2': 0.9999978435807958, 'epsilon': 8.206714999169873e-09, 'hidden_layer_sizes': 69, 'learning_rate_init': 0.0010660640322531448, 'tol': 0.07323270274541324, 'validation_fraction': 0.14160170818008114}]
function_evaluation time 0.160932 value -0.683333 suggestion {'alpha': 6.2573923255102, 'batch_size': 32, 'beta_1': 0.9630808956331985, 'beta_2': 0.9999978435807958, 'epsilon': 8.206714999169873e-09, 'hidden_layer_sizes': 69, 'learning_rate_init': 0.0010660640322531448, 'tol': 0.07323270274541324, 'validation_fraction': 0.14160170818008114}
observation time 0.000002, current best -0.983333 at iter 36
suggestion time taken 0.004609 iter 37 next_points [{'alpha': 9.985185562718902, 'batch_size': 244, 'beta_1': 0.8499215233754343, 'beta_2': 0.9274187985305431, 'epsilon': 5.283176362457206e-09, 'hidden_layer_sizes': 179, 'learning_rate_init': 2.2790806367709656e-05, 'tol': 1.0594543625009897e-05, 'validation_fraction': 0.13382739567350344}]
/home/ryedida/.local/lib/python3.8/site-packages/sklearn/neural_network/_multilayer_perceptron.py:621: UserWarning: Got `batch_size` less than 1 or larger than sample size. It is going to be clipped
  warnings.warn(

function_evaluation time 0.081490 value -0.341667 suggestion {'alpha': 9.985185562718902, 'batch_size': 244, 'beta_1': 0.8499215233754343, 'beta_2': 0.9274187985305431, 'epsilon': 5.283176362457206e-09, 'hidden_layer_sizes': 179, 'learning_rate_init': 2.2790806367709656e-05, 'tol': 1.0594543625009897e-05, 'validation_fraction': 0.13382739567350344}
observation time 0.000002, current best -0.983333 at iter 37
suggestion time taken 0.003883 iter 38 next_points [{'alpha': 0.0006246613554992767, 'batch_size': 161, 'beta_1': 0.8977253540135918, 'beta_2': 0.99992810759634, 'epsilon': 1.703247427821671e-08, 'hidden_layer_sizes': 185, 'learning_rate_init': 0.0003917866824756331, 'tol': 7.517077978396437e-05, 'validation_fraction': 0.42302330782911274}]
/home/ryedida/.local/lib/python3.8/site-packages/sklearn/neural_network/_multilayer_perceptron.py:621: UserWarning: Got `batch_size` less than 1 or larger than sample size. It is going to be clipped
  warnings.warn(

function_evaluation time 0.089723 value -0.483333 suggestion {'alpha': 0.0006246613554992767, 'batch_size': 161, 'beta_1': 0.8977253540135918, 'beta_2': 0.99992810759634, 'epsilon': 1.703247427821671e-08, 'hidden_layer_sizes': 185, 'learning_rate_init': 0.0003917866824756331, 'tol': 7.517077978396437e-05, 'validation_fraction': 0.42302330782911274}
observation time 0.000002, current best -0.983333 at iter 38
suggestion time taken 0.003944 iter 39 next_points [{'alpha': 3.9051987081782924e-05, 'batch_size': 100, 'beta_1': 0.5792814770336522, 'beta_2': 0.9832669258859242, 'epsilon': 1.447608294817249e-08, 'hidden_layer_sizes': 111, 'learning_rate_init': 2.2837915952332534e-05, 'tol': 0.01806849103079391, 'validation_fraction': 0.24179936739307278}]
/home/ryedida/.local/lib/python3.8/site-packages/sklearn/neural_network/_multilayer_perceptron.py:621: UserWarning: Got `batch_size` less than 1 or larger than sample size. It is going to be clipped
  warnings.warn(

function_evaluation time 0.071876 value -0.308333 suggestion {'alpha': 3.9051987081782924e-05, 'batch_size': 100, 'beta_1': 0.5792814770336522, 'beta_2': 0.9832669258859242, 'epsilon': 1.447608294817249e-08, 'hidden_layer_sizes': 111, 'learning_rate_init': 2.2837915952332534e-05, 'tol': 0.01806849103079391, 'validation_fraction': 0.24179936739307278}
observation time 0.000002, current best -0.983333 at iter 39
suggestion time taken 0.003823 iter 40 next_points [{'alpha': 0.0005228460618036057, 'batch_size': 150, 'beta_1': 0.9663540615028775, 'beta_2': 0.9991347603163676, 'epsilon': 3.6678811556611194e-08, 'hidden_layer_sizes': 120, 'learning_rate_init': 2.1389103240186312e-05, 'tol': 5.5968224783815615e-05, 'validation_fraction': 0.2608427762425813}]
/home/ryedida/.local/lib/python3.8/site-packages/sklearn/neural_network/_multilayer_perceptron.py:621: UserWarning: Got `batch_size` less than 1 or larger than sample size. It is going to be clipped
  warnings.warn(

function_evaluation time 0.071254 value -0.316667 suggestion {'alpha': 0.0005228460618036057, 'batch_size': 150, 'beta_1': 0.9663540615028775, 'beta_2': 0.9991347603163676, 'epsilon': 3.6678811556611194e-08, 'hidden_layer_sizes': 120, 'learning_rate_init': 2.1389103240186312e-05, 'tol': 5.5968224783815615e-05, 'validation_fraction': 0.2608427762425813}
observation time 0.000002, current best -0.983333 at iter 40
suggestion time taken 0.003883 iter 41 next_points [{'alpha': 5.08048988202289, 'batch_size': 87, 'beta_1': 0.978829258463527, 'beta_2': 0.9999556971212694, 'epsilon': 3.3127344218779306e-08, 'hidden_layer_sizes': 89, 'learning_rate_init': 0.04298122932542687, 'tol': 0.05065928231457273, 'validation_fraction': 0.2075610063614391}]
function_evaluation time 0.122309 value -0.966667 suggestion {'alpha': 5.08048988202289, 'batch_size': 87, 'beta_1': 0.978829258463527, 'beta_2': 0.9999556971212694, 'epsilon': 3.3127344218779306e-08, 'hidden_layer_sizes': 89, 'learning_rate_init': 0.04298122932542687, 'tol': 0.05065928231457273, 'validation_fraction': 0.2075610063614391}
observation time 0.000002, current best -0.983333 at iter 41
suggestion time taken 0.003851 iter 42 next_points [{'alpha': 0.909857489065722, 'batch_size': 86, 'beta_1': 0.7969960202771638, 'beta_2': 0.9999325638314952, 'epsilon': 2.3580120171460345e-08, 'hidden_layer_sizes': 93, 'learning_rate_init': 0.00037887289417677433, 'tol': 0.04326259570792763, 'validation_fraction': 0.8616937351906628}]
/home/ryedida/.local/lib/python3.8/site-packages/sklearn/neural_network/_multilayer_perceptron.py:621: UserWarning: Got `batch_size` less than 1 or larger than sample size. It is going to be clipped
  warnings.warn(

function_evaluation time 0.065660 value -0.558333 suggestion {'alpha': 0.909857489065722, 'batch_size': 86, 'beta_1': 0.7969960202771638, 'beta_2': 0.9999325638314952, 'epsilon': 2.3580120171460345e-08, 'hidden_layer_sizes': 93, 'learning_rate_init': 0.00037887289417677433, 'tol': 0.04326259570792763, 'validation_fraction': 0.8616937351906628}
observation time 0.000002, current best -0.983333 at iter 42
suggestion time taken 0.003874 iter 43 next_points [{'alpha': 0.008262905855490383, 'batch_size': 52, 'beta_1': 0.8699403366313869, 'beta_2': 0.9861072376510019, 'epsilon': 5.913330318008999e-08, 'hidden_layer_sizes': 187, 'learning_rate_init': 3.782582209271812e-05, 'tol': 6.43601221961445e-05, 'validation_fraction': 0.2640603610209604}]
function_evaluation time 0.100300 value -0.325000 suggestion {'alpha': 0.008262905855490383, 'batch_size': 52, 'beta_1': 0.8699403366313869, 'beta_2': 0.9861072376510019, 'epsilon': 5.913330318008999e-08, 'hidden_layer_sizes': 187, 'learning_rate_init': 3.782582209271812e-05, 'tol': 6.43601221961445e-05, 'validation_fraction': 0.2640603610209604}
observation time 0.000001, current best -0.983333 at iter 43
suggestion time taken 0.003746 iter 44 next_points [{'alpha': 0.004658847421383185, 'batch_size': 201, 'beta_1': 0.712923255119416, 'beta_2': 0.9999674720434465, 'epsilon': 3.101225120006866e-08, 'hidden_layer_sizes': 197, 'learning_rate_init': 0.09828957049102922, 'tol': 0.0004971154843851007, 'validation_fraction': 0.2035106748951882}]
/home/ryedida/.local/lib/python3.8/site-packages/sklearn/neural_network/_multilayer_perceptron.py:621: UserWarning: Got `batch_size` less than 1 or larger than sample size. It is going to be clipped
  warnings.warn(

function_evaluation time 0.145502 value -0.850000 suggestion {'alpha': 0.004658847421383185, 'batch_size': 201, 'beta_1': 0.712923255119416, 'beta_2': 0.9999674720434465, 'epsilon': 3.101225120006866e-08, 'hidden_layer_sizes': 197, 'learning_rate_init': 0.09828957049102922, 'tol': 0.0004971154843851007, 'validation_fraction': 0.2035106748951882}
observation time 0.000002, current best -0.983333 at iter 44
saving meta data: {'args': {'--uuid': '12259e93650b59899fec3a084dd57c9a', '-db-root': '/home/ryedida/bbo_challenge_starter_kit/output', '--opt-root': '/home/ryedida/bbo_challenge_starter_kit/example_submissions', '--data-root': None, '--db': 'run_20231014_193210', '--opt': 'random', '--data': 'iris', '--classifier': 'MLP-adam', '--metric': 'acc', '--calls': 45, '--suggestions': 1, '--jobs-file': None, '--verbose': False, 'dry_run': False, 'rev': 'a376313', 'opt_rev': '0.0.8'}, 'signature': ([{'alpha': 0.019628224813442792, 'batch_size': 182, 'beta_1': 0.9410202200271762, 'beta_2': 0.9998021557676793, 'epsilon': 1.8662266976518e-08, 'hidden_layer_sizes': 147, 'learning_rate_init': 0.0005627932047415167, 'tol': 0.03690557729213761, 'validation_fraction': 0.8846827852548593}, {'alpha': 0.001998246739232944, 'batch_size': 200, 'beta_1': 0.919111482530466, 'beta_2': 0.9998488260436156, 'epsilon': 5.981221901152555e-07, 'hidden_layer_sizes': 61, 'learning_rate_init': 2.2310905607443014e-05, 'tol': 1.2046852412030316e-05, 'validation_fraction': 0.8117896445826539}, {'alpha': 0.46659545670218433, 'batch_size': 219, 'beta_1': 0.9889789783750891, 'beta_2': 0.9999896868093284, 'epsilon': 2.4234724484675948e-08, 'hidden_layer_sizes': 167, 'learning_rate_init': 2.972334644335654e-05, 'tol': 0.0036281404040243792, 'validation_fraction': 0.17260651658522078}, {'alpha': 4.656005689076002, 'batch_size': 135, 'beta_1': 0.870503881627747, 'beta_2': 0.9948873266941017, 'epsilon': 2.1023308743480125e-07, 'hidden_layer_sizes': 118, 'learning_rate_init': 0.001878173875716191, 'tol': 1.1889379831773006e-05, 'validation_fraction': 0.6264327093752792}, {'alpha': 0.04705159350400542, 'batch_size': 158, 'beta_1': 0.9870884262730957, 'beta_2': 0.9999596874382349, 'epsilon': 1.1981845126013875e-08, 'hidden_layer_sizes': 116, 'learning_rate_init': 0.006173405204074311, 'tol': 1.7414134181586194e-05, 'validation_fraction': 0.6754299026638921}], [-0.41666666666666663, -0.275, -0.3416666666666667, -0.725, -0.875])}
saving results
saving timing
saving suggest log
done
