running: {'--uuid': '122fcc47118a5524a77afd62b837dd51', '-db-root': '/home/ryedida/bbo_challenge_starter_kit/output', '--opt-root': '/home/ryedida/bbo_challenge_starter_kit/example_submissions', '--data-root': None, '--db': 'run_20231014_193210', '--opt': 'random', '--data': 'iris', '--classifier': 'MLP-adam', '--metric': 'nll', '--calls': 45, '--suggestions': 1, '--jobs-file': None, '--verbose': False, 'dry_run': False, 'rev': 'a376313', 'opt_rev': '0.0.8'}
cmd: python /home/ryedida/.local/bin/bayesmark-exp -c MLP-adam -d iris -o random -u 122fcc47118a5524a77afd62b837dd51 -m nll -n 45 -p 1 -dir /home/ryedida/bbo_challenge_starter_kit/output -b run_20231014_193210
/home/ryedida/.local/lib/python3.8/site-packages/sklearn/neural_network/_multilayer_perceptron.py:621: UserWarning: Got `batch_size` less than 1 or larger than sample size. It is going to be clipped
  warnings.warn(

/home/ryedida/.local/lib/python3.8/site-packages/sklearn/neural_network/_multilayer_perceptron.py:621: UserWarning: Got `batch_size` less than 1 or larger than sample size. It is going to be clipped
  warnings.warn(

/home/ryedida/.local/lib/python3.8/site-packages/sklearn/neural_network/_multilayer_perceptron.py:621: UserWarning: Got `batch_size` less than 1 or larger than sample size. It is going to be clipped
  warnings.warn(

/home/ryedida/.local/lib/python3.8/site-packages/sklearn/neural_network/_multilayer_perceptron.py:621: UserWarning: Got `batch_size` less than 1 or larger than sample size. It is going to be clipped
  warnings.warn(

/home/ryedida/.local/lib/python3.8/site-packages/sklearn/neural_network/_multilayer_perceptron.py:621: UserWarning: Got `batch_size` less than 1 or larger than sample size. It is going to be clipped
  warnings.warn(

computed signature: ([{'alpha': 0.019628224813442792, 'batch_size': 182, 'beta_1': 0.9410202200271762, 'beta_2': 0.9998021557676793, 'epsilon': 1.8662266976518e-08, 'hidden_layer_sizes': 147, 'learning_rate_init': 0.0005627932047415167, 'tol': 0.03690557729213761, 'validation_fraction': 0.8846827852548593}, {'alpha': 0.001998246739232944, 'batch_size': 200, 'beta_1': 0.919111482530466, 'beta_2': 0.9998488260436156, 'epsilon': 5.981221901152555e-07, 'hidden_layer_sizes': 61, 'learning_rate_init': 2.2310905607443014e-05, 'tol': 1.2046852412030316e-05, 'validation_fraction': 0.8117896445826539}, {'alpha': 0.46659545670218433, 'batch_size': 219, 'beta_1': 0.9889789783750891, 'beta_2': 0.9999896868093284, 'epsilon': 2.4234724484675948e-08, 'hidden_layer_sizes': 167, 'learning_rate_init': 2.972334644335654e-05, 'tol': 0.0036281404040243792, 'validation_fraction': 0.17260651658522078}, {'alpha': 4.656005689076002, 'batch_size': 135, 'beta_1': 0.870503881627747, 'beta_2': 0.9948873266941017, 'epsilon': 2.1023308743480125e-07, 'hidden_layer_sizes': 118, 'learning_rate_init': 0.001878173875716191, 'tol': 1.1889379831773006e-05, 'validation_fraction': 0.6264327093752792}, {'alpha': 0.04705159350400542, 'batch_size': 158, 'beta_1': 0.9870884262730957, 'beta_2': 0.9999596874382349, 'epsilon': 1.1981845126013875e-08, 'hidden_layer_sizes': 116, 'learning_rate_init': 0.006173405204074311, 'tol': 1.7414134181586194e-05, 'validation_fraction': 0.6754299026638921}], [1.3105719841770722, 1.7760947732249062, 1.4322107566090756, 0.9097804858215804, 0.5745987066718419])
/home/ryedida/.local/lib/python3.8/site-packages/bayesmark/experiment.py:470: UserWarning: Baselines not found. Will not log intermediate scores.
  warnings.warn("Baselines not found. Will not log intermediate scores.")

starting sklearn study random MLP-adam iris nll 45 1
with data root: None
suggestion time taken 0.004009 iter 0 next_points [{'alpha': 0.0004834238321950819, 'batch_size': 100, 'beta_1': 0.9487773975325127, 'beta_2': 0.9925535583419927, 'epsilon': 7.648949282168402e-07, 'hidden_layer_sizes': 159, 'learning_rate_init': 8.688046008446192e-05, 'tol': 0.0022502055268726617, 'validation_fraction': 0.23359532855385637}]
/home/ryedida/.local/lib/python3.8/site-packages/sklearn/neural_network/_multilayer_perceptron.py:621: UserWarning: Got `batch_size` less than 1 or larger than sample size. It is going to be clipped
  warnings.warn(

function_evaluation time 0.134863 value 1.244669 suggestion {'alpha': 0.0004834238321950819, 'batch_size': 100, 'beta_1': 0.9487773975325127, 'beta_2': 0.9925535583419927, 'epsilon': 7.648949282168402e-07, 'hidden_layer_sizes': 159, 'learning_rate_init': 8.688046008446192e-05, 'tol': 0.0022502055268726617, 'validation_fraction': 0.23359532855385637}
observation time 0.000002, current best 1.244669 at iter 0
suggestion time taken 0.003859 iter 1 next_points [{'alpha': 0.00017223551065757785, 'batch_size': 74, 'beta_1': 0.9847970445554526, 'beta_2': 0.9999989904188501, 'epsilon': 3.297092565007362e-09, 'hidden_layer_sizes': 155, 'learning_rate_init': 0.011092338677016228, 'tol': 1.627759698792211e-05, 'validation_fraction': 0.18700697049671847}]
function_evaluation time 0.164863 value 0.411299 suggestion {'alpha': 0.00017223551065757785, 'batch_size': 74, 'beta_1': 0.9847970445554526, 'beta_2': 0.9999989904188501, 'epsilon': 3.297092565007362e-09, 'hidden_layer_sizes': 155, 'learning_rate_init': 0.011092338677016228, 'tol': 1.627759698792211e-05, 'validation_fraction': 0.18700697049671847}
observation time 0.000002, current best 0.411299 at iter 1
suggestion time taken 0.003835 iter 2 next_points [{'alpha': 0.08880773163044896, 'batch_size': 234, 'beta_1': 0.9847272793365577, 'beta_2': 0.9997949337612264, 'epsilon': 1.0758951431513888e-09, 'hidden_layer_sizes': 153, 'learning_rate_init': 0.027102976671656172, 'tol': 1.0498961371745817e-05, 'validation_fraction': 0.4837988017634244}]
/home/ryedida/.local/lib/python3.8/site-packages/sklearn/neural_network/_multilayer_perceptron.py:621: UserWarning: Got `batch_size` less than 1 or larger than sample size. It is going to be clipped
  warnings.warn(

function_evaluation time 0.142252 value 0.406059 suggestion {'alpha': 0.08880773163044896, 'batch_size': 234, 'beta_1': 0.9847272793365577, 'beta_2': 0.9997949337612264, 'epsilon': 1.0758951431513888e-09, 'hidden_layer_sizes': 153, 'learning_rate_init': 0.027102976671656172, 'tol': 1.0498961371745817e-05, 'validation_fraction': 0.4837988017634244}
observation time 0.000002, current best 0.406059 at iter 2
suggestion time taken 0.003693 iter 3 next_points [{'alpha': 0.05308613983408598, 'batch_size': 15, 'beta_1': 0.7655019092854514, 'beta_2': 0.9963700101746963, 'epsilon': 4.563373999717847e-09, 'hidden_layer_sizes': 102, 'learning_rate_init': 0.001075109829405367, 'tol': 0.01246523746220455, 'validation_fraction': 0.1946728836593415}]
function_evaluation time 0.312124 value 0.774330 suggestion {'alpha': 0.05308613983408598, 'batch_size': 15, 'beta_1': 0.7655019092854514, 'beta_2': 0.9963700101746963, 'epsilon': 4.563373999717847e-09, 'hidden_layer_sizes': 102, 'learning_rate_init': 0.001075109829405367, 'tol': 0.01246523746220455, 'validation_fraction': 0.1946728836593415}
observation time 0.000002, current best 0.406059 at iter 3
suggestion time taken 0.003994 iter 4 next_points [{'alpha': 4.666345540381703e-05, 'batch_size': 46, 'beta_1': 0.7180876096735122, 'beta_2': 0.9974226079518715, 'epsilon': 7.926996965895389e-09, 'hidden_layer_sizes': 121, 'learning_rate_init': 0.03301670962123827, 'tol': 0.0034970097239799525, 'validation_fraction': 0.2946894062568072}]
function_evaluation time 0.180631 value 0.300546 suggestion {'alpha': 4.666345540381703e-05, 'batch_size': 46, 'beta_1': 0.7180876096735122, 'beta_2': 0.9974226079518715, 'epsilon': 7.926996965895389e-09, 'hidden_layer_sizes': 121, 'learning_rate_init': 0.03301670962123827, 'tol': 0.0034970097239799525, 'validation_fraction': 0.2946894062568072}
observation time 0.000001, current best 0.300546 at iter 4
suggestion time taken 0.003883 iter 5 next_points [{'alpha': 0.11555688835543515, 'batch_size': 157, 'beta_1': 0.9724658361957205, 'beta_2': 0.970488356895459, 'epsilon': 6.344565316273048e-07, 'hidden_layer_sizes': 121, 'learning_rate_init': 0.04335048966717442, 'tol': 1.5452760842201718e-05, 'validation_fraction': 0.10092730421394058}]
/home/ryedida/.local/lib/python3.8/site-packages/sklearn/neural_network/_multilayer_perceptron.py:621: UserWarning: Got `batch_size` less than 1 or larger than sample size. It is going to be clipped
  warnings.warn(

function_evaluation time 0.137805 value 0.461893 suggestion {'alpha': 0.11555688835543515, 'batch_size': 157, 'beta_1': 0.9724658361957205, 'beta_2': 0.970488356895459, 'epsilon': 6.344565316273048e-07, 'hidden_layer_sizes': 121, 'learning_rate_init': 0.04335048966717442, 'tol': 1.5452760842201718e-05, 'validation_fraction': 0.10092730421394058}
observation time 0.000002, current best 0.300546 at iter 5
suggestion time taken 0.003953 iter 6 next_points [{'alpha': 4.086574251746806, 'batch_size': 80, 'beta_1': 0.9688699618550362, 'beta_2': 0.9997245143877685, 'epsilon': 2.0810924771010043e-09, 'hidden_layer_sizes': 82, 'learning_rate_init': 1.3790842847607014e-05, 'tol': 0.08760970554927855, 'validation_fraction': 0.7456401652316423}]
/home/ryedida/.local/lib/python3.8/site-packages/sklearn/neural_network/_multilayer_perceptron.py:621: UserWarning: Got `batch_size` less than 1 or larger than sample size. It is going to be clipped
  warnings.warn(

function_evaluation time 0.068646 value 1.741806 suggestion {'alpha': 4.086574251746806, 'batch_size': 80, 'beta_1': 0.9688699618550362, 'beta_2': 0.9997245143877685, 'epsilon': 2.0810924771010043e-09, 'hidden_layer_sizes': 82, 'learning_rate_init': 1.3790842847607014e-05, 'tol': 0.08760970554927855, 'validation_fraction': 0.7456401652316423}
observation time 0.000002, current best 0.300546 at iter 6
suggestion time taken 0.003822 iter 7 next_points [{'alpha': 0.001526354710460233, 'batch_size': 105, 'beta_1': 0.9688691043872206, 'beta_2': 0.9999629275750552, 'epsilon': 3.107367911291086e-08, 'hidden_layer_sizes': 188, 'learning_rate_init': 0.001156737683217469, 'tol': 0.008219720039577225, 'validation_fraction': 0.6403677396511765}]
/home/ryedida/.local/lib/python3.8/site-packages/sklearn/neural_network/_multilayer_perceptron.py:621: UserWarning: Got `batch_size` less than 1 or larger than sample size. It is going to be clipped
  warnings.warn(

function_evaluation time 0.153658 value 0.909221 suggestion {'alpha': 0.001526354710460233, 'batch_size': 105, 'beta_1': 0.9688691043872206, 'beta_2': 0.9999629275750552, 'epsilon': 3.107367911291086e-08, 'hidden_layer_sizes': 188, 'learning_rate_init': 0.001156737683217469, 'tol': 0.008219720039577225, 'validation_fraction': 0.6403677396511765}
observation time 0.000002, current best 0.300546 at iter 7
suggestion time taken 0.003851 iter 8 next_points [{'alpha': 0.8424639347677265, 'batch_size': 116, 'beta_1': 0.743793605299146, 'beta_2': 0.9999969091178021, 'epsilon': 6.27559880099387e-08, 'hidden_layer_sizes': 83, 'learning_rate_init': 3.1953565835998964e-05, 'tol': 1.80663263723034e-05, 'validation_fraction': 0.6254594777870982}]
/home/ryedida/.local/lib/python3.8/site-packages/sklearn/neural_network/_multilayer_perceptron.py:621: UserWarning: Got `batch_size` less than 1 or larger than sample size. It is going to be clipped
  warnings.warn(

function_evaluation time 0.087463 value 1.405912 suggestion {'alpha': 0.8424639347677265, 'batch_size': 116, 'beta_1': 0.743793605299146, 'beta_2': 0.9999969091178021, 'epsilon': 6.27559880099387e-08, 'hidden_layer_sizes': 83, 'learning_rate_init': 3.1953565835998964e-05, 'tol': 1.80663263723034e-05, 'validation_fraction': 0.6254594777870982}
observation time 0.000011, current best 0.300546 at iter 8
suggestion time taken 0.003837 iter 9 next_points [{'alpha': 2.554148116719825, 'batch_size': 33, 'beta_1': 0.8358347391133857, 'beta_2': 0.9997419472746124, 'epsilon': 1.5125181828190537e-09, 'hidden_layer_sizes': 103, 'learning_rate_init': 0.002451008244002563, 'tol': 0.006841651877353028, 'validation_fraction': 0.5517803014097007}]
function_evaluation time 0.148490 value 0.688686 suggestion {'alpha': 2.554148116719825, 'batch_size': 33, 'beta_1': 0.8358347391133857, 'beta_2': 0.9997419472746124, 'epsilon': 1.5125181828190537e-09, 'hidden_layer_sizes': 103, 'learning_rate_init': 0.002451008244002563, 'tol': 0.006841651877353028, 'validation_fraction': 0.5517803014097007}
observation time 0.000002, current best 0.300546 at iter 9
suggestion time taken 0.003863 iter 10 next_points [{'alpha': 1.3982222527072838e-05, 'batch_size': 13, 'beta_1': 0.9641502362078902, 'beta_2': 0.9955675514499855, 'epsilon': 1.693254437829445e-09, 'hidden_layer_sizes': 178, 'learning_rate_init': 3.518259224721818e-05, 'tol': 0.08160206590188594, 'validation_fraction': 0.6055291636121953}]
function_evaluation time 0.129392 value 1.221847 suggestion {'alpha': 1.3982222527072838e-05, 'batch_size': 13, 'beta_1': 0.9641502362078902, 'beta_2': 0.9955675514499855, 'epsilon': 1.693254437829445e-09, 'hidden_layer_sizes': 178, 'learning_rate_init': 3.518259224721818e-05, 'tol': 0.08160206590188594, 'validation_fraction': 0.6055291636121953}
observation time 0.000002, current best 0.300546 at iter 10
suggestion time taken 0.003924 iter 11 next_points [{'alpha': 1.1192359040151036, 'batch_size': 182, 'beta_1': 0.840749325976569, 'beta_2': 0.9999495743718244, 'epsilon': 1.0097806720396897e-07, 'hidden_layer_sizes': 125, 'learning_rate_init': 0.00020929774204329083, 'tol': 6.049329303242666e-05, 'validation_fraction': 0.5864263810859583}]
/home/ryedida/.local/lib/python3.8/site-packages/sklearn/neural_network/_multilayer_perceptron.py:621: UserWarning: Got `batch_size` less than 1 or larger than sample size. It is going to be clipped
  warnings.warn(

function_evaluation time 0.096272 value 1.292528 suggestion {'alpha': 1.1192359040151036, 'batch_size': 182, 'beta_1': 0.840749325976569, 'beta_2': 0.9999495743718244, 'epsilon': 1.0097806720396897e-07, 'hidden_layer_sizes': 125, 'learning_rate_init': 0.00020929774204329083, 'tol': 6.049329303242666e-05, 'validation_fraction': 0.5864263810859583}
observation time 0.000001, current best 0.300546 at iter 11
suggestion time taken 0.003922 iter 12 next_points [{'alpha': 3.447550628181384, 'batch_size': 56, 'beta_1': 0.7080205278150995, 'beta_2': 0.9991006130273444, 'epsilon': 7.54539426692756e-09, 'hidden_layer_sizes': 107, 'learning_rate_init': 0.03161342920582753, 'tol': 3.960299368579957e-05, 'validation_fraction': 0.30925733438190756}]
function_evaluation time 0.163738 value 0.540067 suggestion {'alpha': 3.447550628181384, 'batch_size': 56, 'beta_1': 0.7080205278150995, 'beta_2': 0.9991006130273444, 'epsilon': 7.54539426692756e-09, 'hidden_layer_sizes': 107, 'learning_rate_init': 0.03161342920582753, 'tol': 3.960299368579957e-05, 'validation_fraction': 0.30925733438190756}
observation time 0.000002, current best 0.300546 at iter 12
suggestion time taken 0.003917 iter 13 next_points [{'alpha': 0.6820212436233936, 'batch_size': 70, 'beta_1': 0.7397733615413562, 'beta_2': 0.9999987636987538, 'epsilon': 1.3568678334800564e-08, 'hidden_layer_sizes': 112, 'learning_rate_init': 0.0006859686589502639, 'tol': 3.089137183213536e-05, 'validation_fraction': 0.13494013641455896}]
function_evaluation time 0.165763 value 1.210842 suggestion {'alpha': 0.6820212436233936, 'batch_size': 70, 'beta_1': 0.7397733615413562, 'beta_2': 0.9999987636987538, 'epsilon': 1.3568678334800564e-08, 'hidden_layer_sizes': 112, 'learning_rate_init': 0.0006859686589502639, 'tol': 3.089137183213536e-05, 'validation_fraction': 0.13494013641455896}
observation time 0.000002, current best 0.300546 at iter 13
suggestion time taken 0.003858 iter 14 next_points [{'alpha': 0.16212055151567573, 'batch_size': 239, 'beta_1': 0.9832649583462518, 'beta_2': 0.9968691067254343, 'epsilon': 9.199923033191056e-07, 'hidden_layer_sizes': 177, 'learning_rate_init': 0.014686633933945781, 'tol': 7.781429550586123e-05, 'validation_fraction': 0.5978876566316469}]
/home/ryedida/.local/lib/python3.8/site-packages/sklearn/neural_network/_multilayer_perceptron.py:621: UserWarning: Got `batch_size` less than 1 or larger than sample size. It is going to be clipped
  warnings.warn(

function_evaluation time 0.164724 value 0.391246 suggestion {'alpha': 0.16212055151567573, 'batch_size': 239, 'beta_1': 0.9832649583462518, 'beta_2': 0.9968691067254343, 'epsilon': 9.199923033191056e-07, 'hidden_layer_sizes': 177, 'learning_rate_init': 0.014686633933945781, 'tol': 7.781429550586123e-05, 'validation_fraction': 0.5978876566316469}
observation time 0.000002, current best 0.300546 at iter 14
suggestion time taken 0.003998 iter 15 next_points [{'alpha': 0.0028846173274184456, 'batch_size': 10, 'beta_1': 0.6147917968628398, 'beta_2': 0.9869121289131497, 'epsilon': 8.655969155195706e-07, 'hidden_layer_sizes': 110, 'learning_rate_init': 5.873838592071199e-05, 'tol': 0.0008116921783184656, 'validation_fraction': 0.6595439302307546}]
function_evaluation time 0.133471 value 1.458104 suggestion {'alpha': 0.0028846173274184456, 'batch_size': 10, 'beta_1': 0.6147917968628398, 'beta_2': 0.9869121289131497, 'epsilon': 8.655969155195706e-07, 'hidden_layer_sizes': 110, 'learning_rate_init': 5.873838592071199e-05, 'tol': 0.0008116921783184656, 'validation_fraction': 0.6595439302307546}
observation time 0.000002, current best 0.300546 at iter 15
suggestion time taken 0.003832 iter 16 next_points [{'alpha': 0.0021413456569939985, 'batch_size': 60, 'beta_1': 0.8045797873247339, 'beta_2': 0.9996977371522554, 'epsilon': 1.9042994958689594e-07, 'hidden_layer_sizes': 107, 'learning_rate_init': 0.00016464596071280477, 'tol': 0.003388303249613248, 'validation_fraction': 0.4099406699427424}]
function_evaluation time 0.087113 value 1.612624 suggestion {'alpha': 0.0021413456569939985, 'batch_size': 60, 'beta_1': 0.8045797873247339, 'beta_2': 0.9996977371522554, 'epsilon': 1.9042994958689594e-07, 'hidden_layer_sizes': 107, 'learning_rate_init': 0.00016464596071280477, 'tol': 0.003388303249613248, 'validation_fraction': 0.4099406699427424}
observation time 0.000002, current best 0.300546 at iter 16
suggestion time taken 0.003779 iter 17 next_points [{'alpha': 0.0001610072742916435, 'batch_size': 135, 'beta_1': 0.7238851340794187, 'beta_2': 0.9999057278916976, 'epsilon': 5.729713952449183e-09, 'hidden_layer_sizes': 60, 'learning_rate_init': 0.09247008663748356, 'tol': 0.00020207351740014732, 'validation_fraction': 0.4375245940682475}]
/home/ryedida/.local/lib/python3.8/site-packages/sklearn/neural_network/_multilayer_perceptron.py:621: UserWarning: Got `batch_size` less than 1 or larger than sample size. It is going to be clipped
  warnings.warn(

function_evaluation time 0.126430 value 0.332548 suggestion {'alpha': 0.0001610072742916435, 'batch_size': 135, 'beta_1': 0.7238851340794187, 'beta_2': 0.9999057278916976, 'epsilon': 5.729713952449183e-09, 'hidden_layer_sizes': 60, 'learning_rate_init': 0.09247008663748356, 'tol': 0.00020207351740014732, 'validation_fraction': 0.4375245940682475}
observation time 0.000002, current best 0.300546 at iter 17
suggestion time taken 0.003927 iter 18 next_points [{'alpha': 0.005033880564786395, 'batch_size': 44, 'beta_1': 0.9644098311751704, 'beta_2': 0.9943163883786027, 'epsilon': 1.739053801086473e-07, 'hidden_layer_sizes': 178, 'learning_rate_init': 0.001320944375747819, 'tol': 0.0008438949471364212, 'validation_fraction': 0.7842301573075453}]
/home/ryedida/.local/lib/python3.8/site-packages/sklearn/neural_network/_multilayer_perceptron.py:621: UserWarning: Got `batch_size` less than 1 or larger than sample size. It is going to be clipped
  warnings.warn(

function_evaluation time 0.096075 value 1.010860 suggestion {'alpha': 0.005033880564786395, 'batch_size': 44, 'beta_1': 0.9644098311751704, 'beta_2': 0.9943163883786027, 'epsilon': 1.739053801086473e-07, 'hidden_layer_sizes': 178, 'learning_rate_init': 0.001320944375747819, 'tol': 0.0008438949471364212, 'validation_fraction': 0.7842301573075453}
observation time 0.000002, current best 0.300546 at iter 18
suggestion time taken 0.003813 iter 19 next_points [{'alpha': 0.025791892329150433, 'batch_size': 98, 'beta_1': 0.8882816525907161, 'beta_2': 0.9999854590793095, 'epsilon': 7.061577023052092e-07, 'hidden_layer_sizes': 185, 'learning_rate_init': 0.011796201763180735, 'tol': 0.0007586006609001989, 'validation_fraction': 0.28574616571624933}]
/home/ryedida/.local/lib/python3.8/site-packages/sklearn/neural_network/_multilayer_perceptron.py:621: UserWarning: Got `batch_size` less than 1 or larger than sample size. It is going to be clipped
  warnings.warn(

function_evaluation time 0.154620 value 0.434137 suggestion {'alpha': 0.025791892329150433, 'batch_size': 98, 'beta_1': 0.8882816525907161, 'beta_2': 0.9999854590793095, 'epsilon': 7.061577023052092e-07, 'hidden_layer_sizes': 185, 'learning_rate_init': 0.011796201763180735, 'tol': 0.0007586006609001989, 'validation_fraction': 0.28574616571624933}
observation time 0.000002, current best 0.300546 at iter 19
suggestion time taken 0.004609 iter 20 next_points [{'alpha': 8.465774424089017e-05, 'batch_size': 40, 'beta_1': 0.5679927539814323, 'beta_2': 0.9997878082750201, 'epsilon': 1.1384568870846458e-09, 'hidden_layer_sizes': 105, 'learning_rate_init': 0.0010140896599204168, 'tol': 5.88112518770583e-05, 'validation_fraction': 0.10171528906015215}]
function_evaluation time 0.213225 value 0.828720 suggestion {'alpha': 8.465774424089017e-05, 'batch_size': 40, 'beta_1': 0.5679927539814323, 'beta_2': 0.9997878082750201, 'epsilon': 1.1384568870846458e-09, 'hidden_layer_sizes': 105, 'learning_rate_init': 0.0010140896599204168, 'tol': 5.88112518770583e-05, 'validation_fraction': 0.10171528906015215}
observation time 0.000002, current best 0.300546 at iter 20
suggestion time taken 0.004516 iter 21 next_points [{'alpha': 1.356119950908446, 'batch_size': 188, 'beta_1': 0.8662335485495384, 'beta_2': 0.996633867835588, 'epsilon': 1.9300719029225774e-07, 'hidden_layer_sizes': 160, 'learning_rate_init': 0.0029061359717872334, 'tol': 0.00017374572297748774, 'validation_fraction': 0.4572898929803055}]
/home/ryedida/.local/lib/python3.8/site-packages/sklearn/neural_network/_multilayer_perceptron.py:621: UserWarning: Got `batch_size` less than 1 or larger than sample size. It is going to be clipped
  warnings.warn(

function_evaluation time 0.173932 value 0.641598 suggestion {'alpha': 1.356119950908446, 'batch_size': 188, 'beta_1': 0.8662335485495384, 'beta_2': 0.996633867835588, 'epsilon': 1.9300719029225774e-07, 'hidden_layer_sizes': 160, 'learning_rate_init': 0.0029061359717872334, 'tol': 0.00017374572297748774, 'validation_fraction': 0.4572898929803055}
observation time 0.000002, current best 0.300546 at iter 21
suggestion time taken 0.004486 iter 22 next_points [{'alpha': 0.00024986871824869727, 'batch_size': 128, 'beta_1': 0.9875119771601292, 'beta_2': 0.9999000157175668, 'epsilon': 1.2278390482788098e-08, 'hidden_layer_sizes': 61, 'learning_rate_init': 0.0006725770006488857, 'tol': 0.0003553151122189688, 'validation_fraction': 0.7434456486411735}]
/home/ryedida/.local/lib/python3.8/site-packages/sklearn/neural_network/_multilayer_perceptron.py:621: UserWarning: Got `batch_size` less than 1 or larger than sample size. It is going to be clipped
  warnings.warn(

function_evaluation time 0.138407 value 1.331066 suggestion {'alpha': 0.00024986871824869727, 'batch_size': 128, 'beta_1': 0.9875119771601292, 'beta_2': 0.9999000157175668, 'epsilon': 1.2278390482788098e-08, 'hidden_layer_sizes': 61, 'learning_rate_init': 0.0006725770006488857, 'tol': 0.0003553151122189688, 'validation_fraction': 0.7434456486411735}
observation time 0.000002, current best 0.300546 at iter 22
suggestion time taken 0.003837 iter 23 next_points [{'alpha': 0.006556195609729753, 'batch_size': 37, 'beta_1': 0.5572647537936273, 'beta_2': 0.9626357599206933, 'epsilon': 2.3496813000630689e-07, 'hidden_layer_sizes': 166, 'learning_rate_init': 0.00013515928135785502, 'tol': 0.004247102005541513, 'validation_fraction': 0.19246022636176796}]
function_evaluation time 0.162620 value 1.250105 suggestion {'alpha': 0.006556195609729753, 'batch_size': 37, 'beta_1': 0.5572647537936273, 'beta_2': 0.9626357599206933, 'epsilon': 2.3496813000630689e-07, 'hidden_layer_sizes': 166, 'learning_rate_init': 0.00013515928135785502, 'tol': 0.004247102005541513, 'validation_fraction': 0.19246022636176796}
observation time 0.000002, current best 0.300546 at iter 23
suggestion time taken 0.003835 iter 24 next_points [{'alpha': 7.578732296424255e-05, 'batch_size': 25, 'beta_1': 0.9476414848176529, 'beta_2': 0.9997111259545072, 'epsilon': 4.65781728925501e-09, 'hidden_layer_sizes': 53, 'learning_rate_init': 4.844079775430292e-05, 'tol': 0.0029323726139030147, 'validation_fraction': 0.8806184606609573}]
/home/ryedida/.local/lib/python3.8/site-packages/sklearn/neural_network/_multilayer_perceptron.py:621: UserWarning: Got `batch_size` less than 1 or larger than sample size. It is going to be clipped
  warnings.warn(

function_evaluation time 0.065880 value 1.730599 suggestion {'alpha': 7.578732296424255e-05, 'batch_size': 25, 'beta_1': 0.9476414848176529, 'beta_2': 0.9997111259545072, 'epsilon': 4.65781728925501e-09, 'hidden_layer_sizes': 53, 'learning_rate_init': 4.844079775430292e-05, 'tol': 0.0029323726139030147, 'validation_fraction': 0.8806184606609573}
observation time 0.000002, current best 0.300546 at iter 24
suggestion time taken 0.003806 iter 25 next_points [{'alpha': 0.001567308654699248, 'batch_size': 29, 'beta_1': 0.8604492360700271, 'beta_2': 0.9996548886805836, 'epsilon': 3.6754083043400377e-09, 'hidden_layer_sizes': 111, 'learning_rate_init': 0.00014877069618502808, 'tol': 0.002689074270409377, 'validation_fraction': 0.14007247977253737}]
function_evaluation time 0.134043 value 1.464958 suggestion {'alpha': 0.001567308654699248, 'batch_size': 29, 'beta_1': 0.8604492360700271, 'beta_2': 0.9996548886805836, 'epsilon': 3.6754083043400377e-09, 'hidden_layer_sizes': 111, 'learning_rate_init': 0.00014877069618502808, 'tol': 0.002689074270409377, 'validation_fraction': 0.14007247977253737}
observation time 0.000002, current best 0.300546 at iter 25
suggestion time taken 0.003822 iter 26 next_points [{'alpha': 0.0008721488443067911, 'batch_size': 201, 'beta_1': 0.717741690825647, 'beta_2': 0.999815139800408, 'epsilon': 5.6902025269645106e-09, 'hidden_layer_sizes': 63, 'learning_rate_init': 2.915146986503846e-05, 'tol': 0.010741765943245784, 'validation_fraction': 0.3564136529030964}]
/home/ryedida/.local/lib/python3.8/site-packages/sklearn/neural_network/_multilayer_perceptron.py:621: UserWarning: Got `batch_size` less than 1 or larger than sample size. It is going to be clipped
  warnings.warn(

function_evaluation time 0.069504 value 1.493915 suggestion {'alpha': 0.0008721488443067911, 'batch_size': 201, 'beta_1': 0.717741690825647, 'beta_2': 0.999815139800408, 'epsilon': 5.6902025269645106e-09, 'hidden_layer_sizes': 63, 'learning_rate_init': 2.915146986503846e-05, 'tol': 0.010741765943245784, 'validation_fraction': 0.3564136529030964}
observation time 0.000002, current best 0.300546 at iter 26
suggestion time taken 0.003827 iter 27 next_points [{'alpha': 0.00041575264287755276, 'batch_size': 231, 'beta_1': 0.8813322047065786, 'beta_2': 0.996371272846997, 'epsilon': 4.007020613466975e-07, 'hidden_layer_sizes': 74, 'learning_rate_init': 0.0002251475637002506, 'tol': 0.03637398802567561, 'validation_fraction': 0.19298330020664176}]
/home/ryedida/.local/lib/python3.8/site-packages/sklearn/neural_network/_multilayer_perceptron.py:621: UserWarning: Got `batch_size` less than 1 or larger than sample size. It is going to be clipped
  warnings.warn(

function_evaluation time 0.083864 value 1.309961 suggestion {'alpha': 0.00041575264287755276, 'batch_size': 231, 'beta_1': 0.8813322047065786, 'beta_2': 0.996371272846997, 'epsilon': 4.007020613466975e-07, 'hidden_layer_sizes': 74, 'learning_rate_init': 0.0002251475637002506, 'tol': 0.03637398802567561, 'validation_fraction': 0.19298330020664176}
observation time 0.000002, current best 0.300546 at iter 27
suggestion time taken 0.003807 iter 28 next_points [{'alpha': 0.00014519075328169682, 'batch_size': 15, 'beta_1': 0.9849480862958585, 'beta_2': 0.9999883435169724, 'epsilon': 8.061032726432564e-08, 'hidden_layer_sizes': 55, 'learning_rate_init': 0.04112174116414399, 'tol': 1.997784284783204e-05, 'validation_fraction': 0.21202680799548979}]
function_evaluation time 0.225580 value 0.299990 suggestion {'alpha': 0.00014519075328169682, 'batch_size': 15, 'beta_1': 0.9849480862958585, 'beta_2': 0.9999883435169724, 'epsilon': 8.061032726432564e-08, 'hidden_layer_sizes': 55, 'learning_rate_init': 0.04112174116414399, 'tol': 1.997784284783204e-05, 'validation_fraction': 0.21202680799548979}
observation time 0.000002, current best 0.299990 at iter 28
suggestion time taken 0.003802 iter 29 next_points [{'alpha': 0.21966122069776092, 'batch_size': 232, 'beta_1': 0.9824538153852029, 'beta_2': 0.9999714860742976, 'epsilon': 7.776948224672087e-08, 'hidden_layer_sizes': 122, 'learning_rate_init': 0.00023737639349032157, 'tol': 0.0008104608051356164, 'validation_fraction': 0.24545942654783845}]
/home/ryedida/.local/lib/python3.8/site-packages/sklearn/neural_network/_multilayer_perceptron.py:621: UserWarning: Got `batch_size` less than 1 or larger than sample size. It is going to be clipped
  warnings.warn(

function_evaluation time 0.085022 value 1.418835 suggestion {'alpha': 0.21966122069776092, 'batch_size': 232, 'beta_1': 0.9824538153852029, 'beta_2': 0.9999714860742976, 'epsilon': 7.776948224672087e-08, 'hidden_layer_sizes': 122, 'learning_rate_init': 0.00023737639349032157, 'tol': 0.0008104608051356164, 'validation_fraction': 0.24545942654783845}
observation time 0.000001, current best 0.299990 at iter 29
suggestion time taken 0.003851 iter 30 next_points [{'alpha': 0.03588256989378432, 'batch_size': 44, 'beta_1': 0.6418512397383963, 'beta_2': 0.999943879695618, 'epsilon': 3.3875423514976506e-07, 'hidden_layer_sizes': 141, 'learning_rate_init': 6.882692772178001e-05, 'tol': 0.00044008805023965406, 'validation_fraction': 0.676549096511496}]
/home/ryedida/.local/lib/python3.8/site-packages/sklearn/neural_network/_multilayer_perceptron.py:621: UserWarning: Got `batch_size` less than 1 or larger than sample size. It is going to be clipped
  warnings.warn(

function_evaluation time 0.114185 value 1.332627 suggestion {'alpha': 0.03588256989378432, 'batch_size': 44, 'beta_1': 0.6418512397383963, 'beta_2': 0.999943879695618, 'epsilon': 3.3875423514976506e-07, 'hidden_layer_sizes': 141, 'learning_rate_init': 6.882692772178001e-05, 'tol': 0.00044008805023965406, 'validation_fraction': 0.676549096511496}
observation time 0.000002, current best 0.299990 at iter 30
suggestion time taken 0.003948 iter 31 next_points [{'alpha': 0.62852969313619, 'batch_size': 235, 'beta_1': 0.7887144085642306, 'beta_2': 0.9999966570616381, 'epsilon': 2.1765470958810085e-07, 'hidden_layer_sizes': 131, 'learning_rate_init': 1.291137956339756e-05, 'tol': 0.005425438967385947, 'validation_fraction': 0.12659257235842283}]
/home/ryedida/.local/lib/python3.8/site-packages/sklearn/neural_network/_multilayer_perceptron.py:621: UserWarning: Got `batch_size` less than 1 or larger than sample size. It is going to be clipped
  warnings.warn(

function_evaluation time 0.078538 value 1.375872 suggestion {'alpha': 0.62852969313619, 'batch_size': 235, 'beta_1': 0.7887144085642306, 'beta_2': 0.9999966570616381, 'epsilon': 2.1765470958810085e-07, 'hidden_layer_sizes': 131, 'learning_rate_init': 1.291137956339756e-05, 'tol': 0.005425438967385947, 'validation_fraction': 0.12659257235842283}
observation time 0.000020, current best 0.299990 at iter 31
suggestion time taken 0.003792 iter 32 next_points [{'alpha': 8.814225593888609e-05, 'batch_size': 109, 'beta_1': 0.8697446852207167, 'beta_2': 0.9999956950006451, 'epsilon': 5.27225544889148e-08, 'hidden_layer_sizes': 193, 'learning_rate_init': 0.00011044908194865317, 'tol': 0.00019189508043164144, 'validation_fraction': 0.20739027693537007}]
/home/ryedida/.local/lib/python3.8/site-packages/sklearn/neural_network/_multilayer_perceptron.py:621: UserWarning: Got `batch_size` less than 1 or larger than sample size. It is going to be clipped
  warnings.warn(

function_evaluation time 0.093333 value 1.261855 suggestion {'alpha': 8.814225593888609e-05, 'batch_size': 109, 'beta_1': 0.8697446852207167, 'beta_2': 0.9999956950006451, 'epsilon': 5.27225544889148e-08, 'hidden_layer_sizes': 193, 'learning_rate_init': 0.00011044908194865317, 'tol': 0.00019189508043164144, 'validation_fraction': 0.20739027693537007}
observation time 0.000002, current best 0.299990 at iter 32
suggestion time taken 0.003837 iter 33 next_points [{'alpha': 0.3654748322574105, 'batch_size': 169, 'beta_1': 0.7701315091901916, 'beta_2': 0.9993236286706483, 'epsilon': 3.684971708777521e-08, 'hidden_layer_sizes': 67, 'learning_rate_init': 0.011436239303778033, 'tol': 0.04432364860368855, 'validation_fraction': 0.7889131901420623}]
/home/ryedida/.local/lib/python3.8/site-packages/sklearn/neural_network/_multilayer_perceptron.py:621: UserWarning: Got `batch_size` less than 1 or larger than sample size. It is going to be clipped
  warnings.warn(

function_evaluation time 0.100209 value 0.586677 suggestion {'alpha': 0.3654748322574105, 'batch_size': 169, 'beta_1': 0.7701315091901916, 'beta_2': 0.9993236286706483, 'epsilon': 3.684971708777521e-08, 'hidden_layer_sizes': 67, 'learning_rate_init': 0.011436239303778033, 'tol': 0.04432364860368855, 'validation_fraction': 0.7889131901420623}
observation time 0.000002, current best 0.299990 at iter 33
suggestion time taken 0.003887 iter 34 next_points [{'alpha': 0.6244909940907137, 'batch_size': 81, 'beta_1': 0.759916385626516, 'beta_2': 0.9999984414023456, 'epsilon': 2.1581559589327305e-08, 'hidden_layer_sizes': 109, 'learning_rate_init': 3.210820940951803e-05, 'tol': 8.704541603972167e-05, 'validation_fraction': 0.6307132851241115}]
/home/ryedida/.local/lib/python3.8/site-packages/sklearn/neural_network/_multilayer_perceptron.py:621: UserWarning: Got `batch_size` less than 1 or larger than sample size. It is going to be clipped
  warnings.warn(

function_evaluation time 0.083233 value 1.335356 suggestion {'alpha': 0.6244909940907137, 'batch_size': 81, 'beta_1': 0.759916385626516, 'beta_2': 0.9999984414023456, 'epsilon': 2.1581559589327305e-08, 'hidden_layer_sizes': 109, 'learning_rate_init': 3.210820940951803e-05, 'tol': 8.704541603972167e-05, 'validation_fraction': 0.6307132851241115}
observation time 0.000002, current best 0.299990 at iter 34
suggestion time taken 0.003881 iter 35 next_points [{'alpha': 0.002737628223770301, 'batch_size': 45, 'beta_1': 0.9858415189531323, 'beta_2': 0.9558192954500393, 'epsilon': 1.280428358828622e-09, 'hidden_layer_sizes': 101, 'learning_rate_init': 0.007666300715149215, 'tol': 1.1064441430051071e-05, 'validation_fraction': 0.16220444701463133}]
function_evaluation time 0.152616 value 0.528088 suggestion {'alpha': 0.002737628223770301, 'batch_size': 45, 'beta_1': 0.9858415189531323, 'beta_2': 0.9558192954500393, 'epsilon': 1.280428358828622e-09, 'hidden_layer_sizes': 101, 'learning_rate_init': 0.007666300715149215, 'tol': 1.1064441430051071e-05, 'validation_fraction': 0.16220444701463133}
observation time 0.000002, current best 0.299990 at iter 35
suggestion time taken 0.003925 iter 36 next_points [{'alpha': 2.9632379126874113, 'batch_size': 100, 'beta_1': 0.9772150037889074, 'beta_2': 0.9418548766837206, 'epsilon': 7.087180946962976e-08, 'hidden_layer_sizes': 77, 'learning_rate_init': 0.0014472296331543267, 'tol': 5.096813442745863e-05, 'validation_fraction': 0.6410134501164774}]
/home/ryedida/.local/lib/python3.8/site-packages/sklearn/neural_network/_multilayer_perceptron.py:621: UserWarning: Got `batch_size` less than 1 or larger than sample size. It is going to be clipped
  warnings.warn(

function_evaluation time 0.111462 value 0.995561 suggestion {'alpha': 2.9632379126874113, 'batch_size': 100, 'beta_1': 0.9772150037889074, 'beta_2': 0.9418548766837206, 'epsilon': 7.087180946962976e-08, 'hidden_layer_sizes': 77, 'learning_rate_init': 0.0014472296331543267, 'tol': 5.096813442745863e-05, 'validation_fraction': 0.6410134501164774}
observation time 0.000002, current best 0.299990 at iter 36
suggestion time taken 0.003814 iter 37 next_points [{'alpha': 0.1057180035228028, 'batch_size': 225, 'beta_1': 0.8034443559150981, 'beta_2': 0.9999989613018434, 'epsilon': 9.391598084448761e-08, 'hidden_layer_sizes': 182, 'learning_rate_init': 0.0021210470319159274, 'tol': 0.0018080529096099313, 'validation_fraction': 0.2315149897766923}]
/home/ryedida/.local/lib/python3.8/site-packages/sklearn/neural_network/_multilayer_perceptron.py:621: UserWarning: Got `batch_size` less than 1 or larger than sample size. It is going to be clipped
  warnings.warn(

function_evaluation time 0.123764 value 0.880452 suggestion {'alpha': 0.1057180035228028, 'batch_size': 225, 'beta_1': 0.8034443559150981, 'beta_2': 0.9999989613018434, 'epsilon': 9.391598084448761e-08, 'hidden_layer_sizes': 182, 'learning_rate_init': 0.0021210470319159274, 'tol': 0.0018080529096099313, 'validation_fraction': 0.2315149897766923}
observation time 0.000002, current best 0.299990 at iter 37
suggestion time taken 0.003819 iter 38 next_points [{'alpha': 0.09716648500652485, 'batch_size': 128, 'beta_1': 0.5188907038651895, 'beta_2': 0.9964349360447808, 'epsilon': 5.677141702549559e-09, 'hidden_layer_sizes': 51, 'learning_rate_init': 9.264464228657788e-05, 'tol': 0.06422478008963683, 'validation_fraction': 0.4559324500829203}]
/home/ryedida/.local/lib/python3.8/site-packages/sklearn/neural_network/_multilayer_perceptron.py:621: UserWarning: Got `batch_size` less than 1 or larger than sample size. It is going to be clipped
  warnings.warn(

function_evaluation time 0.068818 value 1.557815 suggestion {'alpha': 0.09716648500652485, 'batch_size': 128, 'beta_1': 0.5188907038651895, 'beta_2': 0.9964349360447808, 'epsilon': 5.677141702549559e-09, 'hidden_layer_sizes': 51, 'learning_rate_init': 9.264464228657788e-05, 'tol': 0.06422478008963683, 'validation_fraction': 0.4559324500829203}
observation time 0.000002, current best 0.299990 at iter 38
suggestion time taken 0.003853 iter 39 next_points [{'alpha': 0.0034748801374249205, 'batch_size': 87, 'beta_1': 0.5866612538286463, 'beta_2': 0.9240664704939872, 'epsilon': 3.77928301385218e-09, 'hidden_layer_sizes': 79, 'learning_rate_init': 0.0003522270650513471, 'tol': 3.940382513121849e-05, 'validation_fraction': 0.751933181548329}]
/home/ryedida/.local/lib/python3.8/site-packages/sklearn/neural_network/_multilayer_perceptron.py:621: UserWarning: Got `batch_size` less than 1 or larger than sample size. It is going to be clipped
  warnings.warn(

function_evaluation time 0.078772 value 1.885507 suggestion {'alpha': 0.0034748801374249205, 'batch_size': 87, 'beta_1': 0.5866612538286463, 'beta_2': 0.9240664704939872, 'epsilon': 3.77928301385218e-09, 'hidden_layer_sizes': 79, 'learning_rate_init': 0.0003522270650513471, 'tol': 3.940382513121849e-05, 'validation_fraction': 0.751933181548329}
observation time 0.000002, current best 0.299990 at iter 39
suggestion time taken 0.003870 iter 40 next_points [{'alpha': 3.3382898455380074e-05, 'batch_size': 202, 'beta_1': 0.8363624372849975, 'beta_2': 0.9729384124504072, 'epsilon': 1.5544364500036422e-09, 'hidden_layer_sizes': 177, 'learning_rate_init': 0.004162026665895728, 'tol': 0.0005185411350330731, 'validation_fraction': 0.10717918651256812}]
/home/ryedida/.local/lib/python3.8/site-packages/sklearn/neural_network/_multilayer_perceptron.py:621: UserWarning: Got `batch_size` less than 1 or larger than sample size. It is going to be clipped
  warnings.warn(

function_evaluation time 0.161354 value 0.564883 suggestion {'alpha': 3.3382898455380074e-05, 'batch_size': 202, 'beta_1': 0.8363624372849975, 'beta_2': 0.9729384124504072, 'epsilon': 1.5544364500036422e-09, 'hidden_layer_sizes': 177, 'learning_rate_init': 0.004162026665895728, 'tol': 0.0005185411350330731, 'validation_fraction': 0.10717918651256812}
observation time 0.000002, current best 0.299990 at iter 40
suggestion time taken 0.003821 iter 41 next_points [{'alpha': 6.2887526663509625, 'batch_size': 139, 'beta_1': 0.8486413077979255, 'beta_2': 0.9987728991735758, 'epsilon': 7.077247438328719e-08, 'hidden_layer_sizes': 61, 'learning_rate_init': 1.0422700866629838e-05, 'tol': 0.0004324645208869718, 'validation_fraction': 0.12651116799289616}]
/home/ryedida/.local/lib/python3.8/site-packages/sklearn/neural_network/_multilayer_perceptron.py:621: UserWarning: Got `batch_size` less than 1 or larger than sample size. It is going to be clipped
  warnings.warn(

function_evaluation time 0.071342 value 1.811318 suggestion {'alpha': 6.2887526663509625, 'batch_size': 139, 'beta_1': 0.8486413077979255, 'beta_2': 0.9987728991735758, 'epsilon': 7.077247438328719e-08, 'hidden_layer_sizes': 61, 'learning_rate_init': 1.0422700866629838e-05, 'tol': 0.0004324645208869718, 'validation_fraction': 0.12651116799289616}
observation time 0.000001, current best 0.299990 at iter 41
suggestion time taken 0.003791 iter 42 next_points [{'alpha': 0.00026180838945391404, 'batch_size': 30, 'beta_1': 0.9836856839006687, 'beta_2': 0.9994329266081414, 'epsilon': 9.499316022015215e-07, 'hidden_layer_sizes': 147, 'learning_rate_init': 0.005692775557940579, 'tol': 0.0012602164909241303, 'validation_fraction': 0.8054832781545158}]
/home/ryedida/.local/lib/python3.8/site-packages/sklearn/neural_network/_multilayer_perceptron.py:621: UserWarning: Got `batch_size` less than 1 or larger than sample size. It is going to be clipped
  warnings.warn(

function_evaluation time 0.168097 value 0.521425 suggestion {'alpha': 0.00026180838945391404, 'batch_size': 30, 'beta_1': 0.9836856839006687, 'beta_2': 0.9994329266081414, 'epsilon': 9.499316022015215e-07, 'hidden_layer_sizes': 147, 'learning_rate_init': 0.005692775557940579, 'tol': 0.0012602164909241303, 'validation_fraction': 0.8054832781545158}
observation time 0.000002, current best 0.299990 at iter 42
suggestion time taken 0.003802 iter 43 next_points [{'alpha': 3.2710710897339585, 'batch_size': 183, 'beta_1': 0.972583175404294, 'beta_2': 0.9735010545939612, 'epsilon': 1.1136339263786246e-07, 'hidden_layer_sizes': 158, 'learning_rate_init': 0.0023750022074000357, 'tol': 0.014925187484375572, 'validation_fraction': 0.8420365284964498}]
/home/ryedida/.local/lib/python3.8/site-packages/sklearn/neural_network/_multilayer_perceptron.py:621: UserWarning: Got `batch_size` less than 1 or larger than sample size. It is going to be clipped
  warnings.warn(

function_evaluation time 0.097405 value 0.967035 suggestion {'alpha': 3.2710710897339585, 'batch_size': 183, 'beta_1': 0.972583175404294, 'beta_2': 0.9735010545939612, 'epsilon': 1.1136339263786246e-07, 'hidden_layer_sizes': 158, 'learning_rate_init': 0.0023750022074000357, 'tol': 0.014925187484375572, 'validation_fraction': 0.8420365284964498}
observation time 0.000002, current best 0.299990 at iter 43
suggestion time taken 0.003840 iter 44 next_points [{'alpha': 1.4511366855818678e-05, 'batch_size': 141, 'beta_1': 0.6469783535250436, 'beta_2': 0.9999971787993189, 'epsilon': 2.092567064719667e-08, 'hidden_layer_sizes': 168, 'learning_rate_init': 0.07698560964320188, 'tol': 0.0032303883402506474, 'validation_fraction': 0.3875813164456519}]
/home/ryedida/.local/lib/python3.8/site-packages/sklearn/neural_network/_multilayer_perceptron.py:621: UserWarning: Got `batch_size` less than 1 or larger than sample size. It is going to be clipped
  warnings.warn(

function_evaluation time 0.178753 value 0.320953 suggestion {'alpha': 1.4511366855818678e-05, 'batch_size': 141, 'beta_1': 0.6469783535250436, 'beta_2': 0.9999971787993189, 'epsilon': 2.092567064719667e-08, 'hidden_layer_sizes': 168, 'learning_rate_init': 0.07698560964320188, 'tol': 0.0032303883402506474, 'validation_fraction': 0.3875813164456519}
observation time 0.000001, current best 0.299990 at iter 44
saving meta data: {'args': {'--uuid': '122fcc47118a5524a77afd62b837dd51', '-db-root': '/home/ryedida/bbo_challenge_starter_kit/output', '--opt-root': '/home/ryedida/bbo_challenge_starter_kit/example_submissions', '--data-root': None, '--db': 'run_20231014_193210', '--opt': 'random', '--data': 'iris', '--classifier': 'MLP-adam', '--metric': 'nll', '--calls': 45, '--suggestions': 1, '--jobs-file': None, '--verbose': False, 'dry_run': False, 'rev': 'a376313', 'opt_rev': '0.0.8'}, 'signature': ([{'alpha': 0.019628224813442792, 'batch_size': 182, 'beta_1': 0.9410202200271762, 'beta_2': 0.9998021557676793, 'epsilon': 1.8662266976518e-08, 'hidden_layer_sizes': 147, 'learning_rate_init': 0.0005627932047415167, 'tol': 0.03690557729213761, 'validation_fraction': 0.8846827852548593}, {'alpha': 0.001998246739232944, 'batch_size': 200, 'beta_1': 0.919111482530466, 'beta_2': 0.9998488260436156, 'epsilon': 5.981221901152555e-07, 'hidden_layer_sizes': 61, 'learning_rate_init': 2.2310905607443014e-05, 'tol': 1.2046852412030316e-05, 'validation_fraction': 0.8117896445826539}, {'alpha': 0.46659545670218433, 'batch_size': 219, 'beta_1': 0.9889789783750891, 'beta_2': 0.9999896868093284, 'epsilon': 2.4234724484675948e-08, 'hidden_layer_sizes': 167, 'learning_rate_init': 2.972334644335654e-05, 'tol': 0.0036281404040243792, 'validation_fraction': 0.17260651658522078}, {'alpha': 4.656005689076002, 'batch_size': 135, 'beta_1': 0.870503881627747, 'beta_2': 0.9948873266941017, 'epsilon': 2.1023308743480125e-07, 'hidden_layer_sizes': 118, 'learning_rate_init': 0.001878173875716191, 'tol': 1.1889379831773006e-05, 'validation_fraction': 0.6264327093752792}, {'alpha': 0.04705159350400542, 'batch_size': 158, 'beta_1': 0.9870884262730957, 'beta_2': 0.9999596874382349, 'epsilon': 1.1981845126013875e-08, 'hidden_layer_sizes': 116, 'learning_rate_init': 0.006173405204074311, 'tol': 1.7414134181586194e-05, 'validation_fraction': 0.6754299026638921}], [1.3105719841770722, 1.7760947732249062, 1.4322107566090756, 0.9097804858215804, 0.5745987066718419])}
saving results
saving timing
saving suggest log
done
