running: {'--uuid': '2cff915d35ef54b184f1e95cf4de7cd2', '-db-root': '/home/ryedida/bbo_challenge_starter_kit/output', '--opt-root': '/home/ryedida/bbo_challenge_starter_kit/example_submissions', '--data-root': None, '--db': 'run_20231014_193210', '--opt': 'strongcvx', '--data': 'iris', '--classifier': 'MLP-adam', '--metric': 'acc', '--calls': 45, '--suggestions': 1, '--jobs-file': None, '--verbose': False, 'dry_run': False, 'rev': 'a376313', 'opt_rev': 'x.x.x'}
cmd: python strongcvx/optimizer.py -c MLP-adam -d iris -o strongcvx -u 2cff915d35ef54b184f1e95cf4de7cd2 -m acc -n 45 -p 1 -dir /home/ryedida/bbo_challenge_starter_kit/output -b run_20231014_193210
/home/ryedida/.local/lib/python3.8/site-packages/sklearn/neural_network/_multilayer_perceptron.py:621: UserWarning: Got `batch_size` less than 1 or larger than sample size. It is going to be clipped
  warnings.warn(

/home/ryedida/.local/lib/python3.8/site-packages/sklearn/neural_network/_multilayer_perceptron.py:621: UserWarning: Got `batch_size` less than 1 or larger than sample size. It is going to be clipped
  warnings.warn(

/home/ryedida/.local/lib/python3.8/site-packages/sklearn/neural_network/_multilayer_perceptron.py:621: UserWarning: Got `batch_size` less than 1 or larger than sample size. It is going to be clipped
  warnings.warn(

/home/ryedida/.local/lib/python3.8/site-packages/sklearn/neural_network/_multilayer_perceptron.py:621: UserWarning: Got `batch_size` less than 1 or larger than sample size. It is going to be clipped
  warnings.warn(

/home/ryedida/.local/lib/python3.8/site-packages/sklearn/neural_network/_multilayer_perceptron.py:621: UserWarning: Got `batch_size` less than 1 or larger than sample size. It is going to be clipped
  warnings.warn(

computed signature: ([{'alpha': 0.019628224813442792, 'batch_size': 182, 'beta_1': 0.9410202200271762, 'beta_2': 0.9998021557676793, 'epsilon': 1.8662266976518e-08, 'hidden_layer_sizes': 147, 'learning_rate_init': 0.0005627932047415167, 'tol': 0.03690557729213761, 'validation_fraction': 0.8846827852548593}, {'alpha': 0.001998246739232944, 'batch_size': 200, 'beta_1': 0.919111482530466, 'beta_2': 0.9998488260436156, 'epsilon': 5.981221901152555e-07, 'hidden_layer_sizes': 61, 'learning_rate_init': 2.2310905607443014e-05, 'tol': 1.2046852412030316e-05, 'validation_fraction': 0.8117896445826539}, {'alpha': 0.46659545670218433, 'batch_size': 219, 'beta_1': 0.9889789783750891, 'beta_2': 0.9999896868093284, 'epsilon': 2.4234724484675948e-08, 'hidden_layer_sizes': 167, 'learning_rate_init': 2.972334644335654e-05, 'tol': 0.0036281404040243792, 'validation_fraction': 0.17260651658522078}, {'alpha': 4.656005689076002, 'batch_size': 135, 'beta_1': 0.870503881627747, 'beta_2': 0.9948873266941017, 'epsilon': 2.1023308743480125e-07, 'hidden_layer_sizes': 118, 'learning_rate_init': 0.001878173875716191, 'tol': 1.1889379831773006e-05, 'validation_fraction': 0.6264327093752792}, {'alpha': 0.04705159350400542, 'batch_size': 158, 'beta_1': 0.9870884262730957, 'beta_2': 0.9999596874382349, 'epsilon': 1.1981845126013875e-08, 'hidden_layer_sizes': 116, 'learning_rate_init': 0.006173405204074311, 'tol': 1.7414134181586194e-05, 'validation_fraction': 0.6754299026638921}], [-0.41666666666666663, -0.275, -0.3416666666666667, -0.725, -0.875])
/home/ryedida/.local/lib/python3.8/site-packages/bayesmark/experiment.py:470: UserWarning: Baselines not found. Will not log intermediate scores.
  warnings.warn("Baselines not found. Will not log intermediate scores.")

starting sklearn study strongcvx MLP-adam iris acc 45 1
with data root: None
suggestion time taken 15.159116 iter 0 next_points [{'alpha': 1.9040859705676054e-05, 'batch_size': 58, 'beta_1': 0.8002927088339811, 'beta_2': 0.9927008416617331, 'epsilon': 4.02955797824457e-08, 'hidden_layer_sizes': 177, 'learning_rate_init': 0.05954306103045118, 'tol': 0.01067244394790694, 'validation_fraction': 0.5382364298314487}]
/home/ryedida/.local/lib/python3.8/site-packages/sklearn/neural_network/_multilayer_perceptron.py:621: UserWarning: Got `batch_size` less than 1 or larger than sample size. It is going to be clipped
  warnings.warn(

function_evaluation time 0.191531 value -0.925000 suggestion {'alpha': 1.9040859705676054e-05, 'batch_size': 58, 'beta_1': 0.8002927088339811, 'beta_2': 0.9927008416617331, 'epsilon': 4.02955797824457e-08, 'hidden_layer_sizes': 177, 'learning_rate_init': 0.05954306103045118, 'tol': 0.01067244394790694, 'validation_fraction': 0.5382364298314487}
observation time 0.000003, current best -0.925000 at iter 0
suggestion time taken 14.946337 iter 1 next_points [{'alpha': 0.0002146233439646801, 'batch_size': 17, 'beta_1': 0.9247443907950754, 'beta_2': 0.9999986684907801, 'epsilon': 1.0273424731000084e-07, 'hidden_layer_sizes': 196, 'learning_rate_init': 0.09959867082139649, 'tol': 5.731526152565027e-05, 'validation_fraction': 0.7989770723150956}]
function_evaluation time 0.269083 value -0.950000 suggestion {'alpha': 0.0002146233439646801, 'batch_size': 17, 'beta_1': 0.9247443907950754, 'beta_2': 0.9999986684907801, 'epsilon': 1.0273424731000084e-07, 'hidden_layer_sizes': 196, 'learning_rate_init': 0.09959867082139649, 'tol': 5.731526152565027e-05, 'validation_fraction': 0.7989770723150956}
observation time 0.000003, current best -0.950000 at iter 1
suggestion time taken 14.670961 iter 2 next_points [{'alpha': 5.18240866199526, 'batch_size': 58, 'beta_1': 0.6406485472761928, 'beta_2': 0.9271263282933049, 'epsilon': 4.129245003416063e-08, 'hidden_layer_sizes': 138, 'learning_rate_init': 0.006325734888570109, 'tol': 0.008188110590500104, 'validation_fraction': 0.6162685637687744}]
/home/ryedida/.local/lib/python3.8/site-packages/sklearn/neural_network/_multilayer_perceptron.py:621: UserWarning: Got `batch_size` less than 1 or larger than sample size. It is going to be clipped
  warnings.warn(

function_evaluation time 0.179449 value -0.900000 suggestion {'alpha': 5.18240866199526, 'batch_size': 58, 'beta_1': 0.6406485472761928, 'beta_2': 0.9271263282933049, 'epsilon': 4.129245003416063e-08, 'hidden_layer_sizes': 138, 'learning_rate_init': 0.006325734888570109, 'tol': 0.008188110590500104, 'validation_fraction': 0.6162685637687744}
observation time 0.000004, current best -0.950000 at iter 2
suggestion time taken 15.209367 iter 3 next_points [{'alpha': 0.39998289208244897, 'batch_size': 115, 'beta_1': 0.9878833046872086, 'beta_2': 0.9999975293037161, 'epsilon': 6.185056363016336e-09, 'hidden_layer_sizes': 115, 'learning_rate_init': 1.2254514474996721e-05, 'tol': 0.0004729484223921167, 'validation_fraction': 0.256288681297081}]
/home/ryedida/.local/lib/python3.8/site-packages/sklearn/neural_network/_multilayer_perceptron.py:621: UserWarning: Got `batch_size` less than 1 or larger than sample size. It is going to be clipped
  warnings.warn(

function_evaluation time 0.094454 value -0.366667 suggestion {'alpha': 0.39998289208244897, 'batch_size': 115, 'beta_1': 0.9878833046872086, 'beta_2': 0.9999975293037161, 'epsilon': 6.185056363016336e-09, 'hidden_layer_sizes': 115, 'learning_rate_init': 1.2254514474996721e-05, 'tol': 0.0004729484223921167, 'validation_fraction': 0.256288681297081}
observation time 0.000003, current best -0.950000 at iter 3
suggestion time taken 15.146870 iter 4 next_points [{'alpha': 0.0917524465779008, 'batch_size': 119, 'beta_1': 0.9226989173032613, 'beta_2': 0.9994011972775404, 'epsilon': 2.1488516527952825e-09, 'hidden_layer_sizes': 98, 'learning_rate_init': 0.0014777045494051388, 'tol': 1.5341487007478416e-05, 'validation_fraction': 0.8898814350627092}]
/home/ryedida/.local/lib/python3.8/site-packages/sklearn/neural_network/_multilayer_perceptron.py:621: UserWarning: Got `batch_size` less than 1 or larger than sample size. It is going to be clipped
  warnings.warn(

function_evaluation time 0.106479 value -0.641667 suggestion {'alpha': 0.0917524465779008, 'batch_size': 119, 'beta_1': 0.9226989173032613, 'beta_2': 0.9994011972775404, 'epsilon': 2.1488516527952825e-09, 'hidden_layer_sizes': 98, 'learning_rate_init': 0.0014777045494051388, 'tol': 1.5341487007478416e-05, 'validation_fraction': 0.8898814350627092}
observation time 0.000003, current best -0.950000 at iter 4
suggestion time taken 14.736403 iter 5 next_points [{'alpha': 7.050538629269858e-05, 'batch_size': 113, 'beta_1': 0.951922497477105, 'beta_2': 0.9999693191977705, 'epsilon': 4.817506236766433e-08, 'hidden_layer_sizes': 63, 'learning_rate_init': 0.0013657768328403787, 'tol': 0.007296559678037595, 'validation_fraction': 0.21936032930758226}]
/home/ryedida/.local/lib/python3.8/site-packages/sklearn/neural_network/_multilayer_perceptron.py:621: UserWarning: Got `batch_size` less than 1 or larger than sample size. It is going to be clipped
  warnings.warn(

function_evaluation time 0.106555 value -0.616667 suggestion {'alpha': 7.050538629269858e-05, 'batch_size': 113, 'beta_1': 0.951922497477105, 'beta_2': 0.9999693191977705, 'epsilon': 4.817506236766433e-08, 'hidden_layer_sizes': 63, 'learning_rate_init': 0.0013657768328403787, 'tol': 0.007296559678037595, 'validation_fraction': 0.21936032930758226}
observation time 0.000003, current best -0.950000 at iter 5
suggestion time taken 15.171118 iter 6 next_points [{'alpha': 0.0003728905480433448, 'batch_size': 59, 'beta_1': 0.988956327874394, 'beta_2': 0.9924851423529886, 'epsilon': 1.1621467431761612e-07, 'hidden_layer_sizes': 135, 'learning_rate_init': 0.00030288707757553893, 'tol': 9.089613826540071e-05, 'validation_fraction': 0.4888862524678318}]
function_evaluation time 0.113413 value -0.541667 suggestion {'alpha': 0.0003728905480433448, 'batch_size': 59, 'beta_1': 0.988956327874394, 'beta_2': 0.9924851423529886, 'epsilon': 1.1621467431761612e-07, 'hidden_layer_sizes': 135, 'learning_rate_init': 0.00030288707757553893, 'tol': 9.089613826540071e-05, 'validation_fraction': 0.4888862524678318}
observation time 0.000003, current best -0.950000 at iter 6
suggestion time taken 14.900068 iter 7 next_points [{'alpha': 0.002624740483815808, 'batch_size': 119, 'beta_1': 0.8245561773496779, 'beta_2': 0.999994359465702, 'epsilon': 9.489175863672271e-08, 'hidden_layer_sizes': 147, 'learning_rate_init': 0.0045728570944696505, 'tol': 9.69081959729466e-05, 'validation_fraction': 0.46854175515112484}]
/home/ryedida/.local/lib/python3.8/site-packages/sklearn/neural_network/_multilayer_perceptron.py:621: UserWarning: Got `batch_size` less than 1 or larger than sample size. It is going to be clipped
  warnings.warn(

function_evaluation time 0.131333 value -0.783333 suggestion {'alpha': 0.002624740483815808, 'batch_size': 119, 'beta_1': 0.8245561773496779, 'beta_2': 0.999994359465702, 'epsilon': 9.489175863672271e-08, 'hidden_layer_sizes': 147, 'learning_rate_init': 0.0045728570944696505, 'tol': 9.69081959729466e-05, 'validation_fraction': 0.46854175515112484}
observation time 0.000003, current best -0.950000 at iter 7
suggestion time taken 15.389465 iter 8 next_points [{'alpha': 0.6646904769338994, 'batch_size': 115, 'beta_1': 0.574129373364585, 'beta_2': 0.9995619781133338, 'epsilon': 1.0879798675957185e-09, 'hidden_layer_sizes': 155, 'learning_rate_init': 0.00047251813156130596, 'tol': 7.032312950576044e-05, 'validation_fraction': 0.8765815110591084}]
/home/ryedida/.local/lib/python3.8/site-packages/sklearn/neural_network/_multilayer_perceptron.py:621: UserWarning: Got `batch_size` less than 1 or larger than sample size. It is going to be clipped
  warnings.warn(

function_evaluation time 0.129208 value -0.641667 suggestion {'alpha': 0.6646904769338994, 'batch_size': 115, 'beta_1': 0.574129373364585, 'beta_2': 0.9995619781133338, 'epsilon': 1.0879798675957185e-09, 'hidden_layer_sizes': 155, 'learning_rate_init': 0.00047251813156130596, 'tol': 7.032312950576044e-05, 'validation_fraction': 0.8765815110591084}
observation time 0.000004, current best -0.950000 at iter 8
suggestion time taken 15.510696 iter 9 next_points [{'alpha': 0.00039746375420660323, 'batch_size': 118, 'beta_1': 0.9864565348548802, 'beta_2': 0.9998737388116702, 'epsilon': 1.3960830633788214e-07, 'hidden_layer_sizes': 158, 'learning_rate_init': 0.0026542997405300138, 'tol': 0.0001726782291926912, 'validation_fraction': 0.6167336311598273}]
/home/ryedida/.local/lib/python3.8/site-packages/sklearn/neural_network/_multilayer_perceptron.py:621: UserWarning: Got `batch_size` less than 1 or larger than sample size. It is going to be clipped
  warnings.warn(

function_evaluation time 0.189175 value -0.875000 suggestion {'alpha': 0.00039746375420660323, 'batch_size': 118, 'beta_1': 0.9864565348548802, 'beta_2': 0.9998737388116702, 'epsilon': 1.3960830633788214e-07, 'hidden_layer_sizes': 158, 'learning_rate_init': 0.0026542997405300138, 'tol': 0.0001726782291926912, 'validation_fraction': 0.6167336311598273}
observation time 0.000003, current best -0.950000 at iter 9
suggestion time taken 15.003379 iter 10 next_points [{'alpha': 0.0010523611324830438, 'batch_size': 13, 'beta_1': 0.9678207443295186, 'beta_2': 0.9885927705271308, 'epsilon': 1.8994889411830413e-08, 'hidden_layer_sizes': 56, 'learning_rate_init': 0.003113193463637916, 'tol': 0.0017672692447659785, 'validation_fraction': 0.15850437909886547}]
function_evaluation time 0.314120 value -0.900000 suggestion {'alpha': 0.0010523611324830438, 'batch_size': 13, 'beta_1': 0.9678207443295186, 'beta_2': 0.9885927705271308, 'epsilon': 1.8994889411830413e-08, 'hidden_layer_sizes': 56, 'learning_rate_init': 0.003113193463637916, 'tol': 0.0017672692447659785, 'validation_fraction': 0.15850437909886547}
observation time 0.000003, current best -0.950000 at iter 10
suggestion time taken 15.554514 iter 11 next_points [{'alpha': 0.03592246918306655, 'batch_size': 17, 'beta_1': 0.7265352353005314, 'beta_2': 0.9962903548722785, 'epsilon': 1.1071965974123609e-09, 'hidden_layer_sizes': 199, 'learning_rate_init': 0.007801771540288172, 'tol': 0.008144971756391733, 'validation_fraction': 0.48965928002716447}]
function_evaluation time 0.220199 value -0.941667 suggestion {'alpha': 0.03592246918306655, 'batch_size': 17, 'beta_1': 0.7265352353005314, 'beta_2': 0.9962903548722785, 'epsilon': 1.1071965974123609e-09, 'hidden_layer_sizes': 199, 'learning_rate_init': 0.007801771540288172, 'tol': 0.008144971756391733, 'validation_fraction': 0.48965928002716447}
observation time 0.000004, current best -0.950000 at iter 11
suggestion time taken 14.965579 iter 12 next_points [{'alpha': 6.939596508381419, 'batch_size': 109, 'beta_1': 0.989566799563433, 'beta_2': 0.9990322248631173, 'epsilon': 5.1487524066682395e-09, 'hidden_layer_sizes': 136, 'learning_rate_init': 0.00010105745859862857, 'tol': 0.002310103095079413, 'validation_fraction': 0.43307891342284327}]
/home/ryedida/.local/lib/python3.8/site-packages/sklearn/neural_network/_multilayer_perceptron.py:621: UserWarning: Got `batch_size` less than 1 or larger than sample size. It is going to be clipped
  warnings.warn(

function_evaluation time 0.076273 value -0.325000 suggestion {'alpha': 6.939596508381419, 'batch_size': 109, 'beta_1': 0.989566799563433, 'beta_2': 0.9990322248631173, 'epsilon': 5.1487524066682395e-09, 'hidden_layer_sizes': 136, 'learning_rate_init': 0.00010105745859862857, 'tol': 0.002310103095079413, 'validation_fraction': 0.43307891342284327}
observation time 0.000003, current best -0.950000 at iter 12
suggestion time taken 15.648873 iter 13 next_points [{'alpha': 1.988023563488682, 'batch_size': 17, 'beta_1': 0.9259860299045926, 'beta_2': 0.9997691718208196, 'epsilon': 8.522602259381312e-08, 'hidden_layer_sizes': 110, 'learning_rate_init': 0.00028955445348776326, 'tol': 0.00046178583591332406, 'validation_fraction': 0.8569721200679288}]
function_evaluation time 0.116612 value -0.525000 suggestion {'alpha': 1.988023563488682, 'batch_size': 17, 'beta_1': 0.9259860299045926, 'beta_2': 0.9997691718208196, 'epsilon': 8.522602259381312e-08, 'hidden_layer_sizes': 110, 'learning_rate_init': 0.00028955445348776326, 'tol': 0.00046178583591332406, 'validation_fraction': 0.8569721200679288}
observation time 0.000003, current best -0.950000 at iter 13
suggestion time taken 14.798931 iter 14 next_points [{'alpha': 0.038517702171981166, 'batch_size': 117, 'beta_1': 0.8157497255528497, 'beta_2': 0.9999967968137036, 'epsilon': 7.715311192262441e-08, 'hidden_layer_sizes': 100, 'learning_rate_init': 0.0006331451290704772, 'tol': 0.0001439998618464896, 'validation_fraction': 0.679412865871221}]
/home/ryedida/.local/lib/python3.8/site-packages/sklearn/neural_network/_multilayer_perceptron.py:621: UserWarning: Got `batch_size` less than 1 or larger than sample size. It is going to be clipped
  warnings.warn(

function_evaluation time 0.138367 value -0.466667 suggestion {'alpha': 0.038517702171981166, 'batch_size': 117, 'beta_1': 0.8157497255528497, 'beta_2': 0.9999967968137036, 'epsilon': 7.715311192262441e-08, 'hidden_layer_sizes': 100, 'learning_rate_init': 0.0006331451290704772, 'tol': 0.0001439998618464896, 'validation_fraction': 0.679412865871221}
observation time 0.000003, current best -0.950000 at iter 14
suggestion time taken 15.749290 iter 15 next_points [{'alpha': 5.067044539692625, 'batch_size': 17, 'beta_1': 0.9178402809573095, 'beta_2': 0.9240142282302483, 'epsilon': 2.7386766934943944e-07, 'hidden_layer_sizes': 113, 'learning_rate_init': 0.019121282568312612, 'tol': 0.007015562224694181, 'validation_fraction': 0.11493672867318216}]
function_evaluation time 0.228262 value -0.925000 suggestion {'alpha': 5.067044539692625, 'batch_size': 17, 'beta_1': 0.9178402809573095, 'beta_2': 0.9240142282302483, 'epsilon': 2.7386766934943944e-07, 'hidden_layer_sizes': 113, 'learning_rate_init': 0.019121282568312612, 'tol': 0.007015562224694181, 'validation_fraction': 0.11493672867318216}
observation time 0.000003, current best -0.950000 at iter 15
suggestion time taken 14.951849 iter 16 next_points [{'alpha': 7.701183386204713e-05, 'batch_size': 118, 'beta_1': 0.8213361315346379, 'beta_2': 0.9998824938319396, 'epsilon': 5.8479692066648535e-08, 'hidden_layer_sizes': 105, 'learning_rate_init': 0.0018672280519107878, 'tol': 0.00011349671484137241, 'validation_fraction': 0.8541485426452968}]
/home/ryedida/.local/lib/python3.8/site-packages/sklearn/neural_network/_multilayer_perceptron.py:621: UserWarning: Got `batch_size` less than 1 or larger than sample size. It is going to be clipped
  warnings.warn(

function_evaluation time 0.144014 value -0.666667 suggestion {'alpha': 7.701183386204713e-05, 'batch_size': 118, 'beta_1': 0.8213361315346379, 'beta_2': 0.9998824938319396, 'epsilon': 5.8479692066648535e-08, 'hidden_layer_sizes': 105, 'learning_rate_init': 0.0018672280519107878, 'tol': 0.00011349671484137241, 'validation_fraction': 0.8541485426452968}
observation time 0.000003, current best -0.950000 at iter 16
suggestion time taken 15.628205 iter 17 next_points [{'alpha': 1.204040396477292, 'batch_size': 114, 'beta_1': 0.9533788442526185, 'beta_2': 0.924731335073704, 'epsilon': 7.604096206988529e-09, 'hidden_layer_sizes': 138, 'learning_rate_init': 3.30334167459892e-05, 'tol': 1.6711544702118e-05, 'validation_fraction': 0.12132134621197138}]
/home/ryedida/.local/lib/python3.8/site-packages/sklearn/neural_network/_multilayer_perceptron.py:621: UserWarning: Got `batch_size` less than 1 or larger than sample size. It is going to be clipped
  warnings.warn(

function_evaluation time 0.082098 value -0.325000 suggestion {'alpha': 1.204040396477292, 'batch_size': 114, 'beta_1': 0.9533788442526185, 'beta_2': 0.924731335073704, 'epsilon': 7.604096206988529e-09, 'hidden_layer_sizes': 138, 'learning_rate_init': 3.30334167459892e-05, 'tol': 1.6711544702118e-05, 'validation_fraction': 0.12132134621197138}
observation time 0.000003, current best -0.950000 at iter 17
suggestion time taken 15.784097 iter 18 next_points [{'alpha': 1.5712817649874966e-05, 'batch_size': 13, 'beta_1': 0.9298543080019774, 'beta_2': 0.9533836841962638, 'epsilon': 2.597967228000091e-07, 'hidden_layer_sizes': 65, 'learning_rate_init': 0.00014571376633002613, 'tol': 0.011595030832415185, 'validation_fraction': 0.6084887378120196}]
function_evaluation time 0.135390 value -0.500000 suggestion {'alpha': 1.5712817649874966e-05, 'batch_size': 13, 'beta_1': 0.9298543080019774, 'beta_2': 0.9533836841962638, 'epsilon': 2.597967228000091e-07, 'hidden_layer_sizes': 65, 'learning_rate_init': 0.00014571376633002613, 'tol': 0.011595030832415185, 'validation_fraction': 0.6084887378120196}
observation time 0.000003, current best -0.950000 at iter 18
suggestion time taken 16.134978 iter 19 next_points [{'alpha': 0.4548428279940181, 'batch_size': 118, 'beta_1': 0.9816119137789014, 'beta_2': 0.9040806064146811, 'epsilon': 3.6684003016914705e-07, 'hidden_layer_sizes': 137, 'learning_rate_init': 7.594573632213937e-05, 'tol': 3.303266226239532e-05, 'validation_fraction': 0.2519976978160712}]
/home/ryedida/.local/lib/python3.8/site-packages/sklearn/neural_network/_multilayer_perceptron.py:621: UserWarning: Got `batch_size` less than 1 or larger than sample size. It is going to be clipped
  warnings.warn(

function_evaluation time 0.131183 value -0.525000 suggestion {'alpha': 0.4548428279940181, 'batch_size': 118, 'beta_1': 0.9816119137789014, 'beta_2': 0.9040806064146811, 'epsilon': 3.6684003016914705e-07, 'hidden_layer_sizes': 137, 'learning_rate_init': 7.594573632213937e-05, 'tol': 3.303266226239532e-05, 'validation_fraction': 0.2519976978160712}
observation time 0.000003, current best -0.950000 at iter 19
suggestion time taken 15.723775 iter 20 next_points [{'alpha': 0.00016270361354553197, 'batch_size': 17, 'beta_1': 0.9888069520170362, 'beta_2': 0.9999686323130625, 'epsilon': 9.394074953438347e-07, 'hidden_layer_sizes': 83, 'learning_rate_init': 0.00010892129779100928, 'tol': 3.465409294766893e-05, 'validation_fraction': 0.6653694097108367}]
function_evaluation time 0.122993 value -0.466667 suggestion {'alpha': 0.00016270361354553197, 'batch_size': 17, 'beta_1': 0.9888069520170362, 'beta_2': 0.9999686323130625, 'epsilon': 9.394074953438347e-07, 'hidden_layer_sizes': 83, 'learning_rate_init': 0.00010892129779100928, 'tol': 3.465409294766893e-05, 'validation_fraction': 0.6653694097108367}
observation time 0.000003, current best -0.950000 at iter 20
suggestion time taken 15.149245 iter 21 next_points [{'alpha': 0.13980241309090816, 'batch_size': 23, 'beta_1': 0.9632864224424873, 'beta_2': 0.9999987006708089, 'epsilon': 5.63394164574743e-08, 'hidden_layer_sizes': 101, 'learning_rate_init': 3.297289677167173e-05, 'tol': 0.0008282317283692344, 'validation_fraction': 0.7969582029998906}]
function_evaluation time 0.110390 value -0.375000 suggestion {'alpha': 0.13980241309090816, 'batch_size': 23, 'beta_1': 0.9632864224424873, 'beta_2': 0.9999987006708089, 'epsilon': 5.63394164574743e-08, 'hidden_layer_sizes': 101, 'learning_rate_init': 3.297289677167173e-05, 'tol': 0.0008282317283692344, 'validation_fraction': 0.7969582029998906}
observation time 0.000003, current best -0.950000 at iter 21
suggestion time taken 15.660725 iter 22 next_points [{'alpha': 0.004443419345097217, 'batch_size': 39, 'beta_1': 0.9607592966003803, 'beta_2': 0.9976231284213912, 'epsilon': 4.806414799824134e-08, 'hidden_layer_sizes': 66, 'learning_rate_init': 0.0007613727236376302, 'tol': 9.711953942280268e-05, 'validation_fraction': 0.2676591655625919}]
function_evaluation time 0.129354 value -0.525000 suggestion {'alpha': 0.004443419345097217, 'batch_size': 39, 'beta_1': 0.9607592966003803, 'beta_2': 0.9976231284213912, 'epsilon': 4.806414799824134e-08, 'hidden_layer_sizes': 66, 'learning_rate_init': 0.0007613727236376302, 'tol': 9.711953942280268e-05, 'validation_fraction': 0.2676591655625919}
observation time 0.000003, current best -0.950000 at iter 22
suggestion time taken 15.200718 iter 23 next_points [{'alpha': 2.0571498964071386, 'batch_size': 13, 'beta_1': 0.9652202224074453, 'beta_2': 0.9662376143043206, 'epsilon': 1.195607307871324e-09, 'hidden_layer_sizes': 84, 'learning_rate_init': 0.0008035365163206959, 'tol': 8.738788279965638e-05, 'validation_fraction': 0.40437618140801534}]
function_evaluation time 0.286065 value -0.841667 suggestion {'alpha': 2.0571498964071386, 'batch_size': 13, 'beta_1': 0.9652202224074453, 'beta_2': 0.9662376143043206, 'epsilon': 1.195607307871324e-09, 'hidden_layer_sizes': 84, 'learning_rate_init': 0.0008035365163206959, 'tol': 8.738788279965638e-05, 'validation_fraction': 0.40437618140801534}
observation time 0.000003, current best -0.950000 at iter 23
suggestion time taken 15.645788 iter 24 next_points [{'alpha': 0.9805832378162093, 'batch_size': 59, 'beta_1': 0.9887218292572734, 'beta_2': 0.9057637599046023, 'epsilon': 3.2074936060328114e-09, 'hidden_layer_sizes': 115, 'learning_rate_init': 0.018486234491628364, 'tol': 5.520875008827613e-05, 'validation_fraction': 0.68604001065274}]
/home/ryedida/.local/lib/python3.8/site-packages/sklearn/neural_network/_multilayer_perceptron.py:621: UserWarning: Got `batch_size` less than 1 or larger than sample size. It is going to be clipped
  warnings.warn(

function_evaluation time 0.147217 value -0.925000 suggestion {'alpha': 0.9805832378162093, 'batch_size': 59, 'beta_1': 0.9887218292572734, 'beta_2': 0.9057637599046023, 'epsilon': 3.2074936060328114e-09, 'hidden_layer_sizes': 115, 'learning_rate_init': 0.018486234491628364, 'tol': 5.520875008827613e-05, 'validation_fraction': 0.68604001065274}
observation time 0.000003, current best -0.950000 at iter 24
suggestion time taken 15.323565 iter 25 next_points [{'alpha': 0.0002682619875235076, 'batch_size': 58, 'beta_1': 0.7064243263557611, 'beta_2': 0.9955664210787522, 'epsilon': 2.7539883836495344e-08, 'hidden_layer_sizes': 108, 'learning_rate_init': 0.0001262532606751979, 'tol': 0.0027516558099871437, 'validation_fraction': 0.5245896819313554}]
/home/ryedida/.local/lib/python3.8/site-packages/sklearn/neural_network/_multilayer_perceptron.py:621: UserWarning: Got `batch_size` less than 1 or larger than sample size. It is going to be clipped
  warnings.warn(

function_evaluation time 0.161999 value -0.441667 suggestion {'alpha': 0.0002682619875235076, 'batch_size': 58, 'beta_1': 0.7064243263557611, 'beta_2': 0.9955664210787522, 'epsilon': 2.7539883836495344e-08, 'hidden_layer_sizes': 108, 'learning_rate_init': 0.0001262532606751979, 'tol': 0.0027516558099871437, 'validation_fraction': 0.5245896819313554}
observation time 0.000003, current best -0.950000 at iter 25
suggestion time taken 15.576443 iter 26 next_points [{'alpha': 0.327672989815682, 'batch_size': 118, 'beta_1': 0.8916391514795772, 'beta_2': 0.9998998989860806, 'epsilon': 7.233189345725851e-09, 'hidden_layer_sizes': 124, 'learning_rate_init': 0.009458120453928617, 'tol': 0.06933859616675528, 'validation_fraction': 0.13733776500789757}]
/home/ryedida/.local/lib/python3.8/site-packages/sklearn/neural_network/_multilayer_perceptron.py:621: UserWarning: Got `batch_size` less than 1 or larger than sample size. It is going to be clipped
  warnings.warn(

function_evaluation time 0.127546 value -0.925000 suggestion {'alpha': 0.327672989815682, 'batch_size': 118, 'beta_1': 0.8916391514795772, 'beta_2': 0.9998998989860806, 'epsilon': 7.233189345725851e-09, 'hidden_layer_sizes': 124, 'learning_rate_init': 0.009458120453928617, 'tol': 0.06933859616675528, 'validation_fraction': 0.13733776500789757}
observation time 0.000003, current best -0.950000 at iter 26
suggestion time taken 15.556165 iter 27 next_points [{'alpha': 5.82656383351742, 'batch_size': 114, 'beta_1': 0.9198554700401541, 'beta_2': 0.9999986273741531, 'epsilon': 7.250226878857425e-09, 'hidden_layer_sizes': 169, 'learning_rate_init': 0.006435528707924596, 'tol': 1.278666153617033e-05, 'validation_fraction': 0.8402099745809084}]
/home/ryedida/.local/lib/python3.8/site-packages/sklearn/neural_network/_multilayer_perceptron.py:621: UserWarning: Got `batch_size` less than 1 or larger than sample size. It is going to be clipped
  warnings.warn(

function_evaluation time 0.121900 value -0.791667 suggestion {'alpha': 5.82656383351742, 'batch_size': 114, 'beta_1': 0.9198554700401541, 'beta_2': 0.9999986273741531, 'epsilon': 7.250226878857425e-09, 'hidden_layer_sizes': 169, 'learning_rate_init': 0.006435528707924596, 'tol': 1.278666153617033e-05, 'validation_fraction': 0.8402099745809084}
observation time 0.000004, current best -0.950000 at iter 27
suggestion time taken 15.189091 iter 28 next_points [{'alpha': 0.0003264330459387886, 'batch_size': 17, 'beta_1': 0.9803037200531242, 'beta_2': 0.99999639279302, 'epsilon': 1.4793873884143826e-07, 'hidden_layer_sizes': 104, 'learning_rate_init': 0.0006117212590370861, 'tol': 3.173616142671341e-05, 'validation_fraction': 0.6643446349174355}]
function_evaluation time 0.141470 value -0.616667 suggestion {'alpha': 0.0003264330459387886, 'batch_size': 17, 'beta_1': 0.9803037200531242, 'beta_2': 0.99999639279302, 'epsilon': 1.4793873884143826e-07, 'hidden_layer_sizes': 104, 'learning_rate_init': 0.0006117212590370861, 'tol': 3.173616142671341e-05, 'validation_fraction': 0.6643446349174355}
observation time 0.000003, current best -0.950000 at iter 28
suggestion time taken 16.130630 iter 29 next_points [{'alpha': 0.08519853695542422, 'batch_size': 17, 'beta_1': 0.9364202197498188, 'beta_2': 0.9999160539105411, 'epsilon': 9.892682986340958e-07, 'hidden_layer_sizes': 89, 'learning_rate_init': 4.35572691291988e-05, 'tol': 0.0003880501742763963, 'validation_fraction': 0.14704027189717306}]
function_evaluation time 0.182542 value -0.350000 suggestion {'alpha': 0.08519853695542422, 'batch_size': 17, 'beta_1': 0.9364202197498188, 'beta_2': 0.9999160539105411, 'epsilon': 9.892682986340958e-07, 'hidden_layer_sizes': 89, 'learning_rate_init': 4.35572691291988e-05, 'tol': 0.0003880501742763963, 'validation_fraction': 0.14704027189717306}
observation time 0.000003, current best -0.950000 at iter 29
suggestion time taken 15.178582 iter 30 next_points [{'alpha': 0.0002719113269643218, 'batch_size': 59, 'beta_1': 0.977732986355005, 'beta_2': 0.999841619691497, 'epsilon': 1.0826424917813705e-09, 'hidden_layer_sizes': 107, 'learning_rate_init': 0.006961751556639596, 'tol': 4.7408185368789685e-05, 'validation_fraction': 0.3435151046650679}]
function_evaluation time 0.175846 value -0.866667 suggestion {'alpha': 0.0002719113269643218, 'batch_size': 59, 'beta_1': 0.977732986355005, 'beta_2': 0.999841619691497, 'epsilon': 1.0826424917813705e-09, 'hidden_layer_sizes': 107, 'learning_rate_init': 0.006961751556639596, 'tol': 4.7408185368789685e-05, 'validation_fraction': 0.3435151046650679}
observation time 0.000003, current best -0.950000 at iter 30
suggestion time taken 15.980443 iter 31 next_points [{'alpha': 0.07779080387898037, 'batch_size': 38, 'beta_1': 0.6306715088399081, 'beta_2': 0.9996420424292594, 'epsilon': 5.057733146434641e-07, 'hidden_layer_sizes': 110, 'learning_rate_init': 0.05190875314466317, 'tol': 0.001079202180316043, 'validation_fraction': 0.10030807626374884}]
function_evaluation time 0.175219 value -0.916667 suggestion {'alpha': 0.07779080387898037, 'batch_size': 38, 'beta_1': 0.6306715088399081, 'beta_2': 0.9996420424292594, 'epsilon': 5.057733146434641e-07, 'hidden_layer_sizes': 110, 'learning_rate_init': 0.05190875314466317, 'tol': 0.001079202180316043, 'validation_fraction': 0.10030807626374884}
observation time 0.000003, current best -0.950000 at iter 31
suggestion time taken 15.241102 iter 32 next_points [{'alpha': 0.2799838014217553, 'batch_size': 113, 'beta_1': 0.9825627878681772, 'beta_2': 0.9819204528121585, 'epsilon': 5.729281384801923e-09, 'hidden_layer_sizes': 199, 'learning_rate_init': 1.1305096247514877e-05, 'tol': 0.0110866270646895, 'validation_fraction': 0.24503044171553373}]
/home/ryedida/.local/lib/python3.8/site-packages/sklearn/neural_network/_multilayer_perceptron.py:621: UserWarning: Got `batch_size` less than 1 or larger than sample size. It is going to be clipped
  warnings.warn(

function_evaluation time 0.080971 value -0.383333 suggestion {'alpha': 0.2799838014217553, 'batch_size': 113, 'beta_1': 0.9825627878681772, 'beta_2': 0.9819204528121585, 'epsilon': 5.729281384801923e-09, 'hidden_layer_sizes': 199, 'learning_rate_init': 1.1305096247514877e-05, 'tol': 0.0110866270646895, 'validation_fraction': 0.24503044171553373}
observation time 0.000003, current best -0.950000 at iter 32
suggestion time taken 16.014030 iter 33 next_points [{'alpha': 0.03818533292597043, 'batch_size': 59, 'beta_1': 0.818371602110055, 'beta_2': 0.9999975834860906, 'epsilon': 1.4392313064102887e-09, 'hidden_layer_sizes': 108, 'learning_rate_init': 0.022600751333668196, 'tol': 0.006070309572946195, 'validation_fraction': 0.8095019173171352}]
/home/ryedida/.local/lib/python3.8/site-packages/sklearn/neural_network/_multilayer_perceptron.py:621: UserWarning: Got `batch_size` less than 1 or larger than sample size. It is going to be clipped
  warnings.warn(

function_evaluation time 0.163247 value -0.900000 suggestion {'alpha': 0.03818533292597043, 'batch_size': 59, 'beta_1': 0.818371602110055, 'beta_2': 0.9999975834860906, 'epsilon': 1.4392313064102887e-09, 'hidden_layer_sizes': 108, 'learning_rate_init': 0.022600751333668196, 'tol': 0.006070309572946195, 'validation_fraction': 0.8095019173171352}
observation time 0.000003, current best -0.950000 at iter 33
suggestion time taken 15.491229 iter 34 next_points [{'alpha': 8.639860259300511e-05, 'batch_size': 12, 'beta_1': 0.9870323901173793, 'beta_2': 0.9999699053296625, 'epsilon': 5.333276476226513e-07, 'hidden_layer_sizes': 103, 'learning_rate_init': 0.0007529111155535739, 'tol': 0.08285649041422136, 'validation_fraction': 0.8308506610425266}]
function_evaluation time 0.106210 value -0.516667 suggestion {'alpha': 8.639860259300511e-05, 'batch_size': 12, 'beta_1': 0.9870323901173793, 'beta_2': 0.9999699053296625, 'epsilon': 5.333276476226513e-07, 'hidden_layer_sizes': 103, 'learning_rate_init': 0.0007529111155535739, 'tol': 0.08285649041422136, 'validation_fraction': 0.8308506610425266}
observation time 0.000003, current best -0.950000 at iter 34
suggestion time taken 15.836739 iter 35 next_points [{'alpha': 0.00015919052119091532, 'batch_size': 58, 'beta_1': 0.9221268974279694, 'beta_2': 0.9287453094706704, 'epsilon': 9.97185332622309e-08, 'hidden_layer_sizes': 95, 'learning_rate_init': 2.106521885815972e-05, 'tol': 0.014960030274747724, 'validation_fraction': 0.5424478712592262}]
/home/ryedida/.local/lib/python3.8/site-packages/sklearn/neural_network/_multilayer_perceptron.py:621: UserWarning: Got `batch_size` less than 1 or larger than sample size. It is going to be clipped
  warnings.warn(

function_evaluation time 0.072562 value -0.375000 suggestion {'alpha': 0.00015919052119091532, 'batch_size': 58, 'beta_1': 0.9221268974279694, 'beta_2': 0.9287453094706704, 'epsilon': 9.97185332622309e-08, 'hidden_layer_sizes': 95, 'learning_rate_init': 2.106521885815972e-05, 'tol': 0.014960030274747724, 'validation_fraction': 0.5424478712592262}
observation time 0.000003, current best -0.950000 at iter 35
suggestion time taken 15.260297 iter 36 next_points [{'alpha': 0.00010539986876184092, 'batch_size': 59, 'beta_1': 0.919599573365334, 'beta_2': 0.9915367275778653, 'epsilon': 1.6417402416324283e-09, 'hidden_layer_sizes': 193, 'learning_rate_init': 0.0016968712013637622, 'tol': 0.027643374262754053, 'validation_fraction': 0.8846125579450962}]
/home/ryedida/.local/lib/python3.8/site-packages/sklearn/neural_network/_multilayer_perceptron.py:621: UserWarning: Got `batch_size` less than 1 or larger than sample size. It is going to be clipped
  warnings.warn(

function_evaluation time 0.115709 value -0.716667 suggestion {'alpha': 0.00010539986876184092, 'batch_size': 59, 'beta_1': 0.919599573365334, 'beta_2': 0.9915367275778653, 'epsilon': 1.6417402416324283e-09, 'hidden_layer_sizes': 193, 'learning_rate_init': 0.0016968712013637622, 'tol': 0.027643374262754053, 'validation_fraction': 0.8846125579450962}
observation time 0.000003, current best -0.950000 at iter 36
suggestion time taken 15.104980 iter 37 next_points [{'alpha': 0.9508296566038953, 'batch_size': 117, 'beta_1': 0.9784860803284273, 'beta_2': 0.9238868252518686, 'epsilon': 9.894100601598636e-08, 'hidden_layer_sizes': 141, 'learning_rate_init': 0.01060118980147076, 'tol': 2.189864172552973e-05, 'validation_fraction': 0.35419321193969505}]
/home/ryedida/.local/lib/python3.8/site-packages/sklearn/neural_network/_multilayer_perceptron.py:621: UserWarning: Got `batch_size` less than 1 or larger than sample size. It is going to be clipped
  warnings.warn(

function_evaluation time 0.169519 value -0.925000 suggestion {'alpha': 0.9508296566038953, 'batch_size': 117, 'beta_1': 0.9784860803284273, 'beta_2': 0.9238868252518686, 'epsilon': 9.894100601598636e-08, 'hidden_layer_sizes': 141, 'learning_rate_init': 0.01060118980147076, 'tol': 2.189864172552973e-05, 'validation_fraction': 0.35419321193969505}
observation time 0.000003, current best -0.950000 at iter 37
suggestion time taken 16.088395 iter 38 next_points [{'alpha': 0.05863879568823539, 'batch_size': 119, 'beta_1': 0.8404466017339921, 'beta_2': 0.972531166339773, 'epsilon': 5.51991037797851e-07, 'hidden_layer_sizes': 112, 'learning_rate_init': 0.05700824248482645, 'tol': 0.00012073442377608176, 'validation_fraction': 0.7821912869890084}]
/home/ryedida/.local/lib/python3.8/site-packages/sklearn/neural_network/_multilayer_perceptron.py:621: UserWarning: Got `batch_size` less than 1 or larger than sample size. It is going to be clipped
  warnings.warn(

function_evaluation time 0.134466 value -0.883333 suggestion {'alpha': 0.05863879568823539, 'batch_size': 119, 'beta_1': 0.8404466017339921, 'beta_2': 0.972531166339773, 'epsilon': 5.51991037797851e-07, 'hidden_layer_sizes': 112, 'learning_rate_init': 0.05700824248482645, 'tol': 0.00012073442377608176, 'validation_fraction': 0.7821912869890084}
observation time 0.000003, current best -0.950000 at iter 38
suggestion time taken 15.355275 iter 39 next_points [{'alpha': 0.01590374334662399, 'batch_size': 17, 'beta_1': 0.6131068599489293, 'beta_2': 0.9999403255566326, 'epsilon': 4.508950421113932e-07, 'hidden_layer_sizes': 101, 'learning_rate_init': 0.000874621161108813, 'tol': 0.00078665292634042, 'validation_fraction': 0.8953471641848685}]
/home/ryedida/.local/lib/python3.8/site-packages/sklearn/neural_network/_multilayer_perceptron.py:621: UserWarning: Got `batch_size` less than 1 or larger than sample size. It is going to be clipped
  warnings.warn(

function_evaluation time 0.099482 value -0.533333 suggestion {'alpha': 0.01590374334662399, 'batch_size': 17, 'beta_1': 0.6131068599489293, 'beta_2': 0.9999403255566326, 'epsilon': 4.508950421113932e-07, 'hidden_layer_sizes': 101, 'learning_rate_init': 0.000874621161108813, 'tol': 0.00078665292634042, 'validation_fraction': 0.8953471641848685}
observation time 0.000004, current best -0.950000 at iter 39
suggestion time taken 15.994481 iter 40 next_points [{'alpha': 0.10810025685722856, 'batch_size': 17, 'beta_1': 0.978605179188179, 'beta_2': 0.9998619324444209, 'epsilon': 2.6712187183084492e-08, 'hidden_layer_sizes': 158, 'learning_rate_init': 0.02978520185129139, 'tol': 0.00026134216109981396, 'validation_fraction': 0.14507733498505102}]
function_evaluation time 0.251386 value -0.941667 suggestion {'alpha': 0.10810025685722856, 'batch_size': 17, 'beta_1': 0.978605179188179, 'beta_2': 0.9998619324444209, 'epsilon': 2.6712187183084492e-08, 'hidden_layer_sizes': 158, 'learning_rate_init': 0.02978520185129139, 'tol': 0.00026134216109981396, 'validation_fraction': 0.14507733498505102}
observation time 0.000003, current best -0.950000 at iter 40
suggestion time taken 15.409118 iter 41 next_points [{'alpha': 0.031790568586365864, 'batch_size': 13, 'beta_1': 0.9744965348439345, 'beta_2': 0.9999803976870605, 'epsilon': 3.7789511755603026e-07, 'hidden_layer_sizes': 66, 'learning_rate_init': 3.7206415059042565e-05, 'tol': 0.000858205689863108, 'validation_fraction': 0.3673896445912319}]
function_evaluation time 0.169104 value -0.333333 suggestion {'alpha': 0.031790568586365864, 'batch_size': 13, 'beta_1': 0.9744965348439345, 'beta_2': 0.9999803976870605, 'epsilon': 3.7789511755603026e-07, 'hidden_layer_sizes': 66, 'learning_rate_init': 3.7206415059042565e-05, 'tol': 0.000858205689863108, 'validation_fraction': 0.3673896445912319}
observation time 0.000003, current best -0.950000 at iter 41
suggestion time taken 15.810193 iter 42 next_points [{'alpha': 0.0015814828938026041, 'batch_size': 113, 'beta_1': 0.9749978728291523, 'beta_2': 0.9999399865567618, 'epsilon': 2.2694555868275157e-08, 'hidden_layer_sizes': 63, 'learning_rate_init': 0.0032664081000671565, 'tol': 1.3617133788040537e-05, 'validation_fraction': 0.2524092832823062}]
/home/ryedida/.local/lib/python3.8/site-packages/sklearn/neural_network/_multilayer_perceptron.py:621: UserWarning: Got `batch_size` less than 1 or larger than sample size. It is going to be clipped
  warnings.warn(

function_evaluation time 0.116565 value -0.700000 suggestion {'alpha': 0.0015814828938026041, 'batch_size': 113, 'beta_1': 0.9749978728291523, 'beta_2': 0.9999399865567618, 'epsilon': 2.2694555868275157e-08, 'hidden_layer_sizes': 63, 'learning_rate_init': 0.0032664081000671565, 'tol': 1.3617133788040537e-05, 'validation_fraction': 0.2524092832823062}
observation time 0.000003, current best -0.950000 at iter 42
suggestion time taken 15.619905 iter 43 next_points [{'alpha': 1.7817424872547154, 'batch_size': 17, 'beta_1': 0.9619505352628307, 'beta_2': 0.9999666328525468, 'epsilon': 1.0936714906485835e-08, 'hidden_layer_sizes': 99, 'learning_rate_init': 0.001687102188402997, 'tol': 8.595394032588085e-05, 'validation_fraction': 0.13043395322082543}]
function_evaluation time 0.274014 value -0.875000 suggestion {'alpha': 1.7817424872547154, 'batch_size': 17, 'beta_1': 0.9619505352628307, 'beta_2': 0.9999666328525468, 'epsilon': 1.0936714906485835e-08, 'hidden_layer_sizes': 99, 'learning_rate_init': 0.001687102188402997, 'tol': 8.595394032588085e-05, 'validation_fraction': 0.13043395322082543}
observation time 0.000003, current best -0.950000 at iter 43
suggestion time taken 15.334618 iter 44 next_points [{'alpha': 1.8151374712271292e-05, 'batch_size': 59, 'beta_1': 0.9074199596185142, 'beta_2': 0.9976707196855846, 'epsilon': 7.356500364379205e-08, 'hidden_layer_sizes': 68, 'learning_rate_init': 0.0001624440330029749, 'tol': 0.0002931941248331539, 'validation_fraction': 0.6053316607267918}]
/home/ryedida/.local/lib/python3.8/site-packages/sklearn/neural_network/_multilayer_perceptron.py:621: UserWarning: Got `batch_size` less than 1 or larger than sample size. It is going to be clipped
  warnings.warn(

function_evaluation time 0.080421 value -0.391667 suggestion {'alpha': 1.8151374712271292e-05, 'batch_size': 59, 'beta_1': 0.9074199596185142, 'beta_2': 0.9976707196855846, 'epsilon': 7.356500364379205e-08, 'hidden_layer_sizes': 68, 'learning_rate_init': 0.0001624440330029749, 'tol': 0.0002931941248331539, 'validation_fraction': 0.6053316607267918}
observation time 0.000003, current best -0.950000 at iter 44
saving meta data: {'args': {'--uuid': '2cff915d35ef54b184f1e95cf4de7cd2', '-db-root': '/home/ryedida/bbo_challenge_starter_kit/output', '--opt-root': '/home/ryedida/bbo_challenge_starter_kit/example_submissions', '--data-root': None, '--db': 'run_20231014_193210', '--opt': 'strongcvx', '--data': 'iris', '--classifier': 'MLP-adam', '--metric': 'acc', '--calls': 45, '--suggestions': 1, '--jobs-file': None, '--verbose': False, 'dry_run': False, 'rev': 'a376313', 'opt_rev': 'x.x.x'}, 'signature': ([{'alpha': 0.019628224813442792, 'batch_size': 182, 'beta_1': 0.9410202200271762, 'beta_2': 0.9998021557676793, 'epsilon': 1.8662266976518e-08, 'hidden_layer_sizes': 147, 'learning_rate_init': 0.0005627932047415167, 'tol': 0.03690557729213761, 'validation_fraction': 0.8846827852548593}, {'alpha': 0.001998246739232944, 'batch_size': 200, 'beta_1': 0.919111482530466, 'beta_2': 0.9998488260436156, 'epsilon': 5.981221901152555e-07, 'hidden_layer_sizes': 61, 'learning_rate_init': 2.2310905607443014e-05, 'tol': 1.2046852412030316e-05, 'validation_fraction': 0.8117896445826539}, {'alpha': 0.46659545670218433, 'batch_size': 219, 'beta_1': 0.9889789783750891, 'beta_2': 0.9999896868093284, 'epsilon': 2.4234724484675948e-08, 'hidden_layer_sizes': 167, 'learning_rate_init': 2.972334644335654e-05, 'tol': 0.0036281404040243792, 'validation_fraction': 0.17260651658522078}, {'alpha': 4.656005689076002, 'batch_size': 135, 'beta_1': 0.870503881627747, 'beta_2': 0.9948873266941017, 'epsilon': 2.1023308743480125e-07, 'hidden_layer_sizes': 118, 'learning_rate_init': 0.001878173875716191, 'tol': 1.1889379831773006e-05, 'validation_fraction': 0.6264327093752792}, {'alpha': 0.04705159350400542, 'batch_size': 158, 'beta_1': 0.9870884262730957, 'beta_2': 0.9999596874382349, 'epsilon': 1.1981845126013875e-08, 'hidden_layer_sizes': 116, 'learning_rate_init': 0.006173405204074311, 'tol': 1.7414134181586194e-05, 'validation_fraction': 0.6754299026638921}], [-0.41666666666666663, -0.275, -0.3416666666666667, -0.725, -0.875])}
saving results
saving timing
saving suggest log
done
