running: {'--uuid': '300b2c2d73805912a889410f6d1e344a', '-db-root': '/home/ryedida/bbo_challenge_starter_kit/output', '--opt-root': '/home/ryedida/bbo_challenge_starter_kit/example_submissions', '--data-root': None, '--db': 'run_20231014_193210', '--opt': 'random', '--data': 'iris', '--classifier': 'MLP-adam', '--metric': 'nll', '--calls': 45, '--suggestions': 1, '--jobs-file': None, '--verbose': False, 'dry_run': False, 'rev': 'a376313', 'opt_rev': '0.0.8'}
cmd: python /home/ryedida/.local/bin/bayesmark-exp -c MLP-adam -d iris -o random -u 300b2c2d73805912a889410f6d1e344a -m nll -n 45 -p 1 -dir /home/ryedida/bbo_challenge_starter_kit/output -b run_20231014_193210
/home/ryedida/.local/lib/python3.8/site-packages/sklearn/neural_network/_multilayer_perceptron.py:621: UserWarning: Got `batch_size` less than 1 or larger than sample size. It is going to be clipped
  warnings.warn(

/home/ryedida/.local/lib/python3.8/site-packages/sklearn/neural_network/_multilayer_perceptron.py:621: UserWarning: Got `batch_size` less than 1 or larger than sample size. It is going to be clipped
  warnings.warn(

/home/ryedida/.local/lib/python3.8/site-packages/sklearn/neural_network/_multilayer_perceptron.py:621: UserWarning: Got `batch_size` less than 1 or larger than sample size. It is going to be clipped
  warnings.warn(

/home/ryedida/.local/lib/python3.8/site-packages/sklearn/neural_network/_multilayer_perceptron.py:621: UserWarning: Got `batch_size` less than 1 or larger than sample size. It is going to be clipped
  warnings.warn(

/home/ryedida/.local/lib/python3.8/site-packages/sklearn/neural_network/_multilayer_perceptron.py:621: UserWarning: Got `batch_size` less than 1 or larger than sample size. It is going to be clipped
  warnings.warn(

computed signature: ([{'alpha': 0.019628224813442792, 'batch_size': 182, 'beta_1': 0.9410202200271762, 'beta_2': 0.9998021557676793, 'epsilon': 1.8662266976518e-08, 'hidden_layer_sizes': 147, 'learning_rate_init': 0.0005627932047415167, 'tol': 0.03690557729213761, 'validation_fraction': 0.8846827852548593}, {'alpha': 0.001998246739232944, 'batch_size': 200, 'beta_1': 0.919111482530466, 'beta_2': 0.9998488260436156, 'epsilon': 5.981221901152555e-07, 'hidden_layer_sizes': 61, 'learning_rate_init': 2.2310905607443014e-05, 'tol': 1.2046852412030316e-05, 'validation_fraction': 0.8117896445826539}, {'alpha': 0.46659545670218433, 'batch_size': 219, 'beta_1': 0.9889789783750891, 'beta_2': 0.9999896868093284, 'epsilon': 2.4234724484675948e-08, 'hidden_layer_sizes': 167, 'learning_rate_init': 2.972334644335654e-05, 'tol': 0.0036281404040243792, 'validation_fraction': 0.17260651658522078}, {'alpha': 4.656005689076002, 'batch_size': 135, 'beta_1': 0.870503881627747, 'beta_2': 0.9948873266941017, 'epsilon': 2.1023308743480125e-07, 'hidden_layer_sizes': 118, 'learning_rate_init': 0.001878173875716191, 'tol': 1.1889379831773006e-05, 'validation_fraction': 0.6264327093752792}, {'alpha': 0.04705159350400542, 'batch_size': 158, 'beta_1': 0.9870884262730957, 'beta_2': 0.9999596874382349, 'epsilon': 1.1981845126013875e-08, 'hidden_layer_sizes': 116, 'learning_rate_init': 0.006173405204074311, 'tol': 1.7414134181586194e-05, 'validation_fraction': 0.6754299026638921}], [1.3105719841770722, 1.7760947732249062, 1.4322107566090756, 0.9097804858215804, 0.5745987066718419])
/home/ryedida/.local/lib/python3.8/site-packages/bayesmark/experiment.py:470: UserWarning: Baselines not found. Will not log intermediate scores.
  warnings.warn("Baselines not found. Will not log intermediate scores.")

starting sklearn study random MLP-adam iris nll 45 1
with data root: None
suggestion time taken 0.003799 iter 0 next_points [{'alpha': 1.776559075772529e-05, 'batch_size': 17, 'beta_1': 0.9217491115614767, 'beta_2': 0.9349582151586167, 'epsilon': 5.980940350750218e-08, 'hidden_layer_sizes': 118, 'learning_rate_init': 0.03311278048919174, 'tol': 0.0420524517178429, 'validation_fraction': 0.7857777306011607}]
function_evaluation time 0.138064 value 0.336933 suggestion {'alpha': 1.776559075772529e-05, 'batch_size': 17, 'beta_1': 0.9217491115614767, 'beta_2': 0.9349582151586167, 'epsilon': 5.980940350750218e-08, 'hidden_layer_sizes': 118, 'learning_rate_init': 0.03311278048919174, 'tol': 0.0420524517178429, 'validation_fraction': 0.7857777306011607}
observation time 0.000003, current best 0.336933 at iter 0
suggestion time taken 0.003874 iter 1 next_points [{'alpha': 2.6055946039263063, 'batch_size': 69, 'beta_1': 0.9879941931089988, 'beta_2': 0.9999827019407843, 'epsilon': 2.0151630644315908e-07, 'hidden_layer_sizes': 104, 'learning_rate_init': 0.024853955267061276, 'tol': 0.013464452395236939, 'validation_fraction': 0.42626887657823276}]
/home/ryedida/.local/lib/python3.8/site-packages/sklearn/neural_network/_multilayer_perceptron.py:621: UserWarning: Got `batch_size` less than 1 or larger than sample size. It is going to be clipped
  warnings.warn(

function_evaluation time 0.180568 value 0.319508 suggestion {'alpha': 2.6055946039263063, 'batch_size': 69, 'beta_1': 0.9879941931089988, 'beta_2': 0.9999827019407843, 'epsilon': 2.0151630644315908e-07, 'hidden_layer_sizes': 104, 'learning_rate_init': 0.024853955267061276, 'tol': 0.013464452395236939, 'validation_fraction': 0.42626887657823276}
observation time 0.000002, current best 0.319508 at iter 1
suggestion time taken 0.003842 iter 2 next_points [{'alpha': 6.0086501837415005, 'batch_size': 230, 'beta_1': 0.8929882376849735, 'beta_2': 0.9995393270611326, 'epsilon': 9.968258635448367e-09, 'hidden_layer_sizes': 59, 'learning_rate_init': 0.04774521886629891, 'tol': 0.005314547335929615, 'validation_fraction': 0.4008946755596746}]
/home/ryedida/.local/lib/python3.8/site-packages/sklearn/neural_network/_multilayer_perceptron.py:621: UserWarning: Got `batch_size` less than 1 or larger than sample size. It is going to be clipped
  warnings.warn(

function_evaluation time 0.135957 value 0.495020 suggestion {'alpha': 6.0086501837415005, 'batch_size': 230, 'beta_1': 0.8929882376849735, 'beta_2': 0.9995393270611326, 'epsilon': 9.968258635448367e-09, 'hidden_layer_sizes': 59, 'learning_rate_init': 0.04774521886629891, 'tol': 0.005314547335929615, 'validation_fraction': 0.4008946755596746}
observation time 0.000001, current best 0.319508 at iter 2
suggestion time taken 0.003812 iter 3 next_points [{'alpha': 0.014285437885875937, 'batch_size': 60, 'beta_1': 0.9781963615608626, 'beta_2': 0.997264054015592, 'epsilon': 2.1367748527111235e-09, 'hidden_layer_sizes': 182, 'learning_rate_init': 0.016163582716438942, 'tol': 0.033726958039643415, 'validation_fraction': 0.6050719887958161}]
/home/ryedida/.local/lib/python3.8/site-packages/sklearn/neural_network/_multilayer_perceptron.py:621: UserWarning: Got `batch_size` less than 1 or larger than sample size. It is going to be clipped
  warnings.warn(

function_evaluation time 0.145345 value 0.339426 suggestion {'alpha': 0.014285437885875937, 'batch_size': 60, 'beta_1': 0.9781963615608626, 'beta_2': 0.997264054015592, 'epsilon': 2.1367748527111235e-09, 'hidden_layer_sizes': 182, 'learning_rate_init': 0.016163582716438942, 'tol': 0.033726958039643415, 'validation_fraction': 0.6050719887958161}
observation time 0.000002, current best 0.319508 at iter 3
suggestion time taken 0.003857 iter 4 next_points [{'alpha': 7.966613296089867e-05, 'batch_size': 33, 'beta_1': 0.9837233491234656, 'beta_2': 0.9999588827630359, 'epsilon': 5.191408024471114e-07, 'hidden_layer_sizes': 139, 'learning_rate_init': 1.0071341190789835e-05, 'tol': 9.386434442006595e-05, 'validation_fraction': 0.1318594158131464}]
function_evaluation time 0.136400 value 1.289753 suggestion {'alpha': 7.966613296089867e-05, 'batch_size': 33, 'beta_1': 0.9837233491234656, 'beta_2': 0.9999588827630359, 'epsilon': 5.191408024471114e-07, 'hidden_layer_sizes': 139, 'learning_rate_init': 1.0071341190789835e-05, 'tol': 9.386434442006595e-05, 'validation_fraction': 0.1318594158131464}
observation time 0.000002, current best 0.319508 at iter 4
suggestion time taken 0.003951 iter 5 next_points [{'alpha': 0.00015184537816919052, 'batch_size': 28, 'beta_1': 0.5070342922634142, 'beta_2': 0.9999142807292812, 'epsilon': 3.175564990222418e-07, 'hidden_layer_sizes': 82, 'learning_rate_init': 0.0029762248135480366, 'tol': 0.016113852523083456, 'validation_fraction': 0.8591541369141141}]
/home/ryedida/.local/lib/python3.8/site-packages/sklearn/neural_network/_multilayer_perceptron.py:621: UserWarning: Got `batch_size` less than 1 or larger than sample size. It is going to be clipped
  warnings.warn(

function_evaluation time 0.112319 value 0.975184 suggestion {'alpha': 0.00015184537816919052, 'batch_size': 28, 'beta_1': 0.5070342922634142, 'beta_2': 0.9999142807292812, 'epsilon': 3.175564990222418e-07, 'hidden_layer_sizes': 82, 'learning_rate_init': 0.0029762248135480366, 'tol': 0.016113852523083456, 'validation_fraction': 0.8591541369141141}
observation time 0.000002, current best 0.319508 at iter 5
suggestion time taken 0.003866 iter 6 next_points [{'alpha': 0.5398301549609507, 'batch_size': 90, 'beta_1': 0.8317722383229995, 'beta_2': 0.9999505900756136, 'epsilon': 2.5356835280521103e-07, 'hidden_layer_sizes': 172, 'learning_rate_init': 1.6999248882618793e-05, 'tol': 0.0031217566252994176, 'validation_fraction': 0.8387564785267878}]
/home/ryedida/.local/lib/python3.8/site-packages/sklearn/neural_network/_multilayer_perceptron.py:621: UserWarning: Got `batch_size` less than 1 or larger than sample size. It is going to be clipped
  warnings.warn(

function_evaluation time 0.073118 value 1.289761 suggestion {'alpha': 0.5398301549609507, 'batch_size': 90, 'beta_1': 0.8317722383229995, 'beta_2': 0.9999505900756136, 'epsilon': 2.5356835280521103e-07, 'hidden_layer_sizes': 172, 'learning_rate_init': 1.6999248882618793e-05, 'tol': 0.0031217566252994176, 'validation_fraction': 0.8387564785267878}
observation time 0.000002, current best 0.319508 at iter 6
suggestion time taken 0.003923 iter 7 next_points [{'alpha': 0.04389446379028788, 'batch_size': 67, 'beta_1': 0.8783093810730572, 'beta_2': 0.9041554235193509, 'epsilon': 2.340525147325674e-09, 'hidden_layer_sizes': 189, 'learning_rate_init': 0.004103215851220628, 'tol': 0.0015351742469347114, 'validation_fraction': 0.8783693543987531}]
/home/ryedida/.local/lib/python3.8/site-packages/sklearn/neural_network/_multilayer_perceptron.py:621: UserWarning: Got `batch_size` less than 1 or larger than sample size. It is going to be clipped
  warnings.warn(

function_evaluation time 0.163727 value 0.801882 suggestion {'alpha': 0.04389446379028788, 'batch_size': 67, 'beta_1': 0.8783093810730572, 'beta_2': 0.9041554235193509, 'epsilon': 2.340525147325674e-09, 'hidden_layer_sizes': 189, 'learning_rate_init': 0.004103215851220628, 'tol': 0.0015351742469347114, 'validation_fraction': 0.8783693543987531}
observation time 0.000002, current best 0.319508 at iter 7
suggestion time taken 0.003863 iter 8 next_points [{'alpha': 5.660141103457428, 'batch_size': 77, 'beta_1': 0.9707907540657638, 'beta_2': 0.999989732310697, 'epsilon': 3.950509151428477e-08, 'hidden_layer_sizes': 55, 'learning_rate_init': 4.475457269572477e-05, 'tol': 0.0012906426497004313, 'validation_fraction': 0.37293628918179417}]
/home/ryedida/.local/lib/python3.8/site-packages/sklearn/neural_network/_multilayer_perceptron.py:621: UserWarning: Got `batch_size` less than 1 or larger than sample size. It is going to be clipped
  warnings.warn(

function_evaluation time 0.067549 value 1.498787 suggestion {'alpha': 5.660141103457428, 'batch_size': 77, 'beta_1': 0.9707907540657638, 'beta_2': 0.999989732310697, 'epsilon': 3.950509151428477e-08, 'hidden_layer_sizes': 55, 'learning_rate_init': 4.475457269572477e-05, 'tol': 0.0012906426497004313, 'validation_fraction': 0.37293628918179417}
observation time 0.000002, current best 0.319508 at iter 8
suggestion time taken 0.003833 iter 9 next_points [{'alpha': 0.0009549682874710338, 'batch_size': 134, 'beta_1': 0.9612736457168458, 'beta_2': 0.999995984911963, 'epsilon': 6.929339475011761e-09, 'hidden_layer_sizes': 165, 'learning_rate_init': 0.0011526830876983309, 'tol': 1.7924772499920172e-05, 'validation_fraction': 0.14462012496389856}]
/home/ryedida/.local/lib/python3.8/site-packages/sklearn/neural_network/_multilayer_perceptron.py:621: UserWarning: Got `batch_size` less than 1 or larger than sample size. It is going to be clipped
  warnings.warn(

function_evaluation time 0.117946 value 1.061594 suggestion {'alpha': 0.0009549682874710338, 'batch_size': 134, 'beta_1': 0.9612736457168458, 'beta_2': 0.999995984911963, 'epsilon': 6.929339475011761e-09, 'hidden_layer_sizes': 165, 'learning_rate_init': 0.0011526830876983309, 'tol': 1.7924772499920172e-05, 'validation_fraction': 0.14462012496389856}
observation time 0.000002, current best 0.319508 at iter 9
suggestion time taken 0.003818 iter 10 next_points [{'alpha': 0.4610890041522443, 'batch_size': 181, 'beta_1': 0.8842289424465191, 'beta_2': 0.9998253925498545, 'epsilon': 1.203155632662918e-07, 'hidden_layer_sizes': 157, 'learning_rate_init': 0.0015830538574118128, 'tol': 0.02029169829085098, 'validation_fraction': 0.18752414993234567}]
/home/ryedida/.local/lib/python3.8/site-packages/sklearn/neural_network/_multilayer_perceptron.py:621: UserWarning: Got `batch_size` less than 1 or larger than sample size. It is going to be clipped
  warnings.warn(

function_evaluation time 0.117863 value 1.041088 suggestion {'alpha': 0.4610890041522443, 'batch_size': 181, 'beta_1': 0.8842289424465191, 'beta_2': 0.9998253925498545, 'epsilon': 1.203155632662918e-07, 'hidden_layer_sizes': 157, 'learning_rate_init': 0.0015830538574118128, 'tol': 0.02029169829085098, 'validation_fraction': 0.18752414993234567}
observation time 0.000002, current best 0.319508 at iter 10
suggestion time taken 0.003826 iter 11 next_points [{'alpha': 0.05144301355342535, 'batch_size': 136, 'beta_1': 0.9658122939461853, 'beta_2': 0.9978582034421606, 'epsilon': 1.4710341008638885e-09, 'hidden_layer_sizes': 79, 'learning_rate_init': 0.0021058416364526304, 'tol': 0.00046475380589938833, 'validation_fraction': 0.5590262888626529}]
/home/ryedida/.local/lib/python3.8/site-packages/sklearn/neural_network/_multilayer_perceptron.py:621: UserWarning: Got `batch_size` less than 1 or larger than sample size. It is going to be clipped
  warnings.warn(

function_evaluation time 0.112045 value 1.012282 suggestion {'alpha': 0.05144301355342535, 'batch_size': 136, 'beta_1': 0.9658122939461853, 'beta_2': 0.9978582034421606, 'epsilon': 1.4710341008638885e-09, 'hidden_layer_sizes': 79, 'learning_rate_init': 0.0021058416364526304, 'tol': 0.00046475380589938833, 'validation_fraction': 0.5590262888626529}
observation time 0.000002, current best 0.319508 at iter 11
suggestion time taken 0.003998 iter 12 next_points [{'alpha': 2.541701321519301e-05, 'batch_size': 148, 'beta_1': 0.8290901649202196, 'beta_2': 0.9216184895808148, 'epsilon': 1.51778668154308e-09, 'hidden_layer_sizes': 181, 'learning_rate_init': 0.006060764329502129, 'tol': 0.05482157422276719, 'validation_fraction': 0.4605091210319347}]
/home/ryedida/.local/lib/python3.8/site-packages/sklearn/neural_network/_multilayer_perceptron.py:621: UserWarning: Got `batch_size` less than 1 or larger than sample size. It is going to be clipped
  warnings.warn(

function_evaluation time 0.117445 value 0.432440 suggestion {'alpha': 2.541701321519301e-05, 'batch_size': 148, 'beta_1': 0.8290901649202196, 'beta_2': 0.9216184895808148, 'epsilon': 1.51778668154308e-09, 'hidden_layer_sizes': 181, 'learning_rate_init': 0.006060764329502129, 'tol': 0.05482157422276719, 'validation_fraction': 0.4605091210319347}
observation time 0.000002, current best 0.319508 at iter 12
suggestion time taken 0.003817 iter 13 next_points [{'alpha': 0.005746947057425174, 'batch_size': 164, 'beta_1': 0.984797746926182, 'beta_2': 0.9999845596969164, 'epsilon': 1.039416894473182e-07, 'hidden_layer_sizes': 100, 'learning_rate_init': 0.06106179540659888, 'tol': 0.06414431590377923, 'validation_fraction': 0.7197316466887358}]
/home/ryedida/.local/lib/python3.8/site-packages/sklearn/neural_network/_multilayer_perceptron.py:621: UserWarning: Got `batch_size` less than 1 or larger than sample size. It is going to be clipped
  warnings.warn(

function_evaluation time 0.115961 value 0.674239 suggestion {'alpha': 0.005746947057425174, 'batch_size': 164, 'beta_1': 0.984797746926182, 'beta_2': 0.9999845596969164, 'epsilon': 1.039416894473182e-07, 'hidden_layer_sizes': 100, 'learning_rate_init': 0.06106179540659888, 'tol': 0.06414431590377923, 'validation_fraction': 0.7197316466887358}
observation time 0.000002, current best 0.319508 at iter 13
suggestion time taken 0.003869 iter 14 next_points [{'alpha': 1.6716678911278528e-05, 'batch_size': 242, 'beta_1': 0.8794658225499659, 'beta_2': 0.9860559362730922, 'epsilon': 1.9939725744047062e-08, 'hidden_layer_sizes': 61, 'learning_rate_init': 0.0025594447978169814, 'tol': 0.0676528597521976, 'validation_fraction': 0.6894118867499617}]
/home/ryedida/.local/lib/python3.8/site-packages/sklearn/neural_network/_multilayer_perceptron.py:621: UserWarning: Got `batch_size` less than 1 or larger than sample size. It is going to be clipped
  warnings.warn(

function_evaluation time 0.114561 value 0.896578 suggestion {'alpha': 1.6716678911278528e-05, 'batch_size': 242, 'beta_1': 0.8794658225499659, 'beta_2': 0.9860559362730922, 'epsilon': 1.9939725744047062e-08, 'hidden_layer_sizes': 61, 'learning_rate_init': 0.0025594447978169814, 'tol': 0.0676528597521976, 'validation_fraction': 0.6894118867499617}
observation time 0.000002, current best 0.319508 at iter 14
suggestion time taken 0.004227 iter 15 next_points [{'alpha': 0.00016579120369465057, 'batch_size': 70, 'beta_1': 0.9742790609686842, 'beta_2': 0.9454562880045722, 'epsilon': 5.061879703114353e-07, 'hidden_layer_sizes': 72, 'learning_rate_init': 6.298861449706279e-05, 'tol': 0.00013248009910126146, 'validation_fraction': 0.6768616666816619}]
/home/ryedida/.local/lib/python3.8/site-packages/sklearn/neural_network/_multilayer_perceptron.py:621: UserWarning: Got `batch_size` less than 1 or larger than sample size. It is going to be clipped
  warnings.warn(

function_evaluation time 0.069574 value 1.354536 suggestion {'alpha': 0.00016579120369465057, 'batch_size': 70, 'beta_1': 0.9742790609686842, 'beta_2': 0.9454562880045722, 'epsilon': 5.061879703114353e-07, 'hidden_layer_sizes': 72, 'learning_rate_init': 6.298861449706279e-05, 'tol': 0.00013248009910126146, 'validation_fraction': 0.6768616666816619}
observation time 0.000002, current best 0.319508 at iter 15
suggestion time taken 0.003919 iter 16 next_points [{'alpha': 0.007111041753911333, 'batch_size': 58, 'beta_1': 0.6817282070201913, 'beta_2': 0.9598669896708211, 'epsilon': 1.9558497898039314e-08, 'hidden_layer_sizes': 96, 'learning_rate_init': 1.0018218886033403e-05, 'tol': 1.0999306500498236e-05, 'validation_fraction': 0.20688271133133643}]
function_evaluation time 0.115349 value 1.368320 suggestion {'alpha': 0.007111041753911333, 'batch_size': 58, 'beta_1': 0.6817282070201913, 'beta_2': 0.9598669896708211, 'epsilon': 1.9558497898039314e-08, 'hidden_layer_sizes': 96, 'learning_rate_init': 1.0018218886033403e-05, 'tol': 1.0999306500498236e-05, 'validation_fraction': 0.20688271133133643}
observation time 0.000002, current best 0.319508 at iter 16
suggestion time taken 0.003808 iter 17 next_points [{'alpha': 0.0005779749851321592, 'batch_size': 191, 'beta_1': 0.7371991122854639, 'beta_2': 0.9997976797922188, 'epsilon': 2.1433853472228752e-09, 'hidden_layer_sizes': 86, 'learning_rate_init': 0.00039937778310049186, 'tol': 0.00013921922654795796, 'validation_fraction': 0.8333590047267203}]
/home/ryedida/.local/lib/python3.8/site-packages/sklearn/neural_network/_multilayer_perceptron.py:621: UserWarning: Got `batch_size` less than 1 or larger than sample size. It is going to be clipped
  warnings.warn(

function_evaluation time 0.082865 value 1.512309 suggestion {'alpha': 0.0005779749851321592, 'batch_size': 191, 'beta_1': 0.7371991122854639, 'beta_2': 0.9997976797922188, 'epsilon': 2.1433853472228752e-09, 'hidden_layer_sizes': 86, 'learning_rate_init': 0.00039937778310049186, 'tol': 0.00013921922654795796, 'validation_fraction': 0.8333590047267203}
observation time 0.000002, current best 0.319508 at iter 17
suggestion time taken 0.003806 iter 18 next_points [{'alpha': 0.0001102323218032407, 'batch_size': 238, 'beta_1': 0.9838197672750579, 'beta_2': 0.9054009742138286, 'epsilon': 3.265521307789903e-08, 'hidden_layer_sizes': 169, 'learning_rate_init': 2.57357289952459e-05, 'tol': 4.2411947103243994e-05, 'validation_fraction': 0.8545973852494141}]
/home/ryedida/.local/lib/python3.8/site-packages/sklearn/neural_network/_multilayer_perceptron.py:621: UserWarning: Got `batch_size` less than 1 or larger than sample size. It is going to be clipped
  warnings.warn(

function_evaluation time 0.073733 value 1.601071 suggestion {'alpha': 0.0001102323218032407, 'batch_size': 238, 'beta_1': 0.9838197672750579, 'beta_2': 0.9054009742138286, 'epsilon': 3.265521307789903e-08, 'hidden_layer_sizes': 169, 'learning_rate_init': 2.57357289952459e-05, 'tol': 4.2411947103243994e-05, 'validation_fraction': 0.8545973852494141}
observation time 0.000002, current best 0.319508 at iter 18
suggestion time taken 0.003913 iter 19 next_points [{'alpha': 1.5209954753384411, 'batch_size': 225, 'beta_1': 0.8715831396060759, 'beta_2': 0.9959460287052884, 'epsilon': 1.6959087899350737e-07, 'hidden_layer_sizes': 151, 'learning_rate_init': 0.002828164018608542, 'tol': 0.052276113602402204, 'validation_fraction': 0.8885324862995582}]
/home/ryedida/.local/lib/python3.8/site-packages/sklearn/neural_network/_multilayer_perceptron.py:621: UserWarning: Got `batch_size` less than 1 or larger than sample size. It is going to be clipped
  warnings.warn(

function_evaluation time 0.094795 value 1.135519 suggestion {'alpha': 1.5209954753384411, 'batch_size': 225, 'beta_1': 0.8715831396060759, 'beta_2': 0.9959460287052884, 'epsilon': 1.6959087899350737e-07, 'hidden_layer_sizes': 151, 'learning_rate_init': 0.002828164018608542, 'tol': 0.052276113602402204, 'validation_fraction': 0.8885324862995582}
observation time 0.000002, current best 0.319508 at iter 19
suggestion time taken 0.003842 iter 20 next_points [{'alpha': 2.854889249749073e-05, 'batch_size': 164, 'beta_1': 0.9839894377008295, 'beta_2': 0.9999972977950384, 'epsilon': 5.0257522710992386e-09, 'hidden_layer_sizes': 181, 'learning_rate_init': 0.005650046316130476, 'tol': 0.00020999674489949614, 'validation_fraction': 0.7102061077852867}]
/home/ryedida/.local/lib/python3.8/site-packages/sklearn/neural_network/_multilayer_perceptron.py:621: UserWarning: Got `batch_size` less than 1 or larger than sample size. It is going to be clipped
  warnings.warn(

function_evaluation time 0.175586 value 0.388699 suggestion {'alpha': 2.854889249749073e-05, 'batch_size': 164, 'beta_1': 0.9839894377008295, 'beta_2': 0.9999972977950384, 'epsilon': 5.0257522710992386e-09, 'hidden_layer_sizes': 181, 'learning_rate_init': 0.005650046316130476, 'tol': 0.00020999674489949614, 'validation_fraction': 0.7102061077852867}
observation time 0.000001, current best 0.319508 at iter 20
suggestion time taken 0.003830 iter 21 next_points [{'alpha': 0.09815728292415267, 'batch_size': 206, 'beta_1': 0.9720319046939856, 'beta_2': 0.9998697701564383, 'epsilon': 8.361946839949657e-08, 'hidden_layer_sizes': 129, 'learning_rate_init': 0.05747665494945699, 'tol': 0.008475270048744835, 'validation_fraction': 0.2908865679076652}]
/home/ryedida/.local/lib/python3.8/site-packages/sklearn/neural_network/_multilayer_perceptron.py:621: UserWarning: Got `batch_size` less than 1 or larger than sample size. It is going to be clipped
  warnings.warn(

function_evaluation time 0.119576 value 0.392656 suggestion {'alpha': 0.09815728292415267, 'batch_size': 206, 'beta_1': 0.9720319046939856, 'beta_2': 0.9998697701564383, 'epsilon': 8.361946839949657e-08, 'hidden_layer_sizes': 129, 'learning_rate_init': 0.05747665494945699, 'tol': 0.008475270048744835, 'validation_fraction': 0.2908865679076652}
observation time 0.000002, current best 0.319508 at iter 21
suggestion time taken 0.003932 iter 22 next_points [{'alpha': 6.913005877651867e-05, 'batch_size': 136, 'beta_1': 0.7194453445189126, 'beta_2': 0.9999951228144986, 'epsilon': 5.620950545752975e-07, 'hidden_layer_sizes': 191, 'learning_rate_init': 0.03454392730293606, 'tol': 0.001983948037606411, 'validation_fraction': 0.5281513153296189}]
/home/ryedida/.local/lib/python3.8/site-packages/sklearn/neural_network/_multilayer_perceptron.py:621: UserWarning: Got `batch_size` less than 1 or larger than sample size. It is going to be clipped
  warnings.warn(

function_evaluation time 0.149518 value 0.381203 suggestion {'alpha': 6.913005877651867e-05, 'batch_size': 136, 'beta_1': 0.7194453445189126, 'beta_2': 0.9999951228144986, 'epsilon': 5.620950545752975e-07, 'hidden_layer_sizes': 191, 'learning_rate_init': 0.03454392730293606, 'tol': 0.001983948037606411, 'validation_fraction': 0.5281513153296189}
observation time 0.000002, current best 0.319508 at iter 22
suggestion time taken 0.003816 iter 23 next_points [{'alpha': 0.05304179182242039, 'batch_size': 80, 'beta_1': 0.9742540503199615, 'beta_2': 0.9999852564700061, 'epsilon': 6.252576494132148e-08, 'hidden_layer_sizes': 183, 'learning_rate_init': 0.005577215778142319, 'tol': 1.22926878021699e-05, 'validation_fraction': 0.2201657103462559}]
function_evaluation time 0.184568 value 0.496929 suggestion {'alpha': 0.05304179182242039, 'batch_size': 80, 'beta_1': 0.9742540503199615, 'beta_2': 0.9999852564700061, 'epsilon': 6.252576494132148e-08, 'hidden_layer_sizes': 183, 'learning_rate_init': 0.005577215778142319, 'tol': 1.22926878021699e-05, 'validation_fraction': 0.2201657103462559}
observation time 0.000002, current best 0.319508 at iter 23
suggestion time taken 0.003811 iter 24 next_points [{'alpha': 0.16610583430009848, 'batch_size': 127, 'beta_1': 0.8753157808677203, 'beta_2': 0.961849514680846, 'epsilon': 9.994046634995944e-07, 'hidden_layer_sizes': 139, 'learning_rate_init': 6.873900287407037e-05, 'tol': 3.779071644151138e-05, 'validation_fraction': 0.6457270046631809}]
/home/ryedida/.local/lib/python3.8/site-packages/sklearn/neural_network/_multilayer_perceptron.py:621: UserWarning: Got `batch_size` less than 1 or larger than sample size. It is going to be clipped
  warnings.warn(

function_evaluation time 0.073764 value 1.394631 suggestion {'alpha': 0.16610583430009848, 'batch_size': 127, 'beta_1': 0.8753157808677203, 'beta_2': 0.961849514680846, 'epsilon': 9.994046634995944e-07, 'hidden_layer_sizes': 139, 'learning_rate_init': 6.873900287407037e-05, 'tol': 3.779071644151138e-05, 'validation_fraction': 0.6457270046631809}
observation time 0.000002, current best 0.319508 at iter 24
suggestion time taken 0.003841 iter 25 next_points [{'alpha': 1.631977494599516e-05, 'batch_size': 230, 'beta_1': 0.7560283884183984, 'beta_2': 0.9952626515546336, 'epsilon': 5.926997080179706e-09, 'hidden_layer_sizes': 67, 'learning_rate_init': 0.04009905335368861, 'tol': 0.003390829560376685, 'validation_fraction': 0.8167729360226675}]
/home/ryedida/.local/lib/python3.8/site-packages/sklearn/neural_network/_multilayer_perceptron.py:621: UserWarning: Got `batch_size` less than 1 or larger than sample size. It is going to be clipped
  warnings.warn(

function_evaluation time 0.132406 value 0.317083 suggestion {'alpha': 1.631977494599516e-05, 'batch_size': 230, 'beta_1': 0.7560283884183984, 'beta_2': 0.9952626515546336, 'epsilon': 5.926997080179706e-09, 'hidden_layer_sizes': 67, 'learning_rate_init': 0.04009905335368861, 'tol': 0.003390829560376685, 'validation_fraction': 0.8167729360226675}
observation time 0.000002, current best 0.317083 at iter 25
suggestion time taken 0.003830 iter 26 next_points [{'alpha': 4.624962782139569e-05, 'batch_size': 120, 'beta_1': 0.6471198008495801, 'beta_2': 0.979771868631668, 'epsilon': 6.321288384236419e-09, 'hidden_layer_sizes': 63, 'learning_rate_init': 0.0055502843205808795, 'tol': 0.0005931812773758208, 'validation_fraction': 0.2840933901288944}]
/home/ryedida/.local/lib/python3.8/site-packages/sklearn/neural_network/_multilayer_perceptron.py:621: UserWarning: Got `batch_size` less than 1 or larger than sample size. It is going to be clipped
  warnings.warn(

function_evaluation time 0.225611 value 0.407739 suggestion {'alpha': 4.624962782139569e-05, 'batch_size': 120, 'beta_1': 0.6471198008495801, 'beta_2': 0.979771868631668, 'epsilon': 6.321288384236419e-09, 'hidden_layer_sizes': 63, 'learning_rate_init': 0.0055502843205808795, 'tol': 0.0005931812773758208, 'validation_fraction': 0.2840933901288944}
observation time 0.000002, current best 0.317083 at iter 26
suggestion time taken 0.003805 iter 27 next_points [{'alpha': 0.057689350471856984, 'batch_size': 193, 'beta_1': 0.8734976832969998, 'beta_2': 0.9989152514073203, 'epsilon': 1.5213069835338953e-08, 'hidden_layer_sizes': 135, 'learning_rate_init': 1.3033046757805671e-05, 'tol': 0.0008462863071557906, 'validation_fraction': 0.6960805046664079}]
/home/ryedida/.local/lib/python3.8/site-packages/sklearn/neural_network/_multilayer_perceptron.py:621: UserWarning: Got `batch_size` less than 1 or larger than sample size. It is going to be clipped
  warnings.warn(

function_evaluation time 0.102541 value 1.172821 suggestion {'alpha': 0.057689350471856984, 'batch_size': 193, 'beta_1': 0.8734976832969998, 'beta_2': 0.9989152514073203, 'epsilon': 1.5213069835338953e-08, 'hidden_layer_sizes': 135, 'learning_rate_init': 1.3033046757805671e-05, 'tol': 0.0008462863071557906, 'validation_fraction': 0.6960805046664079}
observation time 0.000002, current best 0.317083 at iter 27
suggestion time taken 0.003801 iter 28 next_points [{'alpha': 0.1954215161853043, 'batch_size': 210, 'beta_1': 0.9731337122295931, 'beta_2': 0.9996511274897474, 'epsilon': 1.0607810244524e-07, 'hidden_layer_sizes': 107, 'learning_rate_init': 0.0002362905542734229, 'tol': 0.0013303055028441274, 'validation_fraction': 0.8418843154808066}]
/home/ryedida/.local/lib/python3.8/site-packages/sklearn/neural_network/_multilayer_perceptron.py:621: UserWarning: Got `batch_size` less than 1 or larger than sample size. It is going to be clipped
  warnings.warn(

function_evaluation time 0.090818 value 1.123274 suggestion {'alpha': 0.1954215161853043, 'batch_size': 210, 'beta_1': 0.9731337122295931, 'beta_2': 0.9996511274897474, 'epsilon': 1.0607810244524e-07, 'hidden_layer_sizes': 107, 'learning_rate_init': 0.0002362905542734229, 'tol': 0.0013303055028441274, 'validation_fraction': 0.8418843154808066}
observation time 0.000002, current best 0.317083 at iter 28
suggestion time taken 0.003767 iter 29 next_points [{'alpha': 0.0009379147131854361, 'batch_size': 215, 'beta_1': 0.8026663343736067, 'beta_2': 0.9999913349453081, 'epsilon': 3.255956613496162e-07, 'hidden_layer_sizes': 73, 'learning_rate_init': 0.002383104588473761, 'tol': 1.903075119760497e-05, 'validation_fraction': 0.24466127342693866}]
/home/ryedida/.local/lib/python3.8/site-packages/sklearn/neural_network/_multilayer_perceptron.py:621: UserWarning: Got `batch_size` less than 1 or larger than sample size. It is going to be clipped
  warnings.warn(

function_evaluation time 0.121324 value 0.948740 suggestion {'alpha': 0.0009379147131854361, 'batch_size': 215, 'beta_1': 0.8026663343736067, 'beta_2': 0.9999913349453081, 'epsilon': 3.255956613496162e-07, 'hidden_layer_sizes': 73, 'learning_rate_init': 0.002383104588473761, 'tol': 1.903075119760497e-05, 'validation_fraction': 0.24466127342693866}
observation time 0.000002, current best 0.317083 at iter 29
suggestion time taken 0.003829 iter 30 next_points [{'alpha': 0.00037740914243516256, 'batch_size': 115, 'beta_1': 0.5466155849003005, 'beta_2': 0.9999872229723956, 'epsilon': 6.324898647308338e-07, 'hidden_layer_sizes': 103, 'learning_rate_init': 0.0018756975106780519, 'tol': 7.904392306113224e-05, 'validation_fraction': 0.22307537462886048}]
/home/ryedida/.local/lib/python3.8/site-packages/sklearn/neural_network/_multilayer_perceptron.py:621: UserWarning: Got `batch_size` less than 1 or larger than sample size. It is going to be clipped
  warnings.warn(

function_evaluation time 0.133156 value 0.880700 suggestion {'alpha': 0.00037740914243516256, 'batch_size': 115, 'beta_1': 0.5466155849003005, 'beta_2': 0.9999872229723956, 'epsilon': 6.324898647308338e-07, 'hidden_layer_sizes': 103, 'learning_rate_init': 0.0018756975106780519, 'tol': 7.904392306113224e-05, 'validation_fraction': 0.22307537462886048}
observation time 0.000002, current best 0.317083 at iter 30
suggestion time taken 0.003798 iter 31 next_points [{'alpha': 0.24027529850456972, 'batch_size': 38, 'beta_1': 0.9477549195592213, 'beta_2': 0.999996900589572, 'epsilon': 1.1745697700775764e-08, 'hidden_layer_sizes': 60, 'learning_rate_init': 4.396817133465765e-05, 'tol': 0.03798006142352545, 'validation_fraction': 0.8585495988057391}]
/home/ryedida/.local/lib/python3.8/site-packages/sklearn/neural_network/_multilayer_perceptron.py:621: UserWarning: Got `batch_size` less than 1 or larger than sample size. It is going to be clipped
  warnings.warn(

function_evaluation time 0.065533 value 1.311608 suggestion {'alpha': 0.24027529850456972, 'batch_size': 38, 'beta_1': 0.9477549195592213, 'beta_2': 0.999996900589572, 'epsilon': 1.1745697700775764e-08, 'hidden_layer_sizes': 60, 'learning_rate_init': 4.396817133465765e-05, 'tol': 0.03798006142352545, 'validation_fraction': 0.8585495988057391}
observation time 0.000002, current best 0.317083 at iter 31
suggestion time taken 0.003770 iter 32 next_points [{'alpha': 0.0002612105363137745, 'batch_size': 131, 'beta_1': 0.6934701723634676, 'beta_2': 0.9993321005666573, 'epsilon': 8.23961069616189e-07, 'hidden_layer_sizes': 153, 'learning_rate_init': 0.002576059614024711, 'tol': 0.002491646645370416, 'validation_fraction': 0.13717201945298735}]
/home/ryedida/.local/lib/python3.8/site-packages/sklearn/neural_network/_multilayer_perceptron.py:621: UserWarning: Got `batch_size` less than 1 or larger than sample size. It is going to be clipped
  warnings.warn(

function_evaluation time 0.145697 value 0.681151 suggestion {'alpha': 0.0002612105363137745, 'batch_size': 131, 'beta_1': 0.6934701723634676, 'beta_2': 0.9993321005666573, 'epsilon': 8.23961069616189e-07, 'hidden_layer_sizes': 153, 'learning_rate_init': 0.002576059614024711, 'tol': 0.002491646645370416, 'validation_fraction': 0.13717201945298735}
observation time 0.000002, current best 0.317083 at iter 32
suggestion time taken 0.003808 iter 33 next_points [{'alpha': 0.10048918138005383, 'batch_size': 25, 'beta_1': 0.9746866264201033, 'beta_2': 0.9985368926333603, 'epsilon': 3.2096022087049284e-08, 'hidden_layer_sizes': 53, 'learning_rate_init': 0.015350175254763261, 'tol': 1.0111659268210297e-05, 'validation_fraction': 0.4945273714961193}]
function_evaluation time 0.186637 value 0.414778 suggestion {'alpha': 0.10048918138005383, 'batch_size': 25, 'beta_1': 0.9746866264201033, 'beta_2': 0.9985368926333603, 'epsilon': 3.2096022087049284e-08, 'hidden_layer_sizes': 53, 'learning_rate_init': 0.015350175254763261, 'tol': 1.0111659268210297e-05, 'validation_fraction': 0.4945273714961193}
observation time 0.000002, current best 0.317083 at iter 33
suggestion time taken 0.003843 iter 34 next_points [{'alpha': 0.2442112144497437, 'batch_size': 155, 'beta_1': 0.7809387956893646, 'beta_2': 0.999981000727959, 'epsilon': 4.1112082686507085e-07, 'hidden_layer_sizes': 107, 'learning_rate_init': 0.003416649121255419, 'tol': 0.04737576036875092, 'validation_fraction': 0.5104696051351436}]
/home/ryedida/.local/lib/python3.8/site-packages/sklearn/neural_network/_multilayer_perceptron.py:621: UserWarning: Got `batch_size` less than 1 or larger than sample size. It is going to be clipped
  warnings.warn(

function_evaluation time 0.107269 value 0.752423 suggestion {'alpha': 0.2442112144497437, 'batch_size': 155, 'beta_1': 0.7809387956893646, 'beta_2': 0.999981000727959, 'epsilon': 4.1112082686507085e-07, 'hidden_layer_sizes': 107, 'learning_rate_init': 0.003416649121255419, 'tol': 0.04737576036875092, 'validation_fraction': 0.5104696051351436}
observation time 0.000002, current best 0.317083 at iter 34
suggestion time taken 0.003812 iter 35 next_points [{'alpha': 1.0999855058597224e-05, 'batch_size': 80, 'beta_1': 0.9857980782027077, 'beta_2': 0.9923008152907618, 'epsilon': 5.60766210802551e-08, 'hidden_layer_sizes': 98, 'learning_rate_init': 0.07649150721799551, 'tol': 0.045002223972698076, 'validation_fraction': 0.5617501113716752}]
/home/ryedida/.local/lib/python3.8/site-packages/sklearn/neural_network/_multilayer_perceptron.py:621: UserWarning: Got `batch_size` less than 1 or larger than sample size. It is going to be clipped
  warnings.warn(

function_evaluation time 0.122261 value 0.496400 suggestion {'alpha': 1.0999855058597224e-05, 'batch_size': 80, 'beta_1': 0.9857980782027077, 'beta_2': 0.9923008152907618, 'epsilon': 5.60766210802551e-08, 'hidden_layer_sizes': 98, 'learning_rate_init': 0.07649150721799551, 'tol': 0.045002223972698076, 'validation_fraction': 0.5617501113716752}
observation time 0.000002, current best 0.317083 at iter 35
suggestion time taken 0.003801 iter 36 next_points [{'alpha': 1.4047268141478229, 'batch_size': 124, 'beta_1': 0.9501689202276383, 'beta_2': 0.9999978668785966, 'epsilon': 9.054576942890572e-07, 'hidden_layer_sizes': 190, 'learning_rate_init': 0.001296924691718641, 'tol': 0.01215554935779573, 'validation_fraction': 0.7837011975443182}]
/home/ryedida/.local/lib/python3.8/site-packages/sklearn/neural_network/_multilayer_perceptron.py:621: UserWarning: Got `batch_size` less than 1 or larger than sample size. It is going to be clipped
  warnings.warn(

function_evaluation time 0.094167 value 0.977573 suggestion {'alpha': 1.4047268141478229, 'batch_size': 124, 'beta_1': 0.9501689202276383, 'beta_2': 0.9999978668785966, 'epsilon': 9.054576942890572e-07, 'hidden_layer_sizes': 190, 'learning_rate_init': 0.001296924691718641, 'tol': 0.01215554935779573, 'validation_fraction': 0.7837011975443182}
observation time 0.000002, current best 0.317083 at iter 36
suggestion time taken 0.003817 iter 37 next_points [{'alpha': 0.017889566938806962, 'batch_size': 97, 'beta_1': 0.6777478561734279, 'beta_2': 0.9890155630098761, 'epsilon': 1.116481310112526e-07, 'hidden_layer_sizes': 85, 'learning_rate_init': 0.0013201287546020372, 'tol': 0.09258529779175347, 'validation_fraction': 0.336045209331213}]
/home/ryedida/.local/lib/python3.8/site-packages/sklearn/neural_network/_multilayer_perceptron.py:621: UserWarning: Got `batch_size` less than 1 or larger than sample size. It is going to be clipped
  warnings.warn(

function_evaluation time 0.111256 value 0.993223 suggestion {'alpha': 0.017889566938806962, 'batch_size': 97, 'beta_1': 0.6777478561734279, 'beta_2': 0.9890155630098761, 'epsilon': 1.116481310112526e-07, 'hidden_layer_sizes': 85, 'learning_rate_init': 0.0013201287546020372, 'tol': 0.09258529779175347, 'validation_fraction': 0.336045209331213}
observation time 0.000002, current best 0.317083 at iter 37
suggestion time taken 0.003832 iter 38 next_points [{'alpha': 0.33129655855510964, 'batch_size': 238, 'beta_1': 0.9607016892117215, 'beta_2': 0.999919642509235, 'epsilon': 1.1218948693368612e-09, 'hidden_layer_sizes': 104, 'learning_rate_init': 0.00018947144558866926, 'tol': 0.0007797602571741872, 'validation_fraction': 0.7011340755314488}]
/home/ryedida/.local/lib/python3.8/site-packages/sklearn/neural_network/_multilayer_perceptron.py:621: UserWarning: Got `batch_size` less than 1 or larger than sample size. It is going to be clipped
  warnings.warn(

function_evaluation time 0.119306 value 1.280382 suggestion {'alpha': 0.33129655855510964, 'batch_size': 238, 'beta_1': 0.9607016892117215, 'beta_2': 0.999919642509235, 'epsilon': 1.1218948693368612e-09, 'hidden_layer_sizes': 104, 'learning_rate_init': 0.00018947144558866926, 'tol': 0.0007797602571741872, 'validation_fraction': 0.7011340755314488}
observation time 0.000002, current best 0.317083 at iter 38
suggestion time taken 0.003787 iter 39 next_points [{'alpha': 0.16255825648803476, 'batch_size': 72, 'beta_1': 0.9627674516074527, 'beta_2': 0.9997769864115276, 'epsilon': 8.72958279860328e-08, 'hidden_layer_sizes': 63, 'learning_rate_init': 0.01175352830250372, 'tol': 0.012808807236442689, 'validation_fraction': 0.13088072585248103}]
function_evaluation time 0.149209 value 0.443502 suggestion {'alpha': 0.16255825648803476, 'batch_size': 72, 'beta_1': 0.9627674516074527, 'beta_2': 0.9997769864115276, 'epsilon': 8.72958279860328e-08, 'hidden_layer_sizes': 63, 'learning_rate_init': 0.01175352830250372, 'tol': 0.012808807236442689, 'validation_fraction': 0.13088072585248103}
observation time 0.000002, current best 0.317083 at iter 39
suggestion time taken 0.003819 iter 40 next_points [{'alpha': 0.001718284807410556, 'batch_size': 130, 'beta_1': 0.97626374016457, 'beta_2': 0.9093879020058225, 'epsilon': 1.1365306517388459e-07, 'hidden_layer_sizes': 90, 'learning_rate_init': 0.0001743707417152595, 'tol': 0.005552571966128747, 'validation_fraction': 0.273175447190093}]
/home/ryedida/.local/lib/python3.8/site-packages/sklearn/neural_network/_multilayer_perceptron.py:621: UserWarning: Got `batch_size` less than 1 or larger than sample size. It is going to be clipped
  warnings.warn(

function_evaluation time 0.086085 value 1.440472 suggestion {'alpha': 0.001718284807410556, 'batch_size': 130, 'beta_1': 0.97626374016457, 'beta_2': 0.9093879020058225, 'epsilon': 1.1365306517388459e-07, 'hidden_layer_sizes': 90, 'learning_rate_init': 0.0001743707417152595, 'tol': 0.005552571966128747, 'validation_fraction': 0.273175447190093}
observation time 0.000002, current best 0.317083 at iter 40
suggestion time taken 0.003771 iter 41 next_points [{'alpha': 0.04901127509695023, 'batch_size': 95, 'beta_1': 0.6214272507063554, 'beta_2': 0.9997154361215357, 'epsilon': 2.9431985439435137e-09, 'hidden_layer_sizes': 112, 'learning_rate_init': 1.181805096024861e-05, 'tol': 4.133078173902856e-05, 'validation_fraction': 0.24564452934561543}]
/home/ryedida/.local/lib/python3.8/site-packages/sklearn/neural_network/_multilayer_perceptron.py:621: UserWarning: Got `batch_size` less than 1 or larger than sample size. It is going to be clipped
  warnings.warn(

function_evaluation time 0.073748 value 1.168397 suggestion {'alpha': 0.04901127509695023, 'batch_size': 95, 'beta_1': 0.6214272507063554, 'beta_2': 0.9997154361215357, 'epsilon': 2.9431985439435137e-09, 'hidden_layer_sizes': 112, 'learning_rate_init': 1.181805096024861e-05, 'tol': 4.133078173902856e-05, 'validation_fraction': 0.24564452934561543}
observation time 0.000002, current best 0.317083 at iter 41
suggestion time taken 0.003773 iter 42 next_points [{'alpha': 2.0311722224549618, 'batch_size': 183, 'beta_1': 0.6700860727075078, 'beta_2': 0.9952181221258847, 'epsilon': 1.4573615225762414e-09, 'hidden_layer_sizes': 194, 'learning_rate_init': 1.9406627173593018e-05, 'tol': 6.034750040366759e-05, 'validation_fraction': 0.4576715135552961}]
/home/ryedida/.local/lib/python3.8/site-packages/sklearn/neural_network/_multilayer_perceptron.py:621: UserWarning: Got `batch_size` less than 1 or larger than sample size. It is going to be clipped
  warnings.warn(

function_evaluation time 0.088075 value 1.189948 suggestion {'alpha': 2.0311722224549618, 'batch_size': 183, 'beta_1': 0.6700860727075078, 'beta_2': 0.9952181221258847, 'epsilon': 1.4573615225762414e-09, 'hidden_layer_sizes': 194, 'learning_rate_init': 1.9406627173593018e-05, 'tol': 6.034750040366759e-05, 'validation_fraction': 0.4576715135552961}
observation time 0.000002, current best 0.317083 at iter 42
suggestion time taken 0.003763 iter 43 next_points [{'alpha': 0.1662954232923102, 'batch_size': 198, 'beta_1': 0.9759634945625377, 'beta_2': 0.9265805839107962, 'epsilon': 2.2810937822196833e-09, 'hidden_layer_sizes': 175, 'learning_rate_init': 8.612243547476051e-05, 'tol': 0.03883034348786795, 'validation_fraction': 0.8377912922256437}]
/home/ryedida/.local/lib/python3.8/site-packages/sklearn/neural_network/_multilayer_perceptron.py:621: UserWarning: Got `batch_size` less than 1 or larger than sample size. It is going to be clipped
  warnings.warn(

function_evaluation time 0.073593 value 1.276520 suggestion {'alpha': 0.1662954232923102, 'batch_size': 198, 'beta_1': 0.9759634945625377, 'beta_2': 0.9265805839107962, 'epsilon': 2.2810937822196833e-09, 'hidden_layer_sizes': 175, 'learning_rate_init': 8.612243547476051e-05, 'tol': 0.03883034348786795, 'validation_fraction': 0.8377912922256437}
observation time 0.000002, current best 0.317083 at iter 43
suggestion time taken 0.003790 iter 44 next_points [{'alpha': 2.9787507251534526, 'batch_size': 220, 'beta_1': 0.6964113296634635, 'beta_2': 0.9999960461633942, 'epsilon': 3.2334809967856065e-09, 'hidden_layer_sizes': 104, 'learning_rate_init': 2.986178839772543e-05, 'tol': 0.04836510862142151, 'validation_fraction': 0.12561427948608098}]
/home/ryedida/.local/lib/python3.8/site-packages/sklearn/neural_network/_multilayer_perceptron.py:621: UserWarning: Got `batch_size` less than 1 or larger than sample size. It is going to be clipped
  warnings.warn(

function_evaluation time 0.074734 value 1.590596 suggestion {'alpha': 2.9787507251534526, 'batch_size': 220, 'beta_1': 0.6964113296634635, 'beta_2': 0.9999960461633942, 'epsilon': 3.2334809967856065e-09, 'hidden_layer_sizes': 104, 'learning_rate_init': 2.986178839772543e-05, 'tol': 0.04836510862142151, 'validation_fraction': 0.12561427948608098}
observation time 0.000002, current best 0.317083 at iter 44
saving meta data: {'args': {'--uuid': '300b2c2d73805912a889410f6d1e344a', '-db-root': '/home/ryedida/bbo_challenge_starter_kit/output', '--opt-root': '/home/ryedida/bbo_challenge_starter_kit/example_submissions', '--data-root': None, '--db': 'run_20231014_193210', '--opt': 'random', '--data': 'iris', '--classifier': 'MLP-adam', '--metric': 'nll', '--calls': 45, '--suggestions': 1, '--jobs-file': None, '--verbose': False, 'dry_run': False, 'rev': 'a376313', 'opt_rev': '0.0.8'}, 'signature': ([{'alpha': 0.019628224813442792, 'batch_size': 182, 'beta_1': 0.9410202200271762, 'beta_2': 0.9998021557676793, 'epsilon': 1.8662266976518e-08, 'hidden_layer_sizes': 147, 'learning_rate_init': 0.0005627932047415167, 'tol': 0.03690557729213761, 'validation_fraction': 0.8846827852548593}, {'alpha': 0.001998246739232944, 'batch_size': 200, 'beta_1': 0.919111482530466, 'beta_2': 0.9998488260436156, 'epsilon': 5.981221901152555e-07, 'hidden_layer_sizes': 61, 'learning_rate_init': 2.2310905607443014e-05, 'tol': 1.2046852412030316e-05, 'validation_fraction': 0.8117896445826539}, {'alpha': 0.46659545670218433, 'batch_size': 219, 'beta_1': 0.9889789783750891, 'beta_2': 0.9999896868093284, 'epsilon': 2.4234724484675948e-08, 'hidden_layer_sizes': 167, 'learning_rate_init': 2.972334644335654e-05, 'tol': 0.0036281404040243792, 'validation_fraction': 0.17260651658522078}, {'alpha': 4.656005689076002, 'batch_size': 135, 'beta_1': 0.870503881627747, 'beta_2': 0.9948873266941017, 'epsilon': 2.1023308743480125e-07, 'hidden_layer_sizes': 118, 'learning_rate_init': 0.001878173875716191, 'tol': 1.1889379831773006e-05, 'validation_fraction': 0.6264327093752792}, {'alpha': 0.04705159350400542, 'batch_size': 158, 'beta_1': 0.9870884262730957, 'beta_2': 0.9999596874382349, 'epsilon': 1.1981845126013875e-08, 'hidden_layer_sizes': 116, 'learning_rate_init': 0.006173405204074311, 'tol': 1.7414134181586194e-05, 'validation_fraction': 0.6754299026638921}], [1.3105719841770722, 1.7760947732249062, 1.4322107566090756, 0.9097804858215804, 0.5745987066718419])}
saving results
saving timing
saving suggest log
done
