running: {'--uuid': '3ceca265f7095b3da5f3ebf893d5a540', '-db-root': '/home/ryedida/bbo_challenge_starter_kit/output', '--opt-root': '/home/ryedida/bbo_challenge_starter_kit/example_submissions', '--data-root': None, '--db': 'run_20231014_193210', '--opt': 'random', '--data': 'iris', '--classifier': 'MLP-adam', '--metric': 'acc', '--calls': 45, '--suggestions': 1, '--jobs-file': None, '--verbose': False, 'dry_run': False, 'rev': 'a376313', 'opt_rev': '0.0.8'}
cmd: python /home/ryedida/.local/bin/bayesmark-exp -c MLP-adam -d iris -o random -u 3ceca265f7095b3da5f3ebf893d5a540 -m acc -n 45 -p 1 -dir /home/ryedida/bbo_challenge_starter_kit/output -b run_20231014_193210
/home/ryedida/.local/lib/python3.8/site-packages/sklearn/neural_network/_multilayer_perceptron.py:621: UserWarning: Got `batch_size` less than 1 or larger than sample size. It is going to be clipped
  warnings.warn(

/home/ryedida/.local/lib/python3.8/site-packages/sklearn/neural_network/_multilayer_perceptron.py:621: UserWarning: Got `batch_size` less than 1 or larger than sample size. It is going to be clipped
  warnings.warn(

/home/ryedida/.local/lib/python3.8/site-packages/sklearn/neural_network/_multilayer_perceptron.py:621: UserWarning: Got `batch_size` less than 1 or larger than sample size. It is going to be clipped
  warnings.warn(

/home/ryedida/.local/lib/python3.8/site-packages/sklearn/neural_network/_multilayer_perceptron.py:621: UserWarning: Got `batch_size` less than 1 or larger than sample size. It is going to be clipped
  warnings.warn(

/home/ryedida/.local/lib/python3.8/site-packages/sklearn/neural_network/_multilayer_perceptron.py:621: UserWarning: Got `batch_size` less than 1 or larger than sample size. It is going to be clipped
  warnings.warn(

computed signature: ([{'alpha': 0.019628224813442792, 'batch_size': 182, 'beta_1': 0.9410202200271762, 'beta_2': 0.9998021557676793, 'epsilon': 1.8662266976518e-08, 'hidden_layer_sizes': 147, 'learning_rate_init': 0.0005627932047415167, 'tol': 0.03690557729213761, 'validation_fraction': 0.8846827852548593}, {'alpha': 0.001998246739232944, 'batch_size': 200, 'beta_1': 0.919111482530466, 'beta_2': 0.9998488260436156, 'epsilon': 5.981221901152555e-07, 'hidden_layer_sizes': 61, 'learning_rate_init': 2.2310905607443014e-05, 'tol': 1.2046852412030316e-05, 'validation_fraction': 0.8117896445826539}, {'alpha': 0.46659545670218433, 'batch_size': 219, 'beta_1': 0.9889789783750891, 'beta_2': 0.9999896868093284, 'epsilon': 2.4234724484675948e-08, 'hidden_layer_sizes': 167, 'learning_rate_init': 2.972334644335654e-05, 'tol': 0.0036281404040243792, 'validation_fraction': 0.17260651658522078}, {'alpha': 4.656005689076002, 'batch_size': 135, 'beta_1': 0.870503881627747, 'beta_2': 0.9948873266941017, 'epsilon': 2.1023308743480125e-07, 'hidden_layer_sizes': 118, 'learning_rate_init': 0.001878173875716191, 'tol': 1.1889379831773006e-05, 'validation_fraction': 0.6264327093752792}, {'alpha': 0.04705159350400542, 'batch_size': 158, 'beta_1': 0.9870884262730957, 'beta_2': 0.9999596874382349, 'epsilon': 1.1981845126013875e-08, 'hidden_layer_sizes': 116, 'learning_rate_init': 0.006173405204074311, 'tol': 1.7414134181586194e-05, 'validation_fraction': 0.6754299026638921}], [-0.41666666666666663, -0.275, -0.3416666666666667, -0.725, -0.875])
/home/ryedida/.local/lib/python3.8/site-packages/bayesmark/experiment.py:470: UserWarning: Baselines not found. Will not log intermediate scores.
  warnings.warn("Baselines not found. Will not log intermediate scores.")

starting sklearn study random MLP-adam iris acc 45 1
with data root: None
suggestion time taken 0.004114 iter 0 next_points [{'alpha': 0.013719035677939856, 'batch_size': 82, 'beta_1': 0.9697970792577341, 'beta_2': 0.9999902023289674, 'epsilon': 7.895044283100004e-07, 'hidden_layer_sizes': 153, 'learning_rate_init': 0.03541976947177367, 'tol': 0.04797697840968971, 'validation_fraction': 0.3254144775281162}]
/home/ryedida/.local/lib/python3.8/site-packages/sklearn/neural_network/_multilayer_perceptron.py:621: UserWarning: Got `batch_size` less than 1 or larger than sample size. It is going to be clipped
  warnings.warn(

function_evaluation time 0.128532 value -0.850000 suggestion {'alpha': 0.013719035677939856, 'batch_size': 82, 'beta_1': 0.9697970792577341, 'beta_2': 0.9999902023289674, 'epsilon': 7.895044283100004e-07, 'hidden_layer_sizes': 153, 'learning_rate_init': 0.03541976947177367, 'tol': 0.04797697840968971, 'validation_fraction': 0.3254144775281162}
observation time 0.000002, current best -0.850000 at iter 0
suggestion time taken 0.003844 iter 1 next_points [{'alpha': 0.00021422803383874125, 'batch_size': 125, 'beta_1': 0.9394167049975796, 'beta_2': 0.9999984344940444, 'epsilon': 4.773319991529203e-07, 'hidden_layer_sizes': 144, 'learning_rate_init': 2.9298786813210657e-05, 'tol': 0.02958465835606548, 'validation_fraction': 0.46399204788786963}]
/home/ryedida/.local/lib/python3.8/site-packages/sklearn/neural_network/_multilayer_perceptron.py:621: UserWarning: Got `batch_size` less than 1 or larger than sample size. It is going to be clipped
  warnings.warn(

function_evaluation time 0.073187 value -0.416667 suggestion {'alpha': 0.00021422803383874125, 'batch_size': 125, 'beta_1': 0.9394167049975796, 'beta_2': 0.9999984344940444, 'epsilon': 4.773319991529203e-07, 'hidden_layer_sizes': 144, 'learning_rate_init': 2.9298786813210657e-05, 'tol': 0.02958465835606548, 'validation_fraction': 0.46399204788786963}
observation time 0.000002, current best -0.850000 at iter 1
suggestion time taken 0.003801 iter 2 next_points [{'alpha': 0.0016584840813582157, 'batch_size': 56, 'beta_1': 0.9799331788984521, 'beta_2': 0.9104712763285581, 'epsilon': 6.710240023812475e-08, 'hidden_layer_sizes': 72, 'learning_rate_init': 0.016757001975827492, 'tol': 0.005116498461617943, 'validation_fraction': 0.3129625745366354}]
function_evaluation time 0.192461 value -0.891667 suggestion {'alpha': 0.0016584840813582157, 'batch_size': 56, 'beta_1': 0.9799331788984521, 'beta_2': 0.9104712763285581, 'epsilon': 6.710240023812475e-08, 'hidden_layer_sizes': 72, 'learning_rate_init': 0.016757001975827492, 'tol': 0.005116498461617943, 'validation_fraction': 0.3129625745366354}
observation time 0.000002, current best -0.891667 at iter 2
suggestion time taken 0.003865 iter 3 next_points [{'alpha': 7.435827352578661e-05, 'batch_size': 209, 'beta_1': 0.938093064047722, 'beta_2': 0.9999897034307469, 'epsilon': 5.054403667091115e-07, 'hidden_layer_sizes': 81, 'learning_rate_init': 0.00046498767545575555, 'tol': 0.00011485863217206891, 'validation_fraction': 0.895616122753249}]
/home/ryedida/.local/lib/python3.8/site-packages/sklearn/neural_network/_multilayer_perceptron.py:621: UserWarning: Got `batch_size` less than 1 or larger than sample size. It is going to be clipped
  warnings.warn(

function_evaluation time 0.078858 value -0.450000 suggestion {'alpha': 7.435827352578661e-05, 'batch_size': 209, 'beta_1': 0.938093064047722, 'beta_2': 0.9999897034307469, 'epsilon': 5.054403667091115e-07, 'hidden_layer_sizes': 81, 'learning_rate_init': 0.00046498767545575555, 'tol': 0.00011485863217206891, 'validation_fraction': 0.895616122753249}
observation time 0.000002, current best -0.891667 at iter 3
suggestion time taken 0.003761 iter 4 next_points [{'alpha': 0.5658333064135419, 'batch_size': 153, 'beta_1': 0.8722110541278365, 'beta_2': 0.9997009723594902, 'epsilon': 5.9587583095699764e-09, 'hidden_layer_sizes': 181, 'learning_rate_init': 0.006959795391824533, 'tol': 0.0007087873354048986, 'validation_fraction': 0.1637096927934827}]
/home/ryedida/.local/lib/python3.8/site-packages/sklearn/neural_network/_multilayer_perceptron.py:621: UserWarning: Got `batch_size` less than 1 or larger than sample size. It is going to be clipped
  warnings.warn(

function_evaluation time 0.145669 value -0.916667 suggestion {'alpha': 0.5658333064135419, 'batch_size': 153, 'beta_1': 0.8722110541278365, 'beta_2': 0.9997009723594902, 'epsilon': 5.9587583095699764e-09, 'hidden_layer_sizes': 181, 'learning_rate_init': 0.006959795391824533, 'tol': 0.0007087873354048986, 'validation_fraction': 0.1637096927934827}
observation time 0.000002, current best -0.916667 at iter 4
suggestion time taken 0.003914 iter 5 next_points [{'alpha': 2.502278517729665, 'batch_size': 215, 'beta_1': 0.9611384293413093, 'beta_2': 0.9999714381537113, 'epsilon': 2.3717936420359837e-08, 'hidden_layer_sizes': 136, 'learning_rate_init': 0.008466371151233512, 'tol': 0.002703503615672969, 'validation_fraction': 0.2626727578043437}]
/home/ryedida/.local/lib/python3.8/site-packages/sklearn/neural_network/_multilayer_perceptron.py:621: UserWarning: Got `batch_size` less than 1 or larger than sample size. It is going to be clipped
  warnings.warn(

function_evaluation time 0.132397 value -0.958333 suggestion {'alpha': 2.502278517729665, 'batch_size': 215, 'beta_1': 0.9611384293413093, 'beta_2': 0.9999714381537113, 'epsilon': 2.3717936420359837e-08, 'hidden_layer_sizes': 136, 'learning_rate_init': 0.008466371151233512, 'tol': 0.002703503615672969, 'validation_fraction': 0.2626727578043437}
observation time 0.000002, current best -0.958333 at iter 5
suggestion time taken 0.003889 iter 6 next_points [{'alpha': 0.00010303036477159864, 'batch_size': 192, 'beta_1': 0.9225522042012747, 'beta_2': 0.9998455085536748, 'epsilon': 1.8089138695746696e-07, 'hidden_layer_sizes': 151, 'learning_rate_init': 0.015383455920309694, 'tol': 0.00013310290011261589, 'validation_fraction': 0.7121245144383616}]
/home/ryedida/.local/lib/python3.8/site-packages/sklearn/neural_network/_multilayer_perceptron.py:621: UserWarning: Got `batch_size` less than 1 or larger than sample size. It is going to be clipped
  warnings.warn(

function_evaluation time 0.147135 value -0.966667 suggestion {'alpha': 0.00010303036477159864, 'batch_size': 192, 'beta_1': 0.9225522042012747, 'beta_2': 0.9998455085536748, 'epsilon': 1.8089138695746696e-07, 'hidden_layer_sizes': 151, 'learning_rate_init': 0.015383455920309694, 'tol': 0.00013310290011261589, 'validation_fraction': 0.7121245144383616}
observation time 0.000002, current best -0.966667 at iter 6
suggestion time taken 0.003885 iter 7 next_points [{'alpha': 1.1785534976501213, 'batch_size': 44, 'beta_1': 0.7471890519343295, 'beta_2': 0.999998782012792, 'epsilon': 1.7890562080491904e-09, 'hidden_layer_sizes': 112, 'learning_rate_init': 0.003349360834809131, 'tol': 4.379797461397222e-05, 'validation_fraction': 0.7939915886618709}]
/home/ryedida/.local/lib/python3.8/site-packages/sklearn/neural_network/_multilayer_perceptron.py:621: UserWarning: Got `batch_size` less than 1 or larger than sample size. It is going to be clipped
  warnings.warn(

function_evaluation time 0.125200 value -0.691667 suggestion {'alpha': 1.1785534976501213, 'batch_size': 44, 'beta_1': 0.7471890519343295, 'beta_2': 0.999998782012792, 'epsilon': 1.7890562080491904e-09, 'hidden_layer_sizes': 112, 'learning_rate_init': 0.003349360834809131, 'tol': 4.379797461397222e-05, 'validation_fraction': 0.7939915886618709}
observation time 0.000002, current best -0.966667 at iter 7
suggestion time taken 0.003890 iter 8 next_points [{'alpha': 0.015106270533315468, 'batch_size': 232, 'beta_1': 0.8322833236629514, 'beta_2': 0.9998948917320267, 'epsilon': 3.5650142694759253e-09, 'hidden_layer_sizes': 113, 'learning_rate_init': 0.09626936634795005, 'tol': 1.6263196194812492e-05, 'validation_fraction': 0.218489214011691}]
/home/ryedida/.local/lib/python3.8/site-packages/sklearn/neural_network/_multilayer_perceptron.py:621: UserWarning: Got `batch_size` less than 1 or larger than sample size. It is going to be clipped
  warnings.warn(

function_evaluation time 0.152866 value -0.958333 suggestion {'alpha': 0.015106270533315468, 'batch_size': 232, 'beta_1': 0.8322833236629514, 'beta_2': 0.9998948917320267, 'epsilon': 3.5650142694759253e-09, 'hidden_layer_sizes': 113, 'learning_rate_init': 0.09626936634795005, 'tol': 1.6263196194812492e-05, 'validation_fraction': 0.218489214011691}
observation time 0.000002, current best -0.966667 at iter 8
suggestion time taken 0.003959 iter 9 next_points [{'alpha': 0.04775568180199346, 'batch_size': 192, 'beta_1': 0.9236414274942002, 'beta_2': 0.9996188623478105, 'epsilon': 3.5283114256216976e-09, 'hidden_layer_sizes': 121, 'learning_rate_init': 0.035054448131730906, 'tol': 0.04992488176391901, 'validation_fraction': 0.3197483037222066}]
/home/ryedida/.local/lib/python3.8/site-packages/sklearn/neural_network/_multilayer_perceptron.py:621: UserWarning: Got `batch_size` less than 1 or larger than sample size. It is going to be clipped
  warnings.warn(

function_evaluation time 0.144381 value -0.958333 suggestion {'alpha': 0.04775568180199346, 'batch_size': 192, 'beta_1': 0.9236414274942002, 'beta_2': 0.9996188623478105, 'epsilon': 3.5283114256216976e-09, 'hidden_layer_sizes': 121, 'learning_rate_init': 0.035054448131730906, 'tol': 0.04992488176391901, 'validation_fraction': 0.3197483037222066}
observation time 0.000002, current best -0.966667 at iter 9
suggestion time taken 0.003882 iter 10 next_points [{'alpha': 0.014745324489740507, 'batch_size': 15, 'beta_1': 0.9558153441452004, 'beta_2': 0.9999966996874109, 'epsilon': 4.889357208773575e-07, 'hidden_layer_sizes': 194, 'learning_rate_init': 0.0025991839260697644, 'tol': 0.0004847403647956505, 'validation_fraction': 0.6724282431190037}]
function_evaluation time 0.238821 value -0.900000 suggestion {'alpha': 0.014745324489740507, 'batch_size': 15, 'beta_1': 0.9558153441452004, 'beta_2': 0.9999966996874109, 'epsilon': 4.889357208773575e-07, 'hidden_layer_sizes': 194, 'learning_rate_init': 0.0025991839260697644, 'tol': 0.0004847403647956505, 'validation_fraction': 0.6724282431190037}
observation time 0.000001, current best -0.966667 at iter 10
suggestion time taken 0.003879 iter 11 next_points [{'alpha': 3.635487376276438, 'batch_size': 114, 'beta_1': 0.643453902200992, 'beta_2': 0.9999639705181907, 'epsilon': 1.428694218236676e-08, 'hidden_layer_sizes': 175, 'learning_rate_init': 4.55079202362649e-05, 'tol': 0.00011291751428942465, 'validation_fraction': 0.6101267717935145}]
/home/ryedida/.local/lib/python3.8/site-packages/sklearn/neural_network/_multilayer_perceptron.py:621: UserWarning: Got `batch_size` less than 1 or larger than sample size. It is going to be clipped
  warnings.warn(

function_evaluation time 0.075803 value -0.458333 suggestion {'alpha': 3.635487376276438, 'batch_size': 114, 'beta_1': 0.643453902200992, 'beta_2': 0.9999639705181907, 'epsilon': 1.428694218236676e-08, 'hidden_layer_sizes': 175, 'learning_rate_init': 4.55079202362649e-05, 'tol': 0.00011291751428942465, 'validation_fraction': 0.6101267717935145}
observation time 0.000002, current best -0.966667 at iter 11
suggestion time taken 0.003884 iter 12 next_points [{'alpha': 0.0004978313807894746, 'batch_size': 94, 'beta_1': 0.8678437118258534, 'beta_2': 0.9368034961171586, 'epsilon': 4.962701040154521e-09, 'hidden_layer_sizes': 112, 'learning_rate_init': 2.1482937648712744e-05, 'tol': 0.00023697788409345616, 'validation_fraction': 0.8509985724775795}]
/home/ryedida/.local/lib/python3.8/site-packages/sklearn/neural_network/_multilayer_perceptron.py:621: UserWarning: Got `batch_size` less than 1 or larger than sample size. It is going to be clipped
  warnings.warn(

function_evaluation time 0.065916 value -0.333333 suggestion {'alpha': 0.0004978313807894746, 'batch_size': 94, 'beta_1': 0.8678437118258534, 'beta_2': 0.9368034961171586, 'epsilon': 4.962701040154521e-09, 'hidden_layer_sizes': 112, 'learning_rate_init': 2.1482937648712744e-05, 'tol': 0.00023697788409345616, 'validation_fraction': 0.8509985724775795}
observation time 0.000002, current best -0.966667 at iter 12
suggestion time taken 0.003885 iter 13 next_points [{'alpha': 0.00022265105930542147, 'batch_size': 223, 'beta_1': 0.7560726230471316, 'beta_2': 0.9997815175064397, 'epsilon': 3.321557990160381e-08, 'hidden_layer_sizes': 106, 'learning_rate_init': 0.029988718240601148, 'tol': 0.09006974163094718, 'validation_fraction': 0.8462753028419152}]
/home/ryedida/.local/lib/python3.8/site-packages/sklearn/neural_network/_multilayer_perceptron.py:621: UserWarning: Got `batch_size` less than 1 or larger than sample size. It is going to be clipped
  warnings.warn(

function_evaluation time 0.101306 value -0.925000 suggestion {'alpha': 0.00022265105930542147, 'batch_size': 223, 'beta_1': 0.7560726230471316, 'beta_2': 0.9997815175064397, 'epsilon': 3.321557990160381e-08, 'hidden_layer_sizes': 106, 'learning_rate_init': 0.029988718240601148, 'tol': 0.09006974163094718, 'validation_fraction': 0.8462753028419152}
observation time 0.000002, current best -0.966667 at iter 13
suggestion time taken 0.003889 iter 14 next_points [{'alpha': 0.0001639925782588567, 'batch_size': 124, 'beta_1': 0.7387859843214675, 'beta_2': 0.9987623986066713, 'epsilon': 9.062601230046292e-07, 'hidden_layer_sizes': 164, 'learning_rate_init': 0.04818475173818201, 'tol': 2.733694652498838e-05, 'validation_fraction': 0.33624772764235605}]
/home/ryedida/.local/lib/python3.8/site-packages/sklearn/neural_network/_multilayer_perceptron.py:621: UserWarning: Got `batch_size` less than 1 or larger than sample size. It is going to be clipped
  warnings.warn(

function_evaluation time 0.128675 value -0.825000 suggestion {'alpha': 0.0001639925782588567, 'batch_size': 124, 'beta_1': 0.7387859843214675, 'beta_2': 0.9987623986066713, 'epsilon': 9.062601230046292e-07, 'hidden_layer_sizes': 164, 'learning_rate_init': 0.04818475173818201, 'tol': 2.733694652498838e-05, 'validation_fraction': 0.33624772764235605}
observation time 0.000001, current best -0.966667 at iter 14
suggestion time taken 0.004150 iter 15 next_points [{'alpha': 0.08161050169304158, 'batch_size': 38, 'beta_1': 0.9736536729321182, 'beta_2': 0.9786572684714059, 'epsilon': 6.993925487519601e-08, 'hidden_layer_sizes': 118, 'learning_rate_init': 0.005990850560308284, 'tol': 0.0015861477147322202, 'validation_fraction': 0.4441947649808864}]
function_evaluation time 0.223848 value -0.941667 suggestion {'alpha': 0.08161050169304158, 'batch_size': 38, 'beta_1': 0.9736536729321182, 'beta_2': 0.9786572684714059, 'epsilon': 6.993925487519601e-08, 'hidden_layer_sizes': 118, 'learning_rate_init': 0.005990850560308284, 'tol': 0.0015861477147322202, 'validation_fraction': 0.4441947649808864}
observation time 0.000003, current best -0.966667 at iter 15
suggestion time taken 0.004119 iter 16 next_points [{'alpha': 0.006437009520404302, 'batch_size': 166, 'beta_1': 0.6487621878219321, 'beta_2': 0.9963105329825448, 'epsilon': 6.272662524103537e-07, 'hidden_layer_sizes': 126, 'learning_rate_init': 7.177896331868145e-05, 'tol': 0.0008128090408239925, 'validation_fraction': 0.38639109678629563}]
/home/ryedida/.local/lib/python3.8/site-packages/sklearn/neural_network/_multilayer_perceptron.py:621: UserWarning: Got `batch_size` less than 1 or larger than sample size. It is going to be clipped
  warnings.warn(

function_evaluation time 0.074358 value -0.341667 suggestion {'alpha': 0.006437009520404302, 'batch_size': 166, 'beta_1': 0.6487621878219321, 'beta_2': 0.9963105329825448, 'epsilon': 6.272662524103537e-07, 'hidden_layer_sizes': 126, 'learning_rate_init': 7.177896331868145e-05, 'tol': 0.0008128090408239925, 'validation_fraction': 0.38639109678629563}
observation time 0.000002, current best -0.966667 at iter 16
suggestion time taken 0.003793 iter 17 next_points [{'alpha': 0.448363219590085, 'batch_size': 244, 'beta_1': 0.9792079280464233, 'beta_2': 0.996842372592959, 'epsilon': 1.3860861957399575e-09, 'hidden_layer_sizes': 73, 'learning_rate_init': 6.389507039044126e-05, 'tol': 1.0862832841248291e-05, 'validation_fraction': 0.7559545656202715}]
/home/ryedida/.local/lib/python3.8/site-packages/sklearn/neural_network/_multilayer_perceptron.py:621: UserWarning: Got `batch_size` less than 1 or larger than sample size. It is going to be clipped
  warnings.warn(

function_evaluation time 0.076180 value -0.333333 suggestion {'alpha': 0.448363219590085, 'batch_size': 244, 'beta_1': 0.9792079280464233, 'beta_2': 0.996842372592959, 'epsilon': 1.3860861957399575e-09, 'hidden_layer_sizes': 73, 'learning_rate_init': 6.389507039044126e-05, 'tol': 1.0862832841248291e-05, 'validation_fraction': 0.7559545656202715}
observation time 0.000002, current best -0.966667 at iter 17
suggestion time taken 0.003788 iter 18 next_points [{'alpha': 0.04221304369401985, 'batch_size': 88, 'beta_1': 0.7919453344213473, 'beta_2': 0.9999930206953163, 'epsilon': 1.8485927896335831e-09, 'hidden_layer_sizes': 172, 'learning_rate_init': 0.08714000516850808, 'tol': 0.09201811934003899, 'validation_fraction': 0.4685125234377653}]
/home/ryedida/.local/lib/python3.8/site-packages/sklearn/neural_network/_multilayer_perceptron.py:621: UserWarning: Got `batch_size` less than 1 or larger than sample size. It is going to be clipped
  warnings.warn(

function_evaluation time 0.122956 value -0.883333 suggestion {'alpha': 0.04221304369401985, 'batch_size': 88, 'beta_1': 0.7919453344213473, 'beta_2': 0.9999930206953163, 'epsilon': 1.8485927896335831e-09, 'hidden_layer_sizes': 172, 'learning_rate_init': 0.08714000516850808, 'tol': 0.09201811934003899, 'validation_fraction': 0.4685125234377653}
observation time 0.000002, current best -0.966667 at iter 18
suggestion time taken 0.003849 iter 19 next_points [{'alpha': 1.048796824074491, 'batch_size': 207, 'beta_1': 0.9741249990966578, 'beta_2': 0.9999929766728255, 'epsilon': 7.650659214529013e-08, 'hidden_layer_sizes': 186, 'learning_rate_init': 9.025724928161523e-05, 'tol': 0.00026131227532422873, 'validation_fraction': 0.7501334958606168}]
/home/ryedida/.local/lib/python3.8/site-packages/sklearn/neural_network/_multilayer_perceptron.py:621: UserWarning: Got `batch_size` less than 1 or larger than sample size. It is going to be clipped
  warnings.warn(

function_evaluation time 0.072176 value -0.308333 suggestion {'alpha': 1.048796824074491, 'batch_size': 207, 'beta_1': 0.9741249990966578, 'beta_2': 0.9999929766728255, 'epsilon': 7.650659214529013e-08, 'hidden_layer_sizes': 186, 'learning_rate_init': 9.025724928161523e-05, 'tol': 0.00026131227532422873, 'validation_fraction': 0.7501334958606168}
observation time 0.000002, current best -0.966667 at iter 19
suggestion time taken 0.004066 iter 20 next_points [{'alpha': 3.081265208603444, 'batch_size': 197, 'beta_1': 0.6860872810738039, 'beta_2': 0.999976550503301, 'epsilon': 1.446549279196435e-09, 'hidden_layer_sizes': 169, 'learning_rate_init': 0.004540822494721859, 'tol': 0.00010115678498510087, 'validation_fraction': 0.81691078950852}]
/home/ryedida/.local/lib/python3.8/site-packages/sklearn/neural_network/_multilayer_perceptron.py:621: UserWarning: Got `batch_size` less than 1 or larger than sample size. It is going to be clipped
  warnings.warn(

function_evaluation time 0.102163 value -0.758333 suggestion {'alpha': 3.081265208603444, 'batch_size': 197, 'beta_1': 0.6860872810738039, 'beta_2': 0.999976550503301, 'epsilon': 1.446549279196435e-09, 'hidden_layer_sizes': 169, 'learning_rate_init': 0.004540822494721859, 'tol': 0.00010115678498510087, 'validation_fraction': 0.81691078950852}
observation time 0.000002, current best -0.966667 at iter 20
suggestion time taken 0.003820 iter 21 next_points [{'alpha': 4.9759909199911894e-05, 'batch_size': 69, 'beta_1': 0.9851292968727599, 'beta_2': 0.996237435117127, 'epsilon': 2.258960150695489e-07, 'hidden_layer_sizes': 173, 'learning_rate_init': 0.015485090303127379, 'tol': 0.005082181425266915, 'validation_fraction': 0.5758931034292075}]
/home/ryedida/.local/lib/python3.8/site-packages/sklearn/neural_network/_multilayer_perceptron.py:621: UserWarning: Got `batch_size` less than 1 or larger than sample size. It is going to be clipped
  warnings.warn(

function_evaluation time 0.153620 value -0.891667 suggestion {'alpha': 4.9759909199911894e-05, 'batch_size': 69, 'beta_1': 0.9851292968727599, 'beta_2': 0.996237435117127, 'epsilon': 2.258960150695489e-07, 'hidden_layer_sizes': 173, 'learning_rate_init': 0.015485090303127379, 'tol': 0.005082181425266915, 'validation_fraction': 0.5758931034292075}
observation time 0.000002, current best -0.966667 at iter 21
suggestion time taken 0.003835 iter 22 next_points [{'alpha': 6.057481483953237, 'batch_size': 245, 'beta_1': 0.9896974745269499, 'beta_2': 0.9986456588197712, 'epsilon': 1.9868056072520605e-07, 'hidden_layer_sizes': 59, 'learning_rate_init': 0.013709852259939146, 'tol': 6.524370888797726e-05, 'validation_fraction': 0.33878141878765783}]
/home/ryedida/.local/lib/python3.8/site-packages/sklearn/neural_network/_multilayer_perceptron.py:621: UserWarning: Got `batch_size` less than 1 or larger than sample size. It is going to be clipped
  warnings.warn(

function_evaluation time 0.163808 value -0.908333 suggestion {'alpha': 6.057481483953237, 'batch_size': 245, 'beta_1': 0.9896974745269499, 'beta_2': 0.9986456588197712, 'epsilon': 1.9868056072520605e-07, 'hidden_layer_sizes': 59, 'learning_rate_init': 0.013709852259939146, 'tol': 6.524370888797726e-05, 'validation_fraction': 0.33878141878765783}
observation time 0.000002, current best -0.966667 at iter 22
suggestion time taken 0.003826 iter 23 next_points [{'alpha': 0.00013428164500635777, 'batch_size': 141, 'beta_1': 0.9653452010276077, 'beta_2': 0.9986045405926247, 'epsilon': 8.01174010009639e-07, 'hidden_layer_sizes': 107, 'learning_rate_init': 0.05546803644764826, 'tol': 1.2834731164771082e-05, 'validation_fraction': 0.8817944451717009}]
/home/ryedida/.local/lib/python3.8/site-packages/sklearn/neural_network/_multilayer_perceptron.py:621: UserWarning: Got `batch_size` less than 1 or larger than sample size. It is going to be clipped
  warnings.warn(

function_evaluation time 0.171004 value -0.941667 suggestion {'alpha': 0.00013428164500635777, 'batch_size': 141, 'beta_1': 0.9653452010276077, 'beta_2': 0.9986045405926247, 'epsilon': 8.01174010009639e-07, 'hidden_layer_sizes': 107, 'learning_rate_init': 0.05546803644764826, 'tol': 1.2834731164771082e-05, 'validation_fraction': 0.8817944451717009}
observation time 0.000002, current best -0.966667 at iter 23
suggestion time taken 0.003852 iter 24 next_points [{'alpha': 3.865139731609228e-05, 'batch_size': 46, 'beta_1': 0.503604831509673, 'beta_2': 0.9999889397299894, 'epsilon': 2.5866613172070742e-09, 'hidden_layer_sizes': 143, 'learning_rate_init': 0.05843387016643222, 'tol': 0.0002739649698117506, 'validation_fraction': 0.2083568838835891}]
function_evaluation time 0.162554 value -0.950000 suggestion {'alpha': 3.865139731609228e-05, 'batch_size': 46, 'beta_1': 0.503604831509673, 'beta_2': 0.9999889397299894, 'epsilon': 2.5866613172070742e-09, 'hidden_layer_sizes': 143, 'learning_rate_init': 0.05843387016643222, 'tol': 0.0002739649698117506, 'validation_fraction': 0.2083568838835891}
observation time 0.000002, current best -0.966667 at iter 24
suggestion time taken 0.003811 iter 25 next_points [{'alpha': 3.4258254389604894, 'batch_size': 236, 'beta_1': 0.9804204032825615, 'beta_2': 0.9110512589362818, 'epsilon': 9.700749465365695e-09, 'hidden_layer_sizes': 111, 'learning_rate_init': 0.0014869387219520228, 'tol': 0.0017888246746804492, 'validation_fraction': 0.8181306141775856}]
/home/ryedida/.local/lib/python3.8/site-packages/sklearn/neural_network/_multilayer_perceptron.py:621: UserWarning: Got `batch_size` less than 1 or larger than sample size. It is going to be clipped
  warnings.warn(

function_evaluation time 0.111929 value -0.575000 suggestion {'alpha': 3.4258254389604894, 'batch_size': 236, 'beta_1': 0.9804204032825615, 'beta_2': 0.9110512589362818, 'epsilon': 9.700749465365695e-09, 'hidden_layer_sizes': 111, 'learning_rate_init': 0.0014869387219520228, 'tol': 0.0017888246746804492, 'validation_fraction': 0.8181306141775856}
observation time 0.000002, current best -0.966667 at iter 25
suggestion time taken 0.003819 iter 26 next_points [{'alpha': 0.008052123601386841, 'batch_size': 236, 'beta_1': 0.9783535527302043, 'beta_2': 0.999052923398677, 'epsilon': 6.176316312385467e-08, 'hidden_layer_sizes': 153, 'learning_rate_init': 0.0017569954157839883, 'tol': 0.0007573531289604001, 'validation_fraction': 0.5794314328879746}]
/home/ryedida/.local/lib/python3.8/site-packages/sklearn/neural_network/_multilayer_perceptron.py:621: UserWarning: Got `batch_size` less than 1 or larger than sample size. It is going to be clipped
  warnings.warn(

function_evaluation time 0.084431 value -0.691667 suggestion {'alpha': 0.008052123601386841, 'batch_size': 236, 'beta_1': 0.9783535527302043, 'beta_2': 0.999052923398677, 'epsilon': 6.176316312385467e-08, 'hidden_layer_sizes': 153, 'learning_rate_init': 0.0017569954157839883, 'tol': 0.0007573531289604001, 'validation_fraction': 0.5794314328879746}
observation time 0.000002, current best -0.966667 at iter 26
suggestion time taken 0.003806 iter 27 next_points [{'alpha': 1.1751970459495444, 'batch_size': 198, 'beta_1': 0.9604524485097532, 'beta_2': 0.9999149267211451, 'epsilon': 2.8052230166793803e-08, 'hidden_layer_sizes': 56, 'learning_rate_init': 9.766092230937381e-05, 'tol': 0.027766303751718076, 'validation_fraction': 0.7151551625100854}]
/home/ryedida/.local/lib/python3.8/site-packages/sklearn/neural_network/_multilayer_perceptron.py:621: UserWarning: Got `batch_size` less than 1 or larger than sample size. It is going to be clipped
  warnings.warn(

function_evaluation time 0.077601 value -0.283333 suggestion {'alpha': 1.1751970459495444, 'batch_size': 198, 'beta_1': 0.9604524485097532, 'beta_2': 0.9999149267211451, 'epsilon': 2.8052230166793803e-08, 'hidden_layer_sizes': 56, 'learning_rate_init': 9.766092230937381e-05, 'tol': 0.027766303751718076, 'validation_fraction': 0.7151551625100854}
observation time 0.000002, current best -0.966667 at iter 27
suggestion time taken 0.003681 iter 28 next_points [{'alpha': 0.031745626440972965, 'batch_size': 83, 'beta_1': 0.8626876247950646, 'beta_2': 0.9950781702852836, 'epsilon': 1.7759248778825362e-09, 'hidden_layer_sizes': 157, 'learning_rate_init': 0.005284790141878908, 'tol': 0.031497493682957255, 'validation_fraction': 0.1585525932800807}]
function_evaluation time 0.168743 value -0.858333 suggestion {'alpha': 0.031745626440972965, 'batch_size': 83, 'beta_1': 0.8626876247950646, 'beta_2': 0.9950781702852836, 'epsilon': 1.7759248778825362e-09, 'hidden_layer_sizes': 157, 'learning_rate_init': 0.005284790141878908, 'tol': 0.031497493682957255, 'validation_fraction': 0.1585525932800807}
observation time 0.000002, current best -0.966667 at iter 28
suggestion time taken 0.003851 iter 29 next_points [{'alpha': 0.05629855390380835, 'batch_size': 52, 'beta_1': 0.5829469505626638, 'beta_2': 0.9999945146679174, 'epsilon': 2.0212368770842394e-08, 'hidden_layer_sizes': 164, 'learning_rate_init': 0.00023964862797380514, 'tol': 0.0010250723788442788, 'validation_fraction': 0.8754181979455401}]
/home/ryedida/.local/lib/python3.8/site-packages/sklearn/neural_network/_multilayer_perceptron.py:621: UserWarning: Got `batch_size` less than 1 or larger than sample size. It is going to be clipped
  warnings.warn(

function_evaluation time 0.086745 value -0.541667 suggestion {'alpha': 0.05629855390380835, 'batch_size': 52, 'beta_1': 0.5829469505626638, 'beta_2': 0.9999945146679174, 'epsilon': 2.0212368770842394e-08, 'hidden_layer_sizes': 164, 'learning_rate_init': 0.00023964862797380514, 'tol': 0.0010250723788442788, 'validation_fraction': 0.8754181979455401}
observation time 0.000002, current best -0.966667 at iter 29
suggestion time taken 0.003796 iter 30 next_points [{'alpha': 0.026426084789486482, 'batch_size': 19, 'beta_1': 0.5948599608946715, 'beta_2': 0.9932666828162894, 'epsilon': 2.3488593173711084e-08, 'hidden_layer_sizes': 130, 'learning_rate_init': 0.00016246363446015518, 'tol': 0.01552751974547565, 'validation_fraction': 0.791365366151029}]
function_evaluation time 0.097800 value -0.416667 suggestion {'alpha': 0.026426084789486482, 'batch_size': 19, 'beta_1': 0.5948599608946715, 'beta_2': 0.9932666828162894, 'epsilon': 2.3488593173711084e-08, 'hidden_layer_sizes': 130, 'learning_rate_init': 0.00016246363446015518, 'tol': 0.01552751974547565, 'validation_fraction': 0.791365366151029}
observation time 0.000002, current best -0.966667 at iter 30
suggestion time taken 0.003822 iter 31 next_points [{'alpha': 0.0007540538336674561, 'batch_size': 132, 'beta_1': 0.8384553172859565, 'beta_2': 0.9999811280782872, 'epsilon': 5.292457350641053e-07, 'hidden_layer_sizes': 145, 'learning_rate_init': 0.002388987239852195, 'tol': 0.006353888204517691, 'validation_fraction': 0.6630419095634097}]
/home/ryedida/.local/lib/python3.8/site-packages/sklearn/neural_network/_multilayer_perceptron.py:621: UserWarning: Got `batch_size` less than 1 or larger than sample size. It is going to be clipped
  warnings.warn(

function_evaluation time 0.198239 value -0.791667 suggestion {'alpha': 0.0007540538336674561, 'batch_size': 132, 'beta_1': 0.8384553172859565, 'beta_2': 0.9999811280782872, 'epsilon': 5.292457350641053e-07, 'hidden_layer_sizes': 145, 'learning_rate_init': 0.002388987239852195, 'tol': 0.006353888204517691, 'validation_fraction': 0.6630419095634097}
observation time 0.000002, current best -0.966667 at iter 31
suggestion time taken 0.003889 iter 32 next_points [{'alpha': 0.008143792236763288, 'batch_size': 50, 'beta_1': 0.7200509874986396, 'beta_2': 0.9961619472962333, 'epsilon': 2.00346654801595e-08, 'hidden_layer_sizes': 137, 'learning_rate_init': 0.00047309212299109966, 'tol': 0.00011235311395497192, 'validation_fraction': 0.128639339322519}]
function_evaluation time 0.143807 value -0.600000 suggestion {'alpha': 0.008143792236763288, 'batch_size': 50, 'beta_1': 0.7200509874986396, 'beta_2': 0.9961619472962333, 'epsilon': 2.00346654801595e-08, 'hidden_layer_sizes': 137, 'learning_rate_init': 0.00047309212299109966, 'tol': 0.00011235311395497192, 'validation_fraction': 0.128639339322519}
observation time 0.000002, current best -0.966667 at iter 32
suggestion time taken 0.004243 iter 33 next_points [{'alpha': 0.021964540582265164, 'batch_size': 135, 'beta_1': 0.7110704340436191, 'beta_2': 0.9987688251919137, 'epsilon': 3.7700349715441147e-08, 'hidden_layer_sizes': 66, 'learning_rate_init': 3.791588753328775e-05, 'tol': 0.003977423204663036, 'validation_fraction': 0.48305625796185864}]
/home/ryedida/.local/lib/python3.8/site-packages/sklearn/neural_network/_multilayer_perceptron.py:621: UserWarning: Got `batch_size` less than 1 or larger than sample size. It is going to be clipped
  warnings.warn(

function_evaluation time 0.072033 value -0.341667 suggestion {'alpha': 0.021964540582265164, 'batch_size': 135, 'beta_1': 0.7110704340436191, 'beta_2': 0.9987688251919137, 'epsilon': 3.7700349715441147e-08, 'hidden_layer_sizes': 66, 'learning_rate_init': 3.791588753328775e-05, 'tol': 0.003977423204663036, 'validation_fraction': 0.48305625796185864}
observation time 0.000002, current best -0.966667 at iter 33
suggestion time taken 0.004132 iter 34 next_points [{'alpha': 0.0009800375507491431, 'batch_size': 54, 'beta_1': 0.9130595803041969, 'beta_2': 0.9999887215489696, 'epsilon': 4.655357710546167e-09, 'hidden_layer_sizes': 53, 'learning_rate_init': 6.81373916341122e-05, 'tol': 0.00010027319925933983, 'validation_fraction': 0.46366830936481546}]
function_evaluation time 0.070017 value -0.316667 suggestion {'alpha': 0.0009800375507491431, 'batch_size': 54, 'beta_1': 0.9130595803041969, 'beta_2': 0.9999887215489696, 'epsilon': 4.655357710546167e-09, 'hidden_layer_sizes': 53, 'learning_rate_init': 6.81373916341122e-05, 'tol': 0.00010027319925933983, 'validation_fraction': 0.46366830936481546}
observation time 0.000002, current best -0.966667 at iter 34
suggestion time taken 0.004005 iter 35 next_points [{'alpha': 0.4092101176683359, 'batch_size': 41, 'beta_1': 0.9706371228075747, 'beta_2': 0.9999932829573184, 'epsilon': 2.3957385028520633e-08, 'hidden_layer_sizes': 144, 'learning_rate_init': 0.060022200623537206, 'tol': 0.010135037769019072, 'validation_fraction': 0.14555351523907528}]
function_evaluation time 0.170456 value -0.933333 suggestion {'alpha': 0.4092101176683359, 'batch_size': 41, 'beta_1': 0.9706371228075747, 'beta_2': 0.9999932829573184, 'epsilon': 2.3957385028520633e-08, 'hidden_layer_sizes': 144, 'learning_rate_init': 0.060022200623537206, 'tol': 0.010135037769019072, 'validation_fraction': 0.14555351523907528}
observation time 0.000002, current best -0.966667 at iter 35
suggestion time taken 0.004189 iter 36 next_points [{'alpha': 0.8949182229945876, 'batch_size': 138, 'beta_1': 0.8023577676398872, 'beta_2': 0.937235088075837, 'epsilon': 2.6014633200158336e-07, 'hidden_layer_sizes': 114, 'learning_rate_init': 0.01819492141429718, 'tol': 0.09120609051349032, 'validation_fraction': 0.29960649640124554}]
/home/ryedida/.local/lib/python3.8/site-packages/sklearn/neural_network/_multilayer_perceptron.py:621: UserWarning: Got `batch_size` less than 1 or larger than sample size. It is going to be clipped
  warnings.warn(

function_evaluation time 0.100179 value -0.933333 suggestion {'alpha': 0.8949182229945876, 'batch_size': 138, 'beta_1': 0.8023577676398872, 'beta_2': 0.937235088075837, 'epsilon': 2.6014633200158336e-07, 'hidden_layer_sizes': 114, 'learning_rate_init': 0.01819492141429718, 'tol': 0.09120609051349032, 'validation_fraction': 0.29960649640124554}
observation time 0.000002, current best -0.966667 at iter 36
suggestion time taken 0.003815 iter 37 next_points [{'alpha': 0.626318433221073, 'batch_size': 72, 'beta_1': 0.8097681395238786, 'beta_2': 0.9652090494018029, 'epsilon': 4.1452333455184134e-07, 'hidden_layer_sizes': 164, 'learning_rate_init': 0.006560924886984945, 'tol': 0.026136514542470703, 'validation_fraction': 0.4328608141712317}]
/home/ryedida/.local/lib/python3.8/site-packages/sklearn/neural_network/_multilayer_perceptron.py:621: UserWarning: Got `batch_size` less than 1 or larger than sample size. It is going to be clipped
  warnings.warn(

function_evaluation time 0.153268 value -0.941667 suggestion {'alpha': 0.626318433221073, 'batch_size': 72, 'beta_1': 0.8097681395238786, 'beta_2': 0.9652090494018029, 'epsilon': 4.1452333455184134e-07, 'hidden_layer_sizes': 164, 'learning_rate_init': 0.006560924886984945, 'tol': 0.026136514542470703, 'validation_fraction': 0.4328608141712317}
observation time 0.000002, current best -0.966667 at iter 37
suggestion time taken 0.003812 iter 38 next_points [{'alpha': 2.801406633200363e-05, 'batch_size': 115, 'beta_1': 0.9224574328058928, 'beta_2': 0.9999410300974237, 'epsilon': 8.994779642302706e-07, 'hidden_layer_sizes': 129, 'learning_rate_init': 0.003063946279819619, 'tol': 0.011237582316798457, 'validation_fraction': 0.8789259654634755}]
/home/ryedida/.local/lib/python3.8/site-packages/sklearn/neural_network/_multilayer_perceptron.py:621: UserWarning: Got `batch_size` less than 1 or larger than sample size. It is going to be clipped
  warnings.warn(

function_evaluation time 0.118669 value -0.725000 suggestion {'alpha': 2.801406633200363e-05, 'batch_size': 115, 'beta_1': 0.9224574328058928, 'beta_2': 0.9999410300974237, 'epsilon': 8.994779642302706e-07, 'hidden_layer_sizes': 129, 'learning_rate_init': 0.003063946279819619, 'tol': 0.011237582316798457, 'validation_fraction': 0.8789259654634755}
observation time 0.000002, current best -0.966667 at iter 38
suggestion time taken 0.003826 iter 39 next_points [{'alpha': 0.8480452478097164, 'batch_size': 205, 'beta_1': 0.955688372603988, 'beta_2': 0.9962310791585504, 'epsilon': 8.147801251710933e-08, 'hidden_layer_sizes': 130, 'learning_rate_init': 2.9034096724483945e-05, 'tol': 9.933542736709092e-05, 'validation_fraction': 0.16664305144367972}]
/home/ryedida/.local/lib/python3.8/site-packages/sklearn/neural_network/_multilayer_perceptron.py:621: UserWarning: Got `batch_size` less than 1 or larger than sample size. It is going to be clipped
  warnings.warn(

function_evaluation time 0.073664 value -0.316667 suggestion {'alpha': 0.8480452478097164, 'batch_size': 205, 'beta_1': 0.955688372603988, 'beta_2': 0.9962310791585504, 'epsilon': 8.147801251710933e-08, 'hidden_layer_sizes': 130, 'learning_rate_init': 2.9034096724483945e-05, 'tol': 9.933542736709092e-05, 'validation_fraction': 0.16664305144367972}
observation time 0.000002, current best -0.966667 at iter 39
suggestion time taken 0.003821 iter 40 next_points [{'alpha': 0.023847891745663496, 'batch_size': 217, 'beta_1': 0.9536260036144893, 'beta_2': 0.9846969257579973, 'epsilon': 8.078242673401549e-07, 'hidden_layer_sizes': 141, 'learning_rate_init': 1.1301519499170924e-05, 'tol': 0.00016462076961241653, 'validation_fraction': 0.28074378684723017}]
/home/ryedida/.local/lib/python3.8/site-packages/sklearn/neural_network/_multilayer_perceptron.py:621: UserWarning: Got `batch_size` less than 1 or larger than sample size. It is going to be clipped
  warnings.warn(

function_evaluation time 0.073839 value -0.333333 suggestion {'alpha': 0.023847891745663496, 'batch_size': 217, 'beta_1': 0.9536260036144893, 'beta_2': 0.9846969257579973, 'epsilon': 8.078242673401549e-07, 'hidden_layer_sizes': 141, 'learning_rate_init': 1.1301519499170924e-05, 'tol': 0.00016462076961241653, 'validation_fraction': 0.28074378684723017}
observation time 0.000002, current best -0.966667 at iter 40
suggestion time taken 0.003829 iter 41 next_points [{'alpha': 4.209649433080523, 'batch_size': 20, 'beta_1': 0.9080114415064312, 'beta_2': 0.9999961589632006, 'epsilon': 1.12330803137434e-07, 'hidden_layer_sizes': 130, 'learning_rate_init': 0.01142100385951484, 'tol': 5.334225142597818e-05, 'validation_fraction': 0.7864191430462785}]
function_evaluation time 0.133981 value -0.816667 suggestion {'alpha': 4.209649433080523, 'batch_size': 20, 'beta_1': 0.9080114415064312, 'beta_2': 0.9999961589632006, 'epsilon': 1.12330803137434e-07, 'hidden_layer_sizes': 130, 'learning_rate_init': 0.01142100385951484, 'tol': 5.334225142597818e-05, 'validation_fraction': 0.7864191430462785}
observation time 0.000002, current best -0.966667 at iter 41
suggestion time taken 0.003799 iter 42 next_points [{'alpha': 1.5268626088667419, 'batch_size': 111, 'beta_1': 0.7042494951298629, 'beta_2': 0.9928665939028838, 'epsilon': 1.1347466996872107e-07, 'hidden_layer_sizes': 140, 'learning_rate_init': 1.0227695934021413e-05, 'tol': 0.0008387474150832006, 'validation_fraction': 0.7982542879800388}]
/home/ryedida/.local/lib/python3.8/site-packages/sklearn/neural_network/_multilayer_perceptron.py:621: UserWarning: Got `batch_size` less than 1 or larger than sample size. It is going to be clipped
  warnings.warn(

function_evaluation time 0.073297 value -0.350000 suggestion {'alpha': 1.5268626088667419, 'batch_size': 111, 'beta_1': 0.7042494951298629, 'beta_2': 0.9928665939028838, 'epsilon': 1.1347466996872107e-07, 'hidden_layer_sizes': 140, 'learning_rate_init': 1.0227695934021413e-05, 'tol': 0.0008387474150832006, 'validation_fraction': 0.7982542879800388}
observation time 0.000002, current best -0.966667 at iter 42
suggestion time taken 0.003826 iter 43 next_points [{'alpha': 1.4755503247853354, 'batch_size': 187, 'beta_1': 0.7316056095575545, 'beta_2': 0.9839983468057436, 'epsilon': 8.517103571946405e-08, 'hidden_layer_sizes': 93, 'learning_rate_init': 0.0047214624462599206, 'tol': 0.019791181003587906, 'validation_fraction': 0.4303503685756363}]
/home/ryedida/.local/lib/python3.8/site-packages/sklearn/neural_network/_multilayer_perceptron.py:621: UserWarning: Got `batch_size` less than 1 or larger than sample size. It is going to be clipped
  warnings.warn(

function_evaluation time 0.149085 value -0.933333 suggestion {'alpha': 1.4755503247853354, 'batch_size': 187, 'beta_1': 0.7316056095575545, 'beta_2': 0.9839983468057436, 'epsilon': 8.517103571946405e-08, 'hidden_layer_sizes': 93, 'learning_rate_init': 0.0047214624462599206, 'tol': 0.019791181003587906, 'validation_fraction': 0.4303503685756363}
observation time 0.000002, current best -0.966667 at iter 43
suggestion time taken 0.003840 iter 44 next_points [{'alpha': 0.0014154441551171254, 'batch_size': 227, 'beta_1': 0.9866391792356201, 'beta_2': 0.9999635331688045, 'epsilon': 4.65762219438528e-08, 'hidden_layer_sizes': 54, 'learning_rate_init': 0.006695008610419807, 'tol': 0.02446121147270145, 'validation_fraction': 0.7942037384588472}]
/home/ryedida/.local/lib/python3.8/site-packages/sklearn/neural_network/_multilayer_perceptron.py:621: UserWarning: Got `batch_size` less than 1 or larger than sample size. It is going to be clipped
  warnings.warn(

function_evaluation time 0.109037 value -0.800000 suggestion {'alpha': 0.0014154441551171254, 'batch_size': 227, 'beta_1': 0.9866391792356201, 'beta_2': 0.9999635331688045, 'epsilon': 4.65762219438528e-08, 'hidden_layer_sizes': 54, 'learning_rate_init': 0.006695008610419807, 'tol': 0.02446121147270145, 'validation_fraction': 0.7942037384588472}
observation time 0.000002, current best -0.966667 at iter 44
saving meta data: {'args': {'--uuid': '3ceca265f7095b3da5f3ebf893d5a540', '-db-root': '/home/ryedida/bbo_challenge_starter_kit/output', '--opt-root': '/home/ryedida/bbo_challenge_starter_kit/example_submissions', '--data-root': None, '--db': 'run_20231014_193210', '--opt': 'random', '--data': 'iris', '--classifier': 'MLP-adam', '--metric': 'acc', '--calls': 45, '--suggestions': 1, '--jobs-file': None, '--verbose': False, 'dry_run': False, 'rev': 'a376313', 'opt_rev': '0.0.8'}, 'signature': ([{'alpha': 0.019628224813442792, 'batch_size': 182, 'beta_1': 0.9410202200271762, 'beta_2': 0.9998021557676793, 'epsilon': 1.8662266976518e-08, 'hidden_layer_sizes': 147, 'learning_rate_init': 0.0005627932047415167, 'tol': 0.03690557729213761, 'validation_fraction': 0.8846827852548593}, {'alpha': 0.001998246739232944, 'batch_size': 200, 'beta_1': 0.919111482530466, 'beta_2': 0.9998488260436156, 'epsilon': 5.981221901152555e-07, 'hidden_layer_sizes': 61, 'learning_rate_init': 2.2310905607443014e-05, 'tol': 1.2046852412030316e-05, 'validation_fraction': 0.8117896445826539}, {'alpha': 0.46659545670218433, 'batch_size': 219, 'beta_1': 0.9889789783750891, 'beta_2': 0.9999896868093284, 'epsilon': 2.4234724484675948e-08, 'hidden_layer_sizes': 167, 'learning_rate_init': 2.972334644335654e-05, 'tol': 0.0036281404040243792, 'validation_fraction': 0.17260651658522078}, {'alpha': 4.656005689076002, 'batch_size': 135, 'beta_1': 0.870503881627747, 'beta_2': 0.9948873266941017, 'epsilon': 2.1023308743480125e-07, 'hidden_layer_sizes': 118, 'learning_rate_init': 0.001878173875716191, 'tol': 1.1889379831773006e-05, 'validation_fraction': 0.6264327093752792}, {'alpha': 0.04705159350400542, 'batch_size': 158, 'beta_1': 0.9870884262730957, 'beta_2': 0.9999596874382349, 'epsilon': 1.1981845126013875e-08, 'hidden_layer_sizes': 116, 'learning_rate_init': 0.006173405204074311, 'tol': 1.7414134181586194e-05, 'validation_fraction': 0.6754299026638921}], [-0.41666666666666663, -0.275, -0.3416666666666667, -0.725, -0.875])}
saving results
saving timing
saving suggest log
done
