running: {'--uuid': '45d6af264598571691fe7228188bf03f', '-db-root': '/home/ryedida/bbo_challenge_starter_kit/output', '--opt-root': '/home/ryedida/bbo_challenge_starter_kit/example_submissions', '--data-root': None, '--db': 'run_20231014_193210', '--opt': 'random', '--data': 'iris', '--classifier': 'MLP-adam', '--metric': 'acc', '--calls': 45, '--suggestions': 1, '--jobs-file': None, '--verbose': False, 'dry_run': False, 'rev': 'a376313', 'opt_rev': '0.0.8'}
cmd: python /home/ryedida/.local/bin/bayesmark-exp -c MLP-adam -d iris -o random -u 45d6af264598571691fe7228188bf03f -m acc -n 45 -p 1 -dir /home/ryedida/bbo_challenge_starter_kit/output -b run_20231014_193210
/home/ryedida/.local/lib/python3.8/site-packages/sklearn/neural_network/_multilayer_perceptron.py:621: UserWarning: Got `batch_size` less than 1 or larger than sample size. It is going to be clipped
  warnings.warn(

/home/ryedida/.local/lib/python3.8/site-packages/sklearn/neural_network/_multilayer_perceptron.py:621: UserWarning: Got `batch_size` less than 1 or larger than sample size. It is going to be clipped
  warnings.warn(

/home/ryedida/.local/lib/python3.8/site-packages/sklearn/neural_network/_multilayer_perceptron.py:621: UserWarning: Got `batch_size` less than 1 or larger than sample size. It is going to be clipped
  warnings.warn(

/home/ryedida/.local/lib/python3.8/site-packages/sklearn/neural_network/_multilayer_perceptron.py:621: UserWarning: Got `batch_size` less than 1 or larger than sample size. It is going to be clipped
  warnings.warn(

/home/ryedida/.local/lib/python3.8/site-packages/sklearn/neural_network/_multilayer_perceptron.py:621: UserWarning: Got `batch_size` less than 1 or larger than sample size. It is going to be clipped
  warnings.warn(

computed signature: ([{'alpha': 0.019628224813442792, 'batch_size': 182, 'beta_1': 0.9410202200271762, 'beta_2': 0.9998021557676793, 'epsilon': 1.8662266976518e-08, 'hidden_layer_sizes': 147, 'learning_rate_init': 0.0005627932047415167, 'tol': 0.03690557729213761, 'validation_fraction': 0.8846827852548593}, {'alpha': 0.001998246739232944, 'batch_size': 200, 'beta_1': 0.919111482530466, 'beta_2': 0.9998488260436156, 'epsilon': 5.981221901152555e-07, 'hidden_layer_sizes': 61, 'learning_rate_init': 2.2310905607443014e-05, 'tol': 1.2046852412030316e-05, 'validation_fraction': 0.8117896445826539}, {'alpha': 0.46659545670218433, 'batch_size': 219, 'beta_1': 0.9889789783750891, 'beta_2': 0.9999896868093284, 'epsilon': 2.4234724484675948e-08, 'hidden_layer_sizes': 167, 'learning_rate_init': 2.972334644335654e-05, 'tol': 0.0036281404040243792, 'validation_fraction': 0.17260651658522078}, {'alpha': 4.656005689076002, 'batch_size': 135, 'beta_1': 0.870503881627747, 'beta_2': 0.9948873266941017, 'epsilon': 2.1023308743480125e-07, 'hidden_layer_sizes': 118, 'learning_rate_init': 0.001878173875716191, 'tol': 1.1889379831773006e-05, 'validation_fraction': 0.6264327093752792}, {'alpha': 0.04705159350400542, 'batch_size': 158, 'beta_1': 0.9870884262730957, 'beta_2': 0.9999596874382349, 'epsilon': 1.1981845126013875e-08, 'hidden_layer_sizes': 116, 'learning_rate_init': 0.006173405204074311, 'tol': 1.7414134181586194e-05, 'validation_fraction': 0.6754299026638921}], [-0.41666666666666663, -0.275, -0.3416666666666667, -0.725, -0.875])
/home/ryedida/.local/lib/python3.8/site-packages/bayesmark/experiment.py:470: UserWarning: Baselines not found. Will not log intermediate scores.
  warnings.warn("Baselines not found. Will not log intermediate scores.")

starting sklearn study random MLP-adam iris acc 45 1
with data root: None
suggestion time taken 0.004661 iter 0 next_points [{'alpha': 0.0002806609354499149, 'batch_size': 247, 'beta_1': 0.7918285940643107, 'beta_2': 0.999940254698168, 'epsilon': 5.252223706089818e-07, 'hidden_layer_sizes': 56, 'learning_rate_init': 0.045028571599741135, 'tol': 1.5813515253402715e-05, 'validation_fraction': 0.3088143339873571}]
/home/ryedida/.local/lib/python3.8/site-packages/sklearn/neural_network/_multilayer_perceptron.py:621: UserWarning: Got `batch_size` less than 1 or larger than sample size. It is going to be clipped
  warnings.warn(

function_evaluation time 0.114991 value -0.925000 suggestion {'alpha': 0.0002806609354499149, 'batch_size': 247, 'beta_1': 0.7918285940643107, 'beta_2': 0.999940254698168, 'epsilon': 5.252223706089818e-07, 'hidden_layer_sizes': 56, 'learning_rate_init': 0.045028571599741135, 'tol': 1.5813515253402715e-05, 'validation_fraction': 0.3088143339873571}
observation time 0.000003, current best -0.925000 at iter 0
suggestion time taken 0.003909 iter 1 next_points [{'alpha': 2.674753144841765, 'batch_size': 220, 'beta_1': 0.7727082336421696, 'beta_2': 0.9998488397594226, 'epsilon': 3.10813512803331e-08, 'hidden_layer_sizes': 55, 'learning_rate_init': 5.420767079678154e-05, 'tol': 4.2999708589763437e-05, 'validation_fraction': 0.8595377975533501}]
/home/ryedida/.local/lib/python3.8/site-packages/sklearn/neural_network/_multilayer_perceptron.py:621: UserWarning: Got `batch_size` less than 1 or larger than sample size. It is going to be clipped
  warnings.warn(

function_evaluation time 0.064449 value -0.341667 suggestion {'alpha': 2.674753144841765, 'batch_size': 220, 'beta_1': 0.7727082336421696, 'beta_2': 0.9998488397594226, 'epsilon': 3.10813512803331e-08, 'hidden_layer_sizes': 55, 'learning_rate_init': 5.420767079678154e-05, 'tol': 4.2999708589763437e-05, 'validation_fraction': 0.8595377975533501}
observation time 0.000002, current best -0.925000 at iter 1
suggestion time taken 0.003881 iter 2 next_points [{'alpha': 0.09557465997976132, 'batch_size': 112, 'beta_1': 0.5582530146390826, 'beta_2': 0.9998607908249417, 'epsilon': 8.97103056412091e-08, 'hidden_layer_sizes': 147, 'learning_rate_init': 2.1368466011849216e-05, 'tol': 0.0024274503765754486, 'validation_fraction': 0.6818963776417644}]
/home/ryedida/.local/lib/python3.8/site-packages/sklearn/neural_network/_multilayer_perceptron.py:621: UserWarning: Got `batch_size` less than 1 or larger than sample size. It is going to be clipped
  warnings.warn(

function_evaluation time 0.079243 value -0.416667 suggestion {'alpha': 0.09557465997976132, 'batch_size': 112, 'beta_1': 0.5582530146390826, 'beta_2': 0.9998607908249417, 'epsilon': 8.97103056412091e-08, 'hidden_layer_sizes': 147, 'learning_rate_init': 2.1368466011849216e-05, 'tol': 0.0024274503765754486, 'validation_fraction': 0.6818963776417644}
observation time 0.000002, current best -0.925000 at iter 2
suggestion time taken 0.003897 iter 3 next_points [{'alpha': 0.00020616267328148002, 'batch_size': 213, 'beta_1': 0.5295976532373623, 'beta_2': 0.9999831950846692, 'epsilon': 6.66214960182862e-09, 'hidden_layer_sizes': 140, 'learning_rate_init': 0.006768475736716469, 'tol': 0.002462440112314567, 'validation_fraction': 0.12643137869636795}]
/home/ryedida/.local/lib/python3.8/site-packages/sklearn/neural_network/_multilayer_perceptron.py:621: UserWarning: Got `batch_size` less than 1 or larger than sample size. It is going to be clipped
  warnings.warn(

function_evaluation time 0.153880 value -0.950000 suggestion {'alpha': 0.00020616267328148002, 'batch_size': 213, 'beta_1': 0.5295976532373623, 'beta_2': 0.9999831950846692, 'epsilon': 6.66214960182862e-09, 'hidden_layer_sizes': 140, 'learning_rate_init': 0.006768475736716469, 'tol': 0.002462440112314567, 'validation_fraction': 0.12643137869636795}
observation time 0.000002, current best -0.950000 at iter 3
suggestion time taken 0.003910 iter 4 next_points [{'alpha': 0.08296457819671108, 'batch_size': 115, 'beta_1': 0.9641068062578708, 'beta_2': 0.9997479640866446, 'epsilon': 1.948968355578608e-08, 'hidden_layer_sizes': 198, 'learning_rate_init': 0.0005020330839422401, 'tol': 0.00017183793849681408, 'validation_fraction': 0.6481162241925247}]
/home/ryedida/.local/lib/python3.8/site-packages/sklearn/neural_network/_multilayer_perceptron.py:621: UserWarning: Got `batch_size` less than 1 or larger than sample size. It is going to be clipped
  warnings.warn(

function_evaluation time 0.113614 value -0.625000 suggestion {'alpha': 0.08296457819671108, 'batch_size': 115, 'beta_1': 0.9641068062578708, 'beta_2': 0.9997479640866446, 'epsilon': 1.948968355578608e-08, 'hidden_layer_sizes': 198, 'learning_rate_init': 0.0005020330839422401, 'tol': 0.00017183793849681408, 'validation_fraction': 0.6481162241925247}
observation time 0.000002, current best -0.950000 at iter 4
suggestion time taken 0.003952 iter 5 next_points [{'alpha': 0.0071401451439603, 'batch_size': 228, 'beta_1': 0.658194152042891, 'beta_2': 0.9837722355840365, 'epsilon': 9.947592104519342e-08, 'hidden_layer_sizes': 92, 'learning_rate_init': 0.020024284794436308, 'tol': 4.887882132772386e-05, 'validation_fraction': 0.5541181758181618}]
/home/ryedida/.local/lib/python3.8/site-packages/sklearn/neural_network/_multilayer_perceptron.py:621: UserWarning: Got `batch_size` less than 1 or larger than sample size. It is going to be clipped
  warnings.warn(

function_evaluation time 0.139986 value -0.966667 suggestion {'alpha': 0.0071401451439603, 'batch_size': 228, 'beta_1': 0.658194152042891, 'beta_2': 0.9837722355840365, 'epsilon': 9.947592104519342e-08, 'hidden_layer_sizes': 92, 'learning_rate_init': 0.020024284794436308, 'tol': 4.887882132772386e-05, 'validation_fraction': 0.5541181758181618}
observation time 0.000003, current best -0.966667 at iter 5
suggestion time taken 0.003912 iter 6 next_points [{'alpha': 1.2801650144243724, 'batch_size': 48, 'beta_1': 0.8815774463160546, 'beta_2': 0.9999457799490652, 'epsilon': 3.561756946668534e-07, 'hidden_layer_sizes': 51, 'learning_rate_init': 0.011548404366055882, 'tol': 0.008378974386202715, 'validation_fraction': 0.28877715960110095}]
function_evaluation time 0.169049 value -0.958333 suggestion {'alpha': 1.2801650144243724, 'batch_size': 48, 'beta_1': 0.8815774463160546, 'beta_2': 0.9999457799490652, 'epsilon': 3.561756946668534e-07, 'hidden_layer_sizes': 51, 'learning_rate_init': 0.011548404366055882, 'tol': 0.008378974386202715, 'validation_fraction': 0.28877715960110095}
observation time 0.000003, current best -0.966667 at iter 6
suggestion time taken 0.003927 iter 7 next_points [{'alpha': 0.8448645940593223, 'batch_size': 242, 'beta_1': 0.6941875790055735, 'beta_2': 0.9999906422437383, 'epsilon': 8.137116469793058e-09, 'hidden_layer_sizes': 67, 'learning_rate_init': 0.004554334686085651, 'tol': 0.005510548474067254, 'validation_fraction': 0.13234877972838202}]
/home/ryedida/.local/lib/python3.8/site-packages/sklearn/neural_network/_multilayer_perceptron.py:621: UserWarning: Got `batch_size` less than 1 or larger than sample size. It is going to be clipped
  warnings.warn(

function_evaluation time 0.101831 value -0.741667 suggestion {'alpha': 0.8448645940593223, 'batch_size': 242, 'beta_1': 0.6941875790055735, 'beta_2': 0.9999906422437383, 'epsilon': 8.137116469793058e-09, 'hidden_layer_sizes': 67, 'learning_rate_init': 0.004554334686085651, 'tol': 0.005510548474067254, 'validation_fraction': 0.13234877972838202}
observation time 0.000002, current best -0.966667 at iter 7
suggestion time taken 0.003912 iter 8 next_points [{'alpha': 1.995110235161298e-05, 'batch_size': 224, 'beta_1': 0.6697619646781788, 'beta_2': 0.9999820987151576, 'epsilon': 1.7149373183535364e-09, 'hidden_layer_sizes': 99, 'learning_rate_init': 0.017533015230296475, 'tol': 0.00037362726983373394, 'validation_fraction': 0.4322837464441086}]
/home/ryedida/.local/lib/python3.8/site-packages/sklearn/neural_network/_multilayer_perceptron.py:621: UserWarning: Got `batch_size` less than 1 or larger than sample size. It is going to be clipped
  warnings.warn(

function_evaluation time 0.163798 value -0.950000 suggestion {'alpha': 1.995110235161298e-05, 'batch_size': 224, 'beta_1': 0.6697619646781788, 'beta_2': 0.9999820987151576, 'epsilon': 1.7149373183535364e-09, 'hidden_layer_sizes': 99, 'learning_rate_init': 0.017533015230296475, 'tol': 0.00037362726983373394, 'validation_fraction': 0.4322837464441086}
observation time 0.000002, current best -0.966667 at iter 8
suggestion time taken 0.004033 iter 9 next_points [{'alpha': 0.0005842336389941498, 'batch_size': 127, 'beta_1': 0.9855244916335845, 'beta_2': 0.9999976002760518, 'epsilon': 1.3738367480502099e-09, 'hidden_layer_sizes': 95, 'learning_rate_init': 0.011288224867736363, 'tol': 1.35740728952447e-05, 'validation_fraction': 0.5529756060443136}]
/home/ryedida/.local/lib/python3.8/site-packages/sklearn/neural_network/_multilayer_perceptron.py:621: UserWarning: Got `batch_size` less than 1 or larger than sample size. It is going to be clipped
  warnings.warn(

function_evaluation time 0.134467 value -0.958333 suggestion {'alpha': 0.0005842336389941498, 'batch_size': 127, 'beta_1': 0.9855244916335845, 'beta_2': 0.9999976002760518, 'epsilon': 1.3738367480502099e-09, 'hidden_layer_sizes': 95, 'learning_rate_init': 0.011288224867736363, 'tol': 1.35740728952447e-05, 'validation_fraction': 0.5529756060443136}
observation time 0.000002, current best -0.966667 at iter 9
suggestion time taken 0.003996 iter 10 next_points [{'alpha': 0.40311948521480856, 'batch_size': 50, 'beta_1': 0.9307506410632727, 'beta_2': 0.9691196984059279, 'epsilon': 6.718777831412192e-08, 'hidden_layer_sizes': 198, 'learning_rate_init': 0.000562795571030084, 'tol': 0.0020610850218571483, 'validation_fraction': 0.1377575114734314}]
function_evaluation time 0.186586 value -0.791667 suggestion {'alpha': 0.40311948521480856, 'batch_size': 50, 'beta_1': 0.9307506410632727, 'beta_2': 0.9691196984059279, 'epsilon': 6.718777831412192e-08, 'hidden_layer_sizes': 198, 'learning_rate_init': 0.000562795571030084, 'tol': 0.0020610850218571483, 'validation_fraction': 0.1377575114734314}
observation time 0.000002, current best -0.966667 at iter 10
suggestion time taken 0.004328 iter 11 next_points [{'alpha': 0.0026035041514085072, 'batch_size': 172, 'beta_1': 0.914212944073877, 'beta_2': 0.9642480661406768, 'epsilon': 3.942290063406097e-09, 'hidden_layer_sizes': 177, 'learning_rate_init': 1.2333128010892456e-05, 'tol': 1.8680379425054398e-05, 'validation_fraction': 0.3244462425131294}]
/home/ryedida/.local/lib/python3.8/site-packages/sklearn/neural_network/_multilayer_perceptron.py:621: UserWarning: Got `batch_size` less than 1 or larger than sample size. It is going to be clipped
  warnings.warn(

function_evaluation time 0.078351 value -0.241667 suggestion {'alpha': 0.0026035041514085072, 'batch_size': 172, 'beta_1': 0.914212944073877, 'beta_2': 0.9642480661406768, 'epsilon': 3.942290063406097e-09, 'hidden_layer_sizes': 177, 'learning_rate_init': 1.2333128010892456e-05, 'tol': 1.8680379425054398e-05, 'validation_fraction': 0.3244462425131294}
observation time 0.000002, current best -0.966667 at iter 11
suggestion time taken 0.003975 iter 12 next_points [{'alpha': 2.607365764701683, 'batch_size': 181, 'beta_1': 0.9838252817259212, 'beta_2': 0.9999817019052581, 'epsilon': 2.4927611745111837e-08, 'hidden_layer_sizes': 67, 'learning_rate_init': 0.0003702184775603349, 'tol': 3.815707348205051e-05, 'validation_fraction': 0.8829939257891242}]
/home/ryedida/.local/lib/python3.8/site-packages/sklearn/neural_network/_multilayer_perceptron.py:621: UserWarning: Got `batch_size` less than 1 or larger than sample size. It is going to be clipped
  warnings.warn(

function_evaluation time 0.083234 value -0.416667 suggestion {'alpha': 2.607365764701683, 'batch_size': 181, 'beta_1': 0.9838252817259212, 'beta_2': 0.9999817019052581, 'epsilon': 2.4927611745111837e-08, 'hidden_layer_sizes': 67, 'learning_rate_init': 0.0003702184775603349, 'tol': 3.815707348205051e-05, 'validation_fraction': 0.8829939257891242}
observation time 0.000002, current best -0.966667 at iter 12
suggestion time taken 0.003928 iter 13 next_points [{'alpha': 5.661813995928045e-05, 'batch_size': 33, 'beta_1': 0.6965957011258915, 'beta_2': 0.9992042984731706, 'epsilon': 2.5043326174724566e-07, 'hidden_layer_sizes': 175, 'learning_rate_init': 0.004093779549215499, 'tol': 0.00027268665988373447, 'validation_fraction': 0.7996511101433051}]
/home/ryedida/.local/lib/python3.8/site-packages/sklearn/neural_network/_multilayer_perceptron.py:621: UserWarning: Got `batch_size` less than 1 or larger than sample size. It is going to be clipped
  warnings.warn(

function_evaluation time 0.129709 value -0.825000 suggestion {'alpha': 5.661813995928045e-05, 'batch_size': 33, 'beta_1': 0.6965957011258915, 'beta_2': 0.9992042984731706, 'epsilon': 2.5043326174724566e-07, 'hidden_layer_sizes': 175, 'learning_rate_init': 0.004093779549215499, 'tol': 0.00027268665988373447, 'validation_fraction': 0.7996511101433051}
observation time 0.000002, current best -0.966667 at iter 13
suggestion time taken 0.003909 iter 14 next_points [{'alpha': 1.7812865072064499, 'batch_size': 86, 'beta_1': 0.9882851314693611, 'beta_2': 0.9655056455288876, 'epsilon': 2.108796900699261e-09, 'hidden_layer_sizes': 174, 'learning_rate_init': 0.00019484499235486238, 'tol': 0.037114443280480774, 'validation_fraction': 0.16909260865700296}]
function_evaluation time 0.088987 value -0.316667 suggestion {'alpha': 1.7812865072064499, 'batch_size': 86, 'beta_1': 0.9882851314693611, 'beta_2': 0.9655056455288876, 'epsilon': 2.108796900699261e-09, 'hidden_layer_sizes': 174, 'learning_rate_init': 0.00019484499235486238, 'tol': 0.037114443280480774, 'validation_fraction': 0.16909260865700296}
observation time 0.000002, current best -0.966667 at iter 14
suggestion time taken 0.003793 iter 15 next_points [{'alpha': 0.06252533889318417, 'batch_size': 142, 'beta_1': 0.9113281082743047, 'beta_2': 0.9264156572961179, 'epsilon': 2.9112186956254374e-08, 'hidden_layer_sizes': 165, 'learning_rate_init': 0.0004632029605678413, 'tol': 0.012234452490166104, 'validation_fraction': 0.750186626518019}]
/home/ryedida/.local/lib/python3.8/site-packages/sklearn/neural_network/_multilayer_perceptron.py:621: UserWarning: Got `batch_size` less than 1 or larger than sample size. It is going to be clipped
  warnings.warn(

function_evaluation time 0.121232 value -0.583333 suggestion {'alpha': 0.06252533889318417, 'batch_size': 142, 'beta_1': 0.9113281082743047, 'beta_2': 0.9264156572961179, 'epsilon': 2.9112186956254374e-08, 'hidden_layer_sizes': 165, 'learning_rate_init': 0.0004632029605678413, 'tol': 0.012234452490166104, 'validation_fraction': 0.750186626518019}
observation time 0.000002, current best -0.966667 at iter 15
suggestion time taken 0.003861 iter 16 next_points [{'alpha': 0.0006326767432782707, 'batch_size': 112, 'beta_1': 0.7848400294104743, 'beta_2': 0.9695224050442764, 'epsilon': 2.140579468935431e-08, 'hidden_layer_sizes': 115, 'learning_rate_init': 1.1839110456283247e-05, 'tol': 0.00014142838223090624, 'validation_fraction': 0.24252418714367602}]
/home/ryedida/.local/lib/python3.8/site-packages/sklearn/neural_network/_multilayer_perceptron.py:621: UserWarning: Got `batch_size` less than 1 or larger than sample size. It is going to be clipped
  warnings.warn(

function_evaluation time 0.071078 value -0.358333 suggestion {'alpha': 0.0006326767432782707, 'batch_size': 112, 'beta_1': 0.7848400294104743, 'beta_2': 0.9695224050442764, 'epsilon': 2.140579468935431e-08, 'hidden_layer_sizes': 115, 'learning_rate_init': 1.1839110456283247e-05, 'tol': 0.00014142838223090624, 'validation_fraction': 0.24252418714367602}
observation time 0.000002, current best -0.966667 at iter 16
suggestion time taken 0.003929 iter 17 next_points [{'alpha': 4.0065622257664676e-05, 'batch_size': 93, 'beta_1': 0.8638240587974197, 'beta_2': 0.9999984534592233, 'epsilon': 1.8974336203300689e-07, 'hidden_layer_sizes': 80, 'learning_rate_init': 0.04758337324061733, 'tol': 0.07067734154261328, 'validation_fraction': 0.7328329104095154}]
/home/ryedida/.local/lib/python3.8/site-packages/sklearn/neural_network/_multilayer_perceptron.py:621: UserWarning: Got `batch_size` less than 1 or larger than sample size. It is going to be clipped
  warnings.warn(

function_evaluation time 0.097416 value -0.866667 suggestion {'alpha': 4.0065622257664676e-05, 'batch_size': 93, 'beta_1': 0.8638240587974197, 'beta_2': 0.9999984534592233, 'epsilon': 1.8974336203300689e-07, 'hidden_layer_sizes': 80, 'learning_rate_init': 0.04758337324061733, 'tol': 0.07067734154261328, 'validation_fraction': 0.7328329104095154}
observation time 0.000002, current best -0.966667 at iter 17
suggestion time taken 0.003895 iter 18 next_points [{'alpha': 0.09150350762203704, 'batch_size': 241, 'beta_1': 0.9472261856849912, 'beta_2': 0.9981879109780664, 'epsilon': 6.85804243585398e-08, 'hidden_layer_sizes': 152, 'learning_rate_init': 0.05316404915369572, 'tol': 0.0002859990172837432, 'validation_fraction': 0.7428718477271123}]
/home/ryedida/.local/lib/python3.8/site-packages/sklearn/neural_network/_multilayer_perceptron.py:621: UserWarning: Got `batch_size` less than 1 or larger than sample size. It is going to be clipped
  warnings.warn(

function_evaluation time 0.156004 value -0.908333 suggestion {'alpha': 0.09150350762203704, 'batch_size': 241, 'beta_1': 0.9472261856849912, 'beta_2': 0.9981879109780664, 'epsilon': 6.85804243585398e-08, 'hidden_layer_sizes': 152, 'learning_rate_init': 0.05316404915369572, 'tol': 0.0002859990172837432, 'validation_fraction': 0.7428718477271123}
observation time 0.000002, current best -0.966667 at iter 18
suggestion time taken 0.003926 iter 19 next_points [{'alpha': 3.407931863097646e-05, 'batch_size': 89, 'beta_1': 0.9269539555294013, 'beta_2': 0.995642427228091, 'epsilon': 2.86430812430039e-07, 'hidden_layer_sizes': 135, 'learning_rate_init': 0.0018481910816317611, 'tol': 0.0001108396148433394, 'validation_fraction': 0.2163613130602794}]
function_evaluation time 0.094847 value -0.683333 suggestion {'alpha': 3.407931863097646e-05, 'batch_size': 89, 'beta_1': 0.9269539555294013, 'beta_2': 0.995642427228091, 'epsilon': 2.86430812430039e-07, 'hidden_layer_sizes': 135, 'learning_rate_init': 0.0018481910816317611, 'tol': 0.0001108396148433394, 'validation_fraction': 0.2163613130602794}
observation time 0.000001, current best -0.966667 at iter 19
suggestion time taken 0.003930 iter 20 next_points [{'alpha': 0.012042225417123605, 'batch_size': 75, 'beta_1': 0.6241047492243744, 'beta_2': 0.9999960951247412, 'epsilon': 1.0540711114459994e-09, 'hidden_layer_sizes': 196, 'learning_rate_init': 0.0012780526458996135, 'tol': 3.616153760854685e-05, 'validation_fraction': 0.8548038039978714}]
/home/ryedida/.local/lib/python3.8/site-packages/sklearn/neural_network/_multilayer_perceptron.py:621: UserWarning: Got `batch_size` less than 1 or larger than sample size. It is going to be clipped
  warnings.warn(

function_evaluation time 0.164734 value -0.708333 suggestion {'alpha': 0.012042225417123605, 'batch_size': 75, 'beta_1': 0.6241047492243744, 'beta_2': 0.9999960951247412, 'epsilon': 1.0540711114459994e-09, 'hidden_layer_sizes': 196, 'learning_rate_init': 0.0012780526458996135, 'tol': 3.616153760854685e-05, 'validation_fraction': 0.8548038039978714}
observation time 0.000002, current best -0.966667 at iter 20
suggestion time taken 0.003902 iter 21 next_points [{'alpha': 0.03868801510579118, 'batch_size': 159, 'beta_1': 0.882189974130075, 'beta_2': 0.9999943404560518, 'epsilon': 2.4497781585423006e-07, 'hidden_layer_sizes': 159, 'learning_rate_init': 1.8223597265594595e-05, 'tol': 0.001090021766092679, 'validation_fraction': 0.6864862416666424}]
/home/ryedida/.local/lib/python3.8/site-packages/sklearn/neural_network/_multilayer_perceptron.py:621: UserWarning: Got `batch_size` less than 1 or larger than sample size. It is going to be clipped
  warnings.warn(

function_evaluation time 0.071392 value -0.375000 suggestion {'alpha': 0.03868801510579118, 'batch_size': 159, 'beta_1': 0.882189974130075, 'beta_2': 0.9999943404560518, 'epsilon': 2.4497781585423006e-07, 'hidden_layer_sizes': 159, 'learning_rate_init': 1.8223597265594595e-05, 'tol': 0.001090021766092679, 'validation_fraction': 0.6864862416666424}
observation time 0.000002, current best -0.966667 at iter 21
suggestion time taken 0.003870 iter 22 next_points [{'alpha': 0.06360592384557288, 'batch_size': 190, 'beta_1': 0.9596751249448764, 'beta_2': 0.999991859070613, 'epsilon': 9.78558933384792e-09, 'hidden_layer_sizes': 133, 'learning_rate_init': 0.0015955146732636468, 'tol': 6.472609424519932e-05, 'validation_fraction': 0.11224624893771827}]
/home/ryedida/.local/lib/python3.8/site-packages/sklearn/neural_network/_multilayer_perceptron.py:621: UserWarning: Got `batch_size` less than 1 or larger than sample size. It is going to be clipped
  warnings.warn(

function_evaluation time 0.130344 value -0.775000 suggestion {'alpha': 0.06360592384557288, 'batch_size': 190, 'beta_1': 0.9596751249448764, 'beta_2': 0.999991859070613, 'epsilon': 9.78558933384792e-09, 'hidden_layer_sizes': 133, 'learning_rate_init': 0.0015955146732636468, 'tol': 6.472609424519932e-05, 'validation_fraction': 0.11224624893771827}
observation time 0.000002, current best -0.966667 at iter 22
suggestion time taken 0.003876 iter 23 next_points [{'alpha': 1.6227767746785833e-05, 'batch_size': 45, 'beta_1': 0.9864431803528649, 'beta_2': 0.9998682141359875, 'epsilon': 1.537831154318193e-07, 'hidden_layer_sizes': 119, 'learning_rate_init': 0.00940636114029609, 'tol': 0.0002324739143960033, 'validation_fraction': 0.4717076216764506}]
function_evaluation time 0.195977 value -0.941667 suggestion {'alpha': 1.6227767746785833e-05, 'batch_size': 45, 'beta_1': 0.9864431803528649, 'beta_2': 0.9998682141359875, 'epsilon': 1.537831154318193e-07, 'hidden_layer_sizes': 119, 'learning_rate_init': 0.00940636114029609, 'tol': 0.0002324739143960033, 'validation_fraction': 0.4717076216764506}
observation time 0.000002, current best -0.966667 at iter 23
suggestion time taken 0.003858 iter 24 next_points [{'alpha': 3.31265224347648, 'batch_size': 24, 'beta_1': 0.9392142936974803, 'beta_2': 0.9998907277925069, 'epsilon': 5.960328205564967e-09, 'hidden_layer_sizes': 170, 'learning_rate_init': 0.005949722757968247, 'tol': 0.0019632960234868923, 'validation_fraction': 0.3298044844302761}]
function_evaluation time 0.215889 value -0.925000 suggestion {'alpha': 3.31265224347648, 'batch_size': 24, 'beta_1': 0.9392142936974803, 'beta_2': 0.9998907277925069, 'epsilon': 5.960328205564967e-09, 'hidden_layer_sizes': 170, 'learning_rate_init': 0.005949722757968247, 'tol': 0.0019632960234868923, 'validation_fraction': 0.3298044844302761}
observation time 0.000002, current best -0.966667 at iter 24
suggestion time taken 0.003959 iter 25 next_points [{'alpha': 0.5354493785353125, 'batch_size': 12, 'beta_1': 0.8840035934097509, 'beta_2': 0.999997674716566, 'epsilon': 4.075207134811158e-09, 'hidden_layer_sizes': 90, 'learning_rate_init': 0.00012762872767801956, 'tol': 0.024123666176927912, 'validation_fraction': 0.6763287724637316}]
function_evaluation time 0.111780 value -0.375000 suggestion {'alpha': 0.5354493785353125, 'batch_size': 12, 'beta_1': 0.8840035934097509, 'beta_2': 0.999997674716566, 'epsilon': 4.075207134811158e-09, 'hidden_layer_sizes': 90, 'learning_rate_init': 0.00012762872767801956, 'tol': 0.024123666176927912, 'validation_fraction': 0.6763287724637316}
observation time 0.000003, current best -0.966667 at iter 25
suggestion time taken 0.003899 iter 26 next_points [{'alpha': 0.40558302412034913, 'batch_size': 143, 'beta_1': 0.8248933600316668, 'beta_2': 0.9996477622506655, 'epsilon': 8.105979303433033e-08, 'hidden_layer_sizes': 123, 'learning_rate_init': 3.4748318877055234e-05, 'tol': 0.036122091132718186, 'validation_fraction': 0.7322861406698036}]
/home/ryedida/.local/lib/python3.8/site-packages/sklearn/neural_network/_multilayer_perceptron.py:621: UserWarning: Got `batch_size` less than 1 or larger than sample size. It is going to be clipped
  warnings.warn(

function_evaluation time 0.068875 value -0.400000 suggestion {'alpha': 0.40558302412034913, 'batch_size': 143, 'beta_1': 0.8248933600316668, 'beta_2': 0.9996477622506655, 'epsilon': 8.105979303433033e-08, 'hidden_layer_sizes': 123, 'learning_rate_init': 3.4748318877055234e-05, 'tol': 0.036122091132718186, 'validation_fraction': 0.7322861406698036}
observation time 0.000002, current best -0.966667 at iter 26
suggestion time taken 0.003875 iter 27 next_points [{'alpha': 0.0005914754399321282, 'batch_size': 107, 'beta_1': 0.5512363374879421, 'beta_2': 0.9999921257517627, 'epsilon': 1.0888564827927677e-09, 'hidden_layer_sizes': 194, 'learning_rate_init': 0.0025323678215086265, 'tol': 0.02834038493548573, 'validation_fraction': 0.6582179259489195}]
/home/ryedida/.local/lib/python3.8/site-packages/sklearn/neural_network/_multilayer_perceptron.py:621: UserWarning: Got `batch_size` less than 1 or larger than sample size. It is going to be clipped
  warnings.warn(

function_evaluation time 0.091626 value -0.700000 suggestion {'alpha': 0.0005914754399321282, 'batch_size': 107, 'beta_1': 0.5512363374879421, 'beta_2': 0.9999921257517627, 'epsilon': 1.0888564827927677e-09, 'hidden_layer_sizes': 194, 'learning_rate_init': 0.0025323678215086265, 'tol': 0.02834038493548573, 'validation_fraction': 0.6582179259489195}
observation time 0.000002, current best -0.966667 at iter 27
suggestion time taken 0.004021 iter 28 next_points [{'alpha': 0.000628756320100875, 'batch_size': 207, 'beta_1': 0.876335496693316, 'beta_2': 0.9999787204306348, 'epsilon': 2.3731599717907627e-09, 'hidden_layer_sizes': 102, 'learning_rate_init': 0.003268855381959583, 'tol': 0.00043940615030698175, 'validation_fraction': 0.8470095548276177}]
/home/ryedida/.local/lib/python3.8/site-packages/sklearn/neural_network/_multilayer_perceptron.py:621: UserWarning: Got `batch_size` less than 1 or larger than sample size. It is going to be clipped
  warnings.warn(

function_evaluation time 0.156440 value -0.925000 suggestion {'alpha': 0.000628756320100875, 'batch_size': 207, 'beta_1': 0.876335496693316, 'beta_2': 0.9999787204306348, 'epsilon': 2.3731599717907627e-09, 'hidden_layer_sizes': 102, 'learning_rate_init': 0.003268855381959583, 'tol': 0.00043940615030698175, 'validation_fraction': 0.8470095548276177}
observation time 0.000002, current best -0.966667 at iter 28
suggestion time taken 0.003904 iter 29 next_points [{'alpha': 0.004608116588816291, 'batch_size': 152, 'beta_1': 0.5906836146978306, 'beta_2': 0.9999773831052001, 'epsilon': 4.6465308573997247e-07, 'hidden_layer_sizes': 184, 'learning_rate_init': 6.54569340985241e-05, 'tol': 0.0005900226366520546, 'validation_fraction': 0.3289819038843733}]
/home/ryedida/.local/lib/python3.8/site-packages/sklearn/neural_network/_multilayer_perceptron.py:621: UserWarning: Got `batch_size` less than 1 or larger than sample size. It is going to be clipped
  warnings.warn(

function_evaluation time 0.091917 value -0.241667 suggestion {'alpha': 0.004608116588816291, 'batch_size': 152, 'beta_1': 0.5906836146978306, 'beta_2': 0.9999773831052001, 'epsilon': 4.6465308573997247e-07, 'hidden_layer_sizes': 184, 'learning_rate_init': 6.54569340985241e-05, 'tol': 0.0005900226366520546, 'validation_fraction': 0.3289819038843733}
observation time 0.000002, current best -0.966667 at iter 29
suggestion time taken 0.003775 iter 30 next_points [{'alpha': 0.1896649415638568, 'batch_size': 84, 'beta_1': 0.8087274377983129, 'beta_2': 0.9872690345225315, 'epsilon': 8.93011890289063e-08, 'hidden_layer_sizes': 143, 'learning_rate_init': 0.002082329600187318, 'tol': 0.05831717997087582, 'validation_fraction': 0.8754452936905022}]
/home/ryedida/.local/lib/python3.8/site-packages/sklearn/neural_network/_multilayer_perceptron.py:621: UserWarning: Got `batch_size` less than 1 or larger than sample size. It is going to be clipped
  warnings.warn(

function_evaluation time 0.080060 value -0.600000 suggestion {'alpha': 0.1896649415638568, 'batch_size': 84, 'beta_1': 0.8087274377983129, 'beta_2': 0.9872690345225315, 'epsilon': 8.93011890289063e-08, 'hidden_layer_sizes': 143, 'learning_rate_init': 0.002082329600187318, 'tol': 0.05831717997087582, 'validation_fraction': 0.8754452936905022}
observation time 0.000002, current best -0.966667 at iter 30
suggestion time taken 0.003844 iter 31 next_points [{'alpha': 0.032025544713019605, 'batch_size': 18, 'beta_1': 0.8472572243525491, 'beta_2': 0.9996176165838659, 'epsilon': 3.111051003401549e-08, 'hidden_layer_sizes': 169, 'learning_rate_init': 2.9444027415731968e-05, 'tol': 0.0004614830280014669, 'validation_fraction': 0.21328027537718053}]
function_evaluation time 0.198925 value -0.350000 suggestion {'alpha': 0.032025544713019605, 'batch_size': 18, 'beta_1': 0.8472572243525491, 'beta_2': 0.9996176165838659, 'epsilon': 3.111051003401549e-08, 'hidden_layer_sizes': 169, 'learning_rate_init': 2.9444027415731968e-05, 'tol': 0.0004614830280014669, 'validation_fraction': 0.21328027537718053}
observation time 0.000002, current best -0.966667 at iter 31
suggestion time taken 0.003868 iter 32 next_points [{'alpha': 5.034843104429587, 'batch_size': 229, 'beta_1': 0.8627223156129804, 'beta_2': 0.9999881253348112, 'epsilon': 3.9533376999304353e-07, 'hidden_layer_sizes': 53, 'learning_rate_init': 0.023109586709765505, 'tol': 8.460389318443722e-05, 'validation_fraction': 0.38790656373030113}]
/home/ryedida/.local/lib/python3.8/site-packages/sklearn/neural_network/_multilayer_perceptron.py:621: UserWarning: Got `batch_size` less than 1 or larger than sample size. It is going to be clipped
  warnings.warn(

function_evaluation time 0.125429 value -0.941667 suggestion {'alpha': 5.034843104429587, 'batch_size': 229, 'beta_1': 0.8627223156129804, 'beta_2': 0.9999881253348112, 'epsilon': 3.9533376999304353e-07, 'hidden_layer_sizes': 53, 'learning_rate_init': 0.023109586709765505, 'tol': 8.460389318443722e-05, 'validation_fraction': 0.38790656373030113}
observation time 0.000002, current best -0.966667 at iter 32
suggestion time taken 0.003911 iter 33 next_points [{'alpha': 0.005966405509146272, 'batch_size': 230, 'beta_1': 0.9774208039233573, 'beta_2': 0.9825299090703593, 'epsilon': 1.1536954163846571e-09, 'hidden_layer_sizes': 94, 'learning_rate_init': 0.000319275141375793, 'tol': 0.0038705665293163965, 'validation_fraction': 0.22794911591930073}]
/home/ryedida/.local/lib/python3.8/site-packages/sklearn/neural_network/_multilayer_perceptron.py:621: UserWarning: Got `batch_size` less than 1 or larger than sample size. It is going to be clipped
  warnings.warn(

function_evaluation time 0.076703 value -0.408333 suggestion {'alpha': 0.005966405509146272, 'batch_size': 230, 'beta_1': 0.9774208039233573, 'beta_2': 0.9825299090703593, 'epsilon': 1.1536954163846571e-09, 'hidden_layer_sizes': 94, 'learning_rate_init': 0.000319275141375793, 'tol': 0.0038705665293163965, 'validation_fraction': 0.22794911591930073}
observation time 0.000002, current best -0.966667 at iter 33
suggestion time taken 0.003846 iter 34 next_points [{'alpha': 0.00017586691403222637, 'batch_size': 190, 'beta_1': 0.9103278889574467, 'beta_2': 0.9999889995605442, 'epsilon': 6.18176750493419e-08, 'hidden_layer_sizes': 87, 'learning_rate_init': 6.488334675705036e-05, 'tol': 0.0008827695406911334, 'validation_fraction': 0.5495778615591357}]
/home/ryedida/.local/lib/python3.8/site-packages/sklearn/neural_network/_multilayer_perceptron.py:621: UserWarning: Got `batch_size` less than 1 or larger than sample size. It is going to be clipped
  warnings.warn(

function_evaluation time 0.072867 value -0.266667 suggestion {'alpha': 0.00017586691403222637, 'batch_size': 190, 'beta_1': 0.9103278889574467, 'beta_2': 0.9999889995605442, 'epsilon': 6.18176750493419e-08, 'hidden_layer_sizes': 87, 'learning_rate_init': 6.488334675705036e-05, 'tol': 0.0008827695406911334, 'validation_fraction': 0.5495778615591357}
observation time 0.000002, current best -0.966667 at iter 34
suggestion time taken 0.003882 iter 35 next_points [{'alpha': 3.0189471263509713, 'batch_size': 192, 'beta_1': 0.968986642197789, 'beta_2': 0.9666320301353689, 'epsilon': 5.030772578567412e-07, 'hidden_layer_sizes': 180, 'learning_rate_init': 0.00038045574811105756, 'tol': 0.00012069707739121116, 'validation_fraction': 0.4132008762394185}]
/home/ryedida/.local/lib/python3.8/site-packages/sklearn/neural_network/_multilayer_perceptron.py:621: UserWarning: Got `batch_size` less than 1 or larger than sample size. It is going to be clipped
  warnings.warn(

function_evaluation time 0.146107 value -0.558333 suggestion {'alpha': 3.0189471263509713, 'batch_size': 192, 'beta_1': 0.968986642197789, 'beta_2': 0.9666320301353689, 'epsilon': 5.030772578567412e-07, 'hidden_layer_sizes': 180, 'learning_rate_init': 0.00038045574811105756, 'tol': 0.00012069707739121116, 'validation_fraction': 0.4132008762394185}
observation time 0.000002, current best -0.966667 at iter 35
suggestion time taken 0.003923 iter 36 next_points [{'alpha': 0.0003050543580227173, 'batch_size': 107, 'beta_1': 0.9361072150298081, 'beta_2': 0.9999975321737912, 'epsilon': 1.1320428726305888e-08, 'hidden_layer_sizes': 91, 'learning_rate_init': 0.010678917172099652, 'tol': 2.363199130898499e-05, 'validation_fraction': 0.7370727933294992}]
/home/ryedida/.local/lib/python3.8/site-packages/sklearn/neural_network/_multilayer_perceptron.py:621: UserWarning: Got `batch_size` less than 1 or larger than sample size. It is going to be clipped
  warnings.warn(

function_evaluation time 0.150019 value -0.925000 suggestion {'alpha': 0.0003050543580227173, 'batch_size': 107, 'beta_1': 0.9361072150298081, 'beta_2': 0.9999975321737912, 'epsilon': 1.1320428726305888e-08, 'hidden_layer_sizes': 91, 'learning_rate_init': 0.010678917172099652, 'tol': 2.363199130898499e-05, 'validation_fraction': 0.7370727933294992}
observation time 0.000002, current best -0.966667 at iter 36
suggestion time taken 0.003924 iter 37 next_points [{'alpha': 0.09983981902813006, 'batch_size': 61, 'beta_1': 0.8983088261485371, 'beta_2': 0.9890467595498907, 'epsilon': 5.445966422104958e-08, 'hidden_layer_sizes': 136, 'learning_rate_init': 0.00028448797264501725, 'tol': 3.096718806657914e-05, 'validation_fraction': 0.41238597357968076}]
function_evaluation time 0.125634 value -0.308333 suggestion {'alpha': 0.09983981902813006, 'batch_size': 61, 'beta_1': 0.8983088261485371, 'beta_2': 0.9890467595498907, 'epsilon': 5.445966422104958e-08, 'hidden_layer_sizes': 136, 'learning_rate_init': 0.00028448797264501725, 'tol': 3.096718806657914e-05, 'validation_fraction': 0.41238597357968076}
observation time 0.000002, current best -0.966667 at iter 37
suggestion time taken 0.003938 iter 38 next_points [{'alpha': 0.05813804508537506, 'batch_size': 46, 'beta_1': 0.7558828233765631, 'beta_2': 0.9999971930073976, 'epsilon': 3.0094958935722164e-09, 'hidden_layer_sizes': 178, 'learning_rate_init': 0.010877560356109543, 'tol': 0.04393309592292622, 'validation_fraction': 0.2853821861175097}]
function_evaluation time 0.155048 value -0.933333 suggestion {'alpha': 0.05813804508537506, 'batch_size': 46, 'beta_1': 0.7558828233765631, 'beta_2': 0.9999971930073976, 'epsilon': 3.0094958935722164e-09, 'hidden_layer_sizes': 178, 'learning_rate_init': 0.010877560356109543, 'tol': 0.04393309592292622, 'validation_fraction': 0.2853821861175097}
observation time 0.000003, current best -0.966667 at iter 38
suggestion time taken 0.003875 iter 39 next_points [{'alpha': 0.3401789515467256, 'batch_size': 77, 'beta_1': 0.9163998693479747, 'beta_2': 0.9999583474960793, 'epsilon': 5.2153761939700607e-08, 'hidden_layer_sizes': 56, 'learning_rate_init': 1.77070243432978e-05, 'tol': 0.001208546741779506, 'validation_fraction': 0.5038621525086111}]
/home/ryedida/.local/lib/python3.8/site-packages/sklearn/neural_network/_multilayer_perceptron.py:621: UserWarning: Got `batch_size` less than 1 or larger than sample size. It is going to be clipped
  warnings.warn(

function_evaluation time 0.065574 value -0.333333 suggestion {'alpha': 0.3401789515467256, 'batch_size': 77, 'beta_1': 0.9163998693479747, 'beta_2': 0.9999583474960793, 'epsilon': 5.2153761939700607e-08, 'hidden_layer_sizes': 56, 'learning_rate_init': 1.77070243432978e-05, 'tol': 0.001208546741779506, 'validation_fraction': 0.5038621525086111}
observation time 0.000002, current best -0.966667 at iter 39
suggestion time taken 0.003972 iter 40 next_points [{'alpha': 1.0907803274218746, 'batch_size': 186, 'beta_1': 0.9896543487719115, 'beta_2': 0.9759737210878742, 'epsilon': 3.0314668656284477e-07, 'hidden_layer_sizes': 100, 'learning_rate_init': 0.0009547976095564752, 'tol': 0.017312489314346025, 'validation_fraction': 0.6293951706407028}]
/home/ryedida/.local/lib/python3.8/site-packages/sklearn/neural_network/_multilayer_perceptron.py:621: UserWarning: Got `batch_size` less than 1 or larger than sample size. It is going to be clipped
  warnings.warn(

function_evaluation time 0.111557 value -0.791667 suggestion {'alpha': 1.0907803274218746, 'batch_size': 186, 'beta_1': 0.9896543487719115, 'beta_2': 0.9759737210878742, 'epsilon': 3.0314668656284477e-07, 'hidden_layer_sizes': 100, 'learning_rate_init': 0.0009547976095564752, 'tol': 0.017312489314346025, 'validation_fraction': 0.6293951706407028}
observation time 0.000002, current best -0.966667 at iter 40
suggestion time taken 0.003896 iter 41 next_points [{'alpha': 0.009262967419871846, 'batch_size': 78, 'beta_1': 0.9203505223066475, 'beta_2': 0.9991747120494825, 'epsilon': 2.2859090730565587e-09, 'hidden_layer_sizes': 107, 'learning_rate_init': 0.0003310885843765118, 'tol': 0.0008142849722606405, 'validation_fraction': 0.7898542609631265}]
/home/ryedida/.local/lib/python3.8/site-packages/sklearn/neural_network/_multilayer_perceptron.py:621: UserWarning: Got `batch_size` less than 1 or larger than sample size. It is going to be clipped
  warnings.warn(

function_evaluation time 0.098608 value -0.458333 suggestion {'alpha': 0.009262967419871846, 'batch_size': 78, 'beta_1': 0.9203505223066475, 'beta_2': 0.9991747120494825, 'epsilon': 2.2859090730565587e-09, 'hidden_layer_sizes': 107, 'learning_rate_init': 0.0003310885843765118, 'tol': 0.0008142849722606405, 'validation_fraction': 0.7898542609631265}
observation time 0.000002, current best -0.966667 at iter 41
suggestion time taken 0.003937 iter 42 next_points [{'alpha': 1.297430079908374e-05, 'batch_size': 107, 'beta_1': 0.946324044460597, 'beta_2': 0.9999625201152741, 'epsilon': 1.1374890538901536e-09, 'hidden_layer_sizes': 97, 'learning_rate_init': 0.0006106000343899807, 'tol': 0.0004741565378482756, 'validation_fraction': 0.8780334978769714}]
/home/ryedida/.local/lib/python3.8/site-packages/sklearn/neural_network/_multilayer_perceptron.py:621: UserWarning: Got `batch_size` less than 1 or larger than sample size. It is going to be clipped
  warnings.warn(

function_evaluation time 0.078097 value -0.408333 suggestion {'alpha': 1.297430079908374e-05, 'batch_size': 107, 'beta_1': 0.946324044460597, 'beta_2': 0.9999625201152741, 'epsilon': 1.1374890538901536e-09, 'hidden_layer_sizes': 97, 'learning_rate_init': 0.0006106000343899807, 'tol': 0.0004741565378482756, 'validation_fraction': 0.8780334978769714}
observation time 0.000002, current best -0.966667 at iter 42
suggestion time taken 0.003906 iter 43 next_points [{'alpha': 0.002668051211804992, 'batch_size': 10, 'beta_1': 0.9848214556132777, 'beta_2': 0.9999229756970526, 'epsilon': 3.233962279397383e-07, 'hidden_layer_sizes': 190, 'learning_rate_init': 0.0014196566158264361, 'tol': 0.00013425231717462794, 'validation_fraction': 0.8096214892761697}]
function_evaluation time 0.212535 value -0.866667 suggestion {'alpha': 0.002668051211804992, 'batch_size': 10, 'beta_1': 0.9848214556132777, 'beta_2': 0.9999229756970526, 'epsilon': 3.233962279397383e-07, 'hidden_layer_sizes': 190, 'learning_rate_init': 0.0014196566158264361, 'tol': 0.00013425231717462794, 'validation_fraction': 0.8096214892761697}
observation time 0.000002, current best -0.966667 at iter 43
suggestion time taken 0.003933 iter 44 next_points [{'alpha': 0.25669585372378273, 'batch_size': 172, 'beta_1': 0.5436504713749976, 'beta_2': 0.9961145413040626, 'epsilon': 2.7933481070631005e-07, 'hidden_layer_sizes': 145, 'learning_rate_init': 0.0006370536955105238, 'tol': 5.662398026708686e-05, 'validation_fraction': 0.268094992401467}]
/home/ryedida/.local/lib/python3.8/site-packages/sklearn/neural_network/_multilayer_perceptron.py:621: UserWarning: Got `batch_size` less than 1 or larger than sample size. It is going to be clipped
  warnings.warn(

function_evaluation time 0.108009 value -0.591667 suggestion {'alpha': 0.25669585372378273, 'batch_size': 172, 'beta_1': 0.5436504713749976, 'beta_2': 0.9961145413040626, 'epsilon': 2.7933481070631005e-07, 'hidden_layer_sizes': 145, 'learning_rate_init': 0.0006370536955105238, 'tol': 5.662398026708686e-05, 'validation_fraction': 0.268094992401467}
observation time 0.000002, current best -0.966667 at iter 44
saving meta data: {'args': {'--uuid': '45d6af264598571691fe7228188bf03f', '-db-root': '/home/ryedida/bbo_challenge_starter_kit/output', '--opt-root': '/home/ryedida/bbo_challenge_starter_kit/example_submissions', '--data-root': None, '--db': 'run_20231014_193210', '--opt': 'random', '--data': 'iris', '--classifier': 'MLP-adam', '--metric': 'acc', '--calls': 45, '--suggestions': 1, '--jobs-file': None, '--verbose': False, 'dry_run': False, 'rev': 'a376313', 'opt_rev': '0.0.8'}, 'signature': ([{'alpha': 0.019628224813442792, 'batch_size': 182, 'beta_1': 0.9410202200271762, 'beta_2': 0.9998021557676793, 'epsilon': 1.8662266976518e-08, 'hidden_layer_sizes': 147, 'learning_rate_init': 0.0005627932047415167, 'tol': 0.03690557729213761, 'validation_fraction': 0.8846827852548593}, {'alpha': 0.001998246739232944, 'batch_size': 200, 'beta_1': 0.919111482530466, 'beta_2': 0.9998488260436156, 'epsilon': 5.981221901152555e-07, 'hidden_layer_sizes': 61, 'learning_rate_init': 2.2310905607443014e-05, 'tol': 1.2046852412030316e-05, 'validation_fraction': 0.8117896445826539}, {'alpha': 0.46659545670218433, 'batch_size': 219, 'beta_1': 0.9889789783750891, 'beta_2': 0.9999896868093284, 'epsilon': 2.4234724484675948e-08, 'hidden_layer_sizes': 167, 'learning_rate_init': 2.972334644335654e-05, 'tol': 0.0036281404040243792, 'validation_fraction': 0.17260651658522078}, {'alpha': 4.656005689076002, 'batch_size': 135, 'beta_1': 0.870503881627747, 'beta_2': 0.9948873266941017, 'epsilon': 2.1023308743480125e-07, 'hidden_layer_sizes': 118, 'learning_rate_init': 0.001878173875716191, 'tol': 1.1889379831773006e-05, 'validation_fraction': 0.6264327093752792}, {'alpha': 0.04705159350400542, 'batch_size': 158, 'beta_1': 0.9870884262730957, 'beta_2': 0.9999596874382349, 'epsilon': 1.1981845126013875e-08, 'hidden_layer_sizes': 116, 'learning_rate_init': 0.006173405204074311, 'tol': 1.7414134181586194e-05, 'validation_fraction': 0.6754299026638921}], [-0.41666666666666663, -0.275, -0.3416666666666667, -0.725, -0.875])}
saving results
saving timing
saving suggest log
done
