running: {'--uuid': '96e8267f10db55a98e3b914abf41867c', '-db-root': '/home/ryedida/bbo_challenge_starter_kit/output', '--opt-root': '/home/ryedida/bbo_challenge_starter_kit/example_submissions', '--data-root': None, '--db': 'run_20231014_193210', '--opt': 'random', '--data': 'iris', '--classifier': 'MLP-adam', '--metric': 'nll', '--calls': 45, '--suggestions': 1, '--jobs-file': None, '--verbose': False, 'dry_run': False, 'rev': 'a376313', 'opt_rev': '0.0.8'}
cmd: python /home/ryedida/.local/bin/bayesmark-exp -c MLP-adam -d iris -o random -u 96e8267f10db55a98e3b914abf41867c -m nll -n 45 -p 1 -dir /home/ryedida/bbo_challenge_starter_kit/output -b run_20231014_193210
/home/ryedida/.local/lib/python3.8/site-packages/sklearn/neural_network/_multilayer_perceptron.py:621: UserWarning: Got `batch_size` less than 1 or larger than sample size. It is going to be clipped
  warnings.warn(

/home/ryedida/.local/lib/python3.8/site-packages/sklearn/neural_network/_multilayer_perceptron.py:621: UserWarning: Got `batch_size` less than 1 or larger than sample size. It is going to be clipped
  warnings.warn(

/home/ryedida/.local/lib/python3.8/site-packages/sklearn/neural_network/_multilayer_perceptron.py:621: UserWarning: Got `batch_size` less than 1 or larger than sample size. It is going to be clipped
  warnings.warn(

/home/ryedida/.local/lib/python3.8/site-packages/sklearn/neural_network/_multilayer_perceptron.py:621: UserWarning: Got `batch_size` less than 1 or larger than sample size. It is going to be clipped
  warnings.warn(

/home/ryedida/.local/lib/python3.8/site-packages/sklearn/neural_network/_multilayer_perceptron.py:621: UserWarning: Got `batch_size` less than 1 or larger than sample size. It is going to be clipped
  warnings.warn(

computed signature: ([{'alpha': 0.019628224813442792, 'batch_size': 182, 'beta_1': 0.9410202200271762, 'beta_2': 0.9998021557676793, 'epsilon': 1.8662266976518e-08, 'hidden_layer_sizes': 147, 'learning_rate_init': 0.0005627932047415167, 'tol': 0.03690557729213761, 'validation_fraction': 0.8846827852548593}, {'alpha': 0.001998246739232944, 'batch_size': 200, 'beta_1': 0.919111482530466, 'beta_2': 0.9998488260436156, 'epsilon': 5.981221901152555e-07, 'hidden_layer_sizes': 61, 'learning_rate_init': 2.2310905607443014e-05, 'tol': 1.2046852412030316e-05, 'validation_fraction': 0.8117896445826539}, {'alpha': 0.46659545670218433, 'batch_size': 219, 'beta_1': 0.9889789783750891, 'beta_2': 0.9999896868093284, 'epsilon': 2.4234724484675948e-08, 'hidden_layer_sizes': 167, 'learning_rate_init': 2.972334644335654e-05, 'tol': 0.0036281404040243792, 'validation_fraction': 0.17260651658522078}, {'alpha': 4.656005689076002, 'batch_size': 135, 'beta_1': 0.870503881627747, 'beta_2': 0.9948873266941017, 'epsilon': 2.1023308743480125e-07, 'hidden_layer_sizes': 118, 'learning_rate_init': 0.001878173875716191, 'tol': 1.1889379831773006e-05, 'validation_fraction': 0.6264327093752792}, {'alpha': 0.04705159350400542, 'batch_size': 158, 'beta_1': 0.9870884262730957, 'beta_2': 0.9999596874382349, 'epsilon': 1.1981845126013875e-08, 'hidden_layer_sizes': 116, 'learning_rate_init': 0.006173405204074311, 'tol': 1.7414134181586194e-05, 'validation_fraction': 0.6754299026638921}], [1.3105719841770722, 1.7760947732249062, 1.4322107566090756, 0.9097804858215804, 0.5745987066718419])
/home/ryedida/.local/lib/python3.8/site-packages/bayesmark/experiment.py:470: UserWarning: Baselines not found. Will not log intermediate scores.
  warnings.warn("Baselines not found. Will not log intermediate scores.")

starting sklearn study random MLP-adam iris nll 45 1
with data root: None
suggestion time taken 0.003862 iter 0 next_points [{'alpha': 0.006597012368639337, 'batch_size': 13, 'beta_1': 0.9634605967949619, 'beta_2': 0.9775014874676642, 'epsilon': 2.165831145111361e-09, 'hidden_layer_sizes': 152, 'learning_rate_init': 0.00034376651849203643, 'tol': 0.007066367869421637, 'validation_fraction': 0.145047707172281}]
function_evaluation time 0.367292 value 1.007593 suggestion {'alpha': 0.006597012368639337, 'batch_size': 13, 'beta_1': 0.9634605967949619, 'beta_2': 0.9775014874676642, 'epsilon': 2.165831145111361e-09, 'hidden_layer_sizes': 152, 'learning_rate_init': 0.00034376651849203643, 'tol': 0.007066367869421637, 'validation_fraction': 0.145047707172281}
observation time 0.000002, current best 1.007593 at iter 0
suggestion time taken 0.003880 iter 1 next_points [{'alpha': 0.0032882833032415086, 'batch_size': 138, 'beta_1': 0.9806085305451322, 'beta_2': 0.9920700378891714, 'epsilon': 4.71914424020276e-09, 'hidden_layer_sizes': 191, 'learning_rate_init': 9.890172147361679e-05, 'tol': 9.966936624292933e-05, 'validation_fraction': 0.3413414942263378}]
/home/ryedida/.local/lib/python3.8/site-packages/sklearn/neural_network/_multilayer_perceptron.py:621: UserWarning: Got `batch_size` less than 1 or larger than sample size. It is going to be clipped
  warnings.warn(

function_evaluation time 0.116733 value 1.186448 suggestion {'alpha': 0.0032882833032415086, 'batch_size': 138, 'beta_1': 0.9806085305451322, 'beta_2': 0.9920700378891714, 'epsilon': 4.71914424020276e-09, 'hidden_layer_sizes': 191, 'learning_rate_init': 9.890172147361679e-05, 'tol': 9.966936624292933e-05, 'validation_fraction': 0.3413414942263378}
observation time 0.000002, current best 1.007593 at iter 1
suggestion time taken 0.003850 iter 2 next_points [{'alpha': 0.008535700513793617, 'batch_size': 207, 'beta_1': 0.9822128055144181, 'beta_2': 0.9997849928261813, 'epsilon': 4.490470178933838e-09, 'hidden_layer_sizes': 155, 'learning_rate_init': 0.0031536510787959693, 'tol': 0.01627995007757129, 'validation_fraction': 0.1598587260349969}]
/home/ryedida/.local/lib/python3.8/site-packages/sklearn/neural_network/_multilayer_perceptron.py:621: UserWarning: Got `batch_size` less than 1 or larger than sample size. It is going to be clipped
  warnings.warn(

function_evaluation time 0.136161 value 0.772043 suggestion {'alpha': 0.008535700513793617, 'batch_size': 207, 'beta_1': 0.9822128055144181, 'beta_2': 0.9997849928261813, 'epsilon': 4.490470178933838e-09, 'hidden_layer_sizes': 155, 'learning_rate_init': 0.0031536510787959693, 'tol': 0.01627995007757129, 'validation_fraction': 0.1598587260349969}
observation time 0.000002, current best 0.772043 at iter 2
suggestion time taken 0.003853 iter 3 next_points [{'alpha': 1.688169223801693, 'batch_size': 121, 'beta_1': 0.9838520293765757, 'beta_2': 0.9947513651632938, 'epsilon': 7.032934634161776e-09, 'hidden_layer_sizes': 162, 'learning_rate_init': 1.4093448406756205e-05, 'tol': 0.07682497772826925, 'validation_fraction': 0.526022168258349}]
/home/ryedida/.local/lib/python3.8/site-packages/sklearn/neural_network/_multilayer_perceptron.py:621: UserWarning: Got `batch_size` less than 1 or larger than sample size. It is going to be clipped
  warnings.warn(

function_evaluation time 0.076395 value 1.460336 suggestion {'alpha': 1.688169223801693, 'batch_size': 121, 'beta_1': 0.9838520293765757, 'beta_2': 0.9947513651632938, 'epsilon': 7.032934634161776e-09, 'hidden_layer_sizes': 162, 'learning_rate_init': 1.4093448406756205e-05, 'tol': 0.07682497772826925, 'validation_fraction': 0.526022168258349}
observation time 0.000002, current best 0.772043 at iter 3
suggestion time taken 0.003812 iter 4 next_points [{'alpha': 0.0006497130304514986, 'batch_size': 193, 'beta_1': 0.9886657697693266, 'beta_2': 0.9999988278844608, 'epsilon': 3.1954489329405194e-08, 'hidden_layer_sizes': 86, 'learning_rate_init': 0.007181950582797323, 'tol': 3.923006275793472e-05, 'validation_fraction': 0.4551172186977985}]
/home/ryedida/.local/lib/python3.8/site-packages/sklearn/neural_network/_multilayer_perceptron.py:621: UserWarning: Got `batch_size` less than 1 or larger than sample size. It is going to be clipped
  warnings.warn(

function_evaluation time 0.147661 value 0.504269 suggestion {'alpha': 0.0006497130304514986, 'batch_size': 193, 'beta_1': 0.9886657697693266, 'beta_2': 0.9999988278844608, 'epsilon': 3.1954489329405194e-08, 'hidden_layer_sizes': 86, 'learning_rate_init': 0.007181950582797323, 'tol': 3.923006275793472e-05, 'validation_fraction': 0.4551172186977985}
observation time 0.000002, current best 0.504269 at iter 4
suggestion time taken 0.003851 iter 5 next_points [{'alpha': 0.0038188111577543765, 'batch_size': 48, 'beta_1': 0.9190556861102873, 'beta_2': 0.9999888202746335, 'epsilon': 5.596002718381211e-09, 'hidden_layer_sizes': 122, 'learning_rate_init': 0.0001452629264733907, 'tol': 0.0021133799068063053, 'validation_fraction': 0.8880767800908619}]
/home/ryedida/.local/lib/python3.8/site-packages/sklearn/neural_network/_multilayer_perceptron.py:621: UserWarning: Got `batch_size` less than 1 or larger than sample size. It is going to be clipped
  warnings.warn(

function_evaluation time 0.098809 value 1.435645 suggestion {'alpha': 0.0038188111577543765, 'batch_size': 48, 'beta_1': 0.9190556861102873, 'beta_2': 0.9999888202746335, 'epsilon': 5.596002718381211e-09, 'hidden_layer_sizes': 122, 'learning_rate_init': 0.0001452629264733907, 'tol': 0.0021133799068063053, 'validation_fraction': 0.8880767800908619}
observation time 0.000002, current best 0.504269 at iter 5
suggestion time taken 0.003871 iter 6 next_points [{'alpha': 1.5348007838456883e-05, 'batch_size': 165, 'beta_1': 0.81287755326885, 'beta_2': 0.9985298936100182, 'epsilon': 7.020788331198872e-07, 'hidden_layer_sizes': 99, 'learning_rate_init': 0.0014243523460534726, 'tol': 0.0006343792077299416, 'validation_fraction': 0.1261669177926922}]
/home/ryedida/.local/lib/python3.8/site-packages/sklearn/neural_network/_multilayer_perceptron.py:621: UserWarning: Got `batch_size` less than 1 or larger than sample size. It is going to be clipped
  warnings.warn(

function_evaluation time 0.125695 value 1.017671 suggestion {'alpha': 1.5348007838456883e-05, 'batch_size': 165, 'beta_1': 0.81287755326885, 'beta_2': 0.9985298936100182, 'epsilon': 7.020788331198872e-07, 'hidden_layer_sizes': 99, 'learning_rate_init': 0.0014243523460534726, 'tol': 0.0006343792077299416, 'validation_fraction': 0.1261669177926922}
observation time 0.000002, current best 0.504269 at iter 6
suggestion time taken 0.003861 iter 7 next_points [{'alpha': 0.07602198434978662, 'batch_size': 43, 'beta_1': 0.5925149267167196, 'beta_2': 0.9999914501550914, 'epsilon': 2.9950790329582563e-09, 'hidden_layer_sizes': 142, 'learning_rate_init': 0.0004076038374279645, 'tol': 0.0007317840140483637, 'validation_fraction': 0.36278724544878355}]
function_evaluation time 0.173503 value 1.123782 suggestion {'alpha': 0.07602198434978662, 'batch_size': 43, 'beta_1': 0.5925149267167196, 'beta_2': 0.9999914501550914, 'epsilon': 2.9950790329582563e-09, 'hidden_layer_sizes': 142, 'learning_rate_init': 0.0004076038374279645, 'tol': 0.0007317840140483637, 'validation_fraction': 0.36278724544878355}
observation time 0.000002, current best 0.504269 at iter 7
suggestion time taken 0.003825 iter 8 next_points [{'alpha': 0.7008545351127209, 'batch_size': 72, 'beta_1': 0.8037283711437051, 'beta_2': 0.9594147785952056, 'epsilon': 3.169273480503031e-07, 'hidden_layer_sizes': 165, 'learning_rate_init': 5.809889104121603e-05, 'tol': 8.499720761172004e-05, 'validation_fraction': 0.8143477087323496}]
/home/ryedida/.local/lib/python3.8/site-packages/sklearn/neural_network/_multilayer_perceptron.py:621: UserWarning: Got `batch_size` less than 1 or larger than sample size. It is going to be clipped
  warnings.warn(

function_evaluation time 0.102134 value 1.471637 suggestion {'alpha': 0.7008545351127209, 'batch_size': 72, 'beta_1': 0.8037283711437051, 'beta_2': 0.9594147785952056, 'epsilon': 3.169273480503031e-07, 'hidden_layer_sizes': 165, 'learning_rate_init': 5.809889104121603e-05, 'tol': 8.499720761172004e-05, 'validation_fraction': 0.8143477087323496}
observation time 0.000002, current best 0.504269 at iter 8
suggestion time taken 0.003874 iter 9 next_points [{'alpha': 0.021870161758399433, 'batch_size': 151, 'beta_1': 0.6735111082090872, 'beta_2': 0.9996873780048114, 'epsilon': 1.8225757162713758e-08, 'hidden_layer_sizes': 173, 'learning_rate_init': 9.248744911764983e-05, 'tol': 0.0037438866260435183, 'validation_fraction': 0.5725187223883084}]
/home/ryedida/.local/lib/python3.8/site-packages/sklearn/neural_network/_multilayer_perceptron.py:621: UserWarning: Got `batch_size` less than 1 or larger than sample size. It is going to be clipped
  warnings.warn(

function_evaluation time 0.115103 value 1.314310 suggestion {'alpha': 0.021870161758399433, 'batch_size': 151, 'beta_1': 0.6735111082090872, 'beta_2': 0.9996873780048114, 'epsilon': 1.8225757162713758e-08, 'hidden_layer_sizes': 173, 'learning_rate_init': 9.248744911764983e-05, 'tol': 0.0037438866260435183, 'validation_fraction': 0.5725187223883084}
observation time 0.000002, current best 0.504269 at iter 9
suggestion time taken 0.003829 iter 10 next_points [{'alpha': 0.013661956986088691, 'batch_size': 141, 'beta_1': 0.9315652348114545, 'beta_2': 0.9621860515504761, 'epsilon': 5.988018324691379e-08, 'hidden_layer_sizes': 152, 'learning_rate_init': 0.00042865784269582673, 'tol': 1.3095391809096756e-05, 'validation_fraction': 0.17731821294495936}]
/home/ryedida/.local/lib/python3.8/site-packages/sklearn/neural_network/_multilayer_perceptron.py:621: UserWarning: Got `batch_size` less than 1 or larger than sample size. It is going to be clipped
  warnings.warn(

function_evaluation time 0.108691 value 1.124306 suggestion {'alpha': 0.013661956986088691, 'batch_size': 141, 'beta_1': 0.9315652348114545, 'beta_2': 0.9621860515504761, 'epsilon': 5.988018324691379e-08, 'hidden_layer_sizes': 152, 'learning_rate_init': 0.00042865784269582673, 'tol': 1.3095391809096756e-05, 'validation_fraction': 0.17731821294495936}
observation time 0.000002, current best 0.504269 at iter 10
suggestion time taken 0.003827 iter 11 next_points [{'alpha': 0.781688912876541, 'batch_size': 30, 'beta_1': 0.9859330287106591, 'beta_2': 0.9992211767920034, 'epsilon': 1.5209462126172462e-07, 'hidden_layer_sizes': 96, 'learning_rate_init': 0.00020206064220292287, 'tol': 0.030599899689001207, 'validation_fraction': 0.6489954811970724}]
function_evaluation time 0.088998 value 1.401179 suggestion {'alpha': 0.781688912876541, 'batch_size': 30, 'beta_1': 0.9859330287106591, 'beta_2': 0.9992211767920034, 'epsilon': 1.5209462126172462e-07, 'hidden_layer_sizes': 96, 'learning_rate_init': 0.00020206064220292287, 'tol': 0.030599899689001207, 'validation_fraction': 0.6489954811970724}
observation time 0.000002, current best 0.504269 at iter 11
suggestion time taken 0.003908 iter 12 next_points [{'alpha': 0.012422189180587583, 'batch_size': 52, 'beta_1': 0.9403905484742969, 'beta_2': 0.9073361732462331, 'epsilon': 7.212001411552667e-09, 'hidden_layer_sizes': 185, 'learning_rate_init': 1.1284771172353307e-05, 'tol': 1.8261759974708398e-05, 'validation_fraction': 0.5133928445744008}]
function_evaluation time 0.080937 value 1.444574 suggestion {'alpha': 0.012422189180587583, 'batch_size': 52, 'beta_1': 0.9403905484742969, 'beta_2': 0.9073361732462331, 'epsilon': 7.212001411552667e-09, 'hidden_layer_sizes': 185, 'learning_rate_init': 1.1284771172353307e-05, 'tol': 1.8261759974708398e-05, 'validation_fraction': 0.5133928445744008}
observation time 0.000002, current best 0.504269 at iter 12
suggestion time taken 0.003846 iter 13 next_points [{'alpha': 4.966414361111492, 'batch_size': 133, 'beta_1': 0.8892242664574533, 'beta_2': 0.995479481454695, 'epsilon': 1.0991771584986459e-08, 'hidden_layer_sizes': 54, 'learning_rate_init': 0.0035596963455616975, 'tol': 0.011704196812354599, 'validation_fraction': 0.7845623446672094}]
/home/ryedida/.local/lib/python3.8/site-packages/sklearn/neural_network/_multilayer_perceptron.py:621: UserWarning: Got `batch_size` less than 1 or larger than sample size. It is going to be clipped
  warnings.warn(

function_evaluation time 0.111434 value 0.974583 suggestion {'alpha': 4.966414361111492, 'batch_size': 133, 'beta_1': 0.8892242664574533, 'beta_2': 0.995479481454695, 'epsilon': 1.0991771584986459e-08, 'hidden_layer_sizes': 54, 'learning_rate_init': 0.0035596963455616975, 'tol': 0.011704196812354599, 'validation_fraction': 0.7845623446672094}
observation time 0.000002, current best 0.504269 at iter 13
suggestion time taken 0.003782 iter 14 next_points [{'alpha': 6.081031605031178, 'batch_size': 128, 'beta_1': 0.529243353067959, 'beta_2': 0.9999937745055205, 'epsilon': 7.083744306527998e-07, 'hidden_layer_sizes': 85, 'learning_rate_init': 7.062701249495304e-05, 'tol': 0.009533180852761801, 'validation_fraction': 0.12780758128773098}]
/home/ryedida/.local/lib/python3.8/site-packages/sklearn/neural_network/_multilayer_perceptron.py:621: UserWarning: Got `batch_size` less than 1 or larger than sample size. It is going to be clipped
  warnings.warn(

function_evaluation time 0.096236 value 1.743510 suggestion {'alpha': 6.081031605031178, 'batch_size': 128, 'beta_1': 0.529243353067959, 'beta_2': 0.9999937745055205, 'epsilon': 7.083744306527998e-07, 'hidden_layer_sizes': 85, 'learning_rate_init': 7.062701249495304e-05, 'tol': 0.009533180852761801, 'validation_fraction': 0.12780758128773098}
observation time 0.000002, current best 0.504269 at iter 14
suggestion time taken 0.003781 iter 15 next_points [{'alpha': 0.09857165370742157, 'batch_size': 62, 'beta_1': 0.9389539555868867, 'beta_2': 0.9873159975890002, 'epsilon': 2.042875864034655e-08, 'hidden_layer_sizes': 184, 'learning_rate_init': 4.863584270308257e-05, 'tol': 0.0001878875921368026, 'validation_fraction': 0.4574347503413471}]
function_evaluation time 0.091866 value 1.397505 suggestion {'alpha': 0.09857165370742157, 'batch_size': 62, 'beta_1': 0.9389539555868867, 'beta_2': 0.9873159975890002, 'epsilon': 2.042875864034655e-08, 'hidden_layer_sizes': 184, 'learning_rate_init': 4.863584270308257e-05, 'tol': 0.0001878875921368026, 'validation_fraction': 0.4574347503413471}
observation time 0.000002, current best 0.504269 at iter 15
suggestion time taken 0.003797 iter 16 next_points [{'alpha': 0.44933681274367393, 'batch_size': 33, 'beta_1': 0.9539496497776782, 'beta_2': 0.9999986446204735, 'epsilon': 1.1031222012387242e-09, 'hidden_layer_sizes': 90, 'learning_rate_init': 7.849970618919513e-05, 'tol': 1.6480430940595256e-05, 'validation_fraction': 0.8676633065507012}]
/home/ryedida/.local/lib/python3.8/site-packages/sklearn/neural_network/_multilayer_perceptron.py:621: UserWarning: Got `batch_size` less than 1 or larger than sample size. It is going to be clipped
  warnings.warn(

function_evaluation time 0.066002 value 1.519241 suggestion {'alpha': 0.44933681274367393, 'batch_size': 33, 'beta_1': 0.9539496497776782, 'beta_2': 0.9999986446204735, 'epsilon': 1.1031222012387242e-09, 'hidden_layer_sizes': 90, 'learning_rate_init': 7.849970618919513e-05, 'tol': 1.6480430940595256e-05, 'validation_fraction': 0.8676633065507012}
observation time 0.000002, current best 0.504269 at iter 16
suggestion time taken 0.003678 iter 17 next_points [{'alpha': 1.3006890284399406, 'batch_size': 31, 'beta_1': 0.7795066872224067, 'beta_2': 0.9999701186118007, 'epsilon': 2.3127204201016622e-09, 'hidden_layer_sizes': 171, 'learning_rate_init': 0.00011158019114315553, 'tol': 7.84015620798956e-05, 'validation_fraction': 0.4580774643948222}]
function_evaluation time 0.103595 value 1.432629 suggestion {'alpha': 1.3006890284399406, 'batch_size': 31, 'beta_1': 0.7795066872224067, 'beta_2': 0.9999701186118007, 'epsilon': 2.3127204201016622e-09, 'hidden_layer_sizes': 171, 'learning_rate_init': 0.00011158019114315553, 'tol': 7.84015620798956e-05, 'validation_fraction': 0.4580774643948222}
observation time 0.000002, current best 0.504269 at iter 17
suggestion time taken 0.003781 iter 18 next_points [{'alpha': 0.004234720611995861, 'batch_size': 183, 'beta_1': 0.9881907019559779, 'beta_2': 0.9999901104413628, 'epsilon': 3.6165570641643184e-08, 'hidden_layer_sizes': 156, 'learning_rate_init': 0.01948741562753376, 'tol': 0.0001221245199807023, 'validation_fraction': 0.5561149426198119}]
/home/ryedida/.local/lib/python3.8/site-packages/sklearn/neural_network/_multilayer_perceptron.py:621: UserWarning: Got `batch_size` less than 1 or larger than sample size. It is going to be clipped
  warnings.warn(

function_evaluation time 0.165177 value 0.338838 suggestion {'alpha': 0.004234720611995861, 'batch_size': 183, 'beta_1': 0.9881907019559779, 'beta_2': 0.9999901104413628, 'epsilon': 3.6165570641643184e-08, 'hidden_layer_sizes': 156, 'learning_rate_init': 0.01948741562753376, 'tol': 0.0001221245199807023, 'validation_fraction': 0.5561149426198119}
observation time 0.000002, current best 0.338838 at iter 18
suggestion time taken 0.003809 iter 19 next_points [{'alpha': 0.02785638052400607, 'batch_size': 111, 'beta_1': 0.9143920282383391, 'beta_2': 0.9999781481718483, 'epsilon': 6.374149803014313e-07, 'hidden_layer_sizes': 181, 'learning_rate_init': 1.2535940031086969e-05, 'tol': 0.008583696080131093, 'validation_fraction': 0.6972444062383226}]
/home/ryedida/.local/lib/python3.8/site-packages/sklearn/neural_network/_multilayer_perceptron.py:621: UserWarning: Got `batch_size` less than 1 or larger than sample size. It is going to be clipped
  warnings.warn(

function_evaluation time 0.075291 value 1.312319 suggestion {'alpha': 0.02785638052400607, 'batch_size': 111, 'beta_1': 0.9143920282383391, 'beta_2': 0.9999781481718483, 'epsilon': 6.374149803014313e-07, 'hidden_layer_sizes': 181, 'learning_rate_init': 1.2535940031086969e-05, 'tol': 0.008583696080131093, 'validation_fraction': 0.6972444062383226}
observation time 0.000002, current best 0.338838 at iter 19
suggestion time taken 0.003828 iter 20 next_points [{'alpha': 5.768259174739346, 'batch_size': 185, 'beta_1': 0.9841348898932092, 'beta_2': 0.9995864894417635, 'epsilon': 1.5388208570679785e-07, 'hidden_layer_sizes': 85, 'learning_rate_init': 0.0024500426125151483, 'tol': 0.0037519822987510075, 'validation_fraction': 0.5258685063521132}]
/home/ryedida/.local/lib/python3.8/site-packages/sklearn/neural_network/_multilayer_perceptron.py:621: UserWarning: Got `batch_size` less than 1 or larger than sample size. It is going to be clipped
  warnings.warn(

function_evaluation time 0.131025 value 0.916594 suggestion {'alpha': 5.768259174739346, 'batch_size': 185, 'beta_1': 0.9841348898932092, 'beta_2': 0.9995864894417635, 'epsilon': 1.5388208570679785e-07, 'hidden_layer_sizes': 85, 'learning_rate_init': 0.0024500426125151483, 'tol': 0.0037519822987510075, 'validation_fraction': 0.5258685063521132}
observation time 0.000003, current best 0.338838 at iter 20
suggestion time taken 0.003831 iter 21 next_points [{'alpha': 1.066752672636505e-05, 'batch_size': 227, 'beta_1': 0.9823575509326485, 'beta_2': 0.9999887740822494, 'epsilon': 1.858529474565024e-07, 'hidden_layer_sizes': 74, 'learning_rate_init': 0.006004108123136773, 'tol': 4.2909399982959547e-05, 'validation_fraction': 0.10882901206742553}]
/home/ryedida/.local/lib/python3.8/site-packages/sklearn/neural_network/_multilayer_perceptron.py:621: UserWarning: Got `batch_size` less than 1 or larger than sample size. It is going to be clipped
  warnings.warn(

function_evaluation time 0.124074 value 0.732690 suggestion {'alpha': 1.066752672636505e-05, 'batch_size': 227, 'beta_1': 0.9823575509326485, 'beta_2': 0.9999887740822494, 'epsilon': 1.858529474565024e-07, 'hidden_layer_sizes': 74, 'learning_rate_init': 0.006004108123136773, 'tol': 4.2909399982959547e-05, 'validation_fraction': 0.10882901206742553}
observation time 0.000002, current best 0.338838 at iter 21
suggestion time taken 0.003782 iter 22 next_points [{'alpha': 1.531582023497235, 'batch_size': 243, 'beta_1': 0.9750677805426364, 'beta_2': 0.9999981322916531, 'epsilon': 1.9965879166127654e-07, 'hidden_layer_sizes': 164, 'learning_rate_init': 0.02430479535219148, 'tol': 0.0013535245669738258, 'validation_fraction': 0.8833684196978624}]
/home/ryedida/.local/lib/python3.8/site-packages/sklearn/neural_network/_multilayer_perceptron.py:621: UserWarning: Got `batch_size` less than 1 or larger than sample size. It is going to be clipped
  warnings.warn(

function_evaluation time 0.129441 value 0.665626 suggestion {'alpha': 1.531582023497235, 'batch_size': 243, 'beta_1': 0.9750677805426364, 'beta_2': 0.9999981322916531, 'epsilon': 1.9965879166127654e-07, 'hidden_layer_sizes': 164, 'learning_rate_init': 0.02430479535219148, 'tol': 0.0013535245669738258, 'validation_fraction': 0.8833684196978624}
observation time 0.000002, current best 0.338838 at iter 22
suggestion time taken 0.004115 iter 23 next_points [{'alpha': 0.0004612289340273711, 'batch_size': 103, 'beta_1': 0.8992681316668256, 'beta_2': 0.9991780759828339, 'epsilon': 6.456341551227211e-07, 'hidden_layer_sizes': 69, 'learning_rate_init': 2.4473388253524943e-05, 'tol': 0.005122423537997547, 'validation_fraction': 0.14137492448985503}]
function_evaluation time 0.070758 value 1.869739 suggestion {'alpha': 0.0004612289340273711, 'batch_size': 103, 'beta_1': 0.8992681316668256, 'beta_2': 0.9991780759828339, 'epsilon': 6.456341551227211e-07, 'hidden_layer_sizes': 69, 'learning_rate_init': 2.4473388253524943e-05, 'tol': 0.005122423537997547, 'validation_fraction': 0.14137492448985503}
observation time 0.000002, current best 0.338838 at iter 23
suggestion time taken 0.003790 iter 24 next_points [{'alpha': 0.0055139032204747414, 'batch_size': 171, 'beta_1': 0.825603386947656, 'beta_2': 0.9999233099903565, 'epsilon': 2.056987928692992e-07, 'hidden_layer_sizes': 54, 'learning_rate_init': 0.0019044265349736425, 'tol': 0.048941624780460616, 'validation_fraction': 0.77957784554561}]
/home/ryedida/.local/lib/python3.8/site-packages/sklearn/neural_network/_multilayer_perceptron.py:621: UserWarning: Got `batch_size` less than 1 or larger than sample size. It is going to be clipped
  warnings.warn(

function_evaluation time 0.092895 value 1.088816 suggestion {'alpha': 0.0055139032204747414, 'batch_size': 171, 'beta_1': 0.825603386947656, 'beta_2': 0.9999233099903565, 'epsilon': 2.056987928692992e-07, 'hidden_layer_sizes': 54, 'learning_rate_init': 0.0019044265349736425, 'tol': 0.048941624780460616, 'validation_fraction': 0.77957784554561}
observation time 0.000003, current best 0.338838 at iter 24
suggestion time taken 0.003801 iter 25 next_points [{'alpha': 5.366719534355678e-05, 'batch_size': 240, 'beta_1': 0.5920217200542813, 'beta_2': 0.9998186781625413, 'epsilon': 1.2321488470059399e-08, 'hidden_layer_sizes': 200, 'learning_rate_init': 0.0001069710024039707, 'tol': 0.027791931454442014, 'validation_fraction': 0.3102103306035649}]
/home/ryedida/.local/lib/python3.8/site-packages/sklearn/neural_network/_multilayer_perceptron.py:621: UserWarning: Got `batch_size` less than 1 or larger than sample size. It is going to be clipped
  warnings.warn(

function_evaluation time 0.082506 value 1.199899 suggestion {'alpha': 5.366719534355678e-05, 'batch_size': 240, 'beta_1': 0.5920217200542813, 'beta_2': 0.9998186781625413, 'epsilon': 1.2321488470059399e-08, 'hidden_layer_sizes': 200, 'learning_rate_init': 0.0001069710024039707, 'tol': 0.027791931454442014, 'validation_fraction': 0.3102103306035649}
observation time 0.000002, current best 0.338838 at iter 25
suggestion time taken 0.003793 iter 26 next_points [{'alpha': 1.9034415123692077, 'batch_size': 156, 'beta_1': 0.9138712083434725, 'beta_2': 0.9999956709584522, 'epsilon': 9.0390856001494e-09, 'hidden_layer_sizes': 135, 'learning_rate_init': 0.015498023075280408, 'tol': 0.00505836207596496, 'validation_fraction': 0.5732709837772341}]
/home/ryedida/.local/lib/python3.8/site-packages/sklearn/neural_network/_multilayer_perceptron.py:621: UserWarning: Got `batch_size` less than 1 or larger than sample size. It is going to be clipped
  warnings.warn(

function_evaluation time 0.149855 value 0.423708 suggestion {'alpha': 1.9034415123692077, 'batch_size': 156, 'beta_1': 0.9138712083434725, 'beta_2': 0.9999956709584522, 'epsilon': 9.0390856001494e-09, 'hidden_layer_sizes': 135, 'learning_rate_init': 0.015498023075280408, 'tol': 0.00505836207596496, 'validation_fraction': 0.5732709837772341}
observation time 0.000002, current best 0.338838 at iter 26
suggestion time taken 0.003828 iter 27 next_points [{'alpha': 0.00012765270309228225, 'batch_size': 185, 'beta_1': 0.9821335161157358, 'beta_2': 0.9999968889884218, 'epsilon': 7.93367720702392e-09, 'hidden_layer_sizes': 56, 'learning_rate_init': 1.9382509318147338e-05, 'tol': 0.06506996771210591, 'validation_fraction': 0.21681891070702533}]
/home/ryedida/.local/lib/python3.8/site-packages/sklearn/neural_network/_multilayer_perceptron.py:621: UserWarning: Got `batch_size` less than 1 or larger than sample size. It is going to be clipped
  warnings.warn(

function_evaluation time 0.070204 value 1.598026 suggestion {'alpha': 0.00012765270309228225, 'batch_size': 185, 'beta_1': 0.9821335161157358, 'beta_2': 0.9999968889884218, 'epsilon': 7.93367720702392e-09, 'hidden_layer_sizes': 56, 'learning_rate_init': 1.9382509318147338e-05, 'tol': 0.06506996771210591, 'validation_fraction': 0.21681891070702533}
observation time 0.000002, current best 0.338838 at iter 27
suggestion time taken 0.003811 iter 28 next_points [{'alpha': 7.575969927345173e-05, 'batch_size': 233, 'beta_1': 0.8479630782838793, 'beta_2': 0.9999965581113209, 'epsilon': 4.460347431998216e-09, 'hidden_layer_sizes': 148, 'learning_rate_init': 7.40559576132434e-05, 'tol': 0.0002092895000088317, 'validation_fraction': 0.12529089510693553}]
/home/ryedida/.local/lib/python3.8/site-packages/sklearn/neural_network/_multilayer_perceptron.py:621: UserWarning: Got `batch_size` less than 1 or larger than sample size. It is going to be clipped
  warnings.warn(

function_evaluation time 0.104852 value 1.151737 suggestion {'alpha': 7.575969927345173e-05, 'batch_size': 233, 'beta_1': 0.8479630782838793, 'beta_2': 0.9999965581113209, 'epsilon': 4.460347431998216e-09, 'hidden_layer_sizes': 148, 'learning_rate_init': 7.40559576132434e-05, 'tol': 0.0002092895000088317, 'validation_fraction': 0.12529089510693553}
observation time 0.000003, current best 0.338838 at iter 28
suggestion time taken 0.003771 iter 29 next_points [{'alpha': 1.7696728126746815, 'batch_size': 185, 'beta_1': 0.9203970764092511, 'beta_2': 0.933676247205674, 'epsilon': 7.918410995538785e-09, 'hidden_layer_sizes': 192, 'learning_rate_init': 1.969622218930799e-05, 'tol': 6.0611195058062475e-05, 'validation_fraction': 0.15842377111482644}]
/home/ryedida/.local/lib/python3.8/site-packages/sklearn/neural_network/_multilayer_perceptron.py:621: UserWarning: Got `batch_size` less than 1 or larger than sample size. It is going to be clipped
  warnings.warn(

function_evaluation time 0.085571 value 1.349205 suggestion {'alpha': 1.7696728126746815, 'batch_size': 185, 'beta_1': 0.9203970764092511, 'beta_2': 0.933676247205674, 'epsilon': 7.918410995538785e-09, 'hidden_layer_sizes': 192, 'learning_rate_init': 1.969622218930799e-05, 'tol': 6.0611195058062475e-05, 'validation_fraction': 0.15842377111482644}
observation time 0.000002, current best 0.338838 at iter 29
suggestion time taken 0.003793 iter 30 next_points [{'alpha': 0.00034258334268791866, 'batch_size': 10, 'beta_1': 0.9743259129115325, 'beta_2': 0.9909807080937173, 'epsilon': 1.7453443489232425e-09, 'hidden_layer_sizes': 74, 'learning_rate_init': 0.00014379350289366502, 'tol': 0.00010242040140220999, 'validation_fraction': 0.1350360006142165}]
function_evaluation time 0.392077 value 1.138281 suggestion {'alpha': 0.00034258334268791866, 'batch_size': 10, 'beta_1': 0.9743259129115325, 'beta_2': 0.9909807080937173, 'epsilon': 1.7453443489232425e-09, 'hidden_layer_sizes': 74, 'learning_rate_init': 0.00014379350289366502, 'tol': 0.00010242040140220999, 'validation_fraction': 0.1350360006142165}
observation time 0.000002, current best 0.338838 at iter 30
suggestion time taken 0.003784 iter 31 next_points [{'alpha': 1.020599020523659e-05, 'batch_size': 73, 'beta_1': 0.9844895716524645, 'beta_2': 0.9914500498220923, 'epsilon': 5.368937660522608e-09, 'hidden_layer_sizes': 105, 'learning_rate_init': 1.650178414868735e-05, 'tol': 0.01838544317356666, 'validation_fraction': 0.13838912889409677}]
function_evaluation time 0.095097 value 1.434660 suggestion {'alpha': 1.020599020523659e-05, 'batch_size': 73, 'beta_1': 0.9844895716524645, 'beta_2': 0.9914500498220923, 'epsilon': 5.368937660522608e-09, 'hidden_layer_sizes': 105, 'learning_rate_init': 1.650178414868735e-05, 'tol': 0.01838544317356666, 'validation_fraction': 0.13838912889409677}
observation time 0.000002, current best 0.338838 at iter 31
suggestion time taken 0.003806 iter 32 next_points [{'alpha': 8.780679545272466, 'batch_size': 89, 'beta_1': 0.968663063170111, 'beta_2': 0.9960717308682963, 'epsilon': 1.2773224885347172e-07, 'hidden_layer_sizes': 157, 'learning_rate_init': 0.002638815737605722, 'tol': 0.00024504006851537553, 'validation_fraction': 0.7726355694616407}]
/home/ryedida/.local/lib/python3.8/site-packages/sklearn/neural_network/_multilayer_perceptron.py:621: UserWarning: Got `batch_size` less than 1 or larger than sample size. It is going to be clipped
  warnings.warn(

function_evaluation time 0.097562 value 1.008873 suggestion {'alpha': 8.780679545272466, 'batch_size': 89, 'beta_1': 0.968663063170111, 'beta_2': 0.9960717308682963, 'epsilon': 1.2773224885347172e-07, 'hidden_layer_sizes': 157, 'learning_rate_init': 0.002638815737605722, 'tol': 0.00024504006851537553, 'validation_fraction': 0.7726355694616407}
observation time 0.000003, current best 0.338838 at iter 32
suggestion time taken 0.003788 iter 33 next_points [{'alpha': 0.006308060244189765, 'batch_size': 238, 'beta_1': 0.9867401575730966, 'beta_2': 0.9943355295068208, 'epsilon': 8.603223218861178e-07, 'hidden_layer_sizes': 83, 'learning_rate_init': 0.00012571290250126452, 'tol': 0.006772367584120904, 'validation_fraction': 0.44167740462124505}]
/home/ryedida/.local/lib/python3.8/site-packages/sklearn/neural_network/_multilayer_perceptron.py:621: UserWarning: Got `batch_size` less than 1 or larger than sample size. It is going to be clipped
  warnings.warn(

function_evaluation time 0.069828 value 1.779640 suggestion {'alpha': 0.006308060244189765, 'batch_size': 238, 'beta_1': 0.9867401575730966, 'beta_2': 0.9943355295068208, 'epsilon': 8.603223218861178e-07, 'hidden_layer_sizes': 83, 'learning_rate_init': 0.00012571290250126452, 'tol': 0.006772367584120904, 'validation_fraction': 0.44167740462124505}
observation time 0.000002, current best 0.338838 at iter 33
suggestion time taken 0.003815 iter 34 next_points [{'alpha': 0.0016895927262936302, 'batch_size': 178, 'beta_1': 0.5525164399435908, 'beta_2': 0.98259672809781, 'epsilon': 8.502841691741992e-09, 'hidden_layer_sizes': 145, 'learning_rate_init': 0.0014978412718494232, 'tol': 0.0004281303291134666, 'validation_fraction': 0.1352259196389918}]
/home/ryedida/.local/lib/python3.8/site-packages/sklearn/neural_network/_multilayer_perceptron.py:621: UserWarning: Got `batch_size` less than 1 or larger than sample size. It is going to be clipped
  warnings.warn(

function_evaluation time 0.107867 value 0.930110 suggestion {'alpha': 0.0016895927262936302, 'batch_size': 178, 'beta_1': 0.5525164399435908, 'beta_2': 0.98259672809781, 'epsilon': 8.502841691741992e-09, 'hidden_layer_sizes': 145, 'learning_rate_init': 0.0014978412718494232, 'tol': 0.0004281303291134666, 'validation_fraction': 0.1352259196389918}
observation time 0.000002, current best 0.338838 at iter 34
suggestion time taken 0.003884 iter 35 next_points [{'alpha': 0.015562467069770554, 'batch_size': 16, 'beta_1': 0.9215313188396622, 'beta_2': 0.9989164964824389, 'epsilon': 1.910520970397609e-09, 'hidden_layer_sizes': 137, 'learning_rate_init': 2.504765803735601e-05, 'tol': 0.00224682019183473, 'validation_fraction': 0.8243649748909418}]
function_evaluation time 0.073895 value 1.427828 suggestion {'alpha': 0.015562467069770554, 'batch_size': 16, 'beta_1': 0.9215313188396622, 'beta_2': 0.9989164964824389, 'epsilon': 1.910520970397609e-09, 'hidden_layer_sizes': 137, 'learning_rate_init': 2.504765803735601e-05, 'tol': 0.00224682019183473, 'validation_fraction': 0.8243649748909418}
observation time 0.000002, current best 0.338838 at iter 35
suggestion time taken 0.003990 iter 36 next_points [{'alpha': 6.198679178947597, 'batch_size': 78, 'beta_1': 0.9891275025653998, 'beta_2': 0.999967027087176, 'epsilon': 3.6276185645588688e-09, 'hidden_layer_sizes': 156, 'learning_rate_init': 0.054774241914479, 'tol': 0.0681614277131758, 'validation_fraction': 0.8395502156684521}]
/home/ryedida/.local/lib/python3.8/site-packages/sklearn/neural_network/_multilayer_perceptron.py:621: UserWarning: Got `batch_size` less than 1 or larger than sample size. It is going to be clipped
  warnings.warn(

function_evaluation time 0.118741 value 0.768911 suggestion {'alpha': 6.198679178947597, 'batch_size': 78, 'beta_1': 0.9891275025653998, 'beta_2': 0.999967027087176, 'epsilon': 3.6276185645588688e-09, 'hidden_layer_sizes': 156, 'learning_rate_init': 0.054774241914479, 'tol': 0.0681614277131758, 'validation_fraction': 0.8395502156684521}
observation time 0.000002, current best 0.338838 at iter 36
suggestion time taken 0.003898 iter 37 next_points [{'alpha': 0.00017667264460267593, 'batch_size': 94, 'beta_1': 0.6094706891749198, 'beta_2': 0.9999537831793729, 'epsilon': 1.256694028604851e-08, 'hidden_layer_sizes': 165, 'learning_rate_init': 9.500559386098344e-05, 'tol': 0.0004509374525425533, 'validation_fraction': 0.7470847084666807}]
/home/ryedida/.local/lib/python3.8/site-packages/sklearn/neural_network/_multilayer_perceptron.py:621: UserWarning: Got `batch_size` less than 1 or larger than sample size. It is going to be clipped
  warnings.warn(

function_evaluation time 0.087331 value 1.337140 suggestion {'alpha': 0.00017667264460267593, 'batch_size': 94, 'beta_1': 0.6094706891749198, 'beta_2': 0.9999537831793729, 'epsilon': 1.256694028604851e-08, 'hidden_layer_sizes': 165, 'learning_rate_init': 9.500559386098344e-05, 'tol': 0.0004509374525425533, 'validation_fraction': 0.7470847084666807}
observation time 0.000002, current best 0.338838 at iter 37
suggestion time taken 0.003861 iter 38 next_points [{'alpha': 2.7234953507048522e-05, 'batch_size': 103, 'beta_1': 0.6016595881929535, 'beta_2': 0.9998090723937847, 'epsilon': 2.7493756800070472e-08, 'hidden_layer_sizes': 57, 'learning_rate_init': 0.00034211128806967226, 'tol': 0.010501418279242633, 'validation_fraction': 0.8650458749401064}]
/home/ryedida/.local/lib/python3.8/site-packages/sklearn/neural_network/_multilayer_perceptron.py:621: UserWarning: Got `batch_size` less than 1 or larger than sample size. It is going to be clipped
  warnings.warn(

function_evaluation time 0.073132 value 1.353984 suggestion {'alpha': 2.7234953507048522e-05, 'batch_size': 103, 'beta_1': 0.6016595881929535, 'beta_2': 0.9998090723937847, 'epsilon': 2.7493756800070472e-08, 'hidden_layer_sizes': 57, 'learning_rate_init': 0.00034211128806967226, 'tol': 0.010501418279242633, 'validation_fraction': 0.8650458749401064}
observation time 0.000003, current best 0.338838 at iter 38
suggestion time taken 0.003865 iter 39 next_points [{'alpha': 5.342343978621047, 'batch_size': 163, 'beta_1': 0.911231893804564, 'beta_2': 0.9900285049679911, 'epsilon': 1.7537622188815006e-08, 'hidden_layer_sizes': 112, 'learning_rate_init': 0.012121520698537312, 'tol': 0.017632085618306103, 'validation_fraction': 0.518881862080943}]
/home/ryedida/.local/lib/python3.8/site-packages/sklearn/neural_network/_multilayer_perceptron.py:621: UserWarning: Got `batch_size` less than 1 or larger than sample size. It is going to be clipped
  warnings.warn(

function_evaluation time 0.159520 value 0.447470 suggestion {'alpha': 5.342343978621047, 'batch_size': 163, 'beta_1': 0.911231893804564, 'beta_2': 0.9900285049679911, 'epsilon': 1.7537622188815006e-08, 'hidden_layer_sizes': 112, 'learning_rate_init': 0.012121520698537312, 'tol': 0.017632085618306103, 'validation_fraction': 0.518881862080943}
observation time 0.000002, current best 0.338838 at iter 39
suggestion time taken 0.003836 iter 40 next_points [{'alpha': 0.3603951856098755, 'batch_size': 72, 'beta_1': 0.8317478400521144, 'beta_2': 0.9682785523256139, 'epsilon': 3.5051156171279673e-07, 'hidden_layer_sizes': 194, 'learning_rate_init': 9.79956049943224e-05, 'tol': 0.02819000871609132, 'validation_fraction': 0.7157396670633375}]
/home/ryedida/.local/lib/python3.8/site-packages/sklearn/neural_network/_multilayer_perceptron.py:621: UserWarning: Got `batch_size` less than 1 or larger than sample size. It is going to be clipped
  warnings.warn(

function_evaluation time 0.077316 value 1.322883 suggestion {'alpha': 0.3603951856098755, 'batch_size': 72, 'beta_1': 0.8317478400521144, 'beta_2': 0.9682785523256139, 'epsilon': 3.5051156171279673e-07, 'hidden_layer_sizes': 194, 'learning_rate_init': 9.79956049943224e-05, 'tol': 0.02819000871609132, 'validation_fraction': 0.7157396670633375}
observation time 0.000002, current best 0.338838 at iter 40
suggestion time taken 0.003833 iter 41 next_points [{'alpha': 0.007979125760646391, 'batch_size': 26, 'beta_1': 0.8211679066338705, 'beta_2': 0.9999399958068333, 'epsilon': 4.4111710910332554e-07, 'hidden_layer_sizes': 76, 'learning_rate_init': 1.0539645380453606e-05, 'tol': 0.007744782849596067, 'validation_fraction': 0.3659401471108063}]
function_evaluation time 0.111629 value 1.880857 suggestion {'alpha': 0.007979125760646391, 'batch_size': 26, 'beta_1': 0.8211679066338705, 'beta_2': 0.9999399958068333, 'epsilon': 4.4111710910332554e-07, 'hidden_layer_sizes': 76, 'learning_rate_init': 1.0539645380453606e-05, 'tol': 0.007744782849596067, 'validation_fraction': 0.3659401471108063}
observation time 0.000002, current best 0.338838 at iter 41
suggestion time taken 0.003802 iter 42 next_points [{'alpha': 0.011019982178223052, 'batch_size': 246, 'beta_1': 0.976488686495072, 'beta_2': 0.9999566287300513, 'epsilon': 1.2259093417908898e-08, 'hidden_layer_sizes': 164, 'learning_rate_init': 6.663074033069598e-05, 'tol': 0.09904376871884338, 'validation_fraction': 0.8484297017121779}]
/home/ryedida/.local/lib/python3.8/site-packages/sklearn/neural_network/_multilayer_perceptron.py:621: UserWarning: Got `batch_size` less than 1 or larger than sample size. It is going to be clipped
  warnings.warn(

function_evaluation time 0.072812 value 1.329397 suggestion {'alpha': 0.011019982178223052, 'batch_size': 246, 'beta_1': 0.976488686495072, 'beta_2': 0.9999566287300513, 'epsilon': 1.2259093417908898e-08, 'hidden_layer_sizes': 164, 'learning_rate_init': 6.663074033069598e-05, 'tol': 0.09904376871884338, 'validation_fraction': 0.8484297017121779}
observation time 0.000002, current best 0.338838 at iter 42
suggestion time taken 0.003767 iter 43 next_points [{'alpha': 0.006020627585818837, 'batch_size': 246, 'beta_1': 0.9676745017131708, 'beta_2': 0.9966615031942089, 'epsilon': 2.084395428522354e-08, 'hidden_layer_sizes': 167, 'learning_rate_init': 1.8296932334313183e-05, 'tol': 8.764453658723793e-05, 'validation_fraction': 0.4555274519603595}]
/home/ryedida/.local/lib/python3.8/site-packages/sklearn/neural_network/_multilayer_perceptron.py:621: UserWarning: Got `batch_size` less than 1 or larger than sample size. It is going to be clipped
  warnings.warn(

function_evaluation time 0.091919 value 1.186121 suggestion {'alpha': 0.006020627585818837, 'batch_size': 246, 'beta_1': 0.9676745017131708, 'beta_2': 0.9966615031942089, 'epsilon': 2.084395428522354e-08, 'hidden_layer_sizes': 167, 'learning_rate_init': 1.8296932334313183e-05, 'tol': 8.764453658723793e-05, 'validation_fraction': 0.4555274519603595}
observation time 0.000002, current best 0.338838 at iter 43
suggestion time taken 0.003814 iter 44 next_points [{'alpha': 3.3581429593427607, 'batch_size': 22, 'beta_1': 0.5273729842454531, 'beta_2': 0.9999660451913401, 'epsilon': 8.624233265709347e-08, 'hidden_layer_sizes': 186, 'learning_rate_init': 0.00011868250329098007, 'tol': 0.010654890637556867, 'validation_fraction': 0.16885478222509448}]
function_evaluation time 0.290286 value 1.014697 suggestion {'alpha': 3.3581429593427607, 'batch_size': 22, 'beta_1': 0.5273729842454531, 'beta_2': 0.9999660451913401, 'epsilon': 8.624233265709347e-08, 'hidden_layer_sizes': 186, 'learning_rate_init': 0.00011868250329098007, 'tol': 0.010654890637556867, 'validation_fraction': 0.16885478222509448}
observation time 0.000002, current best 0.338838 at iter 44
saving meta data: {'args': {'--uuid': '96e8267f10db55a98e3b914abf41867c', '-db-root': '/home/ryedida/bbo_challenge_starter_kit/output', '--opt-root': '/home/ryedida/bbo_challenge_starter_kit/example_submissions', '--data-root': None, '--db': 'run_20231014_193210', '--opt': 'random', '--data': 'iris', '--classifier': 'MLP-adam', '--metric': 'nll', '--calls': 45, '--suggestions': 1, '--jobs-file': None, '--verbose': False, 'dry_run': False, 'rev': 'a376313', 'opt_rev': '0.0.8'}, 'signature': ([{'alpha': 0.019628224813442792, 'batch_size': 182, 'beta_1': 0.9410202200271762, 'beta_2': 0.9998021557676793, 'epsilon': 1.8662266976518e-08, 'hidden_layer_sizes': 147, 'learning_rate_init': 0.0005627932047415167, 'tol': 0.03690557729213761, 'validation_fraction': 0.8846827852548593}, {'alpha': 0.001998246739232944, 'batch_size': 200, 'beta_1': 0.919111482530466, 'beta_2': 0.9998488260436156, 'epsilon': 5.981221901152555e-07, 'hidden_layer_sizes': 61, 'learning_rate_init': 2.2310905607443014e-05, 'tol': 1.2046852412030316e-05, 'validation_fraction': 0.8117896445826539}, {'alpha': 0.46659545670218433, 'batch_size': 219, 'beta_1': 0.9889789783750891, 'beta_2': 0.9999896868093284, 'epsilon': 2.4234724484675948e-08, 'hidden_layer_sizes': 167, 'learning_rate_init': 2.972334644335654e-05, 'tol': 0.0036281404040243792, 'validation_fraction': 0.17260651658522078}, {'alpha': 4.656005689076002, 'batch_size': 135, 'beta_1': 0.870503881627747, 'beta_2': 0.9948873266941017, 'epsilon': 2.1023308743480125e-07, 'hidden_layer_sizes': 118, 'learning_rate_init': 0.001878173875716191, 'tol': 1.1889379831773006e-05, 'validation_fraction': 0.6264327093752792}, {'alpha': 0.04705159350400542, 'batch_size': 158, 'beta_1': 0.9870884262730957, 'beta_2': 0.9999596874382349, 'epsilon': 1.1981845126013875e-08, 'hidden_layer_sizes': 116, 'learning_rate_init': 0.006173405204074311, 'tol': 1.7414134181586194e-05, 'validation_fraction': 0.6754299026638921}], [1.3105719841770722, 1.7760947732249062, 1.4322107566090756, 0.9097804858215804, 0.5745987066718419])}
saving results
saving timing
saving suggest log
done
