running: {'--uuid': '9e99d9eaabf5548e9bce18fff079b6a3', '-db-root': '/home/ryedida/bbo_challenge_starter_kit/output', '--opt-root': '/home/ryedida/bbo_challenge_starter_kit/example_submissions', '--data-root': None, '--db': 'run_20231014_193210', '--opt': 'random', '--data': 'iris', '--classifier': 'MLP-adam', '--metric': 'acc', '--calls': 45, '--suggestions': 1, '--jobs-file': None, '--verbose': False, 'dry_run': False, 'rev': 'a376313', 'opt_rev': '0.0.8'}
cmd: python /home/ryedida/.local/bin/bayesmark-exp -c MLP-adam -d iris -o random -u 9e99d9eaabf5548e9bce18fff079b6a3 -m acc -n 45 -p 1 -dir /home/ryedida/bbo_challenge_starter_kit/output -b run_20231014_193210
/home/ryedida/.local/lib/python3.8/site-packages/sklearn/neural_network/_multilayer_perceptron.py:621: UserWarning: Got `batch_size` less than 1 or larger than sample size. It is going to be clipped
  warnings.warn(

/home/ryedida/.local/lib/python3.8/site-packages/sklearn/neural_network/_multilayer_perceptron.py:621: UserWarning: Got `batch_size` less than 1 or larger than sample size. It is going to be clipped
  warnings.warn(

/home/ryedida/.local/lib/python3.8/site-packages/sklearn/neural_network/_multilayer_perceptron.py:621: UserWarning: Got `batch_size` less than 1 or larger than sample size. It is going to be clipped
  warnings.warn(

/home/ryedida/.local/lib/python3.8/site-packages/sklearn/neural_network/_multilayer_perceptron.py:621: UserWarning: Got `batch_size` less than 1 or larger than sample size. It is going to be clipped
  warnings.warn(

/home/ryedida/.local/lib/python3.8/site-packages/sklearn/neural_network/_multilayer_perceptron.py:621: UserWarning: Got `batch_size` less than 1 or larger than sample size. It is going to be clipped
  warnings.warn(

computed signature: ([{'alpha': 0.019628224813442792, 'batch_size': 182, 'beta_1': 0.9410202200271762, 'beta_2': 0.9998021557676793, 'epsilon': 1.8662266976518e-08, 'hidden_layer_sizes': 147, 'learning_rate_init': 0.0005627932047415167, 'tol': 0.03690557729213761, 'validation_fraction': 0.8846827852548593}, {'alpha': 0.001998246739232944, 'batch_size': 200, 'beta_1': 0.919111482530466, 'beta_2': 0.9998488260436156, 'epsilon': 5.981221901152555e-07, 'hidden_layer_sizes': 61, 'learning_rate_init': 2.2310905607443014e-05, 'tol': 1.2046852412030316e-05, 'validation_fraction': 0.8117896445826539}, {'alpha': 0.46659545670218433, 'batch_size': 219, 'beta_1': 0.9889789783750891, 'beta_2': 0.9999896868093284, 'epsilon': 2.4234724484675948e-08, 'hidden_layer_sizes': 167, 'learning_rate_init': 2.972334644335654e-05, 'tol': 0.0036281404040243792, 'validation_fraction': 0.17260651658522078}, {'alpha': 4.656005689076002, 'batch_size': 135, 'beta_1': 0.870503881627747, 'beta_2': 0.9948873266941017, 'epsilon': 2.1023308743480125e-07, 'hidden_layer_sizes': 118, 'learning_rate_init': 0.001878173875716191, 'tol': 1.1889379831773006e-05, 'validation_fraction': 0.6264327093752792}, {'alpha': 0.04705159350400542, 'batch_size': 158, 'beta_1': 0.9870884262730957, 'beta_2': 0.9999596874382349, 'epsilon': 1.1981845126013875e-08, 'hidden_layer_sizes': 116, 'learning_rate_init': 0.006173405204074311, 'tol': 1.7414134181586194e-05, 'validation_fraction': 0.6754299026638921}], [-0.41666666666666663, -0.275, -0.3416666666666667, -0.725, -0.875])
/home/ryedida/.local/lib/python3.8/site-packages/bayesmark/experiment.py:470: UserWarning: Baselines not found. Will not log intermediate scores.
  warnings.warn("Baselines not found. Will not log intermediate scores.")

starting sklearn study random MLP-adam iris acc 45 1
with data root: None
suggestion time taken 0.003830 iter 0 next_points [{'alpha': 0.00014788827922841002, 'batch_size': 219, 'beta_1': 0.955040954735435, 'beta_2': 0.9999930954054835, 'epsilon': 2.0858533368062364e-09, 'hidden_layer_sizes': 88, 'learning_rate_init': 0.0005953279022078993, 'tol': 0.05849725910152982, 'validation_fraction': 0.7879212041402663}]
/home/ryedida/.local/lib/python3.8/site-packages/sklearn/neural_network/_multilayer_perceptron.py:621: UserWarning: Got `batch_size` less than 1 or larger than sample size. It is going to be clipped
  warnings.warn(

function_evaluation time 0.079427 value -0.491667 suggestion {'alpha': 0.00014788827922841002, 'batch_size': 219, 'beta_1': 0.955040954735435, 'beta_2': 0.9999930954054835, 'epsilon': 2.0858533368062364e-09, 'hidden_layer_sizes': 88, 'learning_rate_init': 0.0005953279022078993, 'tol': 0.05849725910152982, 'validation_fraction': 0.7879212041402663}
observation time 0.000003, current best -0.491667 at iter 0
suggestion time taken 0.003945 iter 1 next_points [{'alpha': 0.002462994808260917, 'batch_size': 165, 'beta_1': 0.9427348166455067, 'beta_2': 0.9993222420180831, 'epsilon': 1.581132619105489e-07, 'hidden_layer_sizes': 146, 'learning_rate_init': 1.644041789516301e-05, 'tol': 0.016621531484603682, 'validation_fraction': 0.7043993142938958}]
/home/ryedida/.local/lib/python3.8/site-packages/sklearn/neural_network/_multilayer_perceptron.py:621: UserWarning: Got `batch_size` less than 1 or larger than sample size. It is going to be clipped
  warnings.warn(

function_evaluation time 0.070659 value -0.275000 suggestion {'alpha': 0.002462994808260917, 'batch_size': 165, 'beta_1': 0.9427348166455067, 'beta_2': 0.9993222420180831, 'epsilon': 1.581132619105489e-07, 'hidden_layer_sizes': 146, 'learning_rate_init': 1.644041789516301e-05, 'tol': 0.016621531484603682, 'validation_fraction': 0.7043993142938958}
observation time 0.000002, current best -0.491667 at iter 1
suggestion time taken 0.003860 iter 2 next_points [{'alpha': 1.3687709737042808, 'batch_size': 99, 'beta_1': 0.9734005740170996, 'beta_2': 0.9999953650791689, 'epsilon': 1.7684571573327709e-09, 'hidden_layer_sizes': 138, 'learning_rate_init': 2.196971460729423e-05, 'tol': 3.17670104562838e-05, 'validation_fraction': 0.4762757875405991}]
/home/ryedida/.local/lib/python3.8/site-packages/sklearn/neural_network/_multilayer_perceptron.py:621: UserWarning: Got `batch_size` less than 1 or larger than sample size. It is going to be clipped
  warnings.warn(

function_evaluation time 0.080318 value -0.333333 suggestion {'alpha': 1.3687709737042808, 'batch_size': 99, 'beta_1': 0.9734005740170996, 'beta_2': 0.9999953650791689, 'epsilon': 1.7684571573327709e-09, 'hidden_layer_sizes': 138, 'learning_rate_init': 2.196971460729423e-05, 'tol': 3.17670104562838e-05, 'validation_fraction': 0.4762757875405991}
observation time 0.000002, current best -0.491667 at iter 2
suggestion time taken 0.003875 iter 3 next_points [{'alpha': 0.010415484590342463, 'batch_size': 32, 'beta_1': 0.9805921521774695, 'beta_2': 0.940916961202251, 'epsilon': 8.545446973297604e-09, 'hidden_layer_sizes': 95, 'learning_rate_init': 0.0021533206289602006, 'tol': 0.00016139429707163146, 'validation_fraction': 0.7684903236524687}]
/home/ryedida/.local/lib/python3.8/site-packages/sklearn/neural_network/_multilayer_perceptron.py:621: UserWarning: Got `batch_size` less than 1 or larger than sample size. It is going to be clipped
  warnings.warn(

function_evaluation time 0.096955 value -0.633333 suggestion {'alpha': 0.010415484590342463, 'batch_size': 32, 'beta_1': 0.9805921521774695, 'beta_2': 0.940916961202251, 'epsilon': 8.545446973297604e-09, 'hidden_layer_sizes': 95, 'learning_rate_init': 0.0021533206289602006, 'tol': 0.00016139429707163146, 'validation_fraction': 0.7684903236524687}
observation time 0.000002, current best -0.633333 at iter 3
suggestion time taken 0.003855 iter 4 next_points [{'alpha': 0.001531069493041345, 'batch_size': 91, 'beta_1': 0.9515856943330733, 'beta_2': 0.9996171292805796, 'epsilon': 3.0015477287006335e-07, 'hidden_layer_sizes': 162, 'learning_rate_init': 0.00022106395049896975, 'tol': 0.00014246123750186575, 'validation_fraction': 0.10395167335172269}]
function_evaluation time 0.087634 value -0.425000 suggestion {'alpha': 0.001531069493041345, 'batch_size': 91, 'beta_1': 0.9515856943330733, 'beta_2': 0.9996171292805796, 'epsilon': 3.0015477287006335e-07, 'hidden_layer_sizes': 162, 'learning_rate_init': 0.00022106395049896975, 'tol': 0.00014246123750186575, 'validation_fraction': 0.10395167335172269}
observation time 0.000002, current best -0.633333 at iter 4
suggestion time taken 0.003891 iter 5 next_points [{'alpha': 0.021464433966964843, 'batch_size': 153, 'beta_1': 0.9157806823186646, 'beta_2': 0.9718398800691658, 'epsilon': 2.210984529541074e-09, 'hidden_layer_sizes': 160, 'learning_rate_init': 0.0011673192729169466, 'tol': 0.001562582984547289, 'validation_fraction': 0.1720047200552888}]
/home/ryedida/.local/lib/python3.8/site-packages/sklearn/neural_network/_multilayer_perceptron.py:621: UserWarning: Got `batch_size` less than 1 or larger than sample size. It is going to be clipped
  warnings.warn(

function_evaluation time 0.134385 value -0.616667 suggestion {'alpha': 0.021464433966964843, 'batch_size': 153, 'beta_1': 0.9157806823186646, 'beta_2': 0.9718398800691658, 'epsilon': 2.210984529541074e-09, 'hidden_layer_sizes': 160, 'learning_rate_init': 0.0011673192729169466, 'tol': 0.001562582984547289, 'validation_fraction': 0.1720047200552888}
observation time 0.000002, current best -0.633333 at iter 5
suggestion time taken 0.003831 iter 6 next_points [{'alpha': 1.8061011562418847e-05, 'batch_size': 193, 'beta_1': 0.7508859915406716, 'beta_2': 0.9999985781527202, 'epsilon': 4.386467692763247e-09, 'hidden_layer_sizes': 197, 'learning_rate_init': 0.06765890804793624, 'tol': 0.0009394843731695432, 'validation_fraction': 0.38147891311616094}]
/home/ryedida/.local/lib/python3.8/site-packages/sklearn/neural_network/_multilayer_perceptron.py:621: UserWarning: Got `batch_size` less than 1 or larger than sample size. It is going to be clipped
  warnings.warn(

function_evaluation time 0.124576 value -0.900000 suggestion {'alpha': 1.8061011562418847e-05, 'batch_size': 193, 'beta_1': 0.7508859915406716, 'beta_2': 0.9999985781527202, 'epsilon': 4.386467692763247e-09, 'hidden_layer_sizes': 197, 'learning_rate_init': 0.06765890804793624, 'tol': 0.0009394843731695432, 'validation_fraction': 0.38147891311616094}
observation time 0.000002, current best -0.900000 at iter 6
suggestion time taken 0.003842 iter 7 next_points [{'alpha': 3.0994300311333953, 'batch_size': 39, 'beta_1': 0.7166820399052155, 'beta_2': 0.9996213999563004, 'epsilon': 9.727154712961677e-09, 'hidden_layer_sizes': 69, 'learning_rate_init': 2.4156583451360183e-05, 'tol': 0.0008431397430083165, 'validation_fraction': 0.10458625493459543}]
function_evaluation time 0.110561 value -0.341667 suggestion {'alpha': 3.0994300311333953, 'batch_size': 39, 'beta_1': 0.7166820399052155, 'beta_2': 0.9996213999563004, 'epsilon': 9.727154712961677e-09, 'hidden_layer_sizes': 69, 'learning_rate_init': 2.4156583451360183e-05, 'tol': 0.0008431397430083165, 'validation_fraction': 0.10458625493459543}
observation time 0.000003, current best -0.900000 at iter 7
suggestion time taken 0.003819 iter 8 next_points [{'alpha': 0.0003731382752800561, 'batch_size': 92, 'beta_1': 0.9846235649675575, 'beta_2': 0.9999937159491443, 'epsilon': 3.575350753682849e-07, 'hidden_layer_sizes': 53, 'learning_rate_init': 0.09915399610094869, 'tol': 0.0021178728118590217, 'validation_fraction': 0.8366562842781834}]
/home/ryedida/.local/lib/python3.8/site-packages/sklearn/neural_network/_multilayer_perceptron.py:621: UserWarning: Got `batch_size` less than 1 or larger than sample size. It is going to be clipped
  warnings.warn(

function_evaluation time 0.113938 value -0.725000 suggestion {'alpha': 0.0003731382752800561, 'batch_size': 92, 'beta_1': 0.9846235649675575, 'beta_2': 0.9999937159491443, 'epsilon': 3.575350753682849e-07, 'hidden_layer_sizes': 53, 'learning_rate_init': 0.09915399610094869, 'tol': 0.0021178728118590217, 'validation_fraction': 0.8366562842781834}
observation time 0.000002, current best -0.900000 at iter 8
suggestion time taken 0.003915 iter 9 next_points [{'alpha': 9.59364844876162, 'batch_size': 137, 'beta_1': 0.9192287523483091, 'beta_2': 0.9875561101878629, 'epsilon': 5.061612843780469e-09, 'hidden_layer_sizes': 192, 'learning_rate_init': 6.847169213723089e-05, 'tol': 1.406681739397056e-05, 'validation_fraction': 0.7366512200931041}]
/home/ryedida/.local/lib/python3.8/site-packages/sklearn/neural_network/_multilayer_perceptron.py:621: UserWarning: Got `batch_size` less than 1 or larger than sample size. It is going to be clipped
  warnings.warn(

function_evaluation time 0.071901 value -0.275000 suggestion {'alpha': 9.59364844876162, 'batch_size': 137, 'beta_1': 0.9192287523483091, 'beta_2': 0.9875561101878629, 'epsilon': 5.061612843780469e-09, 'hidden_layer_sizes': 192, 'learning_rate_init': 6.847169213723089e-05, 'tol': 1.406681739397056e-05, 'validation_fraction': 0.7366512200931041}
observation time 0.000002, current best -0.900000 at iter 9
suggestion time taken 0.003867 iter 10 next_points [{'alpha': 1.0542214150422003e-05, 'batch_size': 184, 'beta_1': 0.9256087056022001, 'beta_2': 0.999881628183311, 'epsilon': 8.923396192263987e-09, 'hidden_layer_sizes': 199, 'learning_rate_init': 0.006991454851128979, 'tol': 0.09781824294634237, 'validation_fraction': 0.4139457948775184}]
/home/ryedida/.local/lib/python3.8/site-packages/sklearn/neural_network/_multilayer_perceptron.py:621: UserWarning: Got `batch_size` less than 1 or larger than sample size. It is going to be clipped
  warnings.warn(

function_evaluation time 0.101181 value -0.933333 suggestion {'alpha': 1.0542214150422003e-05, 'batch_size': 184, 'beta_1': 0.9256087056022001, 'beta_2': 0.999881628183311, 'epsilon': 8.923396192263987e-09, 'hidden_layer_sizes': 199, 'learning_rate_init': 0.006991454851128979, 'tol': 0.09781824294634237, 'validation_fraction': 0.4139457948775184}
observation time 0.000002, current best -0.933333 at iter 10
suggestion time taken 0.003827 iter 11 next_points [{'alpha': 4.118465403644273, 'batch_size': 149, 'beta_1': 0.8372833468262767, 'beta_2': 0.9635722776332329, 'epsilon': 4.513794411896184e-09, 'hidden_layer_sizes': 133, 'learning_rate_init': 1.0276433261865562e-05, 'tol': 0.00036397985410068883, 'validation_fraction': 0.3297461241951043}]
/home/ryedida/.local/lib/python3.8/site-packages/sklearn/neural_network/_multilayer_perceptron.py:621: UserWarning: Got `batch_size` less than 1 or larger than sample size. It is going to be clipped
  warnings.warn(

function_evaluation time 0.072123 value -0.316667 suggestion {'alpha': 4.118465403644273, 'batch_size': 149, 'beta_1': 0.8372833468262767, 'beta_2': 0.9635722776332329, 'epsilon': 4.513794411896184e-09, 'hidden_layer_sizes': 133, 'learning_rate_init': 1.0276433261865562e-05, 'tol': 0.00036397985410068883, 'validation_fraction': 0.3297461241951043}
observation time 0.000002, current best -0.933333 at iter 11
suggestion time taken 0.003923 iter 12 next_points [{'alpha': 0.010696296576889919, 'batch_size': 200, 'beta_1': 0.9458050470889174, 'beta_2': 0.9986118192979992, 'epsilon': 1.7927346572653567e-07, 'hidden_layer_sizes': 128, 'learning_rate_init': 0.00018900247526577958, 'tol': 0.0002514095240669234, 'validation_fraction': 0.705305687269542}]
/home/ryedida/.local/lib/python3.8/site-packages/sklearn/neural_network/_multilayer_perceptron.py:621: UserWarning: Got `batch_size` less than 1 or larger than sample size. It is going to be clipped
  warnings.warn(

function_evaluation time 0.067748 value -0.325000 suggestion {'alpha': 0.010696296576889919, 'batch_size': 200, 'beta_1': 0.9458050470889174, 'beta_2': 0.9986118192979992, 'epsilon': 1.7927346572653567e-07, 'hidden_layer_sizes': 128, 'learning_rate_init': 0.00018900247526577958, 'tol': 0.0002514095240669234, 'validation_fraction': 0.705305687269542}
observation time 0.000002, current best -0.933333 at iter 12
suggestion time taken 0.003856 iter 13 next_points [{'alpha': 0.0007454235427475919, 'batch_size': 22, 'beta_1': 0.9877728788226944, 'beta_2': 0.9999505411654438, 'epsilon': 6.191124759160715e-07, 'hidden_layer_sizes': 161, 'learning_rate_init': 0.04987650226655901, 'tol': 0.020765908534487253, 'validation_fraction': 0.3894447390224375}]
function_evaluation time 0.219315 value -0.933333 suggestion {'alpha': 0.0007454235427475919, 'batch_size': 22, 'beta_1': 0.9877728788226944, 'beta_2': 0.9999505411654438, 'epsilon': 6.191124759160715e-07, 'hidden_layer_sizes': 161, 'learning_rate_init': 0.04987650226655901, 'tol': 0.020765908534487253, 'validation_fraction': 0.3894447390224375}
observation time 0.000002, current best -0.933333 at iter 13
suggestion time taken 0.003889 iter 14 next_points [{'alpha': 5.371828489486223e-05, 'batch_size': 66, 'beta_1': 0.7595740088805483, 'beta_2': 0.9339885542091835, 'epsilon': 5.301162542747512e-07, 'hidden_layer_sizes': 86, 'learning_rate_init': 0.001826593764193948, 'tol': 0.019010446703866896, 'validation_fraction': 0.16537303600219028}]
function_evaluation time 0.154819 value -0.775000 suggestion {'alpha': 5.371828489486223e-05, 'batch_size': 66, 'beta_1': 0.7595740088805483, 'beta_2': 0.9339885542091835, 'epsilon': 5.301162542747512e-07, 'hidden_layer_sizes': 86, 'learning_rate_init': 0.001826593764193948, 'tol': 0.019010446703866896, 'validation_fraction': 0.16537303600219028}
observation time 0.000002, current best -0.933333 at iter 14
suggestion time taken 0.003921 iter 15 next_points [{'alpha': 6.17405520729354e-05, 'batch_size': 123, 'beta_1': 0.9474379589537035, 'beta_2': 0.9902181530189763, 'epsilon': 8.022431269264074e-09, 'hidden_layer_sizes': 78, 'learning_rate_init': 0.0007129303476862497, 'tol': 0.00016621434018575693, 'validation_fraction': 0.23604062785882077}]
/home/ryedida/.local/lib/python3.8/site-packages/sklearn/neural_network/_multilayer_perceptron.py:621: UserWarning: Got `batch_size` less than 1 or larger than sample size. It is going to be clipped
  warnings.warn(

function_evaluation time 0.097199 value -0.508333 suggestion {'alpha': 6.17405520729354e-05, 'batch_size': 123, 'beta_1': 0.9474379589537035, 'beta_2': 0.9902181530189763, 'epsilon': 8.022431269264074e-09, 'hidden_layer_sizes': 78, 'learning_rate_init': 0.0007129303476862497, 'tol': 0.00016621434018575693, 'validation_fraction': 0.23604062785882077}
observation time 0.000002, current best -0.933333 at iter 15
suggestion time taken 0.003798 iter 16 next_points [{'alpha': 0.00033813915764712983, 'batch_size': 34, 'beta_1': 0.8438090243678477, 'beta_2': 0.9998768425542031, 'epsilon': 1.0435515286491286e-09, 'hidden_layer_sizes': 81, 'learning_rate_init': 0.003175641133354483, 'tol': 2.5389348466869577e-05, 'validation_fraction': 0.3731321934780503}]
function_evaluation time 0.196696 value -0.841667 suggestion {'alpha': 0.00033813915764712983, 'batch_size': 34, 'beta_1': 0.8438090243678477, 'beta_2': 0.9998768425542031, 'epsilon': 1.0435515286491286e-09, 'hidden_layer_sizes': 81, 'learning_rate_init': 0.003175641133354483, 'tol': 2.5389348466869577e-05, 'validation_fraction': 0.3731321934780503}
observation time 0.000002, current best -0.933333 at iter 16
suggestion time taken 0.004049 iter 17 next_points [{'alpha': 9.597945523912689, 'batch_size': 154, 'beta_1': 0.7184491679440196, 'beta_2': 0.9966921251138555, 'epsilon': 6.104997063290772e-08, 'hidden_layer_sizes': 132, 'learning_rate_init': 0.007123779628430465, 'tol': 7.57347822485465e-05, 'validation_fraction': 0.1000847457111838}]
/home/ryedida/.local/lib/python3.8/site-packages/sklearn/neural_network/_multilayer_perceptron.py:621: UserWarning: Got `batch_size` less than 1 or larger than sample size. It is going to be clipped
  warnings.warn(

function_evaluation time 0.112088 value -0.816667 suggestion {'alpha': 9.597945523912689, 'batch_size': 154, 'beta_1': 0.7184491679440196, 'beta_2': 0.9966921251138555, 'epsilon': 6.104997063290772e-08, 'hidden_layer_sizes': 132, 'learning_rate_init': 0.007123779628430465, 'tol': 7.57347822485465e-05, 'validation_fraction': 0.1000847457111838}
observation time 0.000002, current best -0.933333 at iter 17
suggestion time taken 0.003777 iter 18 next_points [{'alpha': 6.558833215318053e-05, 'batch_size': 24, 'beta_1': 0.963552712593418, 'beta_2': 0.999986980098231, 'epsilon': 6.359972099144926e-08, 'hidden_layer_sizes': 108, 'learning_rate_init': 0.01459110454311924, 'tol': 0.00028498788200270416, 'validation_fraction': 0.8532873749289348}]
/home/ryedida/.local/lib/python3.8/site-packages/sklearn/neural_network/_multilayer_perceptron.py:621: UserWarning: Got `batch_size` less than 1 or larger than sample size. It is going to be clipped
  warnings.warn(

function_evaluation time 0.114633 value -0.850000 suggestion {'alpha': 6.558833215318053e-05, 'batch_size': 24, 'beta_1': 0.963552712593418, 'beta_2': 0.999986980098231, 'epsilon': 6.359972099144926e-08, 'hidden_layer_sizes': 108, 'learning_rate_init': 0.01459110454311924, 'tol': 0.00028498788200270416, 'validation_fraction': 0.8532873749289348}
observation time 0.000002, current best -0.933333 at iter 18
suggestion time taken 0.003853 iter 19 next_points [{'alpha': 0.00774239155585552, 'batch_size': 194, 'beta_1': 0.9362219073540663, 'beta_2': 0.992279432663362, 'epsilon': 3.271388940201455e-08, 'hidden_layer_sizes': 139, 'learning_rate_init': 0.019343600395042283, 'tol': 0.04477476996334208, 'validation_fraction': 0.1487736570508795}]
/home/ryedida/.local/lib/python3.8/site-packages/sklearn/neural_network/_multilayer_perceptron.py:621: UserWarning: Got `batch_size` less than 1 or larger than sample size. It is going to be clipped
  warnings.warn(

function_evaluation time 0.128238 value -0.900000 suggestion {'alpha': 0.00774239155585552, 'batch_size': 194, 'beta_1': 0.9362219073540663, 'beta_2': 0.992279432663362, 'epsilon': 3.271388940201455e-08, 'hidden_layer_sizes': 139, 'learning_rate_init': 0.019343600395042283, 'tol': 0.04477476996334208, 'validation_fraction': 0.1487736570508795}
observation time 0.000002, current best -0.933333 at iter 19
suggestion time taken 0.003747 iter 20 next_points [{'alpha': 1.1896018747355572e-05, 'batch_size': 55, 'beta_1': 0.7437766761053588, 'beta_2': 0.9996780641414084, 'epsilon': 3.059310572384167e-08, 'hidden_layer_sizes': 180, 'learning_rate_init': 0.013459104111637123, 'tol': 0.007564720094155264, 'validation_fraction': 0.10330807503556029}]
function_evaluation time 0.152651 value -0.933333 suggestion {'alpha': 1.1896018747355572e-05, 'batch_size': 55, 'beta_1': 0.7437766761053588, 'beta_2': 0.9996780641414084, 'epsilon': 3.059310572384167e-08, 'hidden_layer_sizes': 180, 'learning_rate_init': 0.013459104111637123, 'tol': 0.007564720094155264, 'validation_fraction': 0.10330807503556029}
observation time 0.000002, current best -0.933333 at iter 20
suggestion time taken 0.003723 iter 21 next_points [{'alpha': 0.9980046558892748, 'batch_size': 178, 'beta_1': 0.5504105879328273, 'beta_2': 0.9999515352431553, 'epsilon': 9.892926567871542e-09, 'hidden_layer_sizes': 55, 'learning_rate_init': 0.003336174284475844, 'tol': 0.0003526985648256605, 'validation_fraction': 0.7355197509494643}]
/home/ryedida/.local/lib/python3.8/site-packages/sklearn/neural_network/_multilayer_perceptron.py:621: UserWarning: Got `batch_size` less than 1 or larger than sample size. It is going to be clipped
  warnings.warn(

function_evaluation time 0.157605 value -0.858333 suggestion {'alpha': 0.9980046558892748, 'batch_size': 178, 'beta_1': 0.5504105879328273, 'beta_2': 0.9999515352431553, 'epsilon': 9.892926567871542e-09, 'hidden_layer_sizes': 55, 'learning_rate_init': 0.003336174284475844, 'tol': 0.0003526985648256605, 'validation_fraction': 0.7355197509494643}
observation time 0.000002, current best -0.933333 at iter 21
suggestion time taken 0.003768 iter 22 next_points [{'alpha': 0.0012729621812928125, 'batch_size': 198, 'beta_1': 0.8498945366056153, 'beta_2': 0.9997659975762518, 'epsilon': 1.0000450185230581e-07, 'hidden_layer_sizes': 55, 'learning_rate_init': 9.38459445641024e-05, 'tol': 1.4617025815580656e-05, 'validation_fraction': 0.7452246556554918}]
/home/ryedida/.local/lib/python3.8/site-packages/sklearn/neural_network/_multilayer_perceptron.py:621: UserWarning: Got `batch_size` less than 1 or larger than sample size. It is going to be clipped
  warnings.warn(

function_evaluation time 0.094978 value -0.366667 suggestion {'alpha': 0.0012729621812928125, 'batch_size': 198, 'beta_1': 0.8498945366056153, 'beta_2': 0.9997659975762518, 'epsilon': 1.0000450185230581e-07, 'hidden_layer_sizes': 55, 'learning_rate_init': 9.38459445641024e-05, 'tol': 1.4617025815580656e-05, 'validation_fraction': 0.7452246556554918}
observation time 0.000002, current best -0.933333 at iter 22
suggestion time taken 0.003781 iter 23 next_points [{'alpha': 5.753912251691852, 'batch_size': 132, 'beta_1': 0.9203055984889401, 'beta_2': 0.9999981782453341, 'epsilon': 1.064512261752233e-08, 'hidden_layer_sizes': 150, 'learning_rate_init': 0.046509731422545345, 'tol': 0.0040396086711656275, 'validation_fraction': 0.687863218223224}]
/home/ryedida/.local/lib/python3.8/site-packages/sklearn/neural_network/_multilayer_perceptron.py:621: UserWarning: Got `batch_size` less than 1 or larger than sample size. It is going to be clipped
  warnings.warn(

function_evaluation time 0.129593 value -0.875000 suggestion {'alpha': 5.753912251691852, 'batch_size': 132, 'beta_1': 0.9203055984889401, 'beta_2': 0.9999981782453341, 'epsilon': 1.064512261752233e-08, 'hidden_layer_sizes': 150, 'learning_rate_init': 0.046509731422545345, 'tol': 0.0040396086711656275, 'validation_fraction': 0.687863218223224}
observation time 0.000002, current best -0.933333 at iter 23
suggestion time taken 0.003934 iter 24 next_points [{'alpha': 0.2627975803712789, 'batch_size': 135, 'beta_1': 0.9732914032457638, 'beta_2': 0.9999983922045537, 'epsilon': 2.190380107130603e-08, 'hidden_layer_sizes': 110, 'learning_rate_init': 0.07354427360786658, 'tol': 0.06591662041853213, 'validation_fraction': 0.44737696989804104}]
/home/ryedida/.local/lib/python3.8/site-packages/sklearn/neural_network/_multilayer_perceptron.py:621: UserWarning: Got `batch_size` less than 1 or larger than sample size. It is going to be clipped
  warnings.warn(

function_evaluation time 0.131037 value -0.950000 suggestion {'alpha': 0.2627975803712789, 'batch_size': 135, 'beta_1': 0.9732914032457638, 'beta_2': 0.9999983922045537, 'epsilon': 2.190380107130603e-08, 'hidden_layer_sizes': 110, 'learning_rate_init': 0.07354427360786658, 'tol': 0.06591662041853213, 'validation_fraction': 0.44737696989804104}
observation time 0.000002, current best -0.950000 at iter 24
suggestion time taken 0.003887 iter 25 next_points [{'alpha': 5.814586971046692e-05, 'batch_size': 31, 'beta_1': 0.7949937641094204, 'beta_2': 0.9894428500383332, 'epsilon': 1.6446785695042357e-08, 'hidden_layer_sizes': 178, 'learning_rate_init': 0.00011977118148521718, 'tol': 2.1871223769706738e-05, 'validation_fraction': 0.5671018159746664}]
function_evaluation time 0.136950 value -0.391667 suggestion {'alpha': 5.814586971046692e-05, 'batch_size': 31, 'beta_1': 0.7949937641094204, 'beta_2': 0.9894428500383332, 'epsilon': 1.6446785695042357e-08, 'hidden_layer_sizes': 178, 'learning_rate_init': 0.00011977118148521718, 'tol': 2.1871223769706738e-05, 'validation_fraction': 0.5671018159746664}
observation time 0.000002, current best -0.950000 at iter 25
suggestion time taken 0.003864 iter 26 next_points [{'alpha': 0.002100633907627793, 'batch_size': 95, 'beta_1': 0.5798724783637017, 'beta_2': 0.9999934263165074, 'epsilon': 2.273357735720348e-07, 'hidden_layer_sizes': 150, 'learning_rate_init': 0.00014193985787197067, 'tol': 0.002199614621168899, 'validation_fraction': 0.6332319530656604}]
/home/ryedida/.local/lib/python3.8/site-packages/sklearn/neural_network/_multilayer_perceptron.py:621: UserWarning: Got `batch_size` less than 1 or larger than sample size. It is going to be clipped
  warnings.warn(

function_evaluation time 0.109007 value -0.416667 suggestion {'alpha': 0.002100633907627793, 'batch_size': 95, 'beta_1': 0.5798724783637017, 'beta_2': 0.9999934263165074, 'epsilon': 2.273357735720348e-07, 'hidden_layer_sizes': 150, 'learning_rate_init': 0.00014193985787197067, 'tol': 0.002199614621168899, 'validation_fraction': 0.6332319530656604}
observation time 0.000002, current best -0.950000 at iter 26
suggestion time taken 0.003862 iter 27 next_points [{'alpha': 5.140214540705212e-05, 'batch_size': 206, 'beta_1': 0.7606103997672485, 'beta_2': 0.9725724855175976, 'epsilon': 1.4728311140354135e-08, 'hidden_layer_sizes': 96, 'learning_rate_init': 0.00011122065420061308, 'tol': 0.01625073167507333, 'validation_fraction': 0.7892003552616822}]
/home/ryedida/.local/lib/python3.8/site-packages/sklearn/neural_network/_multilayer_perceptron.py:621: UserWarning: Got `batch_size` less than 1 or larger than sample size. It is going to be clipped
  warnings.warn(

function_evaluation time 0.065041 value -0.433333 suggestion {'alpha': 5.140214540705212e-05, 'batch_size': 206, 'beta_1': 0.7606103997672485, 'beta_2': 0.9725724855175976, 'epsilon': 1.4728311140354135e-08, 'hidden_layer_sizes': 96, 'learning_rate_init': 0.00011122065420061308, 'tol': 0.01625073167507333, 'validation_fraction': 0.7892003552616822}
observation time 0.000002, current best -0.950000 at iter 27
suggestion time taken 0.003857 iter 28 next_points [{'alpha': 0.0008565128131114086, 'batch_size': 56, 'beta_1': 0.8258486565784087, 'beta_2': 0.9998299157919416, 'epsilon': 1.2284040245975215e-09, 'hidden_layer_sizes': 94, 'learning_rate_init': 0.06332128740825797, 'tol': 0.006882946021605662, 'validation_fraction': 0.45209947994820093}]
function_evaluation time 0.122294 value -0.966667 suggestion {'alpha': 0.0008565128131114086, 'batch_size': 56, 'beta_1': 0.8258486565784087, 'beta_2': 0.9998299157919416, 'epsilon': 1.2284040245975215e-09, 'hidden_layer_sizes': 94, 'learning_rate_init': 0.06332128740825797, 'tol': 0.006882946021605662, 'validation_fraction': 0.45209947994820093}
observation time 0.000001, current best -0.966667 at iter 28
suggestion time taken 0.003851 iter 29 next_points [{'alpha': 0.03799065873695764, 'batch_size': 28, 'beta_1': 0.5487617207968803, 'beta_2': 0.9999976933841389, 'epsilon': 4.142227048102013e-09, 'hidden_layer_sizes': 66, 'learning_rate_init': 0.0012963603620501627, 'tol': 0.001260660394703192, 'validation_fraction': 0.5577552527150464}]
function_evaluation time 0.184632 value -0.750000 suggestion {'alpha': 0.03799065873695764, 'batch_size': 28, 'beta_1': 0.5487617207968803, 'beta_2': 0.9999976933841389, 'epsilon': 4.142227048102013e-09, 'hidden_layer_sizes': 66, 'learning_rate_init': 0.0012963603620501627, 'tol': 0.001260660394703192, 'validation_fraction': 0.5577552527150464}
observation time 0.000002, current best -0.966667 at iter 29
suggestion time taken 0.003825 iter 30 next_points [{'alpha': 0.009398790184752674, 'batch_size': 19, 'beta_1': 0.9689713327502981, 'beta_2': 0.9839038699401526, 'epsilon': 3.6144504128831827e-09, 'hidden_layer_sizes': 59, 'learning_rate_init': 6.343324792366317e-05, 'tol': 0.010634767538072087, 'validation_fraction': 0.8063140244420571}]
function_evaluation time 0.090892 value -0.350000 suggestion {'alpha': 0.009398790184752674, 'batch_size': 19, 'beta_1': 0.9689713327502981, 'beta_2': 0.9839038699401526, 'epsilon': 3.6144504128831827e-09, 'hidden_layer_sizes': 59, 'learning_rate_init': 6.343324792366317e-05, 'tol': 0.010634767538072087, 'validation_fraction': 0.8063140244420571}
observation time 0.000002, current best -0.966667 at iter 30
suggestion time taken 0.003801 iter 31 next_points [{'alpha': 0.0006551834612752029, 'batch_size': 120, 'beta_1': 0.798384730170287, 'beta_2': 0.9996029599977796, 'epsilon': 3.4237947386684396e-09, 'hidden_layer_sizes': 183, 'learning_rate_init': 0.0017151089084746645, 'tol': 0.001678263047101852, 'validation_fraction': 0.119733896499371}]
/home/ryedida/.local/lib/python3.8/site-packages/sklearn/neural_network/_multilayer_perceptron.py:621: UserWarning: Got `batch_size` less than 1 or larger than sample size. It is going to be clipped
  warnings.warn(

function_evaluation time 0.098003 value -0.641667 suggestion {'alpha': 0.0006551834612752029, 'batch_size': 120, 'beta_1': 0.798384730170287, 'beta_2': 0.9996029599977796, 'epsilon': 3.4237947386684396e-09, 'hidden_layer_sizes': 183, 'learning_rate_init': 0.0017151089084746645, 'tol': 0.001678263047101852, 'validation_fraction': 0.119733896499371}
observation time 0.000002, current best -0.966667 at iter 31
suggestion time taken 0.003801 iter 32 next_points [{'alpha': 0.008400756911615187, 'batch_size': 62, 'beta_1': 0.9804729062254702, 'beta_2': 0.9861997306075482, 'epsilon': 1.7917898245347352e-07, 'hidden_layer_sizes': 185, 'learning_rate_init': 0.002613131073075026, 'tol': 0.06667737558731197, 'validation_fraction': 0.20672743840175026}]
function_evaluation time 0.160052 value -0.900000 suggestion {'alpha': 0.008400756911615187, 'batch_size': 62, 'beta_1': 0.9804729062254702, 'beta_2': 0.9861997306075482, 'epsilon': 1.7917898245347352e-07, 'hidden_layer_sizes': 185, 'learning_rate_init': 0.002613131073075026, 'tol': 0.06667737558731197, 'validation_fraction': 0.20672743840175026}
observation time 0.000003, current best -0.966667 at iter 32
suggestion time taken 0.003715 iter 33 next_points [{'alpha': 0.00016059730673012075, 'batch_size': 246, 'beta_1': 0.8787935813624075, 'beta_2': 0.9996761032937119, 'epsilon': 1.5995050961124372e-08, 'hidden_layer_sizes': 165, 'learning_rate_init': 0.0008596183730697027, 'tol': 0.05277484519368446, 'validation_fraction': 0.87650226495209}]
/home/ryedida/.local/lib/python3.8/site-packages/sklearn/neural_network/_multilayer_perceptron.py:621: UserWarning: Got `batch_size` less than 1 or larger than sample size. It is going to be clipped
  warnings.warn(

function_evaluation time 0.090264 value -0.533333 suggestion {'alpha': 0.00016059730673012075, 'batch_size': 246, 'beta_1': 0.8787935813624075, 'beta_2': 0.9996761032937119, 'epsilon': 1.5995050961124372e-08, 'hidden_layer_sizes': 165, 'learning_rate_init': 0.0008596183730697027, 'tol': 0.05277484519368446, 'validation_fraction': 0.87650226495209}
observation time 0.000003, current best -0.966667 at iter 33
suggestion time taken 0.003737 iter 34 next_points [{'alpha': 1.0252628344737282e-05, 'batch_size': 106, 'beta_1': 0.9802885825106534, 'beta_2': 0.9999929261670196, 'epsilon': 1.6719458104724125e-07, 'hidden_layer_sizes': 95, 'learning_rate_init': 1.2086189272044048e-05, 'tol': 0.018561962687803857, 'validation_fraction': 0.1791718530113167}]
/home/ryedida/.local/lib/python3.8/site-packages/sklearn/neural_network/_multilayer_perceptron.py:621: UserWarning: Got `batch_size` less than 1 or larger than sample size. It is going to be clipped
  warnings.warn(

function_evaluation time 0.068962 value -0.358333 suggestion {'alpha': 1.0252628344737282e-05, 'batch_size': 106, 'beta_1': 0.9802885825106534, 'beta_2': 0.9999929261670196, 'epsilon': 1.6719458104724125e-07, 'hidden_layer_sizes': 95, 'learning_rate_init': 1.2086189272044048e-05, 'tol': 0.018561962687803857, 'validation_fraction': 0.1791718530113167}
observation time 0.000002, current best -0.966667 at iter 34
suggestion time taken 0.003862 iter 35 next_points [{'alpha': 0.05658505318021561, 'batch_size': 12, 'beta_1': 0.8910502523895315, 'beta_2': 0.9999684062901008, 'epsilon': 6.450552870173092e-07, 'hidden_layer_sizes': 107, 'learning_rate_init': 0.004232836387690413, 'tol': 1.731987977084981e-05, 'validation_fraction': 0.4840573720102566}]
function_evaluation time 0.313699 value -0.933333 suggestion {'alpha': 0.05658505318021561, 'batch_size': 12, 'beta_1': 0.8910502523895315, 'beta_2': 0.9999684062901008, 'epsilon': 6.450552870173092e-07, 'hidden_layer_sizes': 107, 'learning_rate_init': 0.004232836387690413, 'tol': 1.731987977084981e-05, 'validation_fraction': 0.4840573720102566}
observation time 0.000003, current best -0.966667 at iter 35
suggestion time taken 0.003967 iter 36 next_points [{'alpha': 0.03601011164374177, 'batch_size': 221, 'beta_1': 0.960552687343131, 'beta_2': 0.9660893092725136, 'epsilon': 2.3851685309852773e-07, 'hidden_layer_sizes': 178, 'learning_rate_init': 0.00014103776978751484, 'tol': 0.0032780445807351582, 'validation_fraction': 0.8301699992018884}]
/home/ryedida/.local/lib/python3.8/site-packages/sklearn/neural_network/_multilayer_perceptron.py:621: UserWarning: Got `batch_size` less than 1 or larger than sample size. It is going to be clipped
  warnings.warn(

function_evaluation time 0.082897 value -0.391667 suggestion {'alpha': 0.03601011164374177, 'batch_size': 221, 'beta_1': 0.960552687343131, 'beta_2': 0.9660893092725136, 'epsilon': 2.3851685309852773e-07, 'hidden_layer_sizes': 178, 'learning_rate_init': 0.00014103776978751484, 'tol': 0.0032780445807351582, 'validation_fraction': 0.8301699992018884}
observation time 0.000002, current best -0.966667 at iter 36
suggestion time taken 0.003793 iter 37 next_points [{'alpha': 0.00020675066912284528, 'batch_size': 112, 'beta_1': 0.9324133425056897, 'beta_2': 0.9999944689055865, 'epsilon': 3.2203263271591514e-08, 'hidden_layer_sizes': 69, 'learning_rate_init': 0.00030499059955701254, 'tol': 0.0007633734073728788, 'validation_fraction': 0.3227589019207458}]
/home/ryedida/.local/lib/python3.8/site-packages/sklearn/neural_network/_multilayer_perceptron.py:621: UserWarning: Got `batch_size` less than 1 or larger than sample size. It is going to be clipped
  warnings.warn(

function_evaluation time 0.091944 value -0.258333 suggestion {'alpha': 0.00020675066912284528, 'batch_size': 112, 'beta_1': 0.9324133425056897, 'beta_2': 0.9999944689055865, 'epsilon': 3.2203263271591514e-08, 'hidden_layer_sizes': 69, 'learning_rate_init': 0.00030499059955701254, 'tol': 0.0007633734073728788, 'validation_fraction': 0.3227589019207458}
observation time 0.000002, current best -0.966667 at iter 37
suggestion time taken 0.003851 iter 38 next_points [{'alpha': 0.3254957117229853, 'batch_size': 185, 'beta_1': 0.943400770108409, 'beta_2': 0.9999796152728546, 'epsilon': 1.642983300266031e-09, 'hidden_layer_sizes': 113, 'learning_rate_init': 0.0028076639074116933, 'tol': 0.0064898839859709465, 'validation_fraction': 0.26724840645455383}]
/home/ryedida/.local/lib/python3.8/site-packages/sklearn/neural_network/_multilayer_perceptron.py:621: UserWarning: Got `batch_size` less than 1 or larger than sample size. It is going to be clipped
  warnings.warn(

function_evaluation time 0.137934 value -0.875000 suggestion {'alpha': 0.3254957117229853, 'batch_size': 185, 'beta_1': 0.943400770108409, 'beta_2': 0.9999796152728546, 'epsilon': 1.642983300266031e-09, 'hidden_layer_sizes': 113, 'learning_rate_init': 0.0028076639074116933, 'tol': 0.0064898839859709465, 'validation_fraction': 0.26724840645455383}
observation time 0.000002, current best -0.966667 at iter 38
suggestion time taken 0.004201 iter 39 next_points [{'alpha': 0.007610098425327655, 'batch_size': 65, 'beta_1': 0.6180905800568297, 'beta_2': 0.9999801618673104, 'epsilon': 1.6661455416165588e-07, 'hidden_layer_sizes': 96, 'learning_rate_init': 0.0023703544721273223, 'tol': 0.014436310154598612, 'validation_fraction': 0.38139122579366264}]
function_evaluation time 0.153681 value -0.750000 suggestion {'alpha': 0.007610098425327655, 'batch_size': 65, 'beta_1': 0.6180905800568297, 'beta_2': 0.9999801618673104, 'epsilon': 1.6661455416165588e-07, 'hidden_layer_sizes': 96, 'learning_rate_init': 0.0023703544721273223, 'tol': 0.014436310154598612, 'validation_fraction': 0.38139122579366264}
observation time 0.000001, current best -0.966667 at iter 39
suggestion time taken 0.003836 iter 40 next_points [{'alpha': 1.9760117126371875e-05, 'batch_size': 223, 'beta_1': 0.9732369530771124, 'beta_2': 0.9995815320638025, 'epsilon': 1.0882981093372286e-08, 'hidden_layer_sizes': 129, 'learning_rate_init': 4.4352611462764073e-05, 'tol': 0.00016809627073501363, 'validation_fraction': 0.272319519035904}]
/home/ryedida/.local/lib/python3.8/site-packages/sklearn/neural_network/_multilayer_perceptron.py:621: UserWarning: Got `batch_size` less than 1 or larger than sample size. It is going to be clipped
  warnings.warn(

function_evaluation time 0.073515 value -0.316667 suggestion {'alpha': 1.9760117126371875e-05, 'batch_size': 223, 'beta_1': 0.9732369530771124, 'beta_2': 0.9995815320638025, 'epsilon': 1.0882981093372286e-08, 'hidden_layer_sizes': 129, 'learning_rate_init': 4.4352611462764073e-05, 'tol': 0.00016809627073501363, 'validation_fraction': 0.272319519035904}
observation time 0.000002, current best -0.966667 at iter 40
suggestion time taken 0.003832 iter 41 next_points [{'alpha': 0.0022101682675084054, 'batch_size': 180, 'beta_1': 0.9292554514159896, 'beta_2': 0.9999524347441914, 'epsilon': 4.502920095231041e-09, 'hidden_layer_sizes': 189, 'learning_rate_init': 0.0005758759514903982, 'tol': 0.013351922996385485, 'validation_fraction': 0.10226962274862088}]
/home/ryedida/.local/lib/python3.8/site-packages/sklearn/neural_network/_multilayer_perceptron.py:621: UserWarning: Got `batch_size` less than 1 or larger than sample size. It is going to be clipped
  warnings.warn(

function_evaluation time 0.118364 value -0.608333 suggestion {'alpha': 0.0022101682675084054, 'batch_size': 180, 'beta_1': 0.9292554514159896, 'beta_2': 0.9999524347441914, 'epsilon': 4.502920095231041e-09, 'hidden_layer_sizes': 189, 'learning_rate_init': 0.0005758759514903982, 'tol': 0.013351922996385485, 'validation_fraction': 0.10226962274862088}
observation time 0.000002, current best -0.966667 at iter 41
suggestion time taken 0.003871 iter 42 next_points [{'alpha': 0.6952654466250533, 'batch_size': 115, 'beta_1': 0.5762274973572558, 'beta_2': 0.999996880169528, 'epsilon': 3.0010564476342966e-07, 'hidden_layer_sizes': 161, 'learning_rate_init': 0.00017657848068790963, 'tol': 0.0006114475691698257, 'validation_fraction': 0.4479910030648669}]
/home/ryedida/.local/lib/python3.8/site-packages/sklearn/neural_network/_multilayer_perceptron.py:621: UserWarning: Got `batch_size` less than 1 or larger than sample size. It is going to be clipped
  warnings.warn(

function_evaluation time 0.077567 value -0.375000 suggestion {'alpha': 0.6952654466250533, 'batch_size': 115, 'beta_1': 0.5762274973572558, 'beta_2': 0.999996880169528, 'epsilon': 3.0010564476342966e-07, 'hidden_layer_sizes': 161, 'learning_rate_init': 0.00017657848068790963, 'tol': 0.0006114475691698257, 'validation_fraction': 0.4479910030648669}
observation time 0.000001, current best -0.966667 at iter 42
suggestion time taken 0.003863 iter 43 next_points [{'alpha': 0.07072247199990027, 'batch_size': 19, 'beta_1': 0.8519728940629286, 'beta_2': 0.9999892327843862, 'epsilon': 8.766747262947785e-08, 'hidden_layer_sizes': 87, 'learning_rate_init': 0.03137489892805438, 'tol': 0.0010303991496233966, 'validation_fraction': 0.59828502022668}]
function_evaluation time 0.166566 value -0.966667 suggestion {'alpha': 0.07072247199990027, 'batch_size': 19, 'beta_1': 0.8519728940629286, 'beta_2': 0.9999892327843862, 'epsilon': 8.766747262947785e-08, 'hidden_layer_sizes': 87, 'learning_rate_init': 0.03137489892805438, 'tol': 0.0010303991496233966, 'validation_fraction': 0.59828502022668}
observation time 0.000002, current best -0.966667 at iter 43
suggestion time taken 0.003905 iter 44 next_points [{'alpha': 0.01757913576974252, 'batch_size': 207, 'beta_1': 0.9642387022814731, 'beta_2': 0.9997439186777416, 'epsilon': 5.953186318093892e-09, 'hidden_layer_sizes': 192, 'learning_rate_init': 0.012258114879347142, 'tol': 0.00041186439791388393, 'validation_fraction': 0.6226794298199987}]
/home/ryedida/.local/lib/python3.8/site-packages/sklearn/neural_network/_multilayer_perceptron.py:621: UserWarning: Got `batch_size` less than 1 or larger than sample size. It is going to be clipped
  warnings.warn(

function_evaluation time 0.179609 value -0.941667 suggestion {'alpha': 0.01757913576974252, 'batch_size': 207, 'beta_1': 0.9642387022814731, 'beta_2': 0.9997439186777416, 'epsilon': 5.953186318093892e-09, 'hidden_layer_sizes': 192, 'learning_rate_init': 0.012258114879347142, 'tol': 0.00041186439791388393, 'validation_fraction': 0.6226794298199987}
observation time 0.000002, current best -0.966667 at iter 44
saving meta data: {'args': {'--uuid': '9e99d9eaabf5548e9bce18fff079b6a3', '-db-root': '/home/ryedida/bbo_challenge_starter_kit/output', '--opt-root': '/home/ryedida/bbo_challenge_starter_kit/example_submissions', '--data-root': None, '--db': 'run_20231014_193210', '--opt': 'random', '--data': 'iris', '--classifier': 'MLP-adam', '--metric': 'acc', '--calls': 45, '--suggestions': 1, '--jobs-file': None, '--verbose': False, 'dry_run': False, 'rev': 'a376313', 'opt_rev': '0.0.8'}, 'signature': ([{'alpha': 0.019628224813442792, 'batch_size': 182, 'beta_1': 0.9410202200271762, 'beta_2': 0.9998021557676793, 'epsilon': 1.8662266976518e-08, 'hidden_layer_sizes': 147, 'learning_rate_init': 0.0005627932047415167, 'tol': 0.03690557729213761, 'validation_fraction': 0.8846827852548593}, {'alpha': 0.001998246739232944, 'batch_size': 200, 'beta_1': 0.919111482530466, 'beta_2': 0.9998488260436156, 'epsilon': 5.981221901152555e-07, 'hidden_layer_sizes': 61, 'learning_rate_init': 2.2310905607443014e-05, 'tol': 1.2046852412030316e-05, 'validation_fraction': 0.8117896445826539}, {'alpha': 0.46659545670218433, 'batch_size': 219, 'beta_1': 0.9889789783750891, 'beta_2': 0.9999896868093284, 'epsilon': 2.4234724484675948e-08, 'hidden_layer_sizes': 167, 'learning_rate_init': 2.972334644335654e-05, 'tol': 0.0036281404040243792, 'validation_fraction': 0.17260651658522078}, {'alpha': 4.656005689076002, 'batch_size': 135, 'beta_1': 0.870503881627747, 'beta_2': 0.9948873266941017, 'epsilon': 2.1023308743480125e-07, 'hidden_layer_sizes': 118, 'learning_rate_init': 0.001878173875716191, 'tol': 1.1889379831773006e-05, 'validation_fraction': 0.6264327093752792}, {'alpha': 0.04705159350400542, 'batch_size': 158, 'beta_1': 0.9870884262730957, 'beta_2': 0.9999596874382349, 'epsilon': 1.1981845126013875e-08, 'hidden_layer_sizes': 116, 'learning_rate_init': 0.006173405204074311, 'tol': 1.7414134181586194e-05, 'validation_fraction': 0.6754299026638921}], [-0.41666666666666663, -0.275, -0.3416666666666667, -0.725, -0.875])}
saving results
saving timing
saving suggest log
done
