running: {'--uuid': 'a90cf9d7d11a563195861683c6bc26db', '-db-root': '/home/ryedida/bbo_challenge_starter_kit/output', '--opt-root': '/home/ryedida/bbo_challenge_starter_kit/example_submissions', '--data-root': None, '--db': 'run_20231014_193210', '--opt': 'strongcvx', '--data': 'iris', '--classifier': 'MLP-adam', '--metric': 'acc', '--calls': 45, '--suggestions': 1, '--jobs-file': None, '--verbose': False, 'dry_run': False, 'rev': 'a376313', 'opt_rev': 'x.x.x'}
cmd: python strongcvx/optimizer.py -c MLP-adam -d iris -o strongcvx -u a90cf9d7d11a563195861683c6bc26db -m acc -n 45 -p 1 -dir /home/ryedida/bbo_challenge_starter_kit/output -b run_20231014_193210
/home/ryedida/.local/lib/python3.8/site-packages/sklearn/neural_network/_multilayer_perceptron.py:621: UserWarning: Got `batch_size` less than 1 or larger than sample size. It is going to be clipped
  warnings.warn(

/home/ryedida/.local/lib/python3.8/site-packages/sklearn/neural_network/_multilayer_perceptron.py:621: UserWarning: Got `batch_size` less than 1 or larger than sample size. It is going to be clipped
  warnings.warn(

/home/ryedida/.local/lib/python3.8/site-packages/sklearn/neural_network/_multilayer_perceptron.py:621: UserWarning: Got `batch_size` less than 1 or larger than sample size. It is going to be clipped
  warnings.warn(

/home/ryedida/.local/lib/python3.8/site-packages/sklearn/neural_network/_multilayer_perceptron.py:621: UserWarning: Got `batch_size` less than 1 or larger than sample size. It is going to be clipped
  warnings.warn(

/home/ryedida/.local/lib/python3.8/site-packages/sklearn/neural_network/_multilayer_perceptron.py:621: UserWarning: Got `batch_size` less than 1 or larger than sample size. It is going to be clipped
  warnings.warn(

computed signature: ([{'alpha': 0.019628224813442792, 'batch_size': 182, 'beta_1': 0.9410202200271762, 'beta_2': 0.9998021557676793, 'epsilon': 1.8662266976518e-08, 'hidden_layer_sizes': 147, 'learning_rate_init': 0.0005627932047415167, 'tol': 0.03690557729213761, 'validation_fraction': 0.8846827852548593}, {'alpha': 0.001998246739232944, 'batch_size': 200, 'beta_1': 0.919111482530466, 'beta_2': 0.9998488260436156, 'epsilon': 5.981221901152555e-07, 'hidden_layer_sizes': 61, 'learning_rate_init': 2.2310905607443014e-05, 'tol': 1.2046852412030316e-05, 'validation_fraction': 0.8117896445826539}, {'alpha': 0.46659545670218433, 'batch_size': 219, 'beta_1': 0.9889789783750891, 'beta_2': 0.9999896868093284, 'epsilon': 2.4234724484675948e-08, 'hidden_layer_sizes': 167, 'learning_rate_init': 2.972334644335654e-05, 'tol': 0.0036281404040243792, 'validation_fraction': 0.17260651658522078}, {'alpha': 4.656005689076002, 'batch_size': 135, 'beta_1': 0.870503881627747, 'beta_2': 0.9948873266941017, 'epsilon': 2.1023308743480125e-07, 'hidden_layer_sizes': 118, 'learning_rate_init': 0.001878173875716191, 'tol': 1.1889379831773006e-05, 'validation_fraction': 0.6264327093752792}, {'alpha': 0.04705159350400542, 'batch_size': 158, 'beta_1': 0.9870884262730957, 'beta_2': 0.9999596874382349, 'epsilon': 1.1981845126013875e-08, 'hidden_layer_sizes': 116, 'learning_rate_init': 0.006173405204074311, 'tol': 1.7414134181586194e-05, 'validation_fraction': 0.6754299026638921}], [-0.41666666666666663, -0.275, -0.3416666666666667, -0.725, -0.875])
/home/ryedida/.local/lib/python3.8/site-packages/bayesmark/experiment.py:470: UserWarning: Baselines not found. Will not log intermediate scores.
  warnings.warn("Baselines not found. Will not log intermediate scores.")

starting sklearn study strongcvx MLP-adam iris acc 45 1
with data root: None
suggestion time taken 15.738921 iter 0 next_points [{'alpha': 2.4899281059089784, 'batch_size': 119, 'beta_1': 0.9595162439564605, 'beta_2': 0.9999972945685155, 'epsilon': 1.2434764934015818e-09, 'hidden_layer_sizes': 64, 'learning_rate_init': 0.00014487520204659445, 'tol': 0.001089009444057917, 'validation_fraction': 0.8800211222924604}]
/home/ryedida/.local/lib/python3.8/site-packages/sklearn/neural_network/_multilayer_perceptron.py:621: UserWarning: Got `batch_size` less than 1 or larger than sample size. It is going to be clipped
  warnings.warn(

function_evaluation time 0.090750 value -0.291667 suggestion {'alpha': 2.4899281059089784, 'batch_size': 119, 'beta_1': 0.9595162439564605, 'beta_2': 0.9999972945685155, 'epsilon': 1.2434764934015818e-09, 'hidden_layer_sizes': 64, 'learning_rate_init': 0.00014487520204659445, 'tol': 0.001089009444057917, 'validation_fraction': 0.8800211222924604}
observation time 0.000003, current best -0.291667 at iter 0
suggestion time taken 15.602293 iter 1 next_points [{'alpha': 0.0057607226623614775, 'batch_size': 17, 'beta_1': 0.907359759890576, 'beta_2': 0.9867881286694196, 'epsilon': 1.0681528070562392e-08, 'hidden_layer_sizes': 164, 'learning_rate_init': 0.002539672911203194, 'tol': 0.010307694909417894, 'validation_fraction': 0.8965156721536572}]
/home/ryedida/.local/lib/python3.8/site-packages/sklearn/neural_network/_multilayer_perceptron.py:621: UserWarning: Got `batch_size` less than 1 or larger than sample size. It is going to be clipped
  warnings.warn(

function_evaluation time 0.104672 value -0.666667 suggestion {'alpha': 0.0057607226623614775, 'batch_size': 17, 'beta_1': 0.907359759890576, 'beta_2': 0.9867881286694196, 'epsilon': 1.0681528070562392e-08, 'hidden_layer_sizes': 164, 'learning_rate_init': 0.002539672911203194, 'tol': 0.010307694909417894, 'validation_fraction': 0.8965156721536572}
observation time 0.000003, current best -0.666667 at iter 1
suggestion time taken 15.226876 iter 2 next_points [{'alpha': 0.0009372644877962949, 'batch_size': 118, 'beta_1': 0.9871996095385505, 'beta_2': 0.9994368370981679, 'epsilon': 3.924736469252301e-08, 'hidden_layer_sizes': 180, 'learning_rate_init': 0.00014890263707047427, 'tol': 0.000209210935204514, 'validation_fraction': 0.606092941150374}]
/home/ryedida/.local/lib/python3.8/site-packages/sklearn/neural_network/_multilayer_perceptron.py:621: UserWarning: Got `batch_size` less than 1 or larger than sample size. It is going to be clipped
  warnings.warn(

function_evaluation time 0.104556 value -0.450000 suggestion {'alpha': 0.0009372644877962949, 'batch_size': 118, 'beta_1': 0.9871996095385505, 'beta_2': 0.9994368370981679, 'epsilon': 3.924736469252301e-08, 'hidden_layer_sizes': 180, 'learning_rate_init': 0.00014890263707047427, 'tol': 0.000209210935204514, 'validation_fraction': 0.606092941150374}
observation time 0.000003, current best -0.666667 at iter 2
suggestion time taken 15.616658 iter 3 next_points [{'alpha': 0.28579068590210077, 'batch_size': 38, 'beta_1': 0.7024451992977031, 'beta_2': 0.9999975160108281, 'epsilon': 6.875003354969419e-07, 'hidden_layer_sizes': 97, 'learning_rate_init': 0.006349966790505386, 'tol': 0.011756273671345943, 'validation_fraction': 0.6203461765287437}]
function_evaluation time 0.212808 value -0.850000 suggestion {'alpha': 0.28579068590210077, 'batch_size': 38, 'beta_1': 0.7024451992977031, 'beta_2': 0.9999975160108281, 'epsilon': 6.875003354969419e-07, 'hidden_layer_sizes': 97, 'learning_rate_init': 0.006349966790505386, 'tol': 0.011756273671345943, 'validation_fraction': 0.6203461765287437}
observation time 0.000003, current best -0.850000 at iter 3
suggestion time taken 15.808291 iter 4 next_points [{'alpha': 4.745222597786711, 'batch_size': 119, 'beta_1': 0.8131804900460441, 'beta_2': 0.9360210629438271, 'epsilon': 4.810008728769607e-07, 'hidden_layer_sizes': 158, 'learning_rate_init': 0.014154085278739443, 'tol': 0.007752121822650575, 'validation_fraction': 0.7992483918627331}]
/home/ryedida/.local/lib/python3.8/site-packages/sklearn/neural_network/_multilayer_perceptron.py:621: UserWarning: Got `batch_size` less than 1 or larger than sample size. It is going to be clipped
  warnings.warn(

function_evaluation time 0.142854 value -0.850000 suggestion {'alpha': 4.745222597786711, 'batch_size': 119, 'beta_1': 0.8131804900460441, 'beta_2': 0.9360210629438271, 'epsilon': 4.810008728769607e-07, 'hidden_layer_sizes': 158, 'learning_rate_init': 0.014154085278739443, 'tol': 0.007752121822650575, 'validation_fraction': 0.7992483918627331}
observation time 0.000003, current best -0.850000 at iter 4
suggestion time taken 15.839032 iter 5 next_points [{'alpha': 0.6718860968108923, 'batch_size': 119, 'beta_1': 0.5375793716730266, 'beta_2': 0.9999986986754775, 'epsilon': 2.4480246079934457e-08, 'hidden_layer_sizes': 198, 'learning_rate_init': 0.03739234433514346, 'tol': 0.00010251973193375076, 'validation_fraction': 0.5693413135478907}]
/home/ryedida/.local/lib/python3.8/site-packages/sklearn/neural_network/_multilayer_perceptron.py:621: UserWarning: Got `batch_size` less than 1 or larger than sample size. It is going to be clipped
  warnings.warn(

function_evaluation time 0.159796 value -0.958333 suggestion {'alpha': 0.6718860968108923, 'batch_size': 119, 'beta_1': 0.5375793716730266, 'beta_2': 0.9999986986754775, 'epsilon': 2.4480246079934457e-08, 'hidden_layer_sizes': 198, 'learning_rate_init': 0.03739234433514346, 'tol': 0.00010251973193375076, 'validation_fraction': 0.5693413135478907}
observation time 0.000003, current best -0.958333 at iter 5
suggestion time taken 15.817746 iter 6 next_points [{'alpha': 3.224425512659037e-05, 'batch_size': 118, 'beta_1': 0.9319583073104444, 'beta_2': 0.9999728554421672, 'epsilon': 1.0992330288596337e-07, 'hidden_layer_sizes': 58, 'learning_rate_init': 0.048271052119494, 'tol': 0.02131643228748973, 'validation_fraction': 0.3833194509296127}]
/home/ryedida/.local/lib/python3.8/site-packages/sklearn/neural_network/_multilayer_perceptron.py:621: UserWarning: Got `batch_size` less than 1 or larger than sample size. It is going to be clipped
  warnings.warn(

function_evaluation time 0.156994 value -0.958333 suggestion {'alpha': 3.224425512659037e-05, 'batch_size': 118, 'beta_1': 0.9319583073104444, 'beta_2': 0.9999728554421672, 'epsilon': 1.0992330288596337e-07, 'hidden_layer_sizes': 58, 'learning_rate_init': 0.048271052119494, 'tol': 0.02131643228748973, 'validation_fraction': 0.3833194509296127}
observation time 0.000003, current best -0.958333 at iter 6
suggestion time taken 15.533438 iter 7 next_points [{'alpha': 0.0008116161262766688, 'batch_size': 17, 'beta_1': 0.9755263093010024, 'beta_2': 0.9997533040850993, 'epsilon': 2.0604737237977097e-08, 'hidden_layer_sizes': 96, 'learning_rate_init': 0.06920369329993761, 'tol': 2.2231840600368902e-05, 'validation_fraction': 0.5115086923568845}]
function_evaluation time 0.205610 value -0.925000 suggestion {'alpha': 0.0008116161262766688, 'batch_size': 17, 'beta_1': 0.9755263093010024, 'beta_2': 0.9997533040850993, 'epsilon': 2.0604737237977097e-08, 'hidden_layer_sizes': 96, 'learning_rate_init': 0.06920369329993761, 'tol': 2.2231840600368902e-05, 'validation_fraction': 0.5115086923568845}
observation time 0.000003, current best -0.958333 at iter 7
suggestion time taken 15.982218 iter 8 next_points [{'alpha': 0.002561564927242048, 'batch_size': 114, 'beta_1': 0.9656029608178273, 'beta_2': 0.9999979880830503, 'epsilon': 1.0128226735230188e-07, 'hidden_layer_sizes': 115, 'learning_rate_init': 1.9131054726607937e-05, 'tol': 0.00010273905705215064, 'validation_fraction': 0.12653418057675678}]
/home/ryedida/.local/lib/python3.8/site-packages/sklearn/neural_network/_multilayer_perceptron.py:621: UserWarning: Got `batch_size` less than 1 or larger than sample size. It is going to be clipped
  warnings.warn(

function_evaluation time 0.079853 value -0.333333 suggestion {'alpha': 0.002561564927242048, 'batch_size': 114, 'beta_1': 0.9656029608178273, 'beta_2': 0.9999979880830503, 'epsilon': 1.0128226735230188e-07, 'hidden_layer_sizes': 115, 'learning_rate_init': 1.9131054726607937e-05, 'tol': 0.00010273905705215064, 'validation_fraction': 0.12653418057675678}
observation time 0.000003, current best -0.958333 at iter 8
suggestion time taken 15.445432 iter 9 next_points [{'alpha': 0.07089864825820505, 'batch_size': 29, 'beta_1': 0.5045078185537377, 'beta_2': 0.9997946092882697, 'epsilon': 1.1377013902724719e-08, 'hidden_layer_sizes': 158, 'learning_rate_init': 0.0010690800266812274, 'tol': 2.8387464752020645e-05, 'validation_fraction': 0.12167702660075704}]
function_evaluation time 0.177100 value -0.716667 suggestion {'alpha': 0.07089864825820505, 'batch_size': 29, 'beta_1': 0.5045078185537377, 'beta_2': 0.9997946092882697, 'epsilon': 1.1377013902724719e-08, 'hidden_layer_sizes': 158, 'learning_rate_init': 0.0010690800266812274, 'tol': 2.8387464752020645e-05, 'validation_fraction': 0.12167702660075704}
observation time 0.000004, current best -0.958333 at iter 9
suggestion time taken 16.134897 iter 10 next_points [{'alpha': 0.019268242055678314, 'batch_size': 17, 'beta_1': 0.9508289573994362, 'beta_2': 0.9999982681350852, 'epsilon': 7.048871512287376e-08, 'hidden_layer_sizes': 103, 'learning_rate_init': 0.00030143463894774123, 'tol': 9.906268902391162e-05, 'validation_fraction': 0.752150978362046}]
function_evaluation time 0.121745 value -0.541667 suggestion {'alpha': 0.019268242055678314, 'batch_size': 17, 'beta_1': 0.9508289573994362, 'beta_2': 0.9999982681350852, 'epsilon': 7.048871512287376e-08, 'hidden_layer_sizes': 103, 'learning_rate_init': 0.00030143463894774123, 'tol': 9.906268902391162e-05, 'validation_fraction': 0.752150978362046}
observation time 0.000003, current best -0.958333 at iter 10
suggestion time taken 15.971275 iter 11 next_points [{'alpha': 0.013232231928339978, 'batch_size': 23, 'beta_1': 0.9493841179792859, 'beta_2': 0.9999232301491733, 'epsilon': 9.290107974657813e-07, 'hidden_layer_sizes': 200, 'learning_rate_init': 0.00026396519600802634, 'tol': 4.9302495321439467e-05, 'validation_fraction': 0.5925571372145293}]
function_evaluation time 0.201383 value -0.600000 suggestion {'alpha': 0.013232231928339978, 'batch_size': 23, 'beta_1': 0.9493841179792859, 'beta_2': 0.9999232301491733, 'epsilon': 9.290107974657813e-07, 'hidden_layer_sizes': 200, 'learning_rate_init': 0.00026396519600802634, 'tol': 4.9302495321439467e-05, 'validation_fraction': 0.5925571372145293}
observation time 0.000003, current best -0.958333 at iter 11
suggestion time taken 15.823776 iter 12 next_points [{'alpha': 2.2888989867325344, 'batch_size': 58, 'beta_1': 0.8447133002412701, 'beta_2': 0.9994253807338562, 'epsilon': 1.0138745887993373e-08, 'hidden_layer_sizes': 186, 'learning_rate_init': 0.00015805635252232256, 'tol': 0.07097335008874062, 'validation_fraction': 0.1325086997113315}]
function_evaluation time 0.148712 value -0.475000 suggestion {'alpha': 2.2888989867325344, 'batch_size': 58, 'beta_1': 0.8447133002412701, 'beta_2': 0.9994253807338562, 'epsilon': 1.0138745887993373e-08, 'hidden_layer_sizes': 186, 'learning_rate_init': 0.00015805635252232256, 'tol': 0.07097335008874062, 'validation_fraction': 0.1325086997113315}
observation time 0.000003, current best -0.958333 at iter 12
suggestion time taken 16.520552 iter 13 next_points [{'alpha': 0.07175623885023105, 'batch_size': 118, 'beta_1': 0.7118002489385417, 'beta_2': 0.950806809216557, 'epsilon': 2.823883559490264e-07, 'hidden_layer_sizes': 75, 'learning_rate_init': 6.282049372617928e-05, 'tol': 0.0035056920559442335, 'validation_fraction': 0.721447809930523}]
/home/ryedida/.local/lib/python3.8/site-packages/sklearn/neural_network/_multilayer_perceptron.py:621: UserWarning: Got `batch_size` less than 1 or larger than sample size. It is going to be clipped
  warnings.warn(

function_evaluation time 0.070681 value -0.391667 suggestion {'alpha': 0.07175623885023105, 'batch_size': 118, 'beta_1': 0.7118002489385417, 'beta_2': 0.950806809216557, 'epsilon': 2.823883559490264e-07, 'hidden_layer_sizes': 75, 'learning_rate_init': 6.282049372617928e-05, 'tol': 0.0035056920559442335, 'validation_fraction': 0.721447809930523}
observation time 0.000003, current best -0.958333 at iter 13
suggestion time taken 15.606622 iter 14 next_points [{'alpha': 3.816129610415773e-05, 'batch_size': 117, 'beta_1': 0.9713759999743378, 'beta_2': 0.9999549473975861, 'epsilon': 9.753042812019214e-07, 'hidden_layer_sizes': 145, 'learning_rate_init': 0.0029930501486249298, 'tol': 0.0003077826404608772, 'validation_fraction': 0.5165892909318216}]
/home/ryedida/.local/lib/python3.8/site-packages/sklearn/neural_network/_multilayer_perceptron.py:621: UserWarning: Got `batch_size` less than 1 or larger than sample size. It is going to be clipped
  warnings.warn(

function_evaluation time 0.146742 value -0.833333 suggestion {'alpha': 3.816129610415773e-05, 'batch_size': 117, 'beta_1': 0.9713759999743378, 'beta_2': 0.9999549473975861, 'epsilon': 9.753042812019214e-07, 'hidden_layer_sizes': 145, 'learning_rate_init': 0.0029930501486249298, 'tol': 0.0003077826404608772, 'validation_fraction': 0.5165892909318216}
observation time 0.000003, current best -0.958333 at iter 14
suggestion time taken 16.282384 iter 15 next_points [{'alpha': 0.21238636270153466, 'batch_size': 13, 'beta_1': 0.9617454124695398, 'beta_2': 0.9347560289253665, 'epsilon': 3.195619088339512e-09, 'hidden_layer_sizes': 60, 'learning_rate_init': 0.0002550875436654302, 'tol': 0.00025190670941752563, 'validation_fraction': 0.7386043658911999}]
function_evaluation time 0.107061 value -0.433333 suggestion {'alpha': 0.21238636270153466, 'batch_size': 13, 'beta_1': 0.9617454124695398, 'beta_2': 0.9347560289253665, 'epsilon': 3.195619088339512e-09, 'hidden_layer_sizes': 60, 'learning_rate_init': 0.0002550875436654302, 'tol': 0.00025190670941752563, 'validation_fraction': 0.7386043658911999}
observation time 0.000003, current best -0.958333 at iter 15
suggestion time taken 15.652139 iter 16 next_points [{'alpha': 0.001466479528476096, 'batch_size': 118, 'beta_1': 0.9348442584761142, 'beta_2': 0.9127201169973164, 'epsilon': 4.908467091657451e-07, 'hidden_layer_sizes': 115, 'learning_rate_init': 0.0016067135584495072, 'tol': 2.940081518915309e-05, 'validation_fraction': 0.11555881619207682}]
/home/ryedida/.local/lib/python3.8/site-packages/sklearn/neural_network/_multilayer_perceptron.py:621: UserWarning: Got `batch_size` less than 1 or larger than sample size. It is going to be clipped
  warnings.warn(

function_evaluation time 0.122854 value -0.825000 suggestion {'alpha': 0.001466479528476096, 'batch_size': 118, 'beta_1': 0.9348442584761142, 'beta_2': 0.9127201169973164, 'epsilon': 4.908467091657451e-07, 'hidden_layer_sizes': 115, 'learning_rate_init': 0.0016067135584495072, 'tol': 2.940081518915309e-05, 'validation_fraction': 0.11555881619207682}
observation time 0.000003, current best -0.958333 at iter 16
suggestion time taken 16.308809 iter 17 next_points [{'alpha': 0.004961546538159808, 'batch_size': 118, 'beta_1': 0.8610640862072662, 'beta_2': 0.9999747601796398, 'epsilon': 1.2960853498989308e-07, 'hidden_layer_sizes': 110, 'learning_rate_init': 7.770755793535588e-05, 'tol': 0.0002752124074893574, 'validation_fraction': 0.7248204780815224}]
/home/ryedida/.local/lib/python3.8/site-packages/sklearn/neural_network/_multilayer_perceptron.py:621: UserWarning: Got `batch_size` less than 1 or larger than sample size. It is going to be clipped
  warnings.warn(

function_evaluation time 0.085532 value -0.341667 suggestion {'alpha': 0.004961546538159808, 'batch_size': 118, 'beta_1': 0.8610640862072662, 'beta_2': 0.9999747601796398, 'epsilon': 1.2960853498989308e-07, 'hidden_layer_sizes': 110, 'learning_rate_init': 7.770755793535588e-05, 'tol': 0.0002752124074893574, 'validation_fraction': 0.7248204780815224}
observation time 0.000003, current best -0.958333 at iter 17
suggestion time taken 15.595051 iter 18 next_points [{'alpha': 0.10840401895861601, 'batch_size': 118, 'beta_1': 0.5156549823735112, 'beta_2': 0.9999470390300473, 'epsilon': 4.158938437304143e-07, 'hidden_layer_sizes': 160, 'learning_rate_init': 0.02120738423840805, 'tol': 0.0031007536456084213, 'validation_fraction': 0.6293194001872019}]
/home/ryedida/.local/lib/python3.8/site-packages/sklearn/neural_network/_multilayer_perceptron.py:621: UserWarning: Got `batch_size` less than 1 or larger than sample size. It is going to be clipped
  warnings.warn(

function_evaluation time 0.140807 value -0.958333 suggestion {'alpha': 0.10840401895861601, 'batch_size': 118, 'beta_1': 0.5156549823735112, 'beta_2': 0.9999470390300473, 'epsilon': 4.158938437304143e-07, 'hidden_layer_sizes': 160, 'learning_rate_init': 0.02120738423840805, 'tol': 0.0031007536456084213, 'validation_fraction': 0.6293194001872019}
observation time 0.000003, current best -0.958333 at iter 18
suggestion time taken 16.393861 iter 19 next_points [{'alpha': 0.00014117159173758834, 'batch_size': 39, 'beta_1': 0.9552115131887283, 'beta_2': 0.9999987913416952, 'epsilon': 5.4186287091356026e-08, 'hidden_layer_sizes': 131, 'learning_rate_init': 0.004453577540740801, 'tol': 0.08415177236131352, 'validation_fraction': 0.8059340709120539}]
/home/ryedida/.local/lib/python3.8/site-packages/sklearn/neural_network/_multilayer_perceptron.py:621: UserWarning: Got `batch_size` less than 1 or larger than sample size. It is going to be clipped
  warnings.warn(

function_evaluation time 0.099351 value -0.766667 suggestion {'alpha': 0.00014117159173758834, 'batch_size': 39, 'beta_1': 0.9552115131887283, 'beta_2': 0.9999987913416952, 'epsilon': 5.4186287091356026e-08, 'hidden_layer_sizes': 131, 'learning_rate_init': 0.004453577540740801, 'tol': 0.08415177236131352, 'validation_fraction': 0.8059340709120539}
observation time 0.000003, current best -0.958333 at iter 19
suggestion time taken 15.565091 iter 20 next_points [{'alpha': 3.5907319329858494, 'batch_size': 119, 'beta_1': 0.9787495195758936, 'beta_2': 0.9999989280835183, 'epsilon': 4.2083813070448417e-08, 'hidden_layer_sizes': 173, 'learning_rate_init': 0.00024199133845770294, 'tol': 0.0007574876689515547, 'validation_fraction': 0.2656165250925728}]
/home/ryedida/.local/lib/python3.8/site-packages/sklearn/neural_network/_multilayer_perceptron.py:621: UserWarning: Got `batch_size` less than 1 or larger than sample size. It is going to be clipped
  warnings.warn(

function_evaluation time 0.108317 value -0.400000 suggestion {'alpha': 3.5907319329858494, 'batch_size': 119, 'beta_1': 0.9787495195758936, 'beta_2': 0.9999989280835183, 'epsilon': 4.2083813070448417e-08, 'hidden_layer_sizes': 173, 'learning_rate_init': 0.00024199133845770294, 'tol': 0.0007574876689515547, 'validation_fraction': 0.2656165250925728}
observation time 0.000003, current best -0.958333 at iter 20
suggestion time taken 16.983329 iter 21 next_points [{'alpha': 0.009689100907294728, 'batch_size': 29, 'beta_1': 0.6062850354743056, 'beta_2': 0.9712905484700479, 'epsilon': 2.2222418273296272e-08, 'hidden_layer_sizes': 165, 'learning_rate_init': 1.3982365240120633e-05, 'tol': 0.004659829002538576, 'validation_fraction': 0.33496182391628215}]
function_evaluation time 0.129463 value -0.375000 suggestion {'alpha': 0.009689100907294728, 'batch_size': 29, 'beta_1': 0.6062850354743056, 'beta_2': 0.9712905484700479, 'epsilon': 2.2222418273296272e-08, 'hidden_layer_sizes': 165, 'learning_rate_init': 1.3982365240120633e-05, 'tol': 0.004659829002538576, 'validation_fraction': 0.33496182391628215}
observation time 0.000003, current best -0.958333 at iter 21
suggestion time taken 15.548515 iter 22 next_points [{'alpha': 0.00013568307275490363, 'batch_size': 117, 'beta_1': 0.7601423143152017, 'beta_2': 0.9910512359521195, 'epsilon': 5.942294162586591e-07, 'hidden_layer_sizes': 123, 'learning_rate_init': 0.0028197223209295444, 'tol': 7.15444658243994e-05, 'validation_fraction': 0.19863089368072784}]
/home/ryedida/.local/lib/python3.8/site-packages/sklearn/neural_network/_multilayer_perceptron.py:621: UserWarning: Got `batch_size` less than 1 or larger than sample size. It is going to be clipped
  warnings.warn(

function_evaluation time 0.129131 value -0.750000 suggestion {'alpha': 0.00013568307275490363, 'batch_size': 117, 'beta_1': 0.7601423143152017, 'beta_2': 0.9910512359521195, 'epsilon': 5.942294162586591e-07, 'hidden_layer_sizes': 123, 'learning_rate_init': 0.0028197223209295444, 'tol': 7.15444658243994e-05, 'validation_fraction': 0.19863089368072784}
observation time 0.000004, current best -0.958333 at iter 22
suggestion time taken 16.436457 iter 23 next_points [{'alpha': 0.0001483316624217324, 'batch_size': 17, 'beta_1': 0.8704279787322403, 'beta_2': 0.9989734147963876, 'epsilon': 1.4352585586935033e-08, 'hidden_layer_sizes': 137, 'learning_rate_init': 1.233302815123423e-05, 'tol': 0.000356008187561438, 'validation_fraction': 0.8316459494049662}]
function_evaluation time 0.077154 value -0.258333 suggestion {'alpha': 0.0001483316624217324, 'batch_size': 17, 'beta_1': 0.8704279787322403, 'beta_2': 0.9989734147963876, 'epsilon': 1.4352585586935033e-08, 'hidden_layer_sizes': 137, 'learning_rate_init': 1.233302815123423e-05, 'tol': 0.000356008187561438, 'validation_fraction': 0.8316459494049662}
observation time 0.000003, current best -0.958333 at iter 23
suggestion time taken 15.610018 iter 24 next_points [{'alpha': 7.0689015365095225, 'batch_size': 57, 'beta_1': 0.7591659130706732, 'beta_2': 0.9989336608584249, 'epsilon': 2.462195333493986e-09, 'hidden_layer_sizes': 109, 'learning_rate_init': 0.005030573175480676, 'tol': 0.001181114277516304, 'validation_fraction': 0.12085369652189698}]
function_evaluation time 0.173328 value -0.825000 suggestion {'alpha': 7.0689015365095225, 'batch_size': 57, 'beta_1': 0.7591659130706732, 'beta_2': 0.9989336608584249, 'epsilon': 2.462195333493986e-09, 'hidden_layer_sizes': 109, 'learning_rate_init': 0.005030573175480676, 'tol': 0.001181114277516304, 'validation_fraction': 0.12085369652189698}
observation time 0.000003, current best -0.958333 at iter 24
suggestion time taken 16.386402 iter 25 next_points [{'alpha': 0.006846672554972298, 'batch_size': 116, 'beta_1': 0.9554283560672815, 'beta_2': 0.999722609371844, 'epsilon': 6.835562400794685e-07, 'hidden_layer_sizes': 76, 'learning_rate_init': 0.009994640730499776, 'tol': 0.00045476729599852584, 'validation_fraction': 0.4130342919490954}]
/home/ryedida/.local/lib/python3.8/site-packages/sklearn/neural_network/_multilayer_perceptron.py:621: UserWarning: Got `batch_size` less than 1 or larger than sample size. It is going to be clipped
  warnings.warn(

function_evaluation time 0.138535 value -0.958333 suggestion {'alpha': 0.006846672554972298, 'batch_size': 116, 'beta_1': 0.9554283560672815, 'beta_2': 0.999722609371844, 'epsilon': 6.835562400794685e-07, 'hidden_layer_sizes': 76, 'learning_rate_init': 0.009994640730499776, 'tol': 0.00045476729599852584, 'validation_fraction': 0.4130342919490954}
observation time 0.000003, current best -0.958333 at iter 25
suggestion time taken 15.709882 iter 26 next_points [{'alpha': 0.07745841700909314, 'batch_size': 17, 'beta_1': 0.9756521914499364, 'beta_2': 0.9993049307628513, 'epsilon': 1.566256810237016e-09, 'hidden_layer_sizes': 94, 'learning_rate_init': 8.827300567771778e-05, 'tol': 7.012257626876708e-05, 'validation_fraction': 0.11571500453330152}]
function_evaluation time 0.162356 value -0.333333 suggestion {'alpha': 0.07745841700909314, 'batch_size': 17, 'beta_1': 0.9756521914499364, 'beta_2': 0.9993049307628513, 'epsilon': 1.566256810237016e-09, 'hidden_layer_sizes': 94, 'learning_rate_init': 8.827300567771778e-05, 'tol': 7.012257626876708e-05, 'validation_fraction': 0.11571500453330152}
observation time 0.000003, current best -0.958333 at iter 26
suggestion time taken 16.450895 iter 27 next_points [{'alpha': 6.666868593399586, 'batch_size': 117, 'beta_1': 0.9822846980951461, 'beta_2': 0.9999948408866056, 'epsilon': 1.9097660761258127e-08, 'hidden_layer_sizes': 162, 'learning_rate_init': 0.0007088173757474598, 'tol': 0.0005624034699999744, 'validation_fraction': 0.19475520498863805}]
/home/ryedida/.local/lib/python3.8/site-packages/sklearn/neural_network/_multilayer_perceptron.py:621: UserWarning: Got `batch_size` less than 1 or larger than sample size. It is going to be clipped
  warnings.warn(

function_evaluation time 0.139958 value -0.658333 suggestion {'alpha': 6.666868593399586, 'batch_size': 117, 'beta_1': 0.9822846980951461, 'beta_2': 0.9999948408866056, 'epsilon': 1.9097660761258127e-08, 'hidden_layer_sizes': 162, 'learning_rate_init': 0.0007088173757474598, 'tol': 0.0005624034699999744, 'validation_fraction': 0.19475520498863805}
observation time 0.000004, current best -0.958333 at iter 27
suggestion time taken 15.934692 iter 28 next_points [{'alpha': 0.0015713874864937982, 'batch_size': 17, 'beta_1': 0.9380965888561617, 'beta_2': 0.9999260722815353, 'epsilon': 1.6133538870906929e-09, 'hidden_layer_sizes': 143, 'learning_rate_init': 0.006192716876047115, 'tol': 0.005622539921127116, 'validation_fraction': 0.7004388173629479}]
function_evaluation time 0.207556 value -0.933333 suggestion {'alpha': 0.0015713874864937982, 'batch_size': 17, 'beta_1': 0.9380965888561617, 'beta_2': 0.9999260722815353, 'epsilon': 1.6133538870906929e-09, 'hidden_layer_sizes': 143, 'learning_rate_init': 0.006192716876047115, 'tol': 0.005622539921127116, 'validation_fraction': 0.7004388173629479}
observation time 0.000003, current best -0.958333 at iter 28
suggestion time taken 16.666316 iter 29 next_points [{'alpha': 0.004808013599841885, 'batch_size': 56, 'beta_1': 0.8201146527441086, 'beta_2': 0.999807108201528, 'epsilon': 8.855314176860168e-09, 'hidden_layer_sizes': 97, 'learning_rate_init': 0.0009613378947716545, 'tol': 3.640541209807451e-05, 'validation_fraction': 0.4583538808021665}]
function_evaluation time 0.099313 value -0.408333 suggestion {'alpha': 0.004808013599841885, 'batch_size': 56, 'beta_1': 0.8201146527441086, 'beta_2': 0.999807108201528, 'epsilon': 8.855314176860168e-09, 'hidden_layer_sizes': 97, 'learning_rate_init': 0.0009613378947716545, 'tol': 3.640541209807451e-05, 'validation_fraction': 0.4583538808021665}
observation time 0.000003, current best -0.958333 at iter 29
suggestion time taken 15.922726 iter 30 next_points [{'alpha': 6.942752480587958e-05, 'batch_size': 13, 'beta_1': 0.94518440031343, 'beta_2': 0.9963231000672135, 'epsilon': 5.033766594201907e-08, 'hidden_layer_sizes': 198, 'learning_rate_init': 0.004089647163293144, 'tol': 0.0022555641436668885, 'validation_fraction': 0.82683066382659}]
function_evaluation time 0.163032 value -0.758333 suggestion {'alpha': 6.942752480587958e-05, 'batch_size': 13, 'beta_1': 0.94518440031343, 'beta_2': 0.9963231000672135, 'epsilon': 5.033766594201907e-08, 'hidden_layer_sizes': 198, 'learning_rate_init': 0.004089647163293144, 'tol': 0.0022555641436668885, 'validation_fraction': 0.82683066382659}
observation time 0.000004, current best -0.958333 at iter 30
suggestion time taken 16.507608 iter 31 next_points [{'alpha': 4.002675016727586, 'batch_size': 117, 'beta_1': 0.9876334528777189, 'beta_2': 0.9994364798573299, 'epsilon': 8.480638630090106e-07, 'hidden_layer_sizes': 177, 'learning_rate_init': 0.0035074275344016896, 'tol': 0.003483080077322496, 'validation_fraction': 0.23128523757499975}]
/home/ryedida/.local/lib/python3.8/site-packages/sklearn/neural_network/_multilayer_perceptron.py:621: UserWarning: Got `batch_size` less than 1 or larger than sample size. It is going to be clipped
  warnings.warn(

function_evaluation time 0.117573 value -0.741667 suggestion {'alpha': 4.002675016727586, 'batch_size': 117, 'beta_1': 0.9876334528777189, 'beta_2': 0.9994364798573299, 'epsilon': 8.480638630090106e-07, 'hidden_layer_sizes': 177, 'learning_rate_init': 0.0035074275344016896, 'tol': 0.003483080077322496, 'validation_fraction': 0.23128523757499975}
observation time 0.000004, current best -0.958333 at iter 31
suggestion time taken 15.936619 iter 32 next_points [{'alpha': 0.3326689250117407, 'batch_size': 116, 'beta_1': 0.9765680873374206, 'beta_2': 0.9998259251967043, 'epsilon': 1.5739385656411144e-07, 'hidden_layer_sizes': 150, 'learning_rate_init': 5.943382674736201e-05, 'tol': 0.0008489736107447664, 'validation_fraction': 0.48169847713285036}]
/home/ryedida/.local/lib/python3.8/site-packages/sklearn/neural_network/_multilayer_perceptron.py:621: UserWarning: Got `batch_size` less than 1 or larger than sample size. It is going to be clipped
  warnings.warn(

function_evaluation time 0.080369 value -0.275000 suggestion {'alpha': 0.3326689250117407, 'batch_size': 116, 'beta_1': 0.9765680873374206, 'beta_2': 0.9998259251967043, 'epsilon': 1.5739385656411144e-07, 'hidden_layer_sizes': 150, 'learning_rate_init': 5.943382674736201e-05, 'tol': 0.0008489736107447664, 'validation_fraction': 0.48169847713285036}
observation time 0.000004, current best -0.958333 at iter 32
suggestion time taken 16.402951 iter 33 next_points [{'alpha': 0.0009169126639269063, 'batch_size': 118, 'beta_1': 0.676325296496403, 'beta_2': 0.9999837690964727, 'epsilon': 1.2241588534769995e-08, 'hidden_layer_sizes': 156, 'learning_rate_init': 0.009336335917759819, 'tol': 0.000277723182877222, 'validation_fraction': 0.27187549011690787}]
/home/ryedida/.local/lib/python3.8/site-packages/sklearn/neural_network/_multilayer_perceptron.py:621: UserWarning: Got `batch_size` less than 1 or larger than sample size. It is going to be clipped
  warnings.warn(

function_evaluation time 0.154983 value -0.966667 suggestion {'alpha': 0.0009169126639269063, 'batch_size': 118, 'beta_1': 0.676325296496403, 'beta_2': 0.9999837690964727, 'epsilon': 1.2241588534769995e-08, 'hidden_layer_sizes': 156, 'learning_rate_init': 0.009336335917759819, 'tol': 0.000277723182877222, 'validation_fraction': 0.27187549011690787}
observation time 0.000004, current best -0.966667 at iter 33
suggestion time taken 16.051103 iter 34 next_points [{'alpha': 2.9484008263048002e-05, 'batch_size': 117, 'beta_1': 0.9675172896097616, 'beta_2': 0.9999988314103325, 'epsilon': 3.914085489487231e-08, 'hidden_layer_sizes': 176, 'learning_rate_init': 0.048816391784561375, 'tol': 0.07882488508166569, 'validation_fraction': 0.5487861739350076}]
/home/ryedida/.local/lib/python3.8/site-packages/sklearn/neural_network/_multilayer_perceptron.py:621: UserWarning: Got `batch_size` less than 1 or larger than sample size. It is going to be clipped
  warnings.warn(

function_evaluation time 0.118489 value -0.716667 suggestion {'alpha': 2.9484008263048002e-05, 'batch_size': 117, 'beta_1': 0.9675172896097616, 'beta_2': 0.9999988314103325, 'epsilon': 3.914085489487231e-08, 'hidden_layer_sizes': 176, 'learning_rate_init': 0.048816391784561375, 'tol': 0.07882488508166569, 'validation_fraction': 0.5487861739350076}
observation time 0.000003, current best -0.966667 at iter 34
suggestion time taken 15.479828 iter 35 next_points [{'alpha': 0.11849301516013377, 'batch_size': 119, 'beta_1': 0.9233306675582867, 'beta_2': 0.9999946143080648, 'epsilon': 1.8121124300483158e-07, 'hidden_layer_sizes': 112, 'learning_rate_init': 0.00010025030187928171, 'tol': 0.002106592194464482, 'validation_fraction': 0.5380796701073771}]
/home/ryedida/.local/lib/python3.8/site-packages/sklearn/neural_network/_multilayer_perceptron.py:621: UserWarning: Got `batch_size` less than 1 or larger than sample size. It is going to be clipped
  warnings.warn(

function_evaluation time 0.088225 value -0.400000 suggestion {'alpha': 0.11849301516013377, 'batch_size': 119, 'beta_1': 0.9233306675582867, 'beta_2': 0.9999946143080648, 'epsilon': 1.8121124300483158e-07, 'hidden_layer_sizes': 112, 'learning_rate_init': 0.00010025030187928171, 'tol': 0.002106592194464482, 'validation_fraction': 0.5380796701073771}
observation time 0.000003, current best -0.966667 at iter 35
suggestion time taken 16.809935 iter 36 next_points [{'alpha': 4.319222262917575, 'batch_size': 23, 'beta_1': 0.9144205443355077, 'beta_2': 0.9823892041714162, 'epsilon': 1.6148210396497849e-09, 'hidden_layer_sizes': 87, 'learning_rate_init': 0.0642230820851897, 'tol': 0.004694859471190147, 'validation_fraction': 0.12493323445033289}]
function_evaluation time 0.201515 value -0.891667 suggestion {'alpha': 4.319222262917575, 'batch_size': 23, 'beta_1': 0.9144205443355077, 'beta_2': 0.9823892041714162, 'epsilon': 1.6148210396497849e-09, 'hidden_layer_sizes': 87, 'learning_rate_init': 0.0642230820851897, 'tol': 0.004694859471190147, 'validation_fraction': 0.12493323445033289}
observation time 0.000004, current best -0.966667 at iter 36
suggestion time taken 15.445725 iter 37 next_points [{'alpha': 0.0013222235245814707, 'batch_size': 118, 'beta_1': 0.9857716546182145, 'beta_2': 0.9972614091375624, 'epsilon': 3.388810358924442e-08, 'hidden_layer_sizes': 105, 'learning_rate_init': 0.036334119869207385, 'tol': 0.00014055724482627053, 'validation_fraction': 0.7217251720222113}]
/home/ryedida/.local/lib/python3.8/site-packages/sklearn/neural_network/_multilayer_perceptron.py:621: UserWarning: Got `batch_size` less than 1 or larger than sample size. It is going to be clipped
  warnings.warn(

function_evaluation time 0.155133 value -0.966667 suggestion {'alpha': 0.0013222235245814707, 'batch_size': 118, 'beta_1': 0.9857716546182145, 'beta_2': 0.9972614091375624, 'epsilon': 3.388810358924442e-08, 'hidden_layer_sizes': 105, 'learning_rate_init': 0.036334119869207385, 'tol': 0.00014055724482627053, 'validation_fraction': 0.7217251720222113}
observation time 0.000003, current best -0.966667 at iter 37
suggestion time taken 16.403708 iter 38 next_points [{'alpha': 0.005537906980672271, 'batch_size': 118, 'beta_1': 0.5778147683678353, 'beta_2': 0.9999988708003044, 'epsilon': 3.7043076700070393e-07, 'hidden_layer_sizes': 60, 'learning_rate_init': 9.079695478448263e-05, 'tol': 0.0021131818275756382, 'validation_fraction': 0.7596416996674146}]
/home/ryedida/.local/lib/python3.8/site-packages/sklearn/neural_network/_multilayer_perceptron.py:621: UserWarning: Got `batch_size` less than 1 or larger than sample size. It is going to be clipped
  warnings.warn(

function_evaluation time 0.066559 value -0.325000 suggestion {'alpha': 0.005537906980672271, 'batch_size': 118, 'beta_1': 0.5778147683678353, 'beta_2': 0.9999988708003044, 'epsilon': 3.7043076700070393e-07, 'hidden_layer_sizes': 60, 'learning_rate_init': 9.079695478448263e-05, 'tol': 0.0021131818275756382, 'validation_fraction': 0.7596416996674146}
observation time 0.000003, current best -0.966667 at iter 38
suggestion time taken 15.667348 iter 39 next_points [{'alpha': 0.009296266408030515, 'batch_size': 39, 'beta_1': 0.8659884624229235, 'beta_2': 0.9999890725510341, 'epsilon': 2.7074223799237995e-07, 'hidden_layer_sizes': 130, 'learning_rate_init': 0.0037801636277406962, 'tol': 4.4878526746217756e-05, 'validation_fraction': 0.12774183752264032}]
function_evaluation time 0.207238 value -0.900000 suggestion {'alpha': 0.009296266408030515, 'batch_size': 39, 'beta_1': 0.8659884624229235, 'beta_2': 0.9999890725510341, 'epsilon': 2.7074223799237995e-07, 'hidden_layer_sizes': 130, 'learning_rate_init': 0.0037801636277406962, 'tol': 4.4878526746217756e-05, 'validation_fraction': 0.12774183752264032}
observation time 0.000003, current best -0.966667 at iter 39
suggestion time taken 16.302793 iter 40 next_points [{'alpha': 1.1020759130336731e-05, 'batch_size': 116, 'beta_1': 0.5171273640448136, 'beta_2': 0.9999989893504537, 'epsilon': 1.3449167311570427e-07, 'hidden_layer_sizes': 151, 'learning_rate_init': 0.044397572768497845, 'tol': 0.0011380437849026629, 'validation_fraction': 0.7382314300653164}]
/home/ryedida/.local/lib/python3.8/site-packages/sklearn/neural_network/_multilayer_perceptron.py:621: UserWarning: Got `batch_size` less than 1 or larger than sample size. It is going to be clipped
  warnings.warn(

function_evaluation time 0.144285 value -0.916667 suggestion {'alpha': 1.1020759130336731e-05, 'batch_size': 116, 'beta_1': 0.5171273640448136, 'beta_2': 0.9999989893504537, 'epsilon': 1.3449167311570427e-07, 'hidden_layer_sizes': 151, 'learning_rate_init': 0.044397572768497845, 'tol': 0.0011380437849026629, 'validation_fraction': 0.7382314300653164}
observation time 0.000003, current best -0.966667 at iter 40
suggestion time taken 15.957598 iter 41 next_points [{'alpha': 0.0005639550016648151, 'batch_size': 59, 'beta_1': 0.5272032981360023, 'beta_2': 0.9701326821836979, 'epsilon': 4.00224765997405e-07, 'hidden_layer_sizes': 112, 'learning_rate_init': 0.009081255469567248, 'tol': 0.010298220399518913, 'validation_fraction': 0.8791673847776615}]
/home/ryedida/.local/lib/python3.8/site-packages/sklearn/neural_network/_multilayer_perceptron.py:621: UserWarning: Got `batch_size` less than 1 or larger than sample size. It is going to be clipped
  warnings.warn(

function_evaluation time 0.109337 value -0.708333 suggestion {'alpha': 0.0005639550016648151, 'batch_size': 59, 'beta_1': 0.5272032981360023, 'beta_2': 0.9701326821836979, 'epsilon': 4.00224765997405e-07, 'hidden_layer_sizes': 112, 'learning_rate_init': 0.009081255469567248, 'tol': 0.010298220399518913, 'validation_fraction': 0.8791673847776615}
observation time 0.000003, current best -0.966667 at iter 41
suggestion time taken 15.421803 iter 42 next_points [{'alpha': 0.23084477717916754, 'batch_size': 59, 'beta_1': 0.9543150397300951, 'beta_2': 0.9844555158340661, 'epsilon': 5.1636848349048995e-08, 'hidden_layer_sizes': 103, 'learning_rate_init': 0.00413023374717927, 'tol': 1.7007314490172617e-05, 'validation_fraction': 0.23036220528195372}]
function_evaluation time 0.154424 value -0.925000 suggestion {'alpha': 0.23084477717916754, 'batch_size': 59, 'beta_1': 0.9543150397300951, 'beta_2': 0.9844555158340661, 'epsilon': 5.1636848349048995e-08, 'hidden_layer_sizes': 103, 'learning_rate_init': 0.00413023374717927, 'tol': 1.7007314490172617e-05, 'validation_fraction': 0.23036220528195372}
observation time 0.000003, current best -0.966667 at iter 42
suggestion time taken 16.359875 iter 43 next_points [{'alpha': 1.1944635078174886, 'batch_size': 59, 'beta_1': 0.6499169128327412, 'beta_2': 0.9923423204727476, 'epsilon': 2.2191760749100836e-09, 'hidden_layer_sizes': 171, 'learning_rate_init': 0.000126069418727938, 'tol': 0.001605273909633139, 'validation_fraction': 0.26645450400404613}]
function_evaluation time 0.172063 value -0.466667 suggestion {'alpha': 1.1944635078174886, 'batch_size': 59, 'beta_1': 0.6499169128327412, 'beta_2': 0.9923423204727476, 'epsilon': 2.2191760749100836e-09, 'hidden_layer_sizes': 171, 'learning_rate_init': 0.000126069418727938, 'tol': 0.001605273909633139, 'validation_fraction': 0.26645450400404613}
observation time 0.000003, current best -0.966667 at iter 43
suggestion time taken 15.538426 iter 44 next_points [{'alpha': 0.807284406487074, 'batch_size': 119, 'beta_1': 0.9379723674656572, 'beta_2': 0.9998125990870386, 'epsilon': 3.135597755068739e-09, 'hidden_layer_sizes': 57, 'learning_rate_init': 0.005039335429468665, 'tol': 0.002257737917364517, 'validation_fraction': 0.14260720508959243}]
/home/ryedida/.local/lib/python3.8/site-packages/sklearn/neural_network/_multilayer_perceptron.py:621: UserWarning: Got `batch_size` less than 1 or larger than sample size. It is going to be clipped
  warnings.warn(

function_evaluation time 0.098102 value -0.700000 suggestion {'alpha': 0.807284406487074, 'batch_size': 119, 'beta_1': 0.9379723674656572, 'beta_2': 0.9998125990870386, 'epsilon': 3.135597755068739e-09, 'hidden_layer_sizes': 57, 'learning_rate_init': 0.005039335429468665, 'tol': 0.002257737917364517, 'validation_fraction': 0.14260720508959243}
observation time 0.000003, current best -0.966667 at iter 44
saving meta data: {'args': {'--uuid': 'a90cf9d7d11a563195861683c6bc26db', '-db-root': '/home/ryedida/bbo_challenge_starter_kit/output', '--opt-root': '/home/ryedida/bbo_challenge_starter_kit/example_submissions', '--data-root': None, '--db': 'run_20231014_193210', '--opt': 'strongcvx', '--data': 'iris', '--classifier': 'MLP-adam', '--metric': 'acc', '--calls': 45, '--suggestions': 1, '--jobs-file': None, '--verbose': False, 'dry_run': False, 'rev': 'a376313', 'opt_rev': 'x.x.x'}, 'signature': ([{'alpha': 0.019628224813442792, 'batch_size': 182, 'beta_1': 0.9410202200271762, 'beta_2': 0.9998021557676793, 'epsilon': 1.8662266976518e-08, 'hidden_layer_sizes': 147, 'learning_rate_init': 0.0005627932047415167, 'tol': 0.03690557729213761, 'validation_fraction': 0.8846827852548593}, {'alpha': 0.001998246739232944, 'batch_size': 200, 'beta_1': 0.919111482530466, 'beta_2': 0.9998488260436156, 'epsilon': 5.981221901152555e-07, 'hidden_layer_sizes': 61, 'learning_rate_init': 2.2310905607443014e-05, 'tol': 1.2046852412030316e-05, 'validation_fraction': 0.8117896445826539}, {'alpha': 0.46659545670218433, 'batch_size': 219, 'beta_1': 0.9889789783750891, 'beta_2': 0.9999896868093284, 'epsilon': 2.4234724484675948e-08, 'hidden_layer_sizes': 167, 'learning_rate_init': 2.972334644335654e-05, 'tol': 0.0036281404040243792, 'validation_fraction': 0.17260651658522078}, {'alpha': 4.656005689076002, 'batch_size': 135, 'beta_1': 0.870503881627747, 'beta_2': 0.9948873266941017, 'epsilon': 2.1023308743480125e-07, 'hidden_layer_sizes': 118, 'learning_rate_init': 0.001878173875716191, 'tol': 1.1889379831773006e-05, 'validation_fraction': 0.6264327093752792}, {'alpha': 0.04705159350400542, 'batch_size': 158, 'beta_1': 0.9870884262730957, 'beta_2': 0.9999596874382349, 'epsilon': 1.1981845126013875e-08, 'hidden_layer_sizes': 116, 'learning_rate_init': 0.006173405204074311, 'tol': 1.7414134181586194e-05, 'validation_fraction': 0.6754299026638921}], [-0.41666666666666663, -0.275, -0.3416666666666667, -0.725, -0.875])}
saving results
saving timing
saving suggest log
done
