running: {'--uuid': 'ce40b92049b75083a9b3aa12427d2037', '-db-root': '/home/ryedida/bbo_challenge_starter_kit/output', '--opt-root': '/home/ryedida/bbo_challenge_starter_kit/example_submissions', '--data-root': None, '--db': 'run_20231014_193210', '--opt': 'random', '--data': 'iris', '--classifier': 'MLP-adam', '--metric': 'acc', '--calls': 45, '--suggestions': 1, '--jobs-file': None, '--verbose': False, 'dry_run': False, 'rev': 'a376313', 'opt_rev': '0.0.8'}
cmd: python /home/ryedida/.local/bin/bayesmark-exp -c MLP-adam -d iris -o random -u ce40b92049b75083a9b3aa12427d2037 -m acc -n 45 -p 1 -dir /home/ryedida/bbo_challenge_starter_kit/output -b run_20231014_193210
/home/ryedida/.local/lib/python3.8/site-packages/sklearn/neural_network/_multilayer_perceptron.py:621: UserWarning: Got `batch_size` less than 1 or larger than sample size. It is going to be clipped
  warnings.warn(

/home/ryedida/.local/lib/python3.8/site-packages/sklearn/neural_network/_multilayer_perceptron.py:621: UserWarning: Got `batch_size` less than 1 or larger than sample size. It is going to be clipped
  warnings.warn(

/home/ryedida/.local/lib/python3.8/site-packages/sklearn/neural_network/_multilayer_perceptron.py:621: UserWarning: Got `batch_size` less than 1 or larger than sample size. It is going to be clipped
  warnings.warn(

/home/ryedida/.local/lib/python3.8/site-packages/sklearn/neural_network/_multilayer_perceptron.py:621: UserWarning: Got `batch_size` less than 1 or larger than sample size. It is going to be clipped
  warnings.warn(

/home/ryedida/.local/lib/python3.8/site-packages/sklearn/neural_network/_multilayer_perceptron.py:621: UserWarning: Got `batch_size` less than 1 or larger than sample size. It is going to be clipped
  warnings.warn(

computed signature: ([{'alpha': 0.019628224813442792, 'batch_size': 182, 'beta_1': 0.9410202200271762, 'beta_2': 0.9998021557676793, 'epsilon': 1.8662266976518e-08, 'hidden_layer_sizes': 147, 'learning_rate_init': 0.0005627932047415167, 'tol': 0.03690557729213761, 'validation_fraction': 0.8846827852548593}, {'alpha': 0.001998246739232944, 'batch_size': 200, 'beta_1': 0.919111482530466, 'beta_2': 0.9998488260436156, 'epsilon': 5.981221901152555e-07, 'hidden_layer_sizes': 61, 'learning_rate_init': 2.2310905607443014e-05, 'tol': 1.2046852412030316e-05, 'validation_fraction': 0.8117896445826539}, {'alpha': 0.46659545670218433, 'batch_size': 219, 'beta_1': 0.9889789783750891, 'beta_2': 0.9999896868093284, 'epsilon': 2.4234724484675948e-08, 'hidden_layer_sizes': 167, 'learning_rate_init': 2.972334644335654e-05, 'tol': 0.0036281404040243792, 'validation_fraction': 0.17260651658522078}, {'alpha': 4.656005689076002, 'batch_size': 135, 'beta_1': 0.870503881627747, 'beta_2': 0.9948873266941017, 'epsilon': 2.1023308743480125e-07, 'hidden_layer_sizes': 118, 'learning_rate_init': 0.001878173875716191, 'tol': 1.1889379831773006e-05, 'validation_fraction': 0.6264327093752792}, {'alpha': 0.04705159350400542, 'batch_size': 158, 'beta_1': 0.9870884262730957, 'beta_2': 0.9999596874382349, 'epsilon': 1.1981845126013875e-08, 'hidden_layer_sizes': 116, 'learning_rate_init': 0.006173405204074311, 'tol': 1.7414134181586194e-05, 'validation_fraction': 0.6754299026638921}], [-0.41666666666666663, -0.275, -0.3416666666666667, -0.725, -0.875])
/home/ryedida/.local/lib/python3.8/site-packages/bayesmark/experiment.py:470: UserWarning: Baselines not found. Will not log intermediate scores.
  warnings.warn("Baselines not found. Will not log intermediate scores.")

starting sklearn study random MLP-adam iris acc 45 1
with data root: None
suggestion time taken 0.003935 iter 0 next_points [{'alpha': 0.00041484000214171815, 'batch_size': 14, 'beta_1': 0.9581006097508094, 'beta_2': 0.9998944457673089, 'epsilon': 5.636000736112373e-08, 'hidden_layer_sizes': 95, 'learning_rate_init': 0.002790672811192112, 'tol': 0.08948476275120236, 'validation_fraction': 0.7915264415030471}]
function_evaluation time 0.124666 value -0.725000 suggestion {'alpha': 0.00041484000214171815, 'batch_size': 14, 'beta_1': 0.9581006097508094, 'beta_2': 0.9998944457673089, 'epsilon': 5.636000736112373e-08, 'hidden_layer_sizes': 95, 'learning_rate_init': 0.002790672811192112, 'tol': 0.08948476275120236, 'validation_fraction': 0.7915264415030471}
observation time 0.000002, current best -0.725000 at iter 0
suggestion time taken 0.003919 iter 1 next_points [{'alpha': 0.0004795795142669417, 'batch_size': 249, 'beta_1': 0.8708023737070772, 'beta_2': 0.9992912273212368, 'epsilon': 4.456031112155269e-09, 'hidden_layer_sizes': 112, 'learning_rate_init': 0.0003903149772004616, 'tol': 0.0004189712566324485, 'validation_fraction': 0.8599846486960556}]
/home/ryedida/.local/lib/python3.8/site-packages/sklearn/neural_network/_multilayer_perceptron.py:621: UserWarning: Got `batch_size` less than 1 or larger than sample size. It is going to be clipped
  warnings.warn(

function_evaluation time 0.082677 value -0.516667 suggestion {'alpha': 0.0004795795142669417, 'batch_size': 249, 'beta_1': 0.8708023737070772, 'beta_2': 0.9992912273212368, 'epsilon': 4.456031112155269e-09, 'hidden_layer_sizes': 112, 'learning_rate_init': 0.0003903149772004616, 'tol': 0.0004189712566324485, 'validation_fraction': 0.8599846486960556}
observation time 0.000002, current best -0.725000 at iter 1
suggestion time taken 0.003884 iter 2 next_points [{'alpha': 0.14765851395699203, 'batch_size': 21, 'beta_1': 0.9882747858685171, 'beta_2': 0.999932474780527, 'epsilon': 4.596183710434397e-07, 'hidden_layer_sizes': 161, 'learning_rate_init': 4.6540672433531415e-05, 'tol': 0.014708433773621936, 'validation_fraction': 0.6809238804598653}]
function_evaluation time 0.101350 value -0.466667 suggestion {'alpha': 0.14765851395699203, 'batch_size': 21, 'beta_1': 0.9882747858685171, 'beta_2': 0.999932474780527, 'epsilon': 4.596183710434397e-07, 'hidden_layer_sizes': 161, 'learning_rate_init': 4.6540672433531415e-05, 'tol': 0.014708433773621936, 'validation_fraction': 0.6809238804598653}
observation time 0.000002, current best -0.725000 at iter 2
suggestion time taken 0.003839 iter 3 next_points [{'alpha': 1.6044278569019286e-05, 'batch_size': 161, 'beta_1': 0.9591688305989928, 'beta_2': 0.9980136475046233, 'epsilon': 2.6243418593203348e-08, 'hidden_layer_sizes': 180, 'learning_rate_init': 0.010733564229607943, 'tol': 2.7476169923381354e-05, 'validation_fraction': 0.10850033627919865}]
/home/ryedida/.local/lib/python3.8/site-packages/sklearn/neural_network/_multilayer_perceptron.py:621: UserWarning: Got `batch_size` less than 1 or larger than sample size. It is going to be clipped
  warnings.warn(

function_evaluation time 0.155643 value -0.950000 suggestion {'alpha': 1.6044278569019286e-05, 'batch_size': 161, 'beta_1': 0.9591688305989928, 'beta_2': 0.9980136475046233, 'epsilon': 2.6243418593203348e-08, 'hidden_layer_sizes': 180, 'learning_rate_init': 0.010733564229607943, 'tol': 2.7476169923381354e-05, 'validation_fraction': 0.10850033627919865}
observation time 0.000002, current best -0.950000 at iter 3
suggestion time taken 0.003814 iter 4 next_points [{'alpha': 6.767437584003595, 'batch_size': 139, 'beta_1': 0.5081295790695395, 'beta_2': 0.9982178522727989, 'epsilon': 6.504820468125564e-08, 'hidden_layer_sizes': 197, 'learning_rate_init': 0.04994515308142065, 'tol': 0.002132533465981786, 'validation_fraction': 0.293958450804342}]
/home/ryedida/.local/lib/python3.8/site-packages/sklearn/neural_network/_multilayer_perceptron.py:621: UserWarning: Got `batch_size` less than 1 or larger than sample size. It is going to be clipped
  warnings.warn(

function_evaluation time 0.149375 value -0.950000 suggestion {'alpha': 6.767437584003595, 'batch_size': 139, 'beta_1': 0.5081295790695395, 'beta_2': 0.9982178522727989, 'epsilon': 6.504820468125564e-08, 'hidden_layer_sizes': 197, 'learning_rate_init': 0.04994515308142065, 'tol': 0.002132533465981786, 'validation_fraction': 0.293958450804342}
observation time 0.000002, current best -0.950000 at iter 4
suggestion time taken 0.003666 iter 5 next_points [{'alpha': 0.9497908609110662, 'batch_size': 136, 'beta_1': 0.9821022416707638, 'beta_2': 0.999037131281446, 'epsilon': 6.662687663200435e-08, 'hidden_layer_sizes': 199, 'learning_rate_init': 1.929745481169414e-05, 'tol': 0.014680306953954565, 'validation_fraction': 0.10770545935824127}]
/home/ryedida/.local/lib/python3.8/site-packages/sklearn/neural_network/_multilayer_perceptron.py:621: UserWarning: Got `batch_size` less than 1 or larger than sample size. It is going to be clipped
  warnings.warn(

function_evaluation time 0.083353 value -0.183333 suggestion {'alpha': 0.9497908609110662, 'batch_size': 136, 'beta_1': 0.9821022416707638, 'beta_2': 0.999037131281446, 'epsilon': 6.662687663200435e-08, 'hidden_layer_sizes': 199, 'learning_rate_init': 1.929745481169414e-05, 'tol': 0.014680306953954565, 'validation_fraction': 0.10770545935824127}
observation time 0.000002, current best -0.950000 at iter 5
suggestion time taken 0.004546 iter 6 next_points [{'alpha': 0.703331795471415, 'batch_size': 175, 'beta_1': 0.8932900030831441, 'beta_2': 0.9999988230356515, 'epsilon': 1.2535240065869953e-07, 'hidden_layer_sizes': 106, 'learning_rate_init': 0.0454786445595908, 'tol': 0.03727119451333824, 'validation_fraction': 0.10770919679664867}]
/home/ryedida/.local/lib/python3.8/site-packages/sklearn/neural_network/_multilayer_perceptron.py:621: UserWarning: Got `batch_size` less than 1 or larger than sample size. It is going to be clipped
  warnings.warn(

function_evaluation time 0.115434 value -0.866667 suggestion {'alpha': 0.703331795471415, 'batch_size': 175, 'beta_1': 0.8932900030831441, 'beta_2': 0.9999988230356515, 'epsilon': 1.2535240065869953e-07, 'hidden_layer_sizes': 106, 'learning_rate_init': 0.0454786445595908, 'tol': 0.03727119451333824, 'validation_fraction': 0.10770919679664867}
observation time 0.000003, current best -0.950000 at iter 6
suggestion time taken 0.004508 iter 7 next_points [{'alpha': 0.31578236469070514, 'batch_size': 44, 'beta_1': 0.9788823560840915, 'beta_2': 0.9999153720599088, 'epsilon': 4.047854730810061e-08, 'hidden_layer_sizes': 146, 'learning_rate_init': 0.00021884988446321455, 'tol': 0.0005780660229258201, 'validation_fraction': 0.7571997990047933}]
/home/ryedida/.local/lib/python3.8/site-packages/sklearn/neural_network/_multilayer_perceptron.py:621: UserWarning: Got `batch_size` less than 1 or larger than sample size. It is going to be clipped
  warnings.warn(

function_evaluation time 0.088182 value -0.333333 suggestion {'alpha': 0.31578236469070514, 'batch_size': 44, 'beta_1': 0.9788823560840915, 'beta_2': 0.9999153720599088, 'epsilon': 4.047854730810061e-08, 'hidden_layer_sizes': 146, 'learning_rate_init': 0.00021884988446321455, 'tol': 0.0005780660229258201, 'validation_fraction': 0.7571997990047933}
observation time 0.000002, current best -0.950000 at iter 7
suggestion time taken 0.003914 iter 8 next_points [{'alpha': 0.8203723174774626, 'batch_size': 133, 'beta_1': 0.9581186906607021, 'beta_2': 0.9999726005980095, 'epsilon': 1.8027289877852866e-08, 'hidden_layer_sizes': 111, 'learning_rate_init': 2.5603781531031956e-05, 'tol': 0.003241797796573535, 'validation_fraction': 0.7059944161946223}]
/home/ryedida/.local/lib/python3.8/site-packages/sklearn/neural_network/_multilayer_perceptron.py:621: UserWarning: Got `batch_size` less than 1 or larger than sample size. It is going to be clipped
  warnings.warn(

function_evaluation time 0.065654 value -0.350000 suggestion {'alpha': 0.8203723174774626, 'batch_size': 133, 'beta_1': 0.9581186906607021, 'beta_2': 0.9999726005980095, 'epsilon': 1.8027289877852866e-08, 'hidden_layer_sizes': 111, 'learning_rate_init': 2.5603781531031956e-05, 'tol': 0.003241797796573535, 'validation_fraction': 0.7059944161946223}
observation time 0.000002, current best -0.950000 at iter 8
suggestion time taken 0.004008 iter 9 next_points [{'alpha': 1.7935506675366817e-05, 'batch_size': 31, 'beta_1': 0.975823207606894, 'beta_2': 0.9999391649709889, 'epsilon': 5.184782015005952e-07, 'hidden_layer_sizes': 195, 'learning_rate_init': 0.0001435513331151452, 'tol': 0.00014294126234079262, 'validation_fraction': 0.5664721194534295}]
function_evaluation time 0.104615 value -0.341667 suggestion {'alpha': 1.7935506675366817e-05, 'batch_size': 31, 'beta_1': 0.975823207606894, 'beta_2': 0.9999391649709889, 'epsilon': 5.184782015005952e-07, 'hidden_layer_sizes': 195, 'learning_rate_init': 0.0001435513331151452, 'tol': 0.00014294126234079262, 'validation_fraction': 0.5664721194534295}
observation time 0.000002, current best -0.950000 at iter 9
suggestion time taken 0.003879 iter 10 next_points [{'alpha': 0.0069200405644851, 'batch_size': 88, 'beta_1': 0.9772251037441029, 'beta_2': 0.9944032856610411, 'epsilon': 1.2040528533520746e-09, 'hidden_layer_sizes': 128, 'learning_rate_init': 0.007452465943410966, 'tol': 0.00017193778463693167, 'validation_fraction': 0.44647167911492314}]
/home/ryedida/.local/lib/python3.8/site-packages/sklearn/neural_network/_multilayer_perceptron.py:621: UserWarning: Got `batch_size` less than 1 or larger than sample size. It is going to be clipped
  warnings.warn(

function_evaluation time 0.126099 value -0.925000 suggestion {'alpha': 0.0069200405644851, 'batch_size': 88, 'beta_1': 0.9772251037441029, 'beta_2': 0.9944032856610411, 'epsilon': 1.2040528533520746e-09, 'hidden_layer_sizes': 128, 'learning_rate_init': 0.007452465943410966, 'tol': 0.00017193778463693167, 'validation_fraction': 0.44647167911492314}
observation time 0.000002, current best -0.950000 at iter 10
suggestion time taken 0.003827 iter 11 next_points [{'alpha': 0.3850025037006744, 'batch_size': 81, 'beta_1': 0.951405496210535, 'beta_2': 0.9999635189606252, 'epsilon': 5.729031052090581e-09, 'hidden_layer_sizes': 129, 'learning_rate_init': 0.00022172919263554875, 'tol': 0.0023503492894554824, 'validation_fraction': 0.7763821411135676}]
/home/ryedida/.local/lib/python3.8/site-packages/sklearn/neural_network/_multilayer_perceptron.py:621: UserWarning: Got `batch_size` less than 1 or larger than sample size. It is going to be clipped
  warnings.warn(

function_evaluation time 0.068721 value -0.325000 suggestion {'alpha': 0.3850025037006744, 'batch_size': 81, 'beta_1': 0.951405496210535, 'beta_2': 0.9999635189606252, 'epsilon': 5.729031052090581e-09, 'hidden_layer_sizes': 129, 'learning_rate_init': 0.00022172919263554875, 'tol': 0.0023503492894554824, 'validation_fraction': 0.7763821411135676}
observation time 0.000002, current best -0.950000 at iter 11
suggestion time taken 0.003811 iter 12 next_points [{'alpha': 0.029009875113669314, 'batch_size': 102, 'beta_1': 0.7455229930839404, 'beta_2': 0.999997371125055, 'epsilon': 1.4929978655613874e-07, 'hidden_layer_sizes': 127, 'learning_rate_init': 0.003144949783748066, 'tol': 0.0037782938715442633, 'validation_fraction': 0.41290500876136366}]
/home/ryedida/.local/lib/python3.8/site-packages/sklearn/neural_network/_multilayer_perceptron.py:621: UserWarning: Got `batch_size` less than 1 or larger than sample size. It is going to be clipped
  warnings.warn(

function_evaluation time 0.118562 value -0.775000 suggestion {'alpha': 0.029009875113669314, 'batch_size': 102, 'beta_1': 0.7455229930839404, 'beta_2': 0.999997371125055, 'epsilon': 1.4929978655613874e-07, 'hidden_layer_sizes': 127, 'learning_rate_init': 0.003144949783748066, 'tol': 0.0037782938715442633, 'validation_fraction': 0.41290500876136366}
observation time 0.000002, current best -0.950000 at iter 12
suggestion time taken 0.003562 iter 13 next_points [{'alpha': 0.005957829163591571, 'batch_size': 103, 'beta_1': 0.5373446310026575, 'beta_2': 0.9999954781275728, 'epsilon': 1.1290114881946861e-07, 'hidden_layer_sizes': 109, 'learning_rate_init': 7.438304556439053e-05, 'tol': 1.0472559382571011e-05, 'validation_fraction': 0.7730019807253166}]
/home/ryedida/.local/lib/python3.8/site-packages/sklearn/neural_network/_multilayer_perceptron.py:621: UserWarning: Got `batch_size` less than 1 or larger than sample size. It is going to be clipped
  warnings.warn(

function_evaluation time 0.062909 value -0.366667 suggestion {'alpha': 0.005957829163591571, 'batch_size': 103, 'beta_1': 0.5373446310026575, 'beta_2': 0.9999954781275728, 'epsilon': 1.1290114881946861e-07, 'hidden_layer_sizes': 109, 'learning_rate_init': 7.438304556439053e-05, 'tol': 1.0472559382571011e-05, 'validation_fraction': 0.7730019807253166}
observation time 0.000002, current best -0.950000 at iter 13
suggestion time taken 0.003815 iter 14 next_points [{'alpha': 0.00940500186280639, 'batch_size': 224, 'beta_1': 0.9893350349898059, 'beta_2': 0.9996247522726546, 'epsilon': 6.651900841894593e-09, 'hidden_layer_sizes': 179, 'learning_rate_init': 0.004913628570137528, 'tol': 0.0009881672927608664, 'validation_fraction': 0.11210340294536633}]
/home/ryedida/.local/lib/python3.8/site-packages/sklearn/neural_network/_multilayer_perceptron.py:621: UserWarning: Got `batch_size` less than 1 or larger than sample size. It is going to be clipped
  warnings.warn(

function_evaluation time 0.143642 value -0.908333 suggestion {'alpha': 0.00940500186280639, 'batch_size': 224, 'beta_1': 0.9893350349898059, 'beta_2': 0.9996247522726546, 'epsilon': 6.651900841894593e-09, 'hidden_layer_sizes': 179, 'learning_rate_init': 0.004913628570137528, 'tol': 0.0009881672927608664, 'validation_fraction': 0.11210340294536633}
observation time 0.000003, current best -0.950000 at iter 14
suggestion time taken 0.003855 iter 15 next_points [{'alpha': 0.5185548571608017, 'batch_size': 147, 'beta_1': 0.981635538393977, 'beta_2': 0.9800674343952024, 'epsilon': 1.7499779981145722e-07, 'hidden_layer_sizes': 146, 'learning_rate_init': 7.860613367869072e-05, 'tol': 0.009468769763264257, 'validation_fraction': 0.29401129901866124}]
/home/ryedida/.local/lib/python3.8/site-packages/sklearn/neural_network/_multilayer_perceptron.py:621: UserWarning: Got `batch_size` less than 1 or larger than sample size. It is going to be clipped
  warnings.warn(

function_evaluation time 0.134795 value -0.308333 suggestion {'alpha': 0.5185548571608017, 'batch_size': 147, 'beta_1': 0.981635538393977, 'beta_2': 0.9800674343952024, 'epsilon': 1.7499779981145722e-07, 'hidden_layer_sizes': 146, 'learning_rate_init': 7.860613367869072e-05, 'tol': 0.009468769763264257, 'validation_fraction': 0.29401129901866124}
observation time 0.000002, current best -0.950000 at iter 15
suggestion time taken 0.003849 iter 16 next_points [{'alpha': 5.7580250145617935, 'batch_size': 175, 'beta_1': 0.9509159948783854, 'beta_2': 0.9995581427547394, 'epsilon': 3.797980716888372e-09, 'hidden_layer_sizes': 196, 'learning_rate_init': 0.016557198074004468, 'tol': 0.020850347378294977, 'validation_fraction': 0.21979910569925423}]
/home/ryedida/.local/lib/python3.8/site-packages/sklearn/neural_network/_multilayer_perceptron.py:621: UserWarning: Got `batch_size` less than 1 or larger than sample size. It is going to be clipped
  warnings.warn(

function_evaluation time 0.156218 value -0.966667 suggestion {'alpha': 5.7580250145617935, 'batch_size': 175, 'beta_1': 0.9509159948783854, 'beta_2': 0.9995581427547394, 'epsilon': 3.797980716888372e-09, 'hidden_layer_sizes': 196, 'learning_rate_init': 0.016557198074004468, 'tol': 0.020850347378294977, 'validation_fraction': 0.21979910569925423}
observation time 0.000002, current best -0.966667 at iter 16
suggestion time taken 0.004039 iter 17 next_points [{'alpha': 8.10357364334664, 'batch_size': 210, 'beta_1': 0.9833418104396962, 'beta_2': 0.9998733566324265, 'epsilon': 8.416177557969634e-09, 'hidden_layer_sizes': 104, 'learning_rate_init': 0.0017966233459067098, 'tol': 0.003304149866896899, 'validation_fraction': 0.38537213090125566}]
/home/ryedida/.local/lib/python3.8/site-packages/sklearn/neural_network/_multilayer_perceptron.py:621: UserWarning: Got `batch_size` less than 1 or larger than sample size. It is going to be clipped
  warnings.warn(

function_evaluation time 0.121161 value -0.733333 suggestion {'alpha': 8.10357364334664, 'batch_size': 210, 'beta_1': 0.9833418104396962, 'beta_2': 0.9998733566324265, 'epsilon': 8.416177557969634e-09, 'hidden_layer_sizes': 104, 'learning_rate_init': 0.0017966233459067098, 'tol': 0.003304149866896899, 'validation_fraction': 0.38537213090125566}
observation time 0.000002, current best -0.966667 at iter 17
suggestion time taken 0.003741 iter 18 next_points [{'alpha': 0.08990339144201068, 'batch_size': 32, 'beta_1': 0.9790110867393023, 'beta_2': 0.9704323321284561, 'epsilon': 1.4173670184713506e-09, 'hidden_layer_sizes': 153, 'learning_rate_init': 0.0005848292622474697, 'tol': 0.03979299081738117, 'validation_fraction': 0.8255380863486165}]
/home/ryedida/.local/lib/python3.8/site-packages/sklearn/neural_network/_multilayer_perceptron.py:621: UserWarning: Got `batch_size` less than 1 or larger than sample size. It is going to be clipped
  warnings.warn(

function_evaluation time 0.069282 value -0.508333 suggestion {'alpha': 0.08990339144201068, 'batch_size': 32, 'beta_1': 0.9790110867393023, 'beta_2': 0.9704323321284561, 'epsilon': 1.4173670184713506e-09, 'hidden_layer_sizes': 153, 'learning_rate_init': 0.0005848292622474697, 'tol': 0.03979299081738117, 'validation_fraction': 0.8255380863486165}
observation time 0.000002, current best -0.966667 at iter 18
suggestion time taken 0.003894 iter 19 next_points [{'alpha': 0.003502752919535678, 'batch_size': 155, 'beta_1': 0.9473762394816699, 'beta_2': 0.9999986452935599, 'epsilon': 4.074324991000254e-07, 'hidden_layer_sizes': 138, 'learning_rate_init': 0.0596720901814826, 'tol': 0.000282580976517873, 'validation_fraction': 0.29330236275673305}]
/home/ryedida/.local/lib/python3.8/site-packages/sklearn/neural_network/_multilayer_perceptron.py:621: UserWarning: Got `batch_size` less than 1 or larger than sample size. It is going to be clipped
  warnings.warn(

function_evaluation time 0.147045 value -0.908333 suggestion {'alpha': 0.003502752919535678, 'batch_size': 155, 'beta_1': 0.9473762394816699, 'beta_2': 0.9999986452935599, 'epsilon': 4.074324991000254e-07, 'hidden_layer_sizes': 138, 'learning_rate_init': 0.0596720901814826, 'tol': 0.000282580976517873, 'validation_fraction': 0.29330236275673305}
observation time 0.000002, current best -0.966667 at iter 19
suggestion time taken 0.003908 iter 20 next_points [{'alpha': 0.001888012516677461, 'batch_size': 115, 'beta_1': 0.9766031222353401, 'beta_2': 0.9999505603559301, 'epsilon': 4.076922339311632e-09, 'hidden_layer_sizes': 103, 'learning_rate_init': 2.5739669394674547e-05, 'tol': 0.04813407994811544, 'validation_fraction': 0.11973391341891797}]
/home/ryedida/.local/lib/python3.8/site-packages/sklearn/neural_network/_multilayer_perceptron.py:621: UserWarning: Got `batch_size` less than 1 or larger than sample size. It is going to be clipped
  warnings.warn(

function_evaluation time 0.069124 value -0.350000 suggestion {'alpha': 0.001888012516677461, 'batch_size': 115, 'beta_1': 0.9766031222353401, 'beta_2': 0.9999505603559301, 'epsilon': 4.076922339311632e-09, 'hidden_layer_sizes': 103, 'learning_rate_init': 2.5739669394674547e-05, 'tol': 0.04813407994811544, 'validation_fraction': 0.11973391341891797}
observation time 0.000002, current best -0.966667 at iter 20
suggestion time taken 0.003632 iter 21 next_points [{'alpha': 0.045765663044977804, 'batch_size': 71, 'beta_1': 0.884569522006397, 'beta_2': 0.9983314256042553, 'epsilon': 4.440854472682534e-08, 'hidden_layer_sizes': 97, 'learning_rate_init': 0.0006241028680978209, 'tol': 7.15592848665445e-05, 'validation_fraction': 0.7899294694478607}]
/home/ryedida/.local/lib/python3.8/site-packages/sklearn/neural_network/_multilayer_perceptron.py:621: UserWarning: Got `batch_size` less than 1 or larger than sample size. It is going to be clipped
  warnings.warn(

function_evaluation time 0.123855 value -0.650000 suggestion {'alpha': 0.045765663044977804, 'batch_size': 71, 'beta_1': 0.884569522006397, 'beta_2': 0.9983314256042553, 'epsilon': 4.440854472682534e-08, 'hidden_layer_sizes': 97, 'learning_rate_init': 0.0006241028680978209, 'tol': 7.15592848665445e-05, 'validation_fraction': 0.7899294694478607}
observation time 0.000003, current best -0.966667 at iter 21
suggestion time taken 0.003928 iter 22 next_points [{'alpha': 0.00011302756853165197, 'batch_size': 172, 'beta_1': 0.5493095790659273, 'beta_2': 0.9981419153676633, 'epsilon': 8.540268482066211e-07, 'hidden_layer_sizes': 74, 'learning_rate_init': 1.022108238455042e-05, 'tol': 0.0004743572015902968, 'validation_fraction': 0.49844619529321954}]
/home/ryedida/.local/lib/python3.8/site-packages/sklearn/neural_network/_multilayer_perceptron.py:621: UserWarning: Got `batch_size` less than 1 or larger than sample size. It is going to be clipped
  warnings.warn(

function_evaluation time 0.065072 value -0.408333 suggestion {'alpha': 0.00011302756853165197, 'batch_size': 172, 'beta_1': 0.5493095790659273, 'beta_2': 0.9981419153676633, 'epsilon': 8.540268482066211e-07, 'hidden_layer_sizes': 74, 'learning_rate_init': 1.022108238455042e-05, 'tol': 0.0004743572015902968, 'validation_fraction': 0.49844619529321954}
observation time 0.000002, current best -0.966667 at iter 22
suggestion time taken 0.003909 iter 23 next_points [{'alpha': 0.00019579683344909498, 'batch_size': 108, 'beta_1': 0.7817538656495552, 'beta_2': 0.9999840872450004, 'epsilon': 1.747917870877072e-08, 'hidden_layer_sizes': 172, 'learning_rate_init': 0.0015241905015636699, 'tol': 0.000918042253669403, 'validation_fraction': 0.8613679374796014}]
/home/ryedida/.local/lib/python3.8/site-packages/sklearn/neural_network/_multilayer_perceptron.py:621: UserWarning: Got `batch_size` less than 1 or larger than sample size. It is going to be clipped
  warnings.warn(

function_evaluation time 0.132753 value -0.725000 suggestion {'alpha': 0.00019579683344909498, 'batch_size': 108, 'beta_1': 0.7817538656495552, 'beta_2': 0.9999840872450004, 'epsilon': 1.747917870877072e-08, 'hidden_layer_sizes': 172, 'learning_rate_init': 0.0015241905015636699, 'tol': 0.000918042253669403, 'validation_fraction': 0.8613679374796014}
observation time 0.000002, current best -0.966667 at iter 23
suggestion time taken 0.003726 iter 24 next_points [{'alpha': 0.004467425413579399, 'batch_size': 208, 'beta_1': 0.9874144142355534, 'beta_2': 0.9999527879709005, 'epsilon': 1.216197077925051e-07, 'hidden_layer_sizes': 182, 'learning_rate_init': 0.013026993458771615, 'tol': 3.822808712245893e-05, 'validation_fraction': 0.8581206321398275}]
/home/ryedida/.local/lib/python3.8/site-packages/sklearn/neural_network/_multilayer_perceptron.py:621: UserWarning: Got `batch_size` less than 1 or larger than sample size. It is going to be clipped
  warnings.warn(

function_evaluation time 0.130553 value -0.883333 suggestion {'alpha': 0.004467425413579399, 'batch_size': 208, 'beta_1': 0.9874144142355534, 'beta_2': 0.9999527879709005, 'epsilon': 1.216197077925051e-07, 'hidden_layer_sizes': 182, 'learning_rate_init': 0.013026993458771615, 'tol': 3.822808712245893e-05, 'validation_fraction': 0.8581206321398275}
observation time 0.000003, current best -0.966667 at iter 24
suggestion time taken 0.003872 iter 25 next_points [{'alpha': 0.0621476942500868, 'batch_size': 65, 'beta_1': 0.9730424605512368, 'beta_2': 0.9172829273065938, 'epsilon': 3.7395232855146947e-08, 'hidden_layer_sizes': 85, 'learning_rate_init': 0.001791896899625095, 'tol': 0.0025356100350128847, 'validation_fraction': 0.7322597633995837}]
/home/ryedida/.local/lib/python3.8/site-packages/sklearn/neural_network/_multilayer_perceptron.py:621: UserWarning: Got `batch_size` less than 1 or larger than sample size. It is going to be clipped
  warnings.warn(

function_evaluation time 0.124027 value -0.725000 suggestion {'alpha': 0.0621476942500868, 'batch_size': 65, 'beta_1': 0.9730424605512368, 'beta_2': 0.9172829273065938, 'epsilon': 3.7395232855146947e-08, 'hidden_layer_sizes': 85, 'learning_rate_init': 0.001791896899625095, 'tol': 0.0025356100350128847, 'validation_fraction': 0.7322597633995837}
observation time 0.000003, current best -0.966667 at iter 25
suggestion time taken 0.004523 iter 26 next_points [{'alpha': 0.028664990094557207, 'batch_size': 111, 'beta_1': 0.7137160181588458, 'beta_2': 0.9344498025139507, 'epsilon': 1.906841588651879e-07, 'hidden_layer_sizes': 187, 'learning_rate_init': 0.00022472855572554113, 'tol': 0.00043269827421439, 'validation_fraction': 0.7964920947723849}]
/home/ryedida/.local/lib/python3.8/site-packages/sklearn/neural_network/_multilayer_perceptron.py:621: UserWarning: Got `batch_size` less than 1 or larger than sample size. It is going to be clipped
  warnings.warn(

function_evaluation time 0.077000 value -0.400000 suggestion {'alpha': 0.028664990094557207, 'batch_size': 111, 'beta_1': 0.7137160181588458, 'beta_2': 0.9344498025139507, 'epsilon': 1.906841588651879e-07, 'hidden_layer_sizes': 187, 'learning_rate_init': 0.00022472855572554113, 'tol': 0.00043269827421439, 'validation_fraction': 0.7964920947723849}
observation time 0.000002, current best -0.966667 at iter 26
suggestion time taken 0.003662 iter 27 next_points [{'alpha': 1.5362378507627417, 'batch_size': 189, 'beta_1': 0.9825676844464, 'beta_2': 0.9999641095975765, 'epsilon': 2.994108556212007e-09, 'hidden_layer_sizes': 177, 'learning_rate_init': 0.0017801000872959586, 'tol': 1.1385202463566635e-05, 'validation_fraction': 0.29576958315414104}]
/home/ryedida/.local/lib/python3.8/site-packages/sklearn/neural_network/_multilayer_perceptron.py:621: UserWarning: Got `batch_size` less than 1 or larger than sample size. It is going to be clipped
  warnings.warn(

function_evaluation time 0.121563 value -0.708333 suggestion {'alpha': 1.5362378507627417, 'batch_size': 189, 'beta_1': 0.9825676844464, 'beta_2': 0.9999641095975765, 'epsilon': 2.994108556212007e-09, 'hidden_layer_sizes': 177, 'learning_rate_init': 0.0017801000872959586, 'tol': 1.1385202463566635e-05, 'validation_fraction': 0.29576958315414104}
observation time 0.000003, current best -0.966667 at iter 27
suggestion time taken 0.003836 iter 28 next_points [{'alpha': 3.229677436849244e-05, 'batch_size': 29, 'beta_1': 0.9285026735762836, 'beta_2': 0.9792422764082608, 'epsilon': 2.0109172034185961e-07, 'hidden_layer_sizes': 138, 'learning_rate_init': 0.005222799924903941, 'tol': 3.072526962082807e-05, 'validation_fraction': 0.1992769597360602}]
function_evaluation time 0.198312 value -0.925000 suggestion {'alpha': 3.229677436849244e-05, 'batch_size': 29, 'beta_1': 0.9285026735762836, 'beta_2': 0.9792422764082608, 'epsilon': 2.0109172034185961e-07, 'hidden_layer_sizes': 138, 'learning_rate_init': 0.005222799924903941, 'tol': 3.072526962082807e-05, 'validation_fraction': 0.1992769597360602}
observation time 0.000003, current best -0.966667 at iter 28
suggestion time taken 0.003817 iter 29 next_points [{'alpha': 0.00012401808803234223, 'batch_size': 102, 'beta_1': 0.9653766149756686, 'beta_2': 0.9999733675989688, 'epsilon': 5.151882904896704e-09, 'hidden_layer_sizes': 131, 'learning_rate_init': 0.00025921807142836384, 'tol': 0.04646006214368459, 'validation_fraction': 0.19955839857616509}]
/home/ryedida/.local/lib/python3.8/site-packages/sklearn/neural_network/_multilayer_perceptron.py:621: UserWarning: Got `batch_size` less than 1 or larger than sample size. It is going to be clipped
  warnings.warn(

function_evaluation time 0.094054 value -0.408333 suggestion {'alpha': 0.00012401808803234223, 'batch_size': 102, 'beta_1': 0.9653766149756686, 'beta_2': 0.9999733675989688, 'epsilon': 5.151882904896704e-09, 'hidden_layer_sizes': 131, 'learning_rate_init': 0.00025921807142836384, 'tol': 0.04646006214368459, 'validation_fraction': 0.19955839857616509}
observation time 0.000003, current best -0.966667 at iter 29
suggestion time taken 0.003818 iter 30 next_points [{'alpha': 2.4465663751753532, 'batch_size': 77, 'beta_1': 0.969875512423265, 'beta_2': 0.9999971325447983, 'epsilon': 5.1797070615398495e-09, 'hidden_layer_sizes': 86, 'learning_rate_init': 0.0013530496936748956, 'tol': 2.693837888495257e-05, 'validation_fraction': 0.23339831232207453}]
function_evaluation time 0.098363 value -0.625000 suggestion {'alpha': 2.4465663751753532, 'batch_size': 77, 'beta_1': 0.969875512423265, 'beta_2': 0.9999971325447983, 'epsilon': 5.1797070615398495e-09, 'hidden_layer_sizes': 86, 'learning_rate_init': 0.0013530496936748956, 'tol': 2.693837888495257e-05, 'validation_fraction': 0.23339831232207453}
observation time 0.000003, current best -0.966667 at iter 30
suggestion time taken 0.003824 iter 31 next_points [{'alpha': 3.1710791733097173e-05, 'batch_size': 116, 'beta_1': 0.5766610220441277, 'beta_2': 0.9770974621056572, 'epsilon': 6.884307020271069e-08, 'hidden_layer_sizes': 90, 'learning_rate_init': 0.0005133852450330667, 'tol': 0.00013616073865306563, 'validation_fraction': 0.1041310261564069}]
/home/ryedida/.local/lib/python3.8/site-packages/sklearn/neural_network/_multilayer_perceptron.py:621: UserWarning: Got `batch_size` less than 1 or larger than sample size. It is going to be clipped
  warnings.warn(

function_evaluation time 0.091830 value -0.466667 suggestion {'alpha': 3.1710791733097173e-05, 'batch_size': 116, 'beta_1': 0.5766610220441277, 'beta_2': 0.9770974621056572, 'epsilon': 6.884307020271069e-08, 'hidden_layer_sizes': 90, 'learning_rate_init': 0.0005133852450330667, 'tol': 0.00013616073865306563, 'validation_fraction': 0.1041310261564069}
observation time 0.000002, current best -0.966667 at iter 31
suggestion time taken 0.003831 iter 32 next_points [{'alpha': 0.4274057164256051, 'batch_size': 99, 'beta_1': 0.6357738370317829, 'beta_2': 0.9997411249992514, 'epsilon': 8.931745907433604e-07, 'hidden_layer_sizes': 57, 'learning_rate_init': 0.009599664392195317, 'tol': 0.0007763111595388811, 'validation_fraction': 0.6261598789847034}]
/home/ryedida/.local/lib/python3.8/site-packages/sklearn/neural_network/_multilayer_perceptron.py:621: UserWarning: Got `batch_size` less than 1 or larger than sample size. It is going to be clipped
  warnings.warn(

function_evaluation time 0.176748 value -0.891667 suggestion {'alpha': 0.4274057164256051, 'batch_size': 99, 'beta_1': 0.6357738370317829, 'beta_2': 0.9997411249992514, 'epsilon': 8.931745907433604e-07, 'hidden_layer_sizes': 57, 'learning_rate_init': 0.009599664392195317, 'tol': 0.0007763111595388811, 'validation_fraction': 0.6261598789847034}
observation time 0.000002, current best -0.966667 at iter 32
suggestion time taken 0.003723 iter 33 next_points [{'alpha': 9.240654046156147, 'batch_size': 176, 'beta_1': 0.8084497719866781, 'beta_2': 0.9999658029682237, 'epsilon': 1.836681755929632e-08, 'hidden_layer_sizes': 199, 'learning_rate_init': 5.488526993168935e-05, 'tol': 0.00011495027172121141, 'validation_fraction': 0.11972788859860964}]
/home/ryedida/.local/lib/python3.8/site-packages/sklearn/neural_network/_multilayer_perceptron.py:621: UserWarning: Got `batch_size` less than 1 or larger than sample size. It is going to be clipped
  warnings.warn(

function_evaluation time 0.083966 value -0.341667 suggestion {'alpha': 9.240654046156147, 'batch_size': 176, 'beta_1': 0.8084497719866781, 'beta_2': 0.9999658029682237, 'epsilon': 1.836681755929632e-08, 'hidden_layer_sizes': 199, 'learning_rate_init': 5.488526993168935e-05, 'tol': 0.00011495027172121141, 'validation_fraction': 0.11972788859860964}
observation time 0.000003, current best -0.966667 at iter 33
suggestion time taken 0.003840 iter 34 next_points [{'alpha': 3.093214251372679e-05, 'batch_size': 131, 'beta_1': 0.9736523513981746, 'beta_2': 0.9992294860118038, 'epsilon': 4.718263095599433e-08, 'hidden_layer_sizes': 86, 'learning_rate_init': 0.0036464943396203897, 'tol': 0.002914583744228227, 'validation_fraction': 0.8619047203604548}]
/home/ryedida/.local/lib/python3.8/site-packages/sklearn/neural_network/_multilayer_perceptron.py:621: UserWarning: Got `batch_size` less than 1 or larger than sample size. It is going to be clipped
  warnings.warn(

function_evaluation time 0.104458 value -0.716667 suggestion {'alpha': 3.093214251372679e-05, 'batch_size': 131, 'beta_1': 0.9736523513981746, 'beta_2': 0.9992294860118038, 'epsilon': 4.718263095599433e-08, 'hidden_layer_sizes': 86, 'learning_rate_init': 0.0036464943396203897, 'tol': 0.002914583744228227, 'validation_fraction': 0.8619047203604548}
observation time 0.000002, current best -0.966667 at iter 34
suggestion time taken 0.003669 iter 35 next_points [{'alpha': 7.588252210409812e-05, 'batch_size': 54, 'beta_1': 0.9513903427923375, 'beta_2': 0.9997719989817866, 'epsilon': 4.453514780747937e-08, 'hidden_layer_sizes': 101, 'learning_rate_init': 0.006141995698559825, 'tol': 0.024128451663138928, 'validation_fraction': 0.7733057589257692}]
/home/ryedida/.local/lib/python3.8/site-packages/sklearn/neural_network/_multilayer_perceptron.py:621: UserWarning: Got `batch_size` less than 1 or larger than sample size. It is going to be clipped
  warnings.warn(

function_evaluation time 0.124413 value -0.816667 suggestion {'alpha': 7.588252210409812e-05, 'batch_size': 54, 'beta_1': 0.9513903427923375, 'beta_2': 0.9997719989817866, 'epsilon': 4.453514780747937e-08, 'hidden_layer_sizes': 101, 'learning_rate_init': 0.006141995698559825, 'tol': 0.024128451663138928, 'validation_fraction': 0.7733057589257692}
observation time 0.000003, current best -0.966667 at iter 35
suggestion time taken 0.003773 iter 36 next_points [{'alpha': 0.0008798097622691954, 'batch_size': 238, 'beta_1': 0.9802766513909488, 'beta_2': 0.968191617807516, 'epsilon': 4.170496632254091e-07, 'hidden_layer_sizes': 87, 'learning_rate_init': 4.21317370726399e-05, 'tol': 0.00030445195818124796, 'validation_fraction': 0.49165700629630343}]
/home/ryedida/.local/lib/python3.8/site-packages/sklearn/neural_network/_multilayer_perceptron.py:621: UserWarning: Got `batch_size` less than 1 or larger than sample size. It is going to be clipped
  warnings.warn(

function_evaluation time 0.083019 value -0.216667 suggestion {'alpha': 0.0008798097622691954, 'batch_size': 238, 'beta_1': 0.9802766513909488, 'beta_2': 0.968191617807516, 'epsilon': 4.170496632254091e-07, 'hidden_layer_sizes': 87, 'learning_rate_init': 4.21317370726399e-05, 'tol': 0.00030445195818124796, 'validation_fraction': 0.49165700629630343}
observation time 0.000002, current best -0.966667 at iter 36
suggestion time taken 0.003704 iter 37 next_points [{'alpha': 5.893365290935549e-05, 'batch_size': 85, 'beta_1': 0.9874733763979463, 'beta_2': 0.9999980518029702, 'epsilon': 7.45146590245949e-07, 'hidden_layer_sizes': 141, 'learning_rate_init': 0.08967741510020957, 'tol': 0.01654548078164125, 'validation_fraction': 0.48237214732152006}]
/home/ryedida/.local/lib/python3.8/site-packages/sklearn/neural_network/_multilayer_perceptron.py:621: UserWarning: Got `batch_size` less than 1 or larger than sample size. It is going to be clipped
  warnings.warn(

function_evaluation time 0.107949 value -0.808333 suggestion {'alpha': 5.893365290935549e-05, 'batch_size': 85, 'beta_1': 0.9874733763979463, 'beta_2': 0.9999980518029702, 'epsilon': 7.45146590245949e-07, 'hidden_layer_sizes': 141, 'learning_rate_init': 0.08967741510020957, 'tol': 0.01654548078164125, 'validation_fraction': 0.48237214732152006}
observation time 0.000003, current best -0.966667 at iter 37
suggestion time taken 0.003833 iter 38 next_points [{'alpha': 1.8060902367122833e-05, 'batch_size': 237, 'beta_1': 0.9701445058074789, 'beta_2': 0.9999617810848886, 'epsilon': 1.5018137970835696e-08, 'hidden_layer_sizes': 144, 'learning_rate_init': 1.1959912874109594e-05, 'tol': 1.067932632167311e-05, 'validation_fraction': 0.1252195635739075}]
/home/ryedida/.local/lib/python3.8/site-packages/sklearn/neural_network/_multilayer_perceptron.py:621: UserWarning: Got `batch_size` less than 1 or larger than sample size. It is going to be clipped
  warnings.warn(

function_evaluation time 0.085080 value -0.366667 suggestion {'alpha': 1.8060902367122833e-05, 'batch_size': 237, 'beta_1': 0.9701445058074789, 'beta_2': 0.9999617810848886, 'epsilon': 1.5018137970835696e-08, 'hidden_layer_sizes': 144, 'learning_rate_init': 1.1959912874109594e-05, 'tol': 1.067932632167311e-05, 'validation_fraction': 0.1252195635739075}
observation time 0.000003, current best -0.966667 at iter 38
suggestion time taken 0.003858 iter 39 next_points [{'alpha': 0.5482920863045999, 'batch_size': 76, 'beta_1': 0.9190306462896163, 'beta_2': 0.9992233448283405, 'epsilon': 4.331034239910069e-08, 'hidden_layer_sizes': 140, 'learning_rate_init': 0.05098783520752918, 'tol': 0.00469398480616688, 'validation_fraction': 0.12412675446999737}]
function_evaluation time 0.177111 value -0.983333 suggestion {'alpha': 0.5482920863045999, 'batch_size': 76, 'beta_1': 0.9190306462896163, 'beta_2': 0.9992233448283405, 'epsilon': 4.331034239910069e-08, 'hidden_layer_sizes': 140, 'learning_rate_init': 0.05098783520752918, 'tol': 0.00469398480616688, 'validation_fraction': 0.12412675446999737}
observation time 0.000003, current best -0.983333 at iter 39
suggestion time taken 0.003885 iter 40 next_points [{'alpha': 0.4196994103799363, 'batch_size': 216, 'beta_1': 0.9747050725062361, 'beta_2': 0.9999967475089081, 'epsilon': 6.562457657058325e-09, 'hidden_layer_sizes': 141, 'learning_rate_init': 0.00893340701798911, 'tol': 1.905865344810025e-05, 'validation_fraction': 0.2973965557779152}]
/home/ryedida/.local/lib/python3.8/site-packages/sklearn/neural_network/_multilayer_perceptron.py:621: UserWarning: Got `batch_size` less than 1 or larger than sample size. It is going to be clipped
  warnings.warn(

function_evaluation time 0.179790 value -0.950000 suggestion {'alpha': 0.4196994103799363, 'batch_size': 216, 'beta_1': 0.9747050725062361, 'beta_2': 0.9999967475089081, 'epsilon': 6.562457657058325e-09, 'hidden_layer_sizes': 141, 'learning_rate_init': 0.00893340701798911, 'tol': 1.905865344810025e-05, 'validation_fraction': 0.2973965557779152}
observation time 0.000002, current best -0.983333 at iter 40
suggestion time taken 0.003819 iter 41 next_points [{'alpha': 1.5016777970075363e-05, 'batch_size': 23, 'beta_1': 0.9835432232366059, 'beta_2': 0.9999590926254709, 'epsilon': 9.167067450187877e-09, 'hidden_layer_sizes': 69, 'learning_rate_init': 4.316031775126853e-05, 'tol': 0.008706264244765078, 'validation_fraction': 0.5672719837315839}]
function_evaluation time 0.116513 value -0.441667 suggestion {'alpha': 1.5016777970075363e-05, 'batch_size': 23, 'beta_1': 0.9835432232366059, 'beta_2': 0.9999590926254709, 'epsilon': 9.167067450187877e-09, 'hidden_layer_sizes': 69, 'learning_rate_init': 4.316031775126853e-05, 'tol': 0.008706264244765078, 'validation_fraction': 0.5672719837315839}
observation time 0.000002, current best -0.983333 at iter 41
suggestion time taken 0.003864 iter 42 next_points [{'alpha': 0.0002684132257658949, 'batch_size': 190, 'beta_1': 0.6086645077672755, 'beta_2': 0.9954960627157489, 'epsilon': 2.632885854586444e-07, 'hidden_layer_sizes': 150, 'learning_rate_init': 0.0007093363463156053, 'tol': 0.03276540334910029, 'validation_fraction': 0.13928306546725014}]
/home/ryedida/.local/lib/python3.8/site-packages/sklearn/neural_network/_multilayer_perceptron.py:621: UserWarning: Got `batch_size` less than 1 or larger than sample size. It is going to be clipped
  warnings.warn(

function_evaluation time 0.101734 value -0.541667 suggestion {'alpha': 0.0002684132257658949, 'batch_size': 190, 'beta_1': 0.6086645077672755, 'beta_2': 0.9954960627157489, 'epsilon': 2.632885854586444e-07, 'hidden_layer_sizes': 150, 'learning_rate_init': 0.0007093363463156053, 'tol': 0.03276540334910029, 'validation_fraction': 0.13928306546725014}
observation time 0.000003, current best -0.983333 at iter 42
suggestion time taken 0.003783 iter 43 next_points [{'alpha': 0.0002368968254694286, 'batch_size': 223, 'beta_1': 0.9792937064801737, 'beta_2': 0.9998971981962228, 'epsilon': 7.531449039173595e-09, 'hidden_layer_sizes': 125, 'learning_rate_init': 0.0062619523807608225, 'tol': 2.9364921866454716e-05, 'validation_fraction': 0.15738651654741348}]
/home/ryedida/.local/lib/python3.8/site-packages/sklearn/neural_network/_multilayer_perceptron.py:621: UserWarning: Got `batch_size` less than 1 or larger than sample size. It is going to be clipped
  warnings.warn(

function_evaluation time 0.152460 value -0.916667 suggestion {'alpha': 0.0002368968254694286, 'batch_size': 223, 'beta_1': 0.9792937064801737, 'beta_2': 0.9998971981962228, 'epsilon': 7.531449039173595e-09, 'hidden_layer_sizes': 125, 'learning_rate_init': 0.0062619523807608225, 'tol': 2.9364921866454716e-05, 'validation_fraction': 0.15738651654741348}
observation time 0.000002, current best -0.983333 at iter 43
suggestion time taken 0.003832 iter 44 next_points [{'alpha': 5.061243528582843, 'batch_size': 213, 'beta_1': 0.9136377243248932, 'beta_2': 0.9999926952016047, 'epsilon': 5.0390390254689065e-09, 'hidden_layer_sizes': 100, 'learning_rate_init': 0.0007225503796857675, 'tol': 0.05402925710477103, 'validation_fraction': 0.2509045382871359}]
/home/ryedida/.local/lib/python3.8/site-packages/sklearn/neural_network/_multilayer_perceptron.py:621: UserWarning: Got `batch_size` less than 1 or larger than sample size. It is going to be clipped
  warnings.warn(

function_evaluation time 0.082264 value -0.408333 suggestion {'alpha': 5.061243528582843, 'batch_size': 213, 'beta_1': 0.9136377243248932, 'beta_2': 0.9999926952016047, 'epsilon': 5.0390390254689065e-09, 'hidden_layer_sizes': 100, 'learning_rate_init': 0.0007225503796857675, 'tol': 0.05402925710477103, 'validation_fraction': 0.2509045382871359}
observation time 0.000002, current best -0.983333 at iter 44
saving meta data: {'args': {'--uuid': 'ce40b92049b75083a9b3aa12427d2037', '-db-root': '/home/ryedida/bbo_challenge_starter_kit/output', '--opt-root': '/home/ryedida/bbo_challenge_starter_kit/example_submissions', '--data-root': None, '--db': 'run_20231014_193210', '--opt': 'random', '--data': 'iris', '--classifier': 'MLP-adam', '--metric': 'acc', '--calls': 45, '--suggestions': 1, '--jobs-file': None, '--verbose': False, 'dry_run': False, 'rev': 'a376313', 'opt_rev': '0.0.8'}, 'signature': ([{'alpha': 0.019628224813442792, 'batch_size': 182, 'beta_1': 0.9410202200271762, 'beta_2': 0.9998021557676793, 'epsilon': 1.8662266976518e-08, 'hidden_layer_sizes': 147, 'learning_rate_init': 0.0005627932047415167, 'tol': 0.03690557729213761, 'validation_fraction': 0.8846827852548593}, {'alpha': 0.001998246739232944, 'batch_size': 200, 'beta_1': 0.919111482530466, 'beta_2': 0.9998488260436156, 'epsilon': 5.981221901152555e-07, 'hidden_layer_sizes': 61, 'learning_rate_init': 2.2310905607443014e-05, 'tol': 1.2046852412030316e-05, 'validation_fraction': 0.8117896445826539}, {'alpha': 0.46659545670218433, 'batch_size': 219, 'beta_1': 0.9889789783750891, 'beta_2': 0.9999896868093284, 'epsilon': 2.4234724484675948e-08, 'hidden_layer_sizes': 167, 'learning_rate_init': 2.972334644335654e-05, 'tol': 0.0036281404040243792, 'validation_fraction': 0.17260651658522078}, {'alpha': 4.656005689076002, 'batch_size': 135, 'beta_1': 0.870503881627747, 'beta_2': 0.9948873266941017, 'epsilon': 2.1023308743480125e-07, 'hidden_layer_sizes': 118, 'learning_rate_init': 0.001878173875716191, 'tol': 1.1889379831773006e-05, 'validation_fraction': 0.6264327093752792}, {'alpha': 0.04705159350400542, 'batch_size': 158, 'beta_1': 0.9870884262730957, 'beta_2': 0.9999596874382349, 'epsilon': 1.1981845126013875e-08, 'hidden_layer_sizes': 116, 'learning_rate_init': 0.006173405204074311, 'tol': 1.7414134181586194e-05, 'validation_fraction': 0.6754299026638921}], [-0.41666666666666663, -0.275, -0.3416666666666667, -0.725, -0.875])}
saving results
saving timing
saving suggest log
done
