running: {'--uuid': '0f2a2e7e38705aa5a3315ded06d62336', '-db-root': '/home/ryedida/bbo_challenge_starter_kit/output', '--opt-root': '/home/ryedida/bbo_challenge_starter_kit/example_submissions', '--data-root': None, '--db': 'run_20231015_053414', '--opt': 'random', '--data': 'wine', '--classifier': 'MLP-adam', '--metric': 'acc', '--calls': 45, '--suggestions': 1, '--jobs-file': None, '--verbose': False, 'dry_run': False, 'rev': 'a376313', 'opt_rev': '0.0.8'}
cmd: python /home/ryedida/.local/bin/bayesmark-exp -c MLP-adam -d wine -o random -u 0f2a2e7e38705aa5a3315ded06d62336 -m acc -n 45 -p 1 -dir /home/ryedida/bbo_challenge_starter_kit/output -b run_20231015_053414
/home/ryedida/.local/lib/python3.8/site-packages/sklearn/neural_network/_multilayer_perceptron.py:621: UserWarning: Got `batch_size` less than 1 or larger than sample size. It is going to be clipped
  warnings.warn(

/home/ryedida/.local/lib/python3.8/site-packages/sklearn/neural_network/_multilayer_perceptron.py:621: UserWarning: Got `batch_size` less than 1 or larger than sample size. It is going to be clipped
  warnings.warn(

/home/ryedida/.local/lib/python3.8/site-packages/sklearn/neural_network/_multilayer_perceptron.py:621: UserWarning: Got `batch_size` less than 1 or larger than sample size. It is going to be clipped
  warnings.warn(

/home/ryedida/.local/lib/python3.8/site-packages/sklearn/neural_network/_multilayer_perceptron.py:621: UserWarning: Got `batch_size` less than 1 or larger than sample size. It is going to be clipped
  warnings.warn(

/home/ryedida/.local/lib/python3.8/site-packages/sklearn/neural_network/_multilayer_perceptron.py:621: UserWarning: Got `batch_size` less than 1 or larger than sample size. It is going to be clipped
  warnings.warn(

computed signature: ([{'alpha': 0.019628224813442792, 'batch_size': 182, 'beta_1': 0.9410202200271762, 'beta_2': 0.9998021557676793, 'epsilon': 1.8662266976518e-08, 'hidden_layer_sizes': 147, 'learning_rate_init': 0.0005627932047415167, 'tol': 0.03690557729213761, 'validation_fraction': 0.8846827852548593}, {'alpha': 0.001998246739232944, 'batch_size': 200, 'beta_1': 0.919111482530466, 'beta_2': 0.9998488260436156, 'epsilon': 5.981221901152555e-07, 'hidden_layer_sizes': 61, 'learning_rate_init': 2.2310905607443014e-05, 'tol': 1.2046852412030316e-05, 'validation_fraction': 0.8117896445826539}, {'alpha': 0.46659545670218433, 'batch_size': 219, 'beta_1': 0.9889789783750891, 'beta_2': 0.9999896868093284, 'epsilon': 2.4234724484675948e-08, 'hidden_layer_sizes': 167, 'learning_rate_init': 2.972334644335654e-05, 'tol': 0.0036281404040243792, 'validation_fraction': 0.17260651658522078}, {'alpha': 4.656005689076002, 'batch_size': 135, 'beta_1': 0.870503881627747, 'beta_2': 0.9948873266941017, 'epsilon': 2.1023308743480125e-07, 'hidden_layer_sizes': 118, 'learning_rate_init': 0.001878173875716191, 'tol': 1.1889379831773006e-05, 'validation_fraction': 0.6264327093752792}, {'alpha': 0.04705159350400542, 'batch_size': 158, 'beta_1': 0.9870884262730957, 'beta_2': 0.9999596874382349, 'epsilon': 1.1981845126013875e-08, 'hidden_layer_sizes': 116, 'learning_rate_init': 0.006173405204074311, 'tol': 1.7414134181586194e-05, 'validation_fraction': 0.6754299026638921}], [-0.4359605911330049, -0.3169950738916256, -0.3312807881773399, -0.6620689655172413, -0.5017241379310344])
/home/ryedida/.local/lib/python3.8/site-packages/bayesmark/experiment.py:470: UserWarning: Baselines not found. Will not log intermediate scores.
  warnings.warn("Baselines not found. Will not log intermediate scores.")

starting sklearn study random MLP-adam wine acc 45 1
with data root: None
suggestion time taken 0.003797 iter 0 next_points [{'alpha': 1.1435875152477565e-05, 'batch_size': 218, 'beta_1': 0.5688643118250676, 'beta_2': 0.9959103549166245, 'epsilon': 4.384145673031689e-09, 'hidden_layer_sizes': 120, 'learning_rate_init': 0.0004976580303145122, 'tol': 0.00040434803692091366, 'validation_fraction': 0.5946035979065016}]
/home/ryedida/.local/lib/python3.8/site-packages/sklearn/neural_network/_multilayer_perceptron.py:621: UserWarning: Got `batch_size` less than 1 or larger than sample size. It is going to be clipped
  warnings.warn(

function_evaluation time 0.077060 value -0.450985 suggestion {'alpha': 1.1435875152477565e-05, 'batch_size': 218, 'beta_1': 0.5688643118250676, 'beta_2': 0.9959103549166245, 'epsilon': 4.384145673031689e-09, 'hidden_layer_sizes': 120, 'learning_rate_init': 0.0004976580303145122, 'tol': 0.00040434803692091366, 'validation_fraction': 0.5946035979065016}
observation time 0.000002, current best -0.450985 at iter 0
suggestion time taken 0.003871 iter 1 next_points [{'alpha': 1.115143499293905, 'batch_size': 204, 'beta_1': 0.9106698090570108, 'beta_2': 0.9999988731209972, 'epsilon': 1.3860118002702395e-09, 'hidden_layer_sizes': 121, 'learning_rate_init': 0.00014139272150637193, 'tol': 8.147989726023257e-05, 'validation_fraction': 0.796332304871572}]
/home/ryedida/.local/lib/python3.8/site-packages/sklearn/neural_network/_multilayer_perceptron.py:621: UserWarning: Got `batch_size` less than 1 or larger than sample size. It is going to be clipped
  warnings.warn(

function_evaluation time 0.072582 value -0.345074 suggestion {'alpha': 1.115143499293905, 'batch_size': 204, 'beta_1': 0.9106698090570108, 'beta_2': 0.9999988731209972, 'epsilon': 1.3860118002702395e-09, 'hidden_layer_sizes': 121, 'learning_rate_init': 0.00014139272150637193, 'tol': 8.147989726023257e-05, 'validation_fraction': 0.796332304871572}
observation time 0.000002, current best -0.450985 at iter 1
suggestion time taken 0.003860 iter 2 next_points [{'alpha': 0.059112025292382644, 'batch_size': 125, 'beta_1': 0.9676471066155545, 'beta_2': 0.9999914582458455, 'epsilon': 2.2841701262312596e-09, 'hidden_layer_sizes': 133, 'learning_rate_init': 0.002896814982561062, 'tol': 0.00015257773627818557, 'validation_fraction': 0.6588922089037618}]
/home/ryedida/.local/lib/python3.8/site-packages/sklearn/neural_network/_multilayer_perceptron.py:621: UserWarning: Got `batch_size` less than 1 or larger than sample size. It is going to be clipped
  warnings.warn(

function_evaluation time 0.157398 value -0.583005 suggestion {'alpha': 0.059112025292382644, 'batch_size': 125, 'beta_1': 0.9676471066155545, 'beta_2': 0.9999914582458455, 'epsilon': 2.2841701262312596e-09, 'hidden_layer_sizes': 133, 'learning_rate_init': 0.002896814982561062, 'tol': 0.00015257773627818557, 'validation_fraction': 0.6588922089037618}
observation time 0.000002, current best -0.583005 at iter 2
suggestion time taken 0.003912 iter 3 next_points [{'alpha': 0.19800793998279337, 'batch_size': 47, 'beta_1': 0.9066985959791338, 'beta_2': 0.9998556690522526, 'epsilon': 1.1107359910352391e-07, 'hidden_layer_sizes': 110, 'learning_rate_init': 0.00012976128210003338, 'tol': 1.884642642075405e-05, 'validation_fraction': 0.11905236507177432}]
function_evaluation time 0.155674 value -0.485222 suggestion {'alpha': 0.19800793998279337, 'batch_size': 47, 'beta_1': 0.9066985959791338, 'beta_2': 0.9998556690522526, 'epsilon': 1.1107359910352391e-07, 'hidden_layer_sizes': 110, 'learning_rate_init': 0.00012976128210003338, 'tol': 1.884642642075405e-05, 'validation_fraction': 0.11905236507177432}
observation time 0.000002, current best -0.583005 at iter 3
suggestion time taken 0.003911 iter 4 next_points [{'alpha': 0.0018870480438939294, 'batch_size': 93, 'beta_1': 0.5957770639374397, 'beta_2': 0.9999978779933308, 'epsilon': 2.71378076708348e-09, 'hidden_layer_sizes': 99, 'learning_rate_init': 0.00013760029095577308, 'tol': 0.04148893935635747, 'validation_fraction': 0.2261224353332915}]
function_evaluation time 0.086714 value -0.344581 suggestion {'alpha': 0.0018870480438939294, 'batch_size': 93, 'beta_1': 0.5957770639374397, 'beta_2': 0.9999978779933308, 'epsilon': 2.71378076708348e-09, 'hidden_layer_sizes': 99, 'learning_rate_init': 0.00013760029095577308, 'tol': 0.04148893935635747, 'validation_fraction': 0.2261224353332915}
observation time 0.000002, current best -0.583005 at iter 4
suggestion time taken 0.003971 iter 5 next_points [{'alpha': 7.661753462344704, 'batch_size': 190, 'beta_1': 0.9410548742695977, 'beta_2': 0.9994724829593568, 'epsilon': 1.0244024896988479e-08, 'hidden_layer_sizes': 165, 'learning_rate_init': 3.17648519859058e-05, 'tol': 0.00797865160994905, 'validation_fraction': 0.5494790266877497}]
/home/ryedida/.local/lib/python3.8/site-packages/sklearn/neural_network/_multilayer_perceptron.py:621: UserWarning: Got `batch_size` less than 1 or larger than sample size. It is going to be clipped
  warnings.warn(

function_evaluation time 0.082152 value -0.261823 suggestion {'alpha': 7.661753462344704, 'batch_size': 190, 'beta_1': 0.9410548742695977, 'beta_2': 0.9994724829593568, 'epsilon': 1.0244024896988479e-08, 'hidden_layer_sizes': 165, 'learning_rate_init': 3.17648519859058e-05, 'tol': 0.00797865160994905, 'validation_fraction': 0.5494790266877497}
observation time 0.000002, current best -0.583005 at iter 5
suggestion time taken 0.003937 iter 6 next_points [{'alpha': 0.31460236746646886, 'batch_size': 39, 'beta_1': 0.9747493695501853, 'beta_2': 0.9845092369984885, 'epsilon': 5.591061127390815e-07, 'hidden_layer_sizes': 186, 'learning_rate_init': 1.4206936499771975e-05, 'tol': 0.00012438887994715663, 'validation_fraction': 0.5048349924592301}]
function_evaluation time 0.168304 value -0.393103 suggestion {'alpha': 0.31460236746646886, 'batch_size': 39, 'beta_1': 0.9747493695501853, 'beta_2': 0.9845092369984885, 'epsilon': 5.591061127390815e-07, 'hidden_layer_sizes': 186, 'learning_rate_init': 1.4206936499771975e-05, 'tol': 0.00012438887994715663, 'validation_fraction': 0.5048349924592301}
observation time 0.000002, current best -0.583005 at iter 6
suggestion time taken 0.004950 iter 7 next_points [{'alpha': 0.00020248314666824492, 'batch_size': 63, 'beta_1': 0.9797097271991599, 'beta_2': 0.9999976396153906, 'epsilon': 2.148809380193791e-08, 'hidden_layer_sizes': 159, 'learning_rate_init': 0.014882155461590446, 'tol': 0.012101206888114365, 'validation_fraction': 0.6840795414421443}]
/home/ryedida/.local/lib/python3.8/site-packages/sklearn/neural_network/_multilayer_perceptron.py:621: UserWarning: Got `batch_size` less than 1 or larger than sample size. It is going to be clipped
  warnings.warn(

function_evaluation time 0.163878 value -0.556650 suggestion {'alpha': 0.00020248314666824492, 'batch_size': 63, 'beta_1': 0.9797097271991599, 'beta_2': 0.9999976396153906, 'epsilon': 2.148809380193791e-08, 'hidden_layer_sizes': 159, 'learning_rate_init': 0.014882155461590446, 'tol': 0.012101206888114365, 'validation_fraction': 0.6840795414421443}
observation time 0.000002, current best -0.583005 at iter 7
suggestion time taken 0.003869 iter 8 next_points [{'alpha': 0.0065817666423164875, 'batch_size': 111, 'beta_1': 0.9503911293472755, 'beta_2': 0.9999168941474185, 'epsilon': 4.161035607221611e-09, 'hidden_layer_sizes': 71, 'learning_rate_init': 0.0015493988128972857, 'tol': 0.033851043001744255, 'validation_fraction': 0.3543853867323545}]
/home/ryedida/.local/lib/python3.8/site-packages/sklearn/neural_network/_multilayer_perceptron.py:621: UserWarning: Got `batch_size` less than 1 or larger than sample size. It is going to be clipped
  warnings.warn(

function_evaluation time 0.095999 value -0.443350 suggestion {'alpha': 0.0065817666423164875, 'batch_size': 111, 'beta_1': 0.9503911293472755, 'beta_2': 0.9999168941474185, 'epsilon': 4.161035607221611e-09, 'hidden_layer_sizes': 71, 'learning_rate_init': 0.0015493988128972857, 'tol': 0.033851043001744255, 'validation_fraction': 0.3543853867323545}
observation time 0.000002, current best -0.583005 at iter 8
suggestion time taken 0.003843 iter 9 next_points [{'alpha': 0.008895225084492793, 'batch_size': 239, 'beta_1': 0.8632837725590581, 'beta_2': 0.9697486633503101, 'epsilon': 1.0004964787434564e-09, 'hidden_layer_sizes': 156, 'learning_rate_init': 0.0017004799743769693, 'tol': 0.00022950043016101206, 'validation_fraction': 0.7911286372123808}]
/home/ryedida/.local/lib/python3.8/site-packages/sklearn/neural_network/_multilayer_perceptron.py:621: UserWarning: Got `batch_size` less than 1 or larger than sample size. It is going to be clipped
  warnings.warn(

function_evaluation time 0.243316 value -0.678325 suggestion {'alpha': 0.008895225084492793, 'batch_size': 239, 'beta_1': 0.8632837725590581, 'beta_2': 0.9697486633503101, 'epsilon': 1.0004964787434564e-09, 'hidden_layer_sizes': 156, 'learning_rate_init': 0.0017004799743769693, 'tol': 0.00022950043016101206, 'validation_fraction': 0.7911286372123808}
observation time 0.000002, current best -0.678325 at iter 9
suggestion time taken 0.003839 iter 10 next_points [{'alpha': 5.1517309148317854e-05, 'batch_size': 173, 'beta_1': 0.9201757454628445, 'beta_2': 0.9991041870138544, 'epsilon': 3.3843901687337507e-07, 'hidden_layer_sizes': 122, 'learning_rate_init': 0.005873059537248214, 'tol': 5.573962101011763e-05, 'validation_fraction': 0.6314021372997474}]
/home/ryedida/.local/lib/python3.8/site-packages/sklearn/neural_network/_multilayer_perceptron.py:621: UserWarning: Got `batch_size` less than 1 or larger than sample size. It is going to be clipped
  warnings.warn(

function_evaluation time 0.253510 value -0.616010 suggestion {'alpha': 5.1517309148317854e-05, 'batch_size': 173, 'beta_1': 0.9201757454628445, 'beta_2': 0.9991041870138544, 'epsilon': 3.3843901687337507e-07, 'hidden_layer_sizes': 122, 'learning_rate_init': 0.005873059537248214, 'tol': 5.573962101011763e-05, 'validation_fraction': 0.6314021372997474}
observation time 0.000002, current best -0.678325 at iter 10
suggestion time taken 0.003841 iter 11 next_points [{'alpha': 0.0026895911984037043, 'batch_size': 126, 'beta_1': 0.5869760886034938, 'beta_2': 0.9999783499649062, 'epsilon': 7.712326154281594e-08, 'hidden_layer_sizes': 164, 'learning_rate_init': 0.09776531686228064, 'tol': 0.011066159540826136, 'validation_fraction': 0.8999911688403052}]
/home/ryedida/.local/lib/python3.8/site-packages/sklearn/neural_network/_multilayer_perceptron.py:621: UserWarning: Got `batch_size` less than 1 or larger than sample size. It is going to be clipped
  warnings.warn(

function_evaluation time 0.159075 value -0.558867 suggestion {'alpha': 0.0026895911984037043, 'batch_size': 126, 'beta_1': 0.5869760886034938, 'beta_2': 0.9999783499649062, 'epsilon': 7.712326154281594e-08, 'hidden_layer_sizes': 164, 'learning_rate_init': 0.09776531686228064, 'tol': 0.011066159540826136, 'validation_fraction': 0.8999911688403052}
observation time 0.000003, current best -0.678325 at iter 11
suggestion time taken 0.010712 iter 12 next_points [{'alpha': 0.0001973055362240455, 'batch_size': 180, 'beta_1': 0.9383382239594042, 'beta_2': 0.9997644192443117, 'epsilon': 1.5857862243822098e-08, 'hidden_layer_sizes': 197, 'learning_rate_init': 9.001989458616351e-05, 'tol': 0.006714154143643928, 'validation_fraction': 0.32389899631437724}]
/home/ryedida/.local/lib/python3.8/site-packages/sklearn/neural_network/_multilayer_perceptron.py:621: UserWarning: Got `batch_size` less than 1 or larger than sample size. It is going to be clipped
  warnings.warn(

function_evaluation time 0.155221 value -0.372414 suggestion {'alpha': 0.0001973055362240455, 'batch_size': 180, 'beta_1': 0.9383382239594042, 'beta_2': 0.9997644192443117, 'epsilon': 1.5857862243822098e-08, 'hidden_layer_sizes': 197, 'learning_rate_init': 9.001989458616351e-05, 'tol': 0.006714154143643928, 'validation_fraction': 0.32389899631437724}
observation time 0.000002, current best -0.678325 at iter 12
suggestion time taken 0.003986 iter 13 next_points [{'alpha': 0.030738875602776893, 'batch_size': 87, 'beta_1': 0.982035779979903, 'beta_2': 0.947918119244783, 'epsilon': 1.0040346645928554e-08, 'hidden_layer_sizes': 54, 'learning_rate_init': 2.4242069265764337e-05, 'tol': 0.058524995446864396, 'validation_fraction': 0.24854336133646374}]
function_evaluation time 0.074790 value -0.309852 suggestion {'alpha': 0.030738875602776893, 'batch_size': 87, 'beta_1': 0.982035779979903, 'beta_2': 0.947918119244783, 'epsilon': 1.0040346645928554e-08, 'hidden_layer_sizes': 54, 'learning_rate_init': 2.4242069265764337e-05, 'tol': 0.058524995446864396, 'validation_fraction': 0.24854336133646374}
observation time 0.000002, current best -0.678325 at iter 13
suggestion time taken 0.003988 iter 14 next_points [{'alpha': 0.014279430453139626, 'batch_size': 81, 'beta_1': 0.8830984628993801, 'beta_2': 0.9999941555082912, 'epsilon': 2.8355459986028084e-07, 'hidden_layer_sizes': 95, 'learning_rate_init': 0.002636603709174104, 'tol': 0.00010153190085594834, 'validation_fraction': 0.2482139203332519}]
function_evaluation time 0.254348 value -0.683990 suggestion {'alpha': 0.014279430453139626, 'batch_size': 81, 'beta_1': 0.8830984628993801, 'beta_2': 0.9999941555082912, 'epsilon': 2.8355459986028084e-07, 'hidden_layer_sizes': 95, 'learning_rate_init': 0.002636603709174104, 'tol': 0.00010153190085594834, 'validation_fraction': 0.2482139203332519}
observation time 0.000002, current best -0.683990 at iter 14
suggestion time taken 0.004014 iter 15 next_points [{'alpha': 0.0001398974659053647, 'batch_size': 51, 'beta_1': 0.5098856034834399, 'beta_2': 0.9998632786945713, 'epsilon': 5.0803827786034634e-08, 'hidden_layer_sizes': 148, 'learning_rate_init': 2.522916196454647e-05, 'tol': 0.0005099710771825357, 'validation_fraction': 0.8659848828590857}]
/home/ryedida/.local/lib/python3.8/site-packages/sklearn/neural_network/_multilayer_perceptron.py:621: UserWarning: Got `batch_size` less than 1 or larger than sample size. It is going to be clipped
  warnings.warn(

function_evaluation time 0.073853 value -0.324138 suggestion {'alpha': 0.0001398974659053647, 'batch_size': 51, 'beta_1': 0.5098856034834399, 'beta_2': 0.9998632786945713, 'epsilon': 5.0803827786034634e-08, 'hidden_layer_sizes': 148, 'learning_rate_init': 2.522916196454647e-05, 'tol': 0.0005099710771825357, 'validation_fraction': 0.8659848828590857}
observation time 0.000002, current best -0.683990 at iter 15
suggestion time taken 0.003802 iter 16 next_points [{'alpha': 0.46995776285360746, 'batch_size': 44, 'beta_1': 0.9269146135390121, 'beta_2': 0.9999987253561016, 'epsilon': 1.7061715927260746e-09, 'hidden_layer_sizes': 184, 'learning_rate_init': 9.121803479405069e-05, 'tol': 0.00010242830757686613, 'validation_fraction': 0.1405573920249841}]
function_evaluation time 0.135617 value -0.331281 suggestion {'alpha': 0.46995776285360746, 'batch_size': 44, 'beta_1': 0.9269146135390121, 'beta_2': 0.9999987253561016, 'epsilon': 1.7061715927260746e-09, 'hidden_layer_sizes': 184, 'learning_rate_init': 9.121803479405069e-05, 'tol': 0.00010242830757686613, 'validation_fraction': 0.1405573920249841}
observation time 0.000002, current best -0.683990 at iter 16
suggestion time taken 0.003835 iter 17 next_points [{'alpha': 2.7282065985773463e-05, 'batch_size': 159, 'beta_1': 0.9444639570183265, 'beta_2': 0.9967142788626469, 'epsilon': 7.288943908433112e-07, 'hidden_layer_sizes': 117, 'learning_rate_init': 0.0005361992115200252, 'tol': 0.046043275528952675, 'validation_fraction': 0.1530711858483274}]
/home/ryedida/.local/lib/python3.8/site-packages/sklearn/neural_network/_multilayer_perceptron.py:621: UserWarning: Got `batch_size` less than 1 or larger than sample size. It is going to be clipped
  warnings.warn(

function_evaluation time 0.107647 value -0.420690 suggestion {'alpha': 2.7282065985773463e-05, 'batch_size': 159, 'beta_1': 0.9444639570183265, 'beta_2': 0.9967142788626469, 'epsilon': 7.288943908433112e-07, 'hidden_layer_sizes': 117, 'learning_rate_init': 0.0005361992115200252, 'tol': 0.046043275528952675, 'validation_fraction': 0.1530711858483274}
observation time 0.000002, current best -0.683990 at iter 17
suggestion time taken 0.003864 iter 18 next_points [{'alpha': 0.00010340262054082253, 'batch_size': 84, 'beta_1': 0.9666269408054208, 'beta_2': 0.9999985749686865, 'epsilon': 2.1216016973309776e-09, 'hidden_layer_sizes': 197, 'learning_rate_init': 0.04695116081792595, 'tol': 6.965237478252083e-05, 'validation_fraction': 0.8742262026976177}]
/home/ryedida/.local/lib/python3.8/site-packages/sklearn/neural_network/_multilayer_perceptron.py:621: UserWarning: Got `batch_size` less than 1 or larger than sample size. It is going to be clipped
  warnings.warn(

function_evaluation time 0.194889 value -0.579064 suggestion {'alpha': 0.00010340262054082253, 'batch_size': 84, 'beta_1': 0.9666269408054208, 'beta_2': 0.9999985749686865, 'epsilon': 2.1216016973309776e-09, 'hidden_layer_sizes': 197, 'learning_rate_init': 0.04695116081792595, 'tol': 6.965237478252083e-05, 'validation_fraction': 0.8742262026976177}
observation time 0.000003, current best -0.683990 at iter 18
suggestion time taken 0.010258 iter 19 next_points [{'alpha': 0.00025958038620688064, 'batch_size': 100, 'beta_1': 0.9865403031747906, 'beta_2': 0.9758812675197954, 'epsilon': 5.269422404344668e-09, 'hidden_layer_sizes': 168, 'learning_rate_init': 0.047166326659712834, 'tol': 0.08471012095802843, 'validation_fraction': 0.35692021965913173}]
/home/ryedida/.local/lib/python3.8/site-packages/sklearn/neural_network/_multilayer_perceptron.py:621: UserWarning: Got `batch_size` less than 1 or larger than sample size. It is going to be clipped
  warnings.warn(

function_evaluation time 0.163284 value -0.449754 suggestion {'alpha': 0.00025958038620688064, 'batch_size': 100, 'beta_1': 0.9865403031747906, 'beta_2': 0.9758812675197954, 'epsilon': 5.269422404344668e-09, 'hidden_layer_sizes': 168, 'learning_rate_init': 0.047166326659712834, 'tol': 0.08471012095802843, 'validation_fraction': 0.35692021965913173}
observation time 0.000002, current best -0.683990 at iter 19
suggestion time taken 0.003875 iter 20 next_points [{'alpha': 0.10821673339104812, 'batch_size': 115, 'beta_1': 0.9875913283265437, 'beta_2': 0.9054563903767123, 'epsilon': 4.546935437182575e-08, 'hidden_layer_sizes': 152, 'learning_rate_init': 0.03374838749040622, 'tol': 0.00010663995145949048, 'validation_fraction': 0.6910973211070048}]
/home/ryedida/.local/lib/python3.8/site-packages/sklearn/neural_network/_multilayer_perceptron.py:621: UserWarning: Got `batch_size` less than 1 or larger than sample size. It is going to be clipped
  warnings.warn(

function_evaluation time 0.136463 value -0.584729 suggestion {'alpha': 0.10821673339104812, 'batch_size': 115, 'beta_1': 0.9875913283265437, 'beta_2': 0.9054563903767123, 'epsilon': 4.546935437182575e-08, 'hidden_layer_sizes': 152, 'learning_rate_init': 0.03374838749040622, 'tol': 0.00010663995145949048, 'validation_fraction': 0.6910973211070048}
observation time 0.000002, current best -0.683990 at iter 20
suggestion time taken 0.003928 iter 21 next_points [{'alpha': 0.003897042067631187, 'batch_size': 129, 'beta_1': 0.5969529687154593, 'beta_2': 0.9999951111332084, 'epsilon': 1.2155174299772591e-08, 'hidden_layer_sizes': 60, 'learning_rate_init': 0.0008570901146050666, 'tol': 0.01660245162252489, 'validation_fraction': 0.5904638749416959}]
/home/ryedida/.local/lib/python3.8/site-packages/sklearn/neural_network/_multilayer_perceptron.py:621: UserWarning: Got `batch_size` less than 1 or larger than sample size. It is going to be clipped
  warnings.warn(

function_evaluation time 0.082276 value -0.351970 suggestion {'alpha': 0.003897042067631187, 'batch_size': 129, 'beta_1': 0.5969529687154593, 'beta_2': 0.9999951111332084, 'epsilon': 1.2155174299772591e-08, 'hidden_layer_sizes': 60, 'learning_rate_init': 0.0008570901146050666, 'tol': 0.01660245162252489, 'validation_fraction': 0.5904638749416959}
observation time 0.000002, current best -0.683990 at iter 21
suggestion time taken 0.003826 iter 22 next_points [{'alpha': 0.00017465290746834474, 'batch_size': 161, 'beta_1': 0.9688405817702769, 'beta_2': 0.998538181944134, 'epsilon': 9.418902042837444e-08, 'hidden_layer_sizes': 155, 'learning_rate_init': 0.08002446947560589, 'tol': 0.00028439252102423776, 'validation_fraction': 0.8637333774495946}]
/home/ryedida/.local/lib/python3.8/site-packages/sklearn/neural_network/_multilayer_perceptron.py:621: UserWarning: Got `batch_size` less than 1 or larger than sample size. It is going to be clipped
  warnings.warn(

function_evaluation time 0.095906 value -0.466010 suggestion {'alpha': 0.00017465290746834474, 'batch_size': 161, 'beta_1': 0.9688405817702769, 'beta_2': 0.998538181944134, 'epsilon': 9.418902042837444e-08, 'hidden_layer_sizes': 155, 'learning_rate_init': 0.08002446947560589, 'tol': 0.00028439252102423776, 'validation_fraction': 0.8637333774495946}
observation time 0.000002, current best -0.683990 at iter 22
suggestion time taken 0.003938 iter 23 next_points [{'alpha': 4.245445290986381, 'batch_size': 196, 'beta_1': 0.9878905982060098, 'beta_2': 0.999994984043817, 'epsilon': 3.409917186229161e-08, 'hidden_layer_sizes': 91, 'learning_rate_init': 0.011952320600795681, 'tol': 0.0006006083448309117, 'validation_fraction': 0.632643381806011}]
/home/ryedida/.local/lib/python3.8/site-packages/sklearn/neural_network/_multilayer_perceptron.py:621: UserWarning: Got `batch_size` less than 1 or larger than sample size. It is going to be clipped
  warnings.warn(

function_evaluation time 0.156550 value -0.662315 suggestion {'alpha': 4.245445290986381, 'batch_size': 196, 'beta_1': 0.9878905982060098, 'beta_2': 0.999994984043817, 'epsilon': 3.409917186229161e-08, 'hidden_layer_sizes': 91, 'learning_rate_init': 0.011952320600795681, 'tol': 0.0006006083448309117, 'validation_fraction': 0.632643381806011}
observation time 0.000001, current best -0.683990 at iter 23
suggestion time taken 0.003912 iter 24 next_points [{'alpha': 0.005949109160612949, 'batch_size': 92, 'beta_1': 0.8127212228287765, 'beta_2': 0.9936099874354456, 'epsilon': 2.2423360845674613e-07, 'hidden_layer_sizes': 67, 'learning_rate_init': 0.004021591632928583, 'tol': 0.0033680641627912137, 'validation_fraction': 0.21679967091975563}]
function_evaluation time 0.160158 value -0.597783 suggestion {'alpha': 0.005949109160612949, 'batch_size': 92, 'beta_1': 0.8127212228287765, 'beta_2': 0.9936099874354456, 'epsilon': 2.2423360845674613e-07, 'hidden_layer_sizes': 67, 'learning_rate_init': 0.004021591632928583, 'tol': 0.0033680641627912137, 'validation_fraction': 0.21679967091975563}
observation time 0.000002, current best -0.683990 at iter 24
suggestion time taken 0.003918 iter 25 next_points [{'alpha': 1.9833933176098695, 'batch_size': 197, 'beta_1': 0.9722364481025915, 'beta_2': 0.99975348729053, 'epsilon': 1.5449356413583584e-09, 'hidden_layer_sizes': 82, 'learning_rate_init': 0.001417176517628603, 'tol': 0.002459370027421886, 'validation_fraction': 0.832105425981559}]
/home/ryedida/.local/lib/python3.8/site-packages/sklearn/neural_network/_multilayer_perceptron.py:621: UserWarning: Got `batch_size` less than 1 or larger than sample size. It is going to be clipped
  warnings.warn(

function_evaluation time 0.100034 value -0.471182 suggestion {'alpha': 1.9833933176098695, 'batch_size': 197, 'beta_1': 0.9722364481025915, 'beta_2': 0.99975348729053, 'epsilon': 1.5449356413583584e-09, 'hidden_layer_sizes': 82, 'learning_rate_init': 0.001417176517628603, 'tol': 0.002459370027421886, 'validation_fraction': 0.832105425981559}
observation time 0.000002, current best -0.683990 at iter 25
suggestion time taken 0.003973 iter 26 next_points [{'alpha': 0.8375980856937331, 'batch_size': 32, 'beta_1': 0.9824324018911345, 'beta_2': 0.9996646784975737, 'epsilon': 2.0678445441107056e-09, 'hidden_layer_sizes': 157, 'learning_rate_init': 0.0006566333548875455, 'tol': 0.04893720874719462, 'validation_fraction': 0.7058438202765109}]
function_evaluation time 0.163638 value -0.551478 suggestion {'alpha': 0.8375980856937331, 'batch_size': 32, 'beta_1': 0.9824324018911345, 'beta_2': 0.9996646784975737, 'epsilon': 2.0678445441107056e-09, 'hidden_layer_sizes': 157, 'learning_rate_init': 0.0006566333548875455, 'tol': 0.04893720874719462, 'validation_fraction': 0.7058438202765109}
observation time 0.000002, current best -0.683990 at iter 26
suggestion time taken 0.004027 iter 27 next_points [{'alpha': 6.098179003341385e-05, 'batch_size': 239, 'beta_1': 0.8701458328282438, 'beta_2': 0.9863079802889101, 'epsilon': 6.527876861510729e-07, 'hidden_layer_sizes': 168, 'learning_rate_init': 0.02369292053831048, 'tol': 0.0072308208496991155, 'validation_fraction': 0.8445692924503908}]
/home/ryedida/.local/lib/python3.8/site-packages/sklearn/neural_network/_multilayer_perceptron.py:621: UserWarning: Got `batch_size` less than 1 or larger than sample size. It is going to be clipped
  warnings.warn(

function_evaluation time 0.224354 value -0.684483 suggestion {'alpha': 6.098179003341385e-05, 'batch_size': 239, 'beta_1': 0.8701458328282438, 'beta_2': 0.9863079802889101, 'epsilon': 6.527876861510729e-07, 'hidden_layer_sizes': 168, 'learning_rate_init': 0.02369292053831048, 'tol': 0.0072308208496991155, 'validation_fraction': 0.8445692924503908}
observation time 0.000002, current best -0.684483 at iter 27
suggestion time taken 0.004141 iter 28 next_points [{'alpha': 3.61425564260574e-05, 'batch_size': 36, 'beta_1': 0.6476469984882702, 'beta_2': 0.9999839668867485, 'epsilon': 3.015122298673892e-08, 'hidden_layer_sizes': 62, 'learning_rate_init': 0.002421162758567082, 'tol': 0.00026816952344306235, 'validation_fraction': 0.14469173012721048}]
function_evaluation time 0.313294 value -0.767980 suggestion {'alpha': 3.61425564260574e-05, 'batch_size': 36, 'beta_1': 0.6476469984882702, 'beta_2': 0.9999839668867485, 'epsilon': 3.015122298673892e-08, 'hidden_layer_sizes': 62, 'learning_rate_init': 0.002421162758567082, 'tol': 0.00026816952344306235, 'validation_fraction': 0.14469173012721048}
observation time 0.000002, current best -0.767980 at iter 28
suggestion time taken 0.004024 iter 29 next_points [{'alpha': 0.46020818756924314, 'batch_size': 105, 'beta_1': 0.9878470725655272, 'beta_2': 0.9999835769946055, 'epsilon': 1.0849453037133453e-07, 'hidden_layer_sizes': 76, 'learning_rate_init': 0.002230088200715401, 'tol': 0.014702035851667827, 'validation_fraction': 0.26843736866778145}]
/home/ryedida/.local/lib/python3.8/site-packages/sklearn/neural_network/_multilayer_perceptron.py:621: UserWarning: Got `batch_size` less than 1 or larger than sample size. It is going to be clipped
  warnings.warn(

function_evaluation time 0.096645 value -0.449507 suggestion {'alpha': 0.46020818756924314, 'batch_size': 105, 'beta_1': 0.9878470725655272, 'beta_2': 0.9999835769946055, 'epsilon': 1.0849453037133453e-07, 'hidden_layer_sizes': 76, 'learning_rate_init': 0.002230088200715401, 'tol': 0.014702035851667827, 'validation_fraction': 0.26843736866778145}
observation time 0.000002, current best -0.767980 at iter 29
suggestion time taken 0.003844 iter 30 next_points [{'alpha': 0.0004071544343909288, 'batch_size': 170, 'beta_1': 0.530186524025376, 'beta_2': 0.999998893951083, 'epsilon': 2.2671299027222445e-08, 'hidden_layer_sizes': 55, 'learning_rate_init': 0.03865211514462857, 'tol': 0.00036327693955860827, 'validation_fraction': 0.167108902481615}]
/home/ryedida/.local/lib/python3.8/site-packages/sklearn/neural_network/_multilayer_perceptron.py:621: UserWarning: Got `batch_size` less than 1 or larger than sample size. It is going to be clipped
  warnings.warn(

function_evaluation time 0.149975 value -0.591379 suggestion {'alpha': 0.0004071544343909288, 'batch_size': 170, 'beta_1': 0.530186524025376, 'beta_2': 0.999998893951083, 'epsilon': 2.2671299027222445e-08, 'hidden_layer_sizes': 55, 'learning_rate_init': 0.03865211514462857, 'tol': 0.00036327693955860827, 'validation_fraction': 0.167108902481615}
observation time 0.000002, current best -0.767980 at iter 30
suggestion time taken 0.003893 iter 31 next_points [{'alpha': 0.0012571007380963418, 'batch_size': 52, 'beta_1': 0.9843117733824115, 'beta_2': 0.9997607056762947, 'epsilon': 2.2759832831576664e-09, 'hidden_layer_sizes': 58, 'learning_rate_init': 2.487348996582541e-05, 'tol': 0.04511509950431874, 'validation_fraction': 0.2403484104682654}]
function_evaluation time 0.096470 value -0.309360 suggestion {'alpha': 0.0012571007380963418, 'batch_size': 52, 'beta_1': 0.9843117733824115, 'beta_2': 0.9997607056762947, 'epsilon': 2.2759832831576664e-09, 'hidden_layer_sizes': 58, 'learning_rate_init': 2.487348996582541e-05, 'tol': 0.04511509950431874, 'validation_fraction': 0.2403484104682654}
observation time 0.000002, current best -0.767980 at iter 31
suggestion time taken 0.003851 iter 32 next_points [{'alpha': 0.23089739443810467, 'batch_size': 212, 'beta_1': 0.8847993830357622, 'beta_2': 0.9999968834135571, 'epsilon': 1.8776615655163296e-09, 'hidden_layer_sizes': 187, 'learning_rate_init': 0.05653498922972514, 'tol': 0.017374418682155387, 'validation_fraction': 0.4863154873943478}]
/home/ryedida/.local/lib/python3.8/site-packages/sklearn/neural_network/_multilayer_perceptron.py:621: UserWarning: Got `batch_size` less than 1 or larger than sample size. It is going to be clipped
  warnings.warn(

function_evaluation time 0.158989 value -0.585468 suggestion {'alpha': 0.23089739443810467, 'batch_size': 212, 'beta_1': 0.8847993830357622, 'beta_2': 0.9999968834135571, 'epsilon': 1.8776615655163296e-09, 'hidden_layer_sizes': 187, 'learning_rate_init': 0.05653498922972514, 'tol': 0.017374418682155387, 'validation_fraction': 0.4863154873943478}
observation time 0.000002, current best -0.767980 at iter 32
suggestion time taken 0.003854 iter 33 next_points [{'alpha': 0.0003279671400602627, 'batch_size': 29, 'beta_1': 0.6955295026761371, 'beta_2': 0.999975280875742, 'epsilon': 3.0823210278815226e-08, 'hidden_layer_sizes': 60, 'learning_rate_init': 0.019197417514763816, 'tol': 0.005906762362359286, 'validation_fraction': 0.1453335526071735}]
function_evaluation time 0.335418 value -0.809360 suggestion {'alpha': 0.0003279671400602627, 'batch_size': 29, 'beta_1': 0.6955295026761371, 'beta_2': 0.999975280875742, 'epsilon': 3.0823210278815226e-08, 'hidden_layer_sizes': 60, 'learning_rate_init': 0.019197417514763816, 'tol': 0.005906762362359286, 'validation_fraction': 0.1453335526071735}
observation time 0.000002, current best -0.809360 at iter 33
suggestion time taken 0.003858 iter 34 next_points [{'alpha': 1.8689691733830416, 'batch_size': 144, 'beta_1': 0.9641206476164049, 'beta_2': 0.9903715934802922, 'epsilon': 3.971982037181296e-08, 'hidden_layer_sizes': 170, 'learning_rate_init': 0.0002497944383352836, 'tol': 0.02525494091270048, 'validation_fraction': 0.4611101955816457}]
/home/ryedida/.local/lib/python3.8/site-packages/sklearn/neural_network/_multilayer_perceptron.py:621: UserWarning: Got `batch_size` less than 1 or larger than sample size. It is going to be clipped
  warnings.warn(

function_evaluation time 0.103511 value -0.381281 suggestion {'alpha': 1.8689691733830416, 'batch_size': 144, 'beta_1': 0.9641206476164049, 'beta_2': 0.9903715934802922, 'epsilon': 3.971982037181296e-08, 'hidden_layer_sizes': 170, 'learning_rate_init': 0.0002497944383352836, 'tol': 0.02525494091270048, 'validation_fraction': 0.4611101955816457}
observation time 0.000002, current best -0.809360 at iter 34
suggestion time taken 0.003884 iter 35 next_points [{'alpha': 5.379144559292288e-05, 'batch_size': 31, 'beta_1': 0.957773723466142, 'beta_2': 0.9981125360458211, 'epsilon': 2.8055823170938384e-09, 'hidden_layer_sizes': 171, 'learning_rate_init': 0.009752300232999098, 'tol': 0.05459195104337964, 'validation_fraction': 0.7150878909209476}]
function_evaluation time 0.156260 value -0.521429 suggestion {'alpha': 5.379144559292288e-05, 'batch_size': 31, 'beta_1': 0.957773723466142, 'beta_2': 0.9981125360458211, 'epsilon': 2.8055823170938384e-09, 'hidden_layer_sizes': 171, 'learning_rate_init': 0.009752300232999098, 'tol': 0.05459195104337964, 'validation_fraction': 0.7150878909209476}
observation time 0.000002, current best -0.809360 at iter 35
suggestion time taken 0.003887 iter 36 next_points [{'alpha': 0.0026460454865716563, 'batch_size': 178, 'beta_1': 0.9787566381855588, 'beta_2': 0.9986381160116121, 'epsilon': 3.625050623519724e-07, 'hidden_layer_sizes': 54, 'learning_rate_init': 0.0021867303644933717, 'tol': 0.08553220792558638, 'validation_fraction': 0.5487520599379154}]
/home/ryedida/.local/lib/python3.8/site-packages/sklearn/neural_network/_multilayer_perceptron.py:621: UserWarning: Got `batch_size` less than 1 or larger than sample size. It is going to be clipped
  warnings.warn(

function_evaluation time 0.089807 value -0.471429 suggestion {'alpha': 0.0026460454865716563, 'batch_size': 178, 'beta_1': 0.9787566381855588, 'beta_2': 0.9986381160116121, 'epsilon': 3.625050623519724e-07, 'hidden_layer_sizes': 54, 'learning_rate_init': 0.0021867303644933717, 'tol': 0.08553220792558638, 'validation_fraction': 0.5487520599379154}
observation time 0.000002, current best -0.809360 at iter 36
suggestion time taken 0.003852 iter 37 next_points [{'alpha': 0.08920192421452121, 'batch_size': 127, 'beta_1': 0.9898359135812344, 'beta_2': 0.9990841084469713, 'epsilon': 2.179303668562987e-07, 'hidden_layer_sizes': 142, 'learning_rate_init': 0.06126721884990076, 'tol': 0.00010817916707069064, 'validation_fraction': 0.23470405205469314}]
/home/ryedida/.local/lib/python3.8/site-packages/sklearn/neural_network/_multilayer_perceptron.py:621: UserWarning: Got `batch_size` less than 1 or larger than sample size. It is going to be clipped
  warnings.warn(

function_evaluation time 0.120563 value -0.443842 suggestion {'alpha': 0.08920192421452121, 'batch_size': 127, 'beta_1': 0.9898359135812344, 'beta_2': 0.9990841084469713, 'epsilon': 2.179303668562987e-07, 'hidden_layer_sizes': 142, 'learning_rate_init': 0.06126721884990076, 'tol': 0.00010817916707069064, 'validation_fraction': 0.23470405205469314}
observation time 0.000001, current best -0.809360 at iter 37
suggestion time taken 0.003844 iter 38 next_points [{'alpha': 3.9733483652347634, 'batch_size': 189, 'beta_1': 0.7155480738422598, 'beta_2': 0.9537418173088075, 'epsilon': 1.301755790093922e-07, 'hidden_layer_sizes': 75, 'learning_rate_init': 0.0002524692227491777, 'tol': 6.25193081851766e-05, 'validation_fraction': 0.36785991568393134}]
/home/ryedida/.local/lib/python3.8/site-packages/sklearn/neural_network/_multilayer_perceptron.py:621: UserWarning: Got `batch_size` less than 1 or larger than sample size. It is going to be clipped
  warnings.warn(

function_evaluation time 0.078869 value -0.324138 suggestion {'alpha': 3.9733483652347634, 'batch_size': 189, 'beta_1': 0.7155480738422598, 'beta_2': 0.9537418173088075, 'epsilon': 1.301755790093922e-07, 'hidden_layer_sizes': 75, 'learning_rate_init': 0.0002524692227491777, 'tol': 6.25193081851766e-05, 'validation_fraction': 0.36785991568393134}
observation time 0.000002, current best -0.809360 at iter 38
suggestion time taken 0.003806 iter 39 next_points [{'alpha': 0.00013477357954746642, 'batch_size': 123, 'beta_1': 0.8827038136815053, 'beta_2': 0.9874279569472356, 'epsilon': 1.1847740545961809e-08, 'hidden_layer_sizes': 119, 'learning_rate_init': 0.00570841658103834, 'tol': 0.0002525232321247003, 'validation_fraction': 0.8273416045585729}]
/home/ryedida/.local/lib/python3.8/site-packages/sklearn/neural_network/_multilayer_perceptron.py:621: UserWarning: Got `batch_size` less than 1 or larger than sample size. It is going to be clipped
  warnings.warn(

function_evaluation time 0.216439 value -0.697044 suggestion {'alpha': 0.00013477357954746642, 'batch_size': 123, 'beta_1': 0.8827038136815053, 'beta_2': 0.9874279569472356, 'epsilon': 1.1847740545961809e-08, 'hidden_layer_sizes': 119, 'learning_rate_init': 0.00570841658103834, 'tol': 0.0002525232321247003, 'validation_fraction': 0.8273416045585729}
observation time 0.000002, current best -0.809360 at iter 39
suggestion time taken 0.003836 iter 40 next_points [{'alpha': 7.696442725028874, 'batch_size': 167, 'beta_1': 0.8919531128488102, 'beta_2': 0.9965065107678772, 'epsilon': 6.595601358757528e-07, 'hidden_layer_sizes': 79, 'learning_rate_init': 0.0028948699908202184, 'tol': 0.0004924423194117828, 'validation_fraction': 0.172579247234847}]
/home/ryedida/.local/lib/python3.8/site-packages/sklearn/neural_network/_multilayer_perceptron.py:621: UserWarning: Got `batch_size` less than 1 or larger than sample size. It is going to be clipped
  warnings.warn(

function_evaluation time 0.090165 value -0.415025 suggestion {'alpha': 7.696442725028874, 'batch_size': 167, 'beta_1': 0.8919531128488102, 'beta_2': 0.9965065107678772, 'epsilon': 6.595601358757528e-07, 'hidden_layer_sizes': 79, 'learning_rate_init': 0.0028948699908202184, 'tol': 0.0004924423194117828, 'validation_fraction': 0.172579247234847}
observation time 0.000002, current best -0.809360 at iter 40
suggestion time taken 0.003798 iter 41 next_points [{'alpha': 0.0037028751045439425, 'batch_size': 18, 'beta_1': 0.9830038369716071, 'beta_2': 0.9999596320418437, 'epsilon': 1.273950539648491e-08, 'hidden_layer_sizes': 50, 'learning_rate_init': 1.779820579120254e-05, 'tol': 0.00020561199272706483, 'validation_fraction': 0.8674420722230313}]
function_evaluation time 0.064191 value -0.330788 suggestion {'alpha': 0.0037028751045439425, 'batch_size': 18, 'beta_1': 0.9830038369716071, 'beta_2': 0.9999596320418437, 'epsilon': 1.273950539648491e-08, 'hidden_layer_sizes': 50, 'learning_rate_init': 1.779820579120254e-05, 'tol': 0.00020561199272706483, 'validation_fraction': 0.8674420722230313}
observation time 0.000002, current best -0.809360 at iter 41
suggestion time taken 0.003812 iter 42 next_points [{'alpha': 0.0019658296371066752, 'batch_size': 87, 'beta_1': 0.9621853742475632, 'beta_2': 0.9996441038841393, 'epsilon': 1.1299870111972597e-07, 'hidden_layer_sizes': 169, 'learning_rate_init': 0.0014983522519855057, 'tol': 0.003906836842797694, 'validation_fraction': 0.6016184411676555}]
/home/ryedida/.local/lib/python3.8/site-packages/sklearn/neural_network/_multilayer_perceptron.py:621: UserWarning: Got `batch_size` less than 1 or larger than sample size. It is going to be clipped
  warnings.warn(

function_evaluation time 0.095620 value -0.479557 suggestion {'alpha': 0.0019658296371066752, 'batch_size': 87, 'beta_1': 0.9621853742475632, 'beta_2': 0.9996441038841393, 'epsilon': 1.1299870111972597e-07, 'hidden_layer_sizes': 169, 'learning_rate_init': 0.0014983522519855057, 'tol': 0.003906836842797694, 'validation_fraction': 0.6016184411676555}
observation time 0.000002, current best -0.809360 at iter 42
suggestion time taken 0.003820 iter 43 next_points [{'alpha': 0.07714627959325841, 'batch_size': 21, 'beta_1': 0.9876981525590032, 'beta_2': 0.9999342308816892, 'epsilon': 2.195275151441886e-09, 'hidden_layer_sizes': 69, 'learning_rate_init': 1.5677801171211742e-05, 'tol': 0.0003738793155657057, 'validation_fraction': 0.24459604675867946}]
function_evaluation time 0.156792 value -0.295567 suggestion {'alpha': 0.07714627959325841, 'batch_size': 21, 'beta_1': 0.9876981525590032, 'beta_2': 0.9999342308816892, 'epsilon': 2.195275151441886e-09, 'hidden_layer_sizes': 69, 'learning_rate_init': 1.5677801171211742e-05, 'tol': 0.0003738793155657057, 'validation_fraction': 0.24459604675867946}
observation time 0.000002, current best -0.809360 at iter 43
suggestion time taken 0.003843 iter 44 next_points [{'alpha': 8.668446861959966, 'batch_size': 239, 'beta_1': 0.8374050093763782, 'beta_2': 0.9999415377882419, 'epsilon': 1.196498211088698e-07, 'hidden_layer_sizes': 200, 'learning_rate_init': 1.4662059591394034e-05, 'tol': 0.00020575547863572658, 'validation_fraction': 0.5784576539799714}]
/home/ryedida/.local/lib/python3.8/site-packages/sklearn/neural_network/_multilayer_perceptron.py:621: UserWarning: Got `batch_size` less than 1 or larger than sample size. It is going to be clipped
  warnings.warn(

function_evaluation time 0.081607 value -0.323645 suggestion {'alpha': 8.668446861959966, 'batch_size': 239, 'beta_1': 0.8374050093763782, 'beta_2': 0.9999415377882419, 'epsilon': 1.196498211088698e-07, 'hidden_layer_sizes': 200, 'learning_rate_init': 1.4662059591394034e-05, 'tol': 0.00020575547863572658, 'validation_fraction': 0.5784576539799714}
observation time 0.000002, current best -0.809360 at iter 44
saving meta data: {'args': {'--uuid': '0f2a2e7e38705aa5a3315ded06d62336', '-db-root': '/home/ryedida/bbo_challenge_starter_kit/output', '--opt-root': '/home/ryedida/bbo_challenge_starter_kit/example_submissions', '--data-root': None, '--db': 'run_20231015_053414', '--opt': 'random', '--data': 'wine', '--classifier': 'MLP-adam', '--metric': 'acc', '--calls': 45, '--suggestions': 1, '--jobs-file': None, '--verbose': False, 'dry_run': False, 'rev': 'a376313', 'opt_rev': '0.0.8'}, 'signature': ([{'alpha': 0.019628224813442792, 'batch_size': 182, 'beta_1': 0.9410202200271762, 'beta_2': 0.9998021557676793, 'epsilon': 1.8662266976518e-08, 'hidden_layer_sizes': 147, 'learning_rate_init': 0.0005627932047415167, 'tol': 0.03690557729213761, 'validation_fraction': 0.8846827852548593}, {'alpha': 0.001998246739232944, 'batch_size': 200, 'beta_1': 0.919111482530466, 'beta_2': 0.9998488260436156, 'epsilon': 5.981221901152555e-07, 'hidden_layer_sizes': 61, 'learning_rate_init': 2.2310905607443014e-05, 'tol': 1.2046852412030316e-05, 'validation_fraction': 0.8117896445826539}, {'alpha': 0.46659545670218433, 'batch_size': 219, 'beta_1': 0.9889789783750891, 'beta_2': 0.9999896868093284, 'epsilon': 2.4234724484675948e-08, 'hidden_layer_sizes': 167, 'learning_rate_init': 2.972334644335654e-05, 'tol': 0.0036281404040243792, 'validation_fraction': 0.17260651658522078}, {'alpha': 4.656005689076002, 'batch_size': 135, 'beta_1': 0.870503881627747, 'beta_2': 0.9948873266941017, 'epsilon': 2.1023308743480125e-07, 'hidden_layer_sizes': 118, 'learning_rate_init': 0.001878173875716191, 'tol': 1.1889379831773006e-05, 'validation_fraction': 0.6264327093752792}, {'alpha': 0.04705159350400542, 'batch_size': 158, 'beta_1': 0.9870884262730957, 'beta_2': 0.9999596874382349, 'epsilon': 1.1981845126013875e-08, 'hidden_layer_sizes': 116, 'learning_rate_init': 0.006173405204074311, 'tol': 1.7414134181586194e-05, 'validation_fraction': 0.6754299026638921}], [-0.4359605911330049, -0.3169950738916256, -0.3312807881773399, -0.6620689655172413, -0.5017241379310344])}
saving results
saving timing
saving suggest log
done
