running: {'--uuid': '24ea19a15dd45d0c906214b9fca26e06', '-db-root': '/home/ryedida/bbo_challenge_starter_kit/output', '--opt-root': '/home/ryedida/bbo_challenge_starter_kit/example_submissions', '--data-root': None, '--db': 'run_20231015_053414', '--opt': 'strongcvx', '--data': 'wine', '--classifier': 'MLP-adam', '--metric': 'acc', '--calls': 45, '--suggestions': 1, '--jobs-file': None, '--verbose': False, 'dry_run': False, 'rev': 'a376313', 'opt_rev': 'x.x.x'}
cmd: python strongcvx/optimizer.py -c MLP-adam -d wine -o strongcvx -u 24ea19a15dd45d0c906214b9fca26e06 -m acc -n 45 -p 1 -dir /home/ryedida/bbo_challenge_starter_kit/output -b run_20231015_053414
/home/ryedida/.local/lib/python3.8/site-packages/sklearn/neural_network/_multilayer_perceptron.py:621: UserWarning: Got `batch_size` less than 1 or larger than sample size. It is going to be clipped
  warnings.warn(

/home/ryedida/.local/lib/python3.8/site-packages/sklearn/neural_network/_multilayer_perceptron.py:621: UserWarning: Got `batch_size` less than 1 or larger than sample size. It is going to be clipped
  warnings.warn(

/home/ryedida/.local/lib/python3.8/site-packages/sklearn/neural_network/_multilayer_perceptron.py:621: UserWarning: Got `batch_size` less than 1 or larger than sample size. It is going to be clipped
  warnings.warn(

/home/ryedida/.local/lib/python3.8/site-packages/sklearn/neural_network/_multilayer_perceptron.py:621: UserWarning: Got `batch_size` less than 1 or larger than sample size. It is going to be clipped
  warnings.warn(

/home/ryedida/.local/lib/python3.8/site-packages/sklearn/neural_network/_multilayer_perceptron.py:621: UserWarning: Got `batch_size` less than 1 or larger than sample size. It is going to be clipped
  warnings.warn(

computed signature: ([{'alpha': 0.019628224813442792, 'batch_size': 182, 'beta_1': 0.9410202200271762, 'beta_2': 0.9998021557676793, 'epsilon': 1.8662266976518e-08, 'hidden_layer_sizes': 147, 'learning_rate_init': 0.0005627932047415167, 'tol': 0.03690557729213761, 'validation_fraction': 0.8846827852548593}, {'alpha': 0.001998246739232944, 'batch_size': 200, 'beta_1': 0.919111482530466, 'beta_2': 0.9998488260436156, 'epsilon': 5.981221901152555e-07, 'hidden_layer_sizes': 61, 'learning_rate_init': 2.2310905607443014e-05, 'tol': 1.2046852412030316e-05, 'validation_fraction': 0.8117896445826539}, {'alpha': 0.46659545670218433, 'batch_size': 219, 'beta_1': 0.9889789783750891, 'beta_2': 0.9999896868093284, 'epsilon': 2.4234724484675948e-08, 'hidden_layer_sizes': 167, 'learning_rate_init': 2.972334644335654e-05, 'tol': 0.0036281404040243792, 'validation_fraction': 0.17260651658522078}, {'alpha': 4.656005689076002, 'batch_size': 135, 'beta_1': 0.870503881627747, 'beta_2': 0.9948873266941017, 'epsilon': 2.1023308743480125e-07, 'hidden_layer_sizes': 118, 'learning_rate_init': 0.001878173875716191, 'tol': 1.1889379831773006e-05, 'validation_fraction': 0.6264327093752792}, {'alpha': 0.04705159350400542, 'batch_size': 158, 'beta_1': 0.9870884262730957, 'beta_2': 0.9999596874382349, 'epsilon': 1.1981845126013875e-08, 'hidden_layer_sizes': 116, 'learning_rate_init': 0.006173405204074311, 'tol': 1.7414134181586194e-05, 'validation_fraction': 0.6754299026638921}], [-0.4359605911330049, -0.3169950738916256, -0.3312807881773399, -0.6620689655172413, -0.5017241379310344])
/home/ryedida/.local/lib/python3.8/site-packages/bayesmark/experiment.py:470: UserWarning: Baselines not found. Will not log intermediate scores.
  warnings.warn("Baselines not found. Will not log intermediate scores.")

starting sklearn study strongcvx MLP-adam wine acc 45 1
with data root: None
suggestion time taken 16.100010 iter 0 next_points [{'alpha': 0.003702314330006509, 'batch_size': 34, 'beta_1': 0.5895813019620412, 'beta_2': 0.9999728935138964, 'epsilon': 1.0321520596402179e-09, 'hidden_layer_sizes': 99, 'learning_rate_init': 0.005164500612264817, 'tol': 5.7360288655421065e-05, 'validation_fraction': 0.7374253760397117}]
function_evaluation time 0.190273 value -0.746798 suggestion {'alpha': 0.003702314330006509, 'batch_size': 34, 'beta_1': 0.5895813019620412, 'beta_2': 0.9999728935138964, 'epsilon': 1.0321520596402179e-09, 'hidden_layer_sizes': 99, 'learning_rate_init': 0.005164500612264817, 'tol': 5.7360288655421065e-05, 'validation_fraction': 0.7374253760397117}
observation time 0.000004, current best -0.746798 at iter 0
suggestion time taken 15.729956 iter 1 next_points [{'alpha': 0.4208452855471372, 'batch_size': 35, 'beta_1': 0.9740179189258762, 'beta_2': 0.9993697063486324, 'epsilon': 7.803437203470161e-08, 'hidden_layer_sizes': 167, 'learning_rate_init': 0.05374801488594246, 'tol': 1.0335203170769557e-05, 'validation_fraction': 0.5229928073119698}]
function_evaluation time 0.249958 value -0.591133 suggestion {'alpha': 0.4208452855471372, 'batch_size': 35, 'beta_1': 0.9740179189258762, 'beta_2': 0.9993697063486324, 'epsilon': 7.803437203470161e-08, 'hidden_layer_sizes': 167, 'learning_rate_init': 0.05374801488594246, 'tol': 1.0335203170769557e-05, 'validation_fraction': 0.5229928073119698}
observation time 0.000004, current best -0.746798 at iter 1
suggestion time taken 15.244141 iter 2 next_points [{'alpha': 0.07606049659186896, 'batch_size': 33, 'beta_1': 0.8502282679313672, 'beta_2': 0.9806493585268548, 'epsilon': 4.155382551787741e-09, 'hidden_layer_sizes': 176, 'learning_rate_init': 0.013863552529492267, 'tol': 0.00016191204772818263, 'validation_fraction': 0.6452421952857705}]
function_evaluation time 0.268688 value -0.776355 suggestion {'alpha': 0.07606049659186896, 'batch_size': 33, 'beta_1': 0.8502282679313672, 'beta_2': 0.9806493585268548, 'epsilon': 4.155382551787741e-09, 'hidden_layer_sizes': 176, 'learning_rate_init': 0.013863552529492267, 'tol': 0.00016191204772818263, 'validation_fraction': 0.6452421952857705}
observation time 0.000003, current best -0.776355 at iter 2
suggestion time taken 15.996125 iter 3 next_points [{'alpha': 0.011167847622085012, 'batch_size': 46, 'beta_1': 0.9691920702798695, 'beta_2': 0.992594854084867, 'epsilon': 1.8338627125651893e-07, 'hidden_layer_sizes': 152, 'learning_rate_init': 0.009667338018357008, 'tol': 0.06567362072947905, 'validation_fraction': 0.8963658637914054}]
/home/ryedida/.local/lib/python3.8/site-packages/sklearn/neural_network/_multilayer_perceptron.py:621: UserWarning: Got `batch_size` less than 1 or larger than sample size. It is going to be clipped
  warnings.warn(

function_evaluation time 0.140604 value -0.542611 suggestion {'alpha': 0.011167847622085012, 'batch_size': 46, 'beta_1': 0.9691920702798695, 'beta_2': 0.992594854084867, 'epsilon': 1.8338627125651893e-07, 'hidden_layer_sizes': 152, 'learning_rate_init': 0.009667338018357008, 'tol': 0.06567362072947905, 'validation_fraction': 0.8963658637914054}
observation time 0.000003, current best -0.776355 at iter 3
suggestion time taken 16.058971 iter 4 next_points [{'alpha': 0.047290316139814735, 'batch_size': 141, 'beta_1': 0.9757343659148874, 'beta_2': 0.9980657552719137, 'epsilon': 3.146791523594753e-07, 'hidden_layer_sizes': 151, 'learning_rate_init': 0.07507774368232074, 'tol': 4.3080050754950035e-05, 'validation_fraction': 0.4662015095260489}]
/home/ryedida/.local/lib/python3.8/site-packages/sklearn/neural_network/_multilayer_perceptron.py:621: UserWarning: Got `batch_size` less than 1 or larger than sample size. It is going to be clipped
  warnings.warn(

function_evaluation time 0.161847 value -0.534975 suggestion {'alpha': 0.047290316139814735, 'batch_size': 141, 'beta_1': 0.9757343659148874, 'beta_2': 0.9980657552719137, 'epsilon': 3.146791523594753e-07, 'hidden_layer_sizes': 151, 'learning_rate_init': 0.07507774368232074, 'tol': 4.3080050754950035e-05, 'validation_fraction': 0.4662015095260489}
observation time 0.000003, current best -0.776355 at iter 4
suggestion time taken 15.954278 iter 5 next_points [{'alpha': 0.0009887881019299194, 'batch_size': 132, 'beta_1': 0.8148203286791295, 'beta_2': 0.9999609919637055, 'epsilon': 2.539414922225145e-07, 'hidden_layer_sizes': 186, 'learning_rate_init': 1.9694481891755068e-05, 'tol': 3.083361376006374e-05, 'validation_fraction': 0.7903237909542072}]
/home/ryedida/.local/lib/python3.8/site-packages/sklearn/neural_network/_multilayer_perceptron.py:621: UserWarning: Got `batch_size` less than 1 or larger than sample size. It is going to be clipped
  warnings.warn(

function_evaluation time 0.095456 value -0.337931 suggestion {'alpha': 0.0009887881019299194, 'batch_size': 132, 'beta_1': 0.8148203286791295, 'beta_2': 0.9999609919637055, 'epsilon': 2.539414922225145e-07, 'hidden_layer_sizes': 186, 'learning_rate_init': 1.9694481891755068e-05, 'tol': 3.083361376006374e-05, 'validation_fraction': 0.7903237909542072}
observation time 0.000005, current best -0.776355 at iter 5
suggestion time taken 16.057984 iter 6 next_points [{'alpha': 7.280840205180183e-05, 'batch_size': 136, 'beta_1': 0.8813067241362018, 'beta_2': 0.9997967195246412, 'epsilon': 8.661079168777446e-08, 'hidden_layer_sizes': 75, 'learning_rate_init': 0.002468233276448367, 'tol': 0.00010212262194668332, 'validation_fraction': 0.18346562209385148}]
/home/ryedida/.local/lib/python3.8/site-packages/sklearn/neural_network/_multilayer_perceptron.py:621: UserWarning: Got `batch_size` less than 1 or larger than sample size. It is going to be clipped
  warnings.warn(

function_evaluation time 0.129318 value -0.520936 suggestion {'alpha': 7.280840205180183e-05, 'batch_size': 136, 'beta_1': 0.8813067241362018, 'beta_2': 0.9997967195246412, 'epsilon': 8.661079168777446e-08, 'hidden_layer_sizes': 75, 'learning_rate_init': 0.002468233276448367, 'tol': 0.00010212262194668332, 'validation_fraction': 0.18346562209385148}
observation time 0.000003, current best -0.776355 at iter 6
suggestion time taken 15.551529 iter 7 next_points [{'alpha': 1.6596994017757847e-05, 'batch_size': 70, 'beta_1': 0.9568364923993503, 'beta_2': 0.9999821840274756, 'epsilon': 1.635538338685108e-09, 'hidden_layer_sizes': 192, 'learning_rate_init': 2.976114462645899e-05, 'tol': 0.017326364162316667, 'validation_fraction': 0.2336966094226952}]
function_evaluation time 0.154408 value -0.410099 suggestion {'alpha': 1.6596994017757847e-05, 'batch_size': 70, 'beta_1': 0.9568364923993503, 'beta_2': 0.9999821840274756, 'epsilon': 1.635538338685108e-09, 'hidden_layer_sizes': 192, 'learning_rate_init': 2.976114462645899e-05, 'tol': 0.017326364162316667, 'validation_fraction': 0.2336966094226952}
observation time 0.000003, current best -0.776355 at iter 7
suggestion time taken 15.913577 iter 8 next_points [{'alpha': 0.00043058871467450716, 'batch_size': 20, 'beta_1': 0.9811011781109584, 'beta_2': 0.9999812560810234, 'epsilon': 7.394296156929754e-09, 'hidden_layer_sizes': 187, 'learning_rate_init': 0.032185681584875156, 'tol': 0.0007137623707179128, 'validation_fraction': 0.7958061907635913}]
function_evaluation time 0.299028 value -0.590887 suggestion {'alpha': 0.00043058871467450716, 'batch_size': 20, 'beta_1': 0.9811011781109584, 'beta_2': 0.9999812560810234, 'epsilon': 7.394296156929754e-09, 'hidden_layer_sizes': 187, 'learning_rate_init': 0.032185681584875156, 'tol': 0.0007137623707179128, 'validation_fraction': 0.7958061907635913}
observation time 0.000006, current best -0.776355 at iter 8
suggestion time taken 15.359028 iter 9 next_points [{'alpha': 0.00014960061963801942, 'batch_size': 14, 'beta_1': 0.7165464135756586, 'beta_2': 0.9999629687565336, 'epsilon': 6.302177111773395e-08, 'hidden_layer_sizes': 164, 'learning_rate_init': 0.0012151107387721454, 'tol': 0.0017757458591561278, 'validation_fraction': 0.8468960304196204}]
function_evaluation time 0.218750 value -0.523153 suggestion {'alpha': 0.00014960061963801942, 'batch_size': 14, 'beta_1': 0.7165464135756586, 'beta_2': 0.9999629687565336, 'epsilon': 6.302177111773395e-08, 'hidden_layer_sizes': 164, 'learning_rate_init': 0.0012151107387721454, 'tol': 0.0017757458591561278, 'validation_fraction': 0.8468960304196204}
observation time 0.000003, current best -0.776355 at iter 9
suggestion time taken 16.240112 iter 10 next_points [{'alpha': 0.012318628788848578, 'batch_size': 141, 'beta_1': 0.5746484807393454, 'beta_2': 0.9840941370418215, 'epsilon': 2.119920007961682e-09, 'hidden_layer_sizes': 183, 'learning_rate_init': 0.02177462297345211, 'tol': 0.0008444267356469673, 'validation_fraction': 0.31082054633044787}]
/home/ryedida/.local/lib/python3.8/site-packages/sklearn/neural_network/_multilayer_perceptron.py:621: UserWarning: Got `batch_size` less than 1 or larger than sample size. It is going to be clipped
  warnings.warn(

function_evaluation time 0.188973 value -0.556650 suggestion {'alpha': 0.012318628788848578, 'batch_size': 141, 'beta_1': 0.5746484807393454, 'beta_2': 0.9840941370418215, 'epsilon': 2.119920007961682e-09, 'hidden_layer_sizes': 183, 'learning_rate_init': 0.02177462297345211, 'tol': 0.0008444267356469673, 'validation_fraction': 0.31082054633044787}
observation time 0.000003, current best -0.776355 at iter 10
suggestion time taken 15.846952 iter 11 next_points [{'alpha': 1.3832527372119523, 'batch_size': 20, 'beta_1': 0.7321905523186917, 'beta_2': 0.9999334017215071, 'epsilon': 8.935889955451915e-09, 'hidden_layer_sizes': 89, 'learning_rate_init': 6.974516578329e-05, 'tol': 0.00018688105829286624, 'validation_fraction': 0.5852457681715184}]
function_evaluation time 0.124239 value -0.295567 suggestion {'alpha': 1.3832527372119523, 'batch_size': 20, 'beta_1': 0.7321905523186917, 'beta_2': 0.9999334017215071, 'epsilon': 8.935889955451915e-09, 'hidden_layer_sizes': 89, 'learning_rate_init': 6.974516578329e-05, 'tol': 0.00018688105829286624, 'validation_fraction': 0.5852457681715184}
observation time 0.000003, current best -0.776355 at iter 11
suggestion time taken 15.674131 iter 12 next_points [{'alpha': 4.9021529828292465, 'batch_size': 15, 'beta_1': 0.9613720034541077, 'beta_2': 0.9985957805123845, 'epsilon': 2.0283354282979345e-08, 'hidden_layer_sizes': 184, 'learning_rate_init': 0.0023032214875351098, 'tol': 1.747976455708377e-05, 'validation_fraction': 0.5342836674836259}]
function_evaluation time 0.594722 value -0.830296 suggestion {'alpha': 4.9021529828292465, 'batch_size': 15, 'beta_1': 0.9613720034541077, 'beta_2': 0.9985957805123845, 'epsilon': 2.0283354282979345e-08, 'hidden_layer_sizes': 184, 'learning_rate_init': 0.0023032214875351098, 'tol': 1.747976455708377e-05, 'validation_fraction': 0.5342836674836259}
observation time 0.000003, current best -0.830296 at iter 12
suggestion time taken 16.360037 iter 13 next_points [{'alpha': 0.00023624022564835458, 'batch_size': 140, 'beta_1': 0.7188959535404761, 'beta_2': 0.9981230576542974, 'epsilon': 1.6037441541547146e-07, 'hidden_layer_sizes': 75, 'learning_rate_init': 6.579586230551097e-05, 'tol': 1.0405810962814892e-05, 'validation_fraction': 0.6930679310981632}]
/home/ryedida/.local/lib/python3.8/site-packages/sklearn/neural_network/_multilayer_perceptron.py:621: UserWarning: Got `batch_size` less than 1 or larger than sample size. It is going to be clipped
  warnings.warn(

function_evaluation time 0.080989 value -0.324138 suggestion {'alpha': 0.00023624022564835458, 'batch_size': 140, 'beta_1': 0.7188959535404761, 'beta_2': 0.9981230576542974, 'epsilon': 1.6037441541547146e-07, 'hidden_layer_sizes': 75, 'learning_rate_init': 6.579586230551097e-05, 'tol': 1.0405810962814892e-05, 'validation_fraction': 0.6930679310981632}
observation time 0.000003, current best -0.830296 at iter 13
suggestion time taken 15.520662 iter 14 next_points [{'alpha': 2.0988919509949627e-05, 'batch_size': 137, 'beta_1': 0.9861834831185987, 'beta_2': 0.9999958925483966, 'epsilon': 9.098564137809489e-09, 'hidden_layer_sizes': 101, 'learning_rate_init': 1.7019231043937272e-05, 'tol': 0.005087701875361374, 'validation_fraction': 0.28043008853310936}]
/home/ryedida/.local/lib/python3.8/site-packages/sklearn/neural_network/_multilayer_perceptron.py:621: UserWarning: Got `batch_size` less than 1 or larger than sample size. It is going to be clipped
  warnings.warn(

function_evaluation time 0.082765 value -0.303202 suggestion {'alpha': 2.0988919509949627e-05, 'batch_size': 137, 'beta_1': 0.9861834831185987, 'beta_2': 0.9999958925483966, 'epsilon': 9.098564137809489e-09, 'hidden_layer_sizes': 101, 'learning_rate_init': 1.7019231043937272e-05, 'tol': 0.005087701875361374, 'validation_fraction': 0.28043008853310936}
observation time 0.000003, current best -0.830296 at iter 14
suggestion time taken 16.121634 iter 15 next_points [{'alpha': 0.0003527069604830803, 'batch_size': 20, 'beta_1': 0.56798463434421, 'beta_2': 0.9989479619695679, 'epsilon': 7.247475225450718e-07, 'hidden_layer_sizes': 130, 'learning_rate_init': 1.5225798093363997e-05, 'tol': 0.0001487735730595762, 'validation_fraction': 0.8204463111607011}]
function_evaluation time 0.087197 value -0.309360 suggestion {'alpha': 0.0003527069604830803, 'batch_size': 20, 'beta_1': 0.56798463434421, 'beta_2': 0.9989479619695679, 'epsilon': 7.247475225450718e-07, 'hidden_layer_sizes': 130, 'learning_rate_init': 1.5225798093363997e-05, 'tol': 0.0001487735730595762, 'validation_fraction': 0.8204463111607011}
observation time 0.000004, current best -0.830296 at iter 15
suggestion time taken 15.467988 iter 16 next_points [{'alpha': 0.3973061726504165, 'batch_size': 140, 'beta_1': 0.9835599350272238, 'beta_2': 0.9995992797155925, 'epsilon': 5.419006034488024e-07, 'hidden_layer_sizes': 128, 'learning_rate_init': 2.010797761665765e-05, 'tol': 0.01416102238194137, 'validation_fraction': 0.8810881764157403}]
/home/ryedida/.local/lib/python3.8/site-packages/sklearn/neural_network/_multilayer_perceptron.py:621: UserWarning: Got `batch_size` less than 1 or larger than sample size. It is going to be clipped
  warnings.warn(

function_evaluation time 0.074133 value -0.324877 suggestion {'alpha': 0.3973061726504165, 'batch_size': 140, 'beta_1': 0.9835599350272238, 'beta_2': 0.9995992797155925, 'epsilon': 5.419006034488024e-07, 'hidden_layer_sizes': 128, 'learning_rate_init': 2.010797761665765e-05, 'tol': 0.01416102238194137, 'validation_fraction': 0.8810881764157403}
observation time 0.000003, current best -0.830296 at iter 16
suggestion time taken 16.116261 iter 17 next_points [{'alpha': 5.187790955225241, 'batch_size': 136, 'beta_1': 0.8035414455318431, 'beta_2': 0.9999943317907742, 'epsilon': 6.219396446066809e-08, 'hidden_layer_sizes': 81, 'learning_rate_init': 0.0002766478708839987, 'tol': 0.009177722177239311, 'validation_fraction': 0.12358185541377649}]
/home/ryedida/.local/lib/python3.8/site-packages/sklearn/neural_network/_multilayer_perceptron.py:621: UserWarning: Got `batch_size` less than 1 or larger than sample size. It is going to be clipped
  warnings.warn(

function_evaluation time 0.106835 value -0.359360 suggestion {'alpha': 5.187790955225241, 'batch_size': 136, 'beta_1': 0.8035414455318431, 'beta_2': 0.9999943317907742, 'epsilon': 6.219396446066809e-08, 'hidden_layer_sizes': 81, 'learning_rate_init': 0.0002766478708839987, 'tol': 0.009177722177239311, 'validation_fraction': 0.12358185541377649}
observation time 0.000003, current best -0.830296 at iter 17
suggestion time taken 15.582305 iter 18 next_points [{'alpha': 0.0188652053351109, 'batch_size': 10, 'beta_1': 0.954678807490455, 'beta_2': 0.9992057931816677, 'epsilon': 2.8119900201819965e-07, 'hidden_layer_sizes': 112, 'learning_rate_init': 3.7969082569234716e-05, 'tol': 0.008131961350440918, 'validation_fraction': 0.24130603688437444}]
function_evaluation time 0.281506 value -0.337931 suggestion {'alpha': 0.0188652053351109, 'batch_size': 10, 'beta_1': 0.954678807490455, 'beta_2': 0.9992057931816677, 'epsilon': 2.8119900201819965e-07, 'hidden_layer_sizes': 112, 'learning_rate_init': 3.7969082569234716e-05, 'tol': 0.008131961350440918, 'validation_fraction': 0.24130603688437444}
observation time 0.000004, current best -0.830296 at iter 18
suggestion time taken 16.362575 iter 19 next_points [{'alpha': 0.002261906339375512, 'batch_size': 137, 'beta_1': 0.9565187645468181, 'beta_2': 0.9990083600257831, 'epsilon': 6.705860791157984e-09, 'hidden_layer_sizes': 198, 'learning_rate_init': 0.05071717337894358, 'tol': 7.348397970536038e-05, 'validation_fraction': 0.6405111695738638}]
/home/ryedida/.local/lib/python3.8/site-packages/sklearn/neural_network/_multilayer_perceptron.py:621: UserWarning: Got `batch_size` less than 1 or larger than sample size. It is going to be clipped
  warnings.warn(

function_evaluation time 0.159400 value -0.522414 suggestion {'alpha': 0.002261906339375512, 'batch_size': 137, 'beta_1': 0.9565187645468181, 'beta_2': 0.9990083600257831, 'epsilon': 6.705860791157984e-09, 'hidden_layer_sizes': 198, 'learning_rate_init': 0.05071717337894358, 'tol': 7.348397970536038e-05, 'validation_fraction': 0.6405111695738638}
observation time 0.000003, current best -0.830296 at iter 19
suggestion time taken 15.455849 iter 20 next_points [{'alpha': 2.406848154035048e-05, 'batch_size': 34, 'beta_1': 0.6548970734426218, 'beta_2': 0.9999977325290954, 'epsilon': 4.407537795966857e-09, 'hidden_layer_sizes': 54, 'learning_rate_init': 0.03297784397201953, 'tol': 0.08660656676544391, 'validation_fraction': 0.5120908120929586}]
function_evaluation time 0.146276 value -0.632759 suggestion {'alpha': 2.406848154035048e-05, 'batch_size': 34, 'beta_1': 0.6548970734426218, 'beta_2': 0.9999977325290954, 'epsilon': 4.407537795966857e-09, 'hidden_layer_sizes': 54, 'learning_rate_init': 0.03297784397201953, 'tol': 0.08660656676544391, 'validation_fraction': 0.5120908120929586}
observation time 0.000004, current best -0.830296 at iter 20
suggestion time taken 16.872086 iter 21 next_points [{'alpha': 0.0005173717470078557, 'batch_size': 23, 'beta_1': 0.5685097165228731, 'beta_2': 0.9999970890525127, 'epsilon': 1.536720384136211e-08, 'hidden_layer_sizes': 68, 'learning_rate_init': 2.9108186532847812e-05, 'tol': 0.00019293131871478267, 'validation_fraction': 0.47418106158370327}]
function_evaluation time 0.130430 value -0.330788 suggestion {'alpha': 0.0005173717470078557, 'batch_size': 23, 'beta_1': 0.5685097165228731, 'beta_2': 0.9999970890525127, 'epsilon': 1.536720384136211e-08, 'hidden_layer_sizes': 68, 'learning_rate_init': 2.9108186532847812e-05, 'tol': 0.00019293131871478267, 'validation_fraction': 0.47418106158370327}
observation time 0.000004, current best -0.830296 at iter 21
suggestion time taken 16.274261 iter 22 next_points [{'alpha': 0.0008752019183099443, 'batch_size': 141, 'beta_1': 0.7574318663601941, 'beta_2': 0.9985328439307345, 'epsilon': 1.821137074967946e-08, 'hidden_layer_sizes': 59, 'learning_rate_init': 0.0026662037419890286, 'tol': 2.479503982635534e-05, 'validation_fraction': 0.7918143142230899}]
/home/ryedida/.local/lib/python3.8/site-packages/sklearn/neural_network/_multilayer_perceptron.py:621: UserWarning: Got `batch_size` less than 1 or larger than sample size. It is going to be clipped
  warnings.warn(

function_evaluation time 0.150686 value -0.572660 suggestion {'alpha': 0.0008752019183099443, 'batch_size': 141, 'beta_1': 0.7574318663601941, 'beta_2': 0.9985328439307345, 'epsilon': 1.821137074967946e-08, 'hidden_layer_sizes': 59, 'learning_rate_init': 0.0026662037419890286, 'tol': 2.479503982635534e-05, 'validation_fraction': 0.7918143142230899}
observation time 0.000004, current best -0.830296 at iter 22
suggestion time taken 16.588610 iter 23 next_points [{'alpha': 0.2024178941532376, 'batch_size': 139, 'beta_1': 0.913788527494673, 'beta_2': 0.9793761971963826, 'epsilon': 5.554767249923255e-07, 'hidden_layer_sizes': 174, 'learning_rate_init': 0.005144467373441124, 'tol': 1.0274462114166637e-05, 'validation_fraction': 0.47008221752765916}]
/home/ryedida/.local/lib/python3.8/site-packages/sklearn/neural_network/_multilayer_perceptron.py:621: UserWarning: Got `batch_size` less than 1 or larger than sample size. It is going to be clipped
  warnings.warn(

function_evaluation time 0.302665 value -0.723645 suggestion {'alpha': 0.2024178941532376, 'batch_size': 139, 'beta_1': 0.913788527494673, 'beta_2': 0.9793761971963826, 'epsilon': 5.554767249923255e-07, 'hidden_layer_sizes': 174, 'learning_rate_init': 0.005144467373441124, 'tol': 1.0274462114166637e-05, 'validation_fraction': 0.47008221752765916}
observation time 0.000003, current best -0.830296 at iter 23
suggestion time taken 15.545472 iter 24 next_points [{'alpha': 0.003791943362598128, 'batch_size': 20, 'beta_1': 0.791199777645699, 'beta_2': 0.9999776890328304, 'epsilon': 4.7922230818986334e-08, 'hidden_layer_sizes': 149, 'learning_rate_init': 0.024137122027714973, 'tol': 0.06729481772917184, 'validation_fraction': 0.8766557035589246}]
/home/ryedida/.local/lib/python3.8/site-packages/sklearn/neural_network/_multilayer_perceptron.py:621: UserWarning: Got `batch_size` less than 1 or larger than sample size. It is going to be clipped
  warnings.warn(

function_evaluation time 0.138941 value -0.675123 suggestion {'alpha': 0.003791943362598128, 'batch_size': 20, 'beta_1': 0.791199777645699, 'beta_2': 0.9999776890328304, 'epsilon': 4.7922230818986334e-08, 'hidden_layer_sizes': 149, 'learning_rate_init': 0.024137122027714973, 'tol': 0.06729481772917184, 'validation_fraction': 0.8766557035589246}
observation time 0.000004, current best -0.830296 at iter 24
suggestion time taken 16.520056 iter 25 next_points [{'alpha': 2.1403333500750374, 'batch_size': 23, 'beta_1': 0.7507816959627159, 'beta_2': 0.974686426395209, 'epsilon': 9.491761634155937e-07, 'hidden_layer_sizes': 107, 'learning_rate_init': 0.07937771622583206, 'tol': 2.160488482910552e-05, 'validation_fraction': 0.1544955768864934}]
function_evaluation time 0.328514 value -0.634483 suggestion {'alpha': 2.1403333500750374, 'batch_size': 23, 'beta_1': 0.7507816959627159, 'beta_2': 0.974686426395209, 'epsilon': 9.491761634155937e-07, 'hidden_layer_sizes': 107, 'learning_rate_init': 0.07937771622583206, 'tol': 2.160488482910552e-05, 'validation_fraction': 0.1544955768864934}
observation time 0.000003, current best -0.830296 at iter 25
suggestion time taken 15.709661 iter 26 next_points [{'alpha': 0.00013256819932290061, 'batch_size': 20, 'beta_1': 0.9734534147364412, 'beta_2': 0.9999799027618741, 'epsilon': 1.083710746731747e-07, 'hidden_layer_sizes': 163, 'learning_rate_init': 5.8130355318146326e-05, 'tol': 0.00047390143590226696, 'validation_fraction': 0.8208444193039935}]
function_evaluation time 0.090124 value -0.380788 suggestion {'alpha': 0.00013256819932290061, 'batch_size': 20, 'beta_1': 0.9734534147364412, 'beta_2': 0.9999799027618741, 'epsilon': 1.083710746731747e-07, 'hidden_layer_sizes': 163, 'learning_rate_init': 5.8130355318146326e-05, 'tol': 0.00047390143590226696, 'validation_fraction': 0.8208444193039935}
observation time 0.000003, current best -0.830296 at iter 26
suggestion time taken 16.784773 iter 27 next_points [{'alpha': 0.011158662317574834, 'batch_size': 20, 'beta_1': 0.9473333286775162, 'beta_2': 0.9999965482617658, 'epsilon': 7.63372378702985e-07, 'hidden_layer_sizes': 82, 'learning_rate_init': 5.454089296015512e-05, 'tol': 1.5046355819337745e-05, 'validation_fraction': 0.25925181395390573}]
function_evaluation time 0.193714 value -0.360099 suggestion {'alpha': 0.011158662317574834, 'batch_size': 20, 'beta_1': 0.9473333286775162, 'beta_2': 0.9999965482617658, 'epsilon': 7.63372378702985e-07, 'hidden_layer_sizes': 82, 'learning_rate_init': 5.454089296015512e-05, 'tol': 1.5046355819337745e-05, 'validation_fraction': 0.25925181395390573}
observation time 0.000004, current best -0.830296 at iter 27
suggestion time taken 16.295178 iter 28 next_points [{'alpha': 1.7406758625319907, 'batch_size': 28, 'beta_1': 0.5541619441954028, 'beta_2': 0.9999784840754216, 'epsilon': 9.282404889380656e-08, 'hidden_layer_sizes': 119, 'learning_rate_init': 0.008504620088191216, 'tol': 0.019324700555254287, 'validation_fraction': 0.5195122665620675}]
function_evaluation time 0.200973 value -0.683498 suggestion {'alpha': 1.7406758625319907, 'batch_size': 28, 'beta_1': 0.5541619441954028, 'beta_2': 0.9999784840754216, 'epsilon': 9.282404889380656e-08, 'hidden_layer_sizes': 119, 'learning_rate_init': 0.008504620088191216, 'tol': 0.019324700555254287, 'validation_fraction': 0.5195122665620675}
observation time 0.000004, current best -0.830296 at iter 28
suggestion time taken 16.755045 iter 29 next_points [{'alpha': 0.00031790093718082863, 'batch_size': 140, 'beta_1': 0.6112961734319502, 'beta_2': 0.9827360834808178, 'epsilon': 1.0286403134138503e-09, 'hidden_layer_sizes': 198, 'learning_rate_init': 0.0003950701516005288, 'tol': 0.007322229329441265, 'validation_fraction': 0.1229370607361961}]
/home/ryedida/.local/lib/python3.8/site-packages/sklearn/neural_network/_multilayer_perceptron.py:621: UserWarning: Got `batch_size` less than 1 or larger than sample size. It is going to be clipped
  warnings.warn(

function_evaluation time 0.256294 value -0.409360 suggestion {'alpha': 0.00031790093718082863, 'batch_size': 140, 'beta_1': 0.6112961734319502, 'beta_2': 0.9827360834808178, 'epsilon': 1.0286403134138503e-09, 'hidden_layer_sizes': 198, 'learning_rate_init': 0.0003950701516005288, 'tol': 0.007322229329441265, 'validation_fraction': 0.1229370607361961}
observation time 0.000006, current best -0.830296 at iter 29
suggestion time taken 16.082344 iter 30 next_points [{'alpha': 5.685563977674908, 'batch_size': 137, 'beta_1': 0.9332772313242448, 'beta_2': 0.9950039420678054, 'epsilon': 2.6644693662698457e-08, 'hidden_layer_sizes': 155, 'learning_rate_init': 0.0009019945832451762, 'tol': 0.0009875373014362886, 'validation_fraction': 0.14816727320247264}]
/home/ryedida/.local/lib/python3.8/site-packages/sklearn/neural_network/_multilayer_perceptron.py:621: UserWarning: Got `batch_size` less than 1 or larger than sample size. It is going to be clipped
  warnings.warn(

function_evaluation time 0.189167 value -0.571921 suggestion {'alpha': 5.685563977674908, 'batch_size': 137, 'beta_1': 0.9332772313242448, 'beta_2': 0.9950039420678054, 'epsilon': 2.6644693662698457e-08, 'hidden_layer_sizes': 155, 'learning_rate_init': 0.0009019945832451762, 'tol': 0.0009875373014362886, 'validation_fraction': 0.14816727320247264}
observation time 0.000004, current best -0.830296 at iter 30
suggestion time taken 16.803887 iter 31 next_points [{'alpha': 7.399300875726154e-05, 'batch_size': 35, 'beta_1': 0.6121239660122949, 'beta_2': 0.9988727901137914, 'epsilon': 4.156233089945612e-08, 'hidden_layer_sizes': 130, 'learning_rate_init': 0.027285135501847618, 'tol': 0.0003613514150246238, 'validation_fraction': 0.23787398994742387}]
function_evaluation time 0.396573 value -0.852463 suggestion {'alpha': 7.399300875726154e-05, 'batch_size': 35, 'beta_1': 0.6121239660122949, 'beta_2': 0.9988727901137914, 'epsilon': 4.156233089945612e-08, 'hidden_layer_sizes': 130, 'learning_rate_init': 0.027285135501847618, 'tol': 0.0003613514150246238, 'validation_fraction': 0.23787398994742387}
observation time 0.000003, current best -0.852463 at iter 31
suggestion time taken 16.100999 iter 32 next_points [{'alpha': 3.617331740491179, 'batch_size': 69, 'beta_1': 0.9764826990873895, 'beta_2': 0.9998382490137655, 'epsilon': 6.732717071721555e-07, 'hidden_layer_sizes': 172, 'learning_rate_init': 0.00023143171053500208, 'tol': 0.009820828628730459, 'validation_fraction': 0.6907030452996371}]
/home/ryedida/.local/lib/python3.8/site-packages/sklearn/neural_network/_multilayer_perceptron.py:621: UserWarning: Got `batch_size` less than 1 or larger than sample size. It is going to be clipped
  warnings.warn(

function_evaluation time 0.139756 value -0.408128 suggestion {'alpha': 3.617331740491179, 'batch_size': 69, 'beta_1': 0.9764826990873895, 'beta_2': 0.9998382490137655, 'epsilon': 6.732717071721555e-07, 'hidden_layer_sizes': 172, 'learning_rate_init': 0.00023143171053500208, 'tol': 0.009820828628730459, 'validation_fraction': 0.6907030452996371}
observation time 0.000004, current best -0.852463 at iter 32
suggestion time taken 16.673242 iter 33 next_points [{'alpha': 7.688591471944262, 'batch_size': 14, 'beta_1': 0.9809541270572963, 'beta_2': 0.9999866257519654, 'epsilon': 3.185078991562066e-07, 'hidden_layer_sizes': 99, 'learning_rate_init': 1.3613341299443983e-05, 'tol': 0.00189377185228779, 'validation_fraction': 0.6007555499899343}]
function_evaluation time 0.145683 value -0.323645 suggestion {'alpha': 7.688591471944262, 'batch_size': 14, 'beta_1': 0.9809541270572963, 'beta_2': 0.9999866257519654, 'epsilon': 3.185078991562066e-07, 'hidden_layer_sizes': 99, 'learning_rate_init': 1.3613341299443983e-05, 'tol': 0.00189377185228779, 'validation_fraction': 0.6007555499899343}
observation time 0.000004, current best -0.852463 at iter 33
suggestion time taken 16.353935 iter 34 next_points [{'alpha': 0.11651756693623935, 'batch_size': 69, 'beta_1': 0.8697404419307057, 'beta_2': 0.9995816694012555, 'epsilon': 2.7209575215136224e-08, 'hidden_layer_sizes': 168, 'learning_rate_init': 0.005237279424440844, 'tol': 0.002908913862004323, 'validation_fraction': 0.8534646284538884}]
/home/ryedida/.local/lib/python3.8/site-packages/sklearn/neural_network/_multilayer_perceptron.py:621: UserWarning: Got `batch_size` less than 1 or larger than sample size. It is going to be clipped
  warnings.warn(

function_evaluation time 0.322347 value -0.747291 suggestion {'alpha': 0.11651756693623935, 'batch_size': 69, 'beta_1': 0.8697404419307057, 'beta_2': 0.9995816694012555, 'epsilon': 2.7209575215136224e-08, 'hidden_layer_sizes': 168, 'learning_rate_init': 0.005237279424440844, 'tol': 0.002908913862004323, 'validation_fraction': 0.8534646284538884}
observation time 0.000005, current best -0.852463 at iter 34
suggestion time taken 17.166889 iter 35 next_points [{'alpha': 0.836837618260952, 'batch_size': 35, 'beta_1': 0.9737850320180093, 'beta_2': 0.9999820977850108, 'epsilon': 5.840865222312003e-08, 'hidden_layer_sizes': 117, 'learning_rate_init': 0.09872337996314393, 'tol': 1.4010337393036e-05, 'validation_fraction': 0.8563157337290312}]
/home/ryedida/.local/lib/python3.8/site-packages/sklearn/neural_network/_multilayer_perceptron.py:621: UserWarning: Got `batch_size` less than 1 or larger than sample size. It is going to be clipped
  warnings.warn(

function_evaluation time 0.147118 value -0.584236 suggestion {'alpha': 0.836837618260952, 'batch_size': 35, 'beta_1': 0.9737850320180093, 'beta_2': 0.9999820977850108, 'epsilon': 5.840865222312003e-08, 'hidden_layer_sizes': 117, 'learning_rate_init': 0.09872337996314393, 'tol': 1.4010337393036e-05, 'validation_fraction': 0.8563157337290312}
observation time 0.000003, current best -0.852463 at iter 35
suggestion time taken 16.499723 iter 36 next_points [{'alpha': 0.0016704872099568822, 'batch_size': 35, 'beta_1': 0.5809479807015024, 'beta_2': 0.9995643070487858, 'epsilon': 3.347414070640223e-09, 'hidden_layer_sizes': 145, 'learning_rate_init': 7.780006127085388e-05, 'tol': 0.09775214850060333, 'validation_fraction': 0.7243264010544418}]
function_evaluation time 0.087582 value -0.380788 suggestion {'alpha': 0.0016704872099568822, 'batch_size': 35, 'beta_1': 0.5809479807015024, 'beta_2': 0.9995643070487858, 'epsilon': 3.347414070640223e-09, 'hidden_layer_sizes': 145, 'learning_rate_init': 7.780006127085388e-05, 'tol': 0.09775214850060333, 'validation_fraction': 0.7243264010544418}
observation time 0.000004, current best -0.852463 at iter 36
suggestion time taken 16.091976 iter 37 next_points [{'alpha': 0.0007422181791023187, 'batch_size': 23, 'beta_1': 0.985107421223806, 'beta_2': 0.9999668726940785, 'epsilon': 7.352270769701958e-07, 'hidden_layer_sizes': 118, 'learning_rate_init': 2.5549209346797915e-05, 'tol': 0.005305603983987271, 'validation_fraction': 0.8887560806362665}]
/home/ryedida/.local/lib/python3.8/site-packages/sklearn/neural_network/_multilayer_perceptron.py:621: UserWarning: Got `batch_size` less than 1 or larger than sample size. It is going to be clipped
  warnings.warn(

function_evaluation time 0.073420 value -0.316995 suggestion {'alpha': 0.0007422181791023187, 'batch_size': 23, 'beta_1': 0.985107421223806, 'beta_2': 0.9999668726940785, 'epsilon': 7.352270769701958e-07, 'hidden_layer_sizes': 118, 'learning_rate_init': 2.5549209346797915e-05, 'tol': 0.005305603983987271, 'validation_fraction': 0.8887560806362665}
observation time 0.000003, current best -0.852463 at iter 37
suggestion time taken 16.884491 iter 38 next_points [{'alpha': 0.6570750966896621, 'batch_size': 20, 'beta_1': 0.8388146948210207, 'beta_2': 0.9995418612151923, 'epsilon': 8.609526685368187e-07, 'hidden_layer_sizes': 68, 'learning_rate_init': 0.00796660905025572, 'tol': 5.737575875054194e-05, 'validation_fraction': 0.885219689183433}]
/home/ryedida/.local/lib/python3.8/site-packages/sklearn/neural_network/_multilayer_perceptron.py:621: UserWarning: Got `batch_size` less than 1 or larger than sample size. It is going to be clipped
  warnings.warn(

function_evaluation time 0.208584 value -0.725616 suggestion {'alpha': 0.6570750966896621, 'batch_size': 20, 'beta_1': 0.8388146948210207, 'beta_2': 0.9995418612151923, 'epsilon': 8.609526685368187e-07, 'hidden_layer_sizes': 68, 'learning_rate_init': 0.00796660905025572, 'tol': 5.737575875054194e-05, 'validation_fraction': 0.885219689183433}
observation time 0.000003, current best -0.852463 at iter 38
suggestion time taken 16.069570 iter 39 next_points [{'alpha': 0.3713737401161972, 'batch_size': 20, 'beta_1': 0.9847581231556068, 'beta_2': 0.9802401255928598, 'epsilon': 9.777985374689172e-09, 'hidden_layer_sizes': 117, 'learning_rate_init': 0.02030938462451423, 'tol': 0.0007094186185124758, 'validation_fraction': 0.16516128705381178}]
function_evaluation time 0.424902 value -0.718719 suggestion {'alpha': 0.3713737401161972, 'batch_size': 20, 'beta_1': 0.9847581231556068, 'beta_2': 0.9802401255928598, 'epsilon': 9.777985374689172e-09, 'hidden_layer_sizes': 117, 'learning_rate_init': 0.02030938462451423, 'tol': 0.0007094186185124758, 'validation_fraction': 0.16516128705381178}
observation time 0.000003, current best -0.852463 at iter 39
suggestion time taken 16.743131 iter 40 next_points [{'alpha': 4.3729571213554745, 'batch_size': 141, 'beta_1': 0.9458532171730947, 'beta_2': 0.9999972220951231, 'epsilon': 5.973140420013819e-08, 'hidden_layer_sizes': 125, 'learning_rate_init': 0.00024196454296279837, 'tol': 0.037608602660558044, 'validation_fraction': 0.3753598611162126}]
/home/ryedida/.local/lib/python3.8/site-packages/sklearn/neural_network/_multilayer_perceptron.py:621: UserWarning: Got `batch_size` less than 1 or larger than sample size. It is going to be clipped
  warnings.warn(

function_evaluation time 0.085907 value -0.316502 suggestion {'alpha': 4.3729571213554745, 'batch_size': 141, 'beta_1': 0.9458532171730947, 'beta_2': 0.9999972220951231, 'epsilon': 5.973140420013819e-08, 'hidden_layer_sizes': 125, 'learning_rate_init': 0.00024196454296279837, 'tol': 0.037608602660558044, 'validation_fraction': 0.3753598611162126}
observation time 0.000003, current best -0.852463 at iter 40
suggestion time taken 16.476864 iter 41 next_points [{'alpha': 0.00805716701936479, 'batch_size': 47, 'beta_1': 0.8246820510229448, 'beta_2': 0.9892901470874769, 'epsilon': 5.0458372450102674e-09, 'hidden_layer_sizes': 134, 'learning_rate_init': 1.8759236372733626e-05, 'tol': 0.014110373962739233, 'validation_fraction': 0.18821605486930693}]
function_evaluation time 0.122017 value -0.330788 suggestion {'alpha': 0.00805716701936479, 'batch_size': 47, 'beta_1': 0.8246820510229448, 'beta_2': 0.9892901470874769, 'epsilon': 5.0458372450102674e-09, 'hidden_layer_sizes': 134, 'learning_rate_init': 1.8759236372733626e-05, 'tol': 0.014110373962739233, 'validation_fraction': 0.18821605486930693}
observation time 0.000003, current best -0.852463 at iter 41
suggestion time taken 16.554629 iter 42 next_points [{'alpha': 0.13341310463197506, 'batch_size': 14, 'beta_1': 0.8312102326431254, 'beta_2': 0.9163573168396477, 'epsilon': 1.9313887861653363e-09, 'hidden_layer_sizes': 52, 'learning_rate_init': 0.022303627281739104, 'tol': 0.022396034694012527, 'validation_fraction': 0.8285021070740957}]
function_evaluation time 0.224373 value -0.760837 suggestion {'alpha': 0.13341310463197506, 'batch_size': 14, 'beta_1': 0.8312102326431254, 'beta_2': 0.9163573168396477, 'epsilon': 1.9313887861653363e-09, 'hidden_layer_sizes': 52, 'learning_rate_init': 0.022303627281739104, 'tol': 0.022396034694012527, 'validation_fraction': 0.8285021070740957}
observation time 0.000004, current best -0.852463 at iter 42
suggestion time taken 17.034344 iter 43 next_points [{'alpha': 9.49327783659737, 'batch_size': 138, 'beta_1': 0.5972127760301914, 'beta_2': 0.999995211497207, 'epsilon': 4.672798297889063e-09, 'hidden_layer_sizes': 144, 'learning_rate_init': 0.002262605572031991, 'tol': 0.003419580401487339, 'validation_fraction': 0.2870917554202388}]
/home/ryedida/.local/lib/python3.8/site-packages/sklearn/neural_network/_multilayer_perceptron.py:621: UserWarning: Got `batch_size` less than 1 or larger than sample size. It is going to be clipped
  warnings.warn(

function_evaluation time 0.198745 value -0.554433 suggestion {'alpha': 9.49327783659737, 'batch_size': 138, 'beta_1': 0.5972127760301914, 'beta_2': 0.999995211497207, 'epsilon': 4.672798297889063e-09, 'hidden_layer_sizes': 144, 'learning_rate_init': 0.002262605572031991, 'tol': 0.003419580401487339, 'validation_fraction': 0.2870917554202388}
observation time 0.000003, current best -0.852463 at iter 43
suggestion time taken 16.060653 iter 44 next_points [{'alpha': 0.05281777931904419, 'batch_size': 35, 'beta_1': 0.6828745319819788, 'beta_2': 0.9999495003458815, 'epsilon': 2.3935384129024842e-08, 'hidden_layer_sizes': 145, 'learning_rate_init': 0.08033962124814815, 'tol': 7.973224548971488e-05, 'validation_fraction': 0.8163971437545353}]
/home/ryedida/.local/lib/python3.8/site-packages/sklearn/neural_network/_multilayer_perceptron.py:621: UserWarning: Got `batch_size` less than 1 or larger than sample size. It is going to be clipped
  warnings.warn(

function_evaluation time 0.188752 value -0.661330 suggestion {'alpha': 0.05281777931904419, 'batch_size': 35, 'beta_1': 0.6828745319819788, 'beta_2': 0.9999495003458815, 'epsilon': 2.3935384129024842e-08, 'hidden_layer_sizes': 145, 'learning_rate_init': 0.08033962124814815, 'tol': 7.973224548971488e-05, 'validation_fraction': 0.8163971437545353}
observation time 0.000004, current best -0.852463 at iter 44
saving meta data: {'args': {'--uuid': '24ea19a15dd45d0c906214b9fca26e06', '-db-root': '/home/ryedida/bbo_challenge_starter_kit/output', '--opt-root': '/home/ryedida/bbo_challenge_starter_kit/example_submissions', '--data-root': None, '--db': 'run_20231015_053414', '--opt': 'strongcvx', '--data': 'wine', '--classifier': 'MLP-adam', '--metric': 'acc', '--calls': 45, '--suggestions': 1, '--jobs-file': None, '--verbose': False, 'dry_run': False, 'rev': 'a376313', 'opt_rev': 'x.x.x'}, 'signature': ([{'alpha': 0.019628224813442792, 'batch_size': 182, 'beta_1': 0.9410202200271762, 'beta_2': 0.9998021557676793, 'epsilon': 1.8662266976518e-08, 'hidden_layer_sizes': 147, 'learning_rate_init': 0.0005627932047415167, 'tol': 0.03690557729213761, 'validation_fraction': 0.8846827852548593}, {'alpha': 0.001998246739232944, 'batch_size': 200, 'beta_1': 0.919111482530466, 'beta_2': 0.9998488260436156, 'epsilon': 5.981221901152555e-07, 'hidden_layer_sizes': 61, 'learning_rate_init': 2.2310905607443014e-05, 'tol': 1.2046852412030316e-05, 'validation_fraction': 0.8117896445826539}, {'alpha': 0.46659545670218433, 'batch_size': 219, 'beta_1': 0.9889789783750891, 'beta_2': 0.9999896868093284, 'epsilon': 2.4234724484675948e-08, 'hidden_layer_sizes': 167, 'learning_rate_init': 2.972334644335654e-05, 'tol': 0.0036281404040243792, 'validation_fraction': 0.17260651658522078}, {'alpha': 4.656005689076002, 'batch_size': 135, 'beta_1': 0.870503881627747, 'beta_2': 0.9948873266941017, 'epsilon': 2.1023308743480125e-07, 'hidden_layer_sizes': 118, 'learning_rate_init': 0.001878173875716191, 'tol': 1.1889379831773006e-05, 'validation_fraction': 0.6264327093752792}, {'alpha': 0.04705159350400542, 'batch_size': 158, 'beta_1': 0.9870884262730957, 'beta_2': 0.9999596874382349, 'epsilon': 1.1981845126013875e-08, 'hidden_layer_sizes': 116, 'learning_rate_init': 0.006173405204074311, 'tol': 1.7414134181586194e-05, 'validation_fraction': 0.6754299026638921}], [-0.4359605911330049, -0.3169950738916256, -0.3312807881773399, -0.6620689655172413, -0.5017241379310344])}
saving results
saving timing
saving suggest log
done
