running: {'--uuid': '395d60b26c315def87c5876172f5d5ce', '-db-root': '/home/ryedida/bbo_challenge_starter_kit/output', '--opt-root': '/home/ryedida/bbo_challenge_starter_kit/example_submissions', '--data-root': None, '--db': 'run_20231015_053414', '--opt': 'random', '--data': 'wine', '--classifier': 'MLP-adam', '--metric': 'nll', '--calls': 45, '--suggestions': 1, '--jobs-file': None, '--verbose': False, 'dry_run': False, 'rev': 'a376313', 'opt_rev': '0.0.8'}
cmd: python /home/ryedida/.local/bin/bayesmark-exp -c MLP-adam -d wine -o random -u 395d60b26c315def87c5876172f5d5ce -m nll -n 45 -p 1 -dir /home/ryedida/bbo_challenge_starter_kit/output -b run_20231015_053414
/home/ryedida/.local/lib/python3.8/site-packages/sklearn/neural_network/_multilayer_perceptron.py:621: UserWarning: Got `batch_size` less than 1 or larger than sample size. It is going to be clipped
  warnings.warn(

/home/ryedida/.local/lib/python3.8/site-packages/sklearn/neural_network/_multilayer_perceptron.py:621: UserWarning: Got `batch_size` less than 1 or larger than sample size. It is going to be clipped
  warnings.warn(

/home/ryedida/.local/lib/python3.8/site-packages/sklearn/neural_network/_multilayer_perceptron.py:621: UserWarning: Got `batch_size` less than 1 or larger than sample size. It is going to be clipped
  warnings.warn(

/home/ryedida/.local/lib/python3.8/site-packages/sklearn/neural_network/_multilayer_perceptron.py:621: UserWarning: Got `batch_size` less than 1 or larger than sample size. It is going to be clipped
  warnings.warn(

/home/ryedida/.local/lib/python3.8/site-packages/sklearn/neural_network/_multilayer_perceptron.py:621: UserWarning: Got `batch_size` less than 1 or larger than sample size. It is going to be clipped
  warnings.warn(

computed signature: ([{'alpha': 0.019628224813442792, 'batch_size': 182, 'beta_1': 0.9410202200271762, 'beta_2': 0.9998021557676793, 'epsilon': 1.8662266976518e-08, 'hidden_layer_sizes': 147, 'learning_rate_init': 0.0005627932047415167, 'tol': 0.03690557729213761, 'validation_fraction': 0.8846827852548593}, {'alpha': 0.001998246739232944, 'batch_size': 200, 'beta_1': 0.919111482530466, 'beta_2': 0.9998488260436156, 'epsilon': 5.981221901152555e-07, 'hidden_layer_sizes': 61, 'learning_rate_init': 2.2310905607443014e-05, 'tol': 1.2046852412030316e-05, 'validation_fraction': 0.8117896445826539}, {'alpha': 0.46659545670218433, 'batch_size': 219, 'beta_1': 0.9889789783750891, 'beta_2': 0.9999896868093284, 'epsilon': 2.4234724484675948e-08, 'hidden_layer_sizes': 167, 'learning_rate_init': 2.972334644335654e-05, 'tol': 0.0036281404040243792, 'validation_fraction': 0.17260651658522078}, {'alpha': 4.656005689076002, 'batch_size': 135, 'beta_1': 0.870503881627747, 'beta_2': 0.9948873266941017, 'epsilon': 2.1023308743480125e-07, 'hidden_layer_sizes': 118, 'learning_rate_init': 0.001878173875716191, 'tol': 1.1889379831773006e-05, 'validation_fraction': 0.6264327093752792}, {'alpha': 0.04705159350400542, 'batch_size': 158, 'beta_1': 0.9870884262730957, 'beta_2': 0.9999596874382349, 'epsilon': 1.1981845126013875e-08, 'hidden_layer_sizes': 116, 'learning_rate_init': 0.006173405204074311, 'tol': 1.7414134181586194e-05, 'validation_fraction': 0.6754299026638921}], [15.519985493059746, 22.353903068254787, 19.164026128577277, 3.377925239627502, 14.64310022355023])
/home/ryedida/.local/lib/python3.8/site-packages/bayesmark/experiment.py:470: UserWarning: Baselines not found. Will not log intermediate scores.
  warnings.warn("Baselines not found. Will not log intermediate scores.")

starting sklearn study random MLP-adam wine nll 45 1
with data root: None
suggestion time taken 0.003838 iter 0 next_points [{'alpha': 2.509033007275058, 'batch_size': 19, 'beta_1': 0.7697934990199893, 'beta_2': 0.9998242587186594, 'epsilon': 1.1551446486890147e-09, 'hidden_layer_sizes': 169, 'learning_rate_init': 0.0018844931591346082, 'tol': 1.0808742173983222e-05, 'validation_fraction': 0.3307873306809788}]
function_evaluation time 0.347075 value 0.618032 suggestion {'alpha': 2.509033007275058, 'batch_size': 19, 'beta_1': 0.7697934990199893, 'beta_2': 0.9998242587186594, 'epsilon': 1.1551446486890147e-09, 'hidden_layer_sizes': 169, 'learning_rate_init': 0.0018844931591346082, 'tol': 1.0808742173983222e-05, 'validation_fraction': 0.3307873306809788}
observation time 0.000003, current best 0.618032 at iter 0
suggestion time taken 0.003844 iter 1 next_points [{'alpha': 0.00014620863186164896, 'batch_size': 173, 'beta_1': 0.7014545546730985, 'beta_2': 0.997646422580052, 'epsilon': 2.994876064800687e-08, 'hidden_layer_sizes': 50, 'learning_rate_init': 0.0029740215294034498, 'tol': 0.040004253640677744, 'validation_fraction': 0.8251931977930441}]
/home/ryedida/.local/lib/python3.8/site-packages/sklearn/neural_network/_multilayer_perceptron.py:621: UserWarning: Got `batch_size` less than 1 or larger than sample size. It is going to be clipped
  warnings.warn(

function_evaluation time 0.087126 value 9.466062 suggestion {'alpha': 0.00014620863186164896, 'batch_size': 173, 'beta_1': 0.7014545546730985, 'beta_2': 0.997646422580052, 'epsilon': 2.994876064800687e-08, 'hidden_layer_sizes': 50, 'learning_rate_init': 0.0029740215294034498, 'tol': 0.040004253640677744, 'validation_fraction': 0.8251931977930441}
observation time 0.000003, current best 0.618032 at iter 1
suggestion time taken 0.003900 iter 2 next_points [{'alpha': 0.014461912821847205, 'batch_size': 100, 'beta_1': 0.6937857345152304, 'beta_2': 0.9980017911904293, 'epsilon': 4.530081229412923e-09, 'hidden_layer_sizes': 61, 'learning_rate_init': 6.150072382183231e-05, 'tol': 0.017445994181781298, 'validation_fraction': 0.8650095195615105}]
/home/ryedida/.local/lib/python3.8/site-packages/sklearn/neural_network/_multilayer_perceptron.py:621: UserWarning: Got `batch_size` less than 1 or larger than sample size. It is going to be clipped
  warnings.warn(

function_evaluation time 0.068887 value 22.031416 suggestion {'alpha': 0.014461912821847205, 'batch_size': 100, 'beta_1': 0.6937857345152304, 'beta_2': 0.9980017911904293, 'epsilon': 4.530081229412923e-09, 'hidden_layer_sizes': 61, 'learning_rate_init': 6.150072382183231e-05, 'tol': 0.017445994181781298, 'validation_fraction': 0.8650095195615105}
observation time 0.000002, current best 0.618032 at iter 2
suggestion time taken 0.003811 iter 3 next_points [{'alpha': 0.0027696109157654106, 'batch_size': 105, 'beta_1': 0.8743065326320397, 'beta_2': 0.9985118731663363, 'epsilon': 4.451912100907209e-09, 'hidden_layer_sizes': 164, 'learning_rate_init': 0.0004012530103084787, 'tol': 0.00029043842582223475, 'validation_fraction': 0.17508778205510903}]
function_evaluation time 0.124960 value 18.342445 suggestion {'alpha': 0.0027696109157654106, 'batch_size': 105, 'beta_1': 0.8743065326320397, 'beta_2': 0.9985118731663363, 'epsilon': 4.451912100907209e-09, 'hidden_layer_sizes': 164, 'learning_rate_init': 0.0004012530103084787, 'tol': 0.00029043842582223475, 'validation_fraction': 0.17508778205510903}
observation time 0.000002, current best 0.618032 at iter 3
suggestion time taken 0.004018 iter 4 next_points [{'alpha': 3.10667139142778, 'batch_size': 213, 'beta_1': 0.9882805910741511, 'beta_2': 0.9999038390197419, 'epsilon': 7.497100842475528e-09, 'hidden_layer_sizes': 152, 'learning_rate_init': 0.0011492076962814801, 'tol': 0.01852841091291441, 'validation_fraction': 0.7573223933888391}]
/home/ryedida/.local/lib/python3.8/site-packages/sklearn/neural_network/_multilayer_perceptron.py:621: UserWarning: Got `batch_size` less than 1 or larger than sample size. It is going to be clipped
  warnings.warn(

function_evaluation time 0.107011 value 16.097820 suggestion {'alpha': 3.10667139142778, 'batch_size': 213, 'beta_1': 0.9882805910741511, 'beta_2': 0.9999038390197419, 'epsilon': 7.497100842475528e-09, 'hidden_layer_sizes': 152, 'learning_rate_init': 0.0011492076962814801, 'tol': 0.01852841091291441, 'validation_fraction': 0.7573223933888391}
observation time 0.000003, current best 0.618032 at iter 4
suggestion time taken 0.003876 iter 5 next_points [{'alpha': 1.3978651107217483, 'batch_size': 245, 'beta_1': 0.802144638228797, 'beta_2': 0.9999911027054772, 'epsilon': 5.549587338404731e-08, 'hidden_layer_sizes': 109, 'learning_rate_init': 1.0256329457463445e-05, 'tol': 0.024806590088058085, 'validation_fraction': 0.8971051949709236}]
/home/ryedida/.local/lib/python3.8/site-packages/sklearn/neural_network/_multilayer_perceptron.py:621: UserWarning: Got `batch_size` less than 1 or larger than sample size. It is going to be clipped
  warnings.warn(

function_evaluation time 0.071746 value 22.837188 suggestion {'alpha': 1.3978651107217483, 'batch_size': 245, 'beta_1': 0.802144638228797, 'beta_2': 0.9999911027054772, 'epsilon': 5.549587338404731e-08, 'hidden_layer_sizes': 109, 'learning_rate_init': 1.0256329457463445e-05, 'tol': 0.024806590088058085, 'validation_fraction': 0.8971051949709236}
observation time 0.000002, current best 0.618032 at iter 5
suggestion time taken 0.003859 iter 6 next_points [{'alpha': 9.783859843093166, 'batch_size': 139, 'beta_1': 0.9833194283028972, 'beta_2': 0.9946849740367757, 'epsilon': 4.049247918846614e-09, 'hidden_layer_sizes': 87, 'learning_rate_init': 0.001557093870269149, 'tol': 0.010735959321187823, 'validation_fraction': 0.16399913243271746}]
/home/ryedida/.local/lib/python3.8/site-packages/sklearn/neural_network/_multilayer_perceptron.py:621: UserWarning: Got `batch_size` less than 1 or larger than sample size. It is going to be clipped
  warnings.warn(

function_evaluation time 0.118169 value 7.536519 suggestion {'alpha': 9.783859843093166, 'batch_size': 139, 'beta_1': 0.9833194283028972, 'beta_2': 0.9946849740367757, 'epsilon': 4.049247918846614e-09, 'hidden_layer_sizes': 87, 'learning_rate_init': 0.001557093870269149, 'tol': 0.010735959321187823, 'validation_fraction': 0.16399913243271746}
observation time 0.000002, current best 0.618032 at iter 6
suggestion time taken 0.004425 iter 7 next_points [{'alpha': 0.18610021431960086, 'batch_size': 53, 'beta_1': 0.907390674815997, 'beta_2': 0.9999305095387326, 'epsilon': 8.605608388556224e-07, 'hidden_layer_sizes': 152, 'learning_rate_init': 0.06934634426313133, 'tol': 4.4980925047255396e-05, 'validation_fraction': 0.2632691743582627}]
function_evaluation time 0.158280 value 8.731413 suggestion {'alpha': 0.18610021431960086, 'batch_size': 53, 'beta_1': 0.907390674815997, 'beta_2': 0.9999305095387326, 'epsilon': 8.605608388556224e-07, 'hidden_layer_sizes': 152, 'learning_rate_init': 0.06934634426313133, 'tol': 4.4980925047255396e-05, 'validation_fraction': 0.2632691743582627}
observation time 0.000002, current best 0.618032 at iter 7
suggestion time taken 0.003983 iter 8 next_points [{'alpha': 0.27583462614155047, 'batch_size': 166, 'beta_1': 0.9844043375428924, 'beta_2': 0.9949069969092444, 'epsilon': 3.911212727516641e-09, 'hidden_layer_sizes': 67, 'learning_rate_init': 3.93551225120349e-05, 'tol': 4.556944544036605e-05, 'validation_fraction': 0.15141817002910496}]
/home/ryedida/.local/lib/python3.8/site-packages/sklearn/neural_network/_multilayer_perceptron.py:621: UserWarning: Got `batch_size` less than 1 or larger than sample size. It is going to be clipped
  warnings.warn(

function_evaluation time 0.075565 value 21.997592 suggestion {'alpha': 0.27583462614155047, 'batch_size': 166, 'beta_1': 0.9844043375428924, 'beta_2': 0.9949069969092444, 'epsilon': 3.911212727516641e-09, 'hidden_layer_sizes': 67, 'learning_rate_init': 3.93551225120349e-05, 'tol': 4.556944544036605e-05, 'validation_fraction': 0.15141817002910496}
observation time 0.000002, current best 0.618032 at iter 8
suggestion time taken 0.003899 iter 9 next_points [{'alpha': 0.0022740221082546913, 'batch_size': 206, 'beta_1': 0.94889032097996, 'beta_2': 0.9999988294514353, 'epsilon': 7.63716201608049e-07, 'hidden_layer_sizes': 77, 'learning_rate_init': 0.0020166332524124207, 'tol': 0.08654980054813514, 'validation_fraction': 0.15313509687780855}]
/home/ryedida/.local/lib/python3.8/site-packages/sklearn/neural_network/_multilayer_perceptron.py:621: UserWarning: Got `batch_size` less than 1 or larger than sample size. It is going to be clipped
  warnings.warn(

function_evaluation time 0.082148 value 16.446167 suggestion {'alpha': 0.0022740221082546913, 'batch_size': 206, 'beta_1': 0.94889032097996, 'beta_2': 0.9999988294514353, 'epsilon': 7.63716201608049e-07, 'hidden_layer_sizes': 77, 'learning_rate_init': 0.0020166332524124207, 'tol': 0.08654980054813514, 'validation_fraction': 0.15313509687780855}
observation time 0.000002, current best 0.618032 at iter 9
suggestion time taken 0.004024 iter 10 next_points [{'alpha': 0.00017161850939076886, 'batch_size': 236, 'beta_1': 0.9429350277292874, 'beta_2': 0.969500602953428, 'epsilon': 4.4831231034982815e-08, 'hidden_layer_sizes': 64, 'learning_rate_init': 0.0327273994600881, 'tol': 2.6541878659672136e-05, 'validation_fraction': 0.1303984665346199}]
/home/ryedida/.local/lib/python3.8/site-packages/sklearn/neural_network/_multilayer_perceptron.py:621: UserWarning: Got `batch_size` less than 1 or larger than sample size. It is going to be clipped
  warnings.warn(

function_evaluation time 0.104103 value 16.698812 suggestion {'alpha': 0.00017161850939076886, 'batch_size': 236, 'beta_1': 0.9429350277292874, 'beta_2': 0.969500602953428, 'epsilon': 4.4831231034982815e-08, 'hidden_layer_sizes': 64, 'learning_rate_init': 0.0327273994600881, 'tol': 2.6541878659672136e-05, 'validation_fraction': 0.1303984665346199}
observation time 0.000003, current best 0.618032 at iter 10
suggestion time taken 0.004024 iter 11 next_points [{'alpha': 0.5319362092586221, 'batch_size': 228, 'beta_1': 0.8816933185655198, 'beta_2': 0.9997484431174358, 'epsilon': 2.997529420229291e-08, 'hidden_layer_sizes': 181, 'learning_rate_init': 1.8884741365190823e-05, 'tol': 0.0006266063797238349, 'validation_fraction': 0.1685118364805099}]
/home/ryedida/.local/lib/python3.8/site-packages/sklearn/neural_network/_multilayer_perceptron.py:621: UserWarning: Got `batch_size` less than 1 or larger than sample size. It is going to be clipped
  warnings.warn(

function_evaluation time 0.112640 value 22.119748 suggestion {'alpha': 0.5319362092586221, 'batch_size': 228, 'beta_1': 0.8816933185655198, 'beta_2': 0.9997484431174358, 'epsilon': 2.997529420229291e-08, 'hidden_layer_sizes': 181, 'learning_rate_init': 1.8884741365190823e-05, 'tol': 0.0006266063797238349, 'validation_fraction': 0.1685118364805099}
observation time 0.000004, current best 0.618032 at iter 11
suggestion time taken 0.011481 iter 12 next_points [{'alpha': 0.027220553527836467, 'batch_size': 157, 'beta_1': 0.943085281146145, 'beta_2': 0.9999922540572416, 'epsilon': 2.8510703067622018e-09, 'hidden_layer_sizes': 133, 'learning_rate_init': 0.0016781655232516594, 'tol': 3.330040374656646e-05, 'validation_fraction': 0.8915448468977638}]
/home/ryedida/.local/lib/python3.8/site-packages/sklearn/neural_network/_multilayer_perceptron.py:621: UserWarning: Got `batch_size` less than 1 or larger than sample size. It is going to be clipped
  warnings.warn(

function_evaluation time 0.209084 value 7.505224 suggestion {'alpha': 0.027220553527836467, 'batch_size': 157, 'beta_1': 0.943085281146145, 'beta_2': 0.9999922540572416, 'epsilon': 2.8510703067622018e-09, 'hidden_layer_sizes': 133, 'learning_rate_init': 0.0016781655232516594, 'tol': 3.330040374656646e-05, 'validation_fraction': 0.8915448468977638}
observation time 0.000002, current best 0.618032 at iter 12
suggestion time taken 0.003913 iter 13 next_points [{'alpha': 0.000725464239926478, 'batch_size': 228, 'beta_1': 0.9775983747760576, 'beta_2': 0.9947307406967111, 'epsilon': 3.312196073567598e-08, 'hidden_layer_sizes': 135, 'learning_rate_init': 0.0034223801539176846, 'tol': 8.22934772456037e-05, 'validation_fraction': 0.8988130753725947}]
/home/ryedida/.local/lib/python3.8/site-packages/sklearn/neural_network/_multilayer_perceptron.py:621: UserWarning: Got `batch_size` less than 1 or larger than sample size. It is going to be clipped
  warnings.warn(

function_evaluation time 0.139475 value 5.819283 suggestion {'alpha': 0.000725464239926478, 'batch_size': 228, 'beta_1': 0.9775983747760576, 'beta_2': 0.9947307406967111, 'epsilon': 3.312196073567598e-08, 'hidden_layer_sizes': 135, 'learning_rate_init': 0.0034223801539176846, 'tol': 8.22934772456037e-05, 'validation_fraction': 0.8988130753725947}
observation time 0.000003, current best 0.618032 at iter 13
suggestion time taken 0.003783 iter 14 next_points [{'alpha': 0.7736607010811465, 'batch_size': 83, 'beta_1': 0.7803521184228952, 'beta_2': 0.9999946442325673, 'epsilon': 2.434144114616426e-07, 'hidden_layer_sizes': 198, 'learning_rate_init': 0.08167410369898224, 'tol': 0.00043868215679520407, 'validation_fraction': 0.4751836547401835}]
/home/ryedida/.local/lib/python3.8/site-packages/sklearn/neural_network/_multilayer_perceptron.py:621: UserWarning: Got `batch_size` less than 1 or larger than sample size. It is going to be clipped
  warnings.warn(

function_evaluation time 0.160192 value 2.552188 suggestion {'alpha': 0.7736607010811465, 'batch_size': 83, 'beta_1': 0.7803521184228952, 'beta_2': 0.9999946442325673, 'epsilon': 2.434144114616426e-07, 'hidden_layer_sizes': 198, 'learning_rate_init': 0.08167410369898224, 'tol': 0.00043868215679520407, 'validation_fraction': 0.4751836547401835}
observation time 0.000003, current best 0.618032 at iter 14
suggestion time taken 0.003802 iter 15 next_points [{'alpha': 0.0017911913988483156, 'batch_size': 109, 'beta_1': 0.8659266179296754, 'beta_2': 0.9999987035043127, 'epsilon': 5.4012373733092865e-09, 'hidden_layer_sizes': 156, 'learning_rate_init': 0.05085379554489451, 'tol': 0.00878464862784311, 'validation_fraction': 0.11870657769112941}]
function_evaluation time 0.184600 value 1.353899 suggestion {'alpha': 0.0017911913988483156, 'batch_size': 109, 'beta_1': 0.8659266179296754, 'beta_2': 0.9999987035043127, 'epsilon': 5.4012373733092865e-09, 'hidden_layer_sizes': 156, 'learning_rate_init': 0.05085379554489451, 'tol': 0.00878464862784311, 'validation_fraction': 0.11870657769112941}
observation time 0.000003, current best 0.618032 at iter 15
suggestion time taken 0.003865 iter 16 next_points [{'alpha': 0.001390786920694166, 'batch_size': 79, 'beta_1': 0.9548103222626096, 'beta_2': 0.9906040052505565, 'epsilon': 2.052444317324435e-08, 'hidden_layer_sizes': 191, 'learning_rate_init': 0.03436908979004558, 'tol': 1.4308012984457049e-05, 'validation_fraction': 0.7137711028049614}]
/home/ryedida/.local/lib/python3.8/site-packages/sklearn/neural_network/_multilayer_perceptron.py:621: UserWarning: Got `batch_size` less than 1 or larger than sample size. It is going to be clipped
  warnings.warn(

function_evaluation time 0.140286 value 13.663910 suggestion {'alpha': 0.001390786920694166, 'batch_size': 79, 'beta_1': 0.9548103222626096, 'beta_2': 0.9906040052505565, 'epsilon': 2.052444317324435e-08, 'hidden_layer_sizes': 191, 'learning_rate_init': 0.03436908979004558, 'tol': 1.4308012984457049e-05, 'validation_fraction': 0.7137711028049614}
observation time 0.000002, current best 0.618032 at iter 16
suggestion time taken 0.003803 iter 17 next_points [{'alpha': 0.0003174510295354525, 'batch_size': 13, 'beta_1': 0.8411639900468317, 'beta_2': 0.9656738105695934, 'epsilon': 1.631729801789582e-07, 'hidden_layer_sizes': 190, 'learning_rate_init': 0.004421499927926942, 'tol': 1.3546818768127227e-05, 'validation_fraction': 0.7294655312493264}]
function_evaluation time 0.408642 value 0.981657 suggestion {'alpha': 0.0003174510295354525, 'batch_size': 13, 'beta_1': 0.8411639900468317, 'beta_2': 0.9656738105695934, 'epsilon': 1.631729801789582e-07, 'hidden_layer_sizes': 190, 'learning_rate_init': 0.004421499927926942, 'tol': 1.3546818768127227e-05, 'validation_fraction': 0.7294655312493264}
observation time 0.000002, current best 0.618032 at iter 17
suggestion time taken 0.003859 iter 18 next_points [{'alpha': 2.51195413375055, 'batch_size': 158, 'beta_1': 0.8021237609225598, 'beta_2': 0.9999951689646139, 'epsilon': 2.4294656941186247e-08, 'hidden_layer_sizes': 70, 'learning_rate_init': 0.000678891750438974, 'tol': 1.9341006456496846e-05, 'validation_fraction': 0.5902029494276267}]
/home/ryedida/.local/lib/python3.8/site-packages/sklearn/neural_network/_multilayer_perceptron.py:621: UserWarning: Got `batch_size` less than 1 or larger than sample size. It is going to be clipped
  warnings.warn(

function_evaluation time 0.117224 value 17.320892 suggestion {'alpha': 2.51195413375055, 'batch_size': 158, 'beta_1': 0.8021237609225598, 'beta_2': 0.9999951689646139, 'epsilon': 2.4294656941186247e-08, 'hidden_layer_sizes': 70, 'learning_rate_init': 0.000678891750438974, 'tol': 1.9341006456496846e-05, 'validation_fraction': 0.5902029494276267}
observation time 0.000003, current best 0.618032 at iter 18
suggestion time taken 0.003853 iter 19 next_points [{'alpha': 0.09524430614794725, 'batch_size': 98, 'beta_1': 0.9897891030834258, 'beta_2': 0.9999242184999346, 'epsilon': 8.078352681586716e-09, 'hidden_layer_sizes': 180, 'learning_rate_init': 0.00021186925188068488, 'tol': 0.0005101364481266044, 'validation_fraction': 0.23144100526643546}]
function_evaluation time 0.130270 value 16.574605 suggestion {'alpha': 0.09524430614794725, 'batch_size': 98, 'beta_1': 0.9897891030834258, 'beta_2': 0.9999242184999346, 'epsilon': 8.078352681586716e-09, 'hidden_layer_sizes': 180, 'learning_rate_init': 0.00021186925188068488, 'tol': 0.0005101364481266044, 'validation_fraction': 0.23144100526643546}
observation time 0.000003, current best 0.618032 at iter 19
suggestion time taken 0.003888 iter 20 next_points [{'alpha': 1.672797460627087, 'batch_size': 248, 'beta_1': 0.9029214540695196, 'beta_2': 0.9999966641573305, 'epsilon': 7.656184433691406e-09, 'hidden_layer_sizes': 121, 'learning_rate_init': 0.013289094801655561, 'tol': 0.00010516081646473348, 'validation_fraction': 0.1772255500057486}]
/home/ryedida/.local/lib/python3.8/site-packages/sklearn/neural_network/_multilayer_perceptron.py:621: UserWarning: Got `batch_size` less than 1 or larger than sample size. It is going to be clipped
  warnings.warn(

function_evaluation time 0.134114 value 9.964846 suggestion {'alpha': 1.672797460627087, 'batch_size': 248, 'beta_1': 0.9029214540695196, 'beta_2': 0.9999966641573305, 'epsilon': 7.656184433691406e-09, 'hidden_layer_sizes': 121, 'learning_rate_init': 0.013289094801655561, 'tol': 0.00010516081646473348, 'validation_fraction': 0.1772255500057486}
observation time 0.000002, current best 0.618032 at iter 20
suggestion time taken 0.003844 iter 21 next_points [{'alpha': 0.13294677302040228, 'batch_size': 13, 'beta_1': 0.7900825128491578, 'beta_2': 0.9999951163101038, 'epsilon': 3.044294627540247e-08, 'hidden_layer_sizes': 188, 'learning_rate_init': 0.002184701397407721, 'tol': 0.00014021167948166346, 'validation_fraction': 0.8465353743406546}]
function_evaluation time 0.459518 value 0.569088 suggestion {'alpha': 0.13294677302040228, 'batch_size': 13, 'beta_1': 0.7900825128491578, 'beta_2': 0.9999951163101038, 'epsilon': 3.044294627540247e-08, 'hidden_layer_sizes': 188, 'learning_rate_init': 0.002184701397407721, 'tol': 0.00014021167948166346, 'validation_fraction': 0.8465353743406546}
observation time 0.000005, current best 0.569088 at iter 21
suggestion time taken 0.011204 iter 22 next_points [{'alpha': 0.12450171712199681, 'batch_size': 113, 'beta_1': 0.8017526626539233, 'beta_2': 0.999970986916693, 'epsilon': 2.8026956402289867e-08, 'hidden_layer_sizes': 103, 'learning_rate_init': 0.0001938929499435369, 'tol': 0.08210085753697023, 'validation_fraction': 0.41179468771607813}]
/home/ryedida/.local/lib/python3.8/site-packages/sklearn/neural_network/_multilayer_perceptron.py:621: UserWarning: Got `batch_size` less than 1 or larger than sample size. It is going to be clipped
  warnings.warn(

function_evaluation time 0.135237 value 18.227112 suggestion {'alpha': 0.12450171712199681, 'batch_size': 113, 'beta_1': 0.8017526626539233, 'beta_2': 0.999970986916693, 'epsilon': 2.8026956402289867e-08, 'hidden_layer_sizes': 103, 'learning_rate_init': 0.0001938929499435369, 'tol': 0.08210085753697023, 'validation_fraction': 0.41179468771607813}
observation time 0.000014, current best 0.569088 at iter 22
suggestion time taken 0.003805 iter 23 next_points [{'alpha': 0.11123836268320614, 'batch_size': 64, 'beta_1': 0.9599607477384479, 'beta_2': 0.9999345863474789, 'epsilon': 1.0974160191667317e-09, 'hidden_layer_sizes': 143, 'learning_rate_init': 0.001593042590959481, 'tol': 3.519049150452546e-05, 'validation_fraction': 0.16826788217930186}]
function_evaluation time 0.229371 value 7.505558 suggestion {'alpha': 0.11123836268320614, 'batch_size': 64, 'beta_1': 0.9599607477384479, 'beta_2': 0.9999345863474789, 'epsilon': 1.0974160191667317e-09, 'hidden_layer_sizes': 143, 'learning_rate_init': 0.001593042590959481, 'tol': 3.519049150452546e-05, 'validation_fraction': 0.16826788217930186}
observation time 0.000002, current best 0.569088 at iter 23
suggestion time taken 0.003832 iter 24 next_points [{'alpha': 9.185435751868942, 'batch_size': 207, 'beta_1': 0.9822084196121763, 'beta_2': 0.9860413353664026, 'epsilon': 9.011002525783146e-07, 'hidden_layer_sizes': 141, 'learning_rate_init': 0.0043635669131280655, 'tol': 0.03543431695270146, 'validation_fraction': 0.42591050148067405}]
/home/ryedida/.local/lib/python3.8/site-packages/sklearn/neural_network/_multilayer_perceptron.py:621: UserWarning: Got `batch_size` less than 1 or larger than sample size. It is going to be clipped
  warnings.warn(

function_evaluation time 0.135317 value 10.698999 suggestion {'alpha': 9.185435751868942, 'batch_size': 207, 'beta_1': 0.9822084196121763, 'beta_2': 0.9860413353664026, 'epsilon': 9.011002525783146e-07, 'hidden_layer_sizes': 141, 'learning_rate_init': 0.0043635669131280655, 'tol': 0.03543431695270146, 'validation_fraction': 0.42591050148067405}
observation time 0.000002, current best 0.569088 at iter 24
suggestion time taken 0.003816 iter 25 next_points [{'alpha': 0.30622266522701014, 'batch_size': 22, 'beta_1': 0.8390892475608898, 'beta_2': 0.9842434861545929, 'epsilon': 5.855639275528567e-07, 'hidden_layer_sizes': 179, 'learning_rate_init': 0.0001278792695122853, 'tol': 3.522360457729417e-05, 'validation_fraction': 0.8685633389750941}]
/home/ryedida/.local/lib/python3.8/site-packages/sklearn/neural_network/_multilayer_perceptron.py:621: UserWarning: Got `batch_size` less than 1 or larger than sample size. It is going to be clipped
  warnings.warn(

function_evaluation time 0.136101 value 19.235455 suggestion {'alpha': 0.30622266522701014, 'batch_size': 22, 'beta_1': 0.8390892475608898, 'beta_2': 0.9842434861545929, 'epsilon': 5.855639275528567e-07, 'hidden_layer_sizes': 179, 'learning_rate_init': 0.0001278792695122853, 'tol': 3.522360457729417e-05, 'validation_fraction': 0.8685633389750941}
observation time 0.000005, current best 0.569088 at iter 25
suggestion time taken 0.010334 iter 26 next_points [{'alpha': 0.007520785292962561, 'batch_size': 194, 'beta_1': 0.9162081702532752, 'beta_2': 0.9999954939036154, 'epsilon': 2.0118223831611873e-07, 'hidden_layer_sizes': 134, 'learning_rate_init': 0.00013300056172856187, 'tol': 1.2175706398719675e-05, 'validation_fraction': 0.29034523778491755}]
/home/ryedida/.local/lib/python3.8/site-packages/sklearn/neural_network/_multilayer_perceptron.py:621: UserWarning: Got `batch_size` less than 1 or larger than sample size. It is going to be clipped
  warnings.warn(

function_evaluation time 0.162065 value 17.922289 suggestion {'alpha': 0.007520785292962561, 'batch_size': 194, 'beta_1': 0.9162081702532752, 'beta_2': 0.9999954939036154, 'epsilon': 2.0118223831611873e-07, 'hidden_layer_sizes': 134, 'learning_rate_init': 0.00013300056172856187, 'tol': 1.2175706398719675e-05, 'validation_fraction': 0.29034523778491755}
observation time 0.000003, current best 0.569088 at iter 26
suggestion time taken 0.003862 iter 27 next_points [{'alpha': 3.0134817420385153e-05, 'batch_size': 212, 'beta_1': 0.9599923639396595, 'beta_2': 0.9970835977778403, 'epsilon': 1.1158420149044849e-07, 'hidden_layer_sizes': 153, 'learning_rate_init': 2.9501765122711883e-05, 'tol': 0.0008508446477497005, 'validation_fraction': 0.8361533722926378}]
/home/ryedida/.local/lib/python3.8/site-packages/sklearn/neural_network/_multilayer_perceptron.py:621: UserWarning: Got `batch_size` less than 1 or larger than sample size. It is going to be clipped
  warnings.warn(

function_evaluation time 0.076931 value 18.641219 suggestion {'alpha': 3.0134817420385153e-05, 'batch_size': 212, 'beta_1': 0.9599923639396595, 'beta_2': 0.9970835977778403, 'epsilon': 1.1158420149044849e-07, 'hidden_layer_sizes': 153, 'learning_rate_init': 2.9501765122711883e-05, 'tol': 0.0008508446477497005, 'validation_fraction': 0.8361533722926378}
observation time 0.000002, current best 0.569088 at iter 27
suggestion time taken 0.003911 iter 28 next_points [{'alpha': 0.45924470333954204, 'batch_size': 211, 'beta_1': 0.7693625734773966, 'beta_2': 0.9999758799411429, 'epsilon': 8.784781241878198e-08, 'hidden_layer_sizes': 143, 'learning_rate_init': 0.00042415098880340914, 'tol': 0.0008170880985172767, 'validation_fraction': 0.872775813693008}]
/home/ryedida/.local/lib/python3.8/site-packages/sklearn/neural_network/_multilayer_perceptron.py:621: UserWarning: Got `batch_size` less than 1 or larger than sample size. It is going to be clipped
  warnings.warn(

function_evaluation time 0.101920 value 14.787495 suggestion {'alpha': 0.45924470333954204, 'batch_size': 211, 'beta_1': 0.7693625734773966, 'beta_2': 0.9999758799411429, 'epsilon': 8.784781241878198e-08, 'hidden_layer_sizes': 143, 'learning_rate_init': 0.00042415098880340914, 'tol': 0.0008170880985172767, 'validation_fraction': 0.872775813693008}
observation time 0.000003, current best 0.569088 at iter 28
suggestion time taken 0.003816 iter 29 next_points [{'alpha': 2.0339482074344417, 'batch_size': 151, 'beta_1': 0.9628697146770957, 'beta_2': 0.9999985899848911, 'epsilon': 3.248788261844326e-08, 'hidden_layer_sizes': 88, 'learning_rate_init': 2.4437836837485978e-05, 'tol': 0.0006413784225554974, 'validation_fraction': 0.7314737662904575}]
/home/ryedida/.local/lib/python3.8/site-packages/sklearn/neural_network/_multilayer_perceptron.py:621: UserWarning: Got `batch_size` less than 1 or larger than sample size. It is going to be clipped
  warnings.warn(

function_evaluation time 0.074533 value 17.346439 suggestion {'alpha': 2.0339482074344417, 'batch_size': 151, 'beta_1': 0.9628697146770957, 'beta_2': 0.9999985899848911, 'epsilon': 3.248788261844326e-08, 'hidden_layer_sizes': 88, 'learning_rate_init': 2.4437836837485978e-05, 'tol': 0.0006413784225554974, 'validation_fraction': 0.7314737662904575}
observation time 0.000002, current best 0.569088 at iter 29
suggestion time taken 0.003833 iter 30 next_points [{'alpha': 0.005242176220646422, 'batch_size': 17, 'beta_1': 0.8694788813727593, 'beta_2': 0.9999814037941878, 'epsilon': 8.456663975380184e-07, 'hidden_layer_sizes': 109, 'learning_rate_init': 0.05715040093184461, 'tol': 0.004994074906158722, 'validation_fraction': 0.20835065974815278}]
function_evaluation time 0.218207 value 4.118316 suggestion {'alpha': 0.005242176220646422, 'batch_size': 17, 'beta_1': 0.8694788813727593, 'beta_2': 0.9999814037941878, 'epsilon': 8.456663975380184e-07, 'hidden_layer_sizes': 109, 'learning_rate_init': 0.05715040093184461, 'tol': 0.004994074906158722, 'validation_fraction': 0.20835065974815278}
observation time 0.000002, current best 0.569088 at iter 30
suggestion time taken 0.003873 iter 31 next_points [{'alpha': 6.654040521050679e-05, 'batch_size': 12, 'beta_1': 0.8418426970021915, 'beta_2': 0.9999930519240416, 'epsilon': 1.0117665316949111e-07, 'hidden_layer_sizes': 140, 'learning_rate_init': 0.00026066179439716744, 'tol': 5.788613661977746e-05, 'validation_fraction': 0.5931818873191299}]
function_evaluation time 0.645332 value 2.979832 suggestion {'alpha': 6.654040521050679e-05, 'batch_size': 12, 'beta_1': 0.8418426970021915, 'beta_2': 0.9999930519240416, 'epsilon': 1.0117665316949111e-07, 'hidden_layer_sizes': 140, 'learning_rate_init': 0.00026066179439716744, 'tol': 5.788613661977746e-05, 'validation_fraction': 0.5931818873191299}
observation time 0.000013, current best 0.569088 at iter 31
suggestion time taken 0.003816 iter 32 next_points [{'alpha': 0.009238585118536006, 'batch_size': 232, 'beta_1': 0.9804664302383022, 'beta_2': 0.993673847515008, 'epsilon': 1.0498853696532138e-07, 'hidden_layer_sizes': 189, 'learning_rate_init': 0.018667235397815556, 'tol': 0.0003876737141171648, 'validation_fraction': 0.3034904829325248}]
/home/ryedida/.local/lib/python3.8/site-packages/sklearn/neural_network/_multilayer_perceptron.py:621: UserWarning: Got `batch_size` less than 1 or larger than sample size. It is going to be clipped
  warnings.warn(

function_evaluation time 0.170839 value 12.766592 suggestion {'alpha': 0.009238585118536006, 'batch_size': 232, 'beta_1': 0.9804664302383022, 'beta_2': 0.993673847515008, 'epsilon': 1.0498853696532138e-07, 'hidden_layer_sizes': 189, 'learning_rate_init': 0.018667235397815556, 'tol': 0.0003876737141171648, 'validation_fraction': 0.3034904829325248}
observation time 0.000003, current best 0.569088 at iter 32
suggestion time taken 0.004715 iter 33 next_points [{'alpha': 2.723209922015073, 'batch_size': 131, 'beta_1': 0.902500581966337, 'beta_2': 0.9712949379731919, 'epsilon': 9.962046138386987e-09, 'hidden_layer_sizes': 140, 'learning_rate_init': 2.0459996500154652e-05, 'tol': 0.004685183330384681, 'validation_fraction': 0.33718053527738}]
/home/ryedida/.local/lib/python3.8/site-packages/sklearn/neural_network/_multilayer_perceptron.py:621: UserWarning: Got `batch_size` less than 1 or larger than sample size. It is going to be clipped
  warnings.warn(

function_evaluation time 0.087223 value 22.141069 suggestion {'alpha': 2.723209922015073, 'batch_size': 131, 'beta_1': 0.902500581966337, 'beta_2': 0.9712949379731919, 'epsilon': 9.962046138386987e-09, 'hidden_layer_sizes': 140, 'learning_rate_init': 2.0459996500154652e-05, 'tol': 0.004685183330384681, 'validation_fraction': 0.33718053527738}
observation time 0.000002, current best 0.569088 at iter 33
suggestion time taken 0.003840 iter 34 next_points [{'alpha': 0.4731566224887919, 'batch_size': 37, 'beta_1': 0.6320813457422689, 'beta_2': 0.9762314673203369, 'epsilon': 1.5143442069754242e-07, 'hidden_layer_sizes': 86, 'learning_rate_init': 0.0011646256691501364, 'tol': 1.0882913077096337e-05, 'validation_fraction': 0.7946151965584912}]
/home/ryedida/.local/lib/python3.8/site-packages/sklearn/neural_network/_multilayer_perceptron.py:621: UserWarning: Got `batch_size` less than 1 or larger than sample size. It is going to be clipped
  warnings.warn(

function_evaluation time 0.080572 value 17.297365 suggestion {'alpha': 0.4731566224887919, 'batch_size': 37, 'beta_1': 0.6320813457422689, 'beta_2': 0.9762314673203369, 'epsilon': 1.5143442069754242e-07, 'hidden_layer_sizes': 86, 'learning_rate_init': 0.0011646256691501364, 'tol': 1.0882913077096337e-05, 'validation_fraction': 0.7946151965584912}
observation time 0.000003, current best 0.569088 at iter 34
suggestion time taken 0.003852 iter 35 next_points [{'alpha': 0.0001916812487867596, 'batch_size': 240, 'beta_1': 0.8433977985497707, 'beta_2': 0.999996041933257, 'epsilon': 1.6917063041125255e-08, 'hidden_layer_sizes': 164, 'learning_rate_init': 6.327423381163595e-05, 'tol': 4.265291263142475e-05, 'validation_fraction': 0.518928010626378}]
/home/ryedida/.local/lib/python3.8/site-packages/sklearn/neural_network/_multilayer_perceptron.py:621: UserWarning: Got `batch_size` less than 1 or larger than sample size. It is going to be clipped
  warnings.warn(

function_evaluation time 0.092529 value 21.592991 suggestion {'alpha': 0.0001916812487867596, 'batch_size': 240, 'beta_1': 0.8433977985497707, 'beta_2': 0.999996041933257, 'epsilon': 1.6917063041125255e-08, 'hidden_layer_sizes': 164, 'learning_rate_init': 6.327423381163595e-05, 'tol': 4.265291263142475e-05, 'validation_fraction': 0.518928010626378}
observation time 0.000002, current best 0.569088 at iter 35
suggestion time taken 0.004519 iter 36 next_points [{'alpha': 1.1000982706727505, 'batch_size': 173, 'beta_1': 0.9751778188009238, 'beta_2': 0.9981202146852695, 'epsilon': 1.715022575290123e-07, 'hidden_layer_sizes': 114, 'learning_rate_init': 0.002201166432024636, 'tol': 0.0005106668011082892, 'validation_fraction': 0.12620843144565475}]
/home/ryedida/.local/lib/python3.8/site-packages/sklearn/neural_network/_multilayer_perceptron.py:621: UserWarning: Got `batch_size` less than 1 or larger than sample size. It is going to be clipped
  warnings.warn(

function_evaluation time 0.138681 value 9.643767 suggestion {'alpha': 1.1000982706727505, 'batch_size': 173, 'beta_1': 0.9751778188009238, 'beta_2': 0.9981202146852695, 'epsilon': 1.715022575290123e-07, 'hidden_layer_sizes': 114, 'learning_rate_init': 0.002201166432024636, 'tol': 0.0005106668011082892, 'validation_fraction': 0.12620843144565475}
observation time 0.000002, current best 0.569088 at iter 36
suggestion time taken 0.004157 iter 37 next_points [{'alpha': 0.010578884993948599, 'batch_size': 145, 'beta_1': 0.9257605906410753, 'beta_2': 0.9999966385714029, 'epsilon': 4.274502594167153e-09, 'hidden_layer_sizes': 137, 'learning_rate_init': 0.000604999318266478, 'tol': 0.030920888306489654, 'validation_fraction': 0.8295123983494589}]
/home/ryedida/.local/lib/python3.8/site-packages/sklearn/neural_network/_multilayer_perceptron.py:621: UserWarning: Got `batch_size` less than 1 or larger than sample size. It is going to be clipped
  warnings.warn(

function_evaluation time 0.096001 value 14.215270 suggestion {'alpha': 0.010578884993948599, 'batch_size': 145, 'beta_1': 0.9257605906410753, 'beta_2': 0.9999966385714029, 'epsilon': 4.274502594167153e-09, 'hidden_layer_sizes': 137, 'learning_rate_init': 0.000604999318266478, 'tol': 0.030920888306489654, 'validation_fraction': 0.8295123983494589}
observation time 0.000003, current best 0.569088 at iter 37
suggestion time taken 0.003844 iter 38 next_points [{'alpha': 0.21957241615415826, 'batch_size': 192, 'beta_1': 0.7176202436842953, 'beta_2': 0.9994371044934416, 'epsilon': 3.766312353987425e-07, 'hidden_layer_sizes': 96, 'learning_rate_init': 1.0217099490654207e-05, 'tol': 1.2116145987568423e-05, 'validation_fraction': 0.8970116288310386}]
/home/ryedida/.local/lib/python3.8/site-packages/sklearn/neural_network/_multilayer_perceptron.py:621: UserWarning: Got `batch_size` less than 1 or larger than sample size. It is going to be clipped
  warnings.warn(

function_evaluation time 0.086088 value 20.815227 suggestion {'alpha': 0.21957241615415826, 'batch_size': 192, 'beta_1': 0.7176202436842953, 'beta_2': 0.9994371044934416, 'epsilon': 3.766312353987425e-07, 'hidden_layer_sizes': 96, 'learning_rate_init': 1.0217099490654207e-05, 'tol': 1.2116145987568423e-05, 'validation_fraction': 0.8970116288310386}
observation time 0.000002, current best 0.569088 at iter 38
suggestion time taken 0.004615 iter 39 next_points [{'alpha': 1.262250058645636, 'batch_size': 167, 'beta_1': 0.5545884070520812, 'beta_2': 0.9999573504359149, 'epsilon': 1.0126962239866028e-07, 'hidden_layer_sizes': 61, 'learning_rate_init': 0.0014825840692816775, 'tol': 0.0011219566739218716, 'validation_fraction': 0.8701572309041405}]
/home/ryedida/.local/lib/python3.8/site-packages/sklearn/neural_network/_multilayer_perceptron.py:621: UserWarning: Got `batch_size` less than 1 or larger than sample size. It is going to be clipped
  warnings.warn(

function_evaluation time 0.093255 value 16.728170 suggestion {'alpha': 1.262250058645636, 'batch_size': 167, 'beta_1': 0.5545884070520812, 'beta_2': 0.9999573504359149, 'epsilon': 1.0126962239866028e-07, 'hidden_layer_sizes': 61, 'learning_rate_init': 0.0014825840692816775, 'tol': 0.0011219566739218716, 'validation_fraction': 0.8701572309041405}
observation time 0.000002, current best 0.569088 at iter 39
suggestion time taken 0.003863 iter 40 next_points [{'alpha': 0.07152002013439675, 'batch_size': 218, 'beta_1': 0.8546987057193143, 'beta_2': 0.9718609960115503, 'epsilon': 2.484464847362717e-08, 'hidden_layer_sizes': 197, 'learning_rate_init': 0.005645594566927061, 'tol': 7.456730535237749e-05, 'validation_fraction': 0.16487839635220403}]
/home/ryedida/.local/lib/python3.8/site-packages/sklearn/neural_network/_multilayer_perceptron.py:621: UserWarning: Got `batch_size` less than 1 or larger than sample size. It is going to be clipped
  warnings.warn(

function_evaluation time 0.219845 value 9.455050 suggestion {'alpha': 0.07152002013439675, 'batch_size': 218, 'beta_1': 0.8546987057193143, 'beta_2': 0.9718609960115503, 'epsilon': 2.484464847362717e-08, 'hidden_layer_sizes': 197, 'learning_rate_init': 0.005645594566927061, 'tol': 7.456730535237749e-05, 'validation_fraction': 0.16487839635220403}
observation time 0.000004, current best 0.569088 at iter 40
suggestion time taken 0.010406 iter 41 next_points [{'alpha': 0.002908567068178367, 'batch_size': 128, 'beta_1': 0.942976653726471, 'beta_2': 0.995793843694001, 'epsilon': 1.3526458314589703e-08, 'hidden_layer_sizes': 70, 'learning_rate_init': 2.1961989796705686e-05, 'tol': 0.04926669599767457, 'validation_fraction': 0.31375377384308106}]
/home/ryedida/.local/lib/python3.8/site-packages/sklearn/neural_network/_multilayer_perceptron.py:621: UserWarning: Got `batch_size` less than 1 or larger than sample size. It is going to be clipped
  warnings.warn(

function_evaluation time 0.130662 value 21.967943 suggestion {'alpha': 0.002908567068178367, 'batch_size': 128, 'beta_1': 0.942976653726471, 'beta_2': 0.995793843694001, 'epsilon': 1.3526458314589703e-08, 'hidden_layer_sizes': 70, 'learning_rate_init': 2.1961989796705686e-05, 'tol': 0.04926669599767457, 'validation_fraction': 0.31375377384308106}
observation time 0.000002, current best 0.569088 at iter 41
suggestion time taken 0.003930 iter 42 next_points [{'alpha': 0.012308837056205302, 'batch_size': 110, 'beta_1': 0.7579886366953269, 'beta_2': 0.9986128257770749, 'epsilon': 4.412468405053907e-09, 'hidden_layer_sizes': 121, 'learning_rate_init': 0.00864458311348377, 'tol': 2.5613522999199524e-05, 'validation_fraction': 0.3143121422159825}]
/home/ryedida/.local/lib/python3.8/site-packages/sklearn/neural_network/_multilayer_perceptron.py:621: UserWarning: Got `batch_size` less than 1 or larger than sample size. It is going to be clipped
  warnings.warn(

function_evaluation time 0.128377 value 4.099974 suggestion {'alpha': 0.012308837056205302, 'batch_size': 110, 'beta_1': 0.7579886366953269, 'beta_2': 0.9986128257770749, 'epsilon': 4.412468405053907e-09, 'hidden_layer_sizes': 121, 'learning_rate_init': 0.00864458311348377, 'tol': 2.5613522999199524e-05, 'validation_fraction': 0.3143121422159825}
observation time 0.000003, current best 0.569088 at iter 42
suggestion time taken 0.003823 iter 43 next_points [{'alpha': 5.464121782440809e-05, 'batch_size': 120, 'beta_1': 0.7061802748356937, 'beta_2': 0.9991374066565232, 'epsilon': 1.4353100927258197e-07, 'hidden_layer_sizes': 85, 'learning_rate_init': 0.00017841641120213905, 'tol': 0.0005347085020717109, 'validation_fraction': 0.6645293648737975}]
/home/ryedida/.local/lib/python3.8/site-packages/sklearn/neural_network/_multilayer_perceptron.py:621: UserWarning: Got `batch_size` less than 1 or larger than sample size. It is going to be clipped
  warnings.warn(

function_evaluation time 0.083958 value 18.507380 suggestion {'alpha': 5.464121782440809e-05, 'batch_size': 120, 'beta_1': 0.7061802748356937, 'beta_2': 0.9991374066565232, 'epsilon': 1.4353100927258197e-07, 'hidden_layer_sizes': 85, 'learning_rate_init': 0.00017841641120213905, 'tol': 0.0005347085020717109, 'validation_fraction': 0.6645293648737975}
observation time 0.000003, current best 0.569088 at iter 43
suggestion time taken 0.003907 iter 44 next_points [{'alpha': 0.02492526743502132, 'batch_size': 218, 'beta_1': 0.9711602360561291, 'beta_2': 0.985682913538248, 'epsilon': 1.908607738599038e-09, 'hidden_layer_sizes': 92, 'learning_rate_init': 1.3071228046793808e-05, 'tol': 0.00026468124560655247, 'validation_fraction': 0.13724405883520638}]
/home/ryedida/.local/lib/python3.8/site-packages/sklearn/neural_network/_multilayer_perceptron.py:621: UserWarning: Got `batch_size` less than 1 or larger than sample size. It is going to be clipped
  warnings.warn(

function_evaluation time 0.077115 value 22.572125 suggestion {'alpha': 0.02492526743502132, 'batch_size': 218, 'beta_1': 0.9711602360561291, 'beta_2': 0.985682913538248, 'epsilon': 1.908607738599038e-09, 'hidden_layer_sizes': 92, 'learning_rate_init': 1.3071228046793808e-05, 'tol': 0.00026468124560655247, 'validation_fraction': 0.13724405883520638}
observation time 0.000002, current best 0.569088 at iter 44
saving meta data: {'args': {'--uuid': '395d60b26c315def87c5876172f5d5ce', '-db-root': '/home/ryedida/bbo_challenge_starter_kit/output', '--opt-root': '/home/ryedida/bbo_challenge_starter_kit/example_submissions', '--data-root': None, '--db': 'run_20231015_053414', '--opt': 'random', '--data': 'wine', '--classifier': 'MLP-adam', '--metric': 'nll', '--calls': 45, '--suggestions': 1, '--jobs-file': None, '--verbose': False, 'dry_run': False, 'rev': 'a376313', 'opt_rev': '0.0.8'}, 'signature': ([{'alpha': 0.019628224813442792, 'batch_size': 182, 'beta_1': 0.9410202200271762, 'beta_2': 0.9998021557676793, 'epsilon': 1.8662266976518e-08, 'hidden_layer_sizes': 147, 'learning_rate_init': 0.0005627932047415167, 'tol': 0.03690557729213761, 'validation_fraction': 0.8846827852548593}, {'alpha': 0.001998246739232944, 'batch_size': 200, 'beta_1': 0.919111482530466, 'beta_2': 0.9998488260436156, 'epsilon': 5.981221901152555e-07, 'hidden_layer_sizes': 61, 'learning_rate_init': 2.2310905607443014e-05, 'tol': 1.2046852412030316e-05, 'validation_fraction': 0.8117896445826539}, {'alpha': 0.46659545670218433, 'batch_size': 219, 'beta_1': 0.9889789783750891, 'beta_2': 0.9999896868093284, 'epsilon': 2.4234724484675948e-08, 'hidden_layer_sizes': 167, 'learning_rate_init': 2.972334644335654e-05, 'tol': 0.0036281404040243792, 'validation_fraction': 0.17260651658522078}, {'alpha': 4.656005689076002, 'batch_size': 135, 'beta_1': 0.870503881627747, 'beta_2': 0.9948873266941017, 'epsilon': 2.1023308743480125e-07, 'hidden_layer_sizes': 118, 'learning_rate_init': 0.001878173875716191, 'tol': 1.1889379831773006e-05, 'validation_fraction': 0.6264327093752792}, {'alpha': 0.04705159350400542, 'batch_size': 158, 'beta_1': 0.9870884262730957, 'beta_2': 0.9999596874382349, 'epsilon': 1.1981845126013875e-08, 'hidden_layer_sizes': 116, 'learning_rate_init': 0.006173405204074311, 'tol': 1.7414134181586194e-05, 'validation_fraction': 0.6754299026638921}], [15.519985493059746, 22.353903068254787, 19.164026128577277, 3.377925239627502, 14.64310022355023])}
saving results
saving timing
saving suggest log
done
