running: {'--uuid': '3fcbc5717ad853f3b4d45b2f82b7967d', '-db-root': '/home/ryedida/bbo_challenge_starter_kit/output', '--opt-root': '/home/ryedida/bbo_challenge_starter_kit/example_submissions', '--data-root': None, '--db': 'run_20231015_053414', '--opt': 'strongcvx', '--data': 'wine', '--classifier': 'MLP-adam', '--metric': 'acc', '--calls': 45, '--suggestions': 1, '--jobs-file': None, '--verbose': False, 'dry_run': False, 'rev': 'a376313', 'opt_rev': 'x.x.x'}
cmd: python strongcvx/optimizer.py -c MLP-adam -d wine -o strongcvx -u 3fcbc5717ad853f3b4d45b2f82b7967d -m acc -n 45 -p 1 -dir /home/ryedida/bbo_challenge_starter_kit/output -b run_20231015_053414
/home/ryedida/.local/lib/python3.8/site-packages/sklearn/neural_network/_multilayer_perceptron.py:621: UserWarning: Got `batch_size` less than 1 or larger than sample size. It is going to be clipped
  warnings.warn(

/home/ryedida/.local/lib/python3.8/site-packages/sklearn/neural_network/_multilayer_perceptron.py:621: UserWarning: Got `batch_size` less than 1 or larger than sample size. It is going to be clipped
  warnings.warn(

/home/ryedida/.local/lib/python3.8/site-packages/sklearn/neural_network/_multilayer_perceptron.py:621: UserWarning: Got `batch_size` less than 1 or larger than sample size. It is going to be clipped
  warnings.warn(

/home/ryedida/.local/lib/python3.8/site-packages/sklearn/neural_network/_multilayer_perceptron.py:621: UserWarning: Got `batch_size` less than 1 or larger than sample size. It is going to be clipped
  warnings.warn(

/home/ryedida/.local/lib/python3.8/site-packages/sklearn/neural_network/_multilayer_perceptron.py:621: UserWarning: Got `batch_size` less than 1 or larger than sample size. It is going to be clipped
  warnings.warn(

computed signature: ([{'alpha': 0.019628224813442792, 'batch_size': 182, 'beta_1': 0.9410202200271762, 'beta_2': 0.9998021557676793, 'epsilon': 1.8662266976518e-08, 'hidden_layer_sizes': 147, 'learning_rate_init': 0.0005627932047415167, 'tol': 0.03690557729213761, 'validation_fraction': 0.8846827852548593}, {'alpha': 0.001998246739232944, 'batch_size': 200, 'beta_1': 0.919111482530466, 'beta_2': 0.9998488260436156, 'epsilon': 5.981221901152555e-07, 'hidden_layer_sizes': 61, 'learning_rate_init': 2.2310905607443014e-05, 'tol': 1.2046852412030316e-05, 'validation_fraction': 0.8117896445826539}, {'alpha': 0.46659545670218433, 'batch_size': 219, 'beta_1': 0.9889789783750891, 'beta_2': 0.9999896868093284, 'epsilon': 2.4234724484675948e-08, 'hidden_layer_sizes': 167, 'learning_rate_init': 2.972334644335654e-05, 'tol': 0.0036281404040243792, 'validation_fraction': 0.17260651658522078}, {'alpha': 4.656005689076002, 'batch_size': 135, 'beta_1': 0.870503881627747, 'beta_2': 0.9948873266941017, 'epsilon': 2.1023308743480125e-07, 'hidden_layer_sizes': 118, 'learning_rate_init': 0.001878173875716191, 'tol': 1.1889379831773006e-05, 'validation_fraction': 0.6264327093752792}, {'alpha': 0.04705159350400542, 'batch_size': 158, 'beta_1': 0.9870884262730957, 'beta_2': 0.9999596874382349, 'epsilon': 1.1981845126013875e-08, 'hidden_layer_sizes': 116, 'learning_rate_init': 0.006173405204074311, 'tol': 1.7414134181586194e-05, 'validation_fraction': 0.6754299026638921}], [-0.4359605911330049, -0.3169950738916256, -0.3312807881773399, -0.6620689655172413, -0.5017241379310344])
/home/ryedida/.local/lib/python3.8/site-packages/bayesmark/experiment.py:470: UserWarning: Baselines not found. Will not log intermediate scores.
  warnings.warn("Baselines not found. Will not log intermediate scores.")

starting sklearn study strongcvx MLP-adam wine acc 45 1
with data root: None
suggestion time taken 16.587720 iter 0 next_points [{'alpha': 0.01731546630743059, 'batch_size': 14, 'beta_1': 0.9108170330137731, 'beta_2': 0.9986507949998819, 'epsilon': 2.159448741695119e-09, 'hidden_layer_sizes': 142, 'learning_rate_init': 0.0008819483316735902, 'tol': 0.00012421690995105154, 'validation_fraction': 0.623820259702997}]
function_evaluation time 0.317288 value -0.605911 suggestion {'alpha': 0.01731546630743059, 'batch_size': 14, 'beta_1': 0.9108170330137731, 'beta_2': 0.9986507949998819, 'epsilon': 2.159448741695119e-09, 'hidden_layer_sizes': 142, 'learning_rate_init': 0.0008819483316735902, 'tol': 0.00012421690995105154, 'validation_fraction': 0.623820259702997}
observation time 0.000003, current best -0.605911 at iter 0
suggestion time taken 15.714318 iter 1 next_points [{'alpha': 0.0803014751131349, 'batch_size': 27, 'beta_1': 0.9404717566641163, 'beta_2': 0.9999957942646005, 'epsilon': 3.006627667588926e-08, 'hidden_layer_sizes': 65, 'learning_rate_init': 0.010864177316556825, 'tol': 0.01877126061866711, 'validation_fraction': 0.3219014035989527}]
function_evaluation time 0.378400 value -0.838177 suggestion {'alpha': 0.0803014751131349, 'batch_size': 27, 'beta_1': 0.9404717566641163, 'beta_2': 0.9999957942646005, 'epsilon': 3.006627667588926e-08, 'hidden_layer_sizes': 65, 'learning_rate_init': 0.010864177316556825, 'tol': 0.01877126061866711, 'validation_fraction': 0.3219014035989527}
observation time 0.000004, current best -0.838177 at iter 1
suggestion time taken 15.305788 iter 2 next_points [{'alpha': 8.874245432236004, 'batch_size': 133, 'beta_1': 0.9898858036155539, 'beta_2': 0.9999926582501538, 'epsilon': 6.262410711203759e-07, 'hidden_layer_sizes': 99, 'learning_rate_init': 6.285564299997489e-05, 'tol': 0.007883148539279175, 'validation_fraction': 0.11014184201742164}]
/home/ryedida/.local/lib/python3.8/site-packages/sklearn/neural_network/_multilayer_perceptron.py:621: UserWarning: Got `batch_size` less than 1 or larger than sample size. It is going to be clipped
  warnings.warn(

function_evaluation time 0.091487 value -0.311576 suggestion {'alpha': 8.874245432236004, 'batch_size': 133, 'beta_1': 0.9898858036155539, 'beta_2': 0.9999926582501538, 'epsilon': 6.262410711203759e-07, 'hidden_layer_sizes': 99, 'learning_rate_init': 6.285564299997489e-05, 'tol': 0.007883148539279175, 'validation_fraction': 0.11014184201742164}
observation time 0.000003, current best -0.838177 at iter 2
suggestion time taken 15.810571 iter 3 next_points [{'alpha': 0.0003998301858718546, 'batch_size': 70, 'beta_1': 0.9862500740171444, 'beta_2': 0.9424873361295567, 'epsilon': 1.3181908136839695e-08, 'hidden_layer_sizes': 96, 'learning_rate_init': 0.000180485979608818, 'tol': 0.009393659953647715, 'validation_fraction': 0.8248392594743424}]
/home/ryedida/.local/lib/python3.8/site-packages/sklearn/neural_network/_multilayer_perceptron.py:621: UserWarning: Got `batch_size` less than 1 or larger than sample size. It is going to be clipped
  warnings.warn(

function_evaluation time 0.085192 value -0.273645 suggestion {'alpha': 0.0003998301858718546, 'batch_size': 70, 'beta_1': 0.9862500740171444, 'beta_2': 0.9424873361295567, 'epsilon': 1.3181908136839695e-08, 'hidden_layer_sizes': 96, 'learning_rate_init': 0.000180485979608818, 'tol': 0.009393659953647715, 'validation_fraction': 0.8248392594743424}
observation time 0.000004, current best -0.838177 at iter 3
suggestion time taken 15.561272 iter 4 next_points [{'alpha': 0.0033513862861068917, 'batch_size': 47, 'beta_1': 0.9886351288437041, 'beta_2': 0.9999988557760783, 'epsilon': 5.564752292446076e-09, 'hidden_layer_sizes': 60, 'learning_rate_init': 0.0029852723008984687, 'tol': 0.0036581340831298185, 'validation_fraction': 0.12396183821050426}]
function_evaluation time 0.134219 value -0.494089 suggestion {'alpha': 0.0033513862861068917, 'batch_size': 47, 'beta_1': 0.9886351288437041, 'beta_2': 0.9999988557760783, 'epsilon': 5.564752292446076e-09, 'hidden_layer_sizes': 60, 'learning_rate_init': 0.0029852723008984687, 'tol': 0.0036581340831298185, 'validation_fraction': 0.12396183821050426}
observation time 0.000003, current best -0.838177 at iter 4
suggestion time taken 15.876861 iter 5 next_points [{'alpha': 0.010341654602643665, 'batch_size': 136, 'beta_1': 0.9853240950471716, 'beta_2': 0.9999955164476675, 'epsilon': 1.0920366007773278e-07, 'hidden_layer_sizes': 74, 'learning_rate_init': 0.00165732483975123, 'tol': 8.12110240847923e-05, 'validation_fraction': 0.22852700229927136}]
/home/ryedida/.local/lib/python3.8/site-packages/sklearn/neural_network/_multilayer_perceptron.py:621: UserWarning: Got `batch_size` less than 1 or larger than sample size. It is going to be clipped
  warnings.warn(

function_evaluation time 0.125210 value -0.457389 suggestion {'alpha': 0.010341654602643665, 'batch_size': 136, 'beta_1': 0.9853240950471716, 'beta_2': 0.9999955164476675, 'epsilon': 1.0920366007773278e-07, 'hidden_layer_sizes': 74, 'learning_rate_init': 0.00165732483975123, 'tol': 8.12110240847923e-05, 'validation_fraction': 0.22852700229927136}
observation time 0.000003, current best -0.838177 at iter 5
suggestion time taken 16.030281 iter 6 next_points [{'alpha': 4.366111266940962, 'batch_size': 140, 'beta_1': 0.7275076108116293, 'beta_2': 0.9997220805364762, 'epsilon': 1.2824701249294031e-07, 'hidden_layer_sizes': 66, 'learning_rate_init': 8.384113862865895e-05, 'tol': 1.0535076620674068e-05, 'validation_fraction': 0.46773919334975506}]
/home/ryedida/.local/lib/python3.8/site-packages/sklearn/neural_network/_multilayer_perceptron.py:621: UserWarning: Got `batch_size` less than 1 or larger than sample size. It is going to be clipped
  warnings.warn(

function_evaluation time 0.075959 value -0.330296 suggestion {'alpha': 4.366111266940962, 'batch_size': 140, 'beta_1': 0.7275076108116293, 'beta_2': 0.9997220805364762, 'epsilon': 1.2824701249294031e-07, 'hidden_layer_sizes': 66, 'learning_rate_init': 8.384113862865895e-05, 'tol': 1.0535076620674068e-05, 'validation_fraction': 0.46773919334975506}
observation time 0.000003, current best -0.838177 at iter 6
suggestion time taken 15.586990 iter 7 next_points [{'alpha': 5.1197574975982466e-05, 'batch_size': 20, 'beta_1': 0.8883706831072907, 'beta_2': 0.9999052552772631, 'epsilon': 1.915484826133538e-09, 'hidden_layer_sizes': 166, 'learning_rate_init': 0.0006636779256039926, 'tol': 0.011804765218950289, 'validation_fraction': 0.5039859031921209}]
function_evaluation time 0.557941 value -0.851970 suggestion {'alpha': 5.1197574975982466e-05, 'batch_size': 20, 'beta_1': 0.8883706831072907, 'beta_2': 0.9999052552772631, 'epsilon': 1.915484826133538e-09, 'hidden_layer_sizes': 166, 'learning_rate_init': 0.0006636779256039926, 'tol': 0.011804765218950289, 'validation_fraction': 0.5039859031921209}
observation time 0.000014, current best -0.851970 at iter 7
suggestion time taken 16.556259 iter 8 next_points [{'alpha': 6.868564938295208, 'batch_size': 28, 'beta_1': 0.5623322382122349, 'beta_2': 0.9993925117011786, 'epsilon': 1.926422933832933e-07, 'hidden_layer_sizes': 192, 'learning_rate_init': 0.009781813304028896, 'tol': 5.900117981506359e-05, 'validation_fraction': 0.658708303530545}]
function_evaluation time 0.220213 value -0.641626 suggestion {'alpha': 6.868564938295208, 'batch_size': 28, 'beta_1': 0.5623322382122349, 'beta_2': 0.9993925117011786, 'epsilon': 1.926422933832933e-07, 'hidden_layer_sizes': 192, 'learning_rate_init': 0.009781813304028896, 'tol': 5.900117981506359e-05, 'validation_fraction': 0.658708303530545}
observation time 0.000003, current best -0.851970 at iter 8
suggestion time taken 15.949036 iter 9 next_points [{'alpha': 0.019774806300776434, 'batch_size': 134, 'beta_1': 0.9233185137445119, 'beta_2': 0.9971976379893642, 'epsilon': 1.24631868250878e-07, 'hidden_layer_sizes': 94, 'learning_rate_init': 0.03563306528672366, 'tol': 0.02590646267243174, 'validation_fraction': 0.38026219556127583}]
/home/ryedida/.local/lib/python3.8/site-packages/sklearn/neural_network/_multilayer_perceptron.py:621: UserWarning: Got `batch_size` less than 1 or larger than sample size. It is going to be clipped
  warnings.warn(

function_evaluation time 0.151217 value -0.690887 suggestion {'alpha': 0.019774806300776434, 'batch_size': 134, 'beta_1': 0.9233185137445119, 'beta_2': 0.9971976379893642, 'epsilon': 1.24631868250878e-07, 'hidden_layer_sizes': 94, 'learning_rate_init': 0.03563306528672366, 'tol': 0.02590646267243174, 'validation_fraction': 0.38026219556127583}
observation time 0.000003, current best -0.851970 at iter 9
suggestion time taken 15.782513 iter 10 next_points [{'alpha': 0.00043901625934865147, 'batch_size': 140, 'beta_1': 0.9684789859306605, 'beta_2': 0.9999749774361656, 'epsilon': 4.713153025037737e-07, 'hidden_layer_sizes': 152, 'learning_rate_init': 0.0438776296903952, 'tol': 0.07977527306904052, 'validation_fraction': 0.5149511363522012}]
/home/ryedida/.local/lib/python3.8/site-packages/sklearn/neural_network/_multilayer_perceptron.py:621: UserWarning: Got `batch_size` less than 1 or larger than sample size. It is going to be clipped
  warnings.warn(

function_evaluation time 0.136087 value -0.563054 suggestion {'alpha': 0.00043901625934865147, 'batch_size': 140, 'beta_1': 0.9684789859306605, 'beta_2': 0.9999749774361656, 'epsilon': 4.713153025037737e-07, 'hidden_layer_sizes': 152, 'learning_rate_init': 0.0438776296903952, 'tol': 0.07977527306904052, 'validation_fraction': 0.5149511363522012}
observation time 0.000004, current best -0.851970 at iter 10
suggestion time taken 15.960601 iter 11 next_points [{'alpha': 2.4146306503656016, 'batch_size': 141, 'beta_1': 0.7721877623045971, 'beta_2': 0.9087209346423099, 'epsilon': 3.913752054603745e-08, 'hidden_layer_sizes': 178, 'learning_rate_init': 0.030005979657239487, 'tol': 0.0010950330840910642, 'validation_fraction': 0.7701995522382462}]
/home/ryedida/.local/lib/python3.8/site-packages/sklearn/neural_network/_multilayer_perceptron.py:621: UserWarning: Got `batch_size` less than 1 or larger than sample size. It is going to be clipped
  warnings.warn(

function_evaluation time 0.214700 value -0.718473 suggestion {'alpha': 2.4146306503656016, 'batch_size': 141, 'beta_1': 0.7721877623045971, 'beta_2': 0.9087209346423099, 'epsilon': 3.913752054603745e-08, 'hidden_layer_sizes': 178, 'learning_rate_init': 0.030005979657239487, 'tol': 0.0010950330840910642, 'validation_fraction': 0.7701995522382462}
observation time 0.000003, current best -0.851970 at iter 11
suggestion time taken 15.799965 iter 12 next_points [{'alpha': 0.0002095139858165267, 'batch_size': 44, 'beta_1': 0.9895094899072135, 'beta_2': 0.9997142818744527, 'epsilon': 3.5892487505245092e-09, 'hidden_layer_sizes': 51, 'learning_rate_init': 0.0010271673605585776, 'tol': 0.0001952464634964812, 'validation_fraction': 0.6336994519112565}]
function_evaluation time 0.106495 value -0.400000 suggestion {'alpha': 0.0002095139858165267, 'batch_size': 44, 'beta_1': 0.9895094899072135, 'beta_2': 0.9997142818744527, 'epsilon': 3.5892487505245092e-09, 'hidden_layer_sizes': 51, 'learning_rate_init': 0.0010271673605585776, 'tol': 0.0001952464634964812, 'validation_fraction': 0.6336994519112565}
observation time 0.000003, current best -0.851970 at iter 12
suggestion time taken 16.124535 iter 13 next_points [{'alpha': 0.01198353989275089, 'batch_size': 20, 'beta_1': 0.7608551941363408, 'beta_2': 0.9999342668469868, 'epsilon': 2.82912210875469e-08, 'hidden_layer_sizes': 112, 'learning_rate_init': 0.003067989616668984, 'tol': 9.389650853642695e-05, 'validation_fraction': 0.4401924324277451}]
function_evaluation time 0.415754 value -0.866010 suggestion {'alpha': 0.01198353989275089, 'batch_size': 20, 'beta_1': 0.7608551941363408, 'beta_2': 0.9999342668469868, 'epsilon': 2.82912210875469e-08, 'hidden_layer_sizes': 112, 'learning_rate_init': 0.003067989616668984, 'tol': 9.389650853642695e-05, 'validation_fraction': 0.4401924324277451}
observation time 0.000004, current best -0.866010 at iter 13
suggestion time taken 15.664073 iter 14 next_points [{'alpha': 3.463514732284348, 'batch_size': 139, 'beta_1': 0.9747601963663068, 'beta_2': 0.9995687362636465, 'epsilon': 4.865862434129761e-09, 'hidden_layer_sizes': 63, 'learning_rate_init': 7.297800255694755e-05, 'tol': 1.3175081358432549e-05, 'validation_fraction': 0.8118132758455776}]
/home/ryedida/.local/lib/python3.8/site-packages/sklearn/neural_network/_multilayer_perceptron.py:621: UserWarning: Got `batch_size` less than 1 or larger than sample size. It is going to be clipped
  warnings.warn(

function_evaluation time 0.069586 value -0.296552 suggestion {'alpha': 3.463514732284348, 'batch_size': 139, 'beta_1': 0.9747601963663068, 'beta_2': 0.9995687362636465, 'epsilon': 4.865862434129761e-09, 'hidden_layer_sizes': 63, 'learning_rate_init': 7.297800255694755e-05, 'tol': 1.3175081358432549e-05, 'validation_fraction': 0.8118132758455776}
observation time 0.000003, current best -0.866010 at iter 14
suggestion time taken 16.543227 iter 15 next_points [{'alpha': 0.004484043929629862, 'batch_size': 70, 'beta_1': 0.9595129645574542, 'beta_2': 0.9788587250678591, 'epsilon': 9.432718033141837e-08, 'hidden_layer_sizes': 58, 'learning_rate_init': 0.0001609024821003865, 'tol': 0.0934289712217571, 'validation_fraction': 0.17117624718084448}]
function_evaluation time 0.110611 value -0.330542 suggestion {'alpha': 0.004484043929629862, 'batch_size': 70, 'beta_1': 0.9595129645574542, 'beta_2': 0.9788587250678591, 'epsilon': 9.432718033141837e-08, 'hidden_layer_sizes': 58, 'learning_rate_init': 0.0001609024821003865, 'tol': 0.0934289712217571, 'validation_fraction': 0.17117624718084448}
observation time 0.000003, current best -0.866010 at iter 15
suggestion time taken 15.994631 iter 16 next_points [{'alpha': 6.846988428776443e-05, 'batch_size': 10, 'beta_1': 0.6212312289101136, 'beta_2': 0.9968206020549597, 'epsilon': 1.242566878523939e-08, 'hidden_layer_sizes': 115, 'learning_rate_init': 0.0002804839902515141, 'tol': 2.243405298945245e-05, 'validation_fraction': 0.5907471812200877}]
function_evaluation time 0.509752 value -0.554926 suggestion {'alpha': 6.846988428776443e-05, 'batch_size': 10, 'beta_1': 0.6212312289101136, 'beta_2': 0.9968206020549597, 'epsilon': 1.242566878523939e-08, 'hidden_layer_sizes': 115, 'learning_rate_init': 0.0002804839902515141, 'tol': 2.243405298945245e-05, 'validation_fraction': 0.5907471812200877}
observation time 0.000003, current best -0.866010 at iter 16
suggestion time taken 16.402045 iter 17 next_points [{'alpha': 0.027041758433869315, 'batch_size': 47, 'beta_1': 0.9083622330106407, 'beta_2': 0.9999841654810636, 'epsilon': 8.030737371067497e-08, 'hidden_layer_sizes': 182, 'learning_rate_init': 1.4647001827410328e-05, 'tol': 7.424500147919099e-05, 'validation_fraction': 0.1702576545213394}]
function_evaluation time 0.128410 value -0.261330 suggestion {'alpha': 0.027041758433869315, 'batch_size': 47, 'beta_1': 0.9083622330106407, 'beta_2': 0.9999841654810636, 'epsilon': 8.030737371067497e-08, 'hidden_layer_sizes': 182, 'learning_rate_init': 1.4647001827410328e-05, 'tol': 7.424500147919099e-05, 'validation_fraction': 0.1702576545213394}
observation time 0.000003, current best -0.866010 at iter 17
suggestion time taken 15.633787 iter 18 next_points [{'alpha': 0.021442869634140937, 'batch_size': 47, 'beta_1': 0.6883639768601809, 'beta_2': 0.9924832077165543, 'epsilon': 1.1712744915571242e-07, 'hidden_layer_sizes': 131, 'learning_rate_init': 0.0003731713989058891, 'tol': 0.0006633625992438505, 'validation_fraction': 0.12312977140517212}]
function_evaluation time 0.238923 value -0.478818 suggestion {'alpha': 0.021442869634140937, 'batch_size': 47, 'beta_1': 0.6883639768601809, 'beta_2': 0.9924832077165543, 'epsilon': 1.1712744915571242e-07, 'hidden_layer_sizes': 131, 'learning_rate_init': 0.0003731713989058891, 'tol': 0.0006633625992438505, 'validation_fraction': 0.12312977140517212}
observation time 0.000003, current best -0.866010 at iter 18
suggestion time taken 16.494768 iter 19 next_points [{'alpha': 0.03188774021920108, 'batch_size': 69, 'beta_1': 0.9711926030921629, 'beta_2': 0.9999970357792475, 'epsilon': 3.765424597336221e-07, 'hidden_layer_sizes': 51, 'learning_rate_init': 0.012404755367037962, 'tol': 0.0032380023532505194, 'validation_fraction': 0.7518915673347694}]
/home/ryedida/.local/lib/python3.8/site-packages/sklearn/neural_network/_multilayer_perceptron.py:621: UserWarning: Got `batch_size` less than 1 or larger than sample size. It is going to be clipped
  warnings.warn(

function_evaluation time 0.115289 value -0.501724 suggestion {'alpha': 0.03188774021920108, 'batch_size': 69, 'beta_1': 0.9711926030921629, 'beta_2': 0.9999970357792475, 'epsilon': 3.765424597336221e-07, 'hidden_layer_sizes': 51, 'learning_rate_init': 0.012404755367037962, 'tol': 0.0032380023532505194, 'validation_fraction': 0.7518915673347694}
observation time 0.000004, current best -0.866010 at iter 19
suggestion time taken 16.784926 iter 20 next_points [{'alpha': 0.0011519988969362857, 'batch_size': 68, 'beta_1': 0.5637970529994362, 'beta_2': 0.9996951791262416, 'epsilon': 1.1390000760712483e-08, 'hidden_layer_sizes': 99, 'learning_rate_init': 0.0034958929193948467, 'tol': 0.08966905036116415, 'validation_fraction': 0.6019119345603123}]
/home/ryedida/.local/lib/python3.8/site-packages/sklearn/neural_network/_multilayer_perceptron.py:621: UserWarning: Got `batch_size` less than 1 or larger than sample size. It is going to be clipped
  warnings.warn(

function_evaluation time 0.094609 value -0.577340 suggestion {'alpha': 0.0011519988969362857, 'batch_size': 68, 'beta_1': 0.5637970529994362, 'beta_2': 0.9996951791262416, 'epsilon': 1.1390000760712483e-08, 'hidden_layer_sizes': 99, 'learning_rate_init': 0.0034958929193948467, 'tol': 0.08966905036116415, 'validation_fraction': 0.6019119345603123}
observation time 0.000003, current best -0.866010 at iter 20
suggestion time taken 15.990796 iter 21 next_points [{'alpha': 8.409028633518701e-05, 'batch_size': 10, 'beta_1': 0.8628303783848272, 'beta_2': 0.9637336022475572, 'epsilon': 3.926960873903253e-09, 'hidden_layer_sizes': 140, 'learning_rate_init': 0.015111108484152456, 'tol': 1.2156029916527785e-05, 'validation_fraction': 0.5667900474692291}]
function_evaluation time 0.459539 value -0.852709 suggestion {'alpha': 8.409028633518701e-05, 'batch_size': 10, 'beta_1': 0.8628303783848272, 'beta_2': 0.9637336022475572, 'epsilon': 3.926960873903253e-09, 'hidden_layer_sizes': 140, 'learning_rate_init': 0.015111108484152456, 'tol': 1.2156029916527785e-05, 'validation_fraction': 0.5667900474692291}
observation time 0.000004, current best -0.866010 at iter 21
suggestion time taken 16.425705 iter 22 next_points [{'alpha': 0.00038758556182474636, 'batch_size': 132, 'beta_1': 0.8722818079139231, 'beta_2': 0.9218389546432857, 'epsilon': 7.079879648045289e-08, 'hidden_layer_sizes': 191, 'learning_rate_init': 5.563233675361627e-05, 'tol': 1.3884748282875534e-05, 'validation_fraction': 0.5390198506260662}]
/home/ryedida/.local/lib/python3.8/site-packages/sklearn/neural_network/_multilayer_perceptron.py:621: UserWarning: Got `batch_size` less than 1 or larger than sample size. It is going to be clipped
  warnings.warn(

function_evaluation time 0.088920 value -0.359360 suggestion {'alpha': 0.00038758556182474636, 'batch_size': 132, 'beta_1': 0.8722818079139231, 'beta_2': 0.9218389546432857, 'epsilon': 7.079879648045289e-08, 'hidden_layer_sizes': 191, 'learning_rate_init': 5.563233675361627e-05, 'tol': 1.3884748282875534e-05, 'validation_fraction': 0.5390198506260662}
observation time 0.000003, current best -0.866010 at iter 22
suggestion time taken 16.506711 iter 23 next_points [{'alpha': 0.00028608473835336183, 'batch_size': 14, 'beta_1': 0.6538846872272963, 'beta_2': 0.9995443360741878, 'epsilon': 8.636385516563164e-09, 'hidden_layer_sizes': 81, 'learning_rate_init': 7.419701459279275e-05, 'tol': 0.017184208365515916, 'validation_fraction': 0.6038981533376281}]
function_evaluation time 0.139327 value -0.345074 suggestion {'alpha': 0.00028608473835336183, 'batch_size': 14, 'beta_1': 0.6538846872272963, 'beta_2': 0.9995443360741878, 'epsilon': 8.636385516563164e-09, 'hidden_layer_sizes': 81, 'learning_rate_init': 7.419701459279275e-05, 'tol': 0.017184208365515916, 'validation_fraction': 0.6038981533376281}
observation time 0.000003, current best -0.866010 at iter 23
suggestion time taken 16.414662 iter 24 next_points [{'alpha': 0.025815145742002006, 'batch_size': 23, 'beta_1': 0.9617254081759588, 'beta_2': 0.9970110338443813, 'epsilon': 1.7603679573386913e-09, 'hidden_layer_sizes': 172, 'learning_rate_init': 2.8369112706293146e-05, 'tol': 0.0022356443145072503, 'validation_fraction': 0.5609581120107869}]
function_evaluation time 0.211555 value -0.457635 suggestion {'alpha': 0.025815145742002006, 'batch_size': 23, 'beta_1': 0.9617254081759588, 'beta_2': 0.9970110338443813, 'epsilon': 1.7603679573386913e-09, 'hidden_layer_sizes': 172, 'learning_rate_init': 2.8369112706293146e-05, 'tol': 0.0022356443145072503, 'validation_fraction': 0.5609581120107869}
observation time 0.000003, current best -0.866010 at iter 24
suggestion time taken 15.909209 iter 25 next_points [{'alpha': 0.7705212953977285, 'batch_size': 14, 'beta_1': 0.6879519513502451, 'beta_2': 0.997611000108714, 'epsilon': 2.9281727325272496e-08, 'hidden_layer_sizes': 127, 'learning_rate_init': 2.5290544410645132e-05, 'tol': 1.9193704180882974e-05, 'validation_fraction': 0.22837824116302255}]
function_evaluation time 0.240615 value -0.416502 suggestion {'alpha': 0.7705212953977285, 'batch_size': 14, 'beta_1': 0.6879519513502451, 'beta_2': 0.997611000108714, 'epsilon': 2.9281727325272496e-08, 'hidden_layer_sizes': 127, 'learning_rate_init': 2.5290544410645132e-05, 'tol': 1.9193704180882974e-05, 'validation_fraction': 0.22837824116302255}
observation time 0.000003, current best -0.866010 at iter 25
suggestion time taken 16.566214 iter 26 next_points [{'alpha': 4.2480403131113205, 'batch_size': 14, 'beta_1': 0.9418907146601118, 'beta_2': 0.9999758400517397, 'epsilon': 3.9660572354940653e-07, 'hidden_layer_sizes': 73, 'learning_rate_init': 0.00035482752549550686, 'tol': 0.00011831503703242118, 'validation_fraction': 0.5112592718332799}]
function_evaluation time 0.559951 value -0.676108 suggestion {'alpha': 4.2480403131113205, 'batch_size': 14, 'beta_1': 0.9418907146601118, 'beta_2': 0.9999758400517397, 'epsilon': 3.9660572354940653e-07, 'hidden_layer_sizes': 73, 'learning_rate_init': 0.00035482752549550686, 'tol': 0.00011831503703242118, 'validation_fraction': 0.5112592718332799}
observation time 0.000003, current best -0.866010 at iter 26
suggestion time taken 16.023983 iter 27 next_points [{'alpha': 5.2905944673655194e-05, 'batch_size': 141, 'beta_1': 0.8869885278283176, 'beta_2': 0.9999783870190979, 'epsilon': 1.2920104432544148e-09, 'hidden_layer_sizes': 137, 'learning_rate_init': 0.003109417276759214, 'tol': 0.005155802971836271, 'validation_fraction': 0.8886058996472251}]
/home/ryedida/.local/lib/python3.8/site-packages/sklearn/neural_network/_multilayer_perceptron.py:621: UserWarning: Got `batch_size` less than 1 or larger than sample size. It is going to be clipped
  warnings.warn(

function_evaluation time 0.119915 value -0.511576 suggestion {'alpha': 5.2905944673655194e-05, 'batch_size': 141, 'beta_1': 0.8869885278283176, 'beta_2': 0.9999783870190979, 'epsilon': 1.2920104432544148e-09, 'hidden_layer_sizes': 137, 'learning_rate_init': 0.003109417276759214, 'tol': 0.005155802971836271, 'validation_fraction': 0.8886058996472251}
observation time 0.000003, current best -0.866010 at iter 27
suggestion time taken 15.702599 iter 28 next_points [{'alpha': 0.0004182557850411151, 'batch_size': 28, 'beta_1': 0.914174850431417, 'beta_2': 0.9952541927623116, 'epsilon': 2.7273425799566807e-09, 'hidden_layer_sizes': 131, 'learning_rate_init': 0.00047538921781874736, 'tol': 0.0010939356052526866, 'validation_fraction': 0.782311253722454}]
function_evaluation time 0.085289 value -0.338424 suggestion {'alpha': 0.0004182557850411151, 'batch_size': 28, 'beta_1': 0.914174850431417, 'beta_2': 0.9952541927623116, 'epsilon': 2.7273425799566807e-09, 'hidden_layer_sizes': 131, 'learning_rate_init': 0.00047538921781874736, 'tol': 0.0010939356052526866, 'validation_fraction': 0.782311253722454}
observation time 0.000003, current best -0.866010 at iter 28
suggestion time taken 16.702205 iter 29 next_points [{'alpha': 0.018990675042826536, 'batch_size': 138, 'beta_1': 0.5881479988970874, 'beta_2': 0.9615316108900739, 'epsilon': 3.002854617657769e-08, 'hidden_layer_sizes': 88, 'learning_rate_init': 7.480913463062111e-05, 'tol': 0.00022938556319964136, 'validation_fraction': 0.27880391814102773}]
/home/ryedida/.local/lib/python3.8/site-packages/sklearn/neural_network/_multilayer_perceptron.py:621: UserWarning: Got `batch_size` less than 1 or larger than sample size. It is going to be clipped
  warnings.warn(

function_evaluation time 0.078352 value -0.351724 suggestion {'alpha': 0.018990675042826536, 'batch_size': 138, 'beta_1': 0.5881479988970874, 'beta_2': 0.9615316108900739, 'epsilon': 3.002854617657769e-08, 'hidden_layer_sizes': 88, 'learning_rate_init': 7.480913463062111e-05, 'tol': 0.00022938556319964136, 'validation_fraction': 0.27880391814102773}
observation time 0.000003, current best -0.866010 at iter 29
suggestion time taken 15.668217 iter 30 next_points [{'alpha': 4.768321011695156, 'batch_size': 141, 'beta_1': 0.9157118464528513, 'beta_2': 0.9999298747989455, 'epsilon': 5.350603421920189e-09, 'hidden_layer_sizes': 58, 'learning_rate_init': 0.003251509202687893, 'tol': 0.0006860909202691651, 'validation_fraction': 0.5915184918185125}]
/home/ryedida/.local/lib/python3.8/site-packages/sklearn/neural_network/_multilayer_perceptron.py:621: UserWarning: Got `batch_size` less than 1 or larger than sample size. It is going to be clipped
  warnings.warn(

function_evaluation time 0.182769 value -0.557882 suggestion {'alpha': 4.768321011695156, 'batch_size': 141, 'beta_1': 0.9157118464528513, 'beta_2': 0.9999298747989455, 'epsilon': 5.350603421920189e-09, 'hidden_layer_sizes': 58, 'learning_rate_init': 0.003251509202687893, 'tol': 0.0006860909202691651, 'validation_fraction': 0.5915184918185125}
observation time 0.000003, current best -0.866010 at iter 30
suggestion time taken 16.728038 iter 31 next_points [{'alpha': 0.00015065013758900486, 'batch_size': 20, 'beta_1': 0.9881500403753677, 'beta_2': 0.9996033476675001, 'epsilon': 2.4191977815648576e-07, 'hidden_layer_sizes': 133, 'learning_rate_init': 0.006664303782117933, 'tol': 0.01325648135966328, 'validation_fraction': 0.7345954602107816}]
function_evaluation time 0.192531 value -0.584236 suggestion {'alpha': 0.00015065013758900486, 'batch_size': 20, 'beta_1': 0.9881500403753677, 'beta_2': 0.9996033476675001, 'epsilon': 2.4191977815648576e-07, 'hidden_layer_sizes': 133, 'learning_rate_init': 0.006664303782117933, 'tol': 0.01325648135966328, 'validation_fraction': 0.7345954602107816}
observation time 0.000004, current best -0.866010 at iter 31
suggestion time taken 15.701909 iter 32 next_points [{'alpha': 5.073646803812771e-05, 'batch_size': 34, 'beta_1': 0.9052349882014451, 'beta_2': 0.9753366477016885, 'epsilon': 9.111995140486665e-09, 'hidden_layer_sizes': 110, 'learning_rate_init': 0.0567105813889854, 'tol': 0.020161200117488256, 'validation_fraction': 0.5400033561175479}]
function_evaluation time 0.175190 value -0.688670 suggestion {'alpha': 5.073646803812771e-05, 'batch_size': 34, 'beta_1': 0.9052349882014451, 'beta_2': 0.9753366477016885, 'epsilon': 9.111995140486665e-09, 'hidden_layer_sizes': 110, 'learning_rate_init': 0.0567105813889854, 'tol': 0.020161200117488256, 'validation_fraction': 0.5400033561175479}
observation time 0.000003, current best -0.866010 at iter 32
suggestion time taken 16.678044 iter 33 next_points [{'alpha': 1.1652658102233817e-05, 'batch_size': 35, 'beta_1': 0.9277222305290089, 'beta_2': 0.9999986451883777, 'epsilon': 2.2122607280568945e-09, 'hidden_layer_sizes': 71, 'learning_rate_init': 0.023344461382201455, 'tol': 0.00019303223542585957, 'validation_fraction': 0.3407960852940871}]
function_evaluation time 0.368107 value -0.801724 suggestion {'alpha': 1.1652658102233817e-05, 'batch_size': 35, 'beta_1': 0.9277222305290089, 'beta_2': 0.9999986451883777, 'epsilon': 2.2122607280568945e-09, 'hidden_layer_sizes': 71, 'learning_rate_init': 0.023344461382201455, 'tol': 0.00019303223542585957, 'validation_fraction': 0.3407960852940871}
observation time 0.000004, current best -0.866010 at iter 33
suggestion time taken 15.778552 iter 34 next_points [{'alpha': 3.963312572752259e-05, 'batch_size': 20, 'beta_1': 0.9262236844786612, 'beta_2': 0.9999977960021564, 'epsilon': 3.066153348870233e-08, 'hidden_layer_sizes': 193, 'learning_rate_init': 3.924334389137032e-05, 'tol': 0.015020097568822301, 'validation_fraction': 0.6019181508177407}]
function_evaluation time 0.220310 value -0.505665 suggestion {'alpha': 3.963312572752259e-05, 'batch_size': 20, 'beta_1': 0.9262236844786612, 'beta_2': 0.9999977960021564, 'epsilon': 3.066153348870233e-08, 'hidden_layer_sizes': 193, 'learning_rate_init': 3.924334389137032e-05, 'tol': 0.015020097568822301, 'validation_fraction': 0.6019181508177407}
observation time 0.000003, current best -0.866010 at iter 34
suggestion time taken 16.743525 iter 35 next_points [{'alpha': 0.017599038339473592, 'batch_size': 70, 'beta_1': 0.9539354806274292, 'beta_2': 0.9294798577317301, 'epsilon': 9.528975009862045e-07, 'hidden_layer_sizes': 169, 'learning_rate_init': 0.003111016757795608, 'tol': 0.00025563614677876075, 'validation_fraction': 0.1275792253574193}]
function_evaluation time 0.313924 value -0.707143 suggestion {'alpha': 0.017599038339473592, 'batch_size': 70, 'beta_1': 0.9539354806274292, 'beta_2': 0.9294798577317301, 'epsilon': 9.528975009862045e-07, 'hidden_layer_sizes': 169, 'learning_rate_init': 0.003111016757795608, 'tol': 0.00025563614677876075, 'validation_fraction': 0.1275792253574193}
observation time 0.000004, current best -0.866010 at iter 35
suggestion time taken 15.722210 iter 36 next_points [{'alpha': 7.988794326053719, 'batch_size': 47, 'beta_1': 0.6825655570063712, 'beta_2': 0.9957171865917415, 'epsilon': 7.626406502217609e-09, 'hidden_layer_sizes': 129, 'learning_rate_init': 4.576728881270524e-05, 'tol': 0.001180553130250403, 'validation_fraction': 0.8567428598730291}]
/home/ryedida/.local/lib/python3.8/site-packages/sklearn/neural_network/_multilayer_perceptron.py:621: UserWarning: Got `batch_size` less than 1 or larger than sample size. It is going to be clipped
  warnings.warn(

function_evaluation time 0.098932 value -0.337438 suggestion {'alpha': 7.988794326053719, 'batch_size': 47, 'beta_1': 0.6825655570063712, 'beta_2': 0.9957171865917415, 'epsilon': 7.626406502217609e-09, 'hidden_layer_sizes': 129, 'learning_rate_init': 4.576728881270524e-05, 'tol': 0.001180553130250403, 'validation_fraction': 0.8567428598730291}
observation time 0.000003, current best -0.866010 at iter 36
suggestion time taken 16.435111 iter 37 next_points [{'alpha': 0.5873935407896186, 'batch_size': 20, 'beta_1': 0.9620236938913129, 'beta_2': 0.9999897808960281, 'epsilon': 9.535649077636812e-07, 'hidden_layer_sizes': 64, 'learning_rate_init': 0.0007092489482625573, 'tol': 0.00011646297638033006, 'validation_fraction': 0.30691428576423674}]
function_evaluation time 0.282136 value -0.578325 suggestion {'alpha': 0.5873935407896186, 'batch_size': 20, 'beta_1': 0.9620236938913129, 'beta_2': 0.9999897808960281, 'epsilon': 9.535649077636812e-07, 'hidden_layer_sizes': 64, 'learning_rate_init': 0.0007092489482625573, 'tol': 0.00011646297638033006, 'validation_fraction': 0.30691428576423674}
observation time 0.000003, current best -0.866010 at iter 37
suggestion time taken 15.879898 iter 38 next_points [{'alpha': 0.0037581402254276888, 'batch_size': 136, 'beta_1': 0.7808225567695084, 'beta_2': 0.9999649795419291, 'epsilon': 1.4729354031565058e-08, 'hidden_layer_sizes': 124, 'learning_rate_init': 0.003888247213153138, 'tol': 0.000160983445108321, 'validation_fraction': 0.851334869578737}]
/home/ryedida/.local/lib/python3.8/site-packages/sklearn/neural_network/_multilayer_perceptron.py:621: UserWarning: Got `batch_size` less than 1 or larger than sample size. It is going to be clipped
  warnings.warn(

function_evaluation time 0.216847 value -0.780788 suggestion {'alpha': 0.0037581402254276888, 'batch_size': 136, 'beta_1': 0.7808225567695084, 'beta_2': 0.9999649795419291, 'epsilon': 1.4729354031565058e-08, 'hidden_layer_sizes': 124, 'learning_rate_init': 0.003888247213153138, 'tol': 0.000160983445108321, 'validation_fraction': 0.851334869578737}
observation time 0.000003, current best -0.866010 at iter 38
suggestion time taken 15.996060 iter 39 next_points [{'alpha': 0.15489823890271992, 'batch_size': 15, 'beta_1': 0.897883176411702, 'beta_2': 0.9990051587252838, 'epsilon': 1.9054143836030177e-08, 'hidden_layer_sizes': 116, 'learning_rate_init': 0.0940862353062119, 'tol': 0.007548763952075334, 'validation_fraction': 0.12626842518721712}]
function_evaluation time 0.283624 value -0.569951 suggestion {'alpha': 0.15489823890271992, 'batch_size': 15, 'beta_1': 0.897883176411702, 'beta_2': 0.9990051587252838, 'epsilon': 1.9054143836030177e-08, 'hidden_layer_sizes': 116, 'learning_rate_init': 0.0940862353062119, 'tol': 0.007548763952075334, 'validation_fraction': 0.12626842518721712}
observation time 0.000004, current best -0.866010 at iter 39
suggestion time taken 16.614833 iter 40 next_points [{'alpha': 0.0358594070103014, 'batch_size': 28, 'beta_1': 0.9108037840736111, 'beta_2': 0.9999804283762735, 'epsilon': 1.3402999844219685e-09, 'hidden_layer_sizes': 167, 'learning_rate_init': 0.02176220034540272, 'tol': 0.005262620249890992, 'validation_fraction': 0.71151721343603}]
function_evaluation time 0.362875 value -0.824877 suggestion {'alpha': 0.0358594070103014, 'batch_size': 28, 'beta_1': 0.9108037840736111, 'beta_2': 0.9999804283762735, 'epsilon': 1.3402999844219685e-09, 'hidden_layer_sizes': 167, 'learning_rate_init': 0.02176220034540272, 'tol': 0.005262620249890992, 'validation_fraction': 0.71151721343603}
observation time 0.000004, current best -0.866010 at iter 40
suggestion time taken 15.916056 iter 41 next_points [{'alpha': 9.760522613127377e-05, 'batch_size': 23, 'beta_1': 0.9677734592417353, 'beta_2': 0.9999942337124847, 'epsilon': 5.277955501804853e-09, 'hidden_layer_sizes': 153, 'learning_rate_init': 0.05489569900818313, 'tol': 0.029181050111078397, 'validation_fraction': 0.10953582595810676}]
function_evaluation time 0.323730 value -0.605911 suggestion {'alpha': 9.760522613127377e-05, 'batch_size': 23, 'beta_1': 0.9677734592417353, 'beta_2': 0.9999942337124847, 'epsilon': 5.277955501804853e-09, 'hidden_layer_sizes': 153, 'learning_rate_init': 0.05489569900818313, 'tol': 0.029181050111078397, 'validation_fraction': 0.10953582595810676}
observation time 0.000003, current best -0.866010 at iter 41
suggestion time taken 16.239432 iter 42 next_points [{'alpha': 0.008668315277992764, 'batch_size': 20, 'beta_1': 0.8285774300961861, 'beta_2': 0.9998422493220078, 'epsilon': 4.842825055662035e-07, 'hidden_layer_sizes': 189, 'learning_rate_init': 0.0028466512568367523, 'tol': 0.0186462779887853, 'validation_fraction': 0.3306461430026685}]
function_evaluation time 0.332083 value -0.719458 suggestion {'alpha': 0.008668315277992764, 'batch_size': 20, 'beta_1': 0.8285774300961861, 'beta_2': 0.9998422493220078, 'epsilon': 4.842825055662035e-07, 'hidden_layer_sizes': 189, 'learning_rate_init': 0.0028466512568367523, 'tol': 0.0186462779887853, 'validation_fraction': 0.3306461430026685}
observation time 0.000003, current best -0.866010 at iter 42
suggestion time taken 16.248400 iter 43 next_points [{'alpha': 2.1839288631014706, 'batch_size': 47, 'beta_1': 0.8179651550359862, 'beta_2': 0.9999674695086986, 'epsilon': 2.563964540694638e-09, 'hidden_layer_sizes': 50, 'learning_rate_init': 5.422808975686048e-05, 'tol': 0.0050225787943572, 'validation_fraction': 0.7982351012591442}]
/home/ryedida/.local/lib/python3.8/site-packages/sklearn/neural_network/_multilayer_perceptron.py:621: UserWarning: Got `batch_size` less than 1 or larger than sample size. It is going to be clipped
  warnings.warn(

function_evaluation time 0.069933 value -0.323645 suggestion {'alpha': 2.1839288631014706, 'batch_size': 47, 'beta_1': 0.8179651550359862, 'beta_2': 0.9999674695086986, 'epsilon': 2.563964540694638e-09, 'hidden_layer_sizes': 50, 'learning_rate_init': 5.422808975686048e-05, 'tol': 0.0050225787943572, 'validation_fraction': 0.7982351012591442}
observation time 0.000003, current best -0.866010 at iter 43
suggestion time taken 15.816897 iter 44 next_points [{'alpha': 0.011610309654453959, 'batch_size': 20, 'beta_1': 0.8442265735846141, 'beta_2': 0.9999891627488099, 'epsilon': 4.3017167669501005e-09, 'hidden_layer_sizes': 129, 'learning_rate_init': 3.7746151636078505e-05, 'tol': 0.0002155112715234669, 'validation_fraction': 0.8996800225938091}]
/home/ryedida/.local/lib/python3.8/site-packages/sklearn/neural_network/_multilayer_perceptron.py:621: UserWarning: Got `batch_size` less than 1 or larger than sample size. It is going to be clipped
  warnings.warn(

function_evaluation time 0.074080 value -0.345074 suggestion {'alpha': 0.011610309654453959, 'batch_size': 20, 'beta_1': 0.8442265735846141, 'beta_2': 0.9999891627488099, 'epsilon': 4.3017167669501005e-09, 'hidden_layer_sizes': 129, 'learning_rate_init': 3.7746151636078505e-05, 'tol': 0.0002155112715234669, 'validation_fraction': 0.8996800225938091}
observation time 0.000003, current best -0.866010 at iter 44
saving meta data: {'args': {'--uuid': '3fcbc5717ad853f3b4d45b2f82b7967d', '-db-root': '/home/ryedida/bbo_challenge_starter_kit/output', '--opt-root': '/home/ryedida/bbo_challenge_starter_kit/example_submissions', '--data-root': None, '--db': 'run_20231015_053414', '--opt': 'strongcvx', '--data': 'wine', '--classifier': 'MLP-adam', '--metric': 'acc', '--calls': 45, '--suggestions': 1, '--jobs-file': None, '--verbose': False, 'dry_run': False, 'rev': 'a376313', 'opt_rev': 'x.x.x'}, 'signature': ([{'alpha': 0.019628224813442792, 'batch_size': 182, 'beta_1': 0.9410202200271762, 'beta_2': 0.9998021557676793, 'epsilon': 1.8662266976518e-08, 'hidden_layer_sizes': 147, 'learning_rate_init': 0.0005627932047415167, 'tol': 0.03690557729213761, 'validation_fraction': 0.8846827852548593}, {'alpha': 0.001998246739232944, 'batch_size': 200, 'beta_1': 0.919111482530466, 'beta_2': 0.9998488260436156, 'epsilon': 5.981221901152555e-07, 'hidden_layer_sizes': 61, 'learning_rate_init': 2.2310905607443014e-05, 'tol': 1.2046852412030316e-05, 'validation_fraction': 0.8117896445826539}, {'alpha': 0.46659545670218433, 'batch_size': 219, 'beta_1': 0.9889789783750891, 'beta_2': 0.9999896868093284, 'epsilon': 2.4234724484675948e-08, 'hidden_layer_sizes': 167, 'learning_rate_init': 2.972334644335654e-05, 'tol': 0.0036281404040243792, 'validation_fraction': 0.17260651658522078}, {'alpha': 4.656005689076002, 'batch_size': 135, 'beta_1': 0.870503881627747, 'beta_2': 0.9948873266941017, 'epsilon': 2.1023308743480125e-07, 'hidden_layer_sizes': 118, 'learning_rate_init': 0.001878173875716191, 'tol': 1.1889379831773006e-05, 'validation_fraction': 0.6264327093752792}, {'alpha': 0.04705159350400542, 'batch_size': 158, 'beta_1': 0.9870884262730957, 'beta_2': 0.9999596874382349, 'epsilon': 1.1981845126013875e-08, 'hidden_layer_sizes': 116, 'learning_rate_init': 0.006173405204074311, 'tol': 1.7414134181586194e-05, 'validation_fraction': 0.6754299026638921}], [-0.4359605911330049, -0.3169950738916256, -0.3312807881773399, -0.6620689655172413, -0.5017241379310344])}
saving results
saving timing
saving suggest log
done
