running: {'--uuid': '7d473f940ea65ec18282d4bb50e861ae', '-db-root': '/home/ryedida/bbo_challenge_starter_kit/output', '--opt-root': '/home/ryedida/bbo_challenge_starter_kit/example_submissions', '--data-root': None, '--db': 'run_20231015_053414', '--opt': 'strongcvx', '--data': 'wine', '--classifier': 'MLP-adam', '--metric': 'acc', '--calls': 45, '--suggestions': 1, '--jobs-file': None, '--verbose': False, 'dry_run': False, 'rev': 'a376313', 'opt_rev': 'x.x.x'}
cmd: python strongcvx/optimizer.py -c MLP-adam -d wine -o strongcvx -u 7d473f940ea65ec18282d4bb50e861ae -m acc -n 45 -p 1 -dir /home/ryedida/bbo_challenge_starter_kit/output -b run_20231015_053414
/home/ryedida/.local/lib/python3.8/site-packages/sklearn/neural_network/_multilayer_perceptron.py:621: UserWarning: Got `batch_size` less than 1 or larger than sample size. It is going to be clipped
  warnings.warn(

/home/ryedida/.local/lib/python3.8/site-packages/sklearn/neural_network/_multilayer_perceptron.py:621: UserWarning: Got `batch_size` less than 1 or larger than sample size. It is going to be clipped
  warnings.warn(

/home/ryedida/.local/lib/python3.8/site-packages/sklearn/neural_network/_multilayer_perceptron.py:621: UserWarning: Got `batch_size` less than 1 or larger than sample size. It is going to be clipped
  warnings.warn(

/home/ryedida/.local/lib/python3.8/site-packages/sklearn/neural_network/_multilayer_perceptron.py:621: UserWarning: Got `batch_size` less than 1 or larger than sample size. It is going to be clipped
  warnings.warn(

/home/ryedida/.local/lib/python3.8/site-packages/sklearn/neural_network/_multilayer_perceptron.py:621: UserWarning: Got `batch_size` less than 1 or larger than sample size. It is going to be clipped
  warnings.warn(

computed signature: ([{'alpha': 0.019628224813442792, 'batch_size': 182, 'beta_1': 0.9410202200271762, 'beta_2': 0.9998021557676793, 'epsilon': 1.8662266976518e-08, 'hidden_layer_sizes': 147, 'learning_rate_init': 0.0005627932047415167, 'tol': 0.03690557729213761, 'validation_fraction': 0.8846827852548593}, {'alpha': 0.001998246739232944, 'batch_size': 200, 'beta_1': 0.919111482530466, 'beta_2': 0.9998488260436156, 'epsilon': 5.981221901152555e-07, 'hidden_layer_sizes': 61, 'learning_rate_init': 2.2310905607443014e-05, 'tol': 1.2046852412030316e-05, 'validation_fraction': 0.8117896445826539}, {'alpha': 0.46659545670218433, 'batch_size': 219, 'beta_1': 0.9889789783750891, 'beta_2': 0.9999896868093284, 'epsilon': 2.4234724484675948e-08, 'hidden_layer_sizes': 167, 'learning_rate_init': 2.972334644335654e-05, 'tol': 0.0036281404040243792, 'validation_fraction': 0.17260651658522078}, {'alpha': 4.656005689076002, 'batch_size': 135, 'beta_1': 0.870503881627747, 'beta_2': 0.9948873266941017, 'epsilon': 2.1023308743480125e-07, 'hidden_layer_sizes': 118, 'learning_rate_init': 0.001878173875716191, 'tol': 1.1889379831773006e-05, 'validation_fraction': 0.6264327093752792}, {'alpha': 0.04705159350400542, 'batch_size': 158, 'beta_1': 0.9870884262730957, 'beta_2': 0.9999596874382349, 'epsilon': 1.1981845126013875e-08, 'hidden_layer_sizes': 116, 'learning_rate_init': 0.006173405204074311, 'tol': 1.7414134181586194e-05, 'validation_fraction': 0.6754299026638921}], [-0.4359605911330049, -0.3169950738916256, -0.3312807881773399, -0.6620689655172413, -0.5017241379310344])
/home/ryedida/.local/lib/python3.8/site-packages/bayesmark/experiment.py:470: UserWarning: Baselines not found. Will not log intermediate scores.
  warnings.warn("Baselines not found. Will not log intermediate scores.")

starting sklearn study strongcvx MLP-adam wine acc 45 1
with data root: None
suggestion time taken 15.432822 iter 0 next_points [{'alpha': 0.0011420541648812733, 'batch_size': 135, 'beta_1': 0.5204539638549756, 'beta_2': 0.909825957811221, 'epsilon': 1.92099245155076e-09, 'hidden_layer_sizes': 125, 'learning_rate_init': 0.026412057207589646, 'tol': 0.0003777367453709881, 'validation_fraction': 0.2997253564562545}]
/home/ryedida/.local/lib/python3.8/site-packages/sklearn/neural_network/_multilayer_perceptron.py:621: UserWarning: Got `batch_size` less than 1 or larger than sample size. It is going to be clipped
  warnings.warn(

function_evaluation time 0.198475 value -0.662562 suggestion {'alpha': 0.0011420541648812733, 'batch_size': 135, 'beta_1': 0.5204539638549756, 'beta_2': 0.909825957811221, 'epsilon': 1.92099245155076e-09, 'hidden_layer_sizes': 125, 'learning_rate_init': 0.026412057207589646, 'tol': 0.0003777367453709881, 'validation_fraction': 0.2997253564562545}
observation time 0.000003, current best -0.662562 at iter 0
suggestion time taken 15.150593 iter 1 next_points [{'alpha': 0.00018330351297369665, 'batch_size': 11, 'beta_1': 0.5855854111459381, 'beta_2': 0.999928949165235, 'epsilon': 2.524322448443609e-07, 'hidden_layer_sizes': 152, 'learning_rate_init': 0.0009647394513262717, 'tol': 0.027023098550673644, 'validation_fraction': 0.6302117297129527}]
function_evaluation time 0.259546 value -0.675369 suggestion {'alpha': 0.00018330351297369665, 'batch_size': 11, 'beta_1': 0.5855854111459381, 'beta_2': 0.999928949165235, 'epsilon': 2.524322448443609e-07, 'hidden_layer_sizes': 152, 'learning_rate_init': 0.0009647394513262717, 'tol': 0.027023098550673644, 'validation_fraction': 0.6302117297129527}
observation time 0.000003, current best -0.675369 at iter 1
suggestion time taken 14.696744 iter 2 next_points [{'alpha': 0.019485981399964387, 'batch_size': 10, 'beta_1': 0.9583635611288388, 'beta_2': 0.9998983638761965, 'epsilon': 8.831274087843343e-09, 'hidden_layer_sizes': 62, 'learning_rate_init': 2.5085010870761232e-05, 'tol': 2.2862980293469855e-05, 'validation_fraction': 0.820973751792235}]
function_evaluation time 0.092810 value -0.323645 suggestion {'alpha': 0.019485981399964387, 'batch_size': 10, 'beta_1': 0.9583635611288388, 'beta_2': 0.9998983638761965, 'epsilon': 8.831274087843343e-09, 'hidden_layer_sizes': 62, 'learning_rate_init': 2.5085010870761232e-05, 'tol': 2.2862980293469855e-05, 'validation_fraction': 0.820973751792235}
observation time 0.000021, current best -0.675369 at iter 2
suggestion time taken 15.261072 iter 3 next_points [{'alpha': 0.029798872814254924, 'batch_size': 20, 'beta_1': 0.987037805411325, 'beta_2': 0.9995812009648722, 'epsilon': 1.1140921274659793e-09, 'hidden_layer_sizes': 52, 'learning_rate_init': 0.008693149395579327, 'tol': 0.005276671393418732, 'validation_fraction': 0.6655584632781958}]
function_evaluation time 0.243766 value -0.641133 suggestion {'alpha': 0.029798872814254924, 'batch_size': 20, 'beta_1': 0.987037805411325, 'beta_2': 0.9995812009648722, 'epsilon': 1.1140921274659793e-09, 'hidden_layer_sizes': 52, 'learning_rate_init': 0.008693149395579327, 'tol': 0.005276671393418732, 'validation_fraction': 0.6655584632781958}
observation time 0.000003, current best -0.675369 at iter 3
suggestion time taken 15.238101 iter 4 next_points [{'alpha': 1.7976864579343763, 'batch_size': 141, 'beta_1': 0.7536750850392981, 'beta_2': 0.9999892906995668, 'epsilon': 9.4080149248515e-09, 'hidden_layer_sizes': 188, 'learning_rate_init': 0.00021352734282449937, 'tol': 0.028590085700706144, 'validation_fraction': 0.5460403525652227}]
/home/ryedida/.local/lib/python3.8/site-packages/sklearn/neural_network/_multilayer_perceptron.py:621: UserWarning: Got `batch_size` less than 1 or larger than sample size. It is going to be clipped
  warnings.warn(

function_evaluation time 0.125286 value -0.415271 suggestion {'alpha': 1.7976864579343763, 'batch_size': 141, 'beta_1': 0.7536750850392981, 'beta_2': 0.9999892906995668, 'epsilon': 9.4080149248515e-09, 'hidden_layer_sizes': 188, 'learning_rate_init': 0.00021352734282449937, 'tol': 0.028590085700706144, 'validation_fraction': 0.5460403525652227}
observation time 0.000003, current best -0.675369 at iter 4
suggestion time taken 14.975048 iter 5 next_points [{'alpha': 2.883033345339949, 'batch_size': 35, 'beta_1': 0.602474923581283, 'beta_2': 0.9997054268139979, 'epsilon': 6.862790321207326e-08, 'hidden_layer_sizes': 105, 'learning_rate_init': 2.5739127115553772e-05, 'tol': 0.00014787393639118052, 'validation_fraction': 0.14568669631646974}]
function_evaluation time 0.136342 value -0.316010 suggestion {'alpha': 2.883033345339949, 'batch_size': 35, 'beta_1': 0.602474923581283, 'beta_2': 0.9997054268139979, 'epsilon': 6.862790321207326e-08, 'hidden_layer_sizes': 105, 'learning_rate_init': 2.5739127115553772e-05, 'tol': 0.00014787393639118052, 'validation_fraction': 0.14568669631646974}
observation time 0.000004, current best -0.675369 at iter 5
suggestion time taken 15.423168 iter 6 next_points [{'alpha': 9.991279899701302, 'batch_size': 47, 'beta_1': 0.9880671623263289, 'beta_2': 0.983340176173899, 'epsilon': 4.7983775771764335e-08, 'hidden_layer_sizes': 196, 'learning_rate_init': 0.0008915892207541551, 'tol': 0.009703391654406483, 'validation_fraction': 0.5209834690363808}]
function_evaluation time 0.228080 value -0.493103 suggestion {'alpha': 9.991279899701302, 'batch_size': 47, 'beta_1': 0.9880671623263289, 'beta_2': 0.983340176173899, 'epsilon': 4.7983775771764335e-08, 'hidden_layer_sizes': 196, 'learning_rate_init': 0.0008915892207541551, 'tol': 0.009703391654406483, 'validation_fraction': 0.5209834690363808}
observation time 0.000003, current best -0.675369 at iter 6
suggestion time taken 15.183747 iter 7 next_points [{'alpha': 0.00025109805706493546, 'batch_size': 141, 'beta_1': 0.9333180614062359, 'beta_2': 0.9999821737536276, 'epsilon': 1.0722368746435762e-09, 'hidden_layer_sizes': 189, 'learning_rate_init': 7.091354953879819e-05, 'tol': 0.04586626478112788, 'validation_fraction': 0.881822671025527}]
/home/ryedida/.local/lib/python3.8/site-packages/sklearn/neural_network/_multilayer_perceptron.py:621: UserWarning: Got `batch_size` less than 1 or larger than sample size. It is going to be clipped
  warnings.warn(

function_evaluation time 0.092190 value -0.345567 suggestion {'alpha': 0.00025109805706493546, 'batch_size': 141, 'beta_1': 0.9333180614062359, 'beta_2': 0.9999821737536276, 'epsilon': 1.0722368746435762e-09, 'hidden_layer_sizes': 189, 'learning_rate_init': 7.091354953879819e-05, 'tol': 0.04586626478112788, 'validation_fraction': 0.881822671025527}
observation time 0.000005, current best -0.675369 at iter 7
suggestion time taken 16.001029 iter 8 next_points [{'alpha': 0.002459116108945901, 'batch_size': 141, 'beta_1': 0.647137485177623, 'beta_2': 0.9785539146188589, 'epsilon': 1.140186838596444e-07, 'hidden_layer_sizes': 107, 'learning_rate_init': 0.0008537811530257669, 'tol': 0.004220912595272227, 'validation_fraction': 0.3606215056997361}]
/home/ryedida/.local/lib/python3.8/site-packages/sklearn/neural_network/_multilayer_perceptron.py:621: UserWarning: Got `batch_size` less than 1 or larger than sample size. It is going to be clipped
  warnings.warn(

function_evaluation time 0.149420 value -0.406650 suggestion {'alpha': 0.002459116108945901, 'batch_size': 141, 'beta_1': 0.647137485177623, 'beta_2': 0.9785539146188589, 'epsilon': 1.140186838596444e-07, 'hidden_layer_sizes': 107, 'learning_rate_init': 0.0008537811530257669, 'tol': 0.004220912595272227, 'validation_fraction': 0.3606215056997361}
observation time 0.000003, current best -0.675369 at iter 8
suggestion time taken 15.205944 iter 9 next_points [{'alpha': 0.782216790350404, 'batch_size': 69, 'beta_1': 0.5525874703147932, 'beta_2': 0.9999925116618378, 'epsilon': 6.043105897899728e-08, 'hidden_layer_sizes': 114, 'learning_rate_init': 0.005634908091125992, 'tol': 0.0023350687773155427, 'validation_fraction': 0.6740951897049651}]
/home/ryedida/.local/lib/python3.8/site-packages/sklearn/neural_network/_multilayer_perceptron.py:621: UserWarning: Got `batch_size` less than 1 or larger than sample size. It is going to be clipped
  warnings.warn(

function_evaluation time 0.164454 value -0.620443 suggestion {'alpha': 0.782216790350404, 'batch_size': 69, 'beta_1': 0.5525874703147932, 'beta_2': 0.9999925116618378, 'epsilon': 6.043105897899728e-08, 'hidden_layer_sizes': 114, 'learning_rate_init': 0.005634908091125992, 'tol': 0.0023350687773155427, 'validation_fraction': 0.6740951897049651}
observation time 0.000003, current best -0.675369 at iter 9
suggestion time taken 15.972960 iter 10 next_points [{'alpha': 0.0033538726565012825, 'batch_size': 14, 'beta_1': 0.9470783419360228, 'beta_2': 0.9999442073728875, 'epsilon': 8.117783964227697e-08, 'hidden_layer_sizes': 103, 'learning_rate_init': 0.0518007759732769, 'tol': 0.0013185458616266515, 'validation_fraction': 0.28345632738066756}]
function_evaluation time 0.332259 value -0.577586 suggestion {'alpha': 0.0033538726565012825, 'batch_size': 14, 'beta_1': 0.9470783419360228, 'beta_2': 0.9999442073728875, 'epsilon': 8.117783964227697e-08, 'hidden_layer_sizes': 103, 'learning_rate_init': 0.0518007759732769, 'tol': 0.0013185458616266515, 'validation_fraction': 0.28345632738066756}
observation time 0.000003, current best -0.675369 at iter 10
suggestion time taken 15.940328 iter 11 next_points [{'alpha': 8.896647590949886e-05, 'batch_size': 20, 'beta_1': 0.9386994875676457, 'beta_2': 0.9999043821678733, 'epsilon': 1.1280469356085005e-09, 'hidden_layer_sizes': 112, 'learning_rate_init': 0.0009836883930647508, 'tol': 0.0002804766506744105, 'validation_fraction': 0.8595178940120098}]
/home/ryedida/.local/lib/python3.8/site-packages/sklearn/neural_network/_multilayer_perceptron.py:621: UserWarning: Got `batch_size` less than 1 or larger than sample size. It is going to be clipped
  warnings.warn(

function_evaluation time 0.130804 value -0.477340 suggestion {'alpha': 8.896647590949886e-05, 'batch_size': 20, 'beta_1': 0.9386994875676457, 'beta_2': 0.9999043821678733, 'epsilon': 1.1280469356085005e-09, 'hidden_layer_sizes': 112, 'learning_rate_init': 0.0009836883930647508, 'tol': 0.0002804766506744105, 'validation_fraction': 0.8595178940120098}
observation time 0.000003, current best -0.675369 at iter 11
suggestion time taken 15.336383 iter 12 next_points [{'alpha': 0.00044103098113224573, 'batch_size': 28, 'beta_1': 0.6566173218852126, 'beta_2': 0.9996931834598118, 'epsilon': 2.478952580701916e-07, 'hidden_layer_sizes': 152, 'learning_rate_init': 0.007257087103647593, 'tol': 2.6437490550752198e-05, 'validation_fraction': 0.4677069301919679}]
function_evaluation time 0.246350 value -0.697537 suggestion {'alpha': 0.00044103098113224573, 'batch_size': 28, 'beta_1': 0.6566173218852126, 'beta_2': 0.9996931834598118, 'epsilon': 2.478952580701916e-07, 'hidden_layer_sizes': 152, 'learning_rate_init': 0.007257087103647593, 'tol': 2.6437490550752198e-05, 'validation_fraction': 0.4677069301919679}
observation time 0.000003, current best -0.697537 at iter 12
suggestion time taken 16.024387 iter 13 next_points [{'alpha': 0.000158184959704417, 'batch_size': 20, 'beta_1': 0.9366538001373629, 'beta_2': 0.9999988055290553, 'epsilon': 3.2890233390661014e-09, 'hidden_layer_sizes': 172, 'learning_rate_init': 4.394489706277911e-05, 'tol': 0.014887556639757613, 'validation_fraction': 0.12202124746266801}]
function_evaluation time 0.247729 value -0.338424 suggestion {'alpha': 0.000158184959704417, 'batch_size': 20, 'beta_1': 0.9366538001373629, 'beta_2': 0.9999988055290553, 'epsilon': 3.2890233390661014e-09, 'hidden_layer_sizes': 172, 'learning_rate_init': 4.394489706277911e-05, 'tol': 0.014887556639757613, 'validation_fraction': 0.12202124746266801}
observation time 0.000003, current best -0.697537 at iter 13
suggestion time taken 15.569256 iter 14 next_points [{'alpha': 8.707640517016445e-05, 'batch_size': 33, 'beta_1': 0.8670849513995422, 'beta_2': 0.9999879024037988, 'epsilon': 2.9161327795953266e-09, 'hidden_layer_sizes': 117, 'learning_rate_init': 3.183739825766347e-05, 'tol': 0.00128047407478232, 'validation_fraction': 0.4599422472721262}]
function_evaluation time 0.180516 value -0.344828 suggestion {'alpha': 8.707640517016445e-05, 'batch_size': 33, 'beta_1': 0.8670849513995422, 'beta_2': 0.9999879024037988, 'epsilon': 2.9161327795953266e-09, 'hidden_layer_sizes': 117, 'learning_rate_init': 3.183739825766347e-05, 'tol': 0.00128047407478232, 'validation_fraction': 0.4599422472721262}
observation time 0.000003, current best -0.697537 at iter 14
suggestion time taken 16.504442 iter 15 next_points [{'alpha': 8.560072123042569e-05, 'batch_size': 139, 'beta_1': 0.8964988191707436, 'beta_2': 0.9993671842988275, 'epsilon': 4.327953023445522e-08, 'hidden_layer_sizes': 183, 'learning_rate_init': 0.0003207938525691698, 'tol': 0.0008495015237734413, 'validation_fraction': 0.6975272498717043}]
/home/ryedida/.local/lib/python3.8/site-packages/sklearn/neural_network/_multilayer_perceptron.py:621: UserWarning: Got `batch_size` less than 1 or larger than sample size. It is going to be clipped
  warnings.warn(

function_evaluation time 0.126693 value -0.429557 suggestion {'alpha': 8.560072123042569e-05, 'batch_size': 139, 'beta_1': 0.8964988191707436, 'beta_2': 0.9993671842988275, 'epsilon': 4.327953023445522e-08, 'hidden_layer_sizes': 183, 'learning_rate_init': 0.0003207938525691698, 'tol': 0.0008495015237734413, 'validation_fraction': 0.6975272498717043}
observation time 0.000003, current best -0.697537 at iter 15
suggestion time taken 16.031673 iter 16 next_points [{'alpha': 0.0036132175986107597, 'batch_size': 34, 'beta_1': 0.982405103104679, 'beta_2': 0.9999982170226029, 'epsilon': 2.245117077861797e-08, 'hidden_layer_sizes': 134, 'learning_rate_init': 0.00023319556168795765, 'tol': 0.0001991510212921199, 'validation_fraction': 0.16002503356401399}]
function_evaluation time 0.159871 value -0.359852 suggestion {'alpha': 0.0036132175986107597, 'batch_size': 34, 'beta_1': 0.982405103104679, 'beta_2': 0.9999982170226029, 'epsilon': 2.245117077861797e-08, 'hidden_layer_sizes': 134, 'learning_rate_init': 0.00023319556168795765, 'tol': 0.0001991510212921199, 'validation_fraction': 0.16002503356401399}
observation time 0.000003, current best -0.697537 at iter 16
suggestion time taken 15.990680 iter 17 next_points [{'alpha': 5.600950734409849e-05, 'batch_size': 70, 'beta_1': 0.5790676472919135, 'beta_2': 0.9999136495053662, 'epsilon': 1.7350164137417144e-07, 'hidden_layer_sizes': 99, 'learning_rate_init': 0.0007669056527061482, 'tol': 8.092825460584297e-05, 'validation_fraction': 0.27368307014612375}]
function_evaluation time 0.261448 value -0.648276 suggestion {'alpha': 5.600950734409849e-05, 'batch_size': 70, 'beta_1': 0.5790676472919135, 'beta_2': 0.9999136495053662, 'epsilon': 1.7350164137417144e-07, 'hidden_layer_sizes': 99, 'learning_rate_init': 0.0007669056527061482, 'tol': 8.092825460584297e-05, 'validation_fraction': 0.27368307014612375}
observation time 0.000003, current best -0.697537 at iter 17
suggestion time taken 15.297976 iter 18 next_points [{'alpha': 0.0007956213898533833, 'batch_size': 133, 'beta_1': 0.9667075942572713, 'beta_2': 0.9975013800823324, 'epsilon': 1.2547569931683578e-08, 'hidden_layer_sizes': 164, 'learning_rate_init': 0.017467054165784698, 'tol': 1.903514221880331e-05, 'validation_fraction': 0.1609988600610578}]
/home/ryedida/.local/lib/python3.8/site-packages/sklearn/neural_network/_multilayer_perceptron.py:621: UserWarning: Got `batch_size` less than 1 or larger than sample size. It is going to be clipped
  warnings.warn(

function_evaluation time 0.194285 value -0.606897 suggestion {'alpha': 0.0007956213898533833, 'batch_size': 133, 'beta_1': 0.9667075942572713, 'beta_2': 0.9975013800823324, 'epsilon': 1.2547569931683578e-08, 'hidden_layer_sizes': 164, 'learning_rate_init': 0.017467054165784698, 'tol': 1.903514221880331e-05, 'validation_fraction': 0.1609988600610578}
observation time 0.000003, current best -0.697537 at iter 18
suggestion time taken 16.263608 iter 19 next_points [{'alpha': 0.0004947941650151684, 'batch_size': 141, 'beta_1': 0.6676366057335126, 'beta_2': 0.9288152776225723, 'epsilon': 2.6069524014014395e-09, 'hidden_layer_sizes': 56, 'learning_rate_init': 0.0009666529354864489, 'tol': 0.00017622281467763557, 'validation_fraction': 0.45083956823127136}]
/home/ryedida/.local/lib/python3.8/site-packages/sklearn/neural_network/_multilayer_perceptron.py:621: UserWarning: Got `batch_size` less than 1 or larger than sample size. It is going to be clipped
  warnings.warn(

function_evaluation time 0.108258 value -0.415271 suggestion {'alpha': 0.0004947941650151684, 'batch_size': 141, 'beta_1': 0.6676366057335126, 'beta_2': 0.9288152776225723, 'epsilon': 2.6069524014014395e-09, 'hidden_layer_sizes': 56, 'learning_rate_init': 0.0009666529354864489, 'tol': 0.00017622281467763557, 'validation_fraction': 0.45083956823127136}
observation time 0.000003, current best -0.697537 at iter 19
suggestion time taken 15.796338 iter 20 next_points [{'alpha': 7.419247796160824, 'batch_size': 34, 'beta_1': 0.5099970946053561, 'beta_2': 0.9999949691183033, 'epsilon': 5.621104660570733e-07, 'hidden_layer_sizes': 176, 'learning_rate_init': 0.00011305716489577198, 'tol': 5.9237400237572545e-05, 'validation_fraction': 0.6112373448601629}]
function_evaluation time 0.153988 value -0.414286 suggestion {'alpha': 7.419247796160824, 'batch_size': 34, 'beta_1': 0.5099970946053561, 'beta_2': 0.9999949691183033, 'epsilon': 5.621104660570733e-07, 'hidden_layer_sizes': 176, 'learning_rate_init': 0.00011305716489577198, 'tol': 5.9237400237572545e-05, 'validation_fraction': 0.6112373448601629}
observation time 0.000003, current best -0.697537 at iter 20
suggestion time taken 15.796565 iter 21 next_points [{'alpha': 5.591256408883459, 'batch_size': 20, 'beta_1': 0.963129809016907, 'beta_2': 0.9939086198712792, 'epsilon': 2.3662427175058027e-08, 'hidden_layer_sizes': 163, 'learning_rate_init': 0.004706303450323652, 'tol': 0.0837158966665162, 'validation_fraction': 0.7162268392389497}]
function_evaluation time 0.179301 value -0.753202 suggestion {'alpha': 5.591256408883459, 'batch_size': 20, 'beta_1': 0.963129809016907, 'beta_2': 0.9939086198712792, 'epsilon': 2.3662427175058027e-08, 'hidden_layer_sizes': 163, 'learning_rate_init': 0.004706303450323652, 'tol': 0.0837158966665162, 'validation_fraction': 0.7162268392389497}
observation time 0.000004, current best -0.753202 at iter 21
suggestion time taken 15.421906 iter 22 next_points [{'alpha': 0.00011386291535760586, 'batch_size': 23, 'beta_1': 0.7300321302315311, 'beta_2': 0.9999049726967204, 'epsilon': 1.1704237386678046e-09, 'hidden_layer_sizes': 159, 'learning_rate_init': 2.1445231238326446e-05, 'tol': 0.00038872922237501574, 'validation_fraction': 0.7567193988167007}]
function_evaluation time 0.120167 value -0.387931 suggestion {'alpha': 0.00011386291535760586, 'batch_size': 23, 'beta_1': 0.7300321302315311, 'beta_2': 0.9999049726967204, 'epsilon': 1.1704237386678046e-09, 'hidden_layer_sizes': 159, 'learning_rate_init': 2.1445231238326446e-05, 'tol': 0.00038872922237501574, 'validation_fraction': 0.7567193988167007}
observation time 0.000003, current best -0.753202 at iter 22
suggestion time taken 16.550287 iter 23 next_points [{'alpha': 0.9149764281925172, 'batch_size': 138, 'beta_1': 0.9648114752902415, 'beta_2': 0.9383835948062801, 'epsilon': 5.858603670587565e-09, 'hidden_layer_sizes': 59, 'learning_rate_init': 1.3283820496129292e-05, 'tol': 0.0005319489739787921, 'validation_fraction': 0.14278586734589332}]
/home/ryedida/.local/lib/python3.8/site-packages/sklearn/neural_network/_multilayer_perceptron.py:621: UserWarning: Got `batch_size` less than 1 or larger than sample size. It is going to be clipped
  warnings.warn(

function_evaluation time 0.079868 value -0.246798 suggestion {'alpha': 0.9149764281925172, 'batch_size': 138, 'beta_1': 0.9648114752902415, 'beta_2': 0.9383835948062801, 'epsilon': 5.858603670587565e-09, 'hidden_layer_sizes': 59, 'learning_rate_init': 1.3283820496129292e-05, 'tol': 0.0005319489739787921, 'validation_fraction': 0.14278586734589332}
observation time 0.000003, current best -0.753202 at iter 23
suggestion time taken 15.639885 iter 24 next_points [{'alpha': 0.007192800418319641, 'batch_size': 14, 'beta_1': 0.888947757753274, 'beta_2': 0.9999873077783333, 'epsilon': 1.0611678123021753e-09, 'hidden_layer_sizes': 165, 'learning_rate_init': 1.7346188315130775e-05, 'tol': 0.00045651393046536716, 'validation_fraction': 0.5781853073602541}]
function_evaluation time 0.234056 value -0.366502 suggestion {'alpha': 0.007192800418319641, 'batch_size': 14, 'beta_1': 0.888947757753274, 'beta_2': 0.9999873077783333, 'epsilon': 1.0611678123021753e-09, 'hidden_layer_sizes': 165, 'learning_rate_init': 1.7346188315130775e-05, 'tol': 0.00045651393046536716, 'validation_fraction': 0.5781853073602541}
observation time 0.000003, current best -0.753202 at iter 24
suggestion time taken 16.231355 iter 25 next_points [{'alpha': 0.6253325887766832, 'batch_size': 47, 'beta_1': 0.946207693006022, 'beta_2': 0.9995185294064024, 'epsilon': 3.920046179677549e-09, 'hidden_layer_sizes': 114, 'learning_rate_init': 0.005456261785558154, 'tol': 9.580043039396837e-05, 'validation_fraction': 0.7359939956351715}]
/home/ryedida/.local/lib/python3.8/site-packages/sklearn/neural_network/_multilayer_perceptron.py:621: UserWarning: Got `batch_size` less than 1 or larger than sample size. It is going to be clipped
  warnings.warn(

function_evaluation time 0.184890 value -0.612069 suggestion {'alpha': 0.6253325887766832, 'batch_size': 47, 'beta_1': 0.946207693006022, 'beta_2': 0.9995185294064024, 'epsilon': 3.920046179677549e-09, 'hidden_layer_sizes': 114, 'learning_rate_init': 0.005456261785558154, 'tol': 9.580043039396837e-05, 'validation_fraction': 0.7359939956351715}
observation time 0.000003, current best -0.753202 at iter 25
suggestion time taken 15.593701 iter 26 next_points [{'alpha': 0.3064950390970231, 'batch_size': 34, 'beta_1': 0.9866927281686875, 'beta_2': 0.9999133123023475, 'epsilon': 3.1804025712794333e-09, 'hidden_layer_sizes': 51, 'learning_rate_init': 0.00018774790061896882, 'tol': 0.01277494680070865, 'validation_fraction': 0.6250756271632834}]
function_evaluation time 0.115818 value -0.450985 suggestion {'alpha': 0.3064950390970231, 'batch_size': 34, 'beta_1': 0.9866927281686875, 'beta_2': 0.9999133123023475, 'epsilon': 3.1804025712794333e-09, 'hidden_layer_sizes': 51, 'learning_rate_init': 0.00018774790061896882, 'tol': 0.01277494680070865, 'validation_fraction': 0.6250756271632834}
observation time 0.000003, current best -0.753202 at iter 26
suggestion time taken 16.283454 iter 27 next_points [{'alpha': 0.031788272764612296, 'batch_size': 137, 'beta_1': 0.5615772404204272, 'beta_2': 0.9999490884511911, 'epsilon': 1.7028238797866916e-07, 'hidden_layer_sizes': 165, 'learning_rate_init': 0.03395163812444648, 'tol': 0.011215466728652012, 'validation_fraction': 0.17693905675312874}]
/home/ryedida/.local/lib/python3.8/site-packages/sklearn/neural_network/_multilayer_perceptron.py:621: UserWarning: Got `batch_size` less than 1 or larger than sample size. It is going to be clipped
  warnings.warn(

function_evaluation time 0.211174 value -0.739163 suggestion {'alpha': 0.031788272764612296, 'batch_size': 137, 'beta_1': 0.5615772404204272, 'beta_2': 0.9999490884511911, 'epsilon': 1.7028238797866916e-07, 'hidden_layer_sizes': 165, 'learning_rate_init': 0.03395163812444648, 'tol': 0.011215466728652012, 'validation_fraction': 0.17693905675312874}
observation time 0.000003, current best -0.753202 at iter 27
suggestion time taken 15.517171 iter 28 next_points [{'alpha': 0.001570032767588585, 'batch_size': 14, 'beta_1': 0.8433404489666873, 'beta_2': 0.9214214493173436, 'epsilon': 4.4711504140004485e-08, 'hidden_layer_sizes': 173, 'learning_rate_init': 0.0002341961061986818, 'tol': 0.041002614646767514, 'validation_fraction': 0.8960293464299434}]
function_evaluation time 0.114337 value -0.381281 suggestion {'alpha': 0.001570032767588585, 'batch_size': 14, 'beta_1': 0.8433404489666873, 'beta_2': 0.9214214493173436, 'epsilon': 4.4711504140004485e-08, 'hidden_layer_sizes': 173, 'learning_rate_init': 0.0002341961061986818, 'tol': 0.041002614646767514, 'validation_fraction': 0.8960293464299434}
observation time 0.000005, current best -0.753202 at iter 28
suggestion time taken 16.292097 iter 29 next_points [{'alpha': 0.05895420394319881, 'batch_size': 14, 'beta_1': 0.5548184192605305, 'beta_2': 0.9122063494904106, 'epsilon': 5.107902417739665e-07, 'hidden_layer_sizes': 127, 'learning_rate_init': 0.019149771541665358, 'tol': 0.016922675136164807, 'validation_fraction': 0.3545409619679382}]
function_evaluation time 0.460992 value -0.802956 suggestion {'alpha': 0.05895420394319881, 'batch_size': 14, 'beta_1': 0.5548184192605305, 'beta_2': 0.9122063494904106, 'epsilon': 5.107902417739665e-07, 'hidden_layer_sizes': 127, 'learning_rate_init': 0.019149771541665358, 'tol': 0.016922675136164807, 'validation_fraction': 0.3545409619679382}
observation time 0.000003, current best -0.802956 at iter 29
suggestion time taken 15.857326 iter 30 next_points [{'alpha': 0.22163095901932525, 'batch_size': 15, 'beta_1': 0.8254267572892973, 'beta_2': 0.9974067577709239, 'epsilon': 2.2544013340968042e-09, 'hidden_layer_sizes': 185, 'learning_rate_init': 0.0001599401537968687, 'tol': 0.004225815484286246, 'validation_fraction': 0.3183987785902738}]
function_evaluation time 0.581906 value -0.592118 suggestion {'alpha': 0.22163095901932525, 'batch_size': 15, 'beta_1': 0.8254267572892973, 'beta_2': 0.9974067577709239, 'epsilon': 2.2544013340968042e-09, 'hidden_layer_sizes': 185, 'learning_rate_init': 0.0001599401537968687, 'tol': 0.004225815484286246, 'validation_fraction': 0.3183987785902738}
observation time 0.000003, current best -0.802956 at iter 30
suggestion time taken 16.562506 iter 31 next_points [{'alpha': 0.0009474997522087654, 'batch_size': 47, 'beta_1': 0.901993845510941, 'beta_2': 0.9880323099290316, 'epsilon': 3.169437495643225e-08, 'hidden_layer_sizes': 114, 'learning_rate_init': 3.763142862326809e-05, 'tol': 0.005194018825423934, 'validation_fraction': 0.3319341501861994}]
function_evaluation time 0.151798 value -0.402217 suggestion {'alpha': 0.0009474997522087654, 'batch_size': 47, 'beta_1': 0.901993845510941, 'beta_2': 0.9880323099290316, 'epsilon': 3.169437495643225e-08, 'hidden_layer_sizes': 114, 'learning_rate_init': 3.763142862326809e-05, 'tol': 0.005194018825423934, 'validation_fraction': 0.3319341501861994}
observation time 0.000004, current best -0.802956 at iter 31
suggestion time taken 15.556785 iter 32 next_points [{'alpha': 0.0003923432976207393, 'batch_size': 139, 'beta_1': 0.8199475854879618, 'beta_2': 0.904741934022124, 'epsilon': 1.2090579557091118e-08, 'hidden_layer_sizes': 142, 'learning_rate_init': 0.005857553199743293, 'tol': 0.02863950850267541, 'validation_fraction': 0.6401103256656161}]
/home/ryedida/.local/lib/python3.8/site-packages/sklearn/neural_network/_multilayer_perceptron.py:621: UserWarning: Got `batch_size` less than 1 or larger than sample size. It is going to be clipped
  warnings.warn(

function_evaluation time 0.139959 value -0.648768 suggestion {'alpha': 0.0003923432976207393, 'batch_size': 139, 'beta_1': 0.8199475854879618, 'beta_2': 0.904741934022124, 'epsilon': 1.2090579557091118e-08, 'hidden_layer_sizes': 142, 'learning_rate_init': 0.005857553199743293, 'tol': 0.02863950850267541, 'validation_fraction': 0.6401103256656161}
observation time 0.000003, current best -0.802956 at iter 32
suggestion time taken 16.232204 iter 33 next_points [{'alpha': 0.05373540929241625, 'batch_size': 46, 'beta_1': 0.9659859593307507, 'beta_2': 0.9998923980064236, 'epsilon': 8.078371830195685e-09, 'hidden_layer_sizes': 168, 'learning_rate_init': 0.002644097255593168, 'tol': 0.0002639845928207983, 'validation_fraction': 0.7688199206392027}]
/home/ryedida/.local/lib/python3.8/site-packages/sklearn/neural_network/_multilayer_perceptron.py:621: UserWarning: Got `batch_size` less than 1 or larger than sample size. It is going to be clipped
  warnings.warn(

function_evaluation time 0.164499 value -0.556158 suggestion {'alpha': 0.05373540929241625, 'batch_size': 46, 'beta_1': 0.9659859593307507, 'beta_2': 0.9998923980064236, 'epsilon': 8.078371830195685e-09, 'hidden_layer_sizes': 168, 'learning_rate_init': 0.002644097255593168, 'tol': 0.0002639845928207983, 'validation_fraction': 0.7688199206392027}
observation time 0.000003, current best -0.802956 at iter 33
suggestion time taken 15.715816 iter 34 next_points [{'alpha': 0.0027591477290437746, 'batch_size': 140, 'beta_1': 0.8496368846719274, 'beta_2': 0.9999580721876201, 'epsilon': 4.4209807485068596e-08, 'hidden_layer_sizes': 193, 'learning_rate_init': 0.0009008914007989923, 'tol': 0.0028369611049928875, 'validation_fraction': 0.3287239703674114}]
/home/ryedida/.local/lib/python3.8/site-packages/sklearn/neural_network/_multilayer_perceptron.py:621: UserWarning: Got `batch_size` less than 1 or larger than sample size. It is going to be clipped
  warnings.warn(

function_evaluation time 0.152443 value -0.450000 suggestion {'alpha': 0.0027591477290437746, 'batch_size': 140, 'beta_1': 0.8496368846719274, 'beta_2': 0.9999580721876201, 'epsilon': 4.4209807485068596e-08, 'hidden_layer_sizes': 193, 'learning_rate_init': 0.0009008914007989923, 'tol': 0.0028369611049928875, 'validation_fraction': 0.3287239703674114}
observation time 0.000003, current best -0.802956 at iter 34
suggestion time taken 16.487800 iter 35 next_points [{'alpha': 0.11883326687399896, 'batch_size': 141, 'beta_1': 0.9844434049887445, 'beta_2': 0.9998961307546032, 'epsilon': 6.00602869421247e-08, 'hidden_layer_sizes': 61, 'learning_rate_init': 2.2984118691083067e-05, 'tol': 0.008036504352752955, 'validation_fraction': 0.7406248461263678}]
/home/ryedida/.local/lib/python3.8/site-packages/sklearn/neural_network/_multilayer_perceptron.py:621: UserWarning: Got `batch_size` less than 1 or larger than sample size. It is going to be clipped
  warnings.warn(

function_evaluation time 0.120073 value -0.366502 suggestion {'alpha': 0.11883326687399896, 'batch_size': 141, 'beta_1': 0.9844434049887445, 'beta_2': 0.9998961307546032, 'epsilon': 6.00602869421247e-08, 'hidden_layer_sizes': 61, 'learning_rate_init': 2.2984118691083067e-05, 'tol': 0.008036504352752955, 'validation_fraction': 0.7406248461263678}
observation time 0.000004, current best -0.802956 at iter 35
suggestion time taken 15.831750 iter 36 next_points [{'alpha': 0.059763152728150616, 'batch_size': 35, 'beta_1': 0.8704122338698271, 'beta_2': 0.9999935385318734, 'epsilon': 3.374180647176897e-07, 'hidden_layer_sizes': 111, 'learning_rate_init': 4.058099970189903e-05, 'tol': 0.03078147248281006, 'validation_fraction': 0.21842300531599765}]
function_evaluation time 0.132443 value -0.295074 suggestion {'alpha': 0.059763152728150616, 'batch_size': 35, 'beta_1': 0.8704122338698271, 'beta_2': 0.9999935385318734, 'epsilon': 3.374180647176897e-07, 'hidden_layer_sizes': 111, 'learning_rate_init': 4.058099970189903e-05, 'tol': 0.03078147248281006, 'validation_fraction': 0.21842300531599765}
observation time 0.000003, current best -0.802956 at iter 36
suggestion time taken 15.570519 iter 37 next_points [{'alpha': 0.12147890039596622, 'batch_size': 23, 'beta_1': 0.7053435699857455, 'beta_2': 0.9999981325683404, 'epsilon': 3.0095506158213765e-08, 'hidden_layer_sizes': 94, 'learning_rate_init': 0.0004986776845040593, 'tol': 6.500292291248308e-05, 'validation_fraction': 0.15068715845205707}]
function_evaluation time 0.340807 value -0.621182 suggestion {'alpha': 0.12147890039596622, 'batch_size': 23, 'beta_1': 0.7053435699857455, 'beta_2': 0.9999981325683404, 'epsilon': 3.0095506158213765e-08, 'hidden_layer_sizes': 94, 'learning_rate_init': 0.0004986776845040593, 'tol': 6.500292291248308e-05, 'validation_fraction': 0.15068715845205707}
observation time 0.000003, current best -0.802956 at iter 37
suggestion time taken 17.028407 iter 38 next_points [{'alpha': 0.03038231714915256, 'batch_size': 14, 'beta_1': 0.9367983782208065, 'beta_2': 0.9994631281270592, 'epsilon': 9.954843137147501e-08, 'hidden_layer_sizes': 60, 'learning_rate_init': 0.007166395499124725, 'tol': 0.006392610576403466, 'validation_fraction': 0.8762027340852235}]
function_evaluation time 0.231890 value -0.649015 suggestion {'alpha': 0.03038231714915256, 'batch_size': 14, 'beta_1': 0.9367983782208065, 'beta_2': 0.9994631281270592, 'epsilon': 9.954843137147501e-08, 'hidden_layer_sizes': 60, 'learning_rate_init': 0.007166395499124725, 'tol': 0.006392610576403466, 'validation_fraction': 0.8762027340852235}
observation time 0.000003, current best -0.802956 at iter 38
suggestion time taken 15.629042 iter 39 next_points [{'alpha': 0.004862443541034511, 'batch_size': 20, 'beta_1': 0.9401481498622505, 'beta_2': 0.9842986281036854, 'epsilon': 4.362881560294724e-09, 'hidden_layer_sizes': 144, 'learning_rate_init': 0.00039587214325019065, 'tol': 0.00032937311826040423, 'validation_fraction': 0.8541847284828411}]
function_evaluation time 0.111532 value -0.477340 suggestion {'alpha': 0.004862443541034511, 'batch_size': 20, 'beta_1': 0.9401481498622505, 'beta_2': 0.9842986281036854, 'epsilon': 4.362881560294724e-09, 'hidden_layer_sizes': 144, 'learning_rate_init': 0.00039587214325019065, 'tol': 0.00032937311826040423, 'validation_fraction': 0.8541847284828411}
observation time 0.000003, current best -0.802956 at iter 39
suggestion time taken 16.454854 iter 40 next_points [{'alpha': 1.834933402416157, 'batch_size': 69, 'beta_1': 0.7289894416557051, 'beta_2': 0.9913169513538869, 'epsilon': 6.6888226255973415e-09, 'hidden_layer_sizes': 80, 'learning_rate_init': 4.061438528529905e-05, 'tol': 0.002246565191490461, 'validation_fraction': 0.7239457788930294}]
/home/ryedida/.local/lib/python3.8/site-packages/sklearn/neural_network/_multilayer_perceptron.py:621: UserWarning: Got `batch_size` less than 1 or larger than sample size. It is going to be clipped
  warnings.warn(

function_evaluation time 0.091905 value -0.325369 suggestion {'alpha': 1.834933402416157, 'batch_size': 69, 'beta_1': 0.7289894416557051, 'beta_2': 0.9913169513538869, 'epsilon': 6.6888226255973415e-09, 'hidden_layer_sizes': 80, 'learning_rate_init': 4.061438528529905e-05, 'tol': 0.002246565191490461, 'validation_fraction': 0.7239457788930294}
observation time 0.000003, current best -0.802956 at iter 40
suggestion time taken 15.788552 iter 41 next_points [{'alpha': 0.24508970567050026, 'batch_size': 35, 'beta_1': 0.9509717284628438, 'beta_2': 0.9196252634097554, 'epsilon': 5.134193063047787e-09, 'hidden_layer_sizes': 141, 'learning_rate_init': 0.005661318438883839, 'tol': 9.377663951423363e-05, 'validation_fraction': 0.39456558988778667}]
function_evaluation time 0.399309 value -0.830049 suggestion {'alpha': 0.24508970567050026, 'batch_size': 35, 'beta_1': 0.9509717284628438, 'beta_2': 0.9196252634097554, 'epsilon': 5.134193063047787e-09, 'hidden_layer_sizes': 141, 'learning_rate_init': 0.005661318438883839, 'tol': 9.377663951423363e-05, 'validation_fraction': 0.39456558988778667}
observation time 0.000003, current best -0.830049 at iter 41
suggestion time taken 15.817835 iter 42 next_points [{'alpha': 0.00028254216187049384, 'batch_size': 28, 'beta_1': 0.9846937831637907, 'beta_2': 0.9999093919321788, 'epsilon': 1.4019525133494354e-08, 'hidden_layer_sizes': 117, 'learning_rate_init': 0.0038283467879393893, 'tol': 1.2324131963501298e-05, 'validation_fraction': 0.18909632176359775}]
function_evaluation time 0.421233 value -0.733744 suggestion {'alpha': 0.00028254216187049384, 'batch_size': 28, 'beta_1': 0.9846937831637907, 'beta_2': 0.9999093919321788, 'epsilon': 1.4019525133494354e-08, 'hidden_layer_sizes': 117, 'learning_rate_init': 0.0038283467879393893, 'tol': 1.2324131963501298e-05, 'validation_fraction': 0.18909632176359775}
observation time 0.000003, current best -0.830049 at iter 42
suggestion time taken 16.707632 iter 43 next_points [{'alpha': 8.164186709844633e-05, 'batch_size': 68, 'beta_1': 0.7779982247272417, 'beta_2': 0.9992670446947434, 'epsilon': 6.328167595909261e-08, 'hidden_layer_sizes': 160, 'learning_rate_init': 0.002115163201930959, 'tol': 0.007485257756018147, 'validation_fraction': 0.6663965391201627}]
/home/ryedida/.local/lib/python3.8/site-packages/sklearn/neural_network/_multilayer_perceptron.py:621: UserWarning: Got `batch_size` less than 1 or larger than sample size. It is going to be clipped
  warnings.warn(

function_evaluation time 0.371119 value -0.879803 suggestion {'alpha': 8.164186709844633e-05, 'batch_size': 68, 'beta_1': 0.7779982247272417, 'beta_2': 0.9992670446947434, 'epsilon': 6.328167595909261e-08, 'hidden_layer_sizes': 160, 'learning_rate_init': 0.002115163201930959, 'tol': 0.007485257756018147, 'validation_fraction': 0.6663965391201627}
observation time 0.000004, current best -0.879803 at iter 43
suggestion time taken 15.737586 iter 44 next_points [{'alpha': 0.0009265565400501099, 'batch_size': 131, 'beta_1': 0.9891073686097778, 'beta_2': 0.9888295706715419, 'epsilon': 2.3010976433867463e-09, 'hidden_layer_sizes': 125, 'learning_rate_init': 0.0024968408584862545, 'tol': 0.05432646497053391, 'validation_fraction': 0.10258758106466416}]
/home/ryedida/.local/lib/python3.8/site-packages/sklearn/neural_network/_multilayer_perceptron.py:621: UserWarning: Got `batch_size` less than 1 or larger than sample size. It is going to be clipped
  warnings.warn(

function_evaluation time 0.146410 value -0.429803 suggestion {'alpha': 0.0009265565400501099, 'batch_size': 131, 'beta_1': 0.9891073686097778, 'beta_2': 0.9888295706715419, 'epsilon': 2.3010976433867463e-09, 'hidden_layer_sizes': 125, 'learning_rate_init': 0.0024968408584862545, 'tol': 0.05432646497053391, 'validation_fraction': 0.10258758106466416}
observation time 0.000003, current best -0.879803 at iter 44
saving meta data: {'args': {'--uuid': '7d473f940ea65ec18282d4bb50e861ae', '-db-root': '/home/ryedida/bbo_challenge_starter_kit/output', '--opt-root': '/home/ryedida/bbo_challenge_starter_kit/example_submissions', '--data-root': None, '--db': 'run_20231015_053414', '--opt': 'strongcvx', '--data': 'wine', '--classifier': 'MLP-adam', '--metric': 'acc', '--calls': 45, '--suggestions': 1, '--jobs-file': None, '--verbose': False, 'dry_run': False, 'rev': 'a376313', 'opt_rev': 'x.x.x'}, 'signature': ([{'alpha': 0.019628224813442792, 'batch_size': 182, 'beta_1': 0.9410202200271762, 'beta_2': 0.9998021557676793, 'epsilon': 1.8662266976518e-08, 'hidden_layer_sizes': 147, 'learning_rate_init': 0.0005627932047415167, 'tol': 0.03690557729213761, 'validation_fraction': 0.8846827852548593}, {'alpha': 0.001998246739232944, 'batch_size': 200, 'beta_1': 0.919111482530466, 'beta_2': 0.9998488260436156, 'epsilon': 5.981221901152555e-07, 'hidden_layer_sizes': 61, 'learning_rate_init': 2.2310905607443014e-05, 'tol': 1.2046852412030316e-05, 'validation_fraction': 0.8117896445826539}, {'alpha': 0.46659545670218433, 'batch_size': 219, 'beta_1': 0.9889789783750891, 'beta_2': 0.9999896868093284, 'epsilon': 2.4234724484675948e-08, 'hidden_layer_sizes': 167, 'learning_rate_init': 2.972334644335654e-05, 'tol': 0.0036281404040243792, 'validation_fraction': 0.17260651658522078}, {'alpha': 4.656005689076002, 'batch_size': 135, 'beta_1': 0.870503881627747, 'beta_2': 0.9948873266941017, 'epsilon': 2.1023308743480125e-07, 'hidden_layer_sizes': 118, 'learning_rate_init': 0.001878173875716191, 'tol': 1.1889379831773006e-05, 'validation_fraction': 0.6264327093752792}, {'alpha': 0.04705159350400542, 'batch_size': 158, 'beta_1': 0.9870884262730957, 'beta_2': 0.9999596874382349, 'epsilon': 1.1981845126013875e-08, 'hidden_layer_sizes': 116, 'learning_rate_init': 0.006173405204074311, 'tol': 1.7414134181586194e-05, 'validation_fraction': 0.6754299026638921}], [-0.4359605911330049, -0.3169950738916256, -0.3312807881773399, -0.6620689655172413, -0.5017241379310344])}
saving results
saving timing
saving suggest log
done
