running: {'--uuid': '80f4e118e87a55238601a8254f23ca02', '-db-root': '/home/ryedida/bbo_challenge_starter_kit/output', '--opt-root': '/home/ryedida/bbo_challenge_starter_kit/example_submissions', '--data-root': None, '--db': 'run_20231015_053414', '--opt': 'strongcvx', '--data': 'wine', '--classifier': 'MLP-adam', '--metric': 'acc', '--calls': 45, '--suggestions': 1, '--jobs-file': None, '--verbose': False, 'dry_run': False, 'rev': 'a376313', 'opt_rev': 'x.x.x'}
cmd: python strongcvx/optimizer.py -c MLP-adam -d wine -o strongcvx -u 80f4e118e87a55238601a8254f23ca02 -m acc -n 45 -p 1 -dir /home/ryedida/bbo_challenge_starter_kit/output -b run_20231015_053414
/home/ryedida/.local/lib/python3.8/site-packages/sklearn/neural_network/_multilayer_perceptron.py:621: UserWarning: Got `batch_size` less than 1 or larger than sample size. It is going to be clipped
  warnings.warn(

/home/ryedida/.local/lib/python3.8/site-packages/sklearn/neural_network/_multilayer_perceptron.py:621: UserWarning: Got `batch_size` less than 1 or larger than sample size. It is going to be clipped
  warnings.warn(

/home/ryedida/.local/lib/python3.8/site-packages/sklearn/neural_network/_multilayer_perceptron.py:621: UserWarning: Got `batch_size` less than 1 or larger than sample size. It is going to be clipped
  warnings.warn(

/home/ryedida/.local/lib/python3.8/site-packages/sklearn/neural_network/_multilayer_perceptron.py:621: UserWarning: Got `batch_size` less than 1 or larger than sample size. It is going to be clipped
  warnings.warn(

/home/ryedida/.local/lib/python3.8/site-packages/sklearn/neural_network/_multilayer_perceptron.py:621: UserWarning: Got `batch_size` less than 1 or larger than sample size. It is going to be clipped
  warnings.warn(

computed signature: ([{'alpha': 0.019628224813442792, 'batch_size': 182, 'beta_1': 0.9410202200271762, 'beta_2': 0.9998021557676793, 'epsilon': 1.8662266976518e-08, 'hidden_layer_sizes': 147, 'learning_rate_init': 0.0005627932047415167, 'tol': 0.03690557729213761, 'validation_fraction': 0.8846827852548593}, {'alpha': 0.001998246739232944, 'batch_size': 200, 'beta_1': 0.919111482530466, 'beta_2': 0.9998488260436156, 'epsilon': 5.981221901152555e-07, 'hidden_layer_sizes': 61, 'learning_rate_init': 2.2310905607443014e-05, 'tol': 1.2046852412030316e-05, 'validation_fraction': 0.8117896445826539}, {'alpha': 0.46659545670218433, 'batch_size': 219, 'beta_1': 0.9889789783750891, 'beta_2': 0.9999896868093284, 'epsilon': 2.4234724484675948e-08, 'hidden_layer_sizes': 167, 'learning_rate_init': 2.972334644335654e-05, 'tol': 0.0036281404040243792, 'validation_fraction': 0.17260651658522078}, {'alpha': 4.656005689076002, 'batch_size': 135, 'beta_1': 0.870503881627747, 'beta_2': 0.9948873266941017, 'epsilon': 2.1023308743480125e-07, 'hidden_layer_sizes': 118, 'learning_rate_init': 0.001878173875716191, 'tol': 1.1889379831773006e-05, 'validation_fraction': 0.6264327093752792}, {'alpha': 0.04705159350400542, 'batch_size': 158, 'beta_1': 0.9870884262730957, 'beta_2': 0.9999596874382349, 'epsilon': 1.1981845126013875e-08, 'hidden_layer_sizes': 116, 'learning_rate_init': 0.006173405204074311, 'tol': 1.7414134181586194e-05, 'validation_fraction': 0.6754299026638921}], [-0.4359605911330049, -0.3169950738916256, -0.3312807881773399, -0.6620689655172413, -0.5017241379310344])
/home/ryedida/.local/lib/python3.8/site-packages/bayesmark/experiment.py:470: UserWarning: Baselines not found. Will not log intermediate scores.
  warnings.warn("Baselines not found. Will not log intermediate scores.")

starting sklearn study strongcvx MLP-adam wine acc 45 1
with data root: None
suggestion time taken 15.660837 iter 0 next_points [{'alpha': 0.0017244311959756476, 'batch_size': 67, 'beta_1': 0.9839810785346705, 'beta_2': 0.9998933639626553, 'epsilon': 7.026099357988417e-07, 'hidden_layer_sizes': 98, 'learning_rate_init': 0.03228102685888782, 'tol': 0.00013395490312546275, 'validation_fraction': 0.3441681576241574}]
function_evaluation time 0.261271 value -0.682759 suggestion {'alpha': 0.0017244311959756476, 'batch_size': 67, 'beta_1': 0.9839810785346705, 'beta_2': 0.9998933639626553, 'epsilon': 7.026099357988417e-07, 'hidden_layer_sizes': 98, 'learning_rate_init': 0.03228102685888782, 'tol': 0.00013395490312546275, 'validation_fraction': 0.3441681576241574}
observation time 0.000005, current best -0.682759 at iter 0
suggestion time taken 15.579126 iter 1 next_points [{'alpha': 0.17525063486880957, 'batch_size': 20, 'beta_1': 0.9650364969397104, 'beta_2': 0.9999669862175836, 'epsilon': 6.0928766124330895e-09, 'hidden_layer_sizes': 104, 'learning_rate_init': 0.030429934742843487, 'tol': 0.000650003337215372, 'validation_fraction': 0.5371653124598662}]
function_evaluation time 0.349230 value -0.789163 suggestion {'alpha': 0.17525063486880957, 'batch_size': 20, 'beta_1': 0.9650364969397104, 'beta_2': 0.9999669862175836, 'epsilon': 6.0928766124330895e-09, 'hidden_layer_sizes': 104, 'learning_rate_init': 0.030429934742843487, 'tol': 0.000650003337215372, 'validation_fraction': 0.5371653124598662}
observation time 0.000004, current best -0.789163 at iter 1
suggestion time taken 15.295845 iter 2 next_points [{'alpha': 0.00030814880237453796, 'batch_size': 140, 'beta_1': 0.9555668739329513, 'beta_2': 0.9998664863058524, 'epsilon': 2.0313679676311006e-07, 'hidden_layer_sizes': 148, 'learning_rate_init': 0.00012874986491037192, 'tol': 3.690797100353452e-05, 'validation_fraction': 0.8103992131858794}]
/home/ryedida/.local/lib/python3.8/site-packages/sklearn/neural_network/_multilayer_perceptron.py:621: UserWarning: Got `batch_size` less than 1 or larger than sample size. It is going to be clipped
  warnings.warn(

function_evaluation time 0.099758 value -0.473645 suggestion {'alpha': 0.00030814880237453796, 'batch_size': 140, 'beta_1': 0.9555668739329513, 'beta_2': 0.9998664863058524, 'epsilon': 2.0313679676311006e-07, 'hidden_layer_sizes': 148, 'learning_rate_init': 0.00012874986491037192, 'tol': 3.690797100353452e-05, 'validation_fraction': 0.8103992131858794}
observation time 0.000003, current best -0.789163 at iter 2
suggestion time taken 15.673404 iter 3 next_points [{'alpha': 0.025799417643343453, 'batch_size': 47, 'beta_1': 0.9778258254261751, 'beta_2': 0.999959928182857, 'epsilon': 3.096050204230942e-08, 'hidden_layer_sizes': 104, 'learning_rate_init': 0.00019710257853269432, 'tol': 0.00019126221708857835, 'validation_fraction': 0.7644289376894232}]
/home/ryedida/.local/lib/python3.8/site-packages/sklearn/neural_network/_multilayer_perceptron.py:621: UserWarning: Got `batch_size` less than 1 or larger than sample size. It is going to be clipped
  warnings.warn(

function_evaluation time 0.089415 value -0.413793 suggestion {'alpha': 0.025799417643343453, 'batch_size': 47, 'beta_1': 0.9778258254261751, 'beta_2': 0.999959928182857, 'epsilon': 3.096050204230942e-08, 'hidden_layer_sizes': 104, 'learning_rate_init': 0.00019710257853269432, 'tol': 0.00019126221708857835, 'validation_fraction': 0.7644289376894232}
observation time 0.000004, current best -0.789163 at iter 3
suggestion time taken 15.703500 iter 4 next_points [{'alpha': 0.002452170146789793, 'batch_size': 141, 'beta_1': 0.6841044931361469, 'beta_2': 0.9999369291976222, 'epsilon': 5.582783448544906e-07, 'hidden_layer_sizes': 178, 'learning_rate_init': 0.08349368468638131, 'tol': 0.00038477432923605145, 'validation_fraction': 0.12328140557255367}]
/home/ryedida/.local/lib/python3.8/site-packages/sklearn/neural_network/_multilayer_perceptron.py:621: UserWarning: Got `batch_size` less than 1 or larger than sample size. It is going to be clipped
  warnings.warn(

function_evaluation time 0.154326 value -0.407635 suggestion {'alpha': 0.002452170146789793, 'batch_size': 141, 'beta_1': 0.6841044931361469, 'beta_2': 0.9999369291976222, 'epsilon': 5.582783448544906e-07, 'hidden_layer_sizes': 178, 'learning_rate_init': 0.08349368468638131, 'tol': 0.00038477432923605145, 'validation_fraction': 0.12328140557255367}
observation time 0.000005, current best -0.789163 at iter 4
suggestion time taken 15.396479 iter 5 next_points [{'alpha': 0.03584550589055559, 'batch_size': 141, 'beta_1': 0.9643452252691908, 'beta_2': 0.995130631748496, 'epsilon': 1.3615122584526022e-09, 'hidden_layer_sizes': 62, 'learning_rate_init': 0.002169678038856613, 'tol': 1.3513491772300791e-05, 'validation_fraction': 0.743268881723115}]
/home/ryedida/.local/lib/python3.8/site-packages/sklearn/neural_network/_multilayer_perceptron.py:621: UserWarning: Got `batch_size` less than 1 or larger than sample size. It is going to be clipped
  warnings.warn(

function_evaluation time 0.107843 value -0.429064 suggestion {'alpha': 0.03584550589055559, 'batch_size': 141, 'beta_1': 0.9643452252691908, 'beta_2': 0.995130631748496, 'epsilon': 1.3615122584526022e-09, 'hidden_layer_sizes': 62, 'learning_rate_init': 0.002169678038856613, 'tol': 1.3513491772300791e-05, 'validation_fraction': 0.743268881723115}
observation time 0.000003, current best -0.789163 at iter 5
suggestion time taken 15.789304 iter 6 next_points [{'alpha': 2.09460759702206, 'batch_size': 140, 'beta_1': 0.9175228416233233, 'beta_2': 0.9949146263345816, 'epsilon': 1.8324645138720611e-09, 'hidden_layer_sizes': 166, 'learning_rate_init': 0.00012648402962971804, 'tol': 0.00984219889695399, 'validation_fraction': 0.1808826979853626}]
/home/ryedida/.local/lib/python3.8/site-packages/sklearn/neural_network/_multilayer_perceptron.py:621: UserWarning: Got `batch_size` less than 1 or larger than sample size. It is going to be clipped
  warnings.warn(

function_evaluation time 0.097866 value -0.471429 suggestion {'alpha': 2.09460759702206, 'batch_size': 140, 'beta_1': 0.9175228416233233, 'beta_2': 0.9949146263345816, 'epsilon': 1.8324645138720611e-09, 'hidden_layer_sizes': 166, 'learning_rate_init': 0.00012648402962971804, 'tol': 0.00984219889695399, 'validation_fraction': 0.1808826979853626}
observation time 0.000004, current best -0.789163 at iter 6
suggestion time taken 15.263718 iter 7 next_points [{'alpha': 2.8213539823161387e-05, 'batch_size': 28, 'beta_1': 0.9442670108646419, 'beta_2': 0.9442212886612773, 'epsilon': 5.243650162971586e-09, 'hidden_layer_sizes': 169, 'learning_rate_init': 3.38033047162089e-05, 'tol': 1.1869016660138946e-05, 'validation_fraction': 0.33559980549847457}]
function_evaluation time 0.135523 value -0.345074 suggestion {'alpha': 2.8213539823161387e-05, 'batch_size': 28, 'beta_1': 0.9442670108646419, 'beta_2': 0.9442212886612773, 'epsilon': 5.243650162971586e-09, 'hidden_layer_sizes': 169, 'learning_rate_init': 3.38033047162089e-05, 'tol': 1.1869016660138946e-05, 'validation_fraction': 0.33559980549847457}
observation time 0.000003, current best -0.789163 at iter 7
suggestion time taken 15.969156 iter 8 next_points [{'alpha': 4.648527211204341, 'batch_size': 139, 'beta_1': 0.574797653099823, 'beta_2': 0.9995097169683917, 'epsilon': 1.5200296178036853e-09, 'hidden_layer_sizes': 141, 'learning_rate_init': 9.428988483722787e-05, 'tol': 5.0772181745868675e-05, 'validation_fraction': 0.8930468565818374}]
/home/ryedida/.local/lib/python3.8/site-packages/sklearn/neural_network/_multilayer_perceptron.py:621: UserWarning: Got `batch_size` less than 1 or larger than sample size. It is going to be clipped
  warnings.warn(

function_evaluation time 0.098107 value -0.386946 suggestion {'alpha': 4.648527211204341, 'batch_size': 139, 'beta_1': 0.574797653099823, 'beta_2': 0.9995097169683917, 'epsilon': 1.5200296178036853e-09, 'hidden_layer_sizes': 141, 'learning_rate_init': 9.428988483722787e-05, 'tol': 5.0772181745868675e-05, 'validation_fraction': 0.8930468565818374}
observation time 0.000003, current best -0.789163 at iter 8
suggestion time taken 15.886009 iter 9 next_points [{'alpha': 1.913470269051688e-05, 'batch_size': 20, 'beta_1': 0.6323695024172414, 'beta_2': 0.9647284282513645, 'epsilon': 7.711044346763406e-07, 'hidden_layer_sizes': 186, 'learning_rate_init': 0.030665655739159435, 'tol': 0.02284836119710707, 'validation_fraction': 0.786723986135913}]
function_evaluation time 0.260184 value -0.675369 suggestion {'alpha': 1.913470269051688e-05, 'batch_size': 20, 'beta_1': 0.6323695024172414, 'beta_2': 0.9647284282513645, 'epsilon': 7.711044346763406e-07, 'hidden_layer_sizes': 186, 'learning_rate_init': 0.030665655739159435, 'tol': 0.02284836119710707, 'validation_fraction': 0.786723986135913}
observation time 0.000005, current best -0.789163 at iter 9
suggestion time taken 15.585279 iter 10 next_points [{'alpha': 0.0001334518185180814, 'batch_size': 26, 'beta_1': 0.7020290592424062, 'beta_2': 0.9996004314191516, 'epsilon': 1.62767550290087e-08, 'hidden_layer_sizes': 55, 'learning_rate_init': 0.03375050232374404, 'tol': 0.0025270523912207733, 'validation_fraction': 0.5230024330348317}]
function_evaluation time 0.322571 value -0.692365 suggestion {'alpha': 0.0001334518185180814, 'batch_size': 26, 'beta_1': 0.7020290592424062, 'beta_2': 0.9996004314191516, 'epsilon': 1.62767550290087e-08, 'hidden_layer_sizes': 55, 'learning_rate_init': 0.03375050232374404, 'tol': 0.0025270523912207733, 'validation_fraction': 0.5230024330348317}
observation time 0.000003, current best -0.789163 at iter 10
suggestion time taken 15.972079 iter 11 next_points [{'alpha': 1.6178389794405395e-05, 'batch_size': 27, 'beta_1': 0.9790814408056088, 'beta_2': 0.9955105325215123, 'epsilon': 2.0667830511537233e-09, 'hidden_layer_sizes': 124, 'learning_rate_init': 0.004564967267198956, 'tol': 0.00012773083418196073, 'validation_fraction': 0.46640941981892836}]
function_evaluation time 0.417246 value -0.767241 suggestion {'alpha': 1.6178389794405395e-05, 'batch_size': 27, 'beta_1': 0.9790814408056088, 'beta_2': 0.9955105325215123, 'epsilon': 2.0667830511537233e-09, 'hidden_layer_sizes': 124, 'learning_rate_init': 0.004564967267198956, 'tol': 0.00012773083418196073, 'validation_fraction': 0.46640941981892836}
observation time 0.000004, current best -0.789163 at iter 11
suggestion time taken 15.405903 iter 12 next_points [{'alpha': 6.138972361312183e-05, 'batch_size': 47, 'beta_1': 0.7162585451087056, 'beta_2': 0.9999406598153975, 'epsilon': 5.681414536474508e-09, 'hidden_layer_sizes': 160, 'learning_rate_init': 0.0051987930751498015, 'tol': 0.00030796893903713585, 'validation_fraction': 0.5700065195286407}]
function_evaluation time 0.232797 value -0.691379 suggestion {'alpha': 6.138972361312183e-05, 'batch_size': 47, 'beta_1': 0.7162585451087056, 'beta_2': 0.9999406598153975, 'epsilon': 5.681414536474508e-09, 'hidden_layer_sizes': 160, 'learning_rate_init': 0.0051987930751498015, 'tol': 0.00030796893903713585, 'validation_fraction': 0.5700065195286407}
observation time 0.000003, current best -0.789163 at iter 12
suggestion time taken 16.114623 iter 13 next_points [{'alpha': 0.058731328891629096, 'batch_size': 138, 'beta_1': 0.8800742032042455, 'beta_2': 0.999337288739587, 'epsilon': 5.724295471638619e-09, 'hidden_layer_sizes': 57, 'learning_rate_init': 0.0022328643460202903, 'tol': 0.0017620771746435211, 'validation_fraction': 0.51799036362433}]
/home/ryedida/.local/lib/python3.8/site-packages/sklearn/neural_network/_multilayer_perceptron.py:621: UserWarning: Got `batch_size` less than 1 or larger than sample size. It is going to be clipped
  warnings.warn(

function_evaluation time 0.138268 value -0.388424 suggestion {'alpha': 0.058731328891629096, 'batch_size': 138, 'beta_1': 0.8800742032042455, 'beta_2': 0.999337288739587, 'epsilon': 5.724295471638619e-09, 'hidden_layer_sizes': 57, 'learning_rate_init': 0.0022328643460202903, 'tol': 0.0017620771746435211, 'validation_fraction': 0.51799036362433}
observation time 0.000003, current best -0.789163 at iter 13
suggestion time taken 15.513318 iter 14 next_points [{'alpha': 0.0002256402899559407, 'batch_size': 35, 'beta_1': 0.8599954817764864, 'beta_2': 0.9982158186547905, 'epsilon': 4.325813845087989e-07, 'hidden_layer_sizes': 156, 'learning_rate_init': 0.09802232352704807, 'tol': 2.010753244336306e-05, 'validation_fraction': 0.3767204629506781}]
function_evaluation time 0.157096 value -0.514532 suggestion {'alpha': 0.0002256402899559407, 'batch_size': 35, 'beta_1': 0.8599954817764864, 'beta_2': 0.9982158186547905, 'epsilon': 4.325813845087989e-07, 'hidden_layer_sizes': 156, 'learning_rate_init': 0.09802232352704807, 'tol': 2.010753244336306e-05, 'validation_fraction': 0.3767204629506781}
observation time 0.000003, current best -0.789163 at iter 14
suggestion time taken 16.120120 iter 15 next_points [{'alpha': 0.9921547089057701, 'batch_size': 23, 'beta_1': 0.6255590894729645, 'beta_2': 0.9998592896183505, 'epsilon': 1.5593141066952848e-07, 'hidden_layer_sizes': 116, 'learning_rate_init': 2.2886071470890215e-05, 'tol': 0.002198326252787021, 'validation_fraction': 0.398150101962454}]
function_evaluation time 0.132193 value -0.309852 suggestion {'alpha': 0.9921547089057701, 'batch_size': 23, 'beta_1': 0.6255590894729645, 'beta_2': 0.9998592896183505, 'epsilon': 1.5593141066952848e-07, 'hidden_layer_sizes': 116, 'learning_rate_init': 2.2886071470890215e-05, 'tol': 0.002198326252787021, 'validation_fraction': 0.398150101962454}
observation time 0.000003, current best -0.789163 at iter 15
suggestion time taken 15.867652 iter 16 next_points [{'alpha': 6.94886330838845e-05, 'batch_size': 137, 'beta_1': 0.820545931643122, 'beta_2': 0.9999817875404398, 'epsilon': 1.0342056053589198e-08, 'hidden_layer_sizes': 181, 'learning_rate_init': 0.052850492186259354, 'tol': 1.4736745858165546e-05, 'validation_fraction': 0.8798149151229276}]
/home/ryedida/.local/lib/python3.8/site-packages/sklearn/neural_network/_multilayer_perceptron.py:621: UserWarning: Got `batch_size` less than 1 or larger than sample size. It is going to be clipped
  warnings.warn(

function_evaluation time 0.179601 value -0.605172 suggestion {'alpha': 6.94886330838845e-05, 'batch_size': 137, 'beta_1': 0.820545931643122, 'beta_2': 0.9999817875404398, 'epsilon': 1.0342056053589198e-08, 'hidden_layer_sizes': 181, 'learning_rate_init': 0.052850492186259354, 'tol': 1.4736745858165546e-05, 'validation_fraction': 0.8798149151229276}
observation time 0.000005, current best -0.789163 at iter 16
suggestion time taken 15.952110 iter 17 next_points [{'alpha': 0.7494179051933186, 'batch_size': 20, 'beta_1': 0.9754278343947915, 'beta_2': 0.9981455113855331, 'epsilon': 9.664038900533783e-09, 'hidden_layer_sizes': 136, 'learning_rate_init': 1.6807588065598482e-05, 'tol': 0.0017435672534197282, 'validation_fraction': 0.11289392117176626}]
function_evaluation time 0.215692 value -0.352217 suggestion {'alpha': 0.7494179051933186, 'batch_size': 20, 'beta_1': 0.9754278343947915, 'beta_2': 0.9981455113855331, 'epsilon': 9.664038900533783e-09, 'hidden_layer_sizes': 136, 'learning_rate_init': 1.6807588065598482e-05, 'tol': 0.0017435672534197282, 'validation_fraction': 0.11289392117176626}
observation time 0.000003, current best -0.789163 at iter 17
suggestion time taken 16.045153 iter 18 next_points [{'alpha': 0.31196222491541287, 'batch_size': 139, 'beta_1': 0.8180738943554617, 'beta_2': 0.999998693357232, 'epsilon': 9.313511272912923e-09, 'hidden_layer_sizes': 130, 'learning_rate_init': 0.0007425889247612136, 'tol': 0.015114458207541984, 'validation_fraction': 0.28449347070677344}]
/home/ryedida/.local/lib/python3.8/site-packages/sklearn/neural_network/_multilayer_perceptron.py:621: UserWarning: Got `batch_size` less than 1 or larger than sample size. It is going to be clipped
  warnings.warn(

function_evaluation time 0.115076 value -0.493103 suggestion {'alpha': 0.31196222491541287, 'batch_size': 139, 'beta_1': 0.8180738943554617, 'beta_2': 0.999998693357232, 'epsilon': 9.313511272912923e-09, 'hidden_layer_sizes': 130, 'learning_rate_init': 0.0007425889247612136, 'tol': 0.015114458207541984, 'validation_fraction': 0.28449347070677344}
observation time 0.000003, current best -0.789163 at iter 18
suggestion time taken 16.540260 iter 19 next_points [{'alpha': 0.832459854170713, 'batch_size': 46, 'beta_1': 0.9897197047772567, 'beta_2': 0.9998509382639396, 'epsilon': 1.9594476956826717e-08, 'hidden_layer_sizes': 113, 'learning_rate_init': 0.0007364055501081204, 'tol': 0.010803814217266623, 'validation_fraction': 0.3814782952823972}]
function_evaluation time 0.172121 value -0.450739 suggestion {'alpha': 0.832459854170713, 'batch_size': 46, 'beta_1': 0.9897197047772567, 'beta_2': 0.9998509382639396, 'epsilon': 1.9594476956826717e-08, 'hidden_layer_sizes': 113, 'learning_rate_init': 0.0007364055501081204, 'tol': 0.010803814217266623, 'validation_fraction': 0.3814782952823972}
observation time 0.000004, current best -0.789163 at iter 19
suggestion time taken 16.124570 iter 20 next_points [{'alpha': 0.00748185466902392, 'batch_size': 141, 'beta_1': 0.5483056351541963, 'beta_2': 0.9902736759653932, 'epsilon': 4.7492973290270664e-07, 'hidden_layer_sizes': 87, 'learning_rate_init': 1.0110443234961886e-05, 'tol': 5.5367725354598915e-05, 'validation_fraction': 0.8732829805044972}]
/home/ryedida/.local/lib/python3.8/site-packages/sklearn/neural_network/_multilayer_perceptron.py:621: UserWarning: Got `batch_size` less than 1 or larger than sample size. It is going to be clipped
  warnings.warn(

function_evaluation time 0.070445 value -0.331281 suggestion {'alpha': 0.00748185466902392, 'batch_size': 141, 'beta_1': 0.5483056351541963, 'beta_2': 0.9902736759653932, 'epsilon': 4.7492973290270664e-07, 'hidden_layer_sizes': 87, 'learning_rate_init': 1.0110443234961886e-05, 'tol': 5.5367725354598915e-05, 'validation_fraction': 0.8732829805044972}
observation time 0.000003, current best -0.789163 at iter 20
suggestion time taken 15.644983 iter 21 next_points [{'alpha': 1.1460644851166551e-05, 'batch_size': 27, 'beta_1': 0.6889752280293888, 'beta_2': 0.9999715338973614, 'epsilon': 1.3687744593113648e-07, 'hidden_layer_sizes': 186, 'learning_rate_init': 8.352255781645552e-05, 'tol': 0.0004685007988333654, 'validation_fraction': 0.593150995711999}]
function_evaluation time 0.117178 value -0.330788 suggestion {'alpha': 1.1460644851166551e-05, 'batch_size': 27, 'beta_1': 0.6889752280293888, 'beta_2': 0.9999715338973614, 'epsilon': 1.3687744593113648e-07, 'hidden_layer_sizes': 186, 'learning_rate_init': 8.352255781645552e-05, 'tol': 0.0004685007988333654, 'validation_fraction': 0.593150995711999}
observation time 0.000003, current best -0.789163 at iter 21
suggestion time taken 16.110160 iter 22 next_points [{'alpha': 0.22968966750386316, 'batch_size': 20, 'beta_1': 0.9898550640170058, 'beta_2': 0.9995348498483451, 'epsilon': 4.701793297497963e-09, 'hidden_layer_sizes': 147, 'learning_rate_init': 1.69926505598278e-05, 'tol': 0.001586970390326052, 'validation_fraction': 0.6482112122740346}]
function_evaluation time 0.140868 value -0.394581 suggestion {'alpha': 0.22968966750386316, 'batch_size': 20, 'beta_1': 0.9898550640170058, 'beta_2': 0.9995348498483451, 'epsilon': 4.701793297497963e-09, 'hidden_layer_sizes': 147, 'learning_rate_init': 1.69926505598278e-05, 'tol': 0.001586970390326052, 'validation_fraction': 0.6482112122740346}
observation time 0.000003, current best -0.789163 at iter 22
suggestion time taken 15.692051 iter 23 next_points [{'alpha': 0.03498412163956561, 'batch_size': 46, 'beta_1': 0.6269724159470024, 'beta_2': 0.999936349471318, 'epsilon': 1.512821988484379e-08, 'hidden_layer_sizes': 101, 'learning_rate_init': 0.0012606611198067428, 'tol': 0.0033753502814661304, 'validation_fraction': 0.12160479440254358}]
function_evaluation time 0.272054 value -0.746552 suggestion {'alpha': 0.03498412163956561, 'batch_size': 46, 'beta_1': 0.6269724159470024, 'beta_2': 0.999936349471318, 'epsilon': 1.512821988484379e-08, 'hidden_layer_sizes': 101, 'learning_rate_init': 0.0012606611198067428, 'tol': 0.0033753502814661304, 'validation_fraction': 0.12160479440254358}
observation time 0.000003, current best -0.789163 at iter 23
suggestion time taken 16.202592 iter 24 next_points [{'alpha': 0.0006036682130189418, 'batch_size': 23, 'beta_1': 0.8130925197128257, 'beta_2': 0.9875902050897092, 'epsilon': 2.6028108314547193e-09, 'hidden_layer_sizes': 120, 'learning_rate_init': 0.038588822023732115, 'tol': 0.04850347665730738, 'validation_fraction': 0.46102933270853075}]
function_evaluation time 0.244093 value -0.851724 suggestion {'alpha': 0.0006036682130189418, 'batch_size': 23, 'beta_1': 0.8130925197128257, 'beta_2': 0.9875902050897092, 'epsilon': 2.6028108314547193e-09, 'hidden_layer_sizes': 120, 'learning_rate_init': 0.038588822023732115, 'tol': 0.04850347665730738, 'validation_fraction': 0.46102933270853075}
observation time 0.000003, current best -0.851724 at iter 24
suggestion time taken 15.889063 iter 25 next_points [{'alpha': 1.4687452590548336, 'batch_size': 14, 'beta_1': 0.9457204220245283, 'beta_2': 0.9993687296909107, 'epsilon': 2.195869291464891e-09, 'hidden_layer_sizes': 59, 'learning_rate_init': 0.03688414946865381, 'tol': 0.00898250322458389, 'validation_fraction': 0.7314842941886226}]
function_evaluation time 0.244933 value -0.739409 suggestion {'alpha': 1.4687452590548336, 'batch_size': 14, 'beta_1': 0.9457204220245283, 'beta_2': 0.9993687296909107, 'epsilon': 2.195869291464891e-09, 'hidden_layer_sizes': 59, 'learning_rate_init': 0.03688414946865381, 'tol': 0.00898250322458389, 'validation_fraction': 0.7314842941886226}
observation time 0.000003, current best -0.851724 at iter 25
suggestion time taken 16.189373 iter 26 next_points [{'alpha': 0.03747782035755429, 'batch_size': 140, 'beta_1': 0.8408026591678015, 'beta_2': 0.9970711937392964, 'epsilon': 6.202320026725115e-08, 'hidden_layer_sizes': 69, 'learning_rate_init': 0.006286848600335646, 'tol': 0.006061528556440615, 'validation_fraction': 0.8577684092461343}]
/home/ryedida/.local/lib/python3.8/site-packages/sklearn/neural_network/_multilayer_perceptron.py:621: UserWarning: Got `batch_size` less than 1 or larger than sample size. It is going to be clipped
  warnings.warn(

function_evaluation time 0.137386 value -0.606158 suggestion {'alpha': 0.03747782035755429, 'batch_size': 140, 'beta_1': 0.8408026591678015, 'beta_2': 0.9970711937392964, 'epsilon': 6.202320026725115e-08, 'hidden_layer_sizes': 69, 'learning_rate_init': 0.006286848600335646, 'tol': 0.006061528556440615, 'validation_fraction': 0.8577684092461343}
observation time 0.000004, current best -0.851724 at iter 26
suggestion time taken 15.942035 iter 27 next_points [{'alpha': 0.0027938982536770698, 'batch_size': 28, 'beta_1': 0.9732605219663516, 'beta_2': 0.9998743585679407, 'epsilon': 2.7914344473653556e-08, 'hidden_layer_sizes': 139, 'learning_rate_init': 0.0007148075219477629, 'tol': 0.0002376544763496638, 'validation_fraction': 0.8430819844661231}]
/home/ryedida/.local/lib/python3.8/site-packages/sklearn/neural_network/_multilayer_perceptron.py:621: UserWarning: Got `batch_size` less than 1 or larger than sample size. It is going to be clipped
  warnings.warn(

function_evaluation time 0.118829 value -0.444828 suggestion {'alpha': 0.0027938982536770698, 'batch_size': 28, 'beta_1': 0.9732605219663516, 'beta_2': 0.9998743585679407, 'epsilon': 2.7914344473653556e-08, 'hidden_layer_sizes': 139, 'learning_rate_init': 0.0007148075219477629, 'tol': 0.0002376544763496638, 'validation_fraction': 0.8430819844661231}
observation time 0.000003, current best -0.851724 at iter 27
suggestion time taken 15.559570 iter 28 next_points [{'alpha': 0.3644196553503221, 'batch_size': 23, 'beta_1': 0.6061124809653561, 'beta_2': 0.9999340541048329, 'epsilon': 1.2274100796591103e-09, 'hidden_layer_sizes': 198, 'learning_rate_init': 0.010258923693417903, 'tol': 0.007283629281038206, 'validation_fraction': 0.21888725083906974}]
function_evaluation time 0.360601 value -0.761084 suggestion {'alpha': 0.3644196553503221, 'batch_size': 23, 'beta_1': 0.6061124809653561, 'beta_2': 0.9999340541048329, 'epsilon': 1.2274100796591103e-09, 'hidden_layer_sizes': 198, 'learning_rate_init': 0.010258923693417903, 'tol': 0.007283629281038206, 'validation_fraction': 0.21888725083906974}
observation time 0.000003, current best -0.851724 at iter 28
suggestion time taken 16.427678 iter 29 next_points [{'alpha': 0.0002656049784389797, 'batch_size': 10, 'beta_1': 0.946294985766427, 'beta_2': 0.9999693054770001, 'epsilon': 2.9930525041732527e-07, 'hidden_layer_sizes': 72, 'learning_rate_init': 0.0010115848249147312, 'tol': 0.00020049552219131043, 'validation_fraction': 0.6873577603043155}]
function_evaluation time 0.471787 value -0.767734 suggestion {'alpha': 0.0002656049784389797, 'batch_size': 10, 'beta_1': 0.946294985766427, 'beta_2': 0.9999693054770001, 'epsilon': 2.9930525041732527e-07, 'hidden_layer_sizes': 72, 'learning_rate_init': 0.0010115848249147312, 'tol': 0.00020049552219131043, 'validation_fraction': 0.6873577603043155}
observation time 0.000003, current best -0.851724 at iter 29
suggestion time taken 15.551028 iter 30 next_points [{'alpha': 7.078424783266755, 'batch_size': 134, 'beta_1': 0.9268944368861214, 'beta_2': 0.9999983416660378, 'epsilon': 5.7293782242033325e-08, 'hidden_layer_sizes': 163, 'learning_rate_init': 0.00010743847402789743, 'tol': 0.00044723195524954995, 'validation_fraction': 0.5212739895181586}]
/home/ryedida/.local/lib/python3.8/site-packages/sklearn/neural_network/_multilayer_perceptron.py:621: UserWarning: Got `batch_size` less than 1 or larger than sample size. It is going to be clipped
  warnings.warn(

function_evaluation time 0.094575 value -0.330542 suggestion {'alpha': 7.078424783266755, 'batch_size': 134, 'beta_1': 0.9268944368861214, 'beta_2': 0.9999983416660378, 'epsilon': 5.7293782242033325e-08, 'hidden_layer_sizes': 163, 'learning_rate_init': 0.00010743847402789743, 'tol': 0.00044723195524954995, 'validation_fraction': 0.5212739895181586}
observation time 0.000003, current best -0.851724 at iter 30
suggestion time taken 16.544676 iter 31 next_points [{'alpha': 0.5940117628964823, 'batch_size': 46, 'beta_1': 0.9388886989871397, 'beta_2': 0.9883512248803596, 'epsilon': 1.160676310637976e-09, 'hidden_layer_sizes': 96, 'learning_rate_init': 0.000476133047458734, 'tol': 0.018033069266212863, 'validation_fraction': 0.4739861514329654}]
function_evaluation time 0.170693 value -0.471921 suggestion {'alpha': 0.5940117628964823, 'batch_size': 46, 'beta_1': 0.9388886989871397, 'beta_2': 0.9883512248803596, 'epsilon': 1.160676310637976e-09, 'hidden_layer_sizes': 96, 'learning_rate_init': 0.000476133047458734, 'tol': 0.018033069266212863, 'validation_fraction': 0.4739861514329654}
observation time 0.000003, current best -0.851724 at iter 31
suggestion time taken 15.629772 iter 32 next_points [{'alpha': 5.441459746754794e-05, 'batch_size': 70, 'beta_1': 0.9527098559962404, 'beta_2': 0.9999741621712526, 'epsilon': 2.5579860224240025e-08, 'hidden_layer_sizes': 174, 'learning_rate_init': 0.00016339088940896292, 'tol': 2.35728515930457e-05, 'validation_fraction': 0.5318121636564189}]
/home/ryedida/.local/lib/python3.8/site-packages/sklearn/neural_network/_multilayer_perceptron.py:621: UserWarning: Got `batch_size` less than 1 or larger than sample size. It is going to be clipped
  warnings.warn(

function_evaluation time 0.102680 value -0.421921 suggestion {'alpha': 5.441459746754794e-05, 'batch_size': 70, 'beta_1': 0.9527098559962404, 'beta_2': 0.9999741621712526, 'epsilon': 2.5579860224240025e-08, 'hidden_layer_sizes': 174, 'learning_rate_init': 0.00016339088940896292, 'tol': 2.35728515930457e-05, 'validation_fraction': 0.5318121636564189}
observation time 0.000003, current best -0.851724 at iter 32
suggestion time taken 16.623196 iter 33 next_points [{'alpha': 5.925436729927027e-05, 'batch_size': 138, 'beta_1': 0.9228260011515008, 'beta_2': 0.999998007406299, 'epsilon': 4.154563231999224e-09, 'hidden_layer_sizes': 134, 'learning_rate_init': 0.008914525770620942, 'tol': 0.001348253247853544, 'validation_fraction': 0.1982191049038225}]
/home/ryedida/.local/lib/python3.8/site-packages/sklearn/neural_network/_multilayer_perceptron.py:621: UserWarning: Got `batch_size` less than 1 or larger than sample size. It is going to be clipped
  warnings.warn(

function_evaluation time 0.173279 value -0.597537 suggestion {'alpha': 5.925436729927027e-05, 'batch_size': 138, 'beta_1': 0.9228260011515008, 'beta_2': 0.999998007406299, 'epsilon': 4.154563231999224e-09, 'hidden_layer_sizes': 134, 'learning_rate_init': 0.008914525770620942, 'tol': 0.001348253247853544, 'validation_fraction': 0.1982191049038225}
observation time 0.000003, current best -0.851724 at iter 33
suggestion time taken 15.837160 iter 34 next_points [{'alpha': 7.928812536584409, 'batch_size': 140, 'beta_1': 0.8116047630253145, 'beta_2': 0.9999710974865864, 'epsilon': 1.8825879039693504e-07, 'hidden_layer_sizes': 66, 'learning_rate_init': 0.000549329346602551, 'tol': 0.00039125147908728646, 'validation_fraction': 0.2712345802528009}]
/home/ryedida/.local/lib/python3.8/site-packages/sklearn/neural_network/_multilayer_perceptron.py:621: UserWarning: Got `batch_size` less than 1 or larger than sample size. It is going to be clipped
  warnings.warn(

function_evaluation time 0.086042 value -0.365517 suggestion {'alpha': 7.928812536584409, 'batch_size': 140, 'beta_1': 0.8116047630253145, 'beta_2': 0.9999710974865864, 'epsilon': 1.8825879039693504e-07, 'hidden_layer_sizes': 66, 'learning_rate_init': 0.000549329346602551, 'tol': 0.00039125147908728646, 'validation_fraction': 0.2712345802528009}
observation time 0.000003, current best -0.851724 at iter 34
suggestion time taken 16.533396 iter 35 next_points [{'alpha': 0.018726794748158238, 'batch_size': 28, 'beta_1': 0.7796524223223368, 'beta_2': 0.9986472908721182, 'epsilon': 6.818055372544311e-07, 'hidden_layer_sizes': 134, 'learning_rate_init': 0.004054158837527166, 'tol': 0.009409703289368528, 'validation_fraction': 0.1108301383560089}]
function_evaluation time 0.351664 value -0.740640 suggestion {'alpha': 0.018726794748158238, 'batch_size': 28, 'beta_1': 0.7796524223223368, 'beta_2': 0.9986472908721182, 'epsilon': 6.818055372544311e-07, 'hidden_layer_sizes': 134, 'learning_rate_init': 0.004054158837527166, 'tol': 0.009409703289368528, 'validation_fraction': 0.1108301383560089}
observation time 0.000003, current best -0.851724 at iter 35
suggestion time taken 15.777555 iter 36 next_points [{'alpha': 0.0003734427720884342, 'batch_size': 19, 'beta_1': 0.969978444621402, 'beta_2': 0.9999780788759176, 'epsilon': 1.0609272179445834e-09, 'hidden_layer_sizes': 110, 'learning_rate_init': 0.02643479685492701, 'tol': 3.72215768527238e-05, 'validation_fraction': 0.22053030760088943}]
function_evaluation time 0.408809 value -0.780296 suggestion {'alpha': 0.0003734427720884342, 'batch_size': 19, 'beta_1': 0.969978444621402, 'beta_2': 0.9999780788759176, 'epsilon': 1.0609272179445834e-09, 'hidden_layer_sizes': 110, 'learning_rate_init': 0.02643479685492701, 'tol': 3.72215768527238e-05, 'validation_fraction': 0.22053030760088943}
observation time 0.000003, current best -0.851724 at iter 36
suggestion time taken 16.408726 iter 37 next_points [{'alpha': 2.2922961260204415, 'batch_size': 17, 'beta_1': 0.7039928140872264, 'beta_2': 0.9974393986251701, 'epsilon': 1.3634565634385736e-09, 'hidden_layer_sizes': 141, 'learning_rate_init': 0.0023874755312980446, 'tol': 0.0031756885276760668, 'validation_fraction': 0.8245983841116235}]
function_evaluation time 0.284473 value -0.570443 suggestion {'alpha': 2.2922961260204415, 'batch_size': 17, 'beta_1': 0.7039928140872264, 'beta_2': 0.9974393986251701, 'epsilon': 1.3634565634385736e-09, 'hidden_layer_sizes': 141, 'learning_rate_init': 0.0023874755312980446, 'tol': 0.0031756885276760668, 'validation_fraction': 0.8245983841116235}
observation time 0.000004, current best -0.851724 at iter 37
suggestion time taken 15.607533 iter 38 next_points [{'alpha': 7.712688887941431e-05, 'batch_size': 138, 'beta_1': 0.9442262511085958, 'beta_2': 0.9985999558860357, 'epsilon': 3.5633056464828504e-09, 'hidden_layer_sizes': 78, 'learning_rate_init': 0.0026767311024672546, 'tol': 6.283052869350764e-05, 'validation_fraction': 0.838002214409325}]
/home/ryedida/.local/lib/python3.8/site-packages/sklearn/neural_network/_multilayer_perceptron.py:621: UserWarning: Got `batch_size` less than 1 or larger than sample size. It is going to be clipped
  warnings.warn(

function_evaluation time 0.136340 value -0.533498 suggestion {'alpha': 7.712688887941431e-05, 'batch_size': 138, 'beta_1': 0.9442262511085958, 'beta_2': 0.9985999558860357, 'epsilon': 3.5633056464828504e-09, 'hidden_layer_sizes': 78, 'learning_rate_init': 0.0026767311024672546, 'tol': 6.283052869350764e-05, 'validation_fraction': 0.838002214409325}
observation time 0.000004, current best -0.851724 at iter 38
suggestion time taken 15.352707 iter 39 next_points [{'alpha': 0.02466094421360336, 'batch_size': 139, 'beta_1': 0.9238612717803455, 'beta_2': 0.9998799369389141, 'epsilon': 1.8289481329837217e-08, 'hidden_layer_sizes': 118, 'learning_rate_init': 0.05165941291724095, 'tol': 0.002187509381455465, 'validation_fraction': 0.3097469789015757}]
/home/ryedida/.local/lib/python3.8/site-packages/sklearn/neural_network/_multilayer_perceptron.py:621: UserWarning: Got `batch_size` less than 1 or larger than sample size. It is going to be clipped
  warnings.warn(

function_evaluation time 0.128263 value -0.520443 suggestion {'alpha': 0.02466094421360336, 'batch_size': 139, 'beta_1': 0.9238612717803455, 'beta_2': 0.9998799369389141, 'epsilon': 1.8289481329837217e-08, 'hidden_layer_sizes': 118, 'learning_rate_init': 0.05165941291724095, 'tol': 0.002187509381455465, 'validation_fraction': 0.3097469789015757}
observation time 0.000003, current best -0.851724 at iter 39
suggestion time taken 16.031345 iter 40 next_points [{'alpha': 0.00032108109659733037, 'batch_size': 35, 'beta_1': 0.9085781851858599, 'beta_2': 0.999889922830105, 'epsilon': 2.5247508036908586e-09, 'hidden_layer_sizes': 143, 'learning_rate_init': 0.0029828612609759746, 'tol': 0.0010212001655196526, 'validation_fraction': 0.7862541415739921}]
/home/ryedida/.local/lib/python3.8/site-packages/sklearn/neural_network/_multilayer_perceptron.py:621: UserWarning: Got `batch_size` less than 1 or larger than sample size. It is going to be clipped
  warnings.warn(

function_evaluation time 0.203661 value -0.636207 suggestion {'alpha': 0.00032108109659733037, 'batch_size': 35, 'beta_1': 0.9085781851858599, 'beta_2': 0.999889922830105, 'epsilon': 2.5247508036908586e-09, 'hidden_layer_sizes': 143, 'learning_rate_init': 0.0029828612609759746, 'tol': 0.0010212001655196526, 'validation_fraction': 0.7862541415739921}
observation time 0.000003, current best -0.851724 at iter 40
suggestion time taken 15.528726 iter 41 next_points [{'alpha': 0.8058524883269305, 'batch_size': 17, 'beta_1': 0.9461132245015289, 'beta_2': 0.9949088588276317, 'epsilon': 1.5851284485987352e-07, 'hidden_layer_sizes': 119, 'learning_rate_init': 0.00012158227723085431, 'tol': 0.006613289822862003, 'validation_fraction': 0.5946259155245567}]
function_evaluation time 0.171514 value -0.443596 suggestion {'alpha': 0.8058524883269305, 'batch_size': 17, 'beta_1': 0.9461132245015289, 'beta_2': 0.9949088588276317, 'epsilon': 1.5851284485987352e-07, 'hidden_layer_sizes': 119, 'learning_rate_init': 0.00012158227723085431, 'tol': 0.006613289822862003, 'validation_fraction': 0.5946259155245567}
observation time 0.000004, current best -0.851724 at iter 41
suggestion time taken 16.181427 iter 42 next_points [{'alpha': 0.005477959144136836, 'batch_size': 68, 'beta_1': 0.9816210903187507, 'beta_2': 0.999984581144687, 'epsilon': 4.274807325141181e-07, 'hidden_layer_sizes': 139, 'learning_rate_init': 0.0991091984832786, 'tol': 0.0008481800729204214, 'validation_fraction': 0.8763687618956739}]
/home/ryedida/.local/lib/python3.8/site-packages/sklearn/neural_network/_multilayer_perceptron.py:621: UserWarning: Got `batch_size` less than 1 or larger than sample size. It is going to be clipped
  warnings.warn(

function_evaluation time 0.141052 value -0.584729 suggestion {'alpha': 0.005477959144136836, 'batch_size': 68, 'beta_1': 0.9816210903187507, 'beta_2': 0.999984581144687, 'epsilon': 4.274807325141181e-07, 'hidden_layer_sizes': 139, 'learning_rate_init': 0.0991091984832786, 'tol': 0.0008481800729204214, 'validation_fraction': 0.8763687618956739}
observation time 0.000003, current best -0.851724 at iter 42
suggestion time taken 15.482011 iter 43 next_points [{'alpha': 0.00019201691702183752, 'batch_size': 140, 'beta_1': 0.6921824877794543, 'beta_2': 0.999354930108421, 'epsilon': 3.710966145086606e-08, 'hidden_layer_sizes': 63, 'learning_rate_init': 0.0016875645778857457, 'tol': 0.03040199627861531, 'validation_fraction': 0.7796341648970596}]
/home/ryedida/.local/lib/python3.8/site-packages/sklearn/neural_network/_multilayer_perceptron.py:621: UserWarning: Got `batch_size` less than 1 or larger than sample size. It is going to be clipped
  warnings.warn(

function_evaluation time 0.082598 value -0.430788 suggestion {'alpha': 0.00019201691702183752, 'batch_size': 140, 'beta_1': 0.6921824877794543, 'beta_2': 0.999354930108421, 'epsilon': 3.710966145086606e-08, 'hidden_layer_sizes': 63, 'learning_rate_init': 0.0016875645778857457, 'tol': 0.03040199627861531, 'validation_fraction': 0.7796341648970596}
observation time 0.000003, current best -0.851724 at iter 43
suggestion time taken 15.441782 iter 44 next_points [{'alpha': 0.05427630251692054, 'batch_size': 46, 'beta_1': 0.8902827485009219, 'beta_2': 0.9913891486854232, 'epsilon': 1.6790033246194216e-08, 'hidden_layer_sizes': 102, 'learning_rate_init': 0.02946562104080075, 'tol': 0.0077368364112226865, 'validation_fraction': 0.25139828284542803}]
function_evaluation time 0.227739 value -0.781773 suggestion {'alpha': 0.05427630251692054, 'batch_size': 46, 'beta_1': 0.8902827485009219, 'beta_2': 0.9913891486854232, 'epsilon': 1.6790033246194216e-08, 'hidden_layer_sizes': 102, 'learning_rate_init': 0.02946562104080075, 'tol': 0.0077368364112226865, 'validation_fraction': 0.25139828284542803}
observation time 0.000004, current best -0.851724 at iter 44
saving meta data: {'args': {'--uuid': '80f4e118e87a55238601a8254f23ca02', '-db-root': '/home/ryedida/bbo_challenge_starter_kit/output', '--opt-root': '/home/ryedida/bbo_challenge_starter_kit/example_submissions', '--data-root': None, '--db': 'run_20231015_053414', '--opt': 'strongcvx', '--data': 'wine', '--classifier': 'MLP-adam', '--metric': 'acc', '--calls': 45, '--suggestions': 1, '--jobs-file': None, '--verbose': False, 'dry_run': False, 'rev': 'a376313', 'opt_rev': 'x.x.x'}, 'signature': ([{'alpha': 0.019628224813442792, 'batch_size': 182, 'beta_1': 0.9410202200271762, 'beta_2': 0.9998021557676793, 'epsilon': 1.8662266976518e-08, 'hidden_layer_sizes': 147, 'learning_rate_init': 0.0005627932047415167, 'tol': 0.03690557729213761, 'validation_fraction': 0.8846827852548593}, {'alpha': 0.001998246739232944, 'batch_size': 200, 'beta_1': 0.919111482530466, 'beta_2': 0.9998488260436156, 'epsilon': 5.981221901152555e-07, 'hidden_layer_sizes': 61, 'learning_rate_init': 2.2310905607443014e-05, 'tol': 1.2046852412030316e-05, 'validation_fraction': 0.8117896445826539}, {'alpha': 0.46659545670218433, 'batch_size': 219, 'beta_1': 0.9889789783750891, 'beta_2': 0.9999896868093284, 'epsilon': 2.4234724484675948e-08, 'hidden_layer_sizes': 167, 'learning_rate_init': 2.972334644335654e-05, 'tol': 0.0036281404040243792, 'validation_fraction': 0.17260651658522078}, {'alpha': 4.656005689076002, 'batch_size': 135, 'beta_1': 0.870503881627747, 'beta_2': 0.9948873266941017, 'epsilon': 2.1023308743480125e-07, 'hidden_layer_sizes': 118, 'learning_rate_init': 0.001878173875716191, 'tol': 1.1889379831773006e-05, 'validation_fraction': 0.6264327093752792}, {'alpha': 0.04705159350400542, 'batch_size': 158, 'beta_1': 0.9870884262730957, 'beta_2': 0.9999596874382349, 'epsilon': 1.1981845126013875e-08, 'hidden_layer_sizes': 116, 'learning_rate_init': 0.006173405204074311, 'tol': 1.7414134181586194e-05, 'validation_fraction': 0.6754299026638921}], [-0.4359605911330049, -0.3169950738916256, -0.3312807881773399, -0.6620689655172413, -0.5017241379310344])}
saving results
saving timing
saving suggest log
done
