running: {'--uuid': '94692cf852085b67a14e2c443dca95b8', '-db-root': '/home/ryedida/bbo_challenge_starter_kit/output', '--opt-root': '/home/ryedida/bbo_challenge_starter_kit/example_submissions', '--data-root': None, '--db': 'run_20231015_053414', '--opt': 'random', '--data': 'wine', '--classifier': 'MLP-adam', '--metric': 'acc', '--calls': 45, '--suggestions': 1, '--jobs-file': None, '--verbose': False, 'dry_run': False, 'rev': 'a376313', 'opt_rev': '0.0.8'}
cmd: python /home/ryedida/.local/bin/bayesmark-exp -c MLP-adam -d wine -o random -u 94692cf852085b67a14e2c443dca95b8 -m acc -n 45 -p 1 -dir /home/ryedida/bbo_challenge_starter_kit/output -b run_20231015_053414
/home/ryedida/.local/lib/python3.8/site-packages/sklearn/neural_network/_multilayer_perceptron.py:621: UserWarning: Got `batch_size` less than 1 or larger than sample size. It is going to be clipped
  warnings.warn(

/home/ryedida/.local/lib/python3.8/site-packages/sklearn/neural_network/_multilayer_perceptron.py:621: UserWarning: Got `batch_size` less than 1 or larger than sample size. It is going to be clipped
  warnings.warn(

/home/ryedida/.local/lib/python3.8/site-packages/sklearn/neural_network/_multilayer_perceptron.py:621: UserWarning: Got `batch_size` less than 1 or larger than sample size. It is going to be clipped
  warnings.warn(

/home/ryedida/.local/lib/python3.8/site-packages/sklearn/neural_network/_multilayer_perceptron.py:621: UserWarning: Got `batch_size` less than 1 or larger than sample size. It is going to be clipped
  warnings.warn(

/home/ryedida/.local/lib/python3.8/site-packages/sklearn/neural_network/_multilayer_perceptron.py:621: UserWarning: Got `batch_size` less than 1 or larger than sample size. It is going to be clipped
  warnings.warn(

computed signature: ([{'alpha': 0.019628224813442792, 'batch_size': 182, 'beta_1': 0.9410202200271762, 'beta_2': 0.9998021557676793, 'epsilon': 1.8662266976518e-08, 'hidden_layer_sizes': 147, 'learning_rate_init': 0.0005627932047415167, 'tol': 0.03690557729213761, 'validation_fraction': 0.8846827852548593}, {'alpha': 0.001998246739232944, 'batch_size': 200, 'beta_1': 0.919111482530466, 'beta_2': 0.9998488260436156, 'epsilon': 5.981221901152555e-07, 'hidden_layer_sizes': 61, 'learning_rate_init': 2.2310905607443014e-05, 'tol': 1.2046852412030316e-05, 'validation_fraction': 0.8117896445826539}, {'alpha': 0.46659545670218433, 'batch_size': 219, 'beta_1': 0.9889789783750891, 'beta_2': 0.9999896868093284, 'epsilon': 2.4234724484675948e-08, 'hidden_layer_sizes': 167, 'learning_rate_init': 2.972334644335654e-05, 'tol': 0.0036281404040243792, 'validation_fraction': 0.17260651658522078}, {'alpha': 4.656005689076002, 'batch_size': 135, 'beta_1': 0.870503881627747, 'beta_2': 0.9948873266941017, 'epsilon': 2.1023308743480125e-07, 'hidden_layer_sizes': 118, 'learning_rate_init': 0.001878173875716191, 'tol': 1.1889379831773006e-05, 'validation_fraction': 0.6264327093752792}, {'alpha': 0.04705159350400542, 'batch_size': 158, 'beta_1': 0.9870884262730957, 'beta_2': 0.9999596874382349, 'epsilon': 1.1981845126013875e-08, 'hidden_layer_sizes': 116, 'learning_rate_init': 0.006173405204074311, 'tol': 1.7414134181586194e-05, 'validation_fraction': 0.6754299026638921}], [-0.4359605911330049, -0.3169950738916256, -0.3312807881773399, -0.6620689655172413, -0.5017241379310344])
/home/ryedida/.local/lib/python3.8/site-packages/bayesmark/experiment.py:470: UserWarning: Baselines not found. Will not log intermediate scores.
  warnings.warn("Baselines not found. Will not log intermediate scores.")

starting sklearn study random MLP-adam wine acc 45 1
with data root: None
suggestion time taken 0.003974 iter 0 next_points [{'alpha': 0.23467644478558589, 'batch_size': 117, 'beta_1': 0.7927769306403847, 'beta_2': 0.9970729372204578, 'epsilon': 1.733226575481895e-09, 'hidden_layer_sizes': 52, 'learning_rate_init': 0.0298622142798274, 'tol': 9.375415778693172e-05, 'validation_fraction': 0.25093177199372496}]
/home/ryedida/.local/lib/python3.8/site-packages/sklearn/neural_network/_multilayer_perceptron.py:621: UserWarning: Got `batch_size` less than 1 or larger than sample size. It is going to be clipped
  warnings.warn(

function_evaluation time 0.147289 value -0.534975 suggestion {'alpha': 0.23467644478558589, 'batch_size': 117, 'beta_1': 0.7927769306403847, 'beta_2': 0.9970729372204578, 'epsilon': 1.733226575481895e-09, 'hidden_layer_sizes': 52, 'learning_rate_init': 0.0298622142798274, 'tol': 9.375415778693172e-05, 'validation_fraction': 0.25093177199372496}
observation time 0.000002, current best -0.534975 at iter 0
suggestion time taken 0.004498 iter 1 next_points [{'alpha': 0.01090719567052792, 'batch_size': 125, 'beta_1': 0.6446820862383495, 'beta_2': 0.9958366515072964, 'epsilon': 1.5053549514635337e-09, 'hidden_layer_sizes': 102, 'learning_rate_init': 0.0008461932789885956, 'tol': 6.436177015013971e-05, 'validation_fraction': 0.8039143410875497}]
/home/ryedida/.local/lib/python3.8/site-packages/sklearn/neural_network/_multilayer_perceptron.py:621: UserWarning: Got `batch_size` less than 1 or larger than sample size. It is going to be clipped
  warnings.warn(

function_evaluation time 0.135108 value -0.542611 suggestion {'alpha': 0.01090719567052792, 'batch_size': 125, 'beta_1': 0.6446820862383495, 'beta_2': 0.9958366515072964, 'epsilon': 1.5053549514635337e-09, 'hidden_layer_sizes': 102, 'learning_rate_init': 0.0008461932789885956, 'tol': 6.436177015013971e-05, 'validation_fraction': 0.8039143410875497}
observation time 0.000002, current best -0.542611 at iter 1
suggestion time taken 0.004671 iter 2 next_points [{'alpha': 0.0010655998149108922, 'batch_size': 204, 'beta_1': 0.9279902652631621, 'beta_2': 0.9994581625903575, 'epsilon': 1.2424642553422879e-09, 'hidden_layer_sizes': 122, 'learning_rate_init': 0.0019895139834511543, 'tol': 0.011765684304706106, 'validation_fraction': 0.5256095830968494}]
/home/ryedida/.local/lib/python3.8/site-packages/sklearn/neural_network/_multilayer_perceptron.py:621: UserWarning: Got `batch_size` less than 1 or larger than sample size. It is going to be clipped
  warnings.warn(

function_evaluation time 0.208248 value -0.564286 suggestion {'alpha': 0.0010655998149108922, 'batch_size': 204, 'beta_1': 0.9279902652631621, 'beta_2': 0.9994581625903575, 'epsilon': 1.2424642553422879e-09, 'hidden_layer_sizes': 122, 'learning_rate_init': 0.0019895139834511543, 'tol': 0.011765684304706106, 'validation_fraction': 0.5256095830968494}
observation time 0.000002, current best -0.564286 at iter 2
suggestion time taken 0.003948 iter 3 next_points [{'alpha': 0.0013651791086301262, 'batch_size': 57, 'beta_1': 0.5213850417186646, 'beta_2': 0.9987172008783419, 'epsilon': 1.6908410616051732e-09, 'hidden_layer_sizes': 71, 'learning_rate_init': 0.02458456782479761, 'tol': 0.05879240325018583, 'validation_fraction': 0.7891785401379073}]
/home/ryedida/.local/lib/python3.8/site-packages/sklearn/neural_network/_multilayer_perceptron.py:621: UserWarning: Got `batch_size` less than 1 or larger than sample size. It is going to be clipped
  warnings.warn(

function_evaluation time 0.120318 value -0.571182 suggestion {'alpha': 0.0013651791086301262, 'batch_size': 57, 'beta_1': 0.5213850417186646, 'beta_2': 0.9987172008783419, 'epsilon': 1.6908410616051732e-09, 'hidden_layer_sizes': 71, 'learning_rate_init': 0.02458456782479761, 'tol': 0.05879240325018583, 'validation_fraction': 0.7891785401379073}
observation time 0.000002, current best -0.571182 at iter 3
suggestion time taken 0.004701 iter 4 next_points [{'alpha': 0.03099356434687369, 'batch_size': 55, 'beta_1': 0.933743546170433, 'beta_2': 0.9254011549058713, 'epsilon': 2.1331861871353815e-08, 'hidden_layer_sizes': 151, 'learning_rate_init': 1.7084348373494638e-05, 'tol': 2.3502737164724516e-05, 'validation_fraction': 0.5348890212409564}]
function_evaluation time 0.116777 value -0.365517 suggestion {'alpha': 0.03099356434687369, 'batch_size': 55, 'beta_1': 0.933743546170433, 'beta_2': 0.9254011549058713, 'epsilon': 2.1331861871353815e-08, 'hidden_layer_sizes': 151, 'learning_rate_init': 1.7084348373494638e-05, 'tol': 2.3502737164724516e-05, 'validation_fraction': 0.5348890212409564}
observation time 0.000002, current best -0.571182 at iter 4
suggestion time taken 0.004537 iter 5 next_points [{'alpha': 0.2628661133388376, 'batch_size': 145, 'beta_1': 0.9894839548197912, 'beta_2': 0.9999975461729415, 'epsilon': 1.0803202890133342e-07, 'hidden_layer_sizes': 188, 'learning_rate_init': 0.004039352704619704, 'tol': 0.013081008412954705, 'validation_fraction': 0.4189032658320909}]
/home/ryedida/.local/lib/python3.8/site-packages/sklearn/neural_network/_multilayer_perceptron.py:621: UserWarning: Got `batch_size` less than 1 or larger than sample size. It is going to be clipped
  warnings.warn(

function_evaluation time 0.153419 value -0.568966 suggestion {'alpha': 0.2628661133388376, 'batch_size': 145, 'beta_1': 0.9894839548197912, 'beta_2': 0.9999975461729415, 'epsilon': 1.0803202890133342e-07, 'hidden_layer_sizes': 188, 'learning_rate_init': 0.004039352704619704, 'tol': 0.013081008412954705, 'validation_fraction': 0.4189032658320909}
observation time 0.000002, current best -0.571182 at iter 5
suggestion time taken 0.004096 iter 6 next_points [{'alpha': 1.0320793520993097e-05, 'batch_size': 111, 'beta_1': 0.5819222757089689, 'beta_2': 0.999998993034875, 'epsilon': 9.27623898159734e-07, 'hidden_layer_sizes': 76, 'learning_rate_init': 1.3434700848102272e-05, 'tol': 0.009440152537608765, 'validation_fraction': 0.7037382547372607}]
/home/ryedida/.local/lib/python3.8/site-packages/sklearn/neural_network/_multilayer_perceptron.py:621: UserWarning: Got `batch_size` less than 1 or larger than sample size. It is going to be clipped
  warnings.warn(

function_evaluation time 0.101321 value -0.352709 suggestion {'alpha': 1.0320793520993097e-05, 'batch_size': 111, 'beta_1': 0.5819222757089689, 'beta_2': 0.999998993034875, 'epsilon': 9.27623898159734e-07, 'hidden_layer_sizes': 76, 'learning_rate_init': 1.3434700848102272e-05, 'tol': 0.009440152537608765, 'validation_fraction': 0.7037382547372607}
observation time 0.000002, current best -0.571182 at iter 6
suggestion time taken 0.004346 iter 7 next_points [{'alpha': 0.00034779636060680894, 'batch_size': 233, 'beta_1': 0.7112463850854986, 'beta_2': 0.9999961424265467, 'epsilon': 6.832870045852869e-08, 'hidden_layer_sizes': 66, 'learning_rate_init': 0.0001378238965204951, 'tol': 3.25879663409664e-05, 'validation_fraction': 0.6334141484816065}]
/home/ryedida/.local/lib/python3.8/site-packages/sklearn/neural_network/_multilayer_perceptron.py:621: UserWarning: Got `batch_size` less than 1 or larger than sample size. It is going to be clipped
  warnings.warn(

function_evaluation time 0.076792 value -0.302463 suggestion {'alpha': 0.00034779636060680894, 'batch_size': 233, 'beta_1': 0.7112463850854986, 'beta_2': 0.9999961424265467, 'epsilon': 6.832870045852869e-08, 'hidden_layer_sizes': 66, 'learning_rate_init': 0.0001378238965204951, 'tol': 3.25879663409664e-05, 'validation_fraction': 0.6334141484816065}
observation time 0.000002, current best -0.571182 at iter 7
suggestion time taken 0.004046 iter 8 next_points [{'alpha': 0.006268176118527329, 'batch_size': 58, 'beta_1': 0.9664001148552223, 'beta_2': 0.999996919901498, 'epsilon': 3.3177363906565175e-07, 'hidden_layer_sizes': 108, 'learning_rate_init': 0.00019415433024149413, 'tol': 2.903625091104829e-05, 'validation_fraction': 0.7112176316599599}]
/home/ryedida/.local/lib/python3.8/site-packages/sklearn/neural_network/_multilayer_perceptron.py:621: UserWarning: Got `batch_size` less than 1 or larger than sample size. It is going to be clipped
  warnings.warn(

function_evaluation time 0.092002 value -0.451724 suggestion {'alpha': 0.006268176118527329, 'batch_size': 58, 'beta_1': 0.9664001148552223, 'beta_2': 0.999996919901498, 'epsilon': 3.3177363906565175e-07, 'hidden_layer_sizes': 108, 'learning_rate_init': 0.00019415433024149413, 'tol': 2.903625091104829e-05, 'validation_fraction': 0.7112176316599599}
observation time 0.000002, current best -0.571182 at iter 8
suggestion time taken 0.004378 iter 9 next_points [{'alpha': 1.1516709023784904e-05, 'batch_size': 159, 'beta_1': 0.9101668166111977, 'beta_2': 0.9996938776124354, 'epsilon': 5.269569140983928e-07, 'hidden_layer_sizes': 97, 'learning_rate_init': 0.00126642283203955, 'tol': 8.089124324912345e-05, 'validation_fraction': 0.4946525145515451}]
/home/ryedida/.local/lib/python3.8/site-packages/sklearn/neural_network/_multilayer_perceptron.py:621: UserWarning: Got `batch_size` less than 1 or larger than sample size. It is going to be clipped
  warnings.warn(

function_evaluation time 0.135493 value -0.565025 suggestion {'alpha': 1.1516709023784904e-05, 'batch_size': 159, 'beta_1': 0.9101668166111977, 'beta_2': 0.9996938776124354, 'epsilon': 5.269569140983928e-07, 'hidden_layer_sizes': 97, 'learning_rate_init': 0.00126642283203955, 'tol': 8.089124324912345e-05, 'validation_fraction': 0.4946525145515451}
observation time 0.000002, current best -0.571182 at iter 9
suggestion time taken 0.004110 iter 10 next_points [{'alpha': 0.008144947529606938, 'batch_size': 30, 'beta_1': 0.9542560774838854, 'beta_2': 0.9989571207277046, 'epsilon': 1.1563744232068187e-08, 'hidden_layer_sizes': 127, 'learning_rate_init': 0.0059206551525548875, 'tol': 0.00010857426376149442, 'validation_fraction': 0.8749430738459234}]
/home/ryedida/.local/lib/python3.8/site-packages/sklearn/neural_network/_multilayer_perceptron.py:621: UserWarning: Got `batch_size` less than 1 or larger than sample size. It is going to be clipped
  warnings.warn(

function_evaluation time 0.133893 value -0.599754 suggestion {'alpha': 0.008144947529606938, 'batch_size': 30, 'beta_1': 0.9542560774838854, 'beta_2': 0.9989571207277046, 'epsilon': 1.1563744232068187e-08, 'hidden_layer_sizes': 127, 'learning_rate_init': 0.0059206551525548875, 'tol': 0.00010857426376149442, 'validation_fraction': 0.8749430738459234}
observation time 0.000003, current best -0.599754 at iter 10
suggestion time taken 0.004037 iter 11 next_points [{'alpha': 2.7618669305238262e-05, 'batch_size': 220, 'beta_1': 0.9027823847876476, 'beta_2': 0.9993641276439, 'epsilon': 2.8753675178146057e-08, 'hidden_layer_sizes': 135, 'learning_rate_init': 2.316286202332495e-05, 'tol': 0.002966724092582193, 'validation_fraction': 0.7648290082236572}]
/home/ryedida/.local/lib/python3.8/site-packages/sklearn/neural_network/_multilayer_perceptron.py:621: UserWarning: Got `batch_size` less than 1 or larger than sample size. It is going to be clipped
  warnings.warn(

function_evaluation time 0.080990 value -0.337931 suggestion {'alpha': 2.7618669305238262e-05, 'batch_size': 220, 'beta_1': 0.9027823847876476, 'beta_2': 0.9993641276439, 'epsilon': 2.8753675178146057e-08, 'hidden_layer_sizes': 135, 'learning_rate_init': 2.316286202332495e-05, 'tol': 0.002966724092582193, 'validation_fraction': 0.7648290082236572}
observation time 0.000002, current best -0.599754 at iter 11
suggestion time taken 0.004632 iter 12 next_points [{'alpha': 0.06668557043148414, 'batch_size': 248, 'beta_1': 0.9874273392698149, 'beta_2': 0.9854796088910656, 'epsilon': 1.1840788124345759e-07, 'hidden_layer_sizes': 95, 'learning_rate_init': 0.000356817444144924, 'tol': 0.001270115063685909, 'validation_fraction': 0.264627404757435}]
/home/ryedida/.local/lib/python3.8/site-packages/sklearn/neural_network/_multilayer_perceptron.py:621: UserWarning: Got `batch_size` less than 1 or larger than sample size. It is going to be clipped
  warnings.warn(

function_evaluation time 0.121022 value -0.387438 suggestion {'alpha': 0.06668557043148414, 'batch_size': 248, 'beta_1': 0.9874273392698149, 'beta_2': 0.9854796088910656, 'epsilon': 1.1840788124345759e-07, 'hidden_layer_sizes': 95, 'learning_rate_init': 0.000356817444144924, 'tol': 0.001270115063685909, 'validation_fraction': 0.264627404757435}
observation time 0.000002, current best -0.599754 at iter 12
suggestion time taken 0.004328 iter 13 next_points [{'alpha': 0.000942644148829768, 'batch_size': 90, 'beta_1': 0.5356035843728606, 'beta_2': 0.9980826251001204, 'epsilon': 4.73524526430956e-07, 'hidden_layer_sizes': 73, 'learning_rate_init': 0.0003228582369947699, 'tol': 3.4402045249207776e-05, 'validation_fraction': 0.4196462328676388}]
/home/ryedida/.local/lib/python3.8/site-packages/sklearn/neural_network/_multilayer_perceptron.py:621: UserWarning: Got `batch_size` less than 1 or larger than sample size. It is going to be clipped
  warnings.warn(

function_evaluation time 0.089547 value -0.297537 suggestion {'alpha': 0.000942644148829768, 'batch_size': 90, 'beta_1': 0.5356035843728606, 'beta_2': 0.9980826251001204, 'epsilon': 4.73524526430956e-07, 'hidden_layer_sizes': 73, 'learning_rate_init': 0.0003228582369947699, 'tol': 3.4402045249207776e-05, 'validation_fraction': 0.4196462328676388}
observation time 0.000002, current best -0.599754 at iter 13
suggestion time taken 0.005804 iter 14 next_points [{'alpha': 0.0004480877940846189, 'batch_size': 215, 'beta_1': 0.7878463673964194, 'beta_2': 0.9999859961705746, 'epsilon': 1.6311876761741532e-09, 'hidden_layer_sizes': 50, 'learning_rate_init': 0.014896280370028967, 'tol': 0.0054288151591304, 'validation_fraction': 0.1524155523976439}]
/home/ryedida/.local/lib/python3.8/site-packages/sklearn/neural_network/_multilayer_perceptron.py:621: UserWarning: Got `batch_size` less than 1 or larger than sample size. It is going to be clipped
  warnings.warn(

function_evaluation time 0.117294 value -0.578325 suggestion {'alpha': 0.0004480877940846189, 'batch_size': 215, 'beta_1': 0.7878463673964194, 'beta_2': 0.9999859961705746, 'epsilon': 1.6311876761741532e-09, 'hidden_layer_sizes': 50, 'learning_rate_init': 0.014896280370028967, 'tol': 0.0054288151591304, 'validation_fraction': 0.1524155523976439}
observation time 0.000002, current best -0.599754 at iter 14
suggestion time taken 0.005134 iter 15 next_points [{'alpha': 0.00034706468771491053, 'batch_size': 131, 'beta_1': 0.635977470363508, 'beta_2': 0.9999743000929772, 'epsilon': 3.9520101327770554e-07, 'hidden_layer_sizes': 182, 'learning_rate_init': 0.0010156979454629678, 'tol': 9.261379069527227e-05, 'validation_fraction': 0.5298749002561177}]
/home/ryedida/.local/lib/python3.8/site-packages/sklearn/neural_network/_multilayer_perceptron.py:621: UserWarning: Got `batch_size` less than 1 or larger than sample size. It is going to be clipped
  warnings.warn(

function_evaluation time 0.341069 value -0.566010 suggestion {'alpha': 0.00034706468771491053, 'batch_size': 131, 'beta_1': 0.635977470363508, 'beta_2': 0.9999743000929772, 'epsilon': 3.9520101327770554e-07, 'hidden_layer_sizes': 182, 'learning_rate_init': 0.0010156979454629678, 'tol': 9.261379069527227e-05, 'validation_fraction': 0.5298749002561177}
observation time 0.000002, current best -0.599754 at iter 15
suggestion time taken 0.004498 iter 16 next_points [{'alpha': 0.3535439894849036, 'batch_size': 85, 'beta_1': 0.9891658122706521, 'beta_2': 0.9968412936677739, 'epsilon': 4.732359069777882e-08, 'hidden_layer_sizes': 155, 'learning_rate_init': 0.04064742532916313, 'tol': 0.0590187662490195, 'validation_fraction': 0.1867934147591571}]
function_evaluation time 0.201464 value -0.641626 suggestion {'alpha': 0.3535439894849036, 'batch_size': 85, 'beta_1': 0.9891658122706521, 'beta_2': 0.9968412936677739, 'epsilon': 4.732359069777882e-08, 'hidden_layer_sizes': 155, 'learning_rate_init': 0.04064742532916313, 'tol': 0.0590187662490195, 'validation_fraction': 0.1867934147591571}
observation time 0.000002, current best -0.641626 at iter 16
suggestion time taken 0.006554 iter 17 next_points [{'alpha': 0.07779897368827918, 'batch_size': 91, 'beta_1': 0.9712023572284472, 'beta_2': 0.9991610213772041, 'epsilon': 6.109252210897018e-07, 'hidden_layer_sizes': 105, 'learning_rate_init': 0.0027612231528628952, 'tol': 0.017439501008539263, 'validation_fraction': 0.2056264507844737}]
function_evaluation time 0.195103 value -0.584236 suggestion {'alpha': 0.07779897368827918, 'batch_size': 91, 'beta_1': 0.9712023572284472, 'beta_2': 0.9991610213772041, 'epsilon': 6.109252210897018e-07, 'hidden_layer_sizes': 105, 'learning_rate_init': 0.0027612231528628952, 'tol': 0.017439501008539263, 'validation_fraction': 0.2056264507844737}
observation time 0.000002, current best -0.641626 at iter 17
suggestion time taken 0.004255 iter 18 next_points [{'alpha': 0.0005130755848677043, 'batch_size': 115, 'beta_1': 0.913883189368653, 'beta_2': 0.9810454939003204, 'epsilon': 2.5284433364320123e-08, 'hidden_layer_sizes': 106, 'learning_rate_init': 0.03006490292823087, 'tol': 0.0001176183195987286, 'validation_fraction': 0.8360988927438394}]
/home/ryedida/.local/lib/python3.8/site-packages/sklearn/neural_network/_multilayer_perceptron.py:621: UserWarning: Got `batch_size` less than 1 or larger than sample size. It is going to be clipped
  warnings.warn(

function_evaluation time 0.261016 value -0.745074 suggestion {'alpha': 0.0005130755848677043, 'batch_size': 115, 'beta_1': 0.913883189368653, 'beta_2': 0.9810454939003204, 'epsilon': 2.5284433364320123e-08, 'hidden_layer_sizes': 106, 'learning_rate_init': 0.03006490292823087, 'tol': 0.0001176183195987286, 'validation_fraction': 0.8360988927438394}
observation time 0.000002, current best -0.745074 at iter 18
suggestion time taken 0.004783 iter 19 next_points [{'alpha': 2.1895760974638412e-05, 'batch_size': 86, 'beta_1': 0.9538917437532862, 'beta_2': 0.9974484529787871, 'epsilon': 1.225668787688748e-09, 'hidden_layer_sizes': 64, 'learning_rate_init': 0.07169406021550556, 'tol': 7.480083033118661e-05, 'validation_fraction': 0.4259619930187449}]
/home/ryedida/.local/lib/python3.8/site-packages/sklearn/neural_network/_multilayer_perceptron.py:621: UserWarning: Got `batch_size` less than 1 or larger than sample size. It is going to be clipped
  warnings.warn(

function_evaluation time 0.157831 value -0.654433 suggestion {'alpha': 2.1895760974638412e-05, 'batch_size': 86, 'beta_1': 0.9538917437532862, 'beta_2': 0.9974484529787871, 'epsilon': 1.225668787688748e-09, 'hidden_layer_sizes': 64, 'learning_rate_init': 0.07169406021550556, 'tol': 7.480083033118661e-05, 'validation_fraction': 0.4259619930187449}
observation time 0.000002, current best -0.745074 at iter 19
suggestion time taken 0.003992 iter 20 next_points [{'alpha': 0.0001106221894633292, 'batch_size': 97, 'beta_1': 0.9867738086671624, 'beta_2': 0.9999958007602767, 'epsilon': 3.392045192640252e-09, 'hidden_layer_sizes': 157, 'learning_rate_init': 3.195126227170253e-05, 'tol': 7.760297158006507e-05, 'validation_fraction': 0.7711652024416148}]
/home/ryedida/.local/lib/python3.8/site-packages/sklearn/neural_network/_multilayer_perceptron.py:621: UserWarning: Got `batch_size` less than 1 or larger than sample size. It is going to be clipped
  warnings.warn(

function_evaluation time 0.083908 value -0.359360 suggestion {'alpha': 0.0001106221894633292, 'batch_size': 97, 'beta_1': 0.9867738086671624, 'beta_2': 0.9999958007602767, 'epsilon': 3.392045192640252e-09, 'hidden_layer_sizes': 157, 'learning_rate_init': 3.195126227170253e-05, 'tol': 7.760297158006507e-05, 'validation_fraction': 0.7711652024416148}
observation time 0.000002, current best -0.745074 at iter 20
suggestion time taken 0.004206 iter 21 next_points [{'alpha': 1.4236349513345499e-05, 'batch_size': 186, 'beta_1': 0.8545195914032354, 'beta_2': 0.9999983645441002, 'epsilon': 6.8596164103348335e-09, 'hidden_layer_sizes': 169, 'learning_rate_init': 0.008023221995315, 'tol': 0.06342986990918859, 'validation_fraction': 0.5489122265051953}]
/home/ryedida/.local/lib/python3.8/site-packages/sklearn/neural_network/_multilayer_perceptron.py:621: UserWarning: Got `batch_size` less than 1 or larger than sample size. It is going to be clipped
  warnings.warn(

function_evaluation time 0.142968 value -0.690640 suggestion {'alpha': 1.4236349513345499e-05, 'batch_size': 186, 'beta_1': 0.8545195914032354, 'beta_2': 0.9999983645441002, 'epsilon': 6.8596164103348335e-09, 'hidden_layer_sizes': 169, 'learning_rate_init': 0.008023221995315, 'tol': 0.06342986990918859, 'validation_fraction': 0.5489122265051953}
observation time 0.000002, current best -0.745074 at iter 21
suggestion time taken 0.004022 iter 22 next_points [{'alpha': 0.10865919113708024, 'batch_size': 213, 'beta_1': 0.8074549378013585, 'beta_2': 0.9999589411074621, 'epsilon': 1.739702647643785e-07, 'hidden_layer_sizes': 165, 'learning_rate_init': 0.03838629064435387, 'tol': 3.5958164078746775e-05, 'validation_fraction': 0.658807265693811}]
/home/ryedida/.local/lib/python3.8/site-packages/sklearn/neural_network/_multilayer_perceptron.py:621: UserWarning: Got `batch_size` less than 1 or larger than sample size. It is going to be clipped
  warnings.warn(

function_evaluation time 0.248458 value -0.741626 suggestion {'alpha': 0.10865919113708024, 'batch_size': 213, 'beta_1': 0.8074549378013585, 'beta_2': 0.9999589411074621, 'epsilon': 1.739702647643785e-07, 'hidden_layer_sizes': 165, 'learning_rate_init': 0.03838629064435387, 'tol': 3.5958164078746775e-05, 'validation_fraction': 0.658807265693811}
observation time 0.000002, current best -0.745074 at iter 22
suggestion time taken 0.005048 iter 23 next_points [{'alpha': 0.01933837486519654, 'batch_size': 72, 'beta_1': 0.9870743314012977, 'beta_2': 0.9935134729085185, 'epsilon': 1.3052879492802088e-07, 'hidden_layer_sizes': 146, 'learning_rate_init': 0.0011248297760491708, 'tol': 9.642330365698939e-05, 'validation_fraction': 0.5473361003788154}]
/home/ryedida/.local/lib/python3.8/site-packages/sklearn/neural_network/_multilayer_perceptron.py:621: UserWarning: Got `batch_size` less than 1 or larger than sample size. It is going to be clipped
  warnings.warn(

function_evaluation time 0.178976 value -0.527833 suggestion {'alpha': 0.01933837486519654, 'batch_size': 72, 'beta_1': 0.9870743314012977, 'beta_2': 0.9935134729085185, 'epsilon': 1.3052879492802088e-07, 'hidden_layer_sizes': 146, 'learning_rate_init': 0.0011248297760491708, 'tol': 9.642330365698939e-05, 'validation_fraction': 0.5473361003788154}
observation time 0.000002, current best -0.745074 at iter 23
suggestion time taken 0.004691 iter 24 next_points [{'alpha': 1.0616027554524154e-05, 'batch_size': 233, 'beta_1': 0.6573889815571395, 'beta_2': 0.9999798253219846, 'epsilon': 9.137405916525472e-08, 'hidden_layer_sizes': 68, 'learning_rate_init': 0.00012107387342280123, 'tol': 5.581313395377652e-05, 'validation_fraction': 0.10642500967967185}]
/home/ryedida/.local/lib/python3.8/site-packages/sklearn/neural_network/_multilayer_perceptron.py:621: UserWarning: Got `batch_size` less than 1 or larger than sample size. It is going to be clipped
  warnings.warn(

function_evaluation time 0.095779 value -0.331527 suggestion {'alpha': 1.0616027554524154e-05, 'batch_size': 233, 'beta_1': 0.6573889815571395, 'beta_2': 0.9999798253219846, 'epsilon': 9.137405916525472e-08, 'hidden_layer_sizes': 68, 'learning_rate_init': 0.00012107387342280123, 'tol': 5.581313395377652e-05, 'validation_fraction': 0.10642500967967185}
observation time 0.000002, current best -0.745074 at iter 24
suggestion time taken 0.004042 iter 25 next_points [{'alpha': 6.897538383328904, 'batch_size': 236, 'beta_1': 0.6045548070660551, 'beta_2': 0.998430737260781, 'epsilon': 1.3890771483926903e-08, 'hidden_layer_sizes': 154, 'learning_rate_init': 0.02356038054181742, 'tol': 0.005502322104823057, 'validation_fraction': 0.33999821354334947}]
/home/ryedida/.local/lib/python3.8/site-packages/sklearn/neural_network/_multilayer_perceptron.py:621: UserWarning: Got `batch_size` less than 1 or larger than sample size. It is going to be clipped
  warnings.warn(

function_evaluation time 0.227302 value -0.739655 suggestion {'alpha': 6.897538383328904, 'batch_size': 236, 'beta_1': 0.6045548070660551, 'beta_2': 0.998430737260781, 'epsilon': 1.3890771483926903e-08, 'hidden_layer_sizes': 154, 'learning_rate_init': 0.02356038054181742, 'tol': 0.005502322104823057, 'validation_fraction': 0.33999821354334947}
observation time 0.000002, current best -0.745074 at iter 25
suggestion time taken 0.004633 iter 26 next_points [{'alpha': 2.196697397345708, 'batch_size': 239, 'beta_1': 0.9625353701593083, 'beta_2': 0.9509365402643256, 'epsilon': 6.268619086877834e-07, 'hidden_layer_sizes': 80, 'learning_rate_init': 0.04557231996700255, 'tol': 0.017463992368077327, 'validation_fraction': 0.7871153531036532}]
/home/ryedida/.local/lib/python3.8/site-packages/sklearn/neural_network/_multilayer_perceptron.py:621: UserWarning: Got `batch_size` less than 1 or larger than sample size. It is going to be clipped
  warnings.warn(

function_evaluation time 0.159600 value -0.662808 suggestion {'alpha': 2.196697397345708, 'batch_size': 239, 'beta_1': 0.9625353701593083, 'beta_2': 0.9509365402643256, 'epsilon': 6.268619086877834e-07, 'hidden_layer_sizes': 80, 'learning_rate_init': 0.04557231996700255, 'tol': 0.017463992368077327, 'validation_fraction': 0.7871153531036532}
observation time 0.000002, current best -0.745074 at iter 26
suggestion time taken 0.004309 iter 27 next_points [{'alpha': 0.31004326285118233, 'batch_size': 203, 'beta_1': 0.9893492179677704, 'beta_2': 0.9999931919085403, 'epsilon': 1.7568956413311836e-09, 'hidden_layer_sizes': 194, 'learning_rate_init': 0.009872849738244559, 'tol': 0.01632184128957602, 'validation_fraction': 0.8994961307872819}]
/home/ryedida/.local/lib/python3.8/site-packages/sklearn/neural_network/_multilayer_perceptron.py:621: UserWarning: Got `batch_size` less than 1 or larger than sample size. It is going to be clipped
  warnings.warn(

function_evaluation time 0.179156 value -0.555172 suggestion {'alpha': 0.31004326285118233, 'batch_size': 203, 'beta_1': 0.9893492179677704, 'beta_2': 0.9999931919085403, 'epsilon': 1.7568956413311836e-09, 'hidden_layer_sizes': 194, 'learning_rate_init': 0.009872849738244559, 'tol': 0.01632184128957602, 'validation_fraction': 0.8994961307872819}
observation time 0.000003, current best -0.745074 at iter 27
suggestion time taken 0.012177 iter 28 next_points [{'alpha': 6.537637634834396e-05, 'batch_size': 29, 'beta_1': 0.9328217673867412, 'beta_2': 0.9845830361426261, 'epsilon': 9.897763184538133e-09, 'hidden_layer_sizes': 133, 'learning_rate_init': 0.0006510038888724464, 'tol': 0.000158876292904194, 'validation_fraction': 0.1944317342988558}]
function_evaluation time 0.363601 value -0.591872 suggestion {'alpha': 6.537637634834396e-05, 'batch_size': 29, 'beta_1': 0.9328217673867412, 'beta_2': 0.9845830361426261, 'epsilon': 9.897763184538133e-09, 'hidden_layer_sizes': 133, 'learning_rate_init': 0.0006510038888724464, 'tol': 0.000158876292904194, 'validation_fraction': 0.1944317342988558}
observation time 0.000002, current best -0.745074 at iter 28
suggestion time taken 0.003993 iter 29 next_points [{'alpha': 0.0004265568244969254, 'batch_size': 239, 'beta_1': 0.7929001521411816, 'beta_2': 0.9983735221124234, 'epsilon': 1.406033989362599e-07, 'hidden_layer_sizes': 136, 'learning_rate_init': 0.00013313515503167187, 'tol': 1.7840976276783606e-05, 'validation_fraction': 0.22014709312713884}]
/home/ryedida/.local/lib/python3.8/site-packages/sklearn/neural_network/_multilayer_perceptron.py:621: UserWarning: Got `batch_size` less than 1 or larger than sample size. It is going to be clipped
  warnings.warn(

function_evaluation time 0.096029 value -0.331281 suggestion {'alpha': 0.0004265568244969254, 'batch_size': 239, 'beta_1': 0.7929001521411816, 'beta_2': 0.9983735221124234, 'epsilon': 1.406033989362599e-07, 'hidden_layer_sizes': 136, 'learning_rate_init': 0.00013313515503167187, 'tol': 1.7840976276783606e-05, 'validation_fraction': 0.22014709312713884}
observation time 0.000002, current best -0.745074 at iter 29
suggestion time taken 0.003976 iter 30 next_points [{'alpha': 1.7008625329764096e-05, 'batch_size': 108, 'beta_1': 0.9197714638797778, 'beta_2': 0.9926491529716363, 'epsilon': 2.0513545158400238e-08, 'hidden_layer_sizes': 74, 'learning_rate_init': 0.005993820936167852, 'tol': 0.005387037241298665, 'validation_fraction': 0.4795200721505062}]
/home/ryedida/.local/lib/python3.8/site-packages/sklearn/neural_network/_multilayer_perceptron.py:621: UserWarning: Got `batch_size` less than 1 or larger than sample size. It is going to be clipped
  warnings.warn(

function_evaluation time 0.199581 value -0.717488 suggestion {'alpha': 1.7008625329764096e-05, 'batch_size': 108, 'beta_1': 0.9197714638797778, 'beta_2': 0.9926491529716363, 'epsilon': 2.0513545158400238e-08, 'hidden_layer_sizes': 74, 'learning_rate_init': 0.005993820936167852, 'tol': 0.005387037241298665, 'validation_fraction': 0.4795200721505062}
observation time 0.000002, current best -0.745074 at iter 30
suggestion time taken 0.004356 iter 31 next_points [{'alpha': 4.723494136118374e-05, 'batch_size': 166, 'beta_1': 0.9785133232503019, 'beta_2': 0.9999452795956337, 'epsilon': 1.373958384709271e-08, 'hidden_layer_sizes': 166, 'learning_rate_init': 0.07213143240930761, 'tol': 0.04380470783130366, 'validation_fraction': 0.22730343664199007}]
/home/ryedida/.local/lib/python3.8/site-packages/sklearn/neural_network/_multilayer_perceptron.py:621: UserWarning: Got `batch_size` less than 1 or larger than sample size. It is going to be clipped
  warnings.warn(

function_evaluation time 0.121008 value -0.494089 suggestion {'alpha': 4.723494136118374e-05, 'batch_size': 166, 'beta_1': 0.9785133232503019, 'beta_2': 0.9999452795956337, 'epsilon': 1.373958384709271e-08, 'hidden_layer_sizes': 166, 'learning_rate_init': 0.07213143240930761, 'tol': 0.04380470783130366, 'validation_fraction': 0.22730343664199007}
observation time 0.000002, current best -0.745074 at iter 31
suggestion time taken 0.004737 iter 32 next_points [{'alpha': 0.00019854876656983143, 'batch_size': 225, 'beta_1': 0.9369951483469402, 'beta_2': 0.9999978327131613, 'epsilon': 4.2290018483642803e-07, 'hidden_layer_sizes': 135, 'learning_rate_init': 0.0010326559705320082, 'tol': 0.0006525535099034166, 'validation_fraction': 0.21609432954528848}]
/home/ryedida/.local/lib/python3.8/site-packages/sklearn/neural_network/_multilayer_perceptron.py:621: UserWarning: Got `batch_size` less than 1 or larger than sample size. It is going to be clipped
  warnings.warn(

function_evaluation time 0.131763 value -0.511330 suggestion {'alpha': 0.00019854876656983143, 'batch_size': 225, 'beta_1': 0.9369951483469402, 'beta_2': 0.9999978327131613, 'epsilon': 4.2290018483642803e-07, 'hidden_layer_sizes': 135, 'learning_rate_init': 0.0010326559705320082, 'tol': 0.0006525535099034166, 'validation_fraction': 0.21609432954528848}
observation time 0.000002, current best -0.745074 at iter 32
suggestion time taken 0.004501 iter 33 next_points [{'alpha': 0.6601723168769835, 'batch_size': 81, 'beta_1': 0.6294280634670034, 'beta_2': 0.9999984048165298, 'epsilon': 6.520440390454621e-07, 'hidden_layer_sizes': 149, 'learning_rate_init': 0.0038649229660549455, 'tol': 0.0012203661586049066, 'validation_fraction': 0.5341451406942294}]
/home/ryedida/.local/lib/python3.8/site-packages/sklearn/neural_network/_multilayer_perceptron.py:621: UserWarning: Got `batch_size` less than 1 or larger than sample size. It is going to be clipped
  warnings.warn(

function_evaluation time 0.240017 value -0.634236 suggestion {'alpha': 0.6601723168769835, 'batch_size': 81, 'beta_1': 0.6294280634670034, 'beta_2': 0.9999984048165298, 'epsilon': 6.520440390454621e-07, 'hidden_layer_sizes': 149, 'learning_rate_init': 0.0038649229660549455, 'tol': 0.0012203661586049066, 'validation_fraction': 0.5341451406942294}
observation time 0.000002, current best -0.745074 at iter 33
suggestion time taken 0.004354 iter 34 next_points [{'alpha': 0.030400609808190385, 'batch_size': 140, 'beta_1': 0.6203745045231018, 'beta_2': 0.9999617868746598, 'epsilon': 2.5319279573295975e-09, 'hidden_layer_sizes': 103, 'learning_rate_init': 0.05245534341468266, 'tol': 0.091881187429712, 'validation_fraction': 0.6960752929410173}]
/home/ryedida/.local/lib/python3.8/site-packages/sklearn/neural_network/_multilayer_perceptron.py:621: UserWarning: Got `batch_size` less than 1 or larger than sample size. It is going to be clipped
  warnings.warn(

function_evaluation time 0.122500 value -0.649261 suggestion {'alpha': 0.030400609808190385, 'batch_size': 140, 'beta_1': 0.6203745045231018, 'beta_2': 0.9999617868746598, 'epsilon': 2.5319279573295975e-09, 'hidden_layer_sizes': 103, 'learning_rate_init': 0.05245534341468266, 'tol': 0.091881187429712, 'validation_fraction': 0.6960752929410173}
observation time 0.000002, current best -0.745074 at iter 34
suggestion time taken 0.004505 iter 35 next_points [{'alpha': 7.658271050330961e-05, 'batch_size': 232, 'beta_1': 0.7499277580848939, 'beta_2': 0.9969233709393537, 'epsilon': 4.462255132733724e-09, 'hidden_layer_sizes': 129, 'learning_rate_init': 0.0880228886469576, 'tol': 0.0021111423522233827, 'validation_fraction': 0.4183418237299114}]
/home/ryedida/.local/lib/python3.8/site-packages/sklearn/neural_network/_multilayer_perceptron.py:621: UserWarning: Got `batch_size` less than 1 or larger than sample size. It is going to be clipped
  warnings.warn(

function_evaluation time 0.147913 value -0.521429 suggestion {'alpha': 7.658271050330961e-05, 'batch_size': 232, 'beta_1': 0.7499277580848939, 'beta_2': 0.9969233709393537, 'epsilon': 4.462255132733724e-09, 'hidden_layer_sizes': 129, 'learning_rate_init': 0.0880228886469576, 'tol': 0.0021111423522233827, 'validation_fraction': 0.4183418237299114}
observation time 0.000002, current best -0.745074 at iter 35
suggestion time taken 0.005117 iter 36 next_points [{'alpha': 0.16942067995844515, 'batch_size': 62, 'beta_1': 0.8635170286530449, 'beta_2': 0.9998951655430518, 'epsilon': 3.971250303068465e-07, 'hidden_layer_sizes': 181, 'learning_rate_init': 1.9026677379729226e-05, 'tol': 1.9694346258231182e-05, 'validation_fraction': 0.2601675443799303}]
function_evaluation time 0.177282 value -0.358374 suggestion {'alpha': 0.16942067995844515, 'batch_size': 62, 'beta_1': 0.8635170286530449, 'beta_2': 0.9998951655430518, 'epsilon': 3.971250303068465e-07, 'hidden_layer_sizes': 181, 'learning_rate_init': 1.9026677379729226e-05, 'tol': 1.9694346258231182e-05, 'validation_fraction': 0.2601675443799303}
observation time 0.000002, current best -0.745074 at iter 36
suggestion time taken 0.004929 iter 37 next_points [{'alpha': 2.6905679711401436, 'batch_size': 73, 'beta_1': 0.8469668168422679, 'beta_2': 0.9680857140877286, 'epsilon': 7.66240436797348e-09, 'hidden_layer_sizes': 144, 'learning_rate_init': 0.0008700531787074864, 'tol': 0.007417336716018065, 'validation_fraction': 0.12239919695767842}]
function_evaluation time 0.183902 value -0.529064 suggestion {'alpha': 2.6905679711401436, 'batch_size': 73, 'beta_1': 0.8469668168422679, 'beta_2': 0.9680857140877286, 'epsilon': 7.66240436797348e-09, 'hidden_layer_sizes': 144, 'learning_rate_init': 0.0008700531787074864, 'tol': 0.007417336716018065, 'validation_fraction': 0.12239919695767842}
observation time 0.000002, current best -0.745074 at iter 37
suggestion time taken 0.003981 iter 38 next_points [{'alpha': 2.410881799858593, 'batch_size': 134, 'beta_1': 0.9496862597301982, 'beta_2': 0.9993332038151614, 'epsilon': 2.9825385133216663e-09, 'hidden_layer_sizes': 93, 'learning_rate_init': 3.736533882247865e-05, 'tol': 1.6926876899007444e-05, 'validation_fraction': 0.5521314923137901}]
/home/ryedida/.local/lib/python3.8/site-packages/sklearn/neural_network/_multilayer_perceptron.py:621: UserWarning: Got `batch_size` less than 1 or larger than sample size. It is going to be clipped
  warnings.warn(

function_evaluation time 0.079767 value -0.352217 suggestion {'alpha': 2.410881799858593, 'batch_size': 134, 'beta_1': 0.9496862597301982, 'beta_2': 0.9993332038151614, 'epsilon': 2.9825385133216663e-09, 'hidden_layer_sizes': 93, 'learning_rate_init': 3.736533882247865e-05, 'tol': 1.6926876899007444e-05, 'validation_fraction': 0.5521314923137901}
observation time 0.000002, current best -0.745074 at iter 38
suggestion time taken 0.004458 iter 39 next_points [{'alpha': 5.671647659801087e-05, 'batch_size': 57, 'beta_1': 0.8507034867216556, 'beta_2': 0.9999950450921471, 'epsilon': 1.2305825139139211e-07, 'hidden_layer_sizes': 139, 'learning_rate_init': 0.007625192408645124, 'tol': 0.08164769541033162, 'validation_fraction': 0.4406513360479475}]
function_evaluation time 0.186472 value -0.683005 suggestion {'alpha': 5.671647659801087e-05, 'batch_size': 57, 'beta_1': 0.8507034867216556, 'beta_2': 0.9999950450921471, 'epsilon': 1.2305825139139211e-07, 'hidden_layer_sizes': 139, 'learning_rate_init': 0.007625192408645124, 'tol': 0.08164769541033162, 'validation_fraction': 0.4406513360479475}
observation time 0.000002, current best -0.745074 at iter 39
suggestion time taken 0.005177 iter 40 next_points [{'alpha': 4.0777339136935415, 'batch_size': 86, 'beta_1': 0.9008491812873197, 'beta_2': 0.9999738121000352, 'epsilon': 1.0429156559089893e-09, 'hidden_layer_sizes': 146, 'learning_rate_init': 0.0010288257429134158, 'tol': 1.1365265563084093e-05, 'validation_fraction': 0.13245003130277017}]
function_evaluation time 0.262428 value -0.591133 suggestion {'alpha': 4.0777339136935415, 'batch_size': 86, 'beta_1': 0.9008491812873197, 'beta_2': 0.9999738121000352, 'epsilon': 1.0429156559089893e-09, 'hidden_layer_sizes': 146, 'learning_rate_init': 0.0010288257429134158, 'tol': 1.1365265563084093e-05, 'validation_fraction': 0.13245003130277017}
observation time 0.000002, current best -0.745074 at iter 40
suggestion time taken 0.004461 iter 41 next_points [{'alpha': 0.0015340491586742552, 'batch_size': 181, 'beta_1': 0.883551909839804, 'beta_2': 0.9539078841142715, 'epsilon': 1.9562731913176378e-07, 'hidden_layer_sizes': 139, 'learning_rate_init': 0.008054585367059166, 'tol': 0.002326899719350065, 'validation_fraction': 0.7705956313831622}]
/home/ryedida/.local/lib/python3.8/site-packages/sklearn/neural_network/_multilayer_perceptron.py:621: UserWarning: Got `batch_size` less than 1 or larger than sample size. It is going to be clipped
  warnings.warn(

function_evaluation time 0.240917 value -0.754680 suggestion {'alpha': 0.0015340491586742552, 'batch_size': 181, 'beta_1': 0.883551909839804, 'beta_2': 0.9539078841142715, 'epsilon': 1.9562731913176378e-07, 'hidden_layer_sizes': 139, 'learning_rate_init': 0.008054585367059166, 'tol': 0.002326899719350065, 'validation_fraction': 0.7705956313831622}
observation time 0.000003, current best -0.754680 at iter 41
suggestion time taken 0.005255 iter 42 next_points [{'alpha': 0.01186532381242697, 'batch_size': 184, 'beta_1': 0.8390022313066214, 'beta_2': 0.9999848949721972, 'epsilon': 1.348371714482737e-07, 'hidden_layer_sizes': 186, 'learning_rate_init': 0.0006774321850877018, 'tol': 0.0005326091564067403, 'validation_fraction': 0.42317243990038694}]
/home/ryedida/.local/lib/python3.8/site-packages/sklearn/neural_network/_multilayer_perceptron.py:621: UserWarning: Got `batch_size` less than 1 or larger than sample size. It is going to be clipped
  warnings.warn(

function_evaluation time 0.146826 value -0.519951 suggestion {'alpha': 0.01186532381242697, 'batch_size': 184, 'beta_1': 0.8390022313066214, 'beta_2': 0.9999848949721972, 'epsilon': 1.348371714482737e-07, 'hidden_layer_sizes': 186, 'learning_rate_init': 0.0006774321850877018, 'tol': 0.0005326091564067403, 'validation_fraction': 0.42317243990038694}
observation time 0.000002, current best -0.754680 at iter 42
suggestion time taken 0.004372 iter 43 next_points [{'alpha': 3.448137020427537e-05, 'batch_size': 13, 'beta_1': 0.8057622434627479, 'beta_2': 0.9918598795100354, 'epsilon': 7.491673739549929e-08, 'hidden_layer_sizes': 188, 'learning_rate_init': 0.0003263408807816332, 'tol': 0.0010596153644851676, 'validation_fraction': 0.6122593554741917}]
function_evaluation time 0.643167 value -0.725369 suggestion {'alpha': 3.448137020427537e-05, 'batch_size': 13, 'beta_1': 0.8057622434627479, 'beta_2': 0.9918598795100354, 'epsilon': 7.491673739549929e-08, 'hidden_layer_sizes': 188, 'learning_rate_init': 0.0003263408807816332, 'tol': 0.0010596153644851676, 'validation_fraction': 0.6122593554741917}
observation time 0.000002, current best -0.754680 at iter 43
suggestion time taken 0.003960 iter 44 next_points [{'alpha': 1.6857524104944995e-05, 'batch_size': 26, 'beta_1': 0.9282085722682759, 'beta_2': 0.9999846401709069, 'epsilon': 5.521336032561745e-08, 'hidden_layer_sizes': 109, 'learning_rate_init': 0.0007021955501281291, 'tol': 6.326855561457699e-05, 'validation_fraction': 0.7180871526051033}]
function_evaluation time 0.240563 value -0.552217 suggestion {'alpha': 1.6857524104944995e-05, 'batch_size': 26, 'beta_1': 0.9282085722682759, 'beta_2': 0.9999846401709069, 'epsilon': 5.521336032561745e-08, 'hidden_layer_sizes': 109, 'learning_rate_init': 0.0007021955501281291, 'tol': 6.326855561457699e-05, 'validation_fraction': 0.7180871526051033}
observation time 0.000002, current best -0.754680 at iter 44
saving meta data: {'args': {'--uuid': '94692cf852085b67a14e2c443dca95b8', '-db-root': '/home/ryedida/bbo_challenge_starter_kit/output', '--opt-root': '/home/ryedida/bbo_challenge_starter_kit/example_submissions', '--data-root': None, '--db': 'run_20231015_053414', '--opt': 'random', '--data': 'wine', '--classifier': 'MLP-adam', '--metric': 'acc', '--calls': 45, '--suggestions': 1, '--jobs-file': None, '--verbose': False, 'dry_run': False, 'rev': 'a376313', 'opt_rev': '0.0.8'}, 'signature': ([{'alpha': 0.019628224813442792, 'batch_size': 182, 'beta_1': 0.9410202200271762, 'beta_2': 0.9998021557676793, 'epsilon': 1.8662266976518e-08, 'hidden_layer_sizes': 147, 'learning_rate_init': 0.0005627932047415167, 'tol': 0.03690557729213761, 'validation_fraction': 0.8846827852548593}, {'alpha': 0.001998246739232944, 'batch_size': 200, 'beta_1': 0.919111482530466, 'beta_2': 0.9998488260436156, 'epsilon': 5.981221901152555e-07, 'hidden_layer_sizes': 61, 'learning_rate_init': 2.2310905607443014e-05, 'tol': 1.2046852412030316e-05, 'validation_fraction': 0.8117896445826539}, {'alpha': 0.46659545670218433, 'batch_size': 219, 'beta_1': 0.9889789783750891, 'beta_2': 0.9999896868093284, 'epsilon': 2.4234724484675948e-08, 'hidden_layer_sizes': 167, 'learning_rate_init': 2.972334644335654e-05, 'tol': 0.0036281404040243792, 'validation_fraction': 0.17260651658522078}, {'alpha': 4.656005689076002, 'batch_size': 135, 'beta_1': 0.870503881627747, 'beta_2': 0.9948873266941017, 'epsilon': 2.1023308743480125e-07, 'hidden_layer_sizes': 118, 'learning_rate_init': 0.001878173875716191, 'tol': 1.1889379831773006e-05, 'validation_fraction': 0.6264327093752792}, {'alpha': 0.04705159350400542, 'batch_size': 158, 'beta_1': 0.9870884262730957, 'beta_2': 0.9999596874382349, 'epsilon': 1.1981845126013875e-08, 'hidden_layer_sizes': 116, 'learning_rate_init': 0.006173405204074311, 'tol': 1.7414134181586194e-05, 'validation_fraction': 0.6754299026638921}], [-0.4359605911330049, -0.3169950738916256, -0.3312807881773399, -0.6620689655172413, -0.5017241379310344])}
saving results
saving timing
saving suggest log
done
