running: {'--uuid': '994152af68ce542c8a17cb25adc42399', '-db-root': '/home/ryedida/bbo_challenge_starter_kit/output', '--opt-root': '/home/ryedida/bbo_challenge_starter_kit/example_submissions', '--data-root': None, '--db': 'run_20231015_053414', '--opt': 'strongcvx', '--data': 'wine', '--classifier': 'MLP-adam', '--metric': 'nll', '--calls': 45, '--suggestions': 1, '--jobs-file': None, '--verbose': False, 'dry_run': False, 'rev': 'a376313', 'opt_rev': 'x.x.x'}
cmd: python strongcvx/optimizer.py -c MLP-adam -d wine -o strongcvx -u 994152af68ce542c8a17cb25adc42399 -m nll -n 45 -p 1 -dir /home/ryedida/bbo_challenge_starter_kit/output -b run_20231015_053414
/home/ryedida/.local/lib/python3.8/site-packages/sklearn/neural_network/_multilayer_perceptron.py:621: UserWarning: Got `batch_size` less than 1 or larger than sample size. It is going to be clipped
  warnings.warn(

/home/ryedida/.local/lib/python3.8/site-packages/sklearn/neural_network/_multilayer_perceptron.py:621: UserWarning: Got `batch_size` less than 1 or larger than sample size. It is going to be clipped
  warnings.warn(

/home/ryedida/.local/lib/python3.8/site-packages/sklearn/neural_network/_multilayer_perceptron.py:621: UserWarning: Got `batch_size` less than 1 or larger than sample size. It is going to be clipped
  warnings.warn(

/home/ryedida/.local/lib/python3.8/site-packages/sklearn/neural_network/_multilayer_perceptron.py:621: UserWarning: Got `batch_size` less than 1 or larger than sample size. It is going to be clipped
  warnings.warn(

/home/ryedida/.local/lib/python3.8/site-packages/sklearn/neural_network/_multilayer_perceptron.py:621: UserWarning: Got `batch_size` less than 1 or larger than sample size. It is going to be clipped
  warnings.warn(

computed signature: ([{'alpha': 0.019628224813442792, 'batch_size': 182, 'beta_1': 0.9410202200271762, 'beta_2': 0.9998021557676793, 'epsilon': 1.8662266976518e-08, 'hidden_layer_sizes': 147, 'learning_rate_init': 0.0005627932047415167, 'tol': 0.03690557729213761, 'validation_fraction': 0.8846827852548593}, {'alpha': 0.001998246739232944, 'batch_size': 200, 'beta_1': 0.919111482530466, 'beta_2': 0.9998488260436156, 'epsilon': 5.981221901152555e-07, 'hidden_layer_sizes': 61, 'learning_rate_init': 2.2310905607443014e-05, 'tol': 1.2046852412030316e-05, 'validation_fraction': 0.8117896445826539}, {'alpha': 0.46659545670218433, 'batch_size': 219, 'beta_1': 0.9889789783750891, 'beta_2': 0.9999896868093284, 'epsilon': 2.4234724484675948e-08, 'hidden_layer_sizes': 167, 'learning_rate_init': 2.972334644335654e-05, 'tol': 0.0036281404040243792, 'validation_fraction': 0.17260651658522078}, {'alpha': 4.656005689076002, 'batch_size': 135, 'beta_1': 0.870503881627747, 'beta_2': 0.9948873266941017, 'epsilon': 2.1023308743480125e-07, 'hidden_layer_sizes': 118, 'learning_rate_init': 0.001878173875716191, 'tol': 1.1889379831773006e-05, 'validation_fraction': 0.6264327093752792}, {'alpha': 0.04705159350400542, 'batch_size': 158, 'beta_1': 0.9870884262730957, 'beta_2': 0.9999596874382349, 'epsilon': 1.1981845126013875e-08, 'hidden_layer_sizes': 116, 'learning_rate_init': 0.006173405204074311, 'tol': 1.7414134181586194e-05, 'validation_fraction': 0.6754299026638921}], [15.519985493059746, 22.353903068254787, 19.164026128577277, 3.377925239627502, 14.64310022355023])
/home/ryedida/.local/lib/python3.8/site-packages/bayesmark/experiment.py:470: UserWarning: Baselines not found. Will not log intermediate scores.
  warnings.warn("Baselines not found. Will not log intermediate scores.")

starting sklearn study strongcvx MLP-adam wine nll 45 1
with data root: None
suggestion time taken 16.146350 iter 0 next_points [{'alpha': 0.0008887420139597016, 'batch_size': 45, 'beta_1': 0.7662729132895443, 'beta_2': 0.9960884776287999, 'epsilon': 1.956909967953474e-08, 'hidden_layer_sizes': 102, 'learning_rate_init': 0.0010675181469667673, 'tol': 1.4182342159025304e-05, 'validation_fraction': 0.8534200805272303}]
/home/ryedida/.local/lib/python3.8/site-packages/sklearn/neural_network/_multilayer_perceptron.py:621: UserWarning: Got `batch_size` less than 1 or larger than sample size. It is going to be clipped
  warnings.warn(

function_evaluation time 0.117004 value 11.282769 suggestion {'alpha': 0.0008887420139597016, 'batch_size': 45, 'beta_1': 0.7662729132895443, 'beta_2': 0.9960884776287999, 'epsilon': 1.956909967953474e-08, 'hidden_layer_sizes': 102, 'learning_rate_init': 0.0010675181469667673, 'tol': 1.4182342159025304e-05, 'validation_fraction': 0.8534200805272303}
observation time 0.000003, current best 11.282769 at iter 0
suggestion time taken 15.805944 iter 1 next_points [{'alpha': 1.266914263336357, 'batch_size': 35, 'beta_1': 0.9027774956910276, 'beta_2': 0.9999817207066282, 'epsilon': 1.0069816020202124e-07, 'hidden_layer_sizes': 176, 'learning_rate_init': 0.0002610117136704986, 'tol': 0.00019710624899984736, 'validation_fraction': 0.6683250491123482}]
function_evaluation time 0.184916 value 12.239148 suggestion {'alpha': 1.266914263336357, 'batch_size': 35, 'beta_1': 0.9027774956910276, 'beta_2': 0.9999817207066282, 'epsilon': 1.0069816020202124e-07, 'hidden_layer_sizes': 176, 'learning_rate_init': 0.0002610117136704986, 'tol': 0.00019710624899984736, 'validation_fraction': 0.6683250491123482}
observation time 0.000003, current best 11.282769 at iter 1
suggestion time taken 15.596373 iter 2 next_points [{'alpha': 9.31454178843473, 'batch_size': 14, 'beta_1': 0.8548707815945666, 'beta_2': 0.9997158007446938, 'epsilon': 2.7375714985911984e-08, 'hidden_layer_sizes': 134, 'learning_rate_init': 4.9658694865483896e-05, 'tol': 2.5473474999733192e-05, 'validation_fraction': 0.7509244309107362}]
function_evaluation time 0.134108 value 18.700172 suggestion {'alpha': 9.31454178843473, 'batch_size': 14, 'beta_1': 0.8548707815945666, 'beta_2': 0.9997158007446938, 'epsilon': 2.7375714985911984e-08, 'hidden_layer_sizes': 134, 'learning_rate_init': 4.9658694865483896e-05, 'tol': 2.5473474999733192e-05, 'validation_fraction': 0.7509244309107362}
observation time 0.000003, current best 11.282769 at iter 2
suggestion time taken 16.335154 iter 3 next_points [{'alpha': 0.00010975139678393753, 'batch_size': 137, 'beta_1': 0.693311390190634, 'beta_2': 0.9999915361272317, 'epsilon': 2.867184800442031e-07, 'hidden_layer_sizes': 53, 'learning_rate_init': 3.458992986675526e-05, 'tol': 0.004909558373308286, 'validation_fraction': 0.8610920487105499}]
/home/ryedida/.local/lib/python3.8/site-packages/sklearn/neural_network/_multilayer_perceptron.py:621: UserWarning: Got `batch_size` less than 1 or larger than sample size. It is going to be clipped
  warnings.warn(

function_evaluation time 0.082913 value 20.035002 suggestion {'alpha': 0.00010975139678393753, 'batch_size': 137, 'beta_1': 0.693311390190634, 'beta_2': 0.9999915361272317, 'epsilon': 2.867184800442031e-07, 'hidden_layer_sizes': 53, 'learning_rate_init': 3.458992986675526e-05, 'tol': 0.004909558373308286, 'validation_fraction': 0.8610920487105499}
observation time 0.000003, current best 11.282769 at iter 3
suggestion time taken 16.888532 iter 4 next_points [{'alpha': 0.048923053667521456, 'batch_size': 67, 'beta_1': 0.9717235069039416, 'beta_2': 0.9999947367446628, 'epsilon': 8.043837920855057e-08, 'hidden_layer_sizes': 195, 'learning_rate_init': 0.0038358614865759834, 'tol': 0.056724413878007154, 'validation_fraction': 0.73706675238854}]
/home/ryedida/.local/lib/python3.8/site-packages/sklearn/neural_network/_multilayer_perceptron.py:621: UserWarning: Got `batch_size` less than 1 or larger than sample size. It is going to be clipped
  warnings.warn(

function_evaluation time 0.204591 value 5.975998 suggestion {'alpha': 0.048923053667521456, 'batch_size': 67, 'beta_1': 0.9717235069039416, 'beta_2': 0.9999947367446628, 'epsilon': 8.043837920855057e-08, 'hidden_layer_sizes': 195, 'learning_rate_init': 0.0038358614865759834, 'tol': 0.056724413878007154, 'validation_fraction': 0.73706675238854}
observation time 0.000005, current best 5.975998 at iter 4
suggestion time taken 16.296503 iter 5 next_points [{'alpha': 2.4491822420505107e-05, 'batch_size': 141, 'beta_1': 0.9878033928354167, 'beta_2': 0.9998942902326713, 'epsilon': 1.0066279555860835e-07, 'hidden_layer_sizes': 58, 'learning_rate_init': 0.021627996658274223, 'tol': 0.0007057011638273607, 'validation_fraction': 0.22052166394679365}]
/home/ryedida/.local/lib/python3.8/site-packages/sklearn/neural_network/_multilayer_perceptron.py:621: UserWarning: Got `batch_size` less than 1 or larger than sample size. It is going to be clipped
  warnings.warn(

function_evaluation time 0.126255 value 13.951175 suggestion {'alpha': 2.4491822420505107e-05, 'batch_size': 141, 'beta_1': 0.9878033928354167, 'beta_2': 0.9998942902326713, 'epsilon': 1.0066279555860835e-07, 'hidden_layer_sizes': 58, 'learning_rate_init': 0.021627996658274223, 'tol': 0.0007057011638273607, 'validation_fraction': 0.22052166394679365}
observation time 0.000003, current best 5.975998 at iter 5
suggestion time taken 16.625868 iter 6 next_points [{'alpha': 0.961410217571256, 'batch_size': 46, 'beta_1': 0.9877995539963814, 'beta_2': 0.9996163709166361, 'epsilon': 2.8102198720709725e-08, 'hidden_layer_sizes': 104, 'learning_rate_init': 0.040932607177134206, 'tol': 0.002789864136700952, 'validation_fraction': 0.8588216350774818}]
/home/ryedida/.local/lib/python3.8/site-packages/sklearn/neural_network/_multilayer_perceptron.py:621: UserWarning: Got `batch_size` less than 1 or larger than sample size. It is going to be clipped
  warnings.warn(

function_evaluation time 0.193609 value 7.114942 suggestion {'alpha': 0.961410217571256, 'batch_size': 46, 'beta_1': 0.9877995539963814, 'beta_2': 0.9996163709166361, 'epsilon': 2.8102198720709725e-08, 'hidden_layer_sizes': 104, 'learning_rate_init': 0.040932607177134206, 'tol': 0.002789864136700952, 'validation_fraction': 0.8588216350774818}
observation time 0.000004, current best 5.975998 at iter 6
suggestion time taken 15.749443 iter 7 next_points [{'alpha': 0.00018152180852925247, 'batch_size': 47, 'beta_1': 0.8644628214840663, 'beta_2': 0.9726267446355883, 'epsilon': 2.1811829115200697e-09, 'hidden_layer_sizes': 90, 'learning_rate_init': 0.02296606270786009, 'tol': 0.027092349456805154, 'validation_fraction': 0.1581031997016838}]
function_evaluation time 0.312821 value 3.374413 suggestion {'alpha': 0.00018152180852925247, 'batch_size': 47, 'beta_1': 0.8644628214840663, 'beta_2': 0.9726267446355883, 'epsilon': 2.1811829115200697e-09, 'hidden_layer_sizes': 90, 'learning_rate_init': 0.02296606270786009, 'tol': 0.027092349456805154, 'validation_fraction': 0.1581031997016838}
observation time 0.000003, current best 3.374413 at iter 7
suggestion time taken 16.336646 iter 8 next_points [{'alpha': 0.058830280693643766, 'batch_size': 141, 'beta_1': 0.9660918291291792, 'beta_2': 0.9982949908930645, 'epsilon': 6.85024018237572e-08, 'hidden_layer_sizes': 188, 'learning_rate_init': 4.891432219968207e-05, 'tol': 0.0009752300313296142, 'validation_fraction': 0.332224505242946}]
/home/ryedida/.local/lib/python3.8/site-packages/sklearn/neural_network/_multilayer_perceptron.py:621: UserWarning: Got `batch_size` less than 1 or larger than sample size. It is going to be clipped
  warnings.warn(

function_evaluation time 0.099091 value 20.901383 suggestion {'alpha': 0.058830280693643766, 'batch_size': 141, 'beta_1': 0.9660918291291792, 'beta_2': 0.9982949908930645, 'epsilon': 6.85024018237572e-08, 'hidden_layer_sizes': 188, 'learning_rate_init': 4.891432219968207e-05, 'tol': 0.0009752300313296142, 'validation_fraction': 0.332224505242946}
observation time 0.000003, current best 3.374413 at iter 8
suggestion time taken 15.879971 iter 9 next_points [{'alpha': 0.007297046676905884, 'batch_size': 140, 'beta_1': 0.9840105845657481, 'beta_2': 0.9983279571457123, 'epsilon': 2.465662633933139e-09, 'hidden_layer_sizes': 62, 'learning_rate_init': 5.338409217094184e-05, 'tol': 6.923370355659762e-05, 'validation_fraction': 0.820899788178532}]
/home/ryedida/.local/lib/python3.8/site-packages/sklearn/neural_network/_multilayer_perceptron.py:621: UserWarning: Got `batch_size` less than 1 or larger than sample size. It is going to be clipped
  warnings.warn(

function_evaluation time 0.082887 value 23.096743 suggestion {'alpha': 0.007297046676905884, 'batch_size': 140, 'beta_1': 0.9840105845657481, 'beta_2': 0.9983279571457123, 'epsilon': 2.465662633933139e-09, 'hidden_layer_sizes': 62, 'learning_rate_init': 5.338409217094184e-05, 'tol': 6.923370355659762e-05, 'validation_fraction': 0.820899788178532}
observation time 0.000003, current best 3.374413 at iter 9
suggestion time taken 16.615799 iter 10 next_points [{'alpha': 0.0009745815955245265, 'batch_size': 140, 'beta_1': 0.7208900421528356, 'beta_2': 0.9999984681552654, 'epsilon': 1.0767582588011912e-07, 'hidden_layer_sizes': 151, 'learning_rate_init': 1.7343207783088532e-05, 'tol': 0.0008358648756155836, 'validation_fraction': 0.8428593368160621}]
/home/ryedida/.local/lib/python3.8/site-packages/sklearn/neural_network/_multilayer_perceptron.py:621: UserWarning: Got `batch_size` less than 1 or larger than sample size. It is going to be clipped
  warnings.warn(

function_evaluation time 0.129084 value 16.454944 suggestion {'alpha': 0.0009745815955245265, 'batch_size': 140, 'beta_1': 0.7208900421528356, 'beta_2': 0.9999984681552654, 'epsilon': 1.0767582588011912e-07, 'hidden_layer_sizes': 151, 'learning_rate_init': 1.7343207783088532e-05, 'tol': 0.0008358648756155836, 'validation_fraction': 0.8428593368160621}
observation time 0.000004, current best 3.374413 at iter 10
suggestion time taken 16.338531 iter 11 next_points [{'alpha': 2.2766990842194774, 'batch_size': 69, 'beta_1': 0.566264770318222, 'beta_2': 0.9812368863339492, 'epsilon': 1.7452265282219064e-09, 'hidden_layer_sizes': 97, 'learning_rate_init': 0.00027661191413265224, 'tol': 1.2026915426314555e-05, 'validation_fraction': 0.36946673435108707}]
function_evaluation time 0.129135 value 18.442960 suggestion {'alpha': 2.2766990842194774, 'batch_size': 69, 'beta_1': 0.566264770318222, 'beta_2': 0.9812368863339492, 'epsilon': 1.7452265282219064e-09, 'hidden_layer_sizes': 97, 'learning_rate_init': 0.00027661191413265224, 'tol': 1.2026915426314555e-05, 'validation_fraction': 0.36946673435108707}
observation time 0.000003, current best 3.374413 at iter 11
suggestion time taken 16.827913 iter 12 next_points [{'alpha': 0.1384539815329535, 'batch_size': 20, 'beta_1': 0.9181568214757626, 'beta_2': 0.9999961897516992, 'epsilon': 2.6781933597844197e-09, 'hidden_layer_sizes': 189, 'learning_rate_init': 0.012825778815175382, 'tol': 0.025794639816597947, 'validation_fraction': 0.6334282878949025}]
function_evaluation time 0.287447 value 3.294412 suggestion {'alpha': 0.1384539815329535, 'batch_size': 20, 'beta_1': 0.9181568214757626, 'beta_2': 0.9999961897516992, 'epsilon': 2.6781933597844197e-09, 'hidden_layer_sizes': 189, 'learning_rate_init': 0.012825778815175382, 'tol': 0.025794639816597947, 'validation_fraction': 0.6334282878949025}
observation time 0.000003, current best 3.294412 at iter 12
suggestion time taken 17.035931 iter 13 next_points [{'alpha': 0.012782093941727142, 'batch_size': 35, 'beta_1': 0.9381085553681614, 'beta_2': 0.9999985257289695, 'epsilon': 5.531603236662759e-09, 'hidden_layer_sizes': 160, 'learning_rate_init': 0.024673401811770225, 'tol': 0.00021331158148496548, 'validation_fraction': 0.7519697341084051}]
function_evaluation time 0.235728 value 3.094606 suggestion {'alpha': 0.012782093941727142, 'batch_size': 35, 'beta_1': 0.9381085553681614, 'beta_2': 0.9999985257289695, 'epsilon': 5.531603236662759e-09, 'hidden_layer_sizes': 160, 'learning_rate_init': 0.024673401811770225, 'tol': 0.00021331158148496548, 'validation_fraction': 0.7519697341084051}
observation time 0.000004, current best 3.094606 at iter 13
suggestion time taken 16.143860 iter 14 next_points [{'alpha': 0.008573412278494617, 'batch_size': 47, 'beta_1': 0.9862549508755425, 'beta_2': 0.9516908027620169, 'epsilon': 4.692172393481867e-08, 'hidden_layer_sizes': 56, 'learning_rate_init': 0.00035743645764227405, 'tol': 3.503350378779553e-05, 'validation_fraction': 0.39723362405368207}]
function_evaluation time 0.149486 value 16.521447 suggestion {'alpha': 0.008573412278494617, 'batch_size': 47, 'beta_1': 0.9862549508755425, 'beta_2': 0.9516908027620169, 'epsilon': 4.692172393481867e-08, 'hidden_layer_sizes': 56, 'learning_rate_init': 0.00035743645764227405, 'tol': 3.503350378779553e-05, 'validation_fraction': 0.39723362405368207}
observation time 0.000003, current best 3.094606 at iter 14
suggestion time taken 16.711479 iter 15 next_points [{'alpha': 0.0071041829624553425, 'batch_size': 47, 'beta_1': 0.8829815278100847, 'beta_2': 0.9999299707327451, 'epsilon': 1.891113048259446e-08, 'hidden_layer_sizes': 88, 'learning_rate_init': 0.004963529483188976, 'tol': 0.0011884336038435336, 'validation_fraction': 0.5955501994489185}]
function_evaluation time 0.203994 value 4.889586 suggestion {'alpha': 0.0071041829624553425, 'batch_size': 47, 'beta_1': 0.8829815278100847, 'beta_2': 0.9999299707327451, 'epsilon': 1.891113048259446e-08, 'hidden_layer_sizes': 88, 'learning_rate_init': 0.004963529483188976, 'tol': 0.0011884336038435336, 'validation_fraction': 0.5955501994489185}
observation time 0.000004, current best 3.094606 at iter 15
suggestion time taken 16.089594 iter 16 next_points [{'alpha': 0.06763531900790572, 'batch_size': 23, 'beta_1': 0.9669725569876472, 'beta_2': 0.9999854745333586, 'epsilon': 2.1414227603379783e-09, 'hidden_layer_sizes': 59, 'learning_rate_init': 0.00029785524606650867, 'tol': 3.694420695861457e-05, 'validation_fraction': 0.8528542620451145}]
/home/ryedida/.local/lib/python3.8/site-packages/sklearn/neural_network/_multilayer_perceptron.py:621: UserWarning: Got `batch_size` less than 1 or larger than sample size. It is going to be clipped
  warnings.warn(

function_evaluation time 0.094749 value 18.608996 suggestion {'alpha': 0.06763531900790572, 'batch_size': 23, 'beta_1': 0.9669725569876472, 'beta_2': 0.9999854745333586, 'epsilon': 2.1414227603379783e-09, 'hidden_layer_sizes': 59, 'learning_rate_init': 0.00029785524606650867, 'tol': 3.694420695861457e-05, 'validation_fraction': 0.8528542620451145}
observation time 0.000003, current best 3.094606 at iter 16
suggestion time taken 16.600456 iter 17 next_points [{'alpha': 2.7237690309588477e-05, 'batch_size': 28, 'beta_1': 0.93148497527014, 'beta_2': 0.9999959244803117, 'epsilon': 1.472320614016274e-08, 'hidden_layer_sizes': 113, 'learning_rate_init': 0.015153473555721584, 'tol': 0.000910620396284603, 'validation_fraction': 0.4888638441817351}]
function_evaluation time 0.368239 value 3.575562 suggestion {'alpha': 2.7237690309588477e-05, 'batch_size': 28, 'beta_1': 0.93148497527014, 'beta_2': 0.9999959244803117, 'epsilon': 1.472320614016274e-08, 'hidden_layer_sizes': 113, 'learning_rate_init': 0.015153473555721584, 'tol': 0.000910620396284603, 'validation_fraction': 0.4888638441817351}
observation time 0.000003, current best 3.094606 at iter 17
suggestion time taken 15.939251 iter 18 next_points [{'alpha': 1.0164238138299195e-05, 'batch_size': 68, 'beta_1': 0.988165878514455, 'beta_2': 0.9646557421436837, 'epsilon': 1.030416193604051e-08, 'hidden_layer_sizes': 128, 'learning_rate_init': 0.008023305128129024, 'tol': 0.0010964675625544157, 'validation_fraction': 0.8283926336724157}]
/home/ryedida/.local/lib/python3.8/site-packages/sklearn/neural_network/_multilayer_perceptron.py:621: UserWarning: Got `batch_size` less than 1 or larger than sample size. It is going to be clipped
  warnings.warn(

function_evaluation time 0.095098 value 13.172568 suggestion {'alpha': 1.0164238138299195e-05, 'batch_size': 68, 'beta_1': 0.988165878514455, 'beta_2': 0.9646557421436837, 'epsilon': 1.030416193604051e-08, 'hidden_layer_sizes': 128, 'learning_rate_init': 0.008023305128129024, 'tol': 0.0010964675625544157, 'validation_fraction': 0.8283926336724157}
observation time 0.000003, current best 3.094606 at iter 18
suggestion time taken 17.443429 iter 19 next_points [{'alpha': 1.1833793936339299, 'batch_size': 11, 'beta_1': 0.9095980098387422, 'beta_2': 0.9999759525962061, 'epsilon': 8.485438236439002e-07, 'hidden_layer_sizes': 106, 'learning_rate_init': 0.01675423516037989, 'tol': 1.7850806547376528e-05, 'validation_fraction': 0.8790042795544473}]
function_evaluation time 0.257038 value 6.579628 suggestion {'alpha': 1.1833793936339299, 'batch_size': 11, 'beta_1': 0.9095980098387422, 'beta_2': 0.9999759525962061, 'epsilon': 8.485438236439002e-07, 'hidden_layer_sizes': 106, 'learning_rate_init': 0.01675423516037989, 'tol': 1.7850806547376528e-05, 'validation_fraction': 0.8790042795544473}
observation time 0.000003, current best 3.094606 at iter 19
suggestion time taken 15.847345 iter 20 next_points [{'alpha': 0.14011117020202812, 'batch_size': 10, 'beta_1': 0.6441931551917022, 'beta_2': 0.9500842839245297, 'epsilon': 7.335841152082316e-07, 'hidden_layer_sizes': 150, 'learning_rate_init': 0.00011690050817902677, 'tol': 0.00018098967068361463, 'validation_fraction': 0.5131608656040233}]
function_evaluation time 0.382703 value 12.005503 suggestion {'alpha': 0.14011117020202812, 'batch_size': 10, 'beta_1': 0.6441931551917022, 'beta_2': 0.9500842839245297, 'epsilon': 7.335841152082316e-07, 'hidden_layer_sizes': 150, 'learning_rate_init': 0.00011690050817902677, 'tol': 0.00018098967068361463, 'validation_fraction': 0.5131608656040233}
observation time 0.000003, current best 3.094606 at iter 20
suggestion time taken 16.611757 iter 21 next_points [{'alpha': 8.503966967090019, 'batch_size': 136, 'beta_1': 0.7500271502502451, 'beta_2': 0.9999890895894632, 'epsilon': 8.180541783021511e-07, 'hidden_layer_sizes': 64, 'learning_rate_init': 1.4916070979070023e-05, 'tol': 1.457854020596486e-05, 'validation_fraction': 0.4440296169969775}]
/home/ryedida/.local/lib/python3.8/site-packages/sklearn/neural_network/_multilayer_perceptron.py:621: UserWarning: Got `batch_size` less than 1 or larger than sample size. It is going to be clipped
  warnings.warn(

function_evaluation time 0.078534 value 22.580305 suggestion {'alpha': 8.503966967090019, 'batch_size': 136, 'beta_1': 0.7500271502502451, 'beta_2': 0.9999890895894632, 'epsilon': 8.180541783021511e-07, 'hidden_layer_sizes': 64, 'learning_rate_init': 1.4916070979070023e-05, 'tol': 1.457854020596486e-05, 'validation_fraction': 0.4440296169969775}
observation time 0.000003, current best 3.094606 at iter 21
suggestion time taken 15.983001 iter 22 next_points [{'alpha': 1.3689229674911568e-05, 'batch_size': 27, 'beta_1': 0.9850452694545208, 'beta_2': 0.9999787033194047, 'epsilon': 8.224552142857672e-09, 'hidden_layer_sizes': 103, 'learning_rate_init': 0.06031889979363533, 'tol': 0.043769988484386145, 'validation_fraction': 0.10663328021570266}]
function_evaluation time 0.224215 value 5.024427 suggestion {'alpha': 1.3689229674911568e-05, 'batch_size': 27, 'beta_1': 0.9850452694545208, 'beta_2': 0.9999787033194047, 'epsilon': 8.224552142857672e-09, 'hidden_layer_sizes': 103, 'learning_rate_init': 0.06031889979363533, 'tol': 0.043769988484386145, 'validation_fraction': 0.10663328021570266}
observation time 0.000003, current best 3.094606 at iter 22
suggestion time taken 16.870940 iter 23 next_points [{'alpha': 4.3070409838991486e-05, 'batch_size': 47, 'beta_1': 0.5419168975390621, 'beta_2': 0.9969743516073266, 'epsilon': 1.3678047446336372e-07, 'hidden_layer_sizes': 112, 'learning_rate_init': 0.03187253742112439, 'tol': 0.001094739960426868, 'validation_fraction': 0.8931558599855942}]
/home/ryedida/.local/lib/python3.8/site-packages/sklearn/neural_network/_multilayer_perceptron.py:621: UserWarning: Got `batch_size` less than 1 or larger than sample size. It is going to be clipped
  warnings.warn(

function_evaluation time 0.213070 value 2.413190 suggestion {'alpha': 4.3070409838991486e-05, 'batch_size': 47, 'beta_1': 0.5419168975390621, 'beta_2': 0.9969743516073266, 'epsilon': 1.3678047446336372e-07, 'hidden_layer_sizes': 112, 'learning_rate_init': 0.03187253742112439, 'tol': 0.001094739960426868, 'validation_fraction': 0.8931558599855942}
observation time 0.000003, current best 2.413190 at iter 23
suggestion time taken 15.888633 iter 24 next_points [{'alpha': 0.0001652388181146153, 'batch_size': 141, 'beta_1': 0.7561672590100932, 'beta_2': 0.9996744187693681, 'epsilon': 6.759827870515661e-09, 'hidden_layer_sizes': 158, 'learning_rate_init': 0.06106845978510325, 'tol': 0.0025132798467447813, 'validation_fraction': 0.179360717140607}]
/home/ryedida/.local/lib/python3.8/site-packages/sklearn/neural_network/_multilayer_perceptron.py:621: UserWarning: Got `batch_size` less than 1 or larger than sample size. It is going to be clipped
  warnings.warn(

function_evaluation time 0.185905 value 1.894494 suggestion {'alpha': 0.0001652388181146153, 'batch_size': 141, 'beta_1': 0.7561672590100932, 'beta_2': 0.9996744187693681, 'epsilon': 6.759827870515661e-09, 'hidden_layer_sizes': 158, 'learning_rate_init': 0.06106845978510325, 'tol': 0.0025132798467447813, 'validation_fraction': 0.179360717140607}
observation time 0.000004, current best 1.894494 at iter 24
suggestion time taken 16.938125 iter 25 next_points [{'alpha': 0.7007435869751863, 'batch_size': 35, 'beta_1': 0.9858916347757783, 'beta_2': 0.9999887909506313, 'epsilon': 2.1288754742756579e-07, 'hidden_layer_sizes': 169, 'learning_rate_init': 0.00024364338845821545, 'tol': 0.0027616767319705417, 'validation_fraction': 0.8683057198887508}]
/home/ryedida/.local/lib/python3.8/site-packages/sklearn/neural_network/_multilayer_perceptron.py:621: UserWarning: Got `batch_size` less than 1 or larger than sample size. It is going to be clipped
  warnings.warn(

function_evaluation time 0.173903 value 16.734393 suggestion {'alpha': 0.7007435869751863, 'batch_size': 35, 'beta_1': 0.9858916347757783, 'beta_2': 0.9999887909506313, 'epsilon': 2.1288754742756579e-07, 'hidden_layer_sizes': 169, 'learning_rate_init': 0.00024364338845821545, 'tol': 0.0027616767319705417, 'validation_fraction': 0.8683057198887508}
observation time 0.000007, current best 1.894494 at iter 25
suggestion time taken 16.058062 iter 26 next_points [{'alpha': 2.505232321725756, 'batch_size': 140, 'beta_1': 0.9871149804702251, 'beta_2': 0.9999989416429492, 'epsilon': 3.04944190772539e-09, 'hidden_layer_sizes': 133, 'learning_rate_init': 0.008353896677998943, 'tol': 3.118584844970962e-05, 'validation_fraction': 0.7160852680155392}]
/home/ryedida/.local/lib/python3.8/site-packages/sklearn/neural_network/_multilayer_perceptron.py:621: UserWarning: Got `batch_size` less than 1 or larger than sample size. It is going to be clipped
  warnings.warn(

function_evaluation time 0.139891 value 13.595954 suggestion {'alpha': 2.505232321725756, 'batch_size': 140, 'beta_1': 0.9871149804702251, 'beta_2': 0.9999989416429492, 'epsilon': 3.04944190772539e-09, 'hidden_layer_sizes': 133, 'learning_rate_init': 0.008353896677998943, 'tol': 3.118584844970962e-05, 'validation_fraction': 0.7160852680155392}
observation time 0.000004, current best 1.894494 at iter 26
suggestion time taken 17.627053 iter 27 next_points [{'alpha': 0.34994873992431913, 'batch_size': 14, 'beta_1': 0.9793927387591306, 'beta_2': 0.9999830676878255, 'epsilon': 2.2156366946314206e-08, 'hidden_layer_sizes': 165, 'learning_rate_init': 0.00795722270419741, 'tol': 0.0011685514267031605, 'validation_fraction': 0.8111248694142358}]
function_evaluation time 0.296517 value 3.146241 suggestion {'alpha': 0.34994873992431913, 'batch_size': 14, 'beta_1': 0.9793927387591306, 'beta_2': 0.9999830676878255, 'epsilon': 2.2156366946314206e-08, 'hidden_layer_sizes': 165, 'learning_rate_init': 0.00795722270419741, 'tol': 0.0011685514267031605, 'validation_fraction': 0.8111248694142358}
observation time 0.000003, current best 1.894494 at iter 27
suggestion time taken 16.179151 iter 28 next_points [{'alpha': 5.5826297799758496e-05, 'batch_size': 47, 'beta_1': 0.8599762184609085, 'beta_2': 0.9999979764255332, 'epsilon': 5.671304197098364e-07, 'hidden_layer_sizes': 185, 'learning_rate_init': 0.00015243485851472826, 'tol': 0.006077707474412207, 'validation_fraction': 0.7545064058868479}]
/home/ryedida/.local/lib/python3.8/site-packages/sklearn/neural_network/_multilayer_perceptron.py:621: UserWarning: Got `batch_size` less than 1 or larger than sample size. It is going to be clipped
  warnings.warn(

function_evaluation time 0.117929 value 17.818245 suggestion {'alpha': 5.5826297799758496e-05, 'batch_size': 47, 'beta_1': 0.8599762184609085, 'beta_2': 0.9999979764255332, 'epsilon': 5.671304197098364e-07, 'hidden_layer_sizes': 185, 'learning_rate_init': 0.00015243485851472826, 'tol': 0.006077707474412207, 'validation_fraction': 0.7545064058868479}
observation time 0.000003, current best 1.894494 at iter 28
suggestion time taken 16.870142 iter 29 next_points [{'alpha': 0.02112928417305498, 'batch_size': 14, 'beta_1': 0.5430288780145257, 'beta_2': 0.9936041757812297, 'epsilon': 6.701004879709937e-08, 'hidden_layer_sizes': 81, 'learning_rate_init': 0.00018732148297138503, 'tol': 0.00047411030701857563, 'validation_fraction': 0.808577068791071}]
function_evaluation time 0.135950 value 17.634336 suggestion {'alpha': 0.02112928417305498, 'batch_size': 14, 'beta_1': 0.5430288780145257, 'beta_2': 0.9936041757812297, 'epsilon': 6.701004879709937e-08, 'hidden_layer_sizes': 81, 'learning_rate_init': 0.00018732148297138503, 'tol': 0.00047411030701857563, 'validation_fraction': 0.808577068791071}
observation time 0.000003, current best 1.894494 at iter 29
suggestion time taken 16.157509 iter 30 next_points [{'alpha': 5.925674290298472, 'batch_size': 130, 'beta_1': 0.9826398685532141, 'beta_2': 0.9999985682941298, 'epsilon': 1.8243028942899008e-09, 'hidden_layer_sizes': 72, 'learning_rate_init': 0.014867740413379783, 'tol': 0.00020148241127476523, 'validation_fraction': 0.2505994232329678}]
/home/ryedida/.local/lib/python3.8/site-packages/sklearn/neural_network/_multilayer_perceptron.py:621: UserWarning: Got `batch_size` less than 1 or larger than sample size. It is going to be clipped
  warnings.warn(

function_evaluation time 0.123209 value 14.888843 suggestion {'alpha': 5.925674290298472, 'batch_size': 130, 'beta_1': 0.9826398685532141, 'beta_2': 0.9999985682941298, 'epsilon': 1.8243028942899008e-09, 'hidden_layer_sizes': 72, 'learning_rate_init': 0.014867740413379783, 'tol': 0.00020148241127476523, 'validation_fraction': 0.2505994232329678}
observation time 0.000003, current best 1.894494 at iter 30
suggestion time taken 16.958608 iter 31 next_points [{'alpha': 0.0007894391466891494, 'batch_size': 47, 'beta_1': 0.6165633546131669, 'beta_2': 0.9653992966296043, 'epsilon': 3.2194846689219624e-09, 'hidden_layer_sizes': 140, 'learning_rate_init': 3.4275362874749136e-05, 'tol': 0.020731989296413574, 'validation_fraction': 0.5950891369329692}]
function_evaluation time 0.093534 value 23.136194 suggestion {'alpha': 0.0007894391466891494, 'batch_size': 47, 'beta_1': 0.6165633546131669, 'beta_2': 0.9653992966296043, 'epsilon': 3.2194846689219624e-09, 'hidden_layer_sizes': 140, 'learning_rate_init': 3.4275362874749136e-05, 'tol': 0.020731989296413574, 'validation_fraction': 0.5950891369329692}
observation time 0.000003, current best 1.894494 at iter 31
suggestion time taken 16.065130 iter 32 next_points [{'alpha': 5.7131864532752976e-05, 'batch_size': 140, 'beta_1': 0.8514563395256763, 'beta_2': 0.9775240204480772, 'epsilon': 7.723946722312883e-08, 'hidden_layer_sizes': 92, 'learning_rate_init': 0.0001153245696961215, 'tol': 0.0123485413543752, 'validation_fraction': 0.8137243465989421}]
/home/ryedida/.local/lib/python3.8/site-packages/sklearn/neural_network/_multilayer_perceptron.py:621: UserWarning: Got `batch_size` less than 1 or larger than sample size. It is going to be clipped
  warnings.warn(

function_evaluation time 0.080621 value 19.739064 suggestion {'alpha': 5.7131864532752976e-05, 'batch_size': 140, 'beta_1': 0.8514563395256763, 'beta_2': 0.9775240204480772, 'epsilon': 7.723946722312883e-08, 'hidden_layer_sizes': 92, 'learning_rate_init': 0.0001153245696961215, 'tol': 0.0123485413543752, 'validation_fraction': 0.8137243465989421}
observation time 0.000004, current best 1.894494 at iter 32
suggestion time taken 16.951622 iter 33 next_points [{'alpha': 1.7040422096744174, 'batch_size': 11, 'beta_1': 0.9501650356010509, 'beta_2': 0.999980087679474, 'epsilon': 8.787508718005829e-09, 'hidden_layer_sizes': 80, 'learning_rate_init': 0.0006295979667176814, 'tol': 6.379358948103619e-05, 'validation_fraction': 0.5803210698887248}]
function_evaluation time 0.351309 value 8.228208 suggestion {'alpha': 1.7040422096744174, 'batch_size': 11, 'beta_1': 0.9501650356010509, 'beta_2': 0.999980087679474, 'epsilon': 8.787508718005829e-09, 'hidden_layer_sizes': 80, 'learning_rate_init': 0.0006295979667176814, 'tol': 6.379358948103619e-05, 'validation_fraction': 0.5803210698887248}
observation time 0.000003, current best 1.894494 at iter 33
suggestion time taken 16.954098 iter 34 next_points [{'alpha': 0.016204375206753593, 'batch_size': 138, 'beta_1': 0.5612075254423754, 'beta_2': 0.9566711527726872, 'epsilon': 1.2335485224885782e-08, 'hidden_layer_sizes': 93, 'learning_rate_init': 0.0028140944452008224, 'tol': 0.04563153985005347, 'validation_fraction': 0.17174840812428507}]
/home/ryedida/.local/lib/python3.8/site-packages/sklearn/neural_network/_multilayer_perceptron.py:621: UserWarning: Got `batch_size` less than 1 or larger than sample size. It is going to be clipped
  warnings.warn(

function_evaluation time 0.145391 value 6.237676 suggestion {'alpha': 0.016204375206753593, 'batch_size': 138, 'beta_1': 0.5612075254423754, 'beta_2': 0.9566711527726872, 'epsilon': 1.2335485224885782e-08, 'hidden_layer_sizes': 93, 'learning_rate_init': 0.0028140944452008224, 'tol': 0.04563153985005347, 'validation_fraction': 0.17174840812428507}
observation time 0.000003, current best 1.894494 at iter 34
suggestion time taken 16.023318 iter 35 next_points [{'alpha': 0.24075643361385446, 'batch_size': 140, 'beta_1': 0.9464146360807105, 'beta_2': 0.9999867285558424, 'epsilon': 3.148881552336862e-07, 'hidden_layer_sizes': 50, 'learning_rate_init': 0.003131371923390242, 'tol': 7.095698438858023e-05, 'validation_fraction': 0.8378447200847373}]
/home/ryedida/.local/lib/python3.8/site-packages/sklearn/neural_network/_multilayer_perceptron.py:621: UserWarning: Got `batch_size` less than 1 or larger than sample size. It is going to be clipped
  warnings.warn(

function_evaluation time 0.117721 value 8.065548 suggestion {'alpha': 0.24075643361385446, 'batch_size': 140, 'beta_1': 0.9464146360807105, 'beta_2': 0.9999867285558424, 'epsilon': 3.148881552336862e-07, 'hidden_layer_sizes': 50, 'learning_rate_init': 0.003131371923390242, 'tol': 7.095698438858023e-05, 'validation_fraction': 0.8378447200847373}
observation time 0.000004, current best 1.894494 at iter 35
suggestion time taken 17.027707 iter 36 next_points [{'alpha': 0.0034503595152806554, 'batch_size': 34, 'beta_1': 0.9856334472653724, 'beta_2': 0.99992062530007, 'epsilon': 2.094030536963004e-07, 'hidden_layer_sizes': 190, 'learning_rate_init': 0.00012648868771217213, 'tol': 7.488675229330294e-05, 'validation_fraction': 0.8653849207753782}]
/home/ryedida/.local/lib/python3.8/site-packages/sklearn/neural_network/_multilayer_perceptron.py:621: UserWarning: Got `batch_size` less than 1 or larger than sample size. It is going to be clipped
  warnings.warn(

function_evaluation time 0.113987 value 19.268778 suggestion {'alpha': 0.0034503595152806554, 'batch_size': 34, 'beta_1': 0.9856334472653724, 'beta_2': 0.99992062530007, 'epsilon': 2.094030536963004e-07, 'hidden_layer_sizes': 190, 'learning_rate_init': 0.00012648868771217213, 'tol': 7.488675229330294e-05, 'validation_fraction': 0.8653849207753782}
observation time 0.000005, current best 1.894494 at iter 36
suggestion time taken 16.056046 iter 37 next_points [{'alpha': 0.0017154266570137849, 'batch_size': 69, 'beta_1': 0.6094741030968205, 'beta_2': 0.9884113130877166, 'epsilon': 7.345146614428542e-07, 'hidden_layer_sizes': 99, 'learning_rate_init': 0.006672717622002126, 'tol': 4.1549300947824364e-05, 'validation_fraction': 0.8349028772854946}]
/home/ryedida/.local/lib/python3.8/site-packages/sklearn/neural_network/_multilayer_perceptron.py:621: UserWarning: Got `batch_size` less than 1 or larger than sample size. It is going to be clipped
  warnings.warn(

function_evaluation time 0.180111 value 4.883508 suggestion {'alpha': 0.0017154266570137849, 'batch_size': 69, 'beta_1': 0.6094741030968205, 'beta_2': 0.9884113130877166, 'epsilon': 7.345146614428542e-07, 'hidden_layer_sizes': 99, 'learning_rate_init': 0.006672717622002126, 'tol': 4.1549300947824364e-05, 'validation_fraction': 0.8349028772854946}
observation time 0.000003, current best 1.894494 at iter 37
suggestion time taken 16.782618 iter 38 next_points [{'alpha': 3.942588303366966, 'batch_size': 66, 'beta_1': 0.9831583448493604, 'beta_2': 0.9999975462761812, 'epsilon': 7.998683489802864e-07, 'hidden_layer_sizes': 84, 'learning_rate_init': 1.3960116346718479e-05, 'tol': 0.024006483782893915, 'validation_fraction': 0.7495528555841048}]
/home/ryedida/.local/lib/python3.8/site-packages/sklearn/neural_network/_multilayer_perceptron.py:621: UserWarning: Got `batch_size` less than 1 or larger than sample size. It is going to be clipped
  warnings.warn(

function_evaluation time 0.077964 value 18.834179 suggestion {'alpha': 3.942588303366966, 'batch_size': 66, 'beta_1': 0.9831583448493604, 'beta_2': 0.9999975462761812, 'epsilon': 7.998683489802864e-07, 'hidden_layer_sizes': 84, 'learning_rate_init': 1.3960116346718479e-05, 'tol': 0.024006483782893915, 'validation_fraction': 0.7495528555841048}
observation time 0.000003, current best 1.894494 at iter 38
suggestion time taken 16.241099 iter 39 next_points [{'alpha': 0.10225569889614089, 'batch_size': 14, 'beta_1': 0.9045192517289327, 'beta_2': 0.9999880464863626, 'epsilon': 5.294357251826167e-07, 'hidden_layer_sizes': 183, 'learning_rate_init': 0.0012111102675362204, 'tol': 1.3046088979623437e-05, 'validation_fraction': 0.44225324821911444}]
function_evaluation time 0.691896 value 0.403580 suggestion {'alpha': 0.10225569889614089, 'batch_size': 14, 'beta_1': 0.9045192517289327, 'beta_2': 0.9999880464863626, 'epsilon': 5.294357251826167e-07, 'hidden_layer_sizes': 183, 'learning_rate_init': 0.0012111102675362204, 'tol': 1.3046088979623437e-05, 'validation_fraction': 0.44225324821911444}
observation time 0.000004, current best 0.403580 at iter 39
suggestion time taken 16.886722 iter 40 next_points [{'alpha': 0.19078260906882805, 'batch_size': 141, 'beta_1': 0.9545840349662627, 'beta_2': 0.9713928637822176, 'epsilon': 8.806216136140596e-08, 'hidden_layer_sizes': 150, 'learning_rate_init': 0.0009337405030700192, 'tol': 0.0003712316689582355, 'validation_fraction': 0.5410366332141984}]
/home/ryedida/.local/lib/python3.8/site-packages/sklearn/neural_network/_multilayer_perceptron.py:621: UserWarning: Got `batch_size` less than 1 or larger than sample size. It is going to be clipped
  warnings.warn(

function_evaluation time 0.131808 value 16.853760 suggestion {'alpha': 0.19078260906882805, 'batch_size': 141, 'beta_1': 0.9545840349662627, 'beta_2': 0.9713928637822176, 'epsilon': 8.806216136140596e-08, 'hidden_layer_sizes': 150, 'learning_rate_init': 0.0009337405030700192, 'tol': 0.0003712316689582355, 'validation_fraction': 0.5410366332141984}
observation time 0.000004, current best 0.403580 at iter 40
suggestion time taken 16.228533 iter 41 next_points [{'alpha': 0.0067307017299152215, 'batch_size': 10, 'beta_1': 0.7746384699814549, 'beta_2': 0.999993899656477, 'epsilon': 5.863648743758469e-07, 'hidden_layer_sizes': 130, 'learning_rate_init': 0.0077007177707411, 'tol': 0.0020763672288132526, 'validation_fraction': 0.6387537499431036}]
function_evaluation time 0.471445 value 1.424340 suggestion {'alpha': 0.0067307017299152215, 'batch_size': 10, 'beta_1': 0.7746384699814549, 'beta_2': 0.999993899656477, 'epsilon': 5.863648743758469e-07, 'hidden_layer_sizes': 130, 'learning_rate_init': 0.0077007177707411, 'tol': 0.0020763672288132526, 'validation_fraction': 0.6387537499431036}
observation time 0.000003, current best 0.403580 at iter 41
suggestion time taken 17.143512 iter 42 next_points [{'alpha': 0.3412473628101772, 'batch_size': 20, 'beta_1': 0.9737292388109835, 'beta_2': 0.9718874167370826, 'epsilon': 9.192016367813202e-09, 'hidden_layer_sizes': 74, 'learning_rate_init': 3.6500721156245e-05, 'tol': 3.466743438411741e-05, 'validation_fraction': 0.20238310990643563}]
function_evaluation time 0.178791 value 23.329803 suggestion {'alpha': 0.3412473628101772, 'batch_size': 20, 'beta_1': 0.9737292388109835, 'beta_2': 0.9718874167370826, 'epsilon': 9.192016367813202e-09, 'hidden_layer_sizes': 74, 'learning_rate_init': 3.6500721156245e-05, 'tol': 3.466743438411741e-05, 'validation_fraction': 0.20238310990643563}
observation time 0.000003, current best 0.403580 at iter 42
suggestion time taken 16.491858 iter 43 next_points [{'alpha': 0.00017162754585722215, 'batch_size': 141, 'beta_1': 0.9606090062479035, 'beta_2': 0.9999968523162003, 'epsilon': 6.250706641426055e-09, 'hidden_layer_sizes': 138, 'learning_rate_init': 0.05836604960478874, 'tol': 3.37024251460001e-05, 'validation_fraction': 0.7316280207410332}]
/home/ryedida/.local/lib/python3.8/site-packages/sklearn/neural_network/_multilayer_perceptron.py:621: UserWarning: Got `batch_size` less than 1 or larger than sample size. It is going to be clipped
  warnings.warn(

function_evaluation time 0.188882 value 4.841826 suggestion {'alpha': 0.00017162754585722215, 'batch_size': 141, 'beta_1': 0.9606090062479035, 'beta_2': 0.9999968523162003, 'epsilon': 6.250706641426055e-09, 'hidden_layer_sizes': 138, 'learning_rate_init': 0.05836604960478874, 'tol': 3.37024251460001e-05, 'validation_fraction': 0.7316280207410332}
observation time 0.000003, current best 0.403580 at iter 43
suggestion time taken 15.947414 iter 44 next_points [{'alpha': 0.050262492479837974, 'batch_size': 139, 'beta_1': 0.9836422110183349, 'beta_2': 0.9886624863941155, 'epsilon': 1.0101116246251338e-07, 'hidden_layer_sizes': 111, 'learning_rate_init': 0.0020159675966225526, 'tol': 1.9251513030643957e-05, 'validation_fraction': 0.487378147216123}]
/home/ryedida/.local/lib/python3.8/site-packages/sklearn/neural_network/_multilayer_perceptron.py:621: UserWarning: Got `batch_size` less than 1 or larger than sample size. It is going to be clipped
  warnings.warn(

function_evaluation time 0.107285 value 11.408291 suggestion {'alpha': 0.050262492479837974, 'batch_size': 139, 'beta_1': 0.9836422110183349, 'beta_2': 0.9886624863941155, 'epsilon': 1.0101116246251338e-07, 'hidden_layer_sizes': 111, 'learning_rate_init': 0.0020159675966225526, 'tol': 1.9251513030643957e-05, 'validation_fraction': 0.487378147216123}
observation time 0.000003, current best 0.403580 at iter 44
saving meta data: {'args': {'--uuid': '994152af68ce542c8a17cb25adc42399', '-db-root': '/home/ryedida/bbo_challenge_starter_kit/output', '--opt-root': '/home/ryedida/bbo_challenge_starter_kit/example_submissions', '--data-root': None, '--db': 'run_20231015_053414', '--opt': 'strongcvx', '--data': 'wine', '--classifier': 'MLP-adam', '--metric': 'nll', '--calls': 45, '--suggestions': 1, '--jobs-file': None, '--verbose': False, 'dry_run': False, 'rev': 'a376313', 'opt_rev': 'x.x.x'}, 'signature': ([{'alpha': 0.019628224813442792, 'batch_size': 182, 'beta_1': 0.9410202200271762, 'beta_2': 0.9998021557676793, 'epsilon': 1.8662266976518e-08, 'hidden_layer_sizes': 147, 'learning_rate_init': 0.0005627932047415167, 'tol': 0.03690557729213761, 'validation_fraction': 0.8846827852548593}, {'alpha': 0.001998246739232944, 'batch_size': 200, 'beta_1': 0.919111482530466, 'beta_2': 0.9998488260436156, 'epsilon': 5.981221901152555e-07, 'hidden_layer_sizes': 61, 'learning_rate_init': 2.2310905607443014e-05, 'tol': 1.2046852412030316e-05, 'validation_fraction': 0.8117896445826539}, {'alpha': 0.46659545670218433, 'batch_size': 219, 'beta_1': 0.9889789783750891, 'beta_2': 0.9999896868093284, 'epsilon': 2.4234724484675948e-08, 'hidden_layer_sizes': 167, 'learning_rate_init': 2.972334644335654e-05, 'tol': 0.0036281404040243792, 'validation_fraction': 0.17260651658522078}, {'alpha': 4.656005689076002, 'batch_size': 135, 'beta_1': 0.870503881627747, 'beta_2': 0.9948873266941017, 'epsilon': 2.1023308743480125e-07, 'hidden_layer_sizes': 118, 'learning_rate_init': 0.001878173875716191, 'tol': 1.1889379831773006e-05, 'validation_fraction': 0.6264327093752792}, {'alpha': 0.04705159350400542, 'batch_size': 158, 'beta_1': 0.9870884262730957, 'beta_2': 0.9999596874382349, 'epsilon': 1.1981845126013875e-08, 'hidden_layer_sizes': 116, 'learning_rate_init': 0.006173405204074311, 'tol': 1.7414134181586194e-05, 'validation_fraction': 0.6754299026638921}], [15.519985493059746, 22.353903068254787, 19.164026128577277, 3.377925239627502, 14.64310022355023])}
saving results
saving timing
saving suggest log
done
