running: {'--uuid': 'a372e383236e51eaa6e521b3ccfe8ad5', '-db-root': '/home/ryedida/bbo_challenge_starter_kit/output', '--opt-root': '/home/ryedida/bbo_challenge_starter_kit/example_submissions', '--data-root': None, '--db': 'run_20231015_053414', '--opt': 'strongcvx', '--data': 'wine', '--classifier': 'MLP-adam', '--metric': 'acc', '--calls': 45, '--suggestions': 1, '--jobs-file': None, '--verbose': False, 'dry_run': False, 'rev': 'a376313', 'opt_rev': 'x.x.x'}
cmd: python strongcvx/optimizer.py -c MLP-adam -d wine -o strongcvx -u a372e383236e51eaa6e521b3ccfe8ad5 -m acc -n 45 -p 1 -dir /home/ryedida/bbo_challenge_starter_kit/output -b run_20231015_053414
/home/ryedida/.local/lib/python3.8/site-packages/sklearn/neural_network/_multilayer_perceptron.py:621: UserWarning: Got `batch_size` less than 1 or larger than sample size. It is going to be clipped
  warnings.warn(

/home/ryedida/.local/lib/python3.8/site-packages/sklearn/neural_network/_multilayer_perceptron.py:621: UserWarning: Got `batch_size` less than 1 or larger than sample size. It is going to be clipped
  warnings.warn(

/home/ryedida/.local/lib/python3.8/site-packages/sklearn/neural_network/_multilayer_perceptron.py:621: UserWarning: Got `batch_size` less than 1 or larger than sample size. It is going to be clipped
  warnings.warn(

/home/ryedida/.local/lib/python3.8/site-packages/sklearn/neural_network/_multilayer_perceptron.py:621: UserWarning: Got `batch_size` less than 1 or larger than sample size. It is going to be clipped
  warnings.warn(

/home/ryedida/.local/lib/python3.8/site-packages/sklearn/neural_network/_multilayer_perceptron.py:621: UserWarning: Got `batch_size` less than 1 or larger than sample size. It is going to be clipped
  warnings.warn(

computed signature: ([{'alpha': 0.019628224813442792, 'batch_size': 182, 'beta_1': 0.9410202200271762, 'beta_2': 0.9998021557676793, 'epsilon': 1.8662266976518e-08, 'hidden_layer_sizes': 147, 'learning_rate_init': 0.0005627932047415167, 'tol': 0.03690557729213761, 'validation_fraction': 0.8846827852548593}, {'alpha': 0.001998246739232944, 'batch_size': 200, 'beta_1': 0.919111482530466, 'beta_2': 0.9998488260436156, 'epsilon': 5.981221901152555e-07, 'hidden_layer_sizes': 61, 'learning_rate_init': 2.2310905607443014e-05, 'tol': 1.2046852412030316e-05, 'validation_fraction': 0.8117896445826539}, {'alpha': 0.46659545670218433, 'batch_size': 219, 'beta_1': 0.9889789783750891, 'beta_2': 0.9999896868093284, 'epsilon': 2.4234724484675948e-08, 'hidden_layer_sizes': 167, 'learning_rate_init': 2.972334644335654e-05, 'tol': 0.0036281404040243792, 'validation_fraction': 0.17260651658522078}, {'alpha': 4.656005689076002, 'batch_size': 135, 'beta_1': 0.870503881627747, 'beta_2': 0.9948873266941017, 'epsilon': 2.1023308743480125e-07, 'hidden_layer_sizes': 118, 'learning_rate_init': 0.001878173875716191, 'tol': 1.1889379831773006e-05, 'validation_fraction': 0.6264327093752792}, {'alpha': 0.04705159350400542, 'batch_size': 158, 'beta_1': 0.9870884262730957, 'beta_2': 0.9999596874382349, 'epsilon': 1.1981845126013875e-08, 'hidden_layer_sizes': 116, 'learning_rate_init': 0.006173405204074311, 'tol': 1.7414134181586194e-05, 'validation_fraction': 0.6754299026638921}], [-0.4359605911330049, -0.3169950738916256, -0.3312807881773399, -0.6620689655172413, -0.5017241379310344])
/home/ryedida/.local/lib/python3.8/site-packages/bayesmark/experiment.py:470: UserWarning: Baselines not found. Will not log intermediate scores.
  warnings.warn("Baselines not found. Will not log intermediate scores.")

starting sklearn study strongcvx MLP-adam wine acc 45 1
with data root: None
suggestion time taken 15.971814 iter 0 next_points [{'alpha': 8.812062773905984, 'batch_size': 23, 'beta_1': 0.9731441636691913, 'beta_2': 0.9999646879426201, 'epsilon': 1.6194909834946933e-07, 'hidden_layer_sizes': 101, 'learning_rate_init': 0.0024135458755668265, 'tol': 2.7461012147821947e-05, 'validation_fraction': 0.6538433540407702}]
function_evaluation time 0.146319 value -0.648768 suggestion {'alpha': 8.812062773905984, 'batch_size': 23, 'beta_1': 0.9731441636691913, 'beta_2': 0.9999646879426201, 'epsilon': 1.6194909834946933e-07, 'hidden_layer_sizes': 101, 'learning_rate_init': 0.0024135458755668265, 'tol': 2.7461012147821947e-05, 'validation_fraction': 0.6538433540407702}
observation time 0.000003, current best -0.648768 at iter 0
suggestion time taken 15.650712 iter 1 next_points [{'alpha': 0.0006424287590403462, 'batch_size': 138, 'beta_1': 0.9142129301656853, 'beta_2': 0.9999912758530353, 'epsilon': 5.469850107146943e-09, 'hidden_layer_sizes': 133, 'learning_rate_init': 0.0005669094997055852, 'tol': 0.07101802629753946, 'validation_fraction': 0.8599731013220082}]
/home/ryedida/.local/lib/python3.8/site-packages/sklearn/neural_network/_multilayer_perceptron.py:621: UserWarning: Got `batch_size` less than 1 or larger than sample size. It is going to be clipped
  warnings.warn(

function_evaluation time 0.097377 value -0.437931 suggestion {'alpha': 0.0006424287590403462, 'batch_size': 138, 'beta_1': 0.9142129301656853, 'beta_2': 0.9999912758530353, 'epsilon': 5.469850107146943e-09, 'hidden_layer_sizes': 133, 'learning_rate_init': 0.0005669094997055852, 'tol': 0.07101802629753946, 'validation_fraction': 0.8599731013220082}
observation time 0.000003, current best -0.648768 at iter 1
suggestion time taken 15.386896 iter 2 next_points [{'alpha': 6.5928061089604695, 'batch_size': 131, 'beta_1': 0.9194271271729171, 'beta_2': 0.9972827661568756, 'epsilon': 7.740185401099448e-08, 'hidden_layer_sizes': 98, 'learning_rate_init': 0.017765979509519157, 'tol': 0.0006033657338458267, 'validation_fraction': 0.8121059474096125}]
/home/ryedida/.local/lib/python3.8/site-packages/sklearn/neural_network/_multilayer_perceptron.py:621: UserWarning: Got `batch_size` less than 1 or larger than sample size. It is going to be clipped
  warnings.warn(

function_evaluation time 0.210593 value -0.611084 suggestion {'alpha': 6.5928061089604695, 'batch_size': 131, 'beta_1': 0.9194271271729171, 'beta_2': 0.9972827661568756, 'epsilon': 7.740185401099448e-08, 'hidden_layer_sizes': 98, 'learning_rate_init': 0.017765979509519157, 'tol': 0.0006033657338458267, 'validation_fraction': 0.8121059474096125}
observation time 0.000003, current best -0.648768 at iter 2
suggestion time taken 15.898732 iter 3 next_points [{'alpha': 1.815443021942156e-05, 'batch_size': 47, 'beta_1': 0.9030954124392062, 'beta_2': 0.9991647445846341, 'epsilon': 1.7375863707993567e-08, 'hidden_layer_sizes': 76, 'learning_rate_init': 0.01975366520785907, 'tol': 5.3416400277240266e-05, 'validation_fraction': 0.679704830062569}]
/home/ryedida/.local/lib/python3.8/site-packages/sklearn/neural_network/_multilayer_perceptron.py:621: UserWarning: Got `batch_size` less than 1 or larger than sample size. It is going to be clipped
  warnings.warn(

function_evaluation time 0.191048 value -0.607389 suggestion {'alpha': 1.815443021942156e-05, 'batch_size': 47, 'beta_1': 0.9030954124392062, 'beta_2': 0.9991647445846341, 'epsilon': 1.7375863707993567e-08, 'hidden_layer_sizes': 76, 'learning_rate_init': 0.01975366520785907, 'tol': 5.3416400277240266e-05, 'validation_fraction': 0.679704830062569}
observation time 0.000004, current best -0.648768 at iter 3
suggestion time taken 16.424842 iter 4 next_points [{'alpha': 0.0540733277002364, 'batch_size': 141, 'beta_1': 0.9822946425432718, 'beta_2': 0.9968790639003895, 'epsilon': 4.883755210452196e-07, 'hidden_layer_sizes': 160, 'learning_rate_init': 0.03823424104971458, 'tol': 0.0009209453963991839, 'validation_fraction': 0.7058541891939962}]
/home/ryedida/.local/lib/python3.8/site-packages/sklearn/neural_network/_multilayer_perceptron.py:621: UserWarning: Got `batch_size` less than 1 or larger than sample size. It is going to be clipped
  warnings.warn(

function_evaluation time 0.155683 value -0.541872 suggestion {'alpha': 0.0540733277002364, 'batch_size': 141, 'beta_1': 0.9822946425432718, 'beta_2': 0.9968790639003895, 'epsilon': 4.883755210452196e-07, 'hidden_layer_sizes': 160, 'learning_rate_init': 0.03823424104971458, 'tol': 0.0009209453963991839, 'validation_fraction': 0.7058541891939962}
observation time 0.000003, current best -0.648768 at iter 4
suggestion time taken 15.428471 iter 5 next_points [{'alpha': 0.5363148988526788, 'batch_size': 20, 'beta_1': 0.9594945373063309, 'beta_2': 0.9778861899964719, 'epsilon': 1.0208622313703353e-09, 'hidden_layer_sizes': 150, 'learning_rate_init': 0.022167832597223894, 'tol': 0.019566661892971078, 'validation_fraction': 0.4549519508096216}]
function_evaluation time 0.310560 value -0.760345 suggestion {'alpha': 0.5363148988526788, 'batch_size': 20, 'beta_1': 0.9594945373063309, 'beta_2': 0.9778861899964719, 'epsilon': 1.0208622313703353e-09, 'hidden_layer_sizes': 150, 'learning_rate_init': 0.022167832597223894, 'tol': 0.019566661892971078, 'validation_fraction': 0.4549519508096216}
observation time 0.000003, current best -0.760345 at iter 5
suggestion time taken 16.004632 iter 6 next_points [{'alpha': 0.03513279422073035, 'batch_size': 140, 'beta_1': 0.883608537820472, 'beta_2': 0.9999309609184861, 'epsilon': 3.40473308144544e-09, 'hidden_layer_sizes': 76, 'learning_rate_init': 3.7768600274163257e-05, 'tol': 0.024179017260055304, 'validation_fraction': 0.5349087885241511}]
/home/ryedida/.local/lib/python3.8/site-packages/sklearn/neural_network/_multilayer_perceptron.py:621: UserWarning: Got `batch_size` less than 1 or larger than sample size. It is going to be clipped
  warnings.warn(

function_evaluation time 0.083277 value -0.359852 suggestion {'alpha': 0.03513279422073035, 'batch_size': 140, 'beta_1': 0.883608537820472, 'beta_2': 0.9999309609184861, 'epsilon': 3.40473308144544e-09, 'hidden_layer_sizes': 76, 'learning_rate_init': 3.7768600274163257e-05, 'tol': 0.024179017260055304, 'validation_fraction': 0.5349087885241511}
observation time 0.000004, current best -0.760345 at iter 6
suggestion time taken 15.488760 iter 7 next_points [{'alpha': 3.9685814400988253, 'batch_size': 69, 'beta_1': 0.8399445780161212, 'beta_2': 0.9327776530970517, 'epsilon': 1.4007521571126103e-07, 'hidden_layer_sizes': 61, 'learning_rate_init': 0.01850765644616028, 'tol': 2.405747848931641e-05, 'validation_fraction': 0.6902041804149266}]
/home/ryedida/.local/lib/python3.8/site-packages/sklearn/neural_network/_multilayer_perceptron.py:621: UserWarning: Got `batch_size` less than 1 or larger than sample size. It is going to be clipped
  warnings.warn(

function_evaluation time 0.258568 value -0.746798 suggestion {'alpha': 3.9685814400988253, 'batch_size': 69, 'beta_1': 0.8399445780161212, 'beta_2': 0.9327776530970517, 'epsilon': 1.4007521571126103e-07, 'hidden_layer_sizes': 61, 'learning_rate_init': 0.01850765644616028, 'tol': 2.405747848931641e-05, 'validation_fraction': 0.6902041804149266}
observation time 0.000004, current best -0.760345 at iter 7
suggestion time taken 16.016798 iter 8 next_points [{'alpha': 0.04955146925117625, 'batch_size': 28, 'beta_1': 0.9321999904253332, 'beta_2': 0.9982367529771452, 'epsilon': 7.509773077207119e-09, 'hidden_layer_sizes': 179, 'learning_rate_init': 0.008038620362188978, 'tol': 7.891869029170137e-05, 'validation_fraction': 0.13153584403448818}]
function_evaluation time 0.395169 value -0.887192 suggestion {'alpha': 0.04955146925117625, 'batch_size': 28, 'beta_1': 0.9321999904253332, 'beta_2': 0.9982367529771452, 'epsilon': 7.509773077207119e-09, 'hidden_layer_sizes': 179, 'learning_rate_init': 0.008038620362188978, 'tol': 7.891869029170137e-05, 'validation_fraction': 0.13153584403448818}
observation time 0.000003, current best -0.887192 at iter 8
suggestion time taken 15.956381 iter 9 next_points [{'alpha': 2.0232689731345177, 'batch_size': 15, 'beta_1': 0.5109824084370075, 'beta_2': 0.9999985586965329, 'epsilon': 2.9842450241417234e-07, 'hidden_layer_sizes': 61, 'learning_rate_init': 3.183865801857846e-05, 'tol': 0.00034554156759136566, 'validation_fraction': 0.8814895138888539}]
function_evaluation time 0.073406 value -0.302709 suggestion {'alpha': 2.0232689731345177, 'batch_size': 15, 'beta_1': 0.5109824084370075, 'beta_2': 0.9999985586965329, 'epsilon': 2.9842450241417234e-07, 'hidden_layer_sizes': 61, 'learning_rate_init': 3.183865801857846e-05, 'tol': 0.00034554156759136566, 'validation_fraction': 0.8814895138888539}
observation time 0.000003, current best -0.887192 at iter 9
suggestion time taken 15.757103 iter 10 next_points [{'alpha': 0.0002781577054198837, 'batch_size': 130, 'beta_1': 0.9526848579528592, 'beta_2': 0.9999636298032298, 'epsilon': 1.1836317731450833e-08, 'hidden_layer_sizes': 142, 'learning_rate_init': 0.002167594794517603, 'tol': 0.0032810382873855923, 'validation_fraction': 0.2054882984273682}]
/home/ryedida/.local/lib/python3.8/site-packages/sklearn/neural_network/_multilayer_perceptron.py:621: UserWarning: Got `batch_size` less than 1 or larger than sample size. It is going to be clipped
  warnings.warn(

function_evaluation time 0.148494 value -0.586207 suggestion {'alpha': 0.0002781577054198837, 'batch_size': 130, 'beta_1': 0.9526848579528592, 'beta_2': 0.9999636298032298, 'epsilon': 1.1836317731450833e-08, 'hidden_layer_sizes': 142, 'learning_rate_init': 0.002167594794517603, 'tol': 0.0032810382873855923, 'validation_fraction': 0.2054882984273682}
observation time 0.000004, current best -0.887192 at iter 10
suggestion time taken 16.277825 iter 11 next_points [{'alpha': 0.011476478622428695, 'batch_size': 141, 'beta_1': 0.911127863174216, 'beta_2': 0.9999973306353408, 'epsilon': 9.334986433218341e-08, 'hidden_layer_sizes': 95, 'learning_rate_init': 0.00939610463640315, 'tol': 0.01428237590201833, 'validation_fraction': 0.17781433661973392}]
/home/ryedida/.local/lib/python3.8/site-packages/sklearn/neural_network/_multilayer_perceptron.py:621: UserWarning: Got `batch_size` less than 1 or larger than sample size. It is going to be clipped
  warnings.warn(

function_evaluation time 0.152290 value -0.577340 suggestion {'alpha': 0.011476478622428695, 'batch_size': 141, 'beta_1': 0.911127863174216, 'beta_2': 0.9999973306353408, 'epsilon': 9.334986433218341e-08, 'hidden_layer_sizes': 95, 'learning_rate_init': 0.00939610463640315, 'tol': 0.01428237590201833, 'validation_fraction': 0.17781433661973392}
observation time 0.000004, current best -0.887192 at iter 11
suggestion time taken 16.254036 iter 12 next_points [{'alpha': 0.6744835775563803, 'batch_size': 69, 'beta_1': 0.9810286818838532, 'beta_2': 0.9984158235040422, 'epsilon': 1.0899689746296654e-09, 'hidden_layer_sizes': 66, 'learning_rate_init': 0.012876272746539482, 'tol': 1.1494615943370019e-05, 'validation_fraction': 0.5009490157324613}]
function_evaluation time 0.130175 value -0.569951 suggestion {'alpha': 0.6744835775563803, 'batch_size': 69, 'beta_1': 0.9810286818838532, 'beta_2': 0.9984158235040422, 'epsilon': 1.0899689746296654e-09, 'hidden_layer_sizes': 66, 'learning_rate_init': 0.012876272746539482, 'tol': 1.1494615943370019e-05, 'validation_fraction': 0.5009490157324613}
observation time 0.000003, current best -0.887192 at iter 12
suggestion time taken 16.454858 iter 13 next_points [{'alpha': 6.317156185297271, 'batch_size': 70, 'beta_1': 0.9808879747629831, 'beta_2': 0.9915104011326675, 'epsilon': 2.2571833020818412e-07, 'hidden_layer_sizes': 125, 'learning_rate_init': 0.002213423760529557, 'tol': 0.030999619534498993, 'validation_fraction': 0.34662059844703536}]
function_evaluation time 0.186607 value -0.536946 suggestion {'alpha': 6.317156185297271, 'batch_size': 70, 'beta_1': 0.9808879747629831, 'beta_2': 0.9915104011326675, 'epsilon': 2.2571833020818412e-07, 'hidden_layer_sizes': 125, 'learning_rate_init': 0.002213423760529557, 'tol': 0.030999619534498993, 'validation_fraction': 0.34662059844703536}
observation time 0.000003, current best -0.887192 at iter 13
suggestion time taken 15.632398 iter 14 next_points [{'alpha': 0.0250580097314425, 'batch_size': 47, 'beta_1': 0.8344773063790971, 'beta_2': 0.9999589752491957, 'epsilon': 7.246881461526604e-08, 'hidden_layer_sizes': 150, 'learning_rate_init': 0.008096869099995328, 'tol': 1.899695954025503e-05, 'validation_fraction': 0.7343998833608734}]
/home/ryedida/.local/lib/python3.8/site-packages/sklearn/neural_network/_multilayer_perceptron.py:621: UserWarning: Got `batch_size` less than 1 or larger than sample size. It is going to be clipped
  warnings.warn(

function_evaluation time 0.165615 value -0.662069 suggestion {'alpha': 0.0250580097314425, 'batch_size': 47, 'beta_1': 0.8344773063790971, 'beta_2': 0.9999589752491957, 'epsilon': 7.246881461526604e-08, 'hidden_layer_sizes': 150, 'learning_rate_init': 0.008096869099995328, 'tol': 1.899695954025503e-05, 'validation_fraction': 0.7343998833608734}
observation time 0.000003, current best -0.887192 at iter 14
suggestion time taken 16.355665 iter 15 next_points [{'alpha': 0.03470134318840834, 'batch_size': 140, 'beta_1': 0.9633446456197041, 'beta_2': 0.9998301045812954, 'epsilon': 8.463857725061486e-09, 'hidden_layer_sizes': 123, 'learning_rate_init': 2.3958281319485803e-05, 'tol': 0.015011932428015174, 'validation_fraction': 0.14810206941008705}]
/home/ryedida/.local/lib/python3.8/site-packages/sklearn/neural_network/_multilayer_perceptron.py:621: UserWarning: Got `batch_size` less than 1 or larger than sample size. It is going to be clipped
  warnings.warn(

function_evaluation time 0.107171 value -0.380542 suggestion {'alpha': 0.03470134318840834, 'batch_size': 140, 'beta_1': 0.9633446456197041, 'beta_2': 0.9998301045812954, 'epsilon': 8.463857725061486e-09, 'hidden_layer_sizes': 123, 'learning_rate_init': 2.3958281319485803e-05, 'tol': 0.015011932428015174, 'validation_fraction': 0.14810206941008705}
observation time 0.000003, current best -0.887192 at iter 15
suggestion time taken 15.641462 iter 16 next_points [{'alpha': 0.6698073655006493, 'batch_size': 140, 'beta_1': 0.5619268982086574, 'beta_2': 0.9999719048847278, 'epsilon': 1.2012780428481245e-09, 'hidden_layer_sizes': 88, 'learning_rate_init': 0.0001157816139325986, 'tol': 0.002078382350146997, 'validation_fraction': 0.8439682661704933}]
/home/ryedida/.local/lib/python3.8/site-packages/sklearn/neural_network/_multilayer_perceptron.py:621: UserWarning: Got `batch_size` less than 1 or larger than sample size. It is going to be clipped
  warnings.warn(

function_evaluation time 0.072321 value -0.337931 suggestion {'alpha': 0.6698073655006493, 'batch_size': 140, 'beta_1': 0.5619268982086574, 'beta_2': 0.9999719048847278, 'epsilon': 1.2012780428481245e-09, 'hidden_layer_sizes': 88, 'learning_rate_init': 0.0001157816139325986, 'tol': 0.002078382350146997, 'validation_fraction': 0.8439682661704933}
observation time 0.000004, current best -0.887192 at iter 16
suggestion time taken 16.348134 iter 17 next_points [{'alpha': 2.8364207947773196e-05, 'batch_size': 140, 'beta_1': 0.8214394813556628, 'beta_2': 0.9999985354479499, 'epsilon': 1.0563792538034292e-09, 'hidden_layer_sizes': 165, 'learning_rate_init': 0.0018478419641947833, 'tol': 0.00023977085666398548, 'validation_fraction': 0.21424959081937803}]
/home/ryedida/.local/lib/python3.8/site-packages/sklearn/neural_network/_multilayer_perceptron.py:621: UserWarning: Got `batch_size` less than 1 or larger than sample size. It is going to be clipped
  warnings.warn(

function_evaluation time 0.190981 value -0.599507 suggestion {'alpha': 2.8364207947773196e-05, 'batch_size': 140, 'beta_1': 0.8214394813556628, 'beta_2': 0.9999985354479499, 'epsilon': 1.0563792538034292e-09, 'hidden_layer_sizes': 165, 'learning_rate_init': 0.0018478419641947833, 'tol': 0.00023977085666398548, 'validation_fraction': 0.21424959081937803}
observation time 0.000003, current best -0.887192 at iter 17
suggestion time taken 15.552165 iter 18 next_points [{'alpha': 0.04216112284088292, 'batch_size': 47, 'beta_1': 0.9467317804031764, 'beta_2': 0.979756050235475, 'epsilon': 5.176119376909646e-07, 'hidden_layer_sizes': 63, 'learning_rate_init': 0.0002641955428866015, 'tol': 0.00253896166316088, 'validation_fraction': 0.8078496810296212}]
/home/ryedida/.local/lib/python3.8/site-packages/sklearn/neural_network/_multilayer_perceptron.py:621: UserWarning: Got `batch_size` less than 1 or larger than sample size. It is going to be clipped
  warnings.warn(

function_evaluation time 0.083785 value -0.344089 suggestion {'alpha': 0.04216112284088292, 'batch_size': 47, 'beta_1': 0.9467317804031764, 'beta_2': 0.979756050235475, 'epsilon': 5.176119376909646e-07, 'hidden_layer_sizes': 63, 'learning_rate_init': 0.0002641955428866015, 'tol': 0.00253896166316088, 'validation_fraction': 0.8078496810296212}
observation time 0.000003, current best -0.887192 at iter 18
suggestion time taken 16.305661 iter 19 next_points [{'alpha': 0.011702743809833015, 'batch_size': 10, 'beta_1': 0.9757111071437389, 'beta_2': 0.9999814914830889, 'epsilon': 4.576600198438043e-07, 'hidden_layer_sizes': 177, 'learning_rate_init': 2.0538381158558846e-05, 'tol': 0.002763462894241179, 'validation_fraction': 0.728006211300351}]
function_evaluation time 0.182124 value -0.387438 suggestion {'alpha': 0.011702743809833015, 'batch_size': 10, 'beta_1': 0.9757111071437389, 'beta_2': 0.9999814914830889, 'epsilon': 4.576600198438043e-07, 'hidden_layer_sizes': 177, 'learning_rate_init': 2.0538381158558846e-05, 'tol': 0.002763462894241179, 'validation_fraction': 0.728006211300351}
observation time 0.000003, current best -0.887192 at iter 19
suggestion time taken 17.058769 iter 20 next_points [{'alpha': 0.7321799066864654, 'batch_size': 20, 'beta_1': 0.9203977192264375, 'beta_2': 0.9964085129332009, 'epsilon': 1.7301842913259161e-07, 'hidden_layer_sizes': 112, 'learning_rate_init': 0.03353950987079812, 'tol': 0.000532716505165475, 'validation_fraction': 0.6791482421500622}]
function_evaluation time 0.335175 value -0.845320 suggestion {'alpha': 0.7321799066864654, 'batch_size': 20, 'beta_1': 0.9203977192264375, 'beta_2': 0.9964085129332009, 'epsilon': 1.7301842913259161e-07, 'hidden_layer_sizes': 112, 'learning_rate_init': 0.03353950987079812, 'tol': 0.000532716505165475, 'validation_fraction': 0.6791482421500622}
observation time 0.000004, current best -0.887192 at iter 20
suggestion time taken 15.817045 iter 21 next_points [{'alpha': 5.611234052690966e-05, 'batch_size': 141, 'beta_1': 0.9682007922156495, 'beta_2': 0.9994543574851686, 'epsilon': 2.1220569619769104e-08, 'hidden_layer_sizes': 92, 'learning_rate_init': 0.0011567554349202799, 'tol': 0.07086629978784109, 'validation_fraction': 0.36752892559862466}]
/home/ryedida/.local/lib/python3.8/site-packages/sklearn/neural_network/_multilayer_perceptron.py:621: UserWarning: Got `batch_size` less than 1 or larger than sample size. It is going to be clipped
  warnings.warn(

function_evaluation time 0.097294 value -0.422167 suggestion {'alpha': 5.611234052690966e-05, 'batch_size': 141, 'beta_1': 0.9682007922156495, 'beta_2': 0.9994543574851686, 'epsilon': 2.1220569619769104e-08, 'hidden_layer_sizes': 92, 'learning_rate_init': 0.0011567554349202799, 'tol': 0.07086629978784109, 'validation_fraction': 0.36752892559862466}
observation time 0.000003, current best -0.887192 at iter 21
suggestion time taken 16.251804 iter 22 next_points [{'alpha': 0.003973591916532991, 'batch_size': 10, 'beta_1': 0.8024915406550517, 'beta_2': 0.9999969695349227, 'epsilon': 7.791331905421153e-09, 'hidden_layer_sizes': 177, 'learning_rate_init': 0.010705379244308382, 'tol': 5.7334123020902286e-05, 'validation_fraction': 0.12033558204269086}]
function_evaluation time 0.719143 value -0.767241 suggestion {'alpha': 0.003973591916532991, 'batch_size': 10, 'beta_1': 0.8024915406550517, 'beta_2': 0.9999969695349227, 'epsilon': 7.791331905421153e-09, 'hidden_layer_sizes': 177, 'learning_rate_init': 0.010705379244308382, 'tol': 5.7334123020902286e-05, 'validation_fraction': 0.12033558204269086}
observation time 0.000003, current best -0.887192 at iter 22
suggestion time taken 15.767026 iter 23 next_points [{'alpha': 0.08521369875846344, 'batch_size': 22, 'beta_1': 0.9821993484066411, 'beta_2': 0.9636164653285028, 'epsilon': 4.593002927675346e-09, 'hidden_layer_sizes': 187, 'learning_rate_init': 0.011231151864546911, 'tol': 4.312870864504823e-05, 'validation_fraction': 0.5461060262678196}]
function_evaluation time 0.328750 value -0.753202 suggestion {'alpha': 0.08521369875846344, 'batch_size': 22, 'beta_1': 0.9821993484066411, 'beta_2': 0.9636164653285028, 'epsilon': 4.593002927675346e-09, 'hidden_layer_sizes': 187, 'learning_rate_init': 0.011231151864546911, 'tol': 4.312870864504823e-05, 'validation_fraction': 0.5461060262678196}
observation time 0.000004, current best -0.887192 at iter 23
suggestion time taken 16.349365 iter 24 next_points [{'alpha': 0.022607640416998188, 'batch_size': 67, 'beta_1': 0.7880681950713694, 'beta_2': 0.9886867153161643, 'epsilon': 1.2582037670970337e-07, 'hidden_layer_sizes': 116, 'learning_rate_init': 0.0420427217142134, 'tol': 0.0016505957999184346, 'validation_fraction': 0.8994331962372221}]
/home/ryedida/.local/lib/python3.8/site-packages/sklearn/neural_network/_multilayer_perceptron.py:621: UserWarning: Got `batch_size` less than 1 or larger than sample size. It is going to be clipped
  warnings.warn(

function_evaluation time 0.217732 value -0.739655 suggestion {'alpha': 0.022607640416998188, 'batch_size': 67, 'beta_1': 0.7880681950713694, 'beta_2': 0.9886867153161643, 'epsilon': 1.2582037670970337e-07, 'hidden_layer_sizes': 116, 'learning_rate_init': 0.0420427217142134, 'tol': 0.0016505957999184346, 'validation_fraction': 0.8994331962372221}
observation time 0.000004, current best -0.887192 at iter 24
suggestion time taken 15.579039 iter 25 next_points [{'alpha': 0.09003294907691596, 'batch_size': 141, 'beta_1': 0.8920550045531214, 'beta_2': 0.9151736647596037, 'epsilon': 2.2503528990192128e-07, 'hidden_layer_sizes': 81, 'learning_rate_init': 9.894845719476222e-05, 'tol': 0.024129435911942006, 'validation_fraction': 0.3180657575692302}]
/home/ryedida/.local/lib/python3.8/site-packages/sklearn/neural_network/_multilayer_perceptron.py:621: UserWarning: Got `batch_size` less than 1 or larger than sample size. It is going to be clipped
  warnings.warn(

function_evaluation time 0.095762 value -0.400985 suggestion {'alpha': 0.09003294907691596, 'batch_size': 141, 'beta_1': 0.8920550045531214, 'beta_2': 0.9151736647596037, 'epsilon': 2.2503528990192128e-07, 'hidden_layer_sizes': 81, 'learning_rate_init': 9.894845719476222e-05, 'tol': 0.024129435911942006, 'validation_fraction': 0.3180657575692302}
observation time 0.000003, current best -0.887192 at iter 25
suggestion time taken 16.197806 iter 26 next_points [{'alpha': 1.8526564043187408, 'batch_size': 20, 'beta_1': 0.6712505498120224, 'beta_2': 0.9999986167416299, 'epsilon': 1.9964884964609333e-07, 'hidden_layer_sizes': 174, 'learning_rate_init': 0.00011059606744106225, 'tol': 0.0005420489874170807, 'validation_fraction': 0.1304348604587005}]
function_evaluation time 0.414129 value -0.450493 suggestion {'alpha': 1.8526564043187408, 'batch_size': 20, 'beta_1': 0.6712505498120224, 'beta_2': 0.9999986167416299, 'epsilon': 1.9964884964609333e-07, 'hidden_layer_sizes': 174, 'learning_rate_init': 0.00011059606744106225, 'tol': 0.0005420489874170807, 'validation_fraction': 0.1304348604587005}
observation time 0.000003, current best -0.887192 at iter 26
suggestion time taken 15.904716 iter 27 next_points [{'alpha': 0.17222521204301733, 'batch_size': 137, 'beta_1': 0.8130259512610174, 'beta_2': 0.9979015155643128, 'epsilon': 2.1407759390161297e-09, 'hidden_layer_sizes': 132, 'learning_rate_init': 0.013085205909509092, 'tol': 2.7556293859171702e-05, 'validation_fraction': 0.13151011531508489}]
/home/ryedida/.local/lib/python3.8/site-packages/sklearn/neural_network/_multilayer_perceptron.py:621: UserWarning: Got `batch_size` less than 1 or larger than sample size. It is going to be clipped
  warnings.warn(

function_evaluation time 0.219827 value -0.724384 suggestion {'alpha': 0.17222521204301733, 'batch_size': 137, 'beta_1': 0.8130259512610174, 'beta_2': 0.9979015155643128, 'epsilon': 2.1407759390161297e-09, 'hidden_layer_sizes': 132, 'learning_rate_init': 0.013085205909509092, 'tol': 2.7556293859171702e-05, 'validation_fraction': 0.13151011531508489}
observation time 0.000003, current best -0.887192 at iter 27
suggestion time taken 16.321853 iter 28 next_points [{'alpha': 0.00020669877343358707, 'batch_size': 23, 'beta_1': 0.9392451331982462, 'beta_2': 0.9999924801403881, 'epsilon': 1.406753705827431e-09, 'hidden_layer_sizes': 172, 'learning_rate_init': 2.3952244256350738e-05, 'tol': 0.04401276345698683, 'validation_fraction': 0.36854099986646266}]
function_evaluation time 0.168997 value -0.394335 suggestion {'alpha': 0.00020669877343358707, 'batch_size': 23, 'beta_1': 0.9392451331982462, 'beta_2': 0.9999924801403881, 'epsilon': 1.406753705827431e-09, 'hidden_layer_sizes': 172, 'learning_rate_init': 2.3952244256350738e-05, 'tol': 0.04401276345698683, 'validation_fraction': 0.36854099986646266}
observation time 0.000003, current best -0.887192 at iter 28
suggestion time taken 15.811016 iter 29 next_points [{'alpha': 2.2152412813924792e-05, 'batch_size': 17, 'beta_1': 0.5594242571652506, 'beta_2': 0.9980141578641012, 'epsilon': 9.53198967032048e-07, 'hidden_layer_sizes': 194, 'learning_rate_init': 0.0055117819386266195, 'tol': 1.2381707876632823e-05, 'validation_fraction': 0.8822917208117477}]
/home/ryedida/.local/lib/python3.8/site-packages/sklearn/neural_network/_multilayer_perceptron.py:621: UserWarning: Got `batch_size` less than 1 or larger than sample size. It is going to be clipped
  warnings.warn(

function_evaluation time 0.171009 value -0.500493 suggestion {'alpha': 2.2152412813924792e-05, 'batch_size': 17, 'beta_1': 0.5594242571652506, 'beta_2': 0.9980141578641012, 'epsilon': 9.53198967032048e-07, 'hidden_layer_sizes': 194, 'learning_rate_init': 0.0055117819386266195, 'tol': 1.2381707876632823e-05, 'validation_fraction': 0.8822917208117477}
observation time 0.000005, current best -0.887192 at iter 29
suggestion time taken 16.361973 iter 30 next_points [{'alpha': 0.00016445818048019316, 'batch_size': 23, 'beta_1': 0.9423442845140373, 'beta_2': 0.982190083642155, 'epsilon': 2.3391571864856788e-08, 'hidden_layer_sizes': 180, 'learning_rate_init': 9.286837554566159e-05, 'tol': 0.0023003750628548462, 'validation_fraction': 0.21847824093747753}]
function_evaluation time 0.233528 value -0.499015 suggestion {'alpha': 0.00016445818048019316, 'batch_size': 23, 'beta_1': 0.9423442845140373, 'beta_2': 0.982190083642155, 'epsilon': 2.3391571864856788e-08, 'hidden_layer_sizes': 180, 'learning_rate_init': 9.286837554566159e-05, 'tol': 0.0023003750628548462, 'validation_fraction': 0.21847824093747753}
observation time 0.000004, current best -0.887192 at iter 30
suggestion time taken 15.969058 iter 31 next_points [{'alpha': 0.00021596818524174003, 'batch_size': 28, 'beta_1': 0.5504306885350475, 'beta_2': 0.9998960160858207, 'epsilon': 1.4222491102025336e-09, 'hidden_layer_sizes': 154, 'learning_rate_init': 0.0005316180551665704, 'tol': 0.00047063738697268576, 'validation_fraction': 0.4787607137188628}]
function_evaluation time 0.340298 value -0.576355 suggestion {'alpha': 0.00021596818524174003, 'batch_size': 28, 'beta_1': 0.5504306885350475, 'beta_2': 0.9998960160858207, 'epsilon': 1.4222491102025336e-09, 'hidden_layer_sizes': 154, 'learning_rate_init': 0.0005316180551665704, 'tol': 0.00047063738697268576, 'validation_fraction': 0.4787607137188628}
observation time 0.000003, current best -0.887192 at iter 31
suggestion time taken 15.691780 iter 32 next_points [{'alpha': 0.24668091825982572, 'batch_size': 28, 'beta_1': 0.8843506198068745, 'beta_2': 0.9999946912234448, 'epsilon': 1.6057582434268882e-07, 'hidden_layer_sizes': 137, 'learning_rate_init': 0.003253551749969023, 'tol': 0.03212469861017989, 'validation_fraction': 0.37727119232190154}]
function_evaluation time 0.272525 value -0.802709 suggestion {'alpha': 0.24668091825982572, 'batch_size': 28, 'beta_1': 0.8843506198068745, 'beta_2': 0.9999946912234448, 'epsilon': 1.6057582434268882e-07, 'hidden_layer_sizes': 137, 'learning_rate_init': 0.003253551749969023, 'tol': 0.03212469861017989, 'validation_fraction': 0.37727119232190154}
observation time 0.000003, current best -0.887192 at iter 32
suggestion time taken 16.648744 iter 33 next_points [{'alpha': 0.0003114284461065668, 'batch_size': 14, 'beta_1': 0.7596601695747982, 'beta_2': 0.9999880782301613, 'epsilon': 3.472217439141195e-08, 'hidden_layer_sizes': 153, 'learning_rate_init': 0.005091626232421781, 'tol': 0.00019639320570154152, 'validation_fraction': 0.6029149716139253}]
function_evaluation time 0.327356 value -0.761084 suggestion {'alpha': 0.0003114284461065668, 'batch_size': 14, 'beta_1': 0.7596601695747982, 'beta_2': 0.9999880782301613, 'epsilon': 3.472217439141195e-08, 'hidden_layer_sizes': 153, 'learning_rate_init': 0.005091626232421781, 'tol': 0.00019639320570154152, 'validation_fraction': 0.6029149716139253}
observation time 0.000003, current best -0.887192 at iter 33
suggestion time taken 15.675309 iter 34 next_points [{'alpha': 0.0006147082397483367, 'batch_size': 140, 'beta_1': 0.5655671031032802, 'beta_2': 0.9999282434737912, 'epsilon': 3.395837321216079e-07, 'hidden_layer_sizes': 106, 'learning_rate_init': 5.110298381868069e-05, 'tol': 4.583962906437861e-05, 'validation_fraction': 0.1023194788981404}]
/home/ryedida/.local/lib/python3.8/site-packages/sklearn/neural_network/_multilayer_perceptron.py:621: UserWarning: Got `batch_size` less than 1 or larger than sample size. It is going to be clipped
  warnings.warn(

function_evaluation time 0.086740 value -0.338424 suggestion {'alpha': 0.0006147082397483367, 'batch_size': 140, 'beta_1': 0.5655671031032802, 'beta_2': 0.9999282434737912, 'epsilon': 3.395837321216079e-07, 'hidden_layer_sizes': 106, 'learning_rate_init': 5.110298381868069e-05, 'tol': 4.583962906437861e-05, 'validation_fraction': 0.1023194788981404}
observation time 0.000003, current best -0.887192 at iter 34
suggestion time taken 16.792633 iter 35 next_points [{'alpha': 7.584457871292226e-05, 'batch_size': 35, 'beta_1': 0.531631954464733, 'beta_2': 0.9890710338867111, 'epsilon': 2.427687911390248e-09, 'hidden_layer_sizes': 63, 'learning_rate_init': 0.0009294410955815534, 'tol': 0.003587122876906212, 'validation_fraction': 0.2879508871408359}]
function_evaluation time 0.267158 value -0.625369 suggestion {'alpha': 7.584457871292226e-05, 'batch_size': 35, 'beta_1': 0.531631954464733, 'beta_2': 0.9890710338867111, 'epsilon': 2.427687911390248e-09, 'hidden_layer_sizes': 63, 'learning_rate_init': 0.0009294410955815534, 'tol': 0.003587122876906212, 'validation_fraction': 0.2879508871408359}
observation time 0.000003, current best -0.887192 at iter 35
suggestion time taken 15.991720 iter 36 next_points [{'alpha': 0.036303076999088066, 'batch_size': 68, 'beta_1': 0.9441310336374608, 'beta_2': 0.9539923166697889, 'epsilon': 1.461571848312337e-07, 'hidden_layer_sizes': 146, 'learning_rate_init': 0.005275936046104305, 'tol': 0.013617601325991447, 'validation_fraction': 0.6207530717083072}]
/home/ryedida/.local/lib/python3.8/site-packages/sklearn/neural_network/_multilayer_perceptron.py:621: UserWarning: Got `batch_size` less than 1 or larger than sample size. It is going to be clipped
  warnings.warn(

function_evaluation time 0.204561 value -0.667980 suggestion {'alpha': 0.036303076999088066, 'batch_size': 68, 'beta_1': 0.9441310336374608, 'beta_2': 0.9539923166697889, 'epsilon': 1.461571848312337e-07, 'hidden_layer_sizes': 146, 'learning_rate_init': 0.005275936046104305, 'tol': 0.013617601325991447, 'validation_fraction': 0.6207530717083072}
observation time 0.000004, current best -0.887192 at iter 36
suggestion time taken 16.470407 iter 37 next_points [{'alpha': 0.08688320020202514, 'batch_size': 138, 'beta_1': 0.9397465694882623, 'beta_2': 0.929740740325536, 'epsilon': 1.6364623901699832e-09, 'hidden_layer_sizes': 65, 'learning_rate_init': 0.0006946284340622636, 'tol': 0.055867442757262534, 'validation_fraction': 0.4863221847270785}]
/home/ryedida/.local/lib/python3.8/site-packages/sklearn/neural_network/_multilayer_perceptron.py:621: UserWarning: Got `batch_size` less than 1 or larger than sample size. It is going to be clipped
  warnings.warn(

function_evaluation time 0.074112 value -0.288670 suggestion {'alpha': 0.08688320020202514, 'batch_size': 138, 'beta_1': 0.9397465694882623, 'beta_2': 0.929740740325536, 'epsilon': 1.6364623901699832e-09, 'hidden_layer_sizes': 65, 'learning_rate_init': 0.0006946284340622636, 'tol': 0.055867442757262534, 'validation_fraction': 0.4863221847270785}
observation time 0.000004, current best -0.887192 at iter 37
suggestion time taken 15.921435 iter 38 next_points [{'alpha': 6.050757949422752e-05, 'batch_size': 14, 'beta_1': 0.9591228677573537, 'beta_2': 0.999807163912515, 'epsilon': 2.467339086406537e-07, 'hidden_layer_sizes': 127, 'learning_rate_init': 0.0002891682816257352, 'tol': 0.06136305067873648, 'validation_fraction': 0.3660909091350841}]
function_evaluation time 0.297158 value -0.543350 suggestion {'alpha': 6.050757949422752e-05, 'batch_size': 14, 'beta_1': 0.9591228677573537, 'beta_2': 0.999807163912515, 'epsilon': 2.467339086406537e-07, 'hidden_layer_sizes': 127, 'learning_rate_init': 0.0002891682816257352, 'tol': 0.06136305067873648, 'validation_fraction': 0.3660909091350841}
observation time 0.000003, current best -0.887192 at iter 38
suggestion time taken 16.253421 iter 39 next_points [{'alpha': 0.0823119380392614, 'batch_size': 47, 'beta_1': 0.987023715194712, 'beta_2': 0.9908415038011809, 'epsilon': 2.680353094645316e-07, 'hidden_layer_sizes': 197, 'learning_rate_init': 3.208811684250944e-05, 'tol': 4.70917669730465e-05, 'validation_fraction': 0.3899664410308697}]
function_evaluation time 0.130374 value -0.304187 suggestion {'alpha': 0.0823119380392614, 'batch_size': 47, 'beta_1': 0.987023715194712, 'beta_2': 0.9908415038011809, 'epsilon': 2.680353094645316e-07, 'hidden_layer_sizes': 197, 'learning_rate_init': 3.208811684250944e-05, 'tol': 4.70917669730465e-05, 'validation_fraction': 0.3899664410308697}
observation time 0.000003, current best -0.887192 at iter 39
suggestion time taken 16.172412 iter 40 next_points [{'alpha': 6.0059557490788724e-05, 'batch_size': 47, 'beta_1': 0.8706648404153025, 'beta_2': 0.9996342752953212, 'epsilon': 7.085844254521016e-07, 'hidden_layer_sizes': 71, 'learning_rate_init': 0.02447448447396772, 'tol': 0.09255217328005459, 'validation_fraction': 0.2198710229860406}]
function_evaluation time 0.172414 value -0.683744 suggestion {'alpha': 6.0059557490788724e-05, 'batch_size': 47, 'beta_1': 0.8706648404153025, 'beta_2': 0.9996342752953212, 'epsilon': 7.085844254521016e-07, 'hidden_layer_sizes': 71, 'learning_rate_init': 0.02447448447396772, 'tol': 0.09255217328005459, 'validation_fraction': 0.2198710229860406}
observation time 0.000004, current best -0.887192 at iter 40
suggestion time taken 15.801367 iter 41 next_points [{'alpha': 0.06639856057650213, 'batch_size': 28, 'beta_1': 0.974379251053918, 'beta_2': 0.9999984241318638, 'epsilon': 2.2740998935949157e-07, 'hidden_layer_sizes': 117, 'learning_rate_init': 0.0003072222322830992, 'tol': 0.016493676786633014, 'validation_fraction': 0.1587440888596348}]
function_evaluation time 0.316109 value -0.516256 suggestion {'alpha': 0.06639856057650213, 'batch_size': 28, 'beta_1': 0.974379251053918, 'beta_2': 0.9999984241318638, 'epsilon': 2.2740998935949157e-07, 'hidden_layer_sizes': 117, 'learning_rate_init': 0.0003072222322830992, 'tol': 0.016493676786633014, 'validation_fraction': 0.1587440888596348}
observation time 0.000003, current best -0.887192 at iter 41
suggestion time taken 16.644243 iter 42 next_points [{'alpha': 2.123980077391671e-05, 'batch_size': 46, 'beta_1': 0.9072813385583803, 'beta_2': 0.9993418195987089, 'epsilon': 6.277997031016453e-07, 'hidden_layer_sizes': 97, 'learning_rate_init': 0.0013185955124207268, 'tol': 0.0014028297514448403, 'validation_fraction': 0.5734940669542516}]
function_evaluation time 0.154979 value -0.464778 suggestion {'alpha': 2.123980077391671e-05, 'batch_size': 46, 'beta_1': 0.9072813385583803, 'beta_2': 0.9993418195987089, 'epsilon': 6.277997031016453e-07, 'hidden_layer_sizes': 97, 'learning_rate_init': 0.0013185955124207268, 'tol': 0.0014028297514448403, 'validation_fraction': 0.5734940669542516}
observation time 0.000004, current best -0.887192 at iter 42
suggestion time taken 15.912388 iter 43 next_points [{'alpha': 4.8849393619219134e-05, 'batch_size': 69, 'beta_1': 0.5352903541511885, 'beta_2': 0.9999865834902983, 'epsilon': 4.861801630066928e-08, 'hidden_layer_sizes': 175, 'learning_rate_init': 1.659496785266176e-05, 'tol': 0.002154761005935086, 'validation_fraction': 0.10860724918038943}]
function_evaluation time 0.122169 value -0.316995 suggestion {'alpha': 4.8849393619219134e-05, 'batch_size': 69, 'beta_1': 0.5352903541511885, 'beta_2': 0.9999865834902983, 'epsilon': 4.861801630066928e-08, 'hidden_layer_sizes': 175, 'learning_rate_init': 1.659496785266176e-05, 'tol': 0.002154761005935086, 'validation_fraction': 0.10860724918038943}
observation time 0.000003, current best -0.887192 at iter 43
suggestion time taken 15.787225 iter 44 next_points [{'alpha': 1.195626556015825, 'batch_size': 47, 'beta_1': 0.981012787088337, 'beta_2': 0.9993746778234168, 'epsilon': 3.573267792291385e-08, 'hidden_layer_sizes': 193, 'learning_rate_init': 0.0013287228785576989, 'tol': 0.03433020291089673, 'validation_fraction': 0.4859599165437075}]
function_evaluation time 0.180171 value -0.578325 suggestion {'alpha': 1.195626556015825, 'batch_size': 47, 'beta_1': 0.981012787088337, 'beta_2': 0.9993746778234168, 'epsilon': 3.573267792291385e-08, 'hidden_layer_sizes': 193, 'learning_rate_init': 0.0013287228785576989, 'tol': 0.03433020291089673, 'validation_fraction': 0.4859599165437075}
observation time 0.000004, current best -0.887192 at iter 44
saving meta data: {'args': {'--uuid': 'a372e383236e51eaa6e521b3ccfe8ad5', '-db-root': '/home/ryedida/bbo_challenge_starter_kit/output', '--opt-root': '/home/ryedida/bbo_challenge_starter_kit/example_submissions', '--data-root': None, '--db': 'run_20231015_053414', '--opt': 'strongcvx', '--data': 'wine', '--classifier': 'MLP-adam', '--metric': 'acc', '--calls': 45, '--suggestions': 1, '--jobs-file': None, '--verbose': False, 'dry_run': False, 'rev': 'a376313', 'opt_rev': 'x.x.x'}, 'signature': ([{'alpha': 0.019628224813442792, 'batch_size': 182, 'beta_1': 0.9410202200271762, 'beta_2': 0.9998021557676793, 'epsilon': 1.8662266976518e-08, 'hidden_layer_sizes': 147, 'learning_rate_init': 0.0005627932047415167, 'tol': 0.03690557729213761, 'validation_fraction': 0.8846827852548593}, {'alpha': 0.001998246739232944, 'batch_size': 200, 'beta_1': 0.919111482530466, 'beta_2': 0.9998488260436156, 'epsilon': 5.981221901152555e-07, 'hidden_layer_sizes': 61, 'learning_rate_init': 2.2310905607443014e-05, 'tol': 1.2046852412030316e-05, 'validation_fraction': 0.8117896445826539}, {'alpha': 0.46659545670218433, 'batch_size': 219, 'beta_1': 0.9889789783750891, 'beta_2': 0.9999896868093284, 'epsilon': 2.4234724484675948e-08, 'hidden_layer_sizes': 167, 'learning_rate_init': 2.972334644335654e-05, 'tol': 0.0036281404040243792, 'validation_fraction': 0.17260651658522078}, {'alpha': 4.656005689076002, 'batch_size': 135, 'beta_1': 0.870503881627747, 'beta_2': 0.9948873266941017, 'epsilon': 2.1023308743480125e-07, 'hidden_layer_sizes': 118, 'learning_rate_init': 0.001878173875716191, 'tol': 1.1889379831773006e-05, 'validation_fraction': 0.6264327093752792}, {'alpha': 0.04705159350400542, 'batch_size': 158, 'beta_1': 0.9870884262730957, 'beta_2': 0.9999596874382349, 'epsilon': 1.1981845126013875e-08, 'hidden_layer_sizes': 116, 'learning_rate_init': 0.006173405204074311, 'tol': 1.7414134181586194e-05, 'validation_fraction': 0.6754299026638921}], [-0.4359605911330049, -0.3169950738916256, -0.3312807881773399, -0.6620689655172413, -0.5017241379310344])}
saving results
saving timing
saving suggest log
done
