running: {'--uuid': 'c5d8749bee9b5b6db0cf58a3459e65da', '-db-root': '/home/ryedida/bbo_challenge_starter_kit/output', '--opt-root': '/home/ryedida/bbo_challenge_starter_kit/example_submissions', '--data-root': None, '--db': 'run_20231015_053414', '--opt': 'strongcvx', '--data': 'wine', '--classifier': 'MLP-adam', '--metric': 'acc', '--calls': 45, '--suggestions': 1, '--jobs-file': None, '--verbose': False, 'dry_run': False, 'rev': 'a376313', 'opt_rev': 'x.x.x'}
cmd: python strongcvx/optimizer.py -c MLP-adam -d wine -o strongcvx -u c5d8749bee9b5b6db0cf58a3459e65da -m acc -n 45 -p 1 -dir /home/ryedida/bbo_challenge_starter_kit/output -b run_20231015_053414
/home/ryedida/.local/lib/python3.8/site-packages/sklearn/neural_network/_multilayer_perceptron.py:621: UserWarning: Got `batch_size` less than 1 or larger than sample size. It is going to be clipped
  warnings.warn(

/home/ryedida/.local/lib/python3.8/site-packages/sklearn/neural_network/_multilayer_perceptron.py:621: UserWarning: Got `batch_size` less than 1 or larger than sample size. It is going to be clipped
  warnings.warn(

/home/ryedida/.local/lib/python3.8/site-packages/sklearn/neural_network/_multilayer_perceptron.py:621: UserWarning: Got `batch_size` less than 1 or larger than sample size. It is going to be clipped
  warnings.warn(

/home/ryedida/.local/lib/python3.8/site-packages/sklearn/neural_network/_multilayer_perceptron.py:621: UserWarning: Got `batch_size` less than 1 or larger than sample size. It is going to be clipped
  warnings.warn(

/home/ryedida/.local/lib/python3.8/site-packages/sklearn/neural_network/_multilayer_perceptron.py:621: UserWarning: Got `batch_size` less than 1 or larger than sample size. It is going to be clipped
  warnings.warn(

computed signature: ([{'alpha': 0.019628224813442792, 'batch_size': 182, 'beta_1': 0.9410202200271762, 'beta_2': 0.9998021557676793, 'epsilon': 1.8662266976518e-08, 'hidden_layer_sizes': 147, 'learning_rate_init': 0.0005627932047415167, 'tol': 0.03690557729213761, 'validation_fraction': 0.8846827852548593}, {'alpha': 0.001998246739232944, 'batch_size': 200, 'beta_1': 0.919111482530466, 'beta_2': 0.9998488260436156, 'epsilon': 5.981221901152555e-07, 'hidden_layer_sizes': 61, 'learning_rate_init': 2.2310905607443014e-05, 'tol': 1.2046852412030316e-05, 'validation_fraction': 0.8117896445826539}, {'alpha': 0.46659545670218433, 'batch_size': 219, 'beta_1': 0.9889789783750891, 'beta_2': 0.9999896868093284, 'epsilon': 2.4234724484675948e-08, 'hidden_layer_sizes': 167, 'learning_rate_init': 2.972334644335654e-05, 'tol': 0.0036281404040243792, 'validation_fraction': 0.17260651658522078}, {'alpha': 4.656005689076002, 'batch_size': 135, 'beta_1': 0.870503881627747, 'beta_2': 0.9948873266941017, 'epsilon': 2.1023308743480125e-07, 'hidden_layer_sizes': 118, 'learning_rate_init': 0.001878173875716191, 'tol': 1.1889379831773006e-05, 'validation_fraction': 0.6264327093752792}, {'alpha': 0.04705159350400542, 'batch_size': 158, 'beta_1': 0.9870884262730957, 'beta_2': 0.9999596874382349, 'epsilon': 1.1981845126013875e-08, 'hidden_layer_sizes': 116, 'learning_rate_init': 0.006173405204074311, 'tol': 1.7414134181586194e-05, 'validation_fraction': 0.6754299026638921}], [-0.4359605911330049, -0.3169950738916256, -0.3312807881773399, -0.6620689655172413, -0.5017241379310344])
/home/ryedida/.local/lib/python3.8/site-packages/bayesmark/experiment.py:470: UserWarning: Baselines not found. Will not log intermediate scores.
  warnings.warn("Baselines not found. Will not log intermediate scores.")

starting sklearn study strongcvx MLP-adam wine acc 45 1
with data root: None
suggestion time taken 15.995963 iter 0 next_points [{'alpha': 0.0006731899077681982, 'batch_size': 14, 'beta_1': 0.9850281142190361, 'beta_2': 0.9927456706889843, 'epsilon': 1.3722609901080759e-08, 'hidden_layer_sizes': 78, 'learning_rate_init': 0.0003535254342379165, 'tol': 7.980593523676104e-05, 'validation_fraction': 0.1646928765108154}]
function_evaluation time 0.364780 value -0.542118 suggestion {'alpha': 0.0006731899077681982, 'batch_size': 14, 'beta_1': 0.9850281142190361, 'beta_2': 0.9927456706889843, 'epsilon': 1.3722609901080759e-08, 'hidden_layer_sizes': 78, 'learning_rate_init': 0.0003535254342379165, 'tol': 7.980593523676104e-05, 'validation_fraction': 0.1646928765108154}
observation time 0.000003, current best -0.542118 at iter 0
suggestion time taken 15.625031 iter 1 next_points [{'alpha': 2.265012595591625e-05, 'batch_size': 141, 'beta_1': 0.9070054405878841, 'beta_2': 0.9999978400947063, 'epsilon': 1.173411294096545e-09, 'hidden_layer_sizes': 83, 'learning_rate_init': 3.601877626786338e-05, 'tol': 0.0007477773387586721, 'validation_fraction': 0.8552279287335272}]
/home/ryedida/.local/lib/python3.8/site-packages/sklearn/neural_network/_multilayer_perceptron.py:621: UserWarning: Got `batch_size` less than 1 or larger than sample size. It is going to be clipped
  warnings.warn(

function_evaluation time 0.076026 value -0.338424 suggestion {'alpha': 2.265012595591625e-05, 'batch_size': 141, 'beta_1': 0.9070054405878841, 'beta_2': 0.9999978400947063, 'epsilon': 1.173411294096545e-09, 'hidden_layer_sizes': 83, 'learning_rate_init': 3.601877626786338e-05, 'tol': 0.0007477773387586721, 'validation_fraction': 0.8552279287335272}
observation time 0.000003, current best -0.542118 at iter 1
suggestion time taken 15.854555 iter 2 next_points [{'alpha': 0.02708239791571058, 'batch_size': 47, 'beta_1': 0.9107341846022606, 'beta_2': 0.999941603065611, 'epsilon': 2.118829517091856e-08, 'hidden_layer_sizes': 167, 'learning_rate_init': 0.008565254261591026, 'tol': 1.149227637499013e-05, 'validation_fraction': 0.8023415066371425}]
/home/ryedida/.local/lib/python3.8/site-packages/sklearn/neural_network/_multilayer_perceptron.py:621: UserWarning: Got `batch_size` less than 1 or larger than sample size. It is going to be clipped
  warnings.warn(

function_evaluation time 0.242006 value -0.746552 suggestion {'alpha': 0.02708239791571058, 'batch_size': 47, 'beta_1': 0.9107341846022606, 'beta_2': 0.999941603065611, 'epsilon': 2.118829517091856e-08, 'hidden_layer_sizes': 167, 'learning_rate_init': 0.008565254261591026, 'tol': 1.149227637499013e-05, 'validation_fraction': 0.8023415066371425}
observation time 0.000004, current best -0.746552 at iter 2
suggestion time taken 15.970215 iter 3 next_points [{'alpha': 0.14909259077695938, 'batch_size': 141, 'beta_1': 0.9344691365036504, 'beta_2': 0.9999989086976501, 'epsilon': 1.8140093250145187e-09, 'hidden_layer_sizes': 94, 'learning_rate_init': 0.06561560238947675, 'tol': 0.00010162435760047561, 'validation_fraction': 0.40231199767815223}]
/home/ryedida/.local/lib/python3.8/site-packages/sklearn/neural_network/_multilayer_perceptron.py:621: UserWarning: Got `batch_size` less than 1 or larger than sample size. It is going to be clipped
  warnings.warn(

function_evaluation time 0.145905 value -0.514778 suggestion {'alpha': 0.14909259077695938, 'batch_size': 141, 'beta_1': 0.9344691365036504, 'beta_2': 0.9999989086976501, 'epsilon': 1.8140093250145187e-09, 'hidden_layer_sizes': 94, 'learning_rate_init': 0.06561560238947675, 'tol': 0.00010162435760047561, 'validation_fraction': 0.40231199767815223}
observation time 0.000003, current best -0.746552 at iter 3
suggestion time taken 15.917232 iter 4 next_points [{'alpha': 0.16145563652126535, 'batch_size': 140, 'beta_1': 0.8784777791903136, 'beta_2': 0.9999964951197662, 'epsilon': 1.0764042628287431e-08, 'hidden_layer_sizes': 73, 'learning_rate_init': 0.021354259349894614, 'tol': 0.09099608007474265, 'validation_fraction': 0.6075869535447388}]
/home/ryedida/.local/lib/python3.8/site-packages/sklearn/neural_network/_multilayer_perceptron.py:621: UserWarning: Got `batch_size` less than 1 or larger than sample size. It is going to be clipped
  warnings.warn(

function_evaluation time 0.097424 value -0.578571 suggestion {'alpha': 0.16145563652126535, 'batch_size': 140, 'beta_1': 0.8784777791903136, 'beta_2': 0.9999964951197662, 'epsilon': 1.0764042628287431e-08, 'hidden_layer_sizes': 73, 'learning_rate_init': 0.021354259349894614, 'tol': 0.09099608007474265, 'validation_fraction': 0.6075869535447388}
observation time 0.000003, current best -0.746552 at iter 4
suggestion time taken 15.592055 iter 5 next_points [{'alpha': 0.0006967531181843496, 'batch_size': 46, 'beta_1': 0.8620281905872013, 'beta_2': 0.9991073240002784, 'epsilon': 2.1399072430364782e-07, 'hidden_layer_sizes': 172, 'learning_rate_init': 0.06772745692118855, 'tol': 5.565152817466668e-05, 'validation_fraction': 0.11202014103683618}]
function_evaluation time 0.172037 value -0.505665 suggestion {'alpha': 0.0006967531181843496, 'batch_size': 46, 'beta_1': 0.8620281905872013, 'beta_2': 0.9991073240002784, 'epsilon': 2.1399072430364782e-07, 'hidden_layer_sizes': 172, 'learning_rate_init': 0.06772745692118855, 'tol': 5.565152817466668e-05, 'validation_fraction': 0.11202014103683618}
observation time 0.000003, current best -0.746552 at iter 5
suggestion time taken 16.099470 iter 6 next_points [{'alpha': 0.007738724797950978, 'batch_size': 20, 'beta_1': 0.988549713337635, 'beta_2': 0.9939246398758613, 'epsilon': 3.555117616471522e-07, 'hidden_layer_sizes': 156, 'learning_rate_init': 1.5022576403069558e-05, 'tol': 0.08930522432462272, 'validation_fraction': 0.20679555235884117}]
function_evaluation time 0.198283 value -0.345074 suggestion {'alpha': 0.007738724797950978, 'batch_size': 20, 'beta_1': 0.988549713337635, 'beta_2': 0.9939246398758613, 'epsilon': 3.555117616471522e-07, 'hidden_layer_sizes': 156, 'learning_rate_init': 1.5022576403069558e-05, 'tol': 0.08930522432462272, 'validation_fraction': 0.20679555235884117}
observation time 0.000003, current best -0.746552 at iter 6
suggestion time taken 15.788790 iter 7 next_points [{'alpha': 0.0049514964078221715, 'batch_size': 12, 'beta_1': 0.7739236982857816, 'beta_2': 0.9999348788293903, 'epsilon': 2.117836628599468e-07, 'hidden_layer_sizes': 88, 'learning_rate_init': 0.021236868680517378, 'tol': 2.0989098287129668e-05, 'validation_fraction': 0.131096891178063}]
function_evaluation time 0.451478 value -0.790640 suggestion {'alpha': 0.0049514964078221715, 'batch_size': 12, 'beta_1': 0.7739236982857816, 'beta_2': 0.9999348788293903, 'epsilon': 2.117836628599468e-07, 'hidden_layer_sizes': 88, 'learning_rate_init': 0.021236868680517378, 'tol': 2.0989098287129668e-05, 'validation_fraction': 0.131096891178063}
observation time 0.000003, current best -0.790640 at iter 7
suggestion time taken 16.129232 iter 8 next_points [{'alpha': 0.010587397929502463, 'batch_size': 46, 'beta_1': 0.9436676804677888, 'beta_2': 0.9352260400065052, 'epsilon': 1.3958163818208386e-09, 'hidden_layer_sizes': 90, 'learning_rate_init': 0.025741757335412584, 'tol': 0.00649425836107481, 'validation_fraction': 0.6220982301299746}]
function_evaluation time 0.192766 value -0.648276 suggestion {'alpha': 0.010587397929502463, 'batch_size': 46, 'beta_1': 0.9436676804677888, 'beta_2': 0.9352260400065052, 'epsilon': 1.3958163818208386e-09, 'hidden_layer_sizes': 90, 'learning_rate_init': 0.025741757335412584, 'tol': 0.00649425836107481, 'validation_fraction': 0.6220982301299746}
observation time 0.000003, current best -0.790640 at iter 8
suggestion time taken 16.024399 iter 9 next_points [{'alpha': 0.0002778833750347989, 'batch_size': 14, 'beta_1': 0.7645200914414976, 'beta_2': 0.9999948055091792, 'epsilon': 3.85454472374424e-08, 'hidden_layer_sizes': 102, 'learning_rate_init': 0.012523821884786525, 'tol': 0.00023123925625839848, 'validation_fraction': 0.11928337055822046}]
function_evaluation time 0.446303 value -0.880542 suggestion {'alpha': 0.0002778833750347989, 'batch_size': 14, 'beta_1': 0.7645200914414976, 'beta_2': 0.9999948055091792, 'epsilon': 3.85454472374424e-08, 'hidden_layer_sizes': 102, 'learning_rate_init': 0.012523821884786525, 'tol': 0.00023123925625839848, 'validation_fraction': 0.11928337055822046}
observation time 0.000003, current best -0.880542 at iter 9
suggestion time taken 16.142152 iter 10 next_points [{'alpha': 0.0003439678007459032, 'batch_size': 28, 'beta_1': 0.9597430438514113, 'beta_2': 0.9995491056487911, 'epsilon': 5.074496943631339e-08, 'hidden_layer_sizes': 103, 'learning_rate_init': 0.0015922504507454329, 'tol': 3.0113500191607122e-05, 'validation_fraction': 0.32602459922618093}]
function_evaluation time 0.332920 value -0.614286 suggestion {'alpha': 0.0003439678007459032, 'batch_size': 28, 'beta_1': 0.9597430438514113, 'beta_2': 0.9995491056487911, 'epsilon': 5.074496943631339e-08, 'hidden_layer_sizes': 103, 'learning_rate_init': 0.0015922504507454329, 'tol': 3.0113500191607122e-05, 'validation_fraction': 0.32602459922618093}
observation time 0.000003, current best -0.880542 at iter 10
suggestion time taken 16.259113 iter 11 next_points [{'alpha': 0.008525349719601918, 'batch_size': 15, 'beta_1': 0.95442542317709, 'beta_2': 0.9980468796920375, 'epsilon': 2.000849802340369e-09, 'hidden_layer_sizes': 65, 'learning_rate_init': 0.07064560729866019, 'tol': 0.06877532701548272, 'validation_fraction': 0.11443637194943919}]
function_evaluation time 0.293079 value -0.577833 suggestion {'alpha': 0.008525349719601918, 'batch_size': 15, 'beta_1': 0.95442542317709, 'beta_2': 0.9980468796920375, 'epsilon': 2.000849802340369e-09, 'hidden_layer_sizes': 65, 'learning_rate_init': 0.07064560729866019, 'tol': 0.06877532701548272, 'validation_fraction': 0.11443637194943919}
observation time 0.000003, current best -0.880542 at iter 11
suggestion time taken 15.656471 iter 12 next_points [{'alpha': 0.001457305153667561, 'batch_size': 22, 'beta_1': 0.9710099492008452, 'beta_2': 0.9994430508577856, 'epsilon': 1.210908777568502e-08, 'hidden_layer_sizes': 184, 'learning_rate_init': 5.653795506162712e-05, 'tol': 1.1953844191031311e-05, 'validation_fraction': 0.8804493337458713}]
/home/ryedida/.local/lib/python3.8/site-packages/sklearn/neural_network/_multilayer_perceptron.py:621: UserWarning: Got `batch_size` less than 1 or larger than sample size. It is going to be clipped
  warnings.warn(

function_evaluation time 0.098449 value -0.373645 suggestion {'alpha': 0.001457305153667561, 'batch_size': 22, 'beta_1': 0.9710099492008452, 'beta_2': 0.9994430508577856, 'epsilon': 1.210908777568502e-08, 'hidden_layer_sizes': 184, 'learning_rate_init': 5.653795506162712e-05, 'tol': 1.1953844191031311e-05, 'validation_fraction': 0.8804493337458713}
observation time 0.000005, current best -0.880542 at iter 12
suggestion time taken 16.445102 iter 13 next_points [{'alpha': 0.2349131624043103, 'batch_size': 140, 'beta_1': 0.9870191178028243, 'beta_2': 0.999982384205114, 'epsilon': 1.3191324575937618e-09, 'hidden_layer_sizes': 52, 'learning_rate_init': 0.025230321290354463, 'tol': 0.002030548690168395, 'validation_fraction': 0.5458839530784105}]
/home/ryedida/.local/lib/python3.8/site-packages/sklearn/neural_network/_multilayer_perceptron.py:621: UserWarning: Got `batch_size` less than 1 or larger than sample size. It is going to be clipped
  warnings.warn(

function_evaluation time 0.140311 value -0.522167 suggestion {'alpha': 0.2349131624043103, 'batch_size': 140, 'beta_1': 0.9870191178028243, 'beta_2': 0.999982384205114, 'epsilon': 1.3191324575937618e-09, 'hidden_layer_sizes': 52, 'learning_rate_init': 0.025230321290354463, 'tol': 0.002030548690168395, 'validation_fraction': 0.5458839530784105}
observation time 0.000004, current best -0.880542 at iter 13
suggestion time taken 15.618045 iter 14 next_points [{'alpha': 2.12555015833004e-05, 'batch_size': 140, 'beta_1': 0.6734270331108357, 'beta_2': 0.9951125410622551, 'epsilon': 4.393222594887985e-09, 'hidden_layer_sizes': 65, 'learning_rate_init': 0.0022739773207699904, 'tol': 0.0015235830665856142, 'validation_fraction': 0.3644104704028186}]
/home/ryedida/.local/lib/python3.8/site-packages/sklearn/neural_network/_multilayer_perceptron.py:621: UserWarning: Got `batch_size` less than 1 or larger than sample size. It is going to be clipped
  warnings.warn(

function_evaluation time 0.139503 value -0.458128 suggestion {'alpha': 2.12555015833004e-05, 'batch_size': 140, 'beta_1': 0.6734270331108357, 'beta_2': 0.9951125410622551, 'epsilon': 4.393222594887985e-09, 'hidden_layer_sizes': 65, 'learning_rate_init': 0.0022739773207699904, 'tol': 0.0015235830665856142, 'validation_fraction': 0.3644104704028186}
observation time 0.000003, current best -0.880542 at iter 14
suggestion time taken 16.797459 iter 15 next_points [{'alpha': 4.485029879864485, 'batch_size': 23, 'beta_1': 0.9528155433995952, 'beta_2': 0.9999685617949723, 'epsilon': 2.6094495007376758e-08, 'hidden_layer_sizes': 113, 'learning_rate_init': 0.016857171163541847, 'tol': 0.00039723377889031714, 'validation_fraction': 0.20840124131568044}]
function_evaluation time 0.343302 value -0.817241 suggestion {'alpha': 4.485029879864485, 'batch_size': 23, 'beta_1': 0.9528155433995952, 'beta_2': 0.9999685617949723, 'epsilon': 2.6094495007376758e-08, 'hidden_layer_sizes': 113, 'learning_rate_init': 0.016857171163541847, 'tol': 0.00039723377889031714, 'validation_fraction': 0.20840124131568044}
observation time 0.000003, current best -0.880542 at iter 15
suggestion time taken 15.804549 iter 16 next_points [{'alpha': 0.15357035416852477, 'batch_size': 141, 'beta_1': 0.6880629281344097, 'beta_2': 0.9890576593719864, 'epsilon': 2.029802927467192e-09, 'hidden_layer_sizes': 182, 'learning_rate_init': 0.03529258634034495, 'tol': 1.467869253063796e-05, 'validation_fraction': 0.6754925423362415}]
/home/ryedida/.local/lib/python3.8/site-packages/sklearn/neural_network/_multilayer_perceptron.py:621: UserWarning: Got `batch_size` less than 1 or larger than sample size. It is going to be clipped
  warnings.warn(

function_evaluation time 0.225989 value -0.731527 suggestion {'alpha': 0.15357035416852477, 'batch_size': 141, 'beta_1': 0.6880629281344097, 'beta_2': 0.9890576593719864, 'epsilon': 2.029802927467192e-09, 'hidden_layer_sizes': 182, 'learning_rate_init': 0.03529258634034495, 'tol': 1.467869253063796e-05, 'validation_fraction': 0.6754925423362415}
observation time 0.000003, current best -0.880542 at iter 16
suggestion time taken 16.602257 iter 17 next_points [{'alpha': 0.05965588522614905, 'batch_size': 140, 'beta_1': 0.6268091448713844, 'beta_2': 0.9765747480730016, 'epsilon': 1.6807413605305497e-09, 'hidden_layer_sizes': 176, 'learning_rate_init': 0.002411052214899744, 'tol': 0.00010600876913932586, 'validation_fraction': 0.289639352364599}]
/home/ryedida/.local/lib/python3.8/site-packages/sklearn/neural_network/_multilayer_perceptron.py:621: UserWarning: Got `batch_size` less than 1 or larger than sample size. It is going to be clipped
  warnings.warn(

function_evaluation time 0.188079 value -0.697291 suggestion {'alpha': 0.05965588522614905, 'batch_size': 140, 'beta_1': 0.6268091448713844, 'beta_2': 0.9765747480730016, 'epsilon': 1.6807413605305497e-09, 'hidden_layer_sizes': 176, 'learning_rate_init': 0.002411052214899744, 'tol': 0.00010600876913932586, 'validation_fraction': 0.289639352364599}
observation time 0.000003, current best -0.880542 at iter 17
suggestion time taken 16.712696 iter 18 next_points [{'alpha': 0.00012676617436796147, 'batch_size': 139, 'beta_1': 0.9845517074664343, 'beta_2': 0.9977696357010425, 'epsilon': 7.2738661638731505e-09, 'hidden_layer_sizes': 125, 'learning_rate_init': 1.8023017603196394e-05, 'tol': 0.00016604956478458925, 'validation_fraction': 0.8732070768853375}]
/home/ryedida/.local/lib/python3.8/site-packages/sklearn/neural_network/_multilayer_perceptron.py:621: UserWarning: Got `batch_size` less than 1 or larger than sample size. It is going to be clipped
  warnings.warn(

function_evaluation time 0.079240 value -0.345074 suggestion {'alpha': 0.00012676617436796147, 'batch_size': 139, 'beta_1': 0.9845517074664343, 'beta_2': 0.9977696357010425, 'epsilon': 7.2738661638731505e-09, 'hidden_layer_sizes': 125, 'learning_rate_init': 1.8023017603196394e-05, 'tol': 0.00016604956478458925, 'validation_fraction': 0.8732070768853375}
observation time 0.000003, current best -0.880542 at iter 18
suggestion time taken 16.694201 iter 19 next_points [{'alpha': 3.148127418825229e-05, 'batch_size': 28, 'beta_1': 0.9779489659255461, 'beta_2': 0.9961320755011633, 'epsilon': 6.548867360387971e-09, 'hidden_layer_sizes': 123, 'learning_rate_init': 0.017624171400176605, 'tol': 5.0752309471879036e-05, 'validation_fraction': 0.11303463858053454}]
function_evaluation time 0.351271 value -0.845320 suggestion {'alpha': 3.148127418825229e-05, 'batch_size': 28, 'beta_1': 0.9779489659255461, 'beta_2': 0.9961320755011633, 'epsilon': 6.548867360387971e-09, 'hidden_layer_sizes': 123, 'learning_rate_init': 0.017624171400176605, 'tol': 5.0752309471879036e-05, 'validation_fraction': 0.11303463858053454}
observation time 0.000024, current best -0.880542 at iter 19
suggestion time taken 16.592503 iter 20 next_points [{'alpha': 5.5626257793040555e-05, 'batch_size': 140, 'beta_1': 0.9824613956908855, 'beta_2': 0.9941812770439995, 'epsilon': 1.4477714963774236e-09, 'hidden_layer_sizes': 97, 'learning_rate_init': 0.04433165490789263, 'tol': 0.0004654967564382186, 'validation_fraction': 0.4943095153534241}]
/home/ryedida/.local/lib/python3.8/site-packages/sklearn/neural_network/_multilayer_perceptron.py:621: UserWarning: Got `batch_size` less than 1 or larger than sample size. It is going to be clipped
  warnings.warn(

function_evaluation time 0.167564 value -0.669212 suggestion {'alpha': 5.5626257793040555e-05, 'batch_size': 140, 'beta_1': 0.9824613956908855, 'beta_2': 0.9941812770439995, 'epsilon': 1.4477714963774236e-09, 'hidden_layer_sizes': 97, 'learning_rate_init': 0.04433165490789263, 'tol': 0.0004654967564382186, 'validation_fraction': 0.4943095153534241}
observation time 0.000004, current best -0.880542 at iter 20
suggestion time taken 16.263655 iter 21 next_points [{'alpha': 0.02115788496809334, 'batch_size': 10, 'beta_1': 0.8747527915248362, 'beta_2': 0.9994713481737294, 'epsilon': 5.275333090287957e-07, 'hidden_layer_sizes': 189, 'learning_rate_init': 0.00010106174862046049, 'tol': 0.013987939441690677, 'validation_fraction': 0.31842927614590366}]
function_evaluation time 0.722583 value -0.639655 suggestion {'alpha': 0.02115788496809334, 'batch_size': 10, 'beta_1': 0.8747527915248362, 'beta_2': 0.9994713481737294, 'epsilon': 5.275333090287957e-07, 'hidden_layer_sizes': 189, 'learning_rate_init': 0.00010106174862046049, 'tol': 0.013987939441690677, 'validation_fraction': 0.31842927614590366}
observation time 0.000003, current best -0.880542 at iter 21
suggestion time taken 16.230505 iter 22 next_points [{'alpha': 1.577043945245731, 'batch_size': 70, 'beta_1': 0.5539913098589889, 'beta_2': 0.9996840467635619, 'epsilon': 2.4647203505859803e-08, 'hidden_layer_sizes': 85, 'learning_rate_init': 0.0017935084785089532, 'tol': 0.001104631523463251, 'validation_fraction': 0.24602284997727225}]
function_evaluation time 0.199277 value -0.627094 suggestion {'alpha': 1.577043945245731, 'batch_size': 70, 'beta_1': 0.5539913098589889, 'beta_2': 0.9996840467635619, 'epsilon': 2.4647203505859803e-08, 'hidden_layer_sizes': 85, 'learning_rate_init': 0.0017935084785089532, 'tol': 0.001104631523463251, 'validation_fraction': 0.24602284997727225}
observation time 0.000003, current best -0.880542 at iter 22
suggestion time taken 15.931693 iter 23 next_points [{'alpha': 0.06297600633913233, 'batch_size': 70, 'beta_1': 0.957742379978488, 'beta_2': 0.9999981408104763, 'epsilon': 3.601176767576358e-08, 'hidden_layer_sizes': 125, 'learning_rate_init': 0.0006754306077300201, 'tol': 0.00019994656875150314, 'validation_fraction': 0.681758261016783}]
/home/ryedida/.local/lib/python3.8/site-packages/sklearn/neural_network/_multilayer_perceptron.py:621: UserWarning: Got `batch_size` less than 1 or larger than sample size. It is going to be clipped
  warnings.warn(

function_evaluation time 0.146979 value -0.505172 suggestion {'alpha': 0.06297600633913233, 'batch_size': 70, 'beta_1': 0.957742379978488, 'beta_2': 0.9999981408104763, 'epsilon': 3.601176767576358e-08, 'hidden_layer_sizes': 125, 'learning_rate_init': 0.0006754306077300201, 'tol': 0.00019994656875150314, 'validation_fraction': 0.681758261016783}
observation time 0.000003, current best -0.880542 at iter 23
suggestion time taken 16.171807 iter 24 next_points [{'alpha': 0.20035172557298836, 'batch_size': 10, 'beta_1': 0.8931624224202952, 'beta_2': 0.9999307257382176, 'epsilon': 1.2794443265101793e-09, 'hidden_layer_sizes': 126, 'learning_rate_init': 0.00032173894085399325, 'tol': 0.05065049504358933, 'validation_fraction': 0.5193689597890632}]
function_evaluation time 0.385103 value -0.634236 suggestion {'alpha': 0.20035172557298836, 'batch_size': 10, 'beta_1': 0.8931624224202952, 'beta_2': 0.9999307257382176, 'epsilon': 1.2794443265101793e-09, 'hidden_layer_sizes': 126, 'learning_rate_init': 0.00032173894085399325, 'tol': 0.05065049504358933, 'validation_fraction': 0.5193689597890632}
observation time 0.000003, current best -0.880542 at iter 24
suggestion time taken 16.190930 iter 25 next_points [{'alpha': 4.8135267056203234e-05, 'batch_size': 33, 'beta_1': 0.9593027406275947, 'beta_2': 0.949424106810964, 'epsilon': 8.082642111972717e-08, 'hidden_layer_sizes': 66, 'learning_rate_init': 0.0001416778378132378, 'tol': 9.458089738406051e-05, 'validation_fraction': 0.2455140833083476}]
function_evaluation time 0.158220 value -0.395074 suggestion {'alpha': 4.8135267056203234e-05, 'batch_size': 33, 'beta_1': 0.9593027406275947, 'beta_2': 0.949424106810964, 'epsilon': 8.082642111972717e-08, 'hidden_layer_sizes': 66, 'learning_rate_init': 0.0001416778378132378, 'tol': 9.458089738406051e-05, 'validation_fraction': 0.2455140833083476}
observation time 0.000003, current best -0.880542 at iter 25
suggestion time taken 15.822130 iter 26 next_points [{'alpha': 2.7293963050784882e-05, 'batch_size': 69, 'beta_1': 0.9460738711030542, 'beta_2': 0.9415021148179852, 'epsilon': 1.237874827723934e-09, 'hidden_layer_sizes': 117, 'learning_rate_init': 9.351963053771094e-05, 'tol': 4.3843504787720596e-05, 'validation_fraction': 0.6048045566585691}]
/home/ryedida/.local/lib/python3.8/site-packages/sklearn/neural_network/_multilayer_perceptron.py:621: UserWarning: Got `batch_size` less than 1 or larger than sample size. It is going to be clipped
  warnings.warn(

function_evaluation time 0.080780 value -0.302709 suggestion {'alpha': 2.7293963050784882e-05, 'batch_size': 69, 'beta_1': 0.9460738711030542, 'beta_2': 0.9415021148179852, 'epsilon': 1.237874827723934e-09, 'hidden_layer_sizes': 117, 'learning_rate_init': 9.351963053771094e-05, 'tol': 4.3843504787720596e-05, 'validation_fraction': 0.6048045566585691}
observation time 0.000003, current best -0.880542 at iter 26
suggestion time taken 16.451292 iter 27 next_points [{'alpha': 0.003118585771523689, 'batch_size': 136, 'beta_1': 0.8870932352973488, 'beta_2': 0.9998657370610893, 'epsilon': 2.346817905052303e-09, 'hidden_layer_sizes': 146, 'learning_rate_init': 1.3884956810829551e-05, 'tol': 1.0133608293565036e-05, 'validation_fraction': 0.21829021611808494}]
/home/ryedida/.local/lib/python3.8/site-packages/sklearn/neural_network/_multilayer_perceptron.py:621: UserWarning: Got `batch_size` less than 1 or larger than sample size. It is going to be clipped
  warnings.warn(

function_evaluation time 0.092630 value -0.323645 suggestion {'alpha': 0.003118585771523689, 'batch_size': 136, 'beta_1': 0.8870932352973488, 'beta_2': 0.9998657370610893, 'epsilon': 2.346817905052303e-09, 'hidden_layer_sizes': 146, 'learning_rate_init': 1.3884956810829551e-05, 'tol': 1.0133608293565036e-05, 'validation_fraction': 0.21829021611808494}
observation time 0.000003, current best -0.880542 at iter 27
suggestion time taken 15.773084 iter 28 next_points [{'alpha': 2.40364504790253e-05, 'batch_size': 35, 'beta_1': 0.8749849988768503, 'beta_2': 0.9992818886185237, 'epsilon': 2.6680688087097757e-07, 'hidden_layer_sizes': 198, 'learning_rate_init': 0.0010635593397902929, 'tol': 0.0010263793857589645, 'validation_fraction': 0.5702125504221409}]
function_evaluation time 0.388800 value -0.789901 suggestion {'alpha': 2.40364504790253e-05, 'batch_size': 35, 'beta_1': 0.8749849988768503, 'beta_2': 0.9992818886185237, 'epsilon': 2.6680688087097757e-07, 'hidden_layer_sizes': 198, 'learning_rate_init': 0.0010635593397902929, 'tol': 0.0010263793857589645, 'validation_fraction': 0.5702125504221409}
observation time 0.000004, current best -0.880542 at iter 28
suggestion time taken 16.560002 iter 29 next_points [{'alpha': 0.06650617939817102, 'batch_size': 139, 'beta_1': 0.7194166549977216, 'beta_2': 0.9705510565346325, 'epsilon': 1.2620666244240976e-08, 'hidden_layer_sizes': 182, 'learning_rate_init': 1.2302610622702624e-05, 'tol': 1.8169250307617164e-05, 'validation_fraction': 0.14752920064496547}]
/home/ryedida/.local/lib/python3.8/site-packages/sklearn/neural_network/_multilayer_perceptron.py:621: UserWarning: Got `batch_size` less than 1 or larger than sample size. It is going to be clipped
  warnings.warn(

function_evaluation time 0.121682 value -0.296552 suggestion {'alpha': 0.06650617939817102, 'batch_size': 139, 'beta_1': 0.7194166549977216, 'beta_2': 0.9705510565346325, 'epsilon': 1.2620666244240976e-08, 'hidden_layer_sizes': 182, 'learning_rate_init': 1.2302610622702624e-05, 'tol': 1.8169250307617164e-05, 'validation_fraction': 0.14752920064496547}
observation time 0.000006, current best -0.880542 at iter 29
suggestion time taken 15.840056 iter 30 next_points [{'alpha': 7.268702915295799e-05, 'batch_size': 135, 'beta_1': 0.9428934315331757, 'beta_2': 0.9997451005445058, 'epsilon': 1.0033562827249535e-09, 'hidden_layer_sizes': 95, 'learning_rate_init': 0.07104431320610781, 'tol': 0.0025726774579069834, 'validation_fraction': 0.635695725876113}]
/home/ryedida/.local/lib/python3.8/site-packages/sklearn/neural_network/_multilayer_perceptron.py:621: UserWarning: Got `batch_size` less than 1 or larger than sample size. It is going to be clipped
  warnings.warn(

function_evaluation time 0.145210 value -0.613300 suggestion {'alpha': 7.268702915295799e-05, 'batch_size': 135, 'beta_1': 0.9428934315331757, 'beta_2': 0.9997451005445058, 'epsilon': 1.0033562827249535e-09, 'hidden_layer_sizes': 95, 'learning_rate_init': 0.07104431320610781, 'tol': 0.0025726774579069834, 'validation_fraction': 0.635695725876113}
observation time 0.000003, current best -0.880542 at iter 30
suggestion time taken 16.500576 iter 31 next_points [{'alpha': 0.007838675772182202, 'batch_size': 141, 'beta_1': 0.5466598047762796, 'beta_2': 0.9999798823687264, 'epsilon': 3.33743021709808e-08, 'hidden_layer_sizes': 160, 'learning_rate_init': 1.119252107366742e-05, 'tol': 0.03075134021136404, 'validation_fraction': 0.1636218314533823}]
/home/ryedida/.local/lib/python3.8/site-packages/sklearn/neural_network/_multilayer_perceptron.py:621: UserWarning: Got `batch_size` less than 1 or larger than sample size. It is going to be clipped
  warnings.warn(

function_evaluation time 0.092364 value -0.316995 suggestion {'alpha': 0.007838675772182202, 'batch_size': 141, 'beta_1': 0.5466598047762796, 'beta_2': 0.9999798823687264, 'epsilon': 3.33743021709808e-08, 'hidden_layer_sizes': 160, 'learning_rate_init': 1.119252107366742e-05, 'tol': 0.03075134021136404, 'validation_fraction': 0.1636218314533823}
observation time 0.000003, current best -0.880542 at iter 31
suggestion time taken 15.822892 iter 32 next_points [{'alpha': 1.4604161128733755, 'batch_size': 34, 'beta_1': 0.9143651052232918, 'beta_2': 0.9911164808726858, 'epsilon': 2.1126215394004722e-09, 'hidden_layer_sizes': 66, 'learning_rate_init': 1.0084624652839549e-05, 'tol': 0.0002346022675631512, 'validation_fraction': 0.865823651175778}]
/home/ryedida/.local/lib/python3.8/site-packages/sklearn/neural_network/_multilayer_perceptron.py:621: UserWarning: Got `batch_size` less than 1 or larger than sample size. It is going to be clipped
  warnings.warn(

function_evaluation time 0.096622 value -0.380296 suggestion {'alpha': 1.4604161128733755, 'batch_size': 34, 'beta_1': 0.9143651052232918, 'beta_2': 0.9911164808726858, 'epsilon': 2.1126215394004722e-09, 'hidden_layer_sizes': 66, 'learning_rate_init': 1.0084624652839549e-05, 'tol': 0.0002346022675631512, 'validation_fraction': 0.865823651175778}
observation time 0.000003, current best -0.880542 at iter 32
suggestion time taken 16.763997 iter 33 next_points [{'alpha': 4.365651889241804, 'batch_size': 136, 'beta_1': 0.8910537448537373, 'beta_2': 0.9999958030816453, 'epsilon': 1.5377981094838154e-08, 'hidden_layer_sizes': 69, 'learning_rate_init': 0.000406103112551121, 'tol': 0.0013879894102623153, 'validation_fraction': 0.331588961377173}]
/home/ryedida/.local/lib/python3.8/site-packages/sklearn/neural_network/_multilayer_perceptron.py:621: UserWarning: Got `batch_size` less than 1 or larger than sample size. It is going to be clipped
  warnings.warn(

function_evaluation time 0.082170 value -0.350985 suggestion {'alpha': 4.365651889241804, 'batch_size': 136, 'beta_1': 0.8910537448537373, 'beta_2': 0.9999958030816453, 'epsilon': 1.5377981094838154e-08, 'hidden_layer_sizes': 69, 'learning_rate_init': 0.000406103112551121, 'tol': 0.0013879894102623153, 'validation_fraction': 0.331588961377173}
observation time 0.000004, current best -0.880542 at iter 33
suggestion time taken 16.057514 iter 34 next_points [{'alpha': 0.0005654203071062706, 'batch_size': 138, 'beta_1': 0.8153521351565844, 'beta_2': 0.9999965072496779, 'epsilon': 2.5003834857616668e-09, 'hidden_layer_sizes': 186, 'learning_rate_init': 0.0003271478320602109, 'tol': 7.252383070962963e-05, 'validation_fraction': 0.6528147479220904}]
/home/ryedida/.local/lib/python3.8/site-packages/sklearn/neural_network/_multilayer_perceptron.py:621: UserWarning: Got `batch_size` less than 1 or larger than sample size. It is going to be clipped
  warnings.warn(

function_evaluation time 0.129928 value -0.436207 suggestion {'alpha': 0.0005654203071062706, 'batch_size': 138, 'beta_1': 0.8153521351565844, 'beta_2': 0.9999965072496779, 'epsilon': 2.5003834857616668e-09, 'hidden_layer_sizes': 186, 'learning_rate_init': 0.0003271478320602109, 'tol': 7.252383070962963e-05, 'validation_fraction': 0.6528147479220904}
observation time 0.000003, current best -0.880542 at iter 34
suggestion time taken 16.538717 iter 35 next_points [{'alpha': 0.000462067215795161, 'batch_size': 141, 'beta_1': 0.9676483457905943, 'beta_2': 0.9902535404373617, 'epsilon': 6.031668667404994e-09, 'hidden_layer_sizes': 150, 'learning_rate_init': 0.0573798254304732, 'tol': 0.00035996524396822633, 'validation_fraction': 0.8958277477252203}]
/home/ryedida/.local/lib/python3.8/site-packages/sklearn/neural_network/_multilayer_perceptron.py:621: UserWarning: Got `batch_size` less than 1 or larger than sample size. It is going to be clipped
  warnings.warn(

function_evaluation time 0.177330 value -0.578079 suggestion {'alpha': 0.000462067215795161, 'batch_size': 141, 'beta_1': 0.9676483457905943, 'beta_2': 0.9902535404373617, 'epsilon': 6.031668667404994e-09, 'hidden_layer_sizes': 150, 'learning_rate_init': 0.0573798254304732, 'tol': 0.00035996524396822633, 'validation_fraction': 0.8958277477252203}
observation time 0.000003, current best -0.880542 at iter 35
suggestion time taken 16.143088 iter 36 next_points [{'alpha': 6.350364174880342e-05, 'batch_size': 70, 'beta_1': 0.9763021636231649, 'beta_2': 0.9963464286281398, 'epsilon': 9.981184177450766e-09, 'hidden_layer_sizes': 92, 'learning_rate_init': 0.006958214292453789, 'tol': 0.00022112629437233904, 'validation_fraction': 0.5059474304940391}]
function_evaluation time 0.172946 value -0.542118 suggestion {'alpha': 6.350364174880342e-05, 'batch_size': 70, 'beta_1': 0.9763021636231649, 'beta_2': 0.9963464286281398, 'epsilon': 9.981184177450766e-09, 'hidden_layer_sizes': 92, 'learning_rate_init': 0.006958214292453789, 'tol': 0.00022112629437233904, 'validation_fraction': 0.5059474304940391}
observation time 0.000003, current best -0.880542 at iter 36
suggestion time taken 15.729289 iter 37 next_points [{'alpha': 0.003181307131692, 'batch_size': 47, 'beta_1': 0.920215341768783, 'beta_2': 0.9999020863476016, 'epsilon': 9.822077753299146e-08, 'hidden_layer_sizes': 197, 'learning_rate_init': 0.0002859583569886304, 'tol': 0.003488317585081039, 'validation_fraction': 0.8483119843690756}]
/home/ryedida/.local/lib/python3.8/site-packages/sklearn/neural_network/_multilayer_perceptron.py:621: UserWarning: Got `batch_size` less than 1 or larger than sample size. It is going to be clipped
  warnings.warn(

function_evaluation time 0.149287 value -0.420936 suggestion {'alpha': 0.003181307131692, 'batch_size': 47, 'beta_1': 0.920215341768783, 'beta_2': 0.9999020863476016, 'epsilon': 9.822077753299146e-08, 'hidden_layer_sizes': 197, 'learning_rate_init': 0.0002859583569886304, 'tol': 0.003488317585081039, 'validation_fraction': 0.8483119843690756}
observation time 0.000005, current best -0.880542 at iter 37
suggestion time taken 16.898561 iter 38 next_points [{'alpha': 8.815248246297875, 'batch_size': 138, 'beta_1': 0.6357954069938436, 'beta_2': 0.9923838376489613, 'epsilon': 5.6054463120543514e-08, 'hidden_layer_sizes': 188, 'learning_rate_init': 3.0406251181540597e-05, 'tol': 1.5148991761567569e-05, 'validation_fraction': 0.18722180526914814}]
/home/ryedida/.local/lib/python3.8/site-packages/sklearn/neural_network/_multilayer_perceptron.py:621: UserWarning: Got `batch_size` less than 1 or larger than sample size. It is going to be clipped
  warnings.warn(

function_evaluation time 0.122234 value -0.324138 suggestion {'alpha': 8.815248246297875, 'batch_size': 138, 'beta_1': 0.6357954069938436, 'beta_2': 0.9923838376489613, 'epsilon': 5.6054463120543514e-08, 'hidden_layer_sizes': 188, 'learning_rate_init': 3.0406251181540597e-05, 'tol': 1.5148991761567569e-05, 'validation_fraction': 0.18722180526914814}
observation time 0.000005, current best -0.880542 at iter 38
suggestion time taken 15.846817 iter 39 next_points [{'alpha': 3.2167155554469254e-05, 'batch_size': 141, 'beta_1': 0.5732402044066472, 'beta_2': 0.9541197051353889, 'epsilon': 4.610415587862275e-08, 'hidden_layer_sizes': 109, 'learning_rate_init': 0.030472813456480417, 'tol': 0.0006956892385519439, 'validation_fraction': 0.4794805195083717}]
/home/ryedida/.local/lib/python3.8/site-packages/sklearn/neural_network/_multilayer_perceptron.py:621: UserWarning: Got `batch_size` less than 1 or larger than sample size. It is going to be clipped
  warnings.warn(

function_evaluation time 0.135870 value -0.577094 suggestion {'alpha': 3.2167155554469254e-05, 'batch_size': 141, 'beta_1': 0.5732402044066472, 'beta_2': 0.9541197051353889, 'epsilon': 4.610415587862275e-08, 'hidden_layer_sizes': 109, 'learning_rate_init': 0.030472813456480417, 'tol': 0.0006956892385519439, 'validation_fraction': 0.4794805195083717}
observation time 0.000004, current best -0.880542 at iter 39
suggestion time taken 16.884576 iter 40 next_points [{'alpha': 1.0402772516419432e-05, 'batch_size': 20, 'beta_1': 0.5924777614382349, 'beta_2': 0.9972448434157917, 'epsilon': 7.821938976927806e-07, 'hidden_layer_sizes': 122, 'learning_rate_init': 5.882697446271834e-05, 'tol': 0.010066782369945392, 'validation_fraction': 0.8853892807117072}]
/home/ryedida/.local/lib/python3.8/site-packages/sklearn/neural_network/_multilayer_perceptron.py:621: UserWarning: Got `batch_size` less than 1 or larger than sample size. It is going to be clipped
  warnings.warn(

function_evaluation time 0.079701 value -0.309852 suggestion {'alpha': 1.0402772516419432e-05, 'batch_size': 20, 'beta_1': 0.5924777614382349, 'beta_2': 0.9972448434157917, 'epsilon': 7.821938976927806e-07, 'hidden_layer_sizes': 122, 'learning_rate_init': 5.882697446271834e-05, 'tol': 0.010066782369945392, 'validation_fraction': 0.8853892807117072}
observation time 0.000003, current best -0.880542 at iter 40
suggestion time taken 16.478005 iter 41 next_points [{'alpha': 0.07529816438873452, 'batch_size': 138, 'beta_1': 0.9495764222888994, 'beta_2': 0.9496973951129357, 'epsilon': 1.160241269343903e-08, 'hidden_layer_sizes': 191, 'learning_rate_init': 0.08373573581438218, 'tol': 0.0009246578616826116, 'validation_fraction': 0.1904907458767324}]
/home/ryedida/.local/lib/python3.8/site-packages/sklearn/neural_network/_multilayer_perceptron.py:621: UserWarning: Got `batch_size` less than 1 or larger than sample size. It is going to be clipped
  warnings.warn(

function_evaluation time 0.185003 value -0.506650 suggestion {'alpha': 0.07529816438873452, 'batch_size': 138, 'beta_1': 0.9495764222888994, 'beta_2': 0.9496973951129357, 'epsilon': 1.160241269343903e-08, 'hidden_layer_sizes': 191, 'learning_rate_init': 0.08373573581438218, 'tol': 0.0009246578616826116, 'validation_fraction': 0.1904907458767324}
observation time 0.000005, current best -0.880542 at iter 41
suggestion time taken 16.253167 iter 42 next_points [{'alpha': 0.004754714673183349, 'batch_size': 137, 'beta_1': 0.709103789723715, 'beta_2': 0.9999893938743414, 'epsilon': 2.8908188019041274e-08, 'hidden_layer_sizes': 149, 'learning_rate_init': 0.0029981320939841344, 'tol': 0.035280874913015764, 'validation_fraction': 0.8701030877521494}]
/home/ryedida/.local/lib/python3.8/site-packages/sklearn/neural_network/_multilayer_perceptron.py:621: UserWarning: Got `batch_size` less than 1 or larger than sample size. It is going to be clipped
  warnings.warn(

function_evaluation time 0.136829 value -0.579310 suggestion {'alpha': 0.004754714673183349, 'batch_size': 137, 'beta_1': 0.709103789723715, 'beta_2': 0.9999893938743414, 'epsilon': 2.8908188019041274e-08, 'hidden_layer_sizes': 149, 'learning_rate_init': 0.0029981320939841344, 'tol': 0.035280874913015764, 'validation_fraction': 0.8701030877521494}
observation time 0.000003, current best -0.880542 at iter 42
suggestion time taken 17.002636 iter 43 next_points [{'alpha': 0.012642694882636049, 'batch_size': 35, 'beta_1': 0.7883673212662118, 'beta_2': 0.9522501737245281, 'epsilon': 1.2944872635786914e-08, 'hidden_layer_sizes': 102, 'learning_rate_init': 0.01532207917294258, 'tol': 0.013265543882931264, 'validation_fraction': 0.3975255072172901}]
function_evaluation time 0.258736 value -0.795320 suggestion {'alpha': 0.012642694882636049, 'batch_size': 35, 'beta_1': 0.7883673212662118, 'beta_2': 0.9522501737245281, 'epsilon': 1.2944872635786914e-08, 'hidden_layer_sizes': 102, 'learning_rate_init': 0.01532207917294258, 'tol': 0.013265543882931264, 'validation_fraction': 0.3975255072172901}
observation time 0.000003, current best -0.880542 at iter 43
suggestion time taken 16.150432 iter 44 next_points [{'alpha': 0.01445335015636719, 'batch_size': 10, 'beta_1': 0.8891117142177459, 'beta_2': 0.9998864599689986, 'epsilon': 7.919129253095027e-09, 'hidden_layer_sizes': 88, 'learning_rate_init': 0.0002329300160408812, 'tol': 0.004002605943090307, 'validation_fraction': 0.14488328261222708}]
function_evaluation time 0.501670 value -0.578818 suggestion {'alpha': 0.01445335015636719, 'batch_size': 10, 'beta_1': 0.8891117142177459, 'beta_2': 0.9998864599689986, 'epsilon': 7.919129253095027e-09, 'hidden_layer_sizes': 88, 'learning_rate_init': 0.0002329300160408812, 'tol': 0.004002605943090307, 'validation_fraction': 0.14488328261222708}
observation time 0.000003, current best -0.880542 at iter 44
saving meta data: {'args': {'--uuid': 'c5d8749bee9b5b6db0cf58a3459e65da', '-db-root': '/home/ryedida/bbo_challenge_starter_kit/output', '--opt-root': '/home/ryedida/bbo_challenge_starter_kit/example_submissions', '--data-root': None, '--db': 'run_20231015_053414', '--opt': 'strongcvx', '--data': 'wine', '--classifier': 'MLP-adam', '--metric': 'acc', '--calls': 45, '--suggestions': 1, '--jobs-file': None, '--verbose': False, 'dry_run': False, 'rev': 'a376313', 'opt_rev': 'x.x.x'}, 'signature': ([{'alpha': 0.019628224813442792, 'batch_size': 182, 'beta_1': 0.9410202200271762, 'beta_2': 0.9998021557676793, 'epsilon': 1.8662266976518e-08, 'hidden_layer_sizes': 147, 'learning_rate_init': 0.0005627932047415167, 'tol': 0.03690557729213761, 'validation_fraction': 0.8846827852548593}, {'alpha': 0.001998246739232944, 'batch_size': 200, 'beta_1': 0.919111482530466, 'beta_2': 0.9998488260436156, 'epsilon': 5.981221901152555e-07, 'hidden_layer_sizes': 61, 'learning_rate_init': 2.2310905607443014e-05, 'tol': 1.2046852412030316e-05, 'validation_fraction': 0.8117896445826539}, {'alpha': 0.46659545670218433, 'batch_size': 219, 'beta_1': 0.9889789783750891, 'beta_2': 0.9999896868093284, 'epsilon': 2.4234724484675948e-08, 'hidden_layer_sizes': 167, 'learning_rate_init': 2.972334644335654e-05, 'tol': 0.0036281404040243792, 'validation_fraction': 0.17260651658522078}, {'alpha': 4.656005689076002, 'batch_size': 135, 'beta_1': 0.870503881627747, 'beta_2': 0.9948873266941017, 'epsilon': 2.1023308743480125e-07, 'hidden_layer_sizes': 118, 'learning_rate_init': 0.001878173875716191, 'tol': 1.1889379831773006e-05, 'validation_fraction': 0.6264327093752792}, {'alpha': 0.04705159350400542, 'batch_size': 158, 'beta_1': 0.9870884262730957, 'beta_2': 0.9999596874382349, 'epsilon': 1.1981845126013875e-08, 'hidden_layer_sizes': 116, 'learning_rate_init': 0.006173405204074311, 'tol': 1.7414134181586194e-05, 'validation_fraction': 0.6754299026638921}], [-0.4359605911330049, -0.3169950738916256, -0.3312807881773399, -0.6620689655172413, -0.5017241379310344])}
saving results
saving timing
saving suggest log
done
