running: {'--uuid': 'df421b53abfa52e3af3f8f4b68cd5615', '-db-root': '/home/ryedida/bbo_challenge_starter_kit/output', '--opt-root': '/home/ryedida/bbo_challenge_starter_kit/example_submissions', '--data-root': None, '--db': 'run_20231015_053414', '--opt': 'strongcvx', '--data': 'wine', '--classifier': 'MLP-adam', '--metric': 'nll', '--calls': 45, '--suggestions': 1, '--jobs-file': None, '--verbose': False, 'dry_run': False, 'rev': 'a376313', 'opt_rev': 'x.x.x'}
cmd: python strongcvx/optimizer.py -c MLP-adam -d wine -o strongcvx -u df421b53abfa52e3af3f8f4b68cd5615 -m nll -n 45 -p 1 -dir /home/ryedida/bbo_challenge_starter_kit/output -b run_20231015_053414
/home/ryedida/.local/lib/python3.8/site-packages/sklearn/neural_network/_multilayer_perceptron.py:621: UserWarning: Got `batch_size` less than 1 or larger than sample size. It is going to be clipped
  warnings.warn(

/home/ryedida/.local/lib/python3.8/site-packages/sklearn/neural_network/_multilayer_perceptron.py:621: UserWarning: Got `batch_size` less than 1 or larger than sample size. It is going to be clipped
  warnings.warn(

/home/ryedida/.local/lib/python3.8/site-packages/sklearn/neural_network/_multilayer_perceptron.py:621: UserWarning: Got `batch_size` less than 1 or larger than sample size. It is going to be clipped
  warnings.warn(

/home/ryedida/.local/lib/python3.8/site-packages/sklearn/neural_network/_multilayer_perceptron.py:621: UserWarning: Got `batch_size` less than 1 or larger than sample size. It is going to be clipped
  warnings.warn(

/home/ryedida/.local/lib/python3.8/site-packages/sklearn/neural_network/_multilayer_perceptron.py:621: UserWarning: Got `batch_size` less than 1 or larger than sample size. It is going to be clipped
  warnings.warn(

computed signature: ([{'alpha': 0.019628224813442792, 'batch_size': 182, 'beta_1': 0.9410202200271762, 'beta_2': 0.9998021557676793, 'epsilon': 1.8662266976518e-08, 'hidden_layer_sizes': 147, 'learning_rate_init': 0.0005627932047415167, 'tol': 0.03690557729213761, 'validation_fraction': 0.8846827852548593}, {'alpha': 0.001998246739232944, 'batch_size': 200, 'beta_1': 0.919111482530466, 'beta_2': 0.9998488260436156, 'epsilon': 5.981221901152555e-07, 'hidden_layer_sizes': 61, 'learning_rate_init': 2.2310905607443014e-05, 'tol': 1.2046852412030316e-05, 'validation_fraction': 0.8117896445826539}, {'alpha': 0.46659545670218433, 'batch_size': 219, 'beta_1': 0.9889789783750891, 'beta_2': 0.9999896868093284, 'epsilon': 2.4234724484675948e-08, 'hidden_layer_sizes': 167, 'learning_rate_init': 2.972334644335654e-05, 'tol': 0.0036281404040243792, 'validation_fraction': 0.17260651658522078}, {'alpha': 4.656005689076002, 'batch_size': 135, 'beta_1': 0.870503881627747, 'beta_2': 0.9948873266941017, 'epsilon': 2.1023308743480125e-07, 'hidden_layer_sizes': 118, 'learning_rate_init': 0.001878173875716191, 'tol': 1.1889379831773006e-05, 'validation_fraction': 0.6264327093752792}, {'alpha': 0.04705159350400542, 'batch_size': 158, 'beta_1': 0.9870884262730957, 'beta_2': 0.9999596874382349, 'epsilon': 1.1981845126013875e-08, 'hidden_layer_sizes': 116, 'learning_rate_init': 0.006173405204074311, 'tol': 1.7414134181586194e-05, 'validation_fraction': 0.6754299026638921}], [15.519985493059746, 22.353903068254787, 19.164026128577277, 3.377925239627502, 14.64310022355023])
/home/ryedida/.local/lib/python3.8/site-packages/bayesmark/experiment.py:470: UserWarning: Baselines not found. Will not log intermediate scores.
  warnings.warn("Baselines not found. Will not log intermediate scores.")

starting sklearn study strongcvx MLP-adam wine nll 45 1
with data root: None
suggestion time taken 15.954391 iter 0 next_points [{'alpha': 0.04481868816546265, 'batch_size': 34, 'beta_1': 0.7740687895910232, 'beta_2': 0.9964489558950408, 'epsilon': 5.020183513670335e-08, 'hidden_layer_sizes': 100, 'learning_rate_init': 0.027374937108086105, 'tol': 3.168708728880749e-05, 'validation_fraction': 0.733598404765585}]
function_evaluation time 0.240727 value 1.202958 suggestion {'alpha': 0.04481868816546265, 'batch_size': 34, 'beta_1': 0.7740687895910232, 'beta_2': 0.9964489558950408, 'epsilon': 5.020183513670335e-08, 'hidden_layer_sizes': 100, 'learning_rate_init': 0.027374937108086105, 'tol': 3.168708728880749e-05, 'validation_fraction': 0.733598404765585}
observation time 0.000003, current best 1.202958 at iter 0
suggestion time taken 15.673822 iter 1 next_points [{'alpha': 0.008927491209500314, 'batch_size': 138, 'beta_1': 0.915820631350393, 'beta_2': 0.9997894940891378, 'epsilon': 4.136549647223172e-08, 'hidden_layer_sizes': 198, 'learning_rate_init': 0.0006306790853359814, 'tol': 0.0004089414891838413, 'validation_fraction': 0.7940582182939873}]
/home/ryedida/.local/lib/python3.8/site-packages/sklearn/neural_network/_multilayer_perceptron.py:621: UserWarning: Got `batch_size` less than 1 or larger than sample size. It is going to be clipped
  warnings.warn(

function_evaluation time 0.170015 value 8.037824 suggestion {'alpha': 0.008927491209500314, 'batch_size': 138, 'beta_1': 0.915820631350393, 'beta_2': 0.9997894940891378, 'epsilon': 4.136549647223172e-08, 'hidden_layer_sizes': 198, 'learning_rate_init': 0.0006306790853359814, 'tol': 0.0004089414891838413, 'validation_fraction': 0.7940582182939873}
observation time 0.000006, current best 1.202958 at iter 1
suggestion time taken 15.345736 iter 2 next_points [{'alpha': 2.6317295470849293, 'batch_size': 139, 'beta_1': 0.9458776051974449, 'beta_2': 0.9356959659769843, 'epsilon': 9.181867859381142e-08, 'hidden_layer_sizes': 98, 'learning_rate_init': 0.0008271983618167869, 'tol': 1.5637162597651244e-05, 'validation_fraction': 0.6307550505486834}]
/home/ryedida/.local/lib/python3.8/site-packages/sklearn/neural_network/_multilayer_perceptron.py:621: UserWarning: Got `batch_size` less than 1 or larger than sample size. It is going to be clipped
  warnings.warn(

function_evaluation time 0.123902 value 12.075695 suggestion {'alpha': 2.6317295470849293, 'batch_size': 139, 'beta_1': 0.9458776051974449, 'beta_2': 0.9356959659769843, 'epsilon': 9.181867859381142e-08, 'hidden_layer_sizes': 98, 'learning_rate_init': 0.0008271983618167869, 'tol': 1.5637162597651244e-05, 'validation_fraction': 0.6307550505486834}
observation time 0.000003, current best 1.202958 at iter 2
suggestion time taken 15.866820 iter 3 next_points [{'alpha': 1.650726147250087e-05, 'batch_size': 70, 'beta_1': 0.800296238667582, 'beta_2': 0.9996736132707894, 'epsilon': 2.1124479218429993e-09, 'hidden_layer_sizes': 98, 'learning_rate_init': 0.0003504599463516892, 'tol': 0.01779540245057223, 'validation_fraction': 0.7422159276423962}]
/home/ryedida/.local/lib/python3.8/site-packages/sklearn/neural_network/_multilayer_perceptron.py:621: UserWarning: Got `batch_size` less than 1 or larger than sample size. It is going to be clipped
  warnings.warn(

function_evaluation time 0.099070 value 17.498366 suggestion {'alpha': 1.650726147250087e-05, 'batch_size': 70, 'beta_1': 0.800296238667582, 'beta_2': 0.9996736132707894, 'epsilon': 2.1124479218429993e-09, 'hidden_layer_sizes': 98, 'learning_rate_init': 0.0003504599463516892, 'tol': 0.01779540245057223, 'validation_fraction': 0.7422159276423962}
observation time 0.000003, current best 1.202958 at iter 3
suggestion time taken 15.827946 iter 4 next_points [{'alpha': 0.6144030991815794, 'batch_size': 26, 'beta_1': 0.6208936429109263, 'beta_2': 0.9982158754552583, 'epsilon': 2.429771747214232e-09, 'hidden_layer_sizes': 86, 'learning_rate_init': 0.00012816869546417172, 'tol': 0.0031247817143953533, 'validation_fraction': 0.7184479661303957}]
function_evaluation time 0.115638 value 15.559450 suggestion {'alpha': 0.6144030991815794, 'batch_size': 26, 'beta_1': 0.6208936429109263, 'beta_2': 0.9982158754552583, 'epsilon': 2.429771747214232e-09, 'hidden_layer_sizes': 86, 'learning_rate_init': 0.00012816869546417172, 'tol': 0.0031247817143953533, 'validation_fraction': 0.7184479661303957}
observation time 0.000003, current best 1.202958 at iter 4
suggestion time taken 16.189495 iter 5 next_points [{'alpha': 0.008309573036289299, 'batch_size': 140, 'beta_1': 0.9502834944211253, 'beta_2': 0.9659488390542399, 'epsilon': 8.578427202405923e-07, 'hidden_layer_sizes': 178, 'learning_rate_init': 0.000677986280957578, 'tol': 4.576188778821201e-05, 'validation_fraction': 0.19547792701588695}]
/home/ryedida/.local/lib/python3.8/site-packages/sklearn/neural_network/_multilayer_perceptron.py:621: UserWarning: Got `batch_size` less than 1 or larger than sample size. It is going to be clipped
  warnings.warn(

function_evaluation time 0.132149 value 15.860073 suggestion {'alpha': 0.008309573036289299, 'batch_size': 140, 'beta_1': 0.9502834944211253, 'beta_2': 0.9659488390542399, 'epsilon': 8.578427202405923e-07, 'hidden_layer_sizes': 178, 'learning_rate_init': 0.000677986280957578, 'tol': 4.576188778821201e-05, 'validation_fraction': 0.19547792701588695}
observation time 0.000005, current best 1.202958 at iter 5
suggestion time taken 16.011509 iter 6 next_points [{'alpha': 0.35167307414729737, 'batch_size': 141, 'beta_1': 0.9877178266944198, 'beta_2': 0.9999875192145063, 'epsilon': 2.3940100733718766e-07, 'hidden_layer_sizes': 197, 'learning_rate_init': 0.00456811760795689, 'tol': 0.00012292761362431293, 'validation_fraction': 0.4861339687359025}]
/home/ryedida/.local/lib/python3.8/site-packages/sklearn/neural_network/_multilayer_perceptron.py:621: UserWarning: Got `batch_size` less than 1 or larger than sample size. It is going to be clipped
  warnings.warn(

function_evaluation time 0.210210 value 5.854710 suggestion {'alpha': 0.35167307414729737, 'batch_size': 141, 'beta_1': 0.9877178266944198, 'beta_2': 0.9999875192145063, 'epsilon': 2.3940100733718766e-07, 'hidden_layer_sizes': 197, 'learning_rate_init': 0.00456811760795689, 'tol': 0.00012292761362431293, 'validation_fraction': 0.4861339687359025}
observation time 0.000003, current best 1.202958 at iter 6
suggestion time taken 15.633691 iter 7 next_points [{'alpha': 0.03898862726165292, 'batch_size': 11, 'beta_1': 0.9088865043555004, 'beta_2': 0.9991551254592158, 'epsilon': 7.627040171652931e-07, 'hidden_layer_sizes': 157, 'learning_rate_init': 0.0001023940541025774, 'tol': 0.0047925864259198035, 'validation_fraction': 0.3269833314880754}]
function_evaluation time 0.335163 value 11.262829 suggestion {'alpha': 0.03898862726165292, 'batch_size': 11, 'beta_1': 0.9088865043555004, 'beta_2': 0.9991551254592158, 'epsilon': 7.627040171652931e-07, 'hidden_layer_sizes': 157, 'learning_rate_init': 0.0001023940541025774, 'tol': 0.0047925864259198035, 'validation_fraction': 0.3269833314880754}
observation time 0.000003, current best 1.202958 at iter 7
suggestion time taken 16.055396 iter 8 next_points [{'alpha': 0.01546256356612473, 'batch_size': 139, 'beta_1': 0.9848107454710691, 'beta_2': 0.999757432717105, 'epsilon': 3.859742680498134e-07, 'hidden_layer_sizes': 122, 'learning_rate_init': 0.00036716728787530265, 'tol': 8.765022751135308e-05, 'validation_fraction': 0.1307846690905122}]
/home/ryedida/.local/lib/python3.8/site-packages/sklearn/neural_network/_multilayer_perceptron.py:621: UserWarning: Got `batch_size` less than 1 or larger than sample size. It is going to be clipped
  warnings.warn(

function_evaluation time 0.122768 value 15.942572 suggestion {'alpha': 0.01546256356612473, 'batch_size': 139, 'beta_1': 0.9848107454710691, 'beta_2': 0.999757432717105, 'epsilon': 3.859742680498134e-07, 'hidden_layer_sizes': 122, 'learning_rate_init': 0.00036716728787530265, 'tol': 8.765022751135308e-05, 'validation_fraction': 0.1307846690905122}
observation time 0.000004, current best 1.202958 at iter 8
suggestion time taken 15.579465 iter 9 next_points [{'alpha': 0.009337371459835358, 'batch_size': 138, 'beta_1': 0.9800256076966519, 'beta_2': 0.9992469030707692, 'epsilon': 2.962609017752644e-09, 'hidden_layer_sizes': 81, 'learning_rate_init': 0.001168675637944548, 'tol': 2.793118190143414e-05, 'validation_fraction': 0.4442001072168501}]
/home/ryedida/.local/lib/python3.8/site-packages/sklearn/neural_network/_multilayer_perceptron.py:621: UserWarning: Got `batch_size` less than 1 or larger than sample size. It is going to be clipped
  warnings.warn(

function_evaluation time 0.106603 value 15.540486 suggestion {'alpha': 0.009337371459835358, 'batch_size': 138, 'beta_1': 0.9800256076966519, 'beta_2': 0.9992469030707692, 'epsilon': 2.962609017752644e-09, 'hidden_layer_sizes': 81, 'learning_rate_init': 0.001168675637944548, 'tol': 2.793118190143414e-05, 'validation_fraction': 0.4442001072168501}
observation time 0.000003, current best 1.202958 at iter 9
suggestion time taken 16.231115 iter 10 next_points [{'alpha': 0.0003495740277357173, 'batch_size': 28, 'beta_1': 0.8474786552118534, 'beta_2': 0.9987023536148729, 'epsilon': 2.026464331699009e-07, 'hidden_layer_sizes': 146, 'learning_rate_init': 0.00011251951643287392, 'tol': 0.0738818162682202, 'validation_fraction': 0.7415832624402059}]
function_evaluation time 0.110938 value 21.045782 suggestion {'alpha': 0.0003495740277357173, 'batch_size': 28, 'beta_1': 0.8474786552118534, 'beta_2': 0.9987023536148729, 'epsilon': 2.026464331699009e-07, 'hidden_layer_sizes': 146, 'learning_rate_init': 0.00011251951643287392, 'tol': 0.0738818162682202, 'validation_fraction': 0.7415832624402059}
observation time 0.000003, current best 1.202958 at iter 10
suggestion time taken 15.873752 iter 11 next_points [{'alpha': 0.00038207832767347, 'batch_size': 132, 'beta_1': 0.6544592885973219, 'beta_2': 0.9923491150879088, 'epsilon': 7.888759979939785e-09, 'hidden_layer_sizes': 148, 'learning_rate_init': 0.0025638232476125023, 'tol': 0.06781783163108351, 'validation_fraction': 0.5012355413150185}]
/home/ryedida/.local/lib/python3.8/site-packages/sklearn/neural_network/_multilayer_perceptron.py:621: UserWarning: Got `batch_size` less than 1 or larger than sample size. It is going to be clipped
  warnings.warn(

function_evaluation time 0.116654 value 5.107128 suggestion {'alpha': 0.00038207832767347, 'batch_size': 132, 'beta_1': 0.6544592885973219, 'beta_2': 0.9923491150879088, 'epsilon': 7.888759979939785e-09, 'hidden_layer_sizes': 148, 'learning_rate_init': 0.0025638232476125023, 'tol': 0.06781783163108351, 'validation_fraction': 0.5012355413150185}
observation time 0.000003, current best 1.202958 at iter 11
suggestion time taken 15.808355 iter 12 next_points [{'alpha': 0.012503013563652798, 'batch_size': 47, 'beta_1': 0.8318060402990681, 'beta_2': 0.9992555517255504, 'epsilon': 3.036582446773327e-07, 'hidden_layer_sizes': 200, 'learning_rate_init': 0.027031493942609012, 'tol': 0.0002573081299565877, 'validation_fraction': 0.12244453704401775}]
function_evaluation time 0.298475 value 2.785147 suggestion {'alpha': 0.012503013563652798, 'batch_size': 47, 'beta_1': 0.8318060402990681, 'beta_2': 0.9992555517255504, 'epsilon': 3.036582446773327e-07, 'hidden_layer_sizes': 200, 'learning_rate_init': 0.027031493942609012, 'tol': 0.0002573081299565877, 'validation_fraction': 0.12244453704401775}
observation time 0.000004, current best 1.202958 at iter 12
suggestion time taken 16.100344 iter 13 next_points [{'alpha': 0.02548029812750061, 'batch_size': 35, 'beta_1': 0.7835992787399793, 'beta_2': 0.9999963639000314, 'epsilon': 8.192652264781858e-07, 'hidden_layer_sizes': 87, 'learning_rate_init': 0.00014171657325619282, 'tol': 1.0221876344470158e-05, 'validation_fraction': 0.19349573913737356}]
function_evaluation time 0.152181 value 16.951176 suggestion {'alpha': 0.02548029812750061, 'batch_size': 35, 'beta_1': 0.7835992787399793, 'beta_2': 0.9999963639000314, 'epsilon': 8.192652264781858e-07, 'hidden_layer_sizes': 87, 'learning_rate_init': 0.00014171657325619282, 'tol': 1.0221876344470158e-05, 'validation_fraction': 0.19349573913737356}
observation time 0.000003, current best 1.202958 at iter 13
suggestion time taken 15.558779 iter 14 next_points [{'alpha': 1.0539527132332281e-05, 'batch_size': 67, 'beta_1': 0.9100003934190185, 'beta_2': 0.9919143893794035, 'epsilon': 4.034842511906388e-09, 'hidden_layer_sizes': 146, 'learning_rate_init': 1.332226449798998e-05, 'tol': 0.006335243094512192, 'validation_fraction': 0.7704270464695366}]
/home/ryedida/.local/lib/python3.8/site-packages/sklearn/neural_network/_multilayer_perceptron.py:621: UserWarning: Got `batch_size` less than 1 or larger than sample size. It is going to be clipped
  warnings.warn(

function_evaluation time 0.084727 value 19.950908 suggestion {'alpha': 1.0539527132332281e-05, 'batch_size': 67, 'beta_1': 0.9100003934190185, 'beta_2': 0.9919143893794035, 'epsilon': 4.034842511906388e-09, 'hidden_layer_sizes': 146, 'learning_rate_init': 1.332226449798998e-05, 'tol': 0.006335243094512192, 'validation_fraction': 0.7704270464695366}
observation time 0.000003, current best 1.202958 at iter 14
suggestion time taken 15.979805 iter 15 next_points [{'alpha': 0.7870164237374198, 'batch_size': 69, 'beta_1': 0.9065787535108922, 'beta_2': 0.9999323853372625, 'epsilon': 8.233744861825078e-09, 'hidden_layer_sizes': 112, 'learning_rate_init': 0.000128335403370541, 'tol': 0.0004313170139838286, 'validation_fraction': 0.8530277311695718}]
/home/ryedida/.local/lib/python3.8/site-packages/sklearn/neural_network/_multilayer_perceptron.py:621: UserWarning: Got `batch_size` less than 1 or larger than sample size. It is going to be clipped
  warnings.warn(

function_evaluation time 0.134300 value 13.204976 suggestion {'alpha': 0.7870164237374198, 'batch_size': 69, 'beta_1': 0.9065787535108922, 'beta_2': 0.9999323853372625, 'epsilon': 8.233744861825078e-09, 'hidden_layer_sizes': 112, 'learning_rate_init': 0.000128335403370541, 'tol': 0.0004313170139838286, 'validation_fraction': 0.8530277311695718}
observation time 0.000003, current best 1.202958 at iter 15
suggestion time taken 15.471938 iter 16 next_points [{'alpha': 0.0001461208129893064, 'batch_size': 70, 'beta_1': 0.9374355936511566, 'beta_2': 0.9977756320889466, 'epsilon': 2.141903038634487e-09, 'hidden_layer_sizes': 70, 'learning_rate_init': 0.04399778458869403, 'tol': 0.020223226357967916, 'validation_fraction': 0.1768691514227202}]
function_evaluation time 0.228684 value 6.081688 suggestion {'alpha': 0.0001461208129893064, 'batch_size': 70, 'beta_1': 0.9374355936511566, 'beta_2': 0.9977756320889466, 'epsilon': 2.141903038634487e-09, 'hidden_layer_sizes': 70, 'learning_rate_init': 0.04399778458869403, 'tol': 0.020223226357967916, 'validation_fraction': 0.1768691514227202}
observation time 0.000003, current best 1.202958 at iter 16
suggestion time taken 16.002594 iter 17 next_points [{'alpha': 0.22838756522627085, 'batch_size': 46, 'beta_1': 0.7981661967777753, 'beta_2': 0.9999979248919093, 'epsilon': 2.021851612421945e-08, 'hidden_layer_sizes': 179, 'learning_rate_init': 0.0001471022632412356, 'tol': 3.8426077443320895e-05, 'validation_fraction': 0.845424735248483}]
/home/ryedida/.local/lib/python3.8/site-packages/sklearn/neural_network/_multilayer_perceptron.py:621: UserWarning: Got `batch_size` less than 1 or larger than sample size. It is going to be clipped
  warnings.warn(

function_evaluation time 0.132346 value 17.326015 suggestion {'alpha': 0.22838756522627085, 'batch_size': 46, 'beta_1': 0.7981661967777753, 'beta_2': 0.9999979248919093, 'epsilon': 2.021851612421945e-08, 'hidden_layer_sizes': 179, 'learning_rate_init': 0.0001471022632412356, 'tol': 3.8426077443320895e-05, 'validation_fraction': 0.845424735248483}
observation time 0.000005, current best 1.202958 at iter 17
suggestion time taken 15.313774 iter 18 next_points [{'alpha': 0.0005447020441383706, 'batch_size': 28, 'beta_1': 0.9812406044598853, 'beta_2': 0.9999900794721072, 'epsilon': 4.352524116111169e-09, 'hidden_layer_sizes': 129, 'learning_rate_init': 0.06760732043938233, 'tol': 0.003443763764715193, 'validation_fraction': 0.7416607198801057}]
function_evaluation time 0.146616 value 15.409575 suggestion {'alpha': 0.0005447020441383706, 'batch_size': 28, 'beta_1': 0.9812406044598853, 'beta_2': 0.9999900794721072, 'epsilon': 4.352524116111169e-09, 'hidden_layer_sizes': 129, 'learning_rate_init': 0.06760732043938233, 'tol': 0.003443763764715193, 'validation_fraction': 0.7416607198801057}
observation time 0.000003, current best 1.202958 at iter 18
suggestion time taken 16.040218 iter 19 next_points [{'alpha': 0.08513408183726072, 'batch_size': 47, 'beta_1': 0.5468968814959431, 'beta_2': 0.9999883918971634, 'epsilon': 1.8308973027515863e-07, 'hidden_layer_sizes': 107, 'learning_rate_init': 8.638551545905827e-05, 'tol': 0.0002951941991637291, 'validation_fraction': 0.5102292355374556}]
function_evaluation time 0.132711 value 22.094147 suggestion {'alpha': 0.08513408183726072, 'batch_size': 47, 'beta_1': 0.5468968814959431, 'beta_2': 0.9999883918971634, 'epsilon': 1.8308973027515863e-07, 'hidden_layer_sizes': 107, 'learning_rate_init': 8.638551545905827e-05, 'tol': 0.0002951941991637291, 'validation_fraction': 0.5102292355374556}
observation time 0.000003, current best 1.202958 at iter 19
suggestion time taken 15.363853 iter 20 next_points [{'alpha': 3.0286727964511643e-05, 'batch_size': 70, 'beta_1': 0.9848632150104003, 'beta_2': 0.9999907613281197, 'epsilon': 1.844749441165598e-08, 'hidden_layer_sizes': 105, 'learning_rate_init': 6.484888100484083e-05, 'tol': 3.536260033839748e-05, 'validation_fraction': 0.791299046965286}]
/home/ryedida/.local/lib/python3.8/site-packages/sklearn/neural_network/_multilayer_perceptron.py:621: UserWarning: Got `batch_size` less than 1 or larger than sample size. It is going to be clipped
  warnings.warn(

function_evaluation time 0.076606 value 20.607011 suggestion {'alpha': 3.0286727964511643e-05, 'batch_size': 70, 'beta_1': 0.9848632150104003, 'beta_2': 0.9999907613281197, 'epsilon': 1.844749441165598e-08, 'hidden_layer_sizes': 105, 'learning_rate_init': 6.484888100484083e-05, 'tol': 3.536260033839748e-05, 'validation_fraction': 0.791299046965286}
observation time 0.000004, current best 1.202958 at iter 20
suggestion time taken 16.388745 iter 21 next_points [{'alpha': 0.017929308741392695, 'batch_size': 28, 'beta_1': 0.9768931756317528, 'beta_2': 0.9999887323594727, 'epsilon': 4.6712416140119064e-08, 'hidden_layer_sizes': 71, 'learning_rate_init': 0.0025963670282016203, 'tol': 0.0005658496301235315, 'validation_fraction': 0.8175679253419224}]
/home/ryedida/.local/lib/python3.8/site-packages/sklearn/neural_network/_multilayer_perceptron.py:621: UserWarning: Got `batch_size` less than 1 or larger than sample size. It is going to be clipped
  warnings.warn(

function_evaluation time 0.147785 value 12.520278 suggestion {'alpha': 0.017929308741392695, 'batch_size': 28, 'beta_1': 0.9768931756317528, 'beta_2': 0.9999887323594727, 'epsilon': 4.6712416140119064e-08, 'hidden_layer_sizes': 71, 'learning_rate_init': 0.0025963670282016203, 'tol': 0.0005658496301235315, 'validation_fraction': 0.8175679253419224}
observation time 0.000003, current best 1.202958 at iter 21
suggestion time taken 16.059359 iter 22 next_points [{'alpha': 0.10776029756706497, 'batch_size': 141, 'beta_1': 0.7652015483389613, 'beta_2': 0.9999922751615353, 'epsilon': 6.98267167121996e-09, 'hidden_layer_sizes': 96, 'learning_rate_init': 0.012265696205456615, 'tol': 0.005605197838231539, 'validation_fraction': 0.29388647967617676}]
/home/ryedida/.local/lib/python3.8/site-packages/sklearn/neural_network/_multilayer_perceptron.py:621: UserWarning: Got `batch_size` less than 1 or larger than sample size. It is going to be clipped
  warnings.warn(

function_evaluation time 0.184986 value 4.005607 suggestion {'alpha': 0.10776029756706497, 'batch_size': 141, 'beta_1': 0.7652015483389613, 'beta_2': 0.9999922751615353, 'epsilon': 6.98267167121996e-09, 'hidden_layer_sizes': 96, 'learning_rate_init': 0.012265696205456615, 'tol': 0.005605197838231539, 'validation_fraction': 0.29388647967617676}
observation time 0.000004, current best 1.202958 at iter 22
suggestion time taken 16.321064 iter 23 next_points [{'alpha': 3.0284569645795093e-05, 'batch_size': 35, 'beta_1': 0.7100324661049183, 'beta_2': 0.9991804585673977, 'epsilon': 2.896691024270313e-08, 'hidden_layer_sizes': 86, 'learning_rate_init': 0.0033660590761245167, 'tol': 0.0035498855406338, 'validation_fraction': 0.2925307793213388}]
function_evaluation time 0.236677 value 7.076475 suggestion {'alpha': 3.0284569645795093e-05, 'batch_size': 35, 'beta_1': 0.7100324661049183, 'beta_2': 0.9991804585673977, 'epsilon': 2.896691024270313e-08, 'hidden_layer_sizes': 86, 'learning_rate_init': 0.0033660590761245167, 'tol': 0.0035498855406338, 'validation_fraction': 0.2925307793213388}
observation time 0.000003, current best 1.202958 at iter 23
suggestion time taken 15.514974 iter 24 next_points [{'alpha': 1.0959356243751368e-05, 'batch_size': 141, 'beta_1': 0.9451011756815351, 'beta_2': 0.9999245604678295, 'epsilon': 1.0728643583621306e-09, 'hidden_layer_sizes': 122, 'learning_rate_init': 0.031160204486785754, 'tol': 0.0006622021926790484, 'validation_fraction': 0.1840127883845473}]
/home/ryedida/.local/lib/python3.8/site-packages/sklearn/neural_network/_multilayer_perceptron.py:621: UserWarning: Got `batch_size` less than 1 or larger than sample size. It is going to be clipped
  warnings.warn(

function_evaluation time 0.179719 value 15.418860 suggestion {'alpha': 1.0959356243751368e-05, 'batch_size': 141, 'beta_1': 0.9451011756815351, 'beta_2': 0.9999245604678295, 'epsilon': 1.0728643583621306e-09, 'hidden_layer_sizes': 122, 'learning_rate_init': 0.031160204486785754, 'tol': 0.0006622021926790484, 'validation_fraction': 0.1840127883845473}
observation time 0.000003, current best 1.202958 at iter 24
suggestion time taken 16.493212 iter 25 next_points [{'alpha': 4.897844298002041, 'batch_size': 20, 'beta_1': 0.7226621319217782, 'beta_2': 0.9998808613565445, 'epsilon': 3.644062903685375e-08, 'hidden_layer_sizes': 157, 'learning_rate_init': 7.440200585179166e-05, 'tol': 2.3907634732700478e-05, 'validation_fraction': 0.6299946168604469}]
function_evaluation time 0.279140 value 11.685468 suggestion {'alpha': 4.897844298002041, 'batch_size': 20, 'beta_1': 0.7226621319217782, 'beta_2': 0.9998808613565445, 'epsilon': 3.644062903685375e-08, 'hidden_layer_sizes': 157, 'learning_rate_init': 7.440200585179166e-05, 'tol': 2.3907634732700478e-05, 'validation_fraction': 0.6299946168604469}
observation time 0.000003, current best 1.202958 at iter 25
suggestion time taken 15.565322 iter 26 next_points [{'alpha': 1.3638495487885278e-05, 'batch_size': 70, 'beta_1': 0.9090853929000179, 'beta_2': 0.9999975151785181, 'epsilon': 4.423696215693047e-07, 'hidden_layer_sizes': 109, 'learning_rate_init': 0.08326770493827086, 'tol': 0.07589652627631358, 'validation_fraction': 0.6531835799538668}]
/home/ryedida/.local/lib/python3.8/site-packages/sklearn/neural_network/_multilayer_perceptron.py:621: UserWarning: Got `batch_size` less than 1 or larger than sample size. It is going to be clipped
  warnings.warn(

function_evaluation time 0.106043 value 6.323940 suggestion {'alpha': 1.3638495487885278e-05, 'batch_size': 70, 'beta_1': 0.9090853929000179, 'beta_2': 0.9999975151785181, 'epsilon': 4.423696215693047e-07, 'hidden_layer_sizes': 109, 'learning_rate_init': 0.08326770493827086, 'tol': 0.07589652627631358, 'validation_fraction': 0.6531835799538668}
observation time 0.000003, current best 1.202958 at iter 26
suggestion time taken 16.271122 iter 27 next_points [{'alpha': 0.0613518781617715, 'batch_size': 35, 'beta_1': 0.9449536307587718, 'beta_2': 0.981715821506705, 'epsilon': 4.441622793557358e-08, 'hidden_layer_sizes': 120, 'learning_rate_init': 2.9711751243794996e-05, 'tol': 0.028241417888948184, 'validation_fraction': 0.5093867905398016}]
function_evaluation time 0.139256 value 20.130268 suggestion {'alpha': 0.0613518781617715, 'batch_size': 35, 'beta_1': 0.9449536307587718, 'beta_2': 0.981715821506705, 'epsilon': 4.441622793557358e-08, 'hidden_layer_sizes': 120, 'learning_rate_init': 2.9711751243794996e-05, 'tol': 0.028241417888948184, 'validation_fraction': 0.5093867905398016}
observation time 0.000004, current best 1.202958 at iter 27
suggestion time taken 15.669110 iter 28 next_points [{'alpha': 0.0017022637683597223, 'batch_size': 12, 'beta_1': 0.7715629065386302, 'beta_2': 0.9925639602485011, 'epsilon': 5.571805631468372e-07, 'hidden_layer_sizes': 163, 'learning_rate_init': 0.005779465812807993, 'tol': 0.00010579629264912928, 'validation_fraction': 0.19491404444084645}]
function_evaluation time 0.626000 value 0.911369 suggestion {'alpha': 0.0017022637683597223, 'batch_size': 12, 'beta_1': 0.7715629065386302, 'beta_2': 0.9925639602485011, 'epsilon': 5.571805631468372e-07, 'hidden_layer_sizes': 163, 'learning_rate_init': 0.005779465812807993, 'tol': 0.00010579629264912928, 'validation_fraction': 0.19491404444084645}
observation time 0.000005, current best 0.911369 at iter 28
suggestion time taken 16.638700 iter 29 next_points [{'alpha': 0.04197678552226902, 'batch_size': 47, 'beta_1': 0.8303116420486258, 'beta_2': 0.9999740590664203, 'epsilon': 4.12022962745009e-07, 'hidden_layer_sizes': 100, 'learning_rate_init': 0.000788557041918042, 'tol': 0.007677296026532717, 'validation_fraction': 0.6787867922556444}]
/home/ryedida/.local/lib/python3.8/site-packages/sklearn/neural_network/_multilayer_perceptron.py:621: UserWarning: Got `batch_size` less than 1 or larger than sample size. It is going to be clipped
  warnings.warn(

function_evaluation time 0.219581 value 11.394158 suggestion {'alpha': 0.04197678552226902, 'batch_size': 47, 'beta_1': 0.8303116420486258, 'beta_2': 0.9999740590664203, 'epsilon': 4.12022962745009e-07, 'hidden_layer_sizes': 100, 'learning_rate_init': 0.000788557041918042, 'tol': 0.007677296026532717, 'validation_fraction': 0.6787867922556444}
observation time 0.000004, current best 0.911369 at iter 29
suggestion time taken 15.702924 iter 30 next_points [{'alpha': 0.00018172077094406912, 'batch_size': 35, 'beta_1': 0.9722050206242576, 'beta_2': 0.9999464945432647, 'epsilon': 2.109563439989725e-09, 'hidden_layer_sizes': 197, 'learning_rate_init': 0.0027034134270827585, 'tol': 1.2483171647167324e-05, 'validation_fraction': 0.22881295372833158}]
function_evaluation time 0.393340 value 2.139812 suggestion {'alpha': 0.00018172077094406912, 'batch_size': 35, 'beta_1': 0.9722050206242576, 'beta_2': 0.9999464945432647, 'epsilon': 2.109563439989725e-09, 'hidden_layer_sizes': 197, 'learning_rate_init': 0.0027034134270827585, 'tol': 1.2483171647167324e-05, 'validation_fraction': 0.22881295372833158}
observation time 0.000004, current best 0.911369 at iter 30
suggestion time taken 16.665884 iter 31 next_points [{'alpha': 0.0026683903853726995, 'batch_size': 139, 'beta_1': 0.9801802149475808, 'beta_2': 0.9999847613152769, 'epsilon': 6.16338466857641e-09, 'hidden_layer_sizes': 116, 'learning_rate_init': 3.7841426476973696e-05, 'tol': 7.632309505973174e-05, 'validation_fraction': 0.42881442743056963}]
/home/ryedida/.local/lib/python3.8/site-packages/sklearn/neural_network/_multilayer_perceptron.py:621: UserWarning: Got `batch_size` less than 1 or larger than sample size. It is going to be clipped
  warnings.warn(

function_evaluation time 0.088144 value 21.887753 suggestion {'alpha': 0.0026683903853726995, 'batch_size': 139, 'beta_1': 0.9801802149475808, 'beta_2': 0.9999847613152769, 'epsilon': 6.16338466857641e-09, 'hidden_layer_sizes': 116, 'learning_rate_init': 3.7841426476973696e-05, 'tol': 7.632309505973174e-05, 'validation_fraction': 0.42881442743056963}
observation time 0.000004, current best 0.911369 at iter 31
suggestion time taken 15.716076 iter 32 next_points [{'alpha': 0.01805854678673125, 'batch_size': 47, 'beta_1': 0.9513607881125776, 'beta_2': 0.9635859150799216, 'epsilon': 2.0710002645262818e-09, 'hidden_layer_sizes': 162, 'learning_rate_init': 6.319456627619058e-05, 'tol': 0.014398093610864306, 'validation_fraction': 0.40715192887087603}]
function_evaluation time 0.119710 value 20.729435 suggestion {'alpha': 0.01805854678673125, 'batch_size': 47, 'beta_1': 0.9513607881125776, 'beta_2': 0.9635859150799216, 'epsilon': 2.0710002645262818e-09, 'hidden_layer_sizes': 162, 'learning_rate_init': 6.319456627619058e-05, 'tol': 0.014398093610864306, 'validation_fraction': 0.40715192887087603}
observation time 0.000003, current best 0.911369 at iter 32
suggestion time taken 16.734462 iter 33 next_points [{'alpha': 0.0024568898698186735, 'batch_size': 20, 'beta_1': 0.9853284506344974, 'beta_2': 0.9974775530582493, 'epsilon': 1.3380247997072262e-09, 'hidden_layer_sizes': 190, 'learning_rate_init': 0.002175305464429962, 'tol': 5.4059400265234814e-05, 'validation_fraction': 0.552666442853085}]
function_evaluation time 0.407059 value 1.819300 suggestion {'alpha': 0.0024568898698186735, 'batch_size': 20, 'beta_1': 0.9853284506344974, 'beta_2': 0.9974775530582493, 'epsilon': 1.3380247997072262e-09, 'hidden_layer_sizes': 190, 'learning_rate_init': 0.002175305464429962, 'tol': 5.4059400265234814e-05, 'validation_fraction': 0.552666442853085}
observation time 0.000004, current best 0.911369 at iter 33
suggestion time taken 15.800327 iter 34 next_points [{'alpha': 2.575123947554966, 'batch_size': 11, 'beta_1': 0.8041754055701117, 'beta_2': 0.9999979801635678, 'epsilon': 1.9929142384406257e-09, 'hidden_layer_sizes': 56, 'learning_rate_init': 0.007298542449040311, 'tol': 0.00013810449375760588, 'validation_fraction': 0.5967819027079934}]
function_evaluation time 0.302503 value 2.315490 suggestion {'alpha': 2.575123947554966, 'batch_size': 11, 'beta_1': 0.8041754055701117, 'beta_2': 0.9999979801635678, 'epsilon': 1.9929142384406257e-09, 'hidden_layer_sizes': 56, 'learning_rate_init': 0.007298542449040311, 'tol': 0.00013810449375760588, 'validation_fraction': 0.5967819027079934}
observation time 0.000003, current best 0.911369 at iter 34
suggestion time taken 16.371459 iter 35 next_points [{'alpha': 0.005374923860933284, 'batch_size': 15, 'beta_1': 0.506541461601319, 'beta_2': 0.9976317009738485, 'epsilon': 2.609581809022202e-07, 'hidden_layer_sizes': 129, 'learning_rate_init': 2.1432116845402177e-05, 'tol': 0.0014418503562907935, 'validation_fraction': 0.17779590723719402}]
function_evaluation time 0.247793 value 18.824490 suggestion {'alpha': 0.005374923860933284, 'batch_size': 15, 'beta_1': 0.506541461601319, 'beta_2': 0.9976317009738485, 'epsilon': 2.609581809022202e-07, 'hidden_layer_sizes': 129, 'learning_rate_init': 2.1432116845402177e-05, 'tol': 0.0014418503562907935, 'validation_fraction': 0.17779590723719402}
observation time 0.000004, current best 0.911369 at iter 35
suggestion time taken 16.960130 iter 36 next_points [{'alpha': 3.6147474905777286, 'batch_size': 14, 'beta_1': 0.6929461463870957, 'beta_2': 0.9991346954194905, 'epsilon': 2.8988533006242634e-07, 'hidden_layer_sizes': 188, 'learning_rate_init': 0.003485615114920266, 'tol': 0.000516507622405332, 'validation_fraction': 0.15101318038996486}]
function_evaluation time 0.527667 value 1.220388 suggestion {'alpha': 3.6147474905777286, 'batch_size': 14, 'beta_1': 0.6929461463870957, 'beta_2': 0.9991346954194905, 'epsilon': 2.8988533006242634e-07, 'hidden_layer_sizes': 188, 'learning_rate_init': 0.003485615114920266, 'tol': 0.000516507622405332, 'validation_fraction': 0.15101318038996486}
observation time 0.000004, current best 0.911369 at iter 36
suggestion time taken 16.175620 iter 37 next_points [{'alpha': 2.7747086898890756e-05, 'batch_size': 35, 'beta_1': 0.947691827966341, 'beta_2': 0.9999625757408428, 'epsilon': 1.9071625472921516e-08, 'hidden_layer_sizes': 65, 'learning_rate_init': 6.0267760195023146e-05, 'tol': 0.0006390747632701935, 'validation_fraction': 0.5982855911133551}]
function_evaluation time 0.129893 value 19.021316 suggestion {'alpha': 2.7747086898890756e-05, 'batch_size': 35, 'beta_1': 0.947691827966341, 'beta_2': 0.9999625757408428, 'epsilon': 1.9071625472921516e-08, 'hidden_layer_sizes': 65, 'learning_rate_init': 6.0267760195023146e-05, 'tol': 0.0006390747632701935, 'validation_fraction': 0.5982855911133551}
observation time 0.000004, current best 0.911369 at iter 37
suggestion time taken 17.148192 iter 38 next_points [{'alpha': 0.00026935266880814834, 'batch_size': 23, 'beta_1': 0.7861559125707139, 'beta_2': 0.9664735368342573, 'epsilon': 6.4775618268931996e-09, 'hidden_layer_sizes': 134, 'learning_rate_init': 0.001307871382610184, 'tol': 1.4924156872984309e-05, 'validation_fraction': 0.3210990175116885}]
function_evaluation time 0.489127 value 0.457997 suggestion {'alpha': 0.00026935266880814834, 'batch_size': 23, 'beta_1': 0.7861559125707139, 'beta_2': 0.9664735368342573, 'epsilon': 6.4775618268931996e-09, 'hidden_layer_sizes': 134, 'learning_rate_init': 0.001307871382610184, 'tol': 1.4924156872984309e-05, 'validation_fraction': 0.3210990175116885}
observation time 0.000003, current best 0.457997 at iter 38
suggestion time taken 16.239816 iter 39 next_points [{'alpha': 0.17332324125117524, 'batch_size': 34, 'beta_1': 0.9736704487234457, 'beta_2': 0.9985426148083225, 'epsilon': 1.3418999964144546e-09, 'hidden_layer_sizes': 174, 'learning_rate_init': 0.0019529543426605206, 'tol': 0.024277665793447676, 'validation_fraction': 0.16281609854884604}]
function_evaluation time 0.321330 value 4.360384 suggestion {'alpha': 0.17332324125117524, 'batch_size': 34, 'beta_1': 0.9736704487234457, 'beta_2': 0.9985426148083225, 'epsilon': 1.3418999964144546e-09, 'hidden_layer_sizes': 174, 'learning_rate_init': 0.0019529543426605206, 'tol': 0.024277665793447676, 'validation_fraction': 0.16281609854884604}
observation time 0.000004, current best 0.457997 at iter 39
suggestion time taken 16.709583 iter 40 next_points [{'alpha': 0.00010785605649569067, 'batch_size': 69, 'beta_1': 0.983792675283596, 'beta_2': 0.9123379451532926, 'epsilon': 2.512942549394036e-07, 'hidden_layer_sizes': 181, 'learning_rate_init': 0.011609147091075148, 'tol': 1.828802131163687e-05, 'validation_fraction': 0.11864034187950141}]
function_evaluation time 0.243753 value 8.164515 suggestion {'alpha': 0.00010785605649569067, 'batch_size': 69, 'beta_1': 0.983792675283596, 'beta_2': 0.9123379451532926, 'epsilon': 2.512942549394036e-07, 'hidden_layer_sizes': 181, 'learning_rate_init': 0.011609147091075148, 'tol': 1.828802131163687e-05, 'validation_fraction': 0.11864034187950141}
observation time 0.000003, current best 0.457997 at iter 40
suggestion time taken 16.106663 iter 41 next_points [{'alpha': 1.3685400449881109e-05, 'batch_size': 23, 'beta_1': 0.9830170426251044, 'beta_2': 0.9998592462827731, 'epsilon': 2.277737221447203e-07, 'hidden_layer_sizes': 74, 'learning_rate_init': 0.010897664405654373, 'tol': 5.769643645405099e-05, 'validation_fraction': 0.25426880442946587}]
function_evaluation time 0.400175 value 4.070236 suggestion {'alpha': 1.3685400449881109e-05, 'batch_size': 23, 'beta_1': 0.9830170426251044, 'beta_2': 0.9998592462827731, 'epsilon': 2.277737221447203e-07, 'hidden_layer_sizes': 74, 'learning_rate_init': 0.010897664405654373, 'tol': 5.769643645405099e-05, 'validation_fraction': 0.25426880442946587}
observation time 0.000003, current best 0.457997 at iter 41
suggestion time taken 16.018221 iter 42 next_points [{'alpha': 0.3518732537684877, 'batch_size': 46, 'beta_1': 0.735784829637555, 'beta_2': 0.999831084510172, 'epsilon': 1.8431199046629212e-07, 'hidden_layer_sizes': 185, 'learning_rate_init': 0.00011671614359277471, 'tol': 2.837966833716336e-05, 'validation_fraction': 0.3146016417045007}]
function_evaluation time 0.142010 value 15.896507 suggestion {'alpha': 0.3518732537684877, 'batch_size': 46, 'beta_1': 0.735784829637555, 'beta_2': 0.999831084510172, 'epsilon': 1.8431199046629212e-07, 'hidden_layer_sizes': 185, 'learning_rate_init': 0.00011671614359277471, 'tol': 2.837966833716336e-05, 'validation_fraction': 0.3146016417045007}
observation time 0.000004, current best 0.457997 at iter 42
suggestion time taken 17.168136 iter 43 next_points [{'alpha': 0.000807550593854242, 'batch_size': 14, 'beta_1': 0.5934331061745348, 'beta_2': 0.9989023347674698, 'epsilon': 9.189455495147222e-08, 'hidden_layer_sizes': 99, 'learning_rate_init': 0.0007231531972594648, 'tol': 0.06606188235234722, 'validation_fraction': 0.1645992792277748}]
function_evaluation time 0.475262 value 0.707337 suggestion {'alpha': 0.000807550593854242, 'batch_size': 14, 'beta_1': 0.5934331061745348, 'beta_2': 0.9989023347674698, 'epsilon': 9.189455495147222e-08, 'hidden_layer_sizes': 99, 'learning_rate_init': 0.0007231531972594648, 'tol': 0.06606188235234722, 'validation_fraction': 0.1645992792277748}
observation time 0.000003, current best 0.457997 at iter 43
suggestion time taken 16.556254 iter 44 next_points [{'alpha': 0.0002172667722078011, 'batch_size': 133, 'beta_1': 0.903978807109396, 'beta_2': 0.9999096349001736, 'epsilon': 7.394514423261944e-08, 'hidden_layer_sizes': 86, 'learning_rate_init': 0.00030237158357144736, 'tol': 0.003622369585035009, 'validation_fraction': 0.1759318094970221}]
/home/ryedida/.local/lib/python3.8/site-packages/sklearn/neural_network/_multilayer_perceptron.py:621: UserWarning: Got `batch_size` less than 1 or larger than sample size. It is going to be clipped
  warnings.warn(

function_evaluation time 0.093111 value 21.152613 suggestion {'alpha': 0.0002172667722078011, 'batch_size': 133, 'beta_1': 0.903978807109396, 'beta_2': 0.9999096349001736, 'epsilon': 7.394514423261944e-08, 'hidden_layer_sizes': 86, 'learning_rate_init': 0.00030237158357144736, 'tol': 0.003622369585035009, 'validation_fraction': 0.1759318094970221}
observation time 0.000003, current best 0.457997 at iter 44
saving meta data: {'args': {'--uuid': 'df421b53abfa52e3af3f8f4b68cd5615', '-db-root': '/home/ryedida/bbo_challenge_starter_kit/output', '--opt-root': '/home/ryedida/bbo_challenge_starter_kit/example_submissions', '--data-root': None, '--db': 'run_20231015_053414', '--opt': 'strongcvx', '--data': 'wine', '--classifier': 'MLP-adam', '--metric': 'nll', '--calls': 45, '--suggestions': 1, '--jobs-file': None, '--verbose': False, 'dry_run': False, 'rev': 'a376313', 'opt_rev': 'x.x.x'}, 'signature': ([{'alpha': 0.019628224813442792, 'batch_size': 182, 'beta_1': 0.9410202200271762, 'beta_2': 0.9998021557676793, 'epsilon': 1.8662266976518e-08, 'hidden_layer_sizes': 147, 'learning_rate_init': 0.0005627932047415167, 'tol': 0.03690557729213761, 'validation_fraction': 0.8846827852548593}, {'alpha': 0.001998246739232944, 'batch_size': 200, 'beta_1': 0.919111482530466, 'beta_2': 0.9998488260436156, 'epsilon': 5.981221901152555e-07, 'hidden_layer_sizes': 61, 'learning_rate_init': 2.2310905607443014e-05, 'tol': 1.2046852412030316e-05, 'validation_fraction': 0.8117896445826539}, {'alpha': 0.46659545670218433, 'batch_size': 219, 'beta_1': 0.9889789783750891, 'beta_2': 0.9999896868093284, 'epsilon': 2.4234724484675948e-08, 'hidden_layer_sizes': 167, 'learning_rate_init': 2.972334644335654e-05, 'tol': 0.0036281404040243792, 'validation_fraction': 0.17260651658522078}, {'alpha': 4.656005689076002, 'batch_size': 135, 'beta_1': 0.870503881627747, 'beta_2': 0.9948873266941017, 'epsilon': 2.1023308743480125e-07, 'hidden_layer_sizes': 118, 'learning_rate_init': 0.001878173875716191, 'tol': 1.1889379831773006e-05, 'validation_fraction': 0.6264327093752792}, {'alpha': 0.04705159350400542, 'batch_size': 158, 'beta_1': 0.9870884262730957, 'beta_2': 0.9999596874382349, 'epsilon': 1.1981845126013875e-08, 'hidden_layer_sizes': 116, 'learning_rate_init': 0.006173405204074311, 'tol': 1.7414134181586194e-05, 'validation_fraction': 0.6754299026638921}], [15.519985493059746, 22.353903068254787, 19.164026128577277, 3.377925239627502, 14.64310022355023])}
saving results
saving timing
saving suggest log
done
