running: {'--uuid': 'e31b7c9b0703570c9c515bc909b81d47', '-db-root': '/home/ryedida/bbo_challenge_starter_kit/output', '--opt-root': '/home/ryedida/bbo_challenge_starter_kit/example_submissions', '--data-root': None, '--db': 'run_20231015_053414', '--opt': 'random', '--data': 'wine', '--classifier': 'MLP-adam', '--metric': 'acc', '--calls': 45, '--suggestions': 1, '--jobs-file': None, '--verbose': False, 'dry_run': False, 'rev': 'a376313', 'opt_rev': '0.0.8'}
cmd: python /home/ryedida/.local/bin/bayesmark-exp -c MLP-adam -d wine -o random -u e31b7c9b0703570c9c515bc909b81d47 -m acc -n 45 -p 1 -dir /home/ryedida/bbo_challenge_starter_kit/output -b run_20231015_053414
/home/ryedida/.local/lib/python3.8/site-packages/sklearn/neural_network/_multilayer_perceptron.py:621: UserWarning: Got `batch_size` less than 1 or larger than sample size. It is going to be clipped
  warnings.warn(

/home/ryedida/.local/lib/python3.8/site-packages/sklearn/neural_network/_multilayer_perceptron.py:621: UserWarning: Got `batch_size` less than 1 or larger than sample size. It is going to be clipped
  warnings.warn(

/home/ryedida/.local/lib/python3.8/site-packages/sklearn/neural_network/_multilayer_perceptron.py:621: UserWarning: Got `batch_size` less than 1 or larger than sample size. It is going to be clipped
  warnings.warn(

/home/ryedida/.local/lib/python3.8/site-packages/sklearn/neural_network/_multilayer_perceptron.py:621: UserWarning: Got `batch_size` less than 1 or larger than sample size. It is going to be clipped
  warnings.warn(

/home/ryedida/.local/lib/python3.8/site-packages/sklearn/neural_network/_multilayer_perceptron.py:621: UserWarning: Got `batch_size` less than 1 or larger than sample size. It is going to be clipped
  warnings.warn(

computed signature: ([{'alpha': 0.019628224813442792, 'batch_size': 182, 'beta_1': 0.9410202200271762, 'beta_2': 0.9998021557676793, 'epsilon': 1.8662266976518e-08, 'hidden_layer_sizes': 147, 'learning_rate_init': 0.0005627932047415167, 'tol': 0.03690557729213761, 'validation_fraction': 0.8846827852548593}, {'alpha': 0.001998246739232944, 'batch_size': 200, 'beta_1': 0.919111482530466, 'beta_2': 0.9998488260436156, 'epsilon': 5.981221901152555e-07, 'hidden_layer_sizes': 61, 'learning_rate_init': 2.2310905607443014e-05, 'tol': 1.2046852412030316e-05, 'validation_fraction': 0.8117896445826539}, {'alpha': 0.46659545670218433, 'batch_size': 219, 'beta_1': 0.9889789783750891, 'beta_2': 0.9999896868093284, 'epsilon': 2.4234724484675948e-08, 'hidden_layer_sizes': 167, 'learning_rate_init': 2.972334644335654e-05, 'tol': 0.0036281404040243792, 'validation_fraction': 0.17260651658522078}, {'alpha': 4.656005689076002, 'batch_size': 135, 'beta_1': 0.870503881627747, 'beta_2': 0.9948873266941017, 'epsilon': 2.1023308743480125e-07, 'hidden_layer_sizes': 118, 'learning_rate_init': 0.001878173875716191, 'tol': 1.1889379831773006e-05, 'validation_fraction': 0.6264327093752792}, {'alpha': 0.04705159350400542, 'batch_size': 158, 'beta_1': 0.9870884262730957, 'beta_2': 0.9999596874382349, 'epsilon': 1.1981845126013875e-08, 'hidden_layer_sizes': 116, 'learning_rate_init': 0.006173405204074311, 'tol': 1.7414134181586194e-05, 'validation_fraction': 0.6754299026638921}], [-0.4359605911330049, -0.3169950738916256, -0.3312807881773399, -0.6620689655172413, -0.5017241379310344])
/home/ryedida/.local/lib/python3.8/site-packages/bayesmark/experiment.py:470: UserWarning: Baselines not found. Will not log intermediate scores.
  warnings.warn("Baselines not found. Will not log intermediate scores.")

starting sklearn study random MLP-adam wine acc 45 1
with data root: None
suggestion time taken 0.003808 iter 0 next_points [{'alpha': 0.02278673531796976, 'batch_size': 107, 'beta_1': 0.9095879895183075, 'beta_2': 0.999734031667383, 'epsilon': 2.322883944609143e-08, 'hidden_layer_sizes': 184, 'learning_rate_init': 9.015776184090937e-05, 'tol': 0.052425833656779386, 'validation_fraction': 0.858369120140628}]
/home/ryedida/.local/lib/python3.8/site-packages/sklearn/neural_network/_multilayer_perceptron.py:621: UserWarning: Got `batch_size` less than 1 or larger than sample size. It is going to be clipped
  warnings.warn(

function_evaluation time 0.099227 value -0.343842 suggestion {'alpha': 0.02278673531796976, 'batch_size': 107, 'beta_1': 0.9095879895183075, 'beta_2': 0.999734031667383, 'epsilon': 2.322883944609143e-08, 'hidden_layer_sizes': 184, 'learning_rate_init': 9.015776184090937e-05, 'tol': 0.052425833656779386, 'validation_fraction': 0.858369120140628}
observation time 0.000004, current best -0.343842 at iter 0
suggestion time taken 0.010516 iter 1 next_points [{'alpha': 1.5156722985877173, 'batch_size': 162, 'beta_1': 0.9860102059234134, 'beta_2': 0.9901019579172418, 'epsilon': 1.294958131985619e-07, 'hidden_layer_sizes': 157, 'learning_rate_init': 0.0008643973713491401, 'tol': 0.0006744142359751924, 'validation_fraction': 0.8098310471942006}]
/home/ryedida/.local/lib/python3.8/site-packages/sklearn/neural_network/_multilayer_perceptron.py:621: UserWarning: Got `batch_size` less than 1 or larger than sample size. It is going to be clipped
  warnings.warn(

function_evaluation time 0.173117 value -0.500246 suggestion {'alpha': 1.5156722985877173, 'batch_size': 162, 'beta_1': 0.9860102059234134, 'beta_2': 0.9901019579172418, 'epsilon': 1.294958131985619e-07, 'hidden_layer_sizes': 157, 'learning_rate_init': 0.0008643973713491401, 'tol': 0.0006744142359751924, 'validation_fraction': 0.8098310471942006}
observation time 0.000002, current best -0.500246 at iter 1
suggestion time taken 0.003912 iter 2 next_points [{'alpha': 0.0020793145119378576, 'batch_size': 249, 'beta_1': 0.585789929397959, 'beta_2': 0.9999917832502756, 'epsilon': 5.383851431650474e-07, 'hidden_layer_sizes': 188, 'learning_rate_init': 0.006298295367161919, 'tol': 0.0030004484876144945, 'validation_fraction': 0.10164827632206806}]
/home/ryedida/.local/lib/python3.8/site-packages/sklearn/neural_network/_multilayer_perceptron.py:621: UserWarning: Got `batch_size` less than 1 or larger than sample size. It is going to be clipped
  warnings.warn(

function_evaluation time 0.188241 value -0.577586 suggestion {'alpha': 0.0020793145119378576, 'batch_size': 249, 'beta_1': 0.585789929397959, 'beta_2': 0.9999917832502756, 'epsilon': 5.383851431650474e-07, 'hidden_layer_sizes': 188, 'learning_rate_init': 0.006298295367161919, 'tol': 0.0030004484876144945, 'validation_fraction': 0.10164827632206806}
observation time 0.000003, current best -0.577586 at iter 2
suggestion time taken 0.010389 iter 3 next_points [{'alpha': 0.0005560210081340603, 'batch_size': 145, 'beta_1': 0.9867091527138611, 'beta_2': 0.979278869421127, 'epsilon': 2.3378448617334083e-07, 'hidden_layer_sizes': 166, 'learning_rate_init': 0.011546684792616196, 'tol': 0.006202145229848922, 'validation_fraction': 0.40184201627680577}]
/home/ryedida/.local/lib/python3.8/site-packages/sklearn/neural_network/_multilayer_perceptron.py:621: UserWarning: Got `batch_size` less than 1 or larger than sample size. It is going to be clipped
  warnings.warn(

function_evaluation time 0.194843 value -0.530049 suggestion {'alpha': 0.0005560210081340603, 'batch_size': 145, 'beta_1': 0.9867091527138611, 'beta_2': 0.979278869421127, 'epsilon': 2.3378448617334083e-07, 'hidden_layer_sizes': 166, 'learning_rate_init': 0.011546684792616196, 'tol': 0.006202145229848922, 'validation_fraction': 0.40184201627680577}
observation time 0.000002, current best -0.577586 at iter 3
suggestion time taken 0.003875 iter 4 next_points [{'alpha': 0.002650265220877937, 'batch_size': 220, 'beta_1': 0.6196347489457003, 'beta_2': 0.9999989223298261, 'epsilon': 1.7167112881091254e-09, 'hidden_layer_sizes': 198, 'learning_rate_init': 0.0072043953253340095, 'tol': 2.5929344980903302e-05, 'validation_fraction': 0.10741131536764488}]
/home/ryedida/.local/lib/python3.8/site-packages/sklearn/neural_network/_multilayer_perceptron.py:621: UserWarning: Got `batch_size` less than 1 or larger than sample size. It is going to be clipped
  warnings.warn(

function_evaluation time 0.144910 value -0.479064 suggestion {'alpha': 0.002650265220877937, 'batch_size': 220, 'beta_1': 0.6196347489457003, 'beta_2': 0.9999989223298261, 'epsilon': 1.7167112881091254e-09, 'hidden_layer_sizes': 198, 'learning_rate_init': 0.0072043953253340095, 'tol': 2.5929344980903302e-05, 'validation_fraction': 0.10741131536764488}
observation time 0.000003, current best -0.577586 at iter 4
suggestion time taken 0.010379 iter 5 next_points [{'alpha': 0.35817205697063637, 'batch_size': 91, 'beta_1': 0.9336494712250444, 'beta_2': 0.999254132990931, 'epsilon': 9.477327343670894e-09, 'hidden_layer_sizes': 125, 'learning_rate_init': 2.853292411354037e-05, 'tol': 0.004481387140508439, 'validation_fraction': 0.13056453196682752}]
function_evaluation time 0.158552 value -0.309360 suggestion {'alpha': 0.35817205697063637, 'batch_size': 91, 'beta_1': 0.9336494712250444, 'beta_2': 0.999254132990931, 'epsilon': 9.477327343670894e-09, 'hidden_layer_sizes': 125, 'learning_rate_init': 2.853292411354037e-05, 'tol': 0.004481387140508439, 'validation_fraction': 0.13056453196682752}
observation time 0.000002, current best -0.577586 at iter 5
suggestion time taken 0.003900 iter 6 next_points [{'alpha': 0.36921161541793, 'batch_size': 105, 'beta_1': 0.9424026372777804, 'beta_2': 0.9996811638125406, 'epsilon': 4.688793414273799e-09, 'hidden_layer_sizes': 121, 'learning_rate_init': 0.038332144616187454, 'tol': 7.492000152956106e-05, 'validation_fraction': 0.3328549588762235}]
/home/ryedida/.local/lib/python3.8/site-packages/sklearn/neural_network/_multilayer_perceptron.py:621: UserWarning: Got `batch_size` less than 1 or larger than sample size. It is going to be clipped
  warnings.warn(

function_evaluation time 0.137067 value -0.569951 suggestion {'alpha': 0.36921161541793, 'batch_size': 105, 'beta_1': 0.9424026372777804, 'beta_2': 0.9996811638125406, 'epsilon': 4.688793414273799e-09, 'hidden_layer_sizes': 121, 'learning_rate_init': 0.038332144616187454, 'tol': 7.492000152956106e-05, 'validation_fraction': 0.3328549588762235}
observation time 0.000002, current best -0.577586 at iter 6
suggestion time taken 0.003862 iter 7 next_points [{'alpha': 0.005375743447052784, 'batch_size': 63, 'beta_1': 0.9672914681824936, 'beta_2': 0.9999725176310246, 'epsilon': 9.946177979437548e-09, 'hidden_layer_sizes': 185, 'learning_rate_init': 0.00010363133798514768, 'tol': 8.328146069118533e-05, 'validation_fraction': 0.7217998485173404}]
/home/ryedida/.local/lib/python3.8/site-packages/sklearn/neural_network/_multilayer_perceptron.py:621: UserWarning: Got `batch_size` less than 1 or larger than sample size. It is going to be clipped
  warnings.warn(

function_evaluation time 0.115551 value -0.457389 suggestion {'alpha': 0.005375743447052784, 'batch_size': 63, 'beta_1': 0.9672914681824936, 'beta_2': 0.9999725176310246, 'epsilon': 9.946177979437548e-09, 'hidden_layer_sizes': 185, 'learning_rate_init': 0.00010363133798514768, 'tol': 8.328146069118533e-05, 'validation_fraction': 0.7217998485173404}
observation time 0.000002, current best -0.577586 at iter 7
suggestion time taken 0.003854 iter 8 next_points [{'alpha': 0.0017779226180756208, 'batch_size': 122, 'beta_1': 0.9115854188939313, 'beta_2': 0.9999964403314278, 'epsilon': 5.201926395162565e-09, 'hidden_layer_sizes': 181, 'learning_rate_init': 0.0009900992375796503, 'tol': 0.0003805290995685528, 'validation_fraction': 0.23979065890511547}]
/home/ryedida/.local/lib/python3.8/site-packages/sklearn/neural_network/_multilayer_perceptron.py:621: UserWarning: Got `batch_size` less than 1 or larger than sample size. It is going to be clipped
  warnings.warn(

function_evaluation time 0.140922 value -0.444581 suggestion {'alpha': 0.0017779226180756208, 'batch_size': 122, 'beta_1': 0.9115854188939313, 'beta_2': 0.9999964403314278, 'epsilon': 5.201926395162565e-09, 'hidden_layer_sizes': 181, 'learning_rate_init': 0.0009900992375796503, 'tol': 0.0003805290995685528, 'validation_fraction': 0.23979065890511547}
observation time 0.000002, current best -0.577586 at iter 8
suggestion time taken 0.003822 iter 9 next_points [{'alpha': 0.0010570835754040034, 'batch_size': 32, 'beta_1': 0.7081004370187114, 'beta_2': 0.9957531711762293, 'epsilon': 1.4024370895633295e-08, 'hidden_layer_sizes': 115, 'learning_rate_init': 0.0427655917766862, 'tol': 0.0006843248430254866, 'validation_fraction': 0.4683893293756105}]
function_evaluation time 0.270572 value -0.887192 suggestion {'alpha': 0.0010570835754040034, 'batch_size': 32, 'beta_1': 0.7081004370187114, 'beta_2': 0.9957531711762293, 'epsilon': 1.4024370895633295e-08, 'hidden_layer_sizes': 115, 'learning_rate_init': 0.0427655917766862, 'tol': 0.0006843248430254866, 'validation_fraction': 0.4683893293756105}
observation time 0.000002, current best -0.887192 at iter 9
suggestion time taken 0.003858 iter 10 next_points [{'alpha': 0.000755426591295248, 'batch_size': 45, 'beta_1': 0.9730819254587273, 'beta_2': 0.9999534829997778, 'epsilon': 3.944723375550408e-09, 'hidden_layer_sizes': 74, 'learning_rate_init': 1.0687380762419066e-05, 'tol': 1.0993873910353047e-05, 'validation_fraction': 0.89616088233783}]
/home/ryedida/.local/lib/python3.8/site-packages/sklearn/neural_network/_multilayer_perceptron.py:621: UserWarning: Got `batch_size` less than 1 or larger than sample size. It is going to be clipped
  warnings.warn(

function_evaluation time 0.064885 value -0.345074 suggestion {'alpha': 0.000755426591295248, 'batch_size': 45, 'beta_1': 0.9730819254587273, 'beta_2': 0.9999534829997778, 'epsilon': 3.944723375550408e-09, 'hidden_layer_sizes': 74, 'learning_rate_init': 1.0687380762419066e-05, 'tol': 1.0993873910353047e-05, 'validation_fraction': 0.89616088233783}
observation time 0.000002, current best -0.887192 at iter 10
suggestion time taken 0.003779 iter 11 next_points [{'alpha': 0.002270342526257606, 'batch_size': 115, 'beta_1': 0.9829603542336127, 'beta_2': 0.9999945997494777, 'epsilon': 1.2270631086231332e-08, 'hidden_layer_sizes': 168, 'learning_rate_init': 0.09205522793184877, 'tol': 0.007057526112540963, 'validation_fraction': 0.8233996445338742}]
/home/ryedida/.local/lib/python3.8/site-packages/sklearn/neural_network/_multilayer_perceptron.py:621: UserWarning: Got `batch_size` less than 1 or larger than sample size. It is going to be clipped
  warnings.warn(

function_evaluation time 0.115916 value -0.506897 suggestion {'alpha': 0.002270342526257606, 'batch_size': 115, 'beta_1': 0.9829603542336127, 'beta_2': 0.9999945997494777, 'epsilon': 1.2270631086231332e-08, 'hidden_layer_sizes': 168, 'learning_rate_init': 0.09205522793184877, 'tol': 0.007057526112540963, 'validation_fraction': 0.8233996445338742}
observation time 0.000002, current best -0.887192 at iter 11
suggestion time taken 0.003838 iter 12 next_points [{'alpha': 0.013769777012211474, 'batch_size': 18, 'beta_1': 0.7556612547341038, 'beta_2': 0.9855756914680713, 'epsilon': 3.665110221402452e-08, 'hidden_layer_sizes': 170, 'learning_rate_init': 0.0009953667850851632, 'tol': 0.009012494454958626, 'validation_fraction': 0.8904630078048277}]
/home/ryedida/.local/lib/python3.8/site-packages/sklearn/neural_network/_multilayer_perceptron.py:621: UserWarning: Got `batch_size` less than 1 or larger than sample size. It is going to be clipped
  warnings.warn(

function_evaluation time 0.197156 value -0.563054 suggestion {'alpha': 0.013769777012211474, 'batch_size': 18, 'beta_1': 0.7556612547341038, 'beta_2': 0.9855756914680713, 'epsilon': 3.665110221402452e-08, 'hidden_layer_sizes': 170, 'learning_rate_init': 0.0009953667850851632, 'tol': 0.009012494454958626, 'validation_fraction': 0.8904630078048277}
observation time 0.000003, current best -0.887192 at iter 12
suggestion time taken 0.010798 iter 13 next_points [{'alpha': 0.0001539377675889153, 'batch_size': 54, 'beta_1': 0.9771087712943758, 'beta_2': 0.9836246860968386, 'epsilon': 2.4288649149324468e-08, 'hidden_layer_sizes': 196, 'learning_rate_init': 0.0002545832675135659, 'tol': 0.06595562089431649, 'validation_fraction': 0.1965857418430365}]
function_evaluation time 0.224323 value -0.430788 suggestion {'alpha': 0.0001539377675889153, 'batch_size': 54, 'beta_1': 0.9771087712943758, 'beta_2': 0.9836246860968386, 'epsilon': 2.4288649149324468e-08, 'hidden_layer_sizes': 196, 'learning_rate_init': 0.0002545832675135659, 'tol': 0.06595562089431649, 'validation_fraction': 0.1965857418430365}
observation time 0.000002, current best -0.887192 at iter 13
suggestion time taken 0.003849 iter 14 next_points [{'alpha': 0.015495873337168986, 'batch_size': 210, 'beta_1': 0.9645422964598291, 'beta_2': 0.999981470479315, 'epsilon': 1.1815479392960633e-09, 'hidden_layer_sizes': 142, 'learning_rate_init': 8.679536442605803e-05, 'tol': 0.022000342414200486, 'validation_fraction': 0.2862226329944369}]
/home/ryedida/.local/lib/python3.8/site-packages/sklearn/neural_network/_multilayer_perceptron.py:621: UserWarning: Got `batch_size` less than 1 or larger than sample size. It is going to be clipped
  warnings.warn(

function_evaluation time 0.090523 value -0.381281 suggestion {'alpha': 0.015495873337168986, 'batch_size': 210, 'beta_1': 0.9645422964598291, 'beta_2': 0.999981470479315, 'epsilon': 1.1815479392960633e-09, 'hidden_layer_sizes': 142, 'learning_rate_init': 8.679536442605803e-05, 'tol': 0.022000342414200486, 'validation_fraction': 0.2862226329944369}
observation time 0.000002, current best -0.887192 at iter 14
suggestion time taken 0.003843 iter 15 next_points [{'alpha': 5.864905339228328e-05, 'batch_size': 120, 'beta_1': 0.8647417708990851, 'beta_2': 0.9711708526853227, 'epsilon': 1.133873942563608e-09, 'hidden_layer_sizes': 196, 'learning_rate_init': 0.009781867922938933, 'tol': 1.2636251415348285e-05, 'validation_fraction': 0.5569614698997316}]
/home/ryedida/.local/lib/python3.8/site-packages/sklearn/neural_network/_multilayer_perceptron.py:621: UserWarning: Got `batch_size` less than 1 or larger than sample size. It is going to be clipped
  warnings.warn(

function_evaluation time 0.272877 value -0.802709 suggestion {'alpha': 5.864905339228328e-05, 'batch_size': 120, 'beta_1': 0.8647417708990851, 'beta_2': 0.9711708526853227, 'epsilon': 1.133873942563608e-09, 'hidden_layer_sizes': 196, 'learning_rate_init': 0.009781867922938933, 'tol': 1.2636251415348285e-05, 'validation_fraction': 0.5569614698997316}
observation time 0.000002, current best -0.887192 at iter 15
suggestion time taken 0.003842 iter 16 next_points [{'alpha': 7.119179612243343, 'batch_size': 73, 'beta_1': 0.5952785592775875, 'beta_2': 0.9912012605830687, 'epsilon': 3.036756900584584e-08, 'hidden_layer_sizes': 61, 'learning_rate_init': 0.013549170411684136, 'tol': 0.019842202568457014, 'validation_fraction': 0.28053778939528673}]
function_evaluation time 0.224695 value -0.633251 suggestion {'alpha': 7.119179612243343, 'batch_size': 73, 'beta_1': 0.5952785592775875, 'beta_2': 0.9912012605830687, 'epsilon': 3.036756900584584e-08, 'hidden_layer_sizes': 61, 'learning_rate_init': 0.013549170411684136, 'tol': 0.019842202568457014, 'validation_fraction': 0.28053778939528673}
observation time 0.000002, current best -0.887192 at iter 16
suggestion time taken 0.003944 iter 17 next_points [{'alpha': 0.001418608373921464, 'batch_size': 194, 'beta_1': 0.7401731375266593, 'beta_2': 0.9999522056049539, 'epsilon': 3.914128135850138e-09, 'hidden_layer_sizes': 159, 'learning_rate_init': 1.1654314453651315e-05, 'tol': 0.0006718391929788971, 'validation_fraction': 0.8582373855861755}]
/home/ryedida/.local/lib/python3.8/site-packages/sklearn/neural_network/_multilayer_perceptron.py:621: UserWarning: Got `batch_size` less than 1 or larger than sample size. It is going to be clipped
  warnings.warn(

function_evaluation time 0.072964 value -0.323645 suggestion {'alpha': 0.001418608373921464, 'batch_size': 194, 'beta_1': 0.7401731375266593, 'beta_2': 0.9999522056049539, 'epsilon': 3.914128135850138e-09, 'hidden_layer_sizes': 159, 'learning_rate_init': 1.1654314453651315e-05, 'tol': 0.0006718391929788971, 'validation_fraction': 0.8582373855861755}
observation time 0.000002, current best -0.887192 at iter 17
suggestion time taken 0.003843 iter 18 next_points [{'alpha': 8.598480991366635, 'batch_size': 186, 'beta_1': 0.5870172617128488, 'beta_2': 0.997141277197376, 'epsilon': 3.663189770564552e-09, 'hidden_layer_sizes': 105, 'learning_rate_init': 0.0015734662294454107, 'tol': 0.01974021111690442, 'validation_fraction': 0.25879464544033254}]
/home/ryedida/.local/lib/python3.8/site-packages/sklearn/neural_network/_multilayer_perceptron.py:621: UserWarning: Got `batch_size` less than 1 or larger than sample size. It is going to be clipped
  warnings.warn(

function_evaluation time 0.137520 value -0.540394 suggestion {'alpha': 8.598480991366635, 'batch_size': 186, 'beta_1': 0.5870172617128488, 'beta_2': 0.997141277197376, 'epsilon': 3.663189770564552e-09, 'hidden_layer_sizes': 105, 'learning_rate_init': 0.0015734662294454107, 'tol': 0.01974021111690442, 'validation_fraction': 0.25879464544033254}
observation time 0.000002, current best -0.887192 at iter 18
suggestion time taken 0.003863 iter 19 next_points [{'alpha': 0.009805132655679758, 'batch_size': 126, 'beta_1': 0.6549756199730017, 'beta_2': 0.9999979518142172, 'epsilon': 4.3899680051835043e-07, 'hidden_layer_sizes': 136, 'learning_rate_init': 0.0014415826107638447, 'tol': 0.06976707919244943, 'validation_fraction': 0.11710332466533364}]
/home/ryedida/.local/lib/python3.8/site-packages/sklearn/neural_network/_multilayer_perceptron.py:621: UserWarning: Got `batch_size` less than 1 or larger than sample size. It is going to be clipped
  warnings.warn(

function_evaluation time 0.161890 value -0.544828 suggestion {'alpha': 0.009805132655679758, 'batch_size': 126, 'beta_1': 0.6549756199730017, 'beta_2': 0.9999979518142172, 'epsilon': 4.3899680051835043e-07, 'hidden_layer_sizes': 136, 'learning_rate_init': 0.0014415826107638447, 'tol': 0.06976707919244943, 'validation_fraction': 0.11710332466533364}
observation time 0.000002, current best -0.887192 at iter 19
suggestion time taken 0.003763 iter 20 next_points [{'alpha': 1.6802078904038307, 'batch_size': 36, 'beta_1': 0.9745367949948628, 'beta_2': 0.9999843228030959, 'epsilon': 7.713875988426413e-07, 'hidden_layer_sizes': 141, 'learning_rate_init': 0.003917874450873184, 'tol': 8.993732216665681e-05, 'validation_fraction': 0.7451706685944695}]
function_evaluation time 0.184025 value -0.691872 suggestion {'alpha': 1.6802078904038307, 'batch_size': 36, 'beta_1': 0.9745367949948628, 'beta_2': 0.9999843228030959, 'epsilon': 7.713875988426413e-07, 'hidden_layer_sizes': 141, 'learning_rate_init': 0.003917874450873184, 'tol': 8.993732216665681e-05, 'validation_fraction': 0.7451706685944695}
observation time 0.000002, current best -0.887192 at iter 20
suggestion time taken 0.003736 iter 21 next_points [{'alpha': 2.8558049440929998e-05, 'batch_size': 40, 'beta_1': 0.9790156613721194, 'beta_2': 0.975230879512519, 'epsilon': 4.865742264045735e-09, 'hidden_layer_sizes': 74, 'learning_rate_init': 3.588223253922922e-05, 'tol': 0.03380139187239015, 'validation_fraction': 0.8827248150603253}]
/home/ryedida/.local/lib/python3.8/site-packages/sklearn/neural_network/_multilayer_perceptron.py:621: UserWarning: Got `batch_size` less than 1 or larger than sample size. It is going to be clipped
  warnings.warn(

function_evaluation time 0.065246 value -0.302956 suggestion {'alpha': 2.8558049440929998e-05, 'batch_size': 40, 'beta_1': 0.9790156613721194, 'beta_2': 0.975230879512519, 'epsilon': 4.865742264045735e-09, 'hidden_layer_sizes': 74, 'learning_rate_init': 3.588223253922922e-05, 'tol': 0.03380139187239015, 'validation_fraction': 0.8827248150603253}
observation time 0.000002, current best -0.887192 at iter 21
suggestion time taken 0.003844 iter 22 next_points [{'alpha': 0.008806318379175235, 'batch_size': 162, 'beta_1': 0.8790242494471939, 'beta_2': 0.9999985453107285, 'epsilon': 2.1957231828461246e-07, 'hidden_layer_sizes': 111, 'learning_rate_init': 0.001297734069467023, 'tol': 0.004289301114962679, 'validation_fraction': 0.37045636397047005}]
/home/ryedida/.local/lib/python3.8/site-packages/sklearn/neural_network/_multilayer_perceptron.py:621: UserWarning: Got `batch_size` less than 1 or larger than sample size. It is going to be clipped
  warnings.warn(

function_evaluation time 0.147126 value -0.466010 suggestion {'alpha': 0.008806318379175235, 'batch_size': 162, 'beta_1': 0.8790242494471939, 'beta_2': 0.9999985453107285, 'epsilon': 2.1957231828461246e-07, 'hidden_layer_sizes': 111, 'learning_rate_init': 0.001297734069467023, 'tol': 0.004289301114962679, 'validation_fraction': 0.37045636397047005}
observation time 0.000002, current best -0.887192 at iter 22
suggestion time taken 0.003841 iter 23 next_points [{'alpha': 9.798022211147437, 'batch_size': 245, 'beta_1': 0.9555226236955938, 'beta_2': 0.9999699865326449, 'epsilon': 2.5200683005519244e-08, 'hidden_layer_sizes': 169, 'learning_rate_init': 3.8692327115771876e-05, 'tol': 4.387556754633301e-05, 'validation_fraction': 0.6246804070348791}]
/home/ryedida/.local/lib/python3.8/site-packages/sklearn/neural_network/_multilayer_perceptron.py:621: UserWarning: Got `batch_size` less than 1 or larger than sample size. It is going to be clipped
  warnings.warn(

function_evaluation time 0.077056 value -0.323645 suggestion {'alpha': 9.798022211147437, 'batch_size': 245, 'beta_1': 0.9555226236955938, 'beta_2': 0.9999699865326449, 'epsilon': 2.5200683005519244e-08, 'hidden_layer_sizes': 169, 'learning_rate_init': 3.8692327115771876e-05, 'tol': 4.387556754633301e-05, 'validation_fraction': 0.6246804070348791}
observation time 0.000002, current best -0.887192 at iter 23
suggestion time taken 0.003845 iter 24 next_points [{'alpha': 0.0007326121323030844, 'batch_size': 160, 'beta_1': 0.9228412880332555, 'beta_2': 0.9999879412374109, 'epsilon': 1.6782663428306783e-07, 'hidden_layer_sizes': 169, 'learning_rate_init': 0.0007610272658400087, 'tol': 0.00014559755986103944, 'validation_fraction': 0.3289037347962746}]
/home/ryedida/.local/lib/python3.8/site-packages/sklearn/neural_network/_multilayer_perceptron.py:621: UserWarning: Got `batch_size` less than 1 or larger than sample size. It is going to be clipped
  warnings.warn(

function_evaluation time 0.090435 value -0.478571 suggestion {'alpha': 0.0007326121323030844, 'batch_size': 160, 'beta_1': 0.9228412880332555, 'beta_2': 0.9999879412374109, 'epsilon': 1.6782663428306783e-07, 'hidden_layer_sizes': 169, 'learning_rate_init': 0.0007610272658400087, 'tol': 0.00014559755986103944, 'validation_fraction': 0.3289037347962746}
observation time 0.000002, current best -0.887192 at iter 24
suggestion time taken 0.003812 iter 25 next_points [{'alpha': 2.973115322284068e-05, 'batch_size': 196, 'beta_1': 0.9836911282950179, 'beta_2': 0.9954282212886391, 'epsilon': 2.484294668120858e-07, 'hidden_layer_sizes': 123, 'learning_rate_init': 1.3476819603757583e-05, 'tol': 3.078674620735889e-05, 'validation_fraction': 0.42501008259038786}]
/home/ryedida/.local/lib/python3.8/site-packages/sklearn/neural_network/_multilayer_perceptron.py:621: UserWarning: Got `batch_size` less than 1 or larger than sample size. It is going to be clipped
  warnings.warn(

function_evaluation time 0.074646 value -0.345074 suggestion {'alpha': 2.973115322284068e-05, 'batch_size': 196, 'beta_1': 0.9836911282950179, 'beta_2': 0.9954282212886391, 'epsilon': 2.484294668120858e-07, 'hidden_layer_sizes': 123, 'learning_rate_init': 1.3476819603757583e-05, 'tol': 3.078674620735889e-05, 'validation_fraction': 0.42501008259038786}
observation time 0.000002, current best -0.887192 at iter 25
suggestion time taken 0.003817 iter 26 next_points [{'alpha': 0.1712482950862942, 'batch_size': 152, 'beta_1': 0.9338472148218712, 'beta_2': 0.9933730590029198, 'epsilon': 1.6074746760408884e-09, 'hidden_layer_sizes': 69, 'learning_rate_init': 1.75744848141951e-05, 'tol': 0.08305821920639597, 'validation_fraction': 0.5357474721582772}]
/home/ryedida/.local/lib/python3.8/site-packages/sklearn/neural_network/_multilayer_perceptron.py:621: UserWarning: Got `batch_size` less than 1 or larger than sample size. It is going to be clipped
  warnings.warn(

function_evaluation time 0.067451 value -0.316995 suggestion {'alpha': 0.1712482950862942, 'batch_size': 152, 'beta_1': 0.9338472148218712, 'beta_2': 0.9933730590029198, 'epsilon': 1.6074746760408884e-09, 'hidden_layer_sizes': 69, 'learning_rate_init': 1.75744848141951e-05, 'tol': 0.08305821920639597, 'validation_fraction': 0.5357474721582772}
observation time 0.000001, current best -0.887192 at iter 26
suggestion time taken 0.003789 iter 27 next_points [{'alpha': 1.4536996469490193, 'batch_size': 61, 'beta_1': 0.9684872959733818, 'beta_2': 0.9997489412171336, 'epsilon': 4.2766839979567015e-08, 'hidden_layer_sizes': 108, 'learning_rate_init': 0.07898013763754254, 'tol': 0.01833727768112757, 'validation_fraction': 0.12754786867237317}]
function_evaluation time 0.149621 value -0.472906 suggestion {'alpha': 1.4536996469490193, 'batch_size': 61, 'beta_1': 0.9684872959733818, 'beta_2': 0.9997489412171336, 'epsilon': 4.2766839979567015e-08, 'hidden_layer_sizes': 108, 'learning_rate_init': 0.07898013763754254, 'tol': 0.01833727768112757, 'validation_fraction': 0.12754786867237317}
observation time 0.000002, current best -0.887192 at iter 27
suggestion time taken 0.003775 iter 28 next_points [{'alpha': 0.00013013401311349633, 'batch_size': 77, 'beta_1': 0.6974420730439227, 'beta_2': 0.9981933785618118, 'epsilon': 2.635535882830138e-07, 'hidden_layer_sizes': 98, 'learning_rate_init': 1.9868978870568258e-05, 'tol': 2.974358745159648e-05, 'validation_fraction': 0.12484364196224104}]
function_evaluation time 0.096082 value -0.309852 suggestion {'alpha': 0.00013013401311349633, 'batch_size': 77, 'beta_1': 0.6974420730439227, 'beta_2': 0.9981933785618118, 'epsilon': 2.635535882830138e-07, 'hidden_layer_sizes': 98, 'learning_rate_init': 1.9868978870568258e-05, 'tol': 2.974358745159648e-05, 'validation_fraction': 0.12484364196224104}
observation time 0.000003, current best -0.887192 at iter 28
suggestion time taken 0.003808 iter 29 next_points [{'alpha': 5.346063586676359, 'batch_size': 116, 'beta_1': 0.8875088812452646, 'beta_2': 0.9968690543032594, 'epsilon': 1.517857776260727e-07, 'hidden_layer_sizes': 139, 'learning_rate_init': 0.024979085272352305, 'tol': 2.267924551494782e-05, 'validation_fraction': 0.3013117510597129}]
/home/ryedida/.local/lib/python3.8/site-packages/sklearn/neural_network/_multilayer_perceptron.py:621: UserWarning: Got `batch_size` less than 1 or larger than sample size. It is going to be clipped
  warnings.warn(

function_evaluation time 0.208902 value -0.633005 suggestion {'alpha': 5.346063586676359, 'batch_size': 116, 'beta_1': 0.8875088812452646, 'beta_2': 0.9968690543032594, 'epsilon': 1.517857776260727e-07, 'hidden_layer_sizes': 139, 'learning_rate_init': 0.024979085272352305, 'tol': 2.267924551494782e-05, 'validation_fraction': 0.3013117510597129}
observation time 0.000002, current best -0.887192 at iter 29
suggestion time taken 0.003837 iter 30 next_points [{'alpha': 2.024195801305357, 'batch_size': 113, 'beta_1': 0.9561707604156033, 'beta_2': 0.9995989744154695, 'epsilon': 1.1076278153378891e-07, 'hidden_layer_sizes': 139, 'learning_rate_init': 8.962726238834791e-05, 'tol': 0.02429565805179159, 'validation_fraction': 0.15583773550088592}]
function_evaluation time 0.083642 value -0.337438 suggestion {'alpha': 2.024195801305357, 'batch_size': 113, 'beta_1': 0.9561707604156033, 'beta_2': 0.9995989744154695, 'epsilon': 1.1076278153378891e-07, 'hidden_layer_sizes': 139, 'learning_rate_init': 8.962726238834791e-05, 'tol': 0.02429565805179159, 'validation_fraction': 0.15583773550088592}
observation time 0.000002, current best -0.887192 at iter 30
suggestion time taken 0.003903 iter 31 next_points [{'alpha': 6.192384383230276, 'batch_size': 245, 'beta_1': 0.9345134123688899, 'beta_2': 0.9326188630520735, 'epsilon': 1.3081655708167932e-08, 'hidden_layer_sizes': 169, 'learning_rate_init': 0.008700823286741304, 'tol': 0.0007326595339134701, 'validation_fraction': 0.8894721694164279}]
/home/ryedida/.local/lib/python3.8/site-packages/sklearn/neural_network/_multilayer_perceptron.py:621: UserWarning: Got `batch_size` less than 1 or larger than sample size. It is going to be clipped
  warnings.warn(

function_evaluation time 0.197326 value -0.641133 suggestion {'alpha': 6.192384383230276, 'batch_size': 245, 'beta_1': 0.9345134123688899, 'beta_2': 0.9326188630520735, 'epsilon': 1.3081655708167932e-08, 'hidden_layer_sizes': 169, 'learning_rate_init': 0.008700823286741304, 'tol': 0.0007326595339134701, 'validation_fraction': 0.8894721694164279}
observation time 0.000003, current best -0.887192 at iter 31
suggestion time taken 0.010359 iter 32 next_points [{'alpha': 0.019940210112589247, 'batch_size': 151, 'beta_1': 0.8909045522817804, 'beta_2': 0.977850846454519, 'epsilon': 3.583297549888747e-08, 'hidden_layer_sizes': 74, 'learning_rate_init': 0.00010480127271436592, 'tol': 2.4485795205640123e-05, 'validation_fraction': 0.3233354685868654}]
/home/ryedida/.local/lib/python3.8/site-packages/sklearn/neural_network/_multilayer_perceptron.py:621: UserWarning: Got `batch_size` less than 1 or larger than sample size. It is going to be clipped
  warnings.warn(

function_evaluation time 0.135545 value -0.359360 suggestion {'alpha': 0.019940210112589247, 'batch_size': 151, 'beta_1': 0.8909045522817804, 'beta_2': 0.977850846454519, 'epsilon': 3.583297549888747e-08, 'hidden_layer_sizes': 74, 'learning_rate_init': 0.00010480127271436592, 'tol': 2.4485795205640123e-05, 'validation_fraction': 0.3233354685868654}
observation time 0.000002, current best -0.887192 at iter 32
suggestion time taken 0.003752 iter 33 next_points [{'alpha': 0.00030111760818165255, 'batch_size': 231, 'beta_1': 0.9616519142234021, 'beta_2': 0.9961957533672051, 'epsilon': 7.861354558209119e-09, 'hidden_layer_sizes': 71, 'learning_rate_init': 1.8601600351148172e-05, 'tol': 0.05292900918825707, 'validation_fraction': 0.5266802444135353}]
/home/ryedida/.local/lib/python3.8/site-packages/sklearn/neural_network/_multilayer_perceptron.py:621: UserWarning: Got `batch_size` less than 1 or larger than sample size. It is going to be clipped
  warnings.warn(

function_evaluation time 0.067458 value -0.351724 suggestion {'alpha': 0.00030111760818165255, 'batch_size': 231, 'beta_1': 0.9616519142234021, 'beta_2': 0.9961957533672051, 'epsilon': 7.861354558209119e-09, 'hidden_layer_sizes': 71, 'learning_rate_init': 1.8601600351148172e-05, 'tol': 0.05292900918825707, 'validation_fraction': 0.5266802444135353}
observation time 0.000002, current best -0.887192 at iter 33
suggestion time taken 0.003808 iter 34 next_points [{'alpha': 2.8200812747415758, 'batch_size': 78, 'beta_1': 0.5610813378859978, 'beta_2': 0.9952908973356183, 'epsilon': 2.471390736815471e-07, 'hidden_layer_sizes': 156, 'learning_rate_init': 0.0003972814169213665, 'tol': 0.001705726333023726, 'validation_fraction': 0.83182764024713}]
/home/ryedida/.local/lib/python3.8/site-packages/sklearn/neural_network/_multilayer_perceptron.py:621: UserWarning: Got `batch_size` less than 1 or larger than sample size. It is going to be clipped
  warnings.warn(

function_evaluation time 0.113642 value -0.337192 suggestion {'alpha': 2.8200812747415758, 'batch_size': 78, 'beta_1': 0.5610813378859978, 'beta_2': 0.9952908973356183, 'epsilon': 2.471390736815471e-07, 'hidden_layer_sizes': 156, 'learning_rate_init': 0.0003972814169213665, 'tol': 0.001705726333023726, 'validation_fraction': 0.83182764024713}
observation time 0.000002, current best -0.887192 at iter 34
suggestion time taken 0.004700 iter 35 next_points [{'alpha': 8.610182487866946e-05, 'batch_size': 204, 'beta_1': 0.7478941692769376, 'beta_2': 0.9998211060415776, 'epsilon': 1.103911003784184e-08, 'hidden_layer_sizes': 64, 'learning_rate_init': 0.0005805839138885293, 'tol': 0.00013482623724182772, 'validation_fraction': 0.6094639509577748}]
/home/ryedida/.local/lib/python3.8/site-packages/sklearn/neural_network/_multilayer_perceptron.py:621: UserWarning: Got `batch_size` less than 1 or larger than sample size. It is going to be clipped
  warnings.warn(

function_evaluation time 0.070664 value -0.365517 suggestion {'alpha': 8.610182487866946e-05, 'batch_size': 204, 'beta_1': 0.7478941692769376, 'beta_2': 0.9998211060415776, 'epsilon': 1.103911003784184e-08, 'hidden_layer_sizes': 64, 'learning_rate_init': 0.0005805839138885293, 'tol': 0.00013482623724182772, 'validation_fraction': 0.6094639509577748}
observation time 0.000002, current best -0.887192 at iter 35
suggestion time taken 0.003892 iter 36 next_points [{'alpha': 0.00028429583314831575, 'batch_size': 85, 'beta_1': 0.9733223301729285, 'beta_2': 0.9967495272423323, 'epsilon': 2.705906061268316e-07, 'hidden_layer_sizes': 156, 'learning_rate_init': 0.0005263102480815323, 'tol': 2.8062740991669895e-05, 'validation_fraction': 0.5051144030763678}]
/home/ryedida/.local/lib/python3.8/site-packages/sklearn/neural_network/_multilayer_perceptron.py:621: UserWarning: Got `batch_size` less than 1 or larger than sample size. It is going to be clipped
  warnings.warn(

function_evaluation time 0.132792 value -0.445074 suggestion {'alpha': 0.00028429583314831575, 'batch_size': 85, 'beta_1': 0.9733223301729285, 'beta_2': 0.9967495272423323, 'epsilon': 2.705906061268316e-07, 'hidden_layer_sizes': 156, 'learning_rate_init': 0.0005263102480815323, 'tol': 2.8062740991669895e-05, 'validation_fraction': 0.5051144030763678}
observation time 0.000002, current best -0.887192 at iter 36
suggestion time taken 0.003827 iter 37 next_points [{'alpha': 8.179124428865792, 'batch_size': 152, 'beta_1': 0.9330058709427131, 'beta_2': 0.9984916691751923, 'epsilon': 2.4139850015097083e-08, 'hidden_layer_sizes': 91, 'learning_rate_init': 0.0029394105637520823, 'tol': 0.09856846085052345, 'validation_fraction': 0.4110464467334088}]
/home/ryedida/.local/lib/python3.8/site-packages/sklearn/neural_network/_multilayer_perceptron.py:621: UserWarning: Got `batch_size` less than 1 or larger than sample size. It is going to be clipped
  warnings.warn(

function_evaluation time 0.084424 value -0.513793 suggestion {'alpha': 8.179124428865792, 'batch_size': 152, 'beta_1': 0.9330058709427131, 'beta_2': 0.9984916691751923, 'epsilon': 2.4139850015097083e-08, 'hidden_layer_sizes': 91, 'learning_rate_init': 0.0029394105637520823, 'tol': 0.09856846085052345, 'validation_fraction': 0.4110464467334088}
observation time 0.000002, current best -0.887192 at iter 37
suggestion time taken 0.003816 iter 38 next_points [{'alpha': 0.010105290237196219, 'batch_size': 71, 'beta_1': 0.7352315223432623, 'beta_2': 0.9986670904981251, 'epsilon': 1.0358799925969268e-09, 'hidden_layer_sizes': 57, 'learning_rate_init': 0.0004077211965993951, 'tol': 0.028463689698685336, 'validation_fraction': 0.14658127778564226}]
function_evaluation time 0.154495 value -0.493103 suggestion {'alpha': 0.010105290237196219, 'batch_size': 71, 'beta_1': 0.7352315223432623, 'beta_2': 0.9986670904981251, 'epsilon': 1.0358799925969268e-09, 'hidden_layer_sizes': 57, 'learning_rate_init': 0.0004077211965993951, 'tol': 0.028463689698685336, 'validation_fraction': 0.14658127778564226}
observation time 0.000002, current best -0.887192 at iter 38
suggestion time taken 0.003793 iter 39 next_points [{'alpha': 0.018197617380666928, 'batch_size': 95, 'beta_1': 0.9083141932506198, 'beta_2': 0.9999783926354318, 'epsilon': 2.641131734448932e-09, 'hidden_layer_sizes': 172, 'learning_rate_init': 0.013432803052426674, 'tol': 1.8886826684724888e-05, 'validation_fraction': 0.44038781757730405}]
/home/ryedida/.local/lib/python3.8/site-packages/sklearn/neural_network/_multilayer_perceptron.py:621: UserWarning: Got `batch_size` less than 1 or larger than sample size. It is going to be clipped
  warnings.warn(

function_evaluation time 0.196542 value -0.738424 suggestion {'alpha': 0.018197617380666928, 'batch_size': 95, 'beta_1': 0.9083141932506198, 'beta_2': 0.9999783926354318, 'epsilon': 2.641131734448932e-09, 'hidden_layer_sizes': 172, 'learning_rate_init': 0.013432803052426674, 'tol': 1.8886826684724888e-05, 'validation_fraction': 0.44038781757730405}
observation time 0.000002, current best -0.887192 at iter 39
suggestion time taken 0.003814 iter 40 next_points [{'alpha': 0.006821996198285405, 'batch_size': 224, 'beta_1': 0.554797559988721, 'beta_2': 0.9179875983564854, 'epsilon': 2.135333059649214e-08, 'hidden_layer_sizes': 152, 'learning_rate_init': 0.012200447780213057, 'tol': 0.00019706450542458965, 'validation_fraction': 0.6981151003502953}]
/home/ryedida/.local/lib/python3.8/site-packages/sklearn/neural_network/_multilayer_perceptron.py:621: UserWarning: Got `batch_size` less than 1 or larger than sample size. It is going to be clipped
  warnings.warn(

function_evaluation time 0.144440 value -0.591379 suggestion {'alpha': 0.006821996198285405, 'batch_size': 224, 'beta_1': 0.554797559988721, 'beta_2': 0.9179875983564854, 'epsilon': 2.135333059649214e-08, 'hidden_layer_sizes': 152, 'learning_rate_init': 0.012200447780213057, 'tol': 0.00019706450542458965, 'validation_fraction': 0.6981151003502953}
observation time 0.000002, current best -0.887192 at iter 40
suggestion time taken 0.004106 iter 41 next_points [{'alpha': 3.462578101637135, 'batch_size': 139, 'beta_1': 0.6520548541201023, 'beta_2': 0.9922508133334262, 'epsilon': 1.7194442122831518e-09, 'hidden_layer_sizes': 80, 'learning_rate_init': 0.00487584696575708, 'tol': 0.030941045484283468, 'validation_fraction': 0.5792593790066519}]
/home/ryedida/.local/lib/python3.8/site-packages/sklearn/neural_network/_multilayer_perceptron.py:621: UserWarning: Got `batch_size` less than 1 or larger than sample size. It is going to be clipped
  warnings.warn(

function_evaluation time 0.124997 value -0.689655 suggestion {'alpha': 3.462578101637135, 'batch_size': 139, 'beta_1': 0.6520548541201023, 'beta_2': 0.9922508133334262, 'epsilon': 1.7194442122831518e-09, 'hidden_layer_sizes': 80, 'learning_rate_init': 0.00487584696575708, 'tol': 0.030941045484283468, 'validation_fraction': 0.5792593790066519}
observation time 0.000002, current best -0.887192 at iter 41
suggestion time taken 0.003830 iter 42 next_points [{'alpha': 1.003152337735499, 'batch_size': 135, 'beta_1': 0.8760431599873946, 'beta_2': 0.9545754664635081, 'epsilon': 1.50336319801019e-09, 'hidden_layer_sizes': 149, 'learning_rate_init': 0.019985906185360867, 'tol': 0.0009956182353566604, 'validation_fraction': 0.18351575886354696}]
/home/ryedida/.local/lib/python3.8/site-packages/sklearn/neural_network/_multilayer_perceptron.py:621: UserWarning: Got `batch_size` less than 1 or larger than sample size. It is going to be clipped
  warnings.warn(

function_evaluation time 0.167771 value -0.571429 suggestion {'alpha': 1.003152337735499, 'batch_size': 135, 'beta_1': 0.8760431599873946, 'beta_2': 0.9545754664635081, 'epsilon': 1.50336319801019e-09, 'hidden_layer_sizes': 149, 'learning_rate_init': 0.019985906185360867, 'tol': 0.0009956182353566604, 'validation_fraction': 0.18351575886354696}
observation time 0.000002, current best -0.887192 at iter 42
suggestion time taken 0.003786 iter 43 next_points [{'alpha': 0.002207964622869195, 'batch_size': 160, 'beta_1': 0.924202352446644, 'beta_2': 0.9987622096213999, 'epsilon': 2.050124293062637e-08, 'hidden_layer_sizes': 70, 'learning_rate_init': 1.0694745516914e-05, 'tol': 0.00014591297571992447, 'validation_fraction': 0.277573840191719}]
/home/ryedida/.local/lib/python3.8/site-packages/sklearn/neural_network/_multilayer_perceptron.py:621: UserWarning: Got `batch_size` less than 1 or larger than sample size. It is going to be clipped
  warnings.warn(

function_evaluation time 0.068382 value -0.345567 suggestion {'alpha': 0.002207964622869195, 'batch_size': 160, 'beta_1': 0.924202352446644, 'beta_2': 0.9987622096213999, 'epsilon': 2.050124293062637e-08, 'hidden_layer_sizes': 70, 'learning_rate_init': 1.0694745516914e-05, 'tol': 0.00014591297571992447, 'validation_fraction': 0.277573840191719}
observation time 0.000002, current best -0.887192 at iter 43
suggestion time taken 0.003883 iter 44 next_points [{'alpha': 9.5773898943476e-05, 'batch_size': 26, 'beta_1': 0.9788579756049708, 'beta_2': 0.9999675675801504, 'epsilon': 2.64740277768657e-07, 'hidden_layer_sizes': 68, 'learning_rate_init': 0.0012780540055421122, 'tol': 0.004386437598184446, 'validation_fraction': 0.7662332170881684}]
function_evaluation time 0.085142 value -0.477833 suggestion {'alpha': 9.5773898943476e-05, 'batch_size': 26, 'beta_1': 0.9788579756049708, 'beta_2': 0.9999675675801504, 'epsilon': 2.64740277768657e-07, 'hidden_layer_sizes': 68, 'learning_rate_init': 0.0012780540055421122, 'tol': 0.004386437598184446, 'validation_fraction': 0.7662332170881684}
observation time 0.000002, current best -0.887192 at iter 44
saving meta data: {'args': {'--uuid': 'e31b7c9b0703570c9c515bc909b81d47', '-db-root': '/home/ryedida/bbo_challenge_starter_kit/output', '--opt-root': '/home/ryedida/bbo_challenge_starter_kit/example_submissions', '--data-root': None, '--db': 'run_20231015_053414', '--opt': 'random', '--data': 'wine', '--classifier': 'MLP-adam', '--metric': 'acc', '--calls': 45, '--suggestions': 1, '--jobs-file': None, '--verbose': False, 'dry_run': False, 'rev': 'a376313', 'opt_rev': '0.0.8'}, 'signature': ([{'alpha': 0.019628224813442792, 'batch_size': 182, 'beta_1': 0.9410202200271762, 'beta_2': 0.9998021557676793, 'epsilon': 1.8662266976518e-08, 'hidden_layer_sizes': 147, 'learning_rate_init': 0.0005627932047415167, 'tol': 0.03690557729213761, 'validation_fraction': 0.8846827852548593}, {'alpha': 0.001998246739232944, 'batch_size': 200, 'beta_1': 0.919111482530466, 'beta_2': 0.9998488260436156, 'epsilon': 5.981221901152555e-07, 'hidden_layer_sizes': 61, 'learning_rate_init': 2.2310905607443014e-05, 'tol': 1.2046852412030316e-05, 'validation_fraction': 0.8117896445826539}, {'alpha': 0.46659545670218433, 'batch_size': 219, 'beta_1': 0.9889789783750891, 'beta_2': 0.9999896868093284, 'epsilon': 2.4234724484675948e-08, 'hidden_layer_sizes': 167, 'learning_rate_init': 2.972334644335654e-05, 'tol': 0.0036281404040243792, 'validation_fraction': 0.17260651658522078}, {'alpha': 4.656005689076002, 'batch_size': 135, 'beta_1': 0.870503881627747, 'beta_2': 0.9948873266941017, 'epsilon': 2.1023308743480125e-07, 'hidden_layer_sizes': 118, 'learning_rate_init': 0.001878173875716191, 'tol': 1.1889379831773006e-05, 'validation_fraction': 0.6264327093752792}, {'alpha': 0.04705159350400542, 'batch_size': 158, 'beta_1': 0.9870884262730957, 'beta_2': 0.9999596874382349, 'epsilon': 1.1981845126013875e-08, 'hidden_layer_sizes': 116, 'learning_rate_init': 0.006173405204074311, 'tol': 1.7414134181586194e-05, 'validation_fraction': 0.6754299026638921}], [-0.4359605911330049, -0.3169950738916256, -0.3312807881773399, -0.6620689655172413, -0.5017241379310344])}
saving results
saving timing
saving suggest log
done
