running: {'--uuid': '441a2793533c5df6978d3f284c9be3cd', '-db-root': '/home/ryedida/smoothness-hpo/bbo_challenge_starter_kit/output', '--opt-root': '/home/ryedida/smoothness-hpo/bbo_challenge_starter_kit/example_submissions', '--data-root': None, '--db': 'run_20240114_032559', '--opt': 'stcvx', '--data': 'wine', '--classifier': 'MLP-adam', '--metric': 'nll', '--calls': 15, '--suggestions': 1, '--jobs-file': None, '--verbose': False, 'dry_run': False, 'rev': 'a376313', 'opt_rev': 'x.x.x'}
cmd: python stcvx/optimizer.py -c MLP-adam -d wine -o stcvx -u 441a2793533c5df6978d3f284c9be3cd -m nll -n 15 -p 1 -dir /home/ryedida/smoothness-hpo/bbo_challenge_starter_kit/output -b run_20240114_032559
/home/ryedida/.local/lib/python3.8/site-packages/sklearn/neural_network/_multilayer_perceptron.py:603: UserWarning: Got `batch_size` less than 1 or larger than sample size. It is going to be clipped
  warnings.warn(

/home/ryedida/.local/lib/python3.8/site-packages/sklearn/neural_network/_multilayer_perceptron.py:603: UserWarning: Got `batch_size` less than 1 or larger than sample size. It is going to be clipped
  warnings.warn(

/home/ryedida/.local/lib/python3.8/site-packages/sklearn/neural_network/_multilayer_perceptron.py:603: UserWarning: Got `batch_size` less than 1 or larger than sample size. It is going to be clipped
  warnings.warn(

/home/ryedida/.local/lib/python3.8/site-packages/sklearn/neural_network/_multilayer_perceptron.py:603: UserWarning: Got `batch_size` less than 1 or larger than sample size. It is going to be clipped
  warnings.warn(

/home/ryedida/.local/lib/python3.8/site-packages/sklearn/neural_network/_multilayer_perceptron.py:603: UserWarning: Got `batch_size` less than 1 or larger than sample size. It is going to be clipped
  warnings.warn(

computed signature: ([{'alpha': 0.019628224813442792, 'batch_size': 182, 'beta_1': 0.9410202200271762, 'beta_2': 0.9998021557676793, 'epsilon': 1.8662266976518e-08, 'hidden_layer_sizes': 147, 'learning_rate_init': 0.0005627932047415167, 'tol': 0.03690557729213761, 'validation_fraction': 0.8846827852548593}, {'alpha': 0.0019982467392329444, 'batch_size': 200, 'beta_1': 0.919111482530466, 'beta_2': 0.9998488260436156, 'epsilon': 5.981221901152555e-07, 'hidden_layer_sizes': 61, 'learning_rate_init': 2.2310905607443014e-05, 'tol': 1.2046852412030316e-05, 'validation_fraction': 0.8117896445826539}, {'alpha': 0.46659545670218433, 'batch_size': 219, 'beta_1': 0.9889789783750891, 'beta_2': 0.9999896868093284, 'epsilon': 2.4234724484675948e-08, 'hidden_layer_sizes': 167, 'learning_rate_init': 2.972334644335654e-05, 'tol': 0.0036281404040243792, 'validation_fraction': 0.17260651658522078}, {'alpha': 4.656005689076002, 'batch_size': 135, 'beta_1': 0.870503881627747, 'beta_2': 0.9948873266941017, 'epsilon': 2.1023308743480125e-07, 'hidden_layer_sizes': 118, 'learning_rate_init': 0.0018781738757161913, 'tol': 1.1889379831773004e-05, 'validation_fraction': 0.6264327093752792}, {'alpha': 0.04705159350400542, 'batch_size': 158, 'beta_1': 0.9870884262730957, 'beta_2': 0.9999596874382349, 'epsilon': 1.1981845126013875e-08, 'hidden_layer_sizes': 116, 'learning_rate_init': 0.00617340520407431, 'tol': 1.741413418158619e-05, 'validation_fraction': 0.6754299026638921}], [16.063962273407764, 23.274250254613083, 19.80193088400322, 3.463918210725012, 15.210579700922182])
/home/ryedida/.local/lib/python3.8/site-packages/bayesmark/experiment.py:469: UserWarning: Baselines not found. Will not log intermediate scores.
  warnings.warn("Baselines not found. Will not log intermediate scores.")

starting sklearn study stcvx MLP-adam wine nll 15 1
with data root: None
suggestion time taken 31.341502 iter 0 next_points [{'alpha': 0.11462855544746563, 'batch_size': 24, 'beta_1': 0.6230017540884183, 'beta_2': 0.999991800372592, 'epsilon': 2.158404215571166e-08, 'hidden_layer_sizes': 132, 'learning_rate_init': 0.00013399727443801543, 'tol': 1.870073543226607e-05, 'validation_fraction': 0.5518554221924985}]
function_evaluation time 0.207809 value 14.710202 suggestion {'alpha': 0.11462855544746563, 'batch_size': 24, 'beta_1': 0.6230017540884183, 'beta_2': 0.999991800372592, 'epsilon': 2.158404215571166e-08, 'hidden_layer_sizes': 132, 'learning_rate_init': 0.00013399727443801543, 'tol': 1.870073543226607e-05, 'validation_fraction': 0.5518554221924985}
observation time 0.000002, current best 14.710202 at iter 0
suggestion time taken 28.795907 iter 1 next_points [{'alpha': 0.0002248542556692707, 'batch_size': 25, 'beta_1': 0.970404222566426, 'beta_2': 0.9999764961390095, 'epsilon': 8.646779061528335e-07, 'hidden_layer_sizes': 113, 'learning_rate_init': 0.007717318958708567, 'tol': 0.023983895600166418, 'validation_fraction': 0.35023794424663696}]
function_evaluation time 0.467721 value 3.874206 suggestion {'alpha': 0.0002248542556692707, 'batch_size': 25, 'beta_1': 0.970404222566426, 'beta_2': 0.9999764961390095, 'epsilon': 8.646779061528335e-07, 'hidden_layer_sizes': 113, 'learning_rate_init': 0.007717318958708567, 'tol': 0.023983895600166418, 'validation_fraction': 0.35023794424663696}
observation time 0.000002, current best 3.874206 at iter 1
suggestion time taken 27.203525 iter 2 next_points [{'alpha': 0.008412395141029328, 'batch_size': 15, 'beta_1': 0.7369081299567336, 'beta_2': 0.9999988655186102, 'epsilon': 1.067571948069404e-09, 'hidden_layer_sizes': 77, 'learning_rate_init': 6.35887273105037e-05, 'tol': 5.806748930596343e-05, 'validation_fraction': 0.16341756123216788}]
function_evaluation time 0.289228 value 21.551040 suggestion {'alpha': 0.008412395141029328, 'batch_size': 15, 'beta_1': 0.7369081299567336, 'beta_2': 0.9999988655186102, 'epsilon': 1.067571948069404e-09, 'hidden_layer_sizes': 77, 'learning_rate_init': 6.35887273105037e-05, 'tol': 5.806748930596343e-05, 'validation_fraction': 0.16341756123216788}
observation time 0.000002, current best 3.874206 at iter 2
suggestion time taken 26.665058 iter 3 next_points [{'alpha': 0.00464042271172745, 'batch_size': 12, 'beta_1': 0.9180460746663103, 'beta_2': 0.9999961482147635, 'epsilon': 5.561826364760609e-07, 'hidden_layer_sizes': 110, 'learning_rate_init': 0.0002088755418731757, 'tol': 2.2837767741919214e-05, 'validation_fraction': 0.45141768766836093}]
function_evaluation time 0.785035 value 8.076018 suggestion {'alpha': 0.00464042271172745, 'batch_size': 12, 'beta_1': 0.9180460746663103, 'beta_2': 0.9999961482147635, 'epsilon': 5.561826364760609e-07, 'hidden_layer_sizes': 110, 'learning_rate_init': 0.0002088755418731757, 'tol': 2.2837767741919214e-05, 'validation_fraction': 0.45141768766836093}
observation time 0.000003, current best 3.874206 at iter 3
suggestion time taken 26.276658 iter 4 next_points [{'alpha': 2.728625881227405, 'batch_size': 16, 'beta_1': 0.725167885611313, 'beta_2': 0.9999791229320579, 'epsilon': 2.431841756808555e-07, 'hidden_layer_sizes': 164, 'learning_rate_init': 0.04204768612322007, 'tol': 0.008313075214515088, 'validation_fraction': 0.3276564675087057}]
function_evaluation time 0.431390 value 0.710629 suggestion {'alpha': 2.728625881227405, 'batch_size': 16, 'beta_1': 0.725167885611313, 'beta_2': 0.9999791229320579, 'epsilon': 2.431841756808555e-07, 'hidden_layer_sizes': 164, 'learning_rate_init': 0.04204768612322007, 'tol': 0.008313075214515088, 'validation_fraction': 0.3276564675087057}
observation time 0.000006, current best 0.710629 at iter 4
suggestion time taken 24.783028 iter 5 next_points [{'alpha': 0.40372676374493455, 'batch_size': 11, 'beta_1': 0.9690630900459397, 'beta_2': 0.9999986312577466, 'epsilon': 4.1207448744942124e-09, 'hidden_layer_sizes': 130, 'learning_rate_init': 1.1031184541241165e-05, 'tol': 0.001054694292434714, 'validation_fraction': 0.49891391963372145}]
function_evaluation time 0.337665 value 13.562951 suggestion {'alpha': 0.40372676374493455, 'batch_size': 11, 'beta_1': 0.9690630900459397, 'beta_2': 0.9999986312577466, 'epsilon': 4.1207448744942124e-09, 'hidden_layer_sizes': 130, 'learning_rate_init': 1.1031184541241165e-05, 'tol': 0.001054694292434714, 'validation_fraction': 0.49891391963372145}
observation time 0.000003, current best 0.710629 at iter 5
suggestion time taken 26.004034 iter 6 next_points [{'alpha': 0.0006188462804299854, 'batch_size': 12, 'beta_1': 0.9424976360764495, 'beta_2': 0.9998866994727258, 'epsilon': 1.052702184749754e-08, 'hidden_layer_sizes': 171, 'learning_rate_init': 3.741018662687959e-05, 'tol': 0.00017553393820183866, 'validation_fraction': 0.10772580812098448}]
function_evaluation time 0.424503 value 18.959212 suggestion {'alpha': 0.0006188462804299854, 'batch_size': 12, 'beta_1': 0.9424976360764495, 'beta_2': 0.9998866994727258, 'epsilon': 1.052702184749754e-08, 'hidden_layer_sizes': 171, 'learning_rate_init': 3.741018662687959e-05, 'tol': 0.00017553393820183866, 'validation_fraction': 0.10772580812098448}
observation time 0.000002, current best 0.710629 at iter 6
suggestion time taken 24.468997 iter 7 next_points [{'alpha': 0.0009700813884539327, 'batch_size': 10, 'beta_1': 0.5365283481562679, 'beta_2': 0.9997455527444615, 'epsilon': 5.0386110027068904e-08, 'hidden_layer_sizes': 194, 'learning_rate_init': 1.099995324252653e-05, 'tol': 0.0010101970720156196, 'validation_fraction': 0.36212371645639774}]
function_evaluation time 0.464015 value 18.040481 suggestion {'alpha': 0.0009700813884539327, 'batch_size': 10, 'beta_1': 0.5365283481562679, 'beta_2': 0.9997455527444615, 'epsilon': 5.0386110027068904e-08, 'hidden_layer_sizes': 194, 'learning_rate_init': 1.099995324252653e-05, 'tol': 0.0010101970720156196, 'validation_fraction': 0.36212371645639774}
observation time 0.000003, current best 0.710629 at iter 7
suggestion time taken 24.626465 iter 8 next_points [{'alpha': 5.6582042109865225e-05, 'batch_size': 16, 'beta_1': 0.6777893618417848, 'beta_2': 0.9998962849597804, 'epsilon': 6.202813235339169e-07, 'hidden_layer_sizes': 62, 'learning_rate_init': 0.04679381390194409, 'tol': 0.012497998102367555, 'validation_fraction': 0.23241859103867252}]
function_evaluation time 0.414913 value 0.474543 suggestion {'alpha': 5.6582042109865225e-05, 'batch_size': 16, 'beta_1': 0.6777893618417848, 'beta_2': 0.9998962849597804, 'epsilon': 6.202813235339169e-07, 'hidden_layer_sizes': 62, 'learning_rate_init': 0.04679381390194409, 'tol': 0.012497998102367555, 'validation_fraction': 0.23241859103867252}
observation time 0.000008, current best 0.474543 at iter 8
suggestion time taken 24.592136 iter 9 next_points [{'alpha': 3.0320033744521675, 'batch_size': 19, 'beta_1': 0.989902685749442, 'beta_2': 0.9999975458530433, 'epsilon': 2.006682487216379e-08, 'hidden_layer_sizes': 142, 'learning_rate_init': 0.07610703336753072, 'tol': 2.5930939135175192e-05, 'validation_fraction': 0.21303141008777945}]
function_evaluation time 0.329276 value 4.983192 suggestion {'alpha': 3.0320033744521675, 'batch_size': 19, 'beta_1': 0.989902685749442, 'beta_2': 0.9999975458530433, 'epsilon': 2.006682487216379e-08, 'hidden_layer_sizes': 142, 'learning_rate_init': 0.07610703336753072, 'tol': 2.5930939135175192e-05, 'validation_fraction': 0.21303141008777945}
observation time 0.000002, current best 0.474543 at iter 9
suggestion time taken 24.581087 iter 10 next_points [{'alpha': 1.1583768628457462e-05, 'batch_size': 20, 'beta_1': 0.5065094822306858, 'beta_2': 0.9999964683384159, 'epsilon': 9.772064427164069e-09, 'hidden_layer_sizes': 183, 'learning_rate_init': 0.004500585056289152, 'tol': 8.786479230198807e-05, 'validation_fraction': 0.30959863036252083}]
function_evaluation time 0.405715 value 2.598773 suggestion {'alpha': 1.1583768628457462e-05, 'batch_size': 20, 'beta_1': 0.5065094822306858, 'beta_2': 0.9999964683384159, 'epsilon': 9.772064427164069e-09, 'hidden_layer_sizes': 183, 'learning_rate_init': 0.004500585056289152, 'tol': 8.786479230198807e-05, 'validation_fraction': 0.30959863036252083}
observation time 0.000002, current best 0.474543 at iter 10
suggestion time taken 24.761116 iter 11 next_points [{'alpha': 0.0446562214959247, 'batch_size': 22, 'beta_1': 0.7396656182414836, 'beta_2': 0.9974849110778042, 'epsilon': 1.8103910579183604e-07, 'hidden_layer_sizes': 72, 'learning_rate_init': 0.04735662752511752, 'tol': 2.1679467702618605e-05, 'validation_fraction': 0.8324150516820508}]
function_evaluation time 0.305781 value 3.431503 suggestion {'alpha': 0.0446562214959247, 'batch_size': 22, 'beta_1': 0.7396656182414836, 'beta_2': 0.9974849110778042, 'epsilon': 1.8103910579183604e-07, 'hidden_layer_sizes': 72, 'learning_rate_init': 0.04735662752511752, 'tol': 2.1679467702618605e-05, 'validation_fraction': 0.8324150516820508}
observation time 0.000003, current best 0.474543 at iter 11
suggestion time taken 24.513495 iter 12 next_points [{'alpha': 2.2599213753496655e-05, 'batch_size': 12, 'beta_1': 0.9785416335670738, 'beta_2': 0.999981886992296, 'epsilon': 3.96206188144497e-08, 'hidden_layer_sizes': 139, 'learning_rate_init': 0.031973087519348256, 'tol': 0.0005672442990967285, 'validation_fraction': 0.17328428361134704}]
function_evaluation time 0.625902 value 1.156421 suggestion {'alpha': 2.2599213753496655e-05, 'batch_size': 12, 'beta_1': 0.9785416335670738, 'beta_2': 0.999981886992296, 'epsilon': 3.96206188144497e-08, 'hidden_layer_sizes': 139, 'learning_rate_init': 0.031973087519348256, 'tol': 0.0005672442990967285, 'validation_fraction': 0.17328428361134704}
observation time 0.000002, current best 0.474543 at iter 12
suggestion time taken 23.661362 iter 13 next_points [{'alpha': 8.754158235546381e-05, 'batch_size': 10, 'beta_1': 0.9869571424824163, 'beta_2': 0.9995141530467809, 'epsilon': 1.3762916323223235e-07, 'hidden_layer_sizes': 62, 'learning_rate_init': 2.7907249285893867e-05, 'tol': 0.00034015474337489464, 'validation_fraction': 0.40790999145204254}]
function_evaluation time 0.287008 value 24.360538 suggestion {'alpha': 8.754158235546381e-05, 'batch_size': 10, 'beta_1': 0.9869571424824163, 'beta_2': 0.9995141530467809, 'epsilon': 1.3762916323223235e-07, 'hidden_layer_sizes': 62, 'learning_rate_init': 2.7907249285893867e-05, 'tol': 0.00034015474337489464, 'validation_fraction': 0.40790999145204254}
observation time 0.000002, current best 0.474543 at iter 13
suggestion time taken 24.508773 iter 14 next_points [{'alpha': 6.347213402884254e-05, 'batch_size': 16, 'beta_1': 0.9855621342890427, 'beta_2': 0.9998562055012453, 'epsilon': 5.372012840170166e-09, 'hidden_layer_sizes': 101, 'learning_rate_init': 0.0010442236755980297, 'tol': 4.071529788071548e-05, 'validation_fraction': 0.46074587416306945}]
function_evaluation time 0.433901 value 6.473711 suggestion {'alpha': 6.347213402884254e-05, 'batch_size': 16, 'beta_1': 0.9855621342890427, 'beta_2': 0.9998562055012453, 'epsilon': 5.372012840170166e-09, 'hidden_layer_sizes': 101, 'learning_rate_init': 0.0010442236755980297, 'tol': 4.071529788071548e-05, 'validation_fraction': 0.46074587416306945}
observation time 0.000002, current best 0.474543 at iter 14
saving meta data: {'args': {'--uuid': '441a2793533c5df6978d3f284c9be3cd', '-db-root': '/home/ryedida/smoothness-hpo/bbo_challenge_starter_kit/output', '--opt-root': '/home/ryedida/smoothness-hpo/bbo_challenge_starter_kit/example_submissions', '--data-root': None, '--db': 'run_20240114_032559', '--opt': 'stcvx', '--data': 'wine', '--classifier': 'MLP-adam', '--metric': 'nll', '--calls': 15, '--suggestions': 1, '--jobs-file': None, '--verbose': False, 'dry_run': False, 'rev': 'a376313', 'opt_rev': 'x.x.x'}, 'signature': ([{'alpha': 0.019628224813442792, 'batch_size': 182, 'beta_1': 0.9410202200271762, 'beta_2': 0.9998021557676793, 'epsilon': 1.8662266976518e-08, 'hidden_layer_sizes': 147, 'learning_rate_init': 0.0005627932047415167, 'tol': 0.03690557729213761, 'validation_fraction': 0.8846827852548593}, {'alpha': 0.0019982467392329444, 'batch_size': 200, 'beta_1': 0.919111482530466, 'beta_2': 0.9998488260436156, 'epsilon': 5.981221901152555e-07, 'hidden_layer_sizes': 61, 'learning_rate_init': 2.2310905607443014e-05, 'tol': 1.2046852412030316e-05, 'validation_fraction': 0.8117896445826539}, {'alpha': 0.46659545670218433, 'batch_size': 219, 'beta_1': 0.9889789783750891, 'beta_2': 0.9999896868093284, 'epsilon': 2.4234724484675948e-08, 'hidden_layer_sizes': 167, 'learning_rate_init': 2.972334644335654e-05, 'tol': 0.0036281404040243792, 'validation_fraction': 0.17260651658522078}, {'alpha': 4.656005689076002, 'batch_size': 135, 'beta_1': 0.870503881627747, 'beta_2': 0.9948873266941017, 'epsilon': 2.1023308743480125e-07, 'hidden_layer_sizes': 118, 'learning_rate_init': 0.0018781738757161913, 'tol': 1.1889379831773004e-05, 'validation_fraction': 0.6264327093752792}, {'alpha': 0.04705159350400542, 'batch_size': 158, 'beta_1': 0.9870884262730957, 'beta_2': 0.9999596874382349, 'epsilon': 1.1981845126013875e-08, 'hidden_layer_sizes': 116, 'learning_rate_init': 0.00617340520407431, 'tol': 1.741413418158619e-05, 'validation_fraction': 0.6754299026638921}], [16.063962273407764, 23.274250254613083, 19.80193088400322, 3.463918210725012, 15.210579700922182])}
saving results
saving timing
saving suggest log
done
