running: {'--uuid': '7d53fa097ce25098a19ab1a01c482953', '-db-root': '/home/ryedida/smoothness-hpo/bbo_challenge_starter_kit/output', '--opt-root': '/home/ryedida/smoothness-hpo/bbo_challenge_starter_kit/example_submissions', '--data-root': None, '--db': 'run_20240114_032559', '--opt': 'stcvx', '--data': 'wine', '--classifier': 'MLP-adam', '--metric': 'acc', '--calls': 15, '--suggestions': 1, '--jobs-file': None, '--verbose': False, 'dry_run': False, 'rev': 'a376313', 'opt_rev': 'x.x.x'}
cmd: python stcvx/optimizer.py -c MLP-adam -d wine -o stcvx -u 7d53fa097ce25098a19ab1a01c482953 -m acc -n 15 -p 1 -dir /home/ryedida/smoothness-hpo/bbo_challenge_starter_kit/output -b run_20240114_032559
/home/ryedida/.local/lib/python3.8/site-packages/sklearn/neural_network/_multilayer_perceptron.py:603: UserWarning: Got `batch_size` less than 1 or larger than sample size. It is going to be clipped
  warnings.warn(

/home/ryedida/.local/lib/python3.8/site-packages/sklearn/neural_network/_multilayer_perceptron.py:603: UserWarning: Got `batch_size` less than 1 or larger than sample size. It is going to be clipped
  warnings.warn(

/home/ryedida/.local/lib/python3.8/site-packages/sklearn/neural_network/_multilayer_perceptron.py:603: UserWarning: Got `batch_size` less than 1 or larger than sample size. It is going to be clipped
  warnings.warn(

/home/ryedida/.local/lib/python3.8/site-packages/sklearn/neural_network/_multilayer_perceptron.py:603: UserWarning: Got `batch_size` less than 1 or larger than sample size. It is going to be clipped
  warnings.warn(

/home/ryedida/.local/lib/python3.8/site-packages/sklearn/neural_network/_multilayer_perceptron.py:603: UserWarning: Got `batch_size` less than 1 or larger than sample size. It is going to be clipped
  warnings.warn(

computed signature: ([{'alpha': 0.019628224813442792, 'batch_size': 182, 'beta_1': 0.9410202200271762, 'beta_2': 0.9998021557676793, 'epsilon': 1.8662266976518e-08, 'hidden_layer_sizes': 147, 'learning_rate_init': 0.0005627932047415167, 'tol': 0.03690557729213761, 'validation_fraction': 0.8846827852548593}, {'alpha': 0.0019982467392329444, 'batch_size': 200, 'beta_1': 0.919111482530466, 'beta_2': 0.9998488260436156, 'epsilon': 5.981221901152555e-07, 'hidden_layer_sizes': 61, 'learning_rate_init': 2.2310905607443014e-05, 'tol': 1.2046852412030316e-05, 'validation_fraction': 0.8117896445826539}, {'alpha': 0.46659545670218433, 'batch_size': 219, 'beta_1': 0.9889789783750891, 'beta_2': 0.9999896868093284, 'epsilon': 2.4234724484675948e-08, 'hidden_layer_sizes': 167, 'learning_rate_init': 2.972334644335654e-05, 'tol': 0.0036281404040243792, 'validation_fraction': 0.17260651658522078}, {'alpha': 4.656005689076002, 'batch_size': 135, 'beta_1': 0.870503881627747, 'beta_2': 0.9948873266941017, 'epsilon': 2.1023308743480125e-07, 'hidden_layer_sizes': 118, 'learning_rate_init': 0.0018781738757161913, 'tol': 1.1889379831773004e-05, 'validation_fraction': 0.6264327093752792}, {'alpha': 0.04705159350400542, 'batch_size': 158, 'beta_1': 0.9870884262730957, 'beta_2': 0.9999596874382349, 'epsilon': 1.1981845126013875e-08, 'hidden_layer_sizes': 116, 'learning_rate_init': 0.00617340520407431, 'tol': 1.741413418158619e-05, 'validation_fraction': 0.6754299026638921}], [-0.4359605911330049, -0.3169950738916256, -0.3312807881773399, -0.6620689655172413, -0.5017241379310344])
/home/ryedida/.local/lib/python3.8/site-packages/bayesmark/experiment.py:469: UserWarning: Baselines not found. Will not log intermediate scores.
  warnings.warn("Baselines not found. Will not log intermediate scores.")

starting sklearn study stcvx MLP-adam wine acc 15 1
with data root: None
suggestion time taken 29.886178 iter 0 next_points [{'alpha': 0.014757136759694672, 'batch_size': 19, 'beta_1': 0.6887622916427657, 'beta_2': 0.9999579705371284, 'epsilon': 2.2402053239613687e-09, 'hidden_layer_sizes': 132, 'learning_rate_init': 0.00016861153758143915, 'tol': 0.047207028256831055, 'validation_fraction': 0.875462802437365}]
/home/ryedida/.local/lib/python3.8/site-packages/sklearn/neural_network/_multilayer_perceptron.py:603: UserWarning: Got `batch_size` less than 1 or larger than sample size. It is going to be clipped
  warnings.warn(

function_evaluation time 0.116334 value -0.395074 suggestion {'alpha': 0.014757136759694672, 'batch_size': 19, 'beta_1': 0.6887622916427657, 'beta_2': 0.9999579705371284, 'epsilon': 2.2402053239613687e-09, 'hidden_layer_sizes': 132, 'learning_rate_init': 0.00016861153758143915, 'tol': 0.047207028256831055, 'validation_fraction': 0.875462802437365}
observation time 0.000002, current best -0.395074 at iter 0
suggestion time taken 28.216101 iter 1 next_points [{'alpha': 0.00045869942117799815, 'batch_size': 21, 'beta_1': 0.9786992882703515, 'beta_2': 0.9998946281918797, 'epsilon': 1.3898224103906342e-09, 'hidden_layer_sizes': 64, 'learning_rate_init': 0.0012952347791135561, 'tol': 0.03367309474121248, 'validation_fraction': 0.8534617508117595}]
/home/ryedida/.local/lib/python3.8/site-packages/sklearn/neural_network/_multilayer_perceptron.py:603: UserWarning: Got `batch_size` less than 1 or larger than sample size. It is going to be clipped
  warnings.warn(

function_evaluation time 0.102734 value -0.352463 suggestion {'alpha': 0.00045869942117799815, 'batch_size': 21, 'beta_1': 0.9786992882703515, 'beta_2': 0.9998946281918797, 'epsilon': 1.3898224103906342e-09, 'hidden_layer_sizes': 64, 'learning_rate_init': 0.0012952347791135561, 'tol': 0.03367309474121248, 'validation_fraction': 0.8534617508117595}
observation time 0.000002, current best -0.395074 at iter 1
suggestion time taken 27.904646 iter 2 next_points [{'alpha': 0.4867357287518136, 'batch_size': 32, 'beta_1': 0.9805100643340819, 'beta_2': 0.9810586016724814, 'epsilon': 8.89294705751899e-08, 'hidden_layer_sizes': 52, 'learning_rate_init': 0.06216731343903764, 'tol': 0.0007548211498201547, 'validation_fraction': 0.4499280476211437}]
function_evaluation time 0.219407 value -0.584975 suggestion {'alpha': 0.4867357287518136, 'batch_size': 32, 'beta_1': 0.9805100643340819, 'beta_2': 0.9810586016724814, 'epsilon': 8.89294705751899e-08, 'hidden_layer_sizes': 52, 'learning_rate_init': 0.06216731343903764, 'tol': 0.0007548211498201547, 'validation_fraction': 0.4499280476211437}
observation time 0.000002, current best -0.584975 at iter 2
suggestion time taken 27.004903 iter 3 next_points [{'alpha': 6.766496164885908, 'batch_size': 19, 'beta_1': 0.557076615472315, 'beta_2': 0.9999953015618601, 'epsilon': 4.335940931056664e-08, 'hidden_layer_sizes': 190, 'learning_rate_init': 0.052709196151883936, 'tol': 0.05613389894373451, 'validation_fraction': 0.5089019968515849}]
function_evaluation time 0.268502 value -0.661823 suggestion {'alpha': 6.766496164885908, 'batch_size': 19, 'beta_1': 0.557076615472315, 'beta_2': 0.9999953015618601, 'epsilon': 4.335940931056664e-08, 'hidden_layer_sizes': 190, 'learning_rate_init': 0.052709196151883936, 'tol': 0.05613389894373451, 'validation_fraction': 0.5089019968515849}
observation time 0.000003, current best -0.661823 at iter 3
suggestion time taken 27.670976 iter 4 next_points [{'alpha': 0.1702039029100912, 'batch_size': 17, 'beta_1': 0.9215967271205902, 'beta_2': 0.9998350634135115, 'epsilon': 1.080757278070657e-08, 'hidden_layer_sizes': 65, 'learning_rate_init': 2.604816862095169e-05, 'tol': 0.05184385457101054, 'validation_fraction': 0.2023880906510264}]
function_evaluation time 0.227146 value -0.359360 suggestion {'alpha': 0.1702039029100912, 'batch_size': 17, 'beta_1': 0.9215967271205902, 'beta_2': 0.9998350634135115, 'epsilon': 1.080757278070657e-08, 'hidden_layer_sizes': 65, 'learning_rate_init': 2.604816862095169e-05, 'tol': 0.05184385457101054, 'validation_fraction': 0.2023880906510264}
observation time 0.000002, current best -0.661823 at iter 4
suggestion time taken 25.598618 iter 5 next_points [{'alpha': 0.003517244316137712, 'batch_size': 13, 'beta_1': 0.9621584426123567, 'beta_2': 0.9999965060347193, 'epsilon': 7.09359216949269e-08, 'hidden_layer_sizes': 58, 'learning_rate_init': 0.00022179219220875814, 'tol': 2.0291670568637804e-05, 'validation_fraction': 0.18259993137763184}]
function_evaluation time 0.493022 value -0.491872 suggestion {'alpha': 0.003517244316137712, 'batch_size': 13, 'beta_1': 0.9621584426123567, 'beta_2': 0.9999965060347193, 'epsilon': 7.09359216949269e-08, 'hidden_layer_sizes': 58, 'learning_rate_init': 0.00022179219220875814, 'tol': 2.0291670568637804e-05, 'validation_fraction': 0.18259993137763184}
observation time 0.000004, current best -0.661823 at iter 5
suggestion time taken 25.283746 iter 6 next_points [{'alpha': 1.1513425012341945, 'batch_size': 10, 'beta_1': 0.6915871532900021, 'beta_2': 0.9999458669757331, 'epsilon': 1.2441715862658276e-07, 'hidden_layer_sizes': 113, 'learning_rate_init': 0.002574356565700998, 'tol': 0.005280667293661133, 'validation_fraction': 0.6914996268714114}]
function_evaluation time 0.397539 value -0.725862 suggestion {'alpha': 1.1513425012341945, 'batch_size': 10, 'beta_1': 0.6915871532900021, 'beta_2': 0.9999458669757331, 'epsilon': 1.2441715862658276e-07, 'hidden_layer_sizes': 113, 'learning_rate_init': 0.002574356565700998, 'tol': 0.005280667293661133, 'validation_fraction': 0.6914996268714114}
observation time 0.000007, current best -0.725862 at iter 6
suggestion time taken 25.308556 iter 7 next_points [{'alpha': 4.496785945448843e-05, 'batch_size': 13, 'beta_1': 0.9453699537971336, 'beta_2': 0.9758731315902076, 'epsilon': 5.034505216762085e-09, 'hidden_layer_sizes': 79, 'learning_rate_init': 0.051717231753239265, 'tol': 0.0019070850313040056, 'validation_fraction': 0.34624934086735454}]
function_evaluation time 0.371263 value -0.718966 suggestion {'alpha': 4.496785945448843e-05, 'batch_size': 13, 'beta_1': 0.9453699537971336, 'beta_2': 0.9758731315902076, 'epsilon': 5.034505216762085e-09, 'hidden_layer_sizes': 79, 'learning_rate_init': 0.051717231753239265, 'tol': 0.0019070850313040056, 'validation_fraction': 0.34624934086735454}
observation time 0.000002, current best -0.725862 at iter 7
suggestion time taken 23.969207 iter 8 next_points [{'alpha': 0.1315160736804866, 'batch_size': 32, 'beta_1': 0.9860769765954726, 'beta_2': 0.9742189047785534, 'epsilon': 8.789564499623484e-09, 'hidden_layer_sizes': 129, 'learning_rate_init': 0.007772820080058258, 'tol': 0.005630749614236563, 'validation_fraction': 0.24219023245273713}]
function_evaluation time 0.369855 value -0.739901 suggestion {'alpha': 0.1315160736804866, 'batch_size': 32, 'beta_1': 0.9860769765954726, 'beta_2': 0.9742189047785534, 'epsilon': 8.789564499623484e-09, 'hidden_layer_sizes': 129, 'learning_rate_init': 0.007772820080058258, 'tol': 0.005630749614236563, 'validation_fraction': 0.24219023245273713}
observation time 0.000003, current best -0.739901 at iter 8
suggestion time taken 24.093873 iter 9 next_points [{'alpha': 0.0008545289946269354, 'batch_size': 32, 'beta_1': 0.768086381138265, 'beta_2': 0.9131841336818889, 'epsilon': 1.5010037335718126e-08, 'hidden_layer_sizes': 85, 'learning_rate_init': 0.00023937966555167902, 'tol': 0.06766296069618423, 'validation_fraction': 0.24811067322809185}]
function_evaluation time 0.197165 value -0.345074 suggestion {'alpha': 0.0008545289946269354, 'batch_size': 32, 'beta_1': 0.768086381138265, 'beta_2': 0.9131841336818889, 'epsilon': 1.5010037335718126e-08, 'hidden_layer_sizes': 85, 'learning_rate_init': 0.00023937966555167902, 'tol': 0.06766296069618423, 'validation_fraction': 0.24811067322809185}
observation time 0.000002, current best -0.739901 at iter 9
suggestion time taken 23.719128 iter 10 next_points [{'alpha': 0.00012773993678253935, 'batch_size': 13, 'beta_1': 0.9803832975922884, 'beta_2': 0.999989233344234, 'epsilon': 5.984789491128544e-07, 'hidden_layer_sizes': 147, 'learning_rate_init': 0.017420208712463192, 'tol': 0.0002761512392162065, 'validation_fraction': 0.5240080819022019}]
function_evaluation time 0.499868 value -0.782266 suggestion {'alpha': 0.00012773993678253935, 'batch_size': 13, 'beta_1': 0.9803832975922884, 'beta_2': 0.999989233344234, 'epsilon': 5.984789491128544e-07, 'hidden_layer_sizes': 147, 'learning_rate_init': 0.017420208712463192, 'tol': 0.0002761512392162065, 'validation_fraction': 0.5240080819022019}
observation time 0.000010, current best -0.782266 at iter 10
suggestion time taken 24.465176 iter 11 next_points [{'alpha': 3.531193775185425, 'batch_size': 15, 'beta_1': 0.91588486869584, 'beta_2': 0.999316550683015, 'epsilon': 2.3248046136412018e-08, 'hidden_layer_sizes': 166, 'learning_rate_init': 0.0028428765617852336, 'tol': 1.8245963944243317e-05, 'validation_fraction': 0.6167900465580344}]
function_evaluation time 0.523694 value -0.852217 suggestion {'alpha': 3.531193775185425, 'batch_size': 15, 'beta_1': 0.91588486869584, 'beta_2': 0.999316550683015, 'epsilon': 2.3248046136412018e-08, 'hidden_layer_sizes': 166, 'learning_rate_init': 0.0028428765617852336, 'tol': 1.8245963944243317e-05, 'validation_fraction': 0.6167900465580344}
observation time 0.000003, current best -0.852217 at iter 11
suggestion time taken 23.481008 iter 12 next_points [{'alpha': 0.007419671014414188, 'batch_size': 22, 'beta_1': 0.9332618980938459, 'beta_2': 0.9999060801000904, 'epsilon': 1.575605677459701e-08, 'hidden_layer_sizes': 165, 'learning_rate_init': 2.8904937990132878e-05, 'tol': 0.018663287544517328, 'validation_fraction': 0.6643342733197716}]
function_evaluation time 0.161017 value -0.388424 suggestion {'alpha': 0.007419671014414188, 'batch_size': 22, 'beta_1': 0.9332618980938459, 'beta_2': 0.9999060801000904, 'epsilon': 1.575605677459701e-08, 'hidden_layer_sizes': 165, 'learning_rate_init': 2.8904937990132878e-05, 'tol': 0.018663287544517328, 'validation_fraction': 0.6643342733197716}
observation time 0.000002, current best -0.852217 at iter 12
suggestion time taken 23.758602 iter 13 next_points [{'alpha': 0.5891862054782384, 'batch_size': 13, 'beta_1': 0.7565772609829645, 'beta_2': 0.9998671166486797, 'epsilon': 9.516010539127856e-09, 'hidden_layer_sizes': 82, 'learning_rate_init': 0.0011092058071897294, 'tol': 0.0018066462134918332, 'validation_fraction': 0.4486646954137317}]
function_evaluation time 0.495986 value -0.803695 suggestion {'alpha': 0.5891862054782384, 'batch_size': 13, 'beta_1': 0.7565772609829645, 'beta_2': 0.9998671166486797, 'epsilon': 9.516010539127856e-09, 'hidden_layer_sizes': 82, 'learning_rate_init': 0.0011092058071897294, 'tol': 0.0018066462134918332, 'validation_fraction': 0.4486646954137317}
observation time 0.000002, current best -0.852217 at iter 13
suggestion time taken 23.910670 iter 14 next_points [{'alpha': 0.22913793402174282, 'batch_size': 30, 'beta_1': 0.8689125109806816, 'beta_2': 0.9999957262004089, 'epsilon': 2.3583329838588365e-09, 'hidden_layer_sizes': 71, 'learning_rate_init': 2.9340620218023793e-05, 'tol': 0.024607789322573813, 'validation_fraction': 0.6493813108162056}]
function_evaluation time 0.122224 value -0.288424 suggestion {'alpha': 0.22913793402174282, 'batch_size': 30, 'beta_1': 0.8689125109806816, 'beta_2': 0.9999957262004089, 'epsilon': 2.3583329838588365e-09, 'hidden_layer_sizes': 71, 'learning_rate_init': 2.9340620218023793e-05, 'tol': 0.024607789322573813, 'validation_fraction': 0.6493813108162056}
observation time 0.000003, current best -0.852217 at iter 14
saving meta data: {'args': {'--uuid': '7d53fa097ce25098a19ab1a01c482953', '-db-root': '/home/ryedida/smoothness-hpo/bbo_challenge_starter_kit/output', '--opt-root': '/home/ryedida/smoothness-hpo/bbo_challenge_starter_kit/example_submissions', '--data-root': None, '--db': 'run_20240114_032559', '--opt': 'stcvx', '--data': 'wine', '--classifier': 'MLP-adam', '--metric': 'acc', '--calls': 15, '--suggestions': 1, '--jobs-file': None, '--verbose': False, 'dry_run': False, 'rev': 'a376313', 'opt_rev': 'x.x.x'}, 'signature': ([{'alpha': 0.019628224813442792, 'batch_size': 182, 'beta_1': 0.9410202200271762, 'beta_2': 0.9998021557676793, 'epsilon': 1.8662266976518e-08, 'hidden_layer_sizes': 147, 'learning_rate_init': 0.0005627932047415167, 'tol': 0.03690557729213761, 'validation_fraction': 0.8846827852548593}, {'alpha': 0.0019982467392329444, 'batch_size': 200, 'beta_1': 0.919111482530466, 'beta_2': 0.9998488260436156, 'epsilon': 5.981221901152555e-07, 'hidden_layer_sizes': 61, 'learning_rate_init': 2.2310905607443014e-05, 'tol': 1.2046852412030316e-05, 'validation_fraction': 0.8117896445826539}, {'alpha': 0.46659545670218433, 'batch_size': 219, 'beta_1': 0.9889789783750891, 'beta_2': 0.9999896868093284, 'epsilon': 2.4234724484675948e-08, 'hidden_layer_sizes': 167, 'learning_rate_init': 2.972334644335654e-05, 'tol': 0.0036281404040243792, 'validation_fraction': 0.17260651658522078}, {'alpha': 4.656005689076002, 'batch_size': 135, 'beta_1': 0.870503881627747, 'beta_2': 0.9948873266941017, 'epsilon': 2.1023308743480125e-07, 'hidden_layer_sizes': 118, 'learning_rate_init': 0.0018781738757161913, 'tol': 1.1889379831773004e-05, 'validation_fraction': 0.6264327093752792}, {'alpha': 0.04705159350400542, 'batch_size': 158, 'beta_1': 0.9870884262730957, 'beta_2': 0.9999596874382349, 'epsilon': 1.1981845126013875e-08, 'hidden_layer_sizes': 116, 'learning_rate_init': 0.00617340520407431, 'tol': 1.741413418158619e-05, 'validation_fraction': 0.6754299026638921}], [-0.4359605911330049, -0.3169950738916256, -0.3312807881773399, -0.6620689655172413, -0.5017241379310344])}
saving results
saving timing
saving suggest log
done
