running: {'--uuid': 'd3162fd930f455f5a5bfee84b4c49a39', '-db-root': '/home/ryedida/smoothness-hpo/bbo_challenge_starter_kit/output', '--opt-root': '/home/ryedida/smoothness-hpo/bbo_challenge_starter_kit/example_submissions', '--data-root': None, '--db': 'run_20240114_032559', '--opt': 'random', '--data': 'wine', '--classifier': 'MLP-adam', '--metric': 'acc', '--calls': 15, '--suggestions': 1, '--jobs-file': None, '--verbose': False, 'dry_run': False, 'rev': 'a376313', 'opt_rev': '0.0.8'}
cmd: python /home/ryedida/.local/bin/bayesmark-exp -c MLP-adam -d wine -o random -u d3162fd930f455f5a5bfee84b4c49a39 -m acc -n 15 -p 1 -dir /home/ryedida/smoothness-hpo/bbo_challenge_starter_kit/output -b run_20240114_032559
/home/ryedida/.local/lib/python3.8/site-packages/sklearn/neural_network/_multilayer_perceptron.py:603: UserWarning: Got `batch_size` less than 1 or larger than sample size. It is going to be clipped
  warnings.warn(

/home/ryedida/.local/lib/python3.8/site-packages/sklearn/neural_network/_multilayer_perceptron.py:603: UserWarning: Got `batch_size` less than 1 or larger than sample size. It is going to be clipped
  warnings.warn(

/home/ryedida/.local/lib/python3.8/site-packages/sklearn/neural_network/_multilayer_perceptron.py:603: UserWarning: Got `batch_size` less than 1 or larger than sample size. It is going to be clipped
  warnings.warn(

/home/ryedida/.local/lib/python3.8/site-packages/sklearn/neural_network/_multilayer_perceptron.py:603: UserWarning: Got `batch_size` less than 1 or larger than sample size. It is going to be clipped
  warnings.warn(

/home/ryedida/.local/lib/python3.8/site-packages/sklearn/neural_network/_multilayer_perceptron.py:603: UserWarning: Got `batch_size` less than 1 or larger than sample size. It is going to be clipped
  warnings.warn(

computed signature: ([{'alpha': 0.019628224813442792, 'batch_size': 182, 'beta_1': 0.9410202200271762, 'beta_2': 0.9998021557676793, 'epsilon': 1.8662266976518e-08, 'hidden_layer_sizes': 147, 'learning_rate_init': 0.0005627932047415167, 'tol': 0.03690557729213761, 'validation_fraction': 0.8846827852548593}, {'alpha': 0.0019982467392329444, 'batch_size': 200, 'beta_1': 0.919111482530466, 'beta_2': 0.9998488260436156, 'epsilon': 5.981221901152555e-07, 'hidden_layer_sizes': 61, 'learning_rate_init': 2.2310905607443014e-05, 'tol': 1.2046852412030316e-05, 'validation_fraction': 0.8117896445826539}, {'alpha': 0.46659545670218433, 'batch_size': 219, 'beta_1': 0.9889789783750891, 'beta_2': 0.9999896868093284, 'epsilon': 2.4234724484675948e-08, 'hidden_layer_sizes': 167, 'learning_rate_init': 2.972334644335654e-05, 'tol': 0.0036281404040243792, 'validation_fraction': 0.17260651658522078}, {'alpha': 4.656005689076002, 'batch_size': 135, 'beta_1': 0.870503881627747, 'beta_2': 0.9948873266941017, 'epsilon': 2.1023308743480125e-07, 'hidden_layer_sizes': 118, 'learning_rate_init': 0.0018781738757161913, 'tol': 1.1889379831773004e-05, 'validation_fraction': 0.6264327093752792}, {'alpha': 0.04705159350400542, 'batch_size': 158, 'beta_1': 0.9870884262730957, 'beta_2': 0.9999596874382349, 'epsilon': 1.1981845126013875e-08, 'hidden_layer_sizes': 116, 'learning_rate_init': 0.00617340520407431, 'tol': 1.741413418158619e-05, 'validation_fraction': 0.6754299026638921}], [-0.4359605911330049, -0.3169950738916256, -0.3312807881773399, -0.6620689655172413, -0.5017241379310344])
/home/ryedida/.local/lib/python3.8/site-packages/bayesmark/experiment.py:469: UserWarning: Baselines not found. Will not log intermediate scores.
  warnings.warn("Baselines not found. Will not log intermediate scores.")

starting sklearn study random MLP-adam wine acc 15 1
with data root: None
suggestion time taken 0.003260 iter 0 next_points [{'alpha': 0.6799275775840617, 'batch_size': 170, 'beta_1': 0.8139673156213127, 'beta_2': 0.9012440745288989, 'epsilon': 7.936617218480537e-08, 'hidden_layer_sizes': 68, 'learning_rate_init': 9.144108114435677e-05, 'tol': 0.027104711515978774, 'validation_fraction': 0.5627151790427306}]
/home/ryedida/.local/lib/python3.8/site-packages/sklearn/neural_network/_multilayer_perceptron.py:603: UserWarning: Got `batch_size` less than 1 or larger than sample size. It is going to be clipped
  warnings.warn(

function_evaluation time 0.089288 value -0.359852 suggestion {'alpha': 0.6799275775840617, 'batch_size': 170, 'beta_1': 0.8139673156213127, 'beta_2': 0.9012440745288989, 'epsilon': 7.936617218480537e-08, 'hidden_layer_sizes': 68, 'learning_rate_init': 9.144108114435677e-05, 'tol': 0.027104711515978774, 'validation_fraction': 0.5627151790427306}
observation time 0.000002, current best -0.359852 at iter 0
suggestion time taken 0.003277 iter 1 next_points [{'alpha': 0.01277551365748433, 'batch_size': 60, 'beta_1': 0.9828365029064017, 'beta_2': 0.9958038325737856, 'epsilon': 1.3361932297682966e-07, 'hidden_layer_sizes': 158, 'learning_rate_init': 0.00512517931009704, 'tol': 0.015076294614526546, 'validation_fraction': 0.17275332596630935}]
function_evaluation time 0.283627 value -0.576108 suggestion {'alpha': 0.01277551365748433, 'batch_size': 60, 'beta_1': 0.9828365029064017, 'beta_2': 0.9958038325737856, 'epsilon': 1.3361932297682966e-07, 'hidden_layer_sizes': 158, 'learning_rate_init': 0.00512517931009704, 'tol': 0.015076294614526546, 'validation_fraction': 0.17275332596630935}
observation time 0.000001, current best -0.576108 at iter 1
suggestion time taken 0.003323 iter 2 next_points [{'alpha': 0.0022125057116890072, 'batch_size': 168, 'beta_1': 0.7392317408061828, 'beta_2': 0.999945130676424, 'epsilon': 1.407479230818619e-07, 'hidden_layer_sizes': 66, 'learning_rate_init': 0.0003893505357189702, 'tol': 0.0010302582628635268, 'validation_fraction': 0.10677315776547061}]
/home/ryedida/.local/lib/python3.8/site-packages/sklearn/neural_network/_multilayer_perceptron.py:603: UserWarning: Got `batch_size` less than 1 or larger than sample size. It is going to be clipped
  warnings.warn(

function_evaluation time 0.104775 value -0.388424 suggestion {'alpha': 0.0022125057116890072, 'batch_size': 168, 'beta_1': 0.7392317408061828, 'beta_2': 0.999945130676424, 'epsilon': 1.407479230818619e-07, 'hidden_layer_sizes': 66, 'learning_rate_init': 0.0003893505357189702, 'tol': 0.0010302582628635268, 'validation_fraction': 0.10677315776547061}
observation time 0.000001, current best -0.576108 at iter 2
suggestion time taken 0.003308 iter 3 next_points [{'alpha': 6.801592039016131, 'batch_size': 26, 'beta_1': 0.953999193245825, 'beta_2': 0.9181292145149454, 'epsilon': 6.935749379774531e-08, 'hidden_layer_sizes': 136, 'learning_rate_init': 1.435136232646458e-05, 'tol': 0.00013451103097311998, 'validation_fraction': 0.6700170129572456}]
function_evaluation time 0.120394 value -0.344581 suggestion {'alpha': 6.801592039016131, 'batch_size': 26, 'beta_1': 0.953999193245825, 'beta_2': 0.9181292145149454, 'epsilon': 6.935749379774531e-08, 'hidden_layer_sizes': 136, 'learning_rate_init': 1.435136232646458e-05, 'tol': 0.00013451103097311998, 'validation_fraction': 0.6700170129572456}
observation time 0.000001, current best -0.576108 at iter 3
suggestion time taken 0.003304 iter 4 next_points [{'alpha': 0.00010177132952428751, 'batch_size': 160, 'beta_1': 0.9878489176351424, 'beta_2': 0.9998947476280199, 'epsilon': 1.077618017600653e-08, 'hidden_layer_sizes': 155, 'learning_rate_init': 5.0961777764960734e-05, 'tol': 0.017282955004158333, 'validation_fraction': 0.6390909703943923}]
/home/ryedida/.local/lib/python3.8/site-packages/sklearn/neural_network/_multilayer_perceptron.py:603: UserWarning: Got `batch_size` less than 1 or larger than sample size. It is going to be clipped
  warnings.warn(

function_evaluation time 0.094354 value -0.395074 suggestion {'alpha': 0.00010177132952428751, 'batch_size': 160, 'beta_1': 0.9878489176351424, 'beta_2': 0.9998947476280199, 'epsilon': 1.077618017600653e-08, 'hidden_layer_sizes': 155, 'learning_rate_init': 5.0961777764960734e-05, 'tol': 0.017282955004158333, 'validation_fraction': 0.6390909703943923}
observation time 0.000001, current best -0.576108 at iter 4
suggestion time taken 0.003255 iter 5 next_points [{'alpha': 0.023219572180431133, 'batch_size': 107, 'beta_1': 0.8529954098570403, 'beta_2': 0.9846986835850845, 'epsilon': 3.136400858159827e-08, 'hidden_layer_sizes': 116, 'learning_rate_init': 0.017027595823535288, 'tol': 1.2971803980724826e-05, 'validation_fraction': 0.7145667575108982}]
/home/ryedida/.local/lib/python3.8/site-packages/sklearn/neural_network/_multilayer_perceptron.py:603: UserWarning: Got `batch_size` less than 1 or larger than sample size. It is going to be clipped
  warnings.warn(

function_evaluation time 0.333100 value -0.781527 suggestion {'alpha': 0.023219572180431133, 'batch_size': 107, 'beta_1': 0.8529954098570403, 'beta_2': 0.9846986835850845, 'epsilon': 3.136400858159827e-08, 'hidden_layer_sizes': 116, 'learning_rate_init': 0.017027595823535288, 'tol': 1.2971803980724826e-05, 'validation_fraction': 0.7145667575108982}
observation time 0.000011, current best -0.781527 at iter 5
suggestion time taken 0.003993 iter 6 next_points [{'alpha': 0.00012760916626960842, 'batch_size': 81, 'beta_1': 0.9118545704246512, 'beta_2': 0.9995552049087717, 'epsilon': 3.778951163688304e-09, 'hidden_layer_sizes': 167, 'learning_rate_init': 0.0007365544530009559, 'tol': 3.092678870518366e-05, 'validation_fraction': 0.12396323107594628}]
function_evaluation time 0.214617 value -0.436453 suggestion {'alpha': 0.00012760916626960842, 'batch_size': 81, 'beta_1': 0.9118545704246512, 'beta_2': 0.9995552049087717, 'epsilon': 3.778951163688304e-09, 'hidden_layer_sizes': 167, 'learning_rate_init': 0.0007365544530009559, 'tol': 3.092678870518366e-05, 'validation_fraction': 0.12396323107594628}
observation time 0.000002, current best -0.781527 at iter 6
suggestion time taken 0.003253 iter 7 next_points [{'alpha': 0.0003232028011509256, 'batch_size': 91, 'beta_1': 0.8163924922482318, 'beta_2': 0.9958829999190641, 'epsilon': 2.1260914438783336e-08, 'hidden_layer_sizes': 150, 'learning_rate_init': 0.005237576305970297, 'tol': 0.01213144562502925, 'validation_fraction': 0.5455505897171664}]
/home/ryedida/.local/lib/python3.8/site-packages/sklearn/neural_network/_multilayer_perceptron.py:603: UserWarning: Got `batch_size` less than 1 or larger than sample size. It is going to be clipped
  warnings.warn(

function_evaluation time 0.229709 value -0.612562 suggestion {'alpha': 0.0003232028011509256, 'batch_size': 91, 'beta_1': 0.8163924922482318, 'beta_2': 0.9958829999190641, 'epsilon': 2.1260914438783336e-08, 'hidden_layer_sizes': 150, 'learning_rate_init': 0.005237576305970297, 'tol': 0.01213144562502925, 'validation_fraction': 0.5455505897171664}
observation time 0.000001, current best -0.781527 at iter 7
suggestion time taken 0.003266 iter 8 next_points [{'alpha': 3.759636666693385, 'batch_size': 19, 'beta_1': 0.7714278118672212, 'beta_2': 0.9999502039323483, 'epsilon': 2.0296086458961993e-08, 'hidden_layer_sizes': 147, 'learning_rate_init': 0.004335951330299266, 'tol': 0.005459297211452264, 'validation_fraction': 0.36111903897910863}]
function_evaluation time 0.425205 value -0.845074 suggestion {'alpha': 3.759636666693385, 'batch_size': 19, 'beta_1': 0.7714278118672212, 'beta_2': 0.9999502039323483, 'epsilon': 2.0296086458961993e-08, 'hidden_layer_sizes': 147, 'learning_rate_init': 0.004335951330299266, 'tol': 0.005459297211452264, 'validation_fraction': 0.36111903897910863}
observation time 0.000001, current best -0.845074 at iter 8
suggestion time taken 0.003314 iter 9 next_points [{'alpha': 0.19617226765911874, 'batch_size': 26, 'beta_1': 0.9563939769460816, 'beta_2': 0.9999979918350661, 'epsilon': 2.04818429943216e-07, 'hidden_layer_sizes': 180, 'learning_rate_init': 0.0004544542699543586, 'tol': 0.02519489954669648, 'validation_fraction': 0.5902158079896117}]
function_evaluation time 0.165315 value -0.536700 suggestion {'alpha': 0.19617226765911874, 'batch_size': 26, 'beta_1': 0.9563939769460816, 'beta_2': 0.9999979918350661, 'epsilon': 2.04818429943216e-07, 'hidden_layer_sizes': 180, 'learning_rate_init': 0.0004544542699543586, 'tol': 0.02519489954669648, 'validation_fraction': 0.5902158079896117}
observation time 0.000001, current best -0.845074 at iter 9
suggestion time taken 0.003270 iter 10 next_points [{'alpha': 0.03111182510157164, 'batch_size': 48, 'beta_1': 0.8263925742115762, 'beta_2': 0.9957372497748022, 'epsilon': 3.810424671907208e-09, 'hidden_layer_sizes': 135, 'learning_rate_init': 1.4545614367552522e-05, 'tol': 0.0016906374933328588, 'validation_fraction': 0.4986542152213956}]
function_evaluation time 0.121484 value -0.330296 suggestion {'alpha': 0.03111182510157164, 'batch_size': 48, 'beta_1': 0.8263925742115762, 'beta_2': 0.9957372497748022, 'epsilon': 3.810424671907208e-09, 'hidden_layer_sizes': 135, 'learning_rate_init': 1.4545614367552522e-05, 'tol': 0.0016906374933328588, 'validation_fraction': 0.4986542152213956}
observation time 0.000001, current best -0.845074 at iter 10
suggestion time taken 0.003266 iter 11 next_points [{'alpha': 0.1935877673610783, 'batch_size': 35, 'beta_1': 0.9893438435554176, 'beta_2': 0.9890662966222854, 'epsilon': 3.717207231216839e-09, 'hidden_layer_sizes': 136, 'learning_rate_init': 1.8567867880749926e-05, 'tol': 0.012794478153442234, 'validation_fraction': 0.7857754768491614}]
/home/ryedida/.local/lib/python3.8/site-packages/sklearn/neural_network/_multilayer_perceptron.py:603: UserWarning: Got `batch_size` less than 1 or larger than sample size. It is going to be clipped
  warnings.warn(

function_evaluation time 0.099728 value -0.374138 suggestion {'alpha': 0.1935877673610783, 'batch_size': 35, 'beta_1': 0.9893438435554176, 'beta_2': 0.9890662966222854, 'epsilon': 3.717207231216839e-09, 'hidden_layer_sizes': 136, 'learning_rate_init': 1.8567867880749926e-05, 'tol': 0.012794478153442234, 'validation_fraction': 0.7857754768491614}
observation time 0.000001, current best -0.845074 at iter 11
suggestion time taken 0.003249 iter 12 next_points [{'alpha': 0.0021253969738057724, 'batch_size': 248, 'beta_1': 0.9689871747276283, 'beta_2': 0.9831953455663336, 'epsilon': 3.830923466899292e-09, 'hidden_layer_sizes': 114, 'learning_rate_init': 7.931208979256286e-05, 'tol': 0.017463149754088542, 'validation_fraction': 0.35867246626936716}]
/home/ryedida/.local/lib/python3.8/site-packages/sklearn/neural_network/_multilayer_perceptron.py:603: UserWarning: Got `batch_size` less than 1 or larger than sample size. It is going to be clipped
  warnings.warn(

function_evaluation time 0.122378 value -0.465764 suggestion {'alpha': 0.0021253969738057724, 'batch_size': 248, 'beta_1': 0.9689871747276283, 'beta_2': 0.9831953455663336, 'epsilon': 3.830923466899292e-09, 'hidden_layer_sizes': 114, 'learning_rate_init': 7.931208979256286e-05, 'tol': 0.017463149754088542, 'validation_fraction': 0.35867246626936716}
observation time 0.000001, current best -0.845074 at iter 12
suggestion time taken 0.003309 iter 13 next_points [{'alpha': 0.008826234471664456, 'batch_size': 248, 'beta_1': 0.9652519938838805, 'beta_2': 0.9999904911648594, 'epsilon': 3.3378645672479825e-08, 'hidden_layer_sizes': 127, 'learning_rate_init': 0.0013117291931690636, 'tol': 0.007805341672177098, 'validation_fraction': 0.41120415308831576}]
/home/ryedida/.local/lib/python3.8/site-packages/sklearn/neural_network/_multilayer_perceptron.py:603: UserWarning: Got `batch_size` less than 1 or larger than sample size. It is going to be clipped
  warnings.warn(

function_evaluation time 0.172014 value -0.592611 suggestion {'alpha': 0.008826234471664456, 'batch_size': 248, 'beta_1': 0.9652519938838805, 'beta_2': 0.9999904911648594, 'epsilon': 3.3378645672479825e-08, 'hidden_layer_sizes': 127, 'learning_rate_init': 0.0013117291931690636, 'tol': 0.007805341672177098, 'validation_fraction': 0.41120415308831576}
observation time 0.000001, current best -0.845074 at iter 13
suggestion time taken 0.003253 iter 14 next_points [{'alpha': 0.0007818149346731852, 'batch_size': 144, 'beta_1': 0.9817434489996101, 'beta_2': 0.9996990153420403, 'epsilon': 3.0464206280272727e-09, 'hidden_layer_sizes': 87, 'learning_rate_init': 0.015342656994761814, 'tol': 0.024853805162446445, 'validation_fraction': 0.2088569103647717}]
/home/ryedida/.local/lib/python3.8/site-packages/sklearn/neural_network/_multilayer_perceptron.py:603: UserWarning: Got `batch_size` less than 1 or larger than sample size. It is going to be clipped
  warnings.warn(

function_evaluation time 0.160900 value -0.521429 suggestion {'alpha': 0.0007818149346731852, 'batch_size': 144, 'beta_1': 0.9817434489996101, 'beta_2': 0.9996990153420403, 'epsilon': 3.0464206280272727e-09, 'hidden_layer_sizes': 87, 'learning_rate_init': 0.015342656994761814, 'tol': 0.024853805162446445, 'validation_fraction': 0.2088569103647717}
observation time 0.000001, current best -0.845074 at iter 14
saving meta data: {'args': {'--uuid': 'd3162fd930f455f5a5bfee84b4c49a39', '-db-root': '/home/ryedida/smoothness-hpo/bbo_challenge_starter_kit/output', '--opt-root': '/home/ryedida/smoothness-hpo/bbo_challenge_starter_kit/example_submissions', '--data-root': None, '--db': 'run_20240114_032559', '--opt': 'random', '--data': 'wine', '--classifier': 'MLP-adam', '--metric': 'acc', '--calls': 15, '--suggestions': 1, '--jobs-file': None, '--verbose': False, 'dry_run': False, 'rev': 'a376313', 'opt_rev': '0.0.8'}, 'signature': ([{'alpha': 0.019628224813442792, 'batch_size': 182, 'beta_1': 0.9410202200271762, 'beta_2': 0.9998021557676793, 'epsilon': 1.8662266976518e-08, 'hidden_layer_sizes': 147, 'learning_rate_init': 0.0005627932047415167, 'tol': 0.03690557729213761, 'validation_fraction': 0.8846827852548593}, {'alpha': 0.0019982467392329444, 'batch_size': 200, 'beta_1': 0.919111482530466, 'beta_2': 0.9998488260436156, 'epsilon': 5.981221901152555e-07, 'hidden_layer_sizes': 61, 'learning_rate_init': 2.2310905607443014e-05, 'tol': 1.2046852412030316e-05, 'validation_fraction': 0.8117896445826539}, {'alpha': 0.46659545670218433, 'batch_size': 219, 'beta_1': 0.9889789783750891, 'beta_2': 0.9999896868093284, 'epsilon': 2.4234724484675948e-08, 'hidden_layer_sizes': 167, 'learning_rate_init': 2.972334644335654e-05, 'tol': 0.0036281404040243792, 'validation_fraction': 0.17260651658522078}, {'alpha': 4.656005689076002, 'batch_size': 135, 'beta_1': 0.870503881627747, 'beta_2': 0.9948873266941017, 'epsilon': 2.1023308743480125e-07, 'hidden_layer_sizes': 118, 'learning_rate_init': 0.0018781738757161913, 'tol': 1.1889379831773004e-05, 'validation_fraction': 0.6264327093752792}, {'alpha': 0.04705159350400542, 'batch_size': 158, 'beta_1': 0.9870884262730957, 'beta_2': 0.9999596874382349, 'epsilon': 1.1981845126013875e-08, 'hidden_layer_sizes': 116, 'learning_rate_init': 0.00617340520407431, 'tol': 1.741413418158619e-05, 'validation_fraction': 0.6754299026638921}], [-0.4359605911330049, -0.3169950738916256, -0.3312807881773399, -0.6620689655172413, -0.5017241379310344])}
saving results
saving timing
saving suggest log
done
