running: {'--uuid': 'e94b325a8a415ea4805c8c116d52de2b', '-db-root': '/home/ryedida/smoothness-hpo/bbo_challenge_starter_kit/output', '--opt-root': '/home/ryedida/smoothness-hpo/bbo_challenge_starter_kit/example_submissions', '--data-root': None, '--db': 'run_20240114_032559', '--opt': 'random', '--data': 'wine', '--classifier': 'MLP-adam', '--metric': 'acc', '--calls': 15, '--suggestions': 1, '--jobs-file': None, '--verbose': False, 'dry_run': False, 'rev': 'a376313', 'opt_rev': '0.0.8'}
cmd: python /home/ryedida/.local/bin/bayesmark-exp -c MLP-adam -d wine -o random -u e94b325a8a415ea4805c8c116d52de2b -m acc -n 15 -p 1 -dir /home/ryedida/smoothness-hpo/bbo_challenge_starter_kit/output -b run_20240114_032559
/home/ryedida/.local/lib/python3.8/site-packages/sklearn/neural_network/_multilayer_perceptron.py:603: UserWarning: Got `batch_size` less than 1 or larger than sample size. It is going to be clipped
  warnings.warn(

/home/ryedida/.local/lib/python3.8/site-packages/sklearn/neural_network/_multilayer_perceptron.py:603: UserWarning: Got `batch_size` less than 1 or larger than sample size. It is going to be clipped
  warnings.warn(

/home/ryedida/.local/lib/python3.8/site-packages/sklearn/neural_network/_multilayer_perceptron.py:603: UserWarning: Got `batch_size` less than 1 or larger than sample size. It is going to be clipped
  warnings.warn(

/home/ryedida/.local/lib/python3.8/site-packages/sklearn/neural_network/_multilayer_perceptron.py:603: UserWarning: Got `batch_size` less than 1 or larger than sample size. It is going to be clipped
  warnings.warn(

/home/ryedida/.local/lib/python3.8/site-packages/sklearn/neural_network/_multilayer_perceptron.py:603: UserWarning: Got `batch_size` less than 1 or larger than sample size. It is going to be clipped
  warnings.warn(

computed signature: ([{'alpha': 0.019628224813442792, 'batch_size': 182, 'beta_1': 0.9410202200271762, 'beta_2': 0.9998021557676793, 'epsilon': 1.8662266976518e-08, 'hidden_layer_sizes': 147, 'learning_rate_init': 0.0005627932047415167, 'tol': 0.03690557729213761, 'validation_fraction': 0.8846827852548593}, {'alpha': 0.0019982467392329444, 'batch_size': 200, 'beta_1': 0.919111482530466, 'beta_2': 0.9998488260436156, 'epsilon': 5.981221901152555e-07, 'hidden_layer_sizes': 61, 'learning_rate_init': 2.2310905607443014e-05, 'tol': 1.2046852412030316e-05, 'validation_fraction': 0.8117896445826539}, {'alpha': 0.46659545670218433, 'batch_size': 219, 'beta_1': 0.9889789783750891, 'beta_2': 0.9999896868093284, 'epsilon': 2.4234724484675948e-08, 'hidden_layer_sizes': 167, 'learning_rate_init': 2.972334644335654e-05, 'tol': 0.0036281404040243792, 'validation_fraction': 0.17260651658522078}, {'alpha': 4.656005689076002, 'batch_size': 135, 'beta_1': 0.870503881627747, 'beta_2': 0.9948873266941017, 'epsilon': 2.1023308743480125e-07, 'hidden_layer_sizes': 118, 'learning_rate_init': 0.0018781738757161913, 'tol': 1.1889379831773004e-05, 'validation_fraction': 0.6264327093752792}, {'alpha': 0.04705159350400542, 'batch_size': 158, 'beta_1': 0.9870884262730957, 'beta_2': 0.9999596874382349, 'epsilon': 1.1981845126013875e-08, 'hidden_layer_sizes': 116, 'learning_rate_init': 0.00617340520407431, 'tol': 1.741413418158619e-05, 'validation_fraction': 0.6754299026638921}], [-0.4359605911330049, -0.3169950738916256, -0.3312807881773399, -0.6620689655172413, -0.5017241379310344])
/home/ryedida/.local/lib/python3.8/site-packages/bayesmark/experiment.py:469: UserWarning: Baselines not found. Will not log intermediate scores.
  warnings.warn("Baselines not found. Will not log intermediate scores.")

starting sklearn study random MLP-adam wine acc 15 1
with data root: None
suggestion time taken 0.003351 iter 0 next_points [{'alpha': 0.0007374757011815294, 'batch_size': 173, 'beta_1': 0.9047132233302151, 'beta_2': 0.999982952311012, 'epsilon': 6.40242374566415e-07, 'hidden_layer_sizes': 85, 'learning_rate_init': 0.011215928248811298, 'tol': 0.07733236308708019, 'validation_fraction': 0.8925266915003192}]
/home/ryedida/.local/lib/python3.8/site-packages/sklearn/neural_network/_multilayer_perceptron.py:603: UserWarning: Got `batch_size` less than 1 or larger than sample size. It is going to be clipped
  warnings.warn(

function_evaluation time 0.115221 value -0.515025 suggestion {'alpha': 0.0007374757011815294, 'batch_size': 173, 'beta_1': 0.9047132233302151, 'beta_2': 0.999982952311012, 'epsilon': 6.40242374566415e-07, 'hidden_layer_sizes': 85, 'learning_rate_init': 0.011215928248811298, 'tol': 0.07733236308708019, 'validation_fraction': 0.8925266915003192}
observation time 0.000002, current best -0.515025 at iter 0
suggestion time taken 0.003394 iter 1 next_points [{'alpha': 0.0019437313581347267, 'batch_size': 142, 'beta_1': 0.9346638598989223, 'beta_2': 0.9999323273862689, 'epsilon': 4.34303339163601e-08, 'hidden_layer_sizes': 90, 'learning_rate_init': 0.0318315428277512, 'tol': 0.0018756922379758805, 'validation_fraction': 0.20252402964143248}]
/home/ryedida/.local/lib/python3.8/site-packages/sklearn/neural_network/_multilayer_perceptron.py:603: UserWarning: Got `batch_size` less than 1 or larger than sample size. It is going to be clipped
  warnings.warn(

function_evaluation time 0.204916 value -0.597044 suggestion {'alpha': 0.0019437313581347267, 'batch_size': 142, 'beta_1': 0.9346638598989223, 'beta_2': 0.9999323273862689, 'epsilon': 4.34303339163601e-08, 'hidden_layer_sizes': 90, 'learning_rate_init': 0.0318315428277512, 'tol': 0.0018756922379758805, 'validation_fraction': 0.20252402964143248}
observation time 0.000002, current best -0.597044 at iter 1
suggestion time taken 0.003377 iter 2 next_points [{'alpha': 0.0025352090379080843, 'batch_size': 209, 'beta_1': 0.953785765143981, 'beta_2': 0.9998917436617009, 'epsilon': 1.4692817328840704e-07, 'hidden_layer_sizes': 179, 'learning_rate_init': 0.021898345796100283, 'tol': 1.4495034167143411e-05, 'validation_fraction': 0.4204382214507081}]
/home/ryedida/.local/lib/python3.8/site-packages/sklearn/neural_network/_multilayer_perceptron.py:603: UserWarning: Got `batch_size` less than 1 or larger than sample size. It is going to be clipped
  warnings.warn(

function_evaluation time 0.213419 value -0.634236 suggestion {'alpha': 0.0025352090379080843, 'batch_size': 209, 'beta_1': 0.953785765143981, 'beta_2': 0.9998917436617009, 'epsilon': 1.4692817328840704e-07, 'hidden_layer_sizes': 179, 'learning_rate_init': 0.021898345796100283, 'tol': 1.4495034167143411e-05, 'validation_fraction': 0.4204382214507081}
observation time 0.000001, current best -0.634236 at iter 2
suggestion time taken 0.003354 iter 3 next_points [{'alpha': 0.0005005304842783313, 'batch_size': 83, 'beta_1': 0.8333487218610638, 'beta_2': 0.9999265431888941, 'epsilon': 5.411785886900364e-07, 'hidden_layer_sizes': 124, 'learning_rate_init': 0.001955295111185864, 'tol': 2.3117539855961298e-05, 'validation_fraction': 0.1938057011045067}]
function_evaluation time 0.246595 value -0.627833 suggestion {'alpha': 0.0005005304842783313, 'batch_size': 83, 'beta_1': 0.8333487218610638, 'beta_2': 0.9999265431888941, 'epsilon': 5.411785886900364e-07, 'hidden_layer_sizes': 124, 'learning_rate_init': 0.001955295111185864, 'tol': 2.3117539855961298e-05, 'validation_fraction': 0.1938057011045067}
observation time 0.000002, current best -0.634236 at iter 3
suggestion time taken 0.003382 iter 4 next_points [{'alpha': 0.17802038042426285, 'batch_size': 132, 'beta_1': 0.9136924876604758, 'beta_2': 0.9992387712536821, 'epsilon': 2.3504980959350262e-07, 'hidden_layer_sizes': 141, 'learning_rate_init': 0.0009229181794353303, 'tol': 0.0001912361252497489, 'validation_fraction': 0.6018697981153723}]
/home/ryedida/.local/lib/python3.8/site-packages/sklearn/neural_network/_multilayer_perceptron.py:603: UserWarning: Got `batch_size` less than 1 or larger than sample size. It is going to be clipped
  warnings.warn(

function_evaluation time 0.207604 value -0.484729 suggestion {'alpha': 0.17802038042426285, 'batch_size': 132, 'beta_1': 0.9136924876604758, 'beta_2': 0.9992387712536821, 'epsilon': 2.3504980959350262e-07, 'hidden_layer_sizes': 141, 'learning_rate_init': 0.0009229181794353303, 'tol': 0.0001912361252497489, 'validation_fraction': 0.6018697981153723}
observation time 0.000002, current best -0.634236 at iter 4
suggestion time taken 0.003296 iter 5 next_points [{'alpha': 1.3164504880109935e-05, 'batch_size': 232, 'beta_1': 0.9441522375964034, 'beta_2': 0.999118246607709, 'epsilon': 4.5108437214148874e-08, 'hidden_layer_sizes': 71, 'learning_rate_init': 0.0001701397312875795, 'tol': 0.0584696741272696, 'validation_fraction': 0.11578956431716753}]
/home/ryedida/.local/lib/python3.8/site-packages/sklearn/neural_network/_multilayer_perceptron.py:603: UserWarning: Got `batch_size` less than 1 or larger than sample size. It is going to be clipped
  warnings.warn(

function_evaluation time 0.089945 value -0.281281 suggestion {'alpha': 1.3164504880109935e-05, 'batch_size': 232, 'beta_1': 0.9441522375964034, 'beta_2': 0.999118246607709, 'epsilon': 4.5108437214148874e-08, 'hidden_layer_sizes': 71, 'learning_rate_init': 0.0001701397312875795, 'tol': 0.0584696741272696, 'validation_fraction': 0.11578956431716753}
observation time 0.000001, current best -0.634236 at iter 5
suggestion time taken 0.003315 iter 6 next_points [{'alpha': 0.013902670609731422, 'batch_size': 140, 'beta_1': 0.9501061277700309, 'beta_2': 0.9998615345414333, 'epsilon': 8.38362304070143e-08, 'hidden_layer_sizes': 77, 'learning_rate_init': 0.011621169308506254, 'tol': 0.010220446596600407, 'validation_fraction': 0.5735271324462153}]
/home/ryedida/.local/lib/python3.8/site-packages/sklearn/neural_network/_multilayer_perceptron.py:603: UserWarning: Got `batch_size` less than 1 or larger than sample size. It is going to be clipped
  warnings.warn(

function_evaluation time 0.236707 value -0.666502 suggestion {'alpha': 0.013902670609731422, 'batch_size': 140, 'beta_1': 0.9501061277700309, 'beta_2': 0.9998615345414333, 'epsilon': 8.38362304070143e-08, 'hidden_layer_sizes': 77, 'learning_rate_init': 0.011621169308506254, 'tol': 0.010220446596600407, 'validation_fraction': 0.5735271324462153}
observation time 0.000001, current best -0.666502 at iter 6
suggestion time taken 0.003321 iter 7 next_points [{'alpha': 0.41321709808445545, 'batch_size': 59, 'beta_1': 0.9634364479181107, 'beta_2': 0.9999945390135787, 'epsilon': 7.124042440973931e-08, 'hidden_layer_sizes': 129, 'learning_rate_init': 0.0005624364202070667, 'tol': 0.00012314717438167324, 'validation_fraction': 0.3308253920903705}]
function_evaluation time 0.194118 value -0.400739 suggestion {'alpha': 0.41321709808445545, 'batch_size': 59, 'beta_1': 0.9634364479181107, 'beta_2': 0.9999945390135787, 'epsilon': 7.124042440973931e-08, 'hidden_layer_sizes': 129, 'learning_rate_init': 0.0005624364202070667, 'tol': 0.00012314717438167324, 'validation_fraction': 0.3308253920903705}
observation time 0.000001, current best -0.666502 at iter 7
suggestion time taken 0.003341 iter 8 next_points [{'alpha': 0.00015263241826788437, 'batch_size': 156, 'beta_1': 0.9715608330699735, 'beta_2': 0.9642030690415059, 'epsilon': 3.61062454574094e-09, 'hidden_layer_sizes': 94, 'learning_rate_init': 0.07196521482724727, 'tol': 3.933441128795832e-05, 'validation_fraction': 0.5886704586766839}]
/home/ryedida/.local/lib/python3.8/site-packages/sklearn/neural_network/_multilayer_perceptron.py:603: UserWarning: Got `batch_size` less than 1 or larger than sample size. It is going to be clipped
  warnings.warn(

function_evaluation time 0.165684 value -0.627586 suggestion {'alpha': 0.00015263241826788437, 'batch_size': 156, 'beta_1': 0.9715608330699735, 'beta_2': 0.9642030690415059, 'epsilon': 3.61062454574094e-09, 'hidden_layer_sizes': 94, 'learning_rate_init': 0.07196521482724727, 'tol': 3.933441128795832e-05, 'validation_fraction': 0.5886704586766839}
observation time 0.000001, current best -0.666502 at iter 8
suggestion time taken 0.003325 iter 9 next_points [{'alpha': 0.30962970570992593, 'batch_size': 202, 'beta_1': 0.9679899487438173, 'beta_2': 0.998288458944827, 'epsilon': 1.2363024323401117e-08, 'hidden_layer_sizes': 135, 'learning_rate_init': 4.1542191207686426e-05, 'tol': 0.0006980387189383078, 'validation_fraction': 0.8814092678564153}]
/home/ryedida/.local/lib/python3.8/site-packages/sklearn/neural_network/_multilayer_perceptron.py:603: UserWarning: Got `batch_size` less than 1 or larger than sample size. It is going to be clipped
  warnings.warn(

function_evaluation time 0.089096 value -0.345074 suggestion {'alpha': 0.30962970570992593, 'batch_size': 202, 'beta_1': 0.9679899487438173, 'beta_2': 0.998288458944827, 'epsilon': 1.2363024323401117e-08, 'hidden_layer_sizes': 135, 'learning_rate_init': 4.1542191207686426e-05, 'tol': 0.0006980387189383078, 'validation_fraction': 0.8814092678564153}
observation time 0.000001, current best -0.666502 at iter 9
suggestion time taken 0.003340 iter 10 next_points [{'alpha': 0.008301144037814057, 'batch_size': 198, 'beta_1': 0.9609374932285918, 'beta_2': 0.9918264190429508, 'epsilon': 1.2995225132371898e-07, 'hidden_layer_sizes': 133, 'learning_rate_init': 0.003914723091207374, 'tol': 0.0008954486439026043, 'validation_fraction': 0.335087481220825}]
/home/ryedida/.local/lib/python3.8/site-packages/sklearn/neural_network/_multilayer_perceptron.py:603: UserWarning: Got `batch_size` less than 1 or larger than sample size. It is going to be clipped
  warnings.warn(

function_evaluation time 0.249161 value -0.649015 suggestion {'alpha': 0.008301144037814057, 'batch_size': 198, 'beta_1': 0.9609374932285918, 'beta_2': 0.9918264190429508, 'epsilon': 1.2995225132371898e-07, 'hidden_layer_sizes': 133, 'learning_rate_init': 0.003914723091207374, 'tol': 0.0008954486439026043, 'validation_fraction': 0.335087481220825}
observation time 0.000011, current best -0.666502 at iter 10
suggestion time taken 0.004048 iter 11 next_points [{'alpha': 0.0021497691663218393, 'batch_size': 48, 'beta_1': 0.8621908842539227, 'beta_2': 0.9399070884687505, 'epsilon': 3.5006181154191195e-08, 'hidden_layer_sizes': 80, 'learning_rate_init': 2.135194392513876e-05, 'tol': 7.000027325907487e-05, 'validation_fraction': 0.7966878381863061}]
/home/ryedida/.local/lib/python3.8/site-packages/sklearn/neural_network/_multilayer_perceptron.py:603: UserWarning: Got `batch_size` less than 1 or larger than sample size. It is going to be clipped
  warnings.warn(

function_evaluation time 0.089331 value -0.331281 suggestion {'alpha': 0.0021497691663218393, 'batch_size': 48, 'beta_1': 0.8621908842539227, 'beta_2': 0.9399070884687505, 'epsilon': 3.5006181154191195e-08, 'hidden_layer_sizes': 80, 'learning_rate_init': 2.135194392513876e-05, 'tol': 7.000027325907487e-05, 'validation_fraction': 0.7966878381863061}
observation time 0.000002, current best -0.666502 at iter 11
suggestion time taken 0.003320 iter 12 next_points [{'alpha': 0.0001632908073126505, 'batch_size': 123, 'beta_1': 0.96169784270141, 'beta_2': 0.9999777420184104, 'epsilon': 7.824040146667331e-08, 'hidden_layer_sizes': 91, 'learning_rate_init': 0.04915933054952868, 'tol': 5.02583155820481e-05, 'validation_fraction': 0.16066749767475172}]
/home/ryedida/.local/lib/python3.8/site-packages/sklearn/neural_network/_multilayer_perceptron.py:603: UserWarning: Got `batch_size` less than 1 or larger than sample size. It is going to be clipped
  warnings.warn(

function_evaluation time 0.139189 value -0.407882 suggestion {'alpha': 0.0001632908073126505, 'batch_size': 123, 'beta_1': 0.96169784270141, 'beta_2': 0.9999777420184104, 'epsilon': 7.824040146667331e-08, 'hidden_layer_sizes': 91, 'learning_rate_init': 0.04915933054952868, 'tol': 5.02583155820481e-05, 'validation_fraction': 0.16066749767475172}
observation time 0.000001, current best -0.666502 at iter 12
suggestion time taken 0.003322 iter 13 next_points [{'alpha': 1.8176964897333128, 'batch_size': 93, 'beta_1': 0.9549235827550149, 'beta_2': 0.9999910083697697, 'epsilon': 1.0178557883153355e-09, 'hidden_layer_sizes': 85, 'learning_rate_init': 0.0027834016560725587, 'tol': 1.1453277167733292e-05, 'validation_fraction': 0.205031771341788}]
function_evaluation time 0.229041 value -0.561576 suggestion {'alpha': 1.8176964897333128, 'batch_size': 93, 'beta_1': 0.9549235827550149, 'beta_2': 0.9999910083697697, 'epsilon': 1.0178557883153355e-09, 'hidden_layer_sizes': 85, 'learning_rate_init': 0.0027834016560725587, 'tol': 1.1453277167733292e-05, 'validation_fraction': 0.205031771341788}
observation time 0.000001, current best -0.666502 at iter 13
suggestion time taken 0.003311 iter 14 next_points [{'alpha': 0.31868532098511654, 'batch_size': 98, 'beta_1': 0.6255090076637698, 'beta_2': 0.9471333723770872, 'epsilon': 7.721652278705905e-07, 'hidden_layer_sizes': 122, 'learning_rate_init': 0.002354152078435953, 'tol': 0.00018605336926204747, 'validation_fraction': 0.4688884599439809}]
/home/ryedida/.local/lib/python3.8/site-packages/sklearn/neural_network/_multilayer_perceptron.py:603: UserWarning: Got `batch_size` less than 1 or larger than sample size. It is going to be clipped
  warnings.warn(

function_evaluation time 0.192943 value -0.554926 suggestion {'alpha': 0.31868532098511654, 'batch_size': 98, 'beta_1': 0.6255090076637698, 'beta_2': 0.9471333723770872, 'epsilon': 7.721652278705905e-07, 'hidden_layer_sizes': 122, 'learning_rate_init': 0.002354152078435953, 'tol': 0.00018605336926204747, 'validation_fraction': 0.4688884599439809}
observation time 0.000001, current best -0.666502 at iter 14
saving meta data: {'args': {'--uuid': 'e94b325a8a415ea4805c8c116d52de2b', '-db-root': '/home/ryedida/smoothness-hpo/bbo_challenge_starter_kit/output', '--opt-root': '/home/ryedida/smoothness-hpo/bbo_challenge_starter_kit/example_submissions', '--data-root': None, '--db': 'run_20240114_032559', '--opt': 'random', '--data': 'wine', '--classifier': 'MLP-adam', '--metric': 'acc', '--calls': 15, '--suggestions': 1, '--jobs-file': None, '--verbose': False, 'dry_run': False, 'rev': 'a376313', 'opt_rev': '0.0.8'}, 'signature': ([{'alpha': 0.019628224813442792, 'batch_size': 182, 'beta_1': 0.9410202200271762, 'beta_2': 0.9998021557676793, 'epsilon': 1.8662266976518e-08, 'hidden_layer_sizes': 147, 'learning_rate_init': 0.0005627932047415167, 'tol': 0.03690557729213761, 'validation_fraction': 0.8846827852548593}, {'alpha': 0.0019982467392329444, 'batch_size': 200, 'beta_1': 0.919111482530466, 'beta_2': 0.9998488260436156, 'epsilon': 5.981221901152555e-07, 'hidden_layer_sizes': 61, 'learning_rate_init': 2.2310905607443014e-05, 'tol': 1.2046852412030316e-05, 'validation_fraction': 0.8117896445826539}, {'alpha': 0.46659545670218433, 'batch_size': 219, 'beta_1': 0.9889789783750891, 'beta_2': 0.9999896868093284, 'epsilon': 2.4234724484675948e-08, 'hidden_layer_sizes': 167, 'learning_rate_init': 2.972334644335654e-05, 'tol': 0.0036281404040243792, 'validation_fraction': 0.17260651658522078}, {'alpha': 4.656005689076002, 'batch_size': 135, 'beta_1': 0.870503881627747, 'beta_2': 0.9948873266941017, 'epsilon': 2.1023308743480125e-07, 'hidden_layer_sizes': 118, 'learning_rate_init': 0.0018781738757161913, 'tol': 1.1889379831773004e-05, 'validation_fraction': 0.6264327093752792}, {'alpha': 0.04705159350400542, 'batch_size': 158, 'beta_1': 0.9870884262730957, 'beta_2': 0.9999596874382349, 'epsilon': 1.1981845126013875e-08, 'hidden_layer_sizes': 116, 'learning_rate_init': 0.00617340520407431, 'tol': 1.741413418158619e-05, 'validation_fraction': 0.6754299026638921}], [-0.4359605911330049, -0.3169950738916256, -0.3312807881773399, -0.6620689655172413, -0.5017241379310344])}
saving results
saving timing
saving suggest log
done
